experiments/20171219-164322
__________________________________________________________________________________________________
Layer (type)                    Output Shape         Param #     Connected to                     
==================================================================================================
Discriminator_Input (InputLayer (None, 15, 38)       0                                            
__________________________________________________________________________________________________
discr_conv0 (Conv1D)            (None, 15, 20)       1540        Discriminator_Input[0][0]        
__________________________________________________________________________________________________
discr_conv1 (Conv1D)            (None, 15, 10)       1150        Discriminator_Input[0][0]        
__________________________________________________________________________________________________
batch_normalization_1 (BatchNor (None, 15, 20)       80          discr_conv0[0][0]                
__________________________________________________________________________________________________
batch_normalization_2 (BatchNor (None, 15, 10)       40          discr_conv1[0][0]                
__________________________________________________________________________________________________
leaky_re_lu_1 (LeakyReLU)       (None, 15, 20)       0           batch_normalization_1[0][0]      
__________________________________________________________________________________________________
leaky_re_lu_2 (LeakyReLU)       (None, 15, 10)       0           batch_normalization_2[0][0]      
__________________________________________________________________________________________________
discr_dropout0 (Dropout)        (None, 15, 20)       0           leaky_re_lu_1[0][0]              
__________________________________________________________________________________________________
discr_dropout1 (Dropout)        (None, 15, 10)       0           leaky_re_lu_2[0][0]              
__________________________________________________________________________________________________
average_pooling1d_1 (AveragePoo (None, 7, 20)        0           discr_dropout0[0][0]             
__________________________________________________________________________________________________
average_pooling1d_2 (AveragePoo (None, 7, 10)        0           discr_dropout1[0][0]             
__________________________________________________________________________________________________
concatenate_1 (Concatenate)     (None, 7, 30)        0           average_pooling1d_1[0][0]        
                                                                 average_pooling1d_2[0][0]        
__________________________________________________________________________________________________
lstm_1 (LSTM)                   (None, 20)           4080        concatenate_1[0][0]              
__________________________________________________________________________________________________
dense_1 (Dense)                 (None, 1)            21          lstm_1[0][0]                     
==================================================================================================
Total params: 6,911
Trainable params: 6,851
Non-trainable params: 60
__________________________________________________________________________________________________
__________________________________________________________________________________________________
Layer (type)                    Output Shape         Param #     Connected to                     
==================================================================================================
Generator_Input (InputLayer)    (None, 20)           0                                            
__________________________________________________________________________________________________
gen_repeate_vec (RepeatVector)  (None, 15, 20)       0           Generator_Input[0][0]            
__________________________________________________________________________________________________
gen_LSTM (LSTM)                 (None, 15, 38)       8968        gen_repeate_vec[0][0]            
__________________________________________________________________________________________________
dropout_1 (Dropout)             (None, 15, 38)       0           gen_LSTM[0][0]                   
__________________________________________________________________________________________________
gen_conv0 (Conv1D)              (None, 15, 20)       1540        dropout_1[0][0]                  
__________________________________________________________________________________________________
gen_conv1 (Conv1D)              (None, 15, 10)       1150        dropout_1[0][0]                  
__________________________________________________________________________________________________
leaky_re_lu_3 (LeakyReLU)       (None, 15, 20)       0           gen_conv0[0][0]                  
__________________________________________________________________________________________________
leaky_re_lu_4 (LeakyReLU)       (None, 15, 10)       0           gen_conv1[0][0]                  
__________________________________________________________________________________________________
gen_dropout0 (Dropout)          (None, 15, 20)       0           leaky_re_lu_3[0][0]              
__________________________________________________________________________________________________
gen_dropout1 (Dropout)          (None, 15, 10)       0           leaky_re_lu_4[0][0]              
__________________________________________________________________________________________________
concatenate_2 (Concatenate)     (None, 15, 30)       0           gen_dropout0[0][0]               
                                                                 gen_dropout1[0][0]               
__________________________________________________________________________________________________
decoder_end (TimeDistributed)   (None, 15, 38)       1178        concatenate_2[0][0]              
==================================================================================================
Total params: 12,836
Trainable params: 12,836
Non-trainable params: 0
__________________________________________________________________________________________________
_________________________________________________________________
Layer (type)                 Output Shape              Param #   
=================================================================
Generator (Model)            (None, 15, 38)            12836     
_________________________________________________________________
Discriminator (Model)        (None, 1)                 6911      
=================================================================
Total params: 19,747
Trainable params: 19,687
Non-trainable params: 60
_________________________________________________________________
Epoch is 0
Number of batches 69
Batch size: 128
domains_batch size:	(128, 15, 38)
generated domains shape:	(128, 15, 38)
training set shape	(128, 15, 38)
target shape (128, 1)
epoch 0	[ DISC	loss : 0.005919 ]	[ ADV	loss : 5.874077 ]
[8, 18, 3, 11, 20, 0, 12, 11, 31, 21, 14, 9, 37, 3, 13]	hrcktlk4uni-cm
[7, 2, 2, 12, 12, 2, 2, 21, 12, 2, 12, 16, 2, 2, 12]	gbbllbbulblpbbl
[12, 27, 15, 0, 12, 6, 12, 12, 1, 7, 16, 2, 16, 16, 8]	l0olfllagpbpph
[25, 31, 12, 13, 12, 16, 31, 0, 5, 17, 27, 16, 22, 24, 26]	y4lmlp4eq0pvxz
[36, 12, 2, 2, 2, 2, 1, 20, 12, 20, 20, 12, 2, 12, 12]	9lbbbbatlttlbll
[22, 31, 31, 30, 8, 11, 7, 28, 10, 18, 17, 1, 18, 21, 37]	v443hkg1jrqaru-
[35, 12, 14, 6, 12, 20, 21, 7, 12, 12, 12, 12, 12, 12, 12]	8lnfltuglllllll
[30, 7, 23, 19, 5, 35, 11, 4, 1, 11, 30, 18, 37, 24, 34]	3gwse8kdak3r-x7
[0, 12, 12, 12, 12, 2, 2, 2, 2, 16, 2, 12, 12, 2, 12]	llllbbbbpbllbl
[2, 18, 8, 14, 32, 35, 2, 12, 1, 16, 12, 14, 31, 2, 14]	brhn58blapln4bn
[16, 34, 2, 12, 2, 2, 1, 1, 1, 14, 2, 12, 12, 12, 6]	p7blbbaaanblllf
[11, 20, 2, 36, 20, 6, 3, 20, 36, 11, 30, 12, 10, 22, 14]	ktb9tfct9k3ljvn
[28, 3, 7, 12, 16, 12, 20, 12, 12, 12, 2, 2, 12, 12, 1]	1cglpltlllbblla
[15, 6, 4, 37, 17, 25, 35, 27, 10, 33, 11, 23, 31, 21, 23]	ofd-qy80j6kw4uw
[11, 1, 14, 37, 9, 12, 14, 1, 2, 12, 2, 1, 12, 16, 7]	kan-ilnablbalpg
D loss too low, failure state. terminating...
