experiments/20171219-162135
____________________________________________________________________________________________________
Layer (type)                     Output Shape          Param #     Connected to                     
====================================================================================================
Discriminator_Input (InputLayer) (None, 15, 38)        0                                            
____________________________________________________________________________________________________
discr_conv0 (Conv1D)             (None, 15, 20)        1540        Discriminator_Input[0][0]        
____________________________________________________________________________________________________
discr_conv1 (Conv1D)             (None, 15, 10)        1150        Discriminator_Input[0][0]        
____________________________________________________________________________________________________
batch_normalization_1 (BatchNorm (None, 15, 20)        80          discr_conv0[0][0]                
____________________________________________________________________________________________________
batch_normalization_2 (BatchNorm (None, 15, 10)        40          discr_conv1[0][0]                
____________________________________________________________________________________________________
leaky_re_lu_1 (LeakyReLU)        (None, 15, 20)        0           batch_normalization_1[0][0]      
____________________________________________________________________________________________________
leaky_re_lu_2 (LeakyReLU)        (None, 15, 10)        0           batch_normalization_2[0][0]      
____________________________________________________________________________________________________
discr_dropout0 (Dropout)         (None, 15, 20)        0           leaky_re_lu_1[0][0]              
____________________________________________________________________________________________________
discr_dropout1 (Dropout)         (None, 15, 10)        0           leaky_re_lu_2[0][0]              
____________________________________________________________________________________________________
average_pooling1d_1 (AveragePool (None, 7, 20)         0           discr_dropout0[0][0]             
____________________________________________________________________________________________________
average_pooling1d_2 (AveragePool (None, 7, 10)         0           discr_dropout1[0][0]             
____________________________________________________________________________________________________
concatenate_1 (Concatenate)      (None, 7, 30)         0           average_pooling1d_1[0][0]        
                                                                   average_pooling1d_2[0][0]        
____________________________________________________________________________________________________
lstm_1 (LSTM)                    (None, 20)            4080        concatenate_1[0][0]              
____________________________________________________________________________________________________
dense_1 (Dense)                  (None, 1)             21          lstm_1[0][0]                     
====================================================================================================
Total params: 6,911
Trainable params: 6,851
Non-trainable params: 60
____________________________________________________________________________________________________
____________________________________________________________________________________________________
Layer (type)                     Output Shape          Param #     Connected to                     
====================================================================================================
Generator_Input (InputLayer)     (None, 20)            0                                            
____________________________________________________________________________________________________
gen_repeate_vec (RepeatVector)   (None, 15, 20)        0           Generator_Input[0][0]            
____________________________________________________________________________________________________
gen_LSTM (LSTM)                  (None, 15, 38)        8968        gen_repeate_vec[0][0]            
____________________________________________________________________________________________________
dropout_1 (Dropout)              (None, 15, 38)        0           gen_LSTM[0][0]                   
____________________________________________________________________________________________________
gen_conv0 (Conv1D)               (None, 15, 20)        1540        dropout_1[0][0]                  
____________________________________________________________________________________________________
gen_conv1 (Conv1D)               (None, 15, 10)        1150        dropout_1[0][0]                  
____________________________________________________________________________________________________
leaky_re_lu_3 (LeakyReLU)        (None, 15, 20)        0           gen_conv0[0][0]                  
____________________________________________________________________________________________________
leaky_re_lu_4 (LeakyReLU)        (None, 15, 10)        0           gen_conv1[0][0]                  
____________________________________________________________________________________________________
gen_dropout0 (Dropout)           (None, 15, 20)        0           leaky_re_lu_3[0][0]              
____________________________________________________________________________________________________
gen_dropout1 (Dropout)           (None, 15, 10)        0           leaky_re_lu_4[0][0]              
____________________________________________________________________________________________________
concatenate_2 (Concatenate)      (None, 15, 30)        0           gen_dropout0[0][0]               
                                                                   gen_dropout1[0][0]               
____________________________________________________________________________________________________
decoder_end (TimeDistributed)    (None, 15, 38)        1178        concatenate_2[0][0]              
====================================================================================================
Total params: 12,836
Trainable params: 12,836
Non-trainable params: 0
____________________________________________________________________________________________________
_________________________________________________________________
Layer (type)                 Output Shape              Param #   
=================================================================
Generator (Model)            (None, 15, 38)            12836     
_________________________________________________________________
Discriminator (Model)        (None, 1)                 6911      
=================================================================
Total params: 19,747
Trainable params: 19,687
Non-trainable params: 60
_________________________________________________________________
Epoch is 0
Number of batches 174
Batch size: 128
domains_batch size:	(128, 15, 38)
generated domains shape:	(128, 15, 38)
training set shape	(128, 15, 38)
target shape (128, 1)
epoch 0	[ DISC	loss : 0.559263 ]	[ ADV	loss : 0.705963 ]
[19, 26, 19, 15, 3, 15, 15, 15, 15, 1, 15, 15, 15, 15, 15]	szsocooooaooooo
[20, 19, 20, 18, 15, 15, 15, 9, 15, 15, 15, 20, 20, 0, 26]	tstroooiooottz
[36, 36, 27, 0, 0, 0, 20, 15, 1, 15, 15, 15, 15, 15, 9]	990toaoooooi
[36, 19, 24, 15, 15, 20, 26, 14, 15, 15, 15, 15, 20, 15, 15]	9sxootznooootoo
[9, 0, 0, 0, 19, 0, 19, 0, 15, 1, 9, 15, 20, 0, 1]	issoaiota
[26, 0, 5, 0, 20, 1, 15, 15, 20, 15, 20, 20, 15, 15, 15]	zetaootottooo
[35, 0, 0, 0, 0, 0, 0, 0, 0, 0, 1, 15, 0, 15, 15]	8aooo
[0, 0, 0, 0, 0, 0, 0, 15, 0, 0, 15, 9, 0, 15, 15]	ooioo
[0, 0, 0, 0, 0, 0, 0, 0, 15, 0, 15, 0, 15, 15, 15]	ooooo
[32, 0, 0, 0, 0, 0, 0, 0, 0, 0, 0, 0, 0, 0, 9]	5i
[4, 19, 0, 0, 0, 0, 0, 0, 0, 0, 19, 15, 15, 0, 9]	dssooi
[0, 24, 0, 0, 0, 0, 20, 1, 20, 20, 15, 19, 15, 15, 0]	xtattosoo
[35, 20, 18, 0, 15, 19, 20, 15, 15, 15, 1, 15, 20, 15, 15]	8trostoooaotoo
[0, 20, 20, 15, 15, 15, 15, 1, 20, 15, 15, 15, 15, 1, 9]	ttooooatooooai
[15, 0, 0, 0, 9, 0, 0, 0, 0, 0, 20, 0, 15, 0, 4]	oitod
Epoch is 1
epoch 1	[ DISC	loss : 0.213518 ]	[ ADV	loss : 0.244227 ]
[0, 0, 0, 0, 1, 1, 1, 5, 1, 15, 9, 9, 9, 9, 5]	aaaeaoiiiie
[20, 9, 1, 5, 1, 1, 5, 9, 1, 18, 9, 5, 1, 1, 35]	tiaeaaeiarieaa8
[5, 1, 5, 1, 5, 18, 9, 1, 1, 5, 1, 1, 1, 9, 5]	eaeaeriaaeaaaie
[0, 0, 0, 1, 9, 1, 12, 9, 5, 1, 5, 1, 5, 1, 5]	aialieaeaeae
[1, 1, 1, 1, 9, 5, 1, 9, 1, 5, 1, 1, 5, 1, 5]	aaaaieaiaeaaeae
[1, 9, 9, 9, 5, 1, 5, 1, 1, 9, 1, 9, 1, 1, 5]	aiiieaeaaiaiaae
[0, 0, 0, 9, 1, 5, 0, 1, 1, 1, 5, 1, 9, 5, 5]	iaeaaaeaiee
[0, 0, 0, 0, 0, 15, 5, 1, 1, 5, 5, 1, 9, 5, 1]	oeaaeeaiea
[0, 0, 0, 1, 5, 1, 9, 1, 9, 9, 1, 5, 1, 5, 5]	aeaiaiiaeaee
[1, 9, 9, 9, 1, 1, 1, 1, 1, 1, 5, 12, 1, 1, 1]	aiiiaaaaaaelaaa
[0, 0, 0, 0, 1, 1, 1, 1, 18, 1, 5, 1, 1, 1, 12]	aaaaraeaaal
[9, 0, 0, 1, 1, 5, 5, 1, 9, 1, 1, 9, 5, 1, 5]	iaaeeaiaaieae
[0, 9, 1, 1, 9, 1, 5, 1, 1, 1, 5, 5, 1, 5, 12]	iaaiaeaaaeeael
[0, 0, 0, 0, 1, 1, 1, 5, 12, 9, 5, 5, 5, 1, 5]	aaaelieeeae
[0, 0, 0, 9, 5, 1, 5, 1, 1, 5, 5, 9, 5, 5, 5]	ieaeaaeeieee
Epoch is 2
epoch 2	[ DISC	loss : 0.035971 ]	[ ADV	loss : 0.072215 ]
[0, 0, 1, 19, 19, 19, 1, 19, 1, 5, 19, 20, 18, 1, 19]	asssasaestras
[0, 0, 0, 19, 19, 35, 35, 19, 19, 19, 19, 19, 19, 35, 19]	ss88ssssss8s
[0, 0, 1, 20, 19, 15, 19, 19, 19, 19, 19, 19, 19, 1, 35]	atsosssssssa8
[0, 0, 0, 1, 19, 18, 19, 19, 15, 19, 19, 19, 19, 19, 19]	asrssossssss
[19, 0, 1, 1, 5, 19, 19, 19, 19, 19, 20, 35, 19, 19, 5]	saaessssst8sse
[0, 0, 0, 1, 18, 19, 19, 1, 1, 19, 15, 19, 19, 19, 5]	arssaasossse
[19, 18, 1, 35, 1, 35, 19, 35, 35, 19, 19, 19, 35, 5, 19]	sra8a8s88sss8es
[0, 0, 1, 18, 19, 5, 35, 1, 19, 19, 19, 35, 20, 19, 19]	arse8asss8tss
[0, 0, 19, 19, 19, 19, 35, 1, 19, 19, 35, 35, 14, 19, 5]	ssss8ass88nse
[19, 0, 1, 19, 19, 35, 35, 19, 19, 19, 19, 19, 1, 35, 19]	sass88sssssa8s
[0, 0, 1, 18, 19, 19, 19, 19, 35, 15, 15, 18, 1, 19, 19]	arssss8oorass
[0, 15, 1, 1, 19, 19, 18, 1, 19, 35, 19, 19, 35, 19, 19]	oaassras8ss8ss
[18, 20, 20, 35, 35, 19, 1, 19, 19, 19, 35, 19, 5, 19, 19]	rtt88sasss8sess
[0, 0, 0, 19, 19, 35, 19, 19, 19, 1, 19, 19, 18, 35, 19]	ss8sssassr8s
[0, 0, 0, 1, 19, 1, 19, 19, 19, 35, 19, 19, 19, 35, 19]	asasss8sss8s
D loss too low, failure state. terminating...
