experiments/20171219-224252
____________________________________________________________________________________________________
Layer (type)                     Output Shape          Param #     Connected to                     
====================================================================================================
Discriminator_Input (InputLayer) (None, 15, 38)        0                                            
____________________________________________________________________________________________________
discr_conv0 (Conv1D)             (None, 15, 20)        1540        Discriminator_Input[0][0]        
____________________________________________________________________________________________________
discr_conv1 (Conv1D)             (None, 15, 10)        1150        Discriminator_Input[0][0]        
____________________________________________________________________________________________________
batch_normalization_1 (BatchNorm (None, 15, 20)        80          discr_conv0[0][0]                
____________________________________________________________________________________________________
batch_normalization_2 (BatchNorm (None, 15, 10)        40          discr_conv1[0][0]                
____________________________________________________________________________________________________
leaky_re_lu_1 (LeakyReLU)        (None, 15, 20)        0           batch_normalization_1[0][0]      
____________________________________________________________________________________________________
leaky_re_lu_2 (LeakyReLU)        (None, 15, 10)        0           batch_normalization_2[0][0]      
____________________________________________________________________________________________________
discr_dropout0 (Dropout)         (None, 15, 20)        0           leaky_re_lu_1[0][0]              
____________________________________________________________________________________________________
discr_dropout1 (Dropout)         (None, 15, 10)        0           leaky_re_lu_2[0][0]              
____________________________________________________________________________________________________
average_pooling1d_1 (AveragePool (None, 7, 20)         0           discr_dropout0[0][0]             
____________________________________________________________________________________________________
average_pooling1d_2 (AveragePool (None, 7, 10)         0           discr_dropout1[0][0]             
____________________________________________________________________________________________________
concatenate_1 (Concatenate)      (None, 7, 30)         0           average_pooling1d_1[0][0]        
                                                                   average_pooling1d_2[0][0]        
____________________________________________________________________________________________________
lstm_1 (LSTM)                    (None, 20)            4080        concatenate_1[0][0]              
____________________________________________________________________________________________________
dense_1 (Dense)                  (None, 1)             21          lstm_1[0][0]                     
====================================================================================================
Total params: 6,911
Trainable params: 6,851
Non-trainable params: 60
____________________________________________________________________________________________________
____________________________________________________________________________________________________
Layer (type)                     Output Shape          Param #     Connected to                     
====================================================================================================
Generator_Input (InputLayer)     (None, 20)            0                                            
____________________________________________________________________________________________________
gen_repeate_vec (RepeatVector)   (None, 15, 20)        0           Generator_Input[0][0]            
____________________________________________________________________________________________________
gen_LSTM (LSTM)                  (None, 15, 38)        8968        gen_repeate_vec[0][0]            
____________________________________________________________________________________________________
dropout_1 (Dropout)              (None, 15, 38)        0           gen_LSTM[0][0]                   
____________________________________________________________________________________________________
gen_conv0 (Conv1D)               (None, 15, 20)        1540        dropout_1[0][0]                  
____________________________________________________________________________________________________
gen_conv1 (Conv1D)               (None, 15, 10)        1150        dropout_1[0][0]                  
____________________________________________________________________________________________________
leaky_re_lu_3 (LeakyReLU)        (None, 15, 20)        0           gen_conv0[0][0]                  
____________________________________________________________________________________________________
leaky_re_lu_4 (LeakyReLU)        (None, 15, 10)        0           gen_conv1[0][0]                  
____________________________________________________________________________________________________
gen_dropout0 (Dropout)           (None, 15, 20)        0           leaky_re_lu_3[0][0]              
____________________________________________________________________________________________________
gen_dropout1 (Dropout)           (None, 15, 10)        0           leaky_re_lu_4[0][0]              
____________________________________________________________________________________________________
concatenate_2 (Concatenate)      (None, 15, 30)        0           gen_dropout0[0][0]               
                                                                   gen_dropout1[0][0]               
____________________________________________________________________________________________________
decoder_end (TimeDistributed)    (None, 15, 38)        1178        concatenate_2[0][0]              
====================================================================================================
Total params: 12,836
Trainable params: 12,836
Non-trainable params: 0
____________________________________________________________________________________________________
_________________________________________________________________
Layer (type)                 Output Shape              Param #   
=================================================================
Generator (Model)            (None, 15, 38)            12836     
_________________________________________________________________
Discriminator (Model)        (None, 1)                 6911      
=================================================================
Total params: 19,747
Trainable params: 19,687
Non-trainable params: 60
_________________________________________________________________
Epoch is 0
Number of batches 348
Batch size: 64
domains_batch size:	(64, 15, 38)
generated domains shape:	(64, 15, 38)
training set shape	(64, 15, 38)
target shape (64, 1)
epoch 0	[ DISC	loss : 0.715635 ]	[ ADV	loss : 0.675913 ]
[0, 35, 35, 37, 37, 37, 37, 37, 31, 12, 12, 12, 12, 12, 11]	88-----4lllllk
[0, 0, 0, 35, 37, 37, 37, 37, 32, 12, 12, 12, 12, 12, 12]	8----5llllll
[0, 0, 35, 35, 37, 37, 37, 37, 37, 37, 32, 12, 12, 12, 8]	88------5lllh
[0, 35, 35, 37, 37, 37, 37, 37, 32, 12, 12, 12, 12, 12, 8]	88-----5lllllh
[35, 35, 0, 37, 37, 37, 37, 37, 31, 31, 12, 12, 12, 12, 11]	88-----44llllk
[0, 0, 35, 37, 37, 37, 37, 32, 31, 12, 12, 12, 12, 12, 8]	8----54lllllh
[0, 35, 0, 35, 0, 0, 0, 37, 37, 37, 37, 37, 37, 31, 32]	88------45
[0, 0, 35, 37, 37, 37, 37, 37, 31, 12, 12, 12, 12, 12, 8]	8-----4lllllh
[35, 0, 0, 0, 0, 37, 37, 37, 37, 32, 31, 12, 12, 12, 8]	8----54lllh
[0, 0, 0, 35, 37, 37, 37, 37, 37, 32, 12, 12, 12, 12, 8]	8-----5llllh
[0, 0, 0, 0, 37, 37, 37, 37, 37, 37, 31, 12, 12, 12, 11]	------4lllk
[0, 35, 35, 0, 37, 37, 37, 37, 31, 9, 12, 12, 12, 12, 12]	88----4illlll
[0, 0, 0, 35, 35, 37, 37, 37, 37, 37, 37, 12, 31, 12, 11]	88------l4lk
[0, 0, 35, 37, 37, 37, 37, 31, 12, 12, 12, 12, 12, 12, 8]	8----4llllllh
[0, 35, 0, 35, 37, 37, 37, 37, 37, 31, 12, 12, 12, 12, 12]	88-----4lllll
Epoch is 1
epoch 1	[ DISC	loss : 0.725669 ]	[ ADV	loss : 0.657702 ]
[0, 0, 0, 28, 0, 0, 0, 8, 8, 15, 15, 15, 20, 15, 20]	1hhoootot
[0, 0, 0, 0, 0, 0, 0, 8, 8, 15, 15, 15, 15, 15, 20]	hhooooot
[0, 0, 0, 0, 0, 8, 8, 15, 15, 15, 20, 20, 20, 20, 20]	hhooottttt
[0, 0, 1, 1, 1, 1, 1, 1, 1, 1, 1, 1, 1, 1, 5]	aaaaaaaaaaaae
[0, 0, 0, 0, 0, 0, 0, 8, 8, 15, 15, 15, 20, 20, 20]	hhooottt
[20, 0, 20, 1, 1, 1, 1, 1, 1, 1, 1, 1, 1, 1, 5]	ttaaaaaaaaaaae
[0, 0, 0, 0, 0, 3, 8, 15, 15, 15, 15, 20, 20, 20, 20]	chooootttt
[0, 0, 28, 0, 1, 1, 1, 1, 1, 1, 1, 1, 1, 1, 5]	1aaaaaaaaaae
[0, 0, 0, 0, 0, 0, 8, 8, 8, 15, 15, 15, 20, 20, 20]	hhhooottt
[20, 20, 1, 1, 15, 1, 1, 1, 1, 1, 1, 1, 1, 1, 5]	ttaaoaaaaaaaaae
[20, 20, 1, 1, 1, 1, 1, 1, 1, 1, 1, 1, 1, 1, 5]	ttaaaaaaaaaaaae
[28, 0, 1, 1, 1, 1, 1, 20, 1, 1, 1, 1, 1, 1, 5]	1aaaaataaaaaae
[0, 0, 0, 0, 0, 0, 8, 8, 8, 15, 15, 20, 20, 20, 20]	hhhootttt
[0, 0, 0, 0, 0, 3, 8, 15, 15, 15, 15, 15, 20, 20, 20]	chooooottt
[20, 20, 28, 0, 28, 1, 1, 1, 1, 1, 1, 1, 1, 1, 5]	tt11aaaaaaaaae
Epoch is 2
epoch 2	[ DISC	loss : 0.601248 ]	[ ADV	loss : 0.548999 ]
[0, 0, 0, 0, 4, 4, 4, 4, 21, 21, 21, 21, 21, 21, 21]	dddduuuuuuu
[0, 0, 0, 0, 0, 0, 4, 4, 4, 21, 21, 21, 21, 21, 21]	ddduuuuuu
[0, 0, 0, 0, 0, 4, 4, 4, 21, 21, 21, 21, 21, 21, 21]	ddduuuuuuu
[0, 19, 19, 19, 19, 19, 19, 19, 19, 19, 19, 5, 19, 19, 5]	ssssssssssesse
[19, 19, 1, 19, 19, 19, 19, 19, 19, 19, 14, 19, 19, 19, 5]	ssasssssssnssse
[19, 19, 19, 19, 19, 19, 19, 19, 19, 1, 19, 19, 1, 19, 5]	sssssssssassase
[19, 19, 19, 1, 19, 19, 14, 19, 19, 19, 19, 19, 1, 19, 5]	sssassnsssssase
[0, 19, 1, 19, 19, 19, 19, 1, 19, 5, 19, 19, 19, 19, 1]	sassssasessssa
[0, 0, 0, 0, 0, 0, 0, 0, 4, 4, 4, 4, 15, 21, 21]	ddddouu
[0, 0, 0, 0, 4, 4, 4, 15, 1, 21, 21, 21, 15, 21, 21]	dddoauuuouu
[0, 0, 19, 19, 19, 19, 19, 19, 19, 19, 19, 19, 19, 19, 5]	sssssssssssse
[19, 1, 1, 19, 19, 19, 1, 19, 19, 19, 19, 19, 19, 19, 5]	saasssassssssse
[0, 0, 0, 0, 1, 19, 19, 19, 19, 19, 19, 19, 19, 19, 5]	assssssssse
[0, 0, 0, 0, 1, 19, 19, 19, 19, 19, 19, 19, 19, 19, 5]	assssssssse
[0, 0, 0, 0, 4, 4, 4, 1, 21, 21, 21, 21, 21, 21, 19]	dddauuuuuus
Epoch is 3
epoch 3	[ DISC	loss : 0.352632 ]	[ ADV	loss : 0.496401 ]
[0, 0, 0, 0, 0, 0, 0, 0, 0, 0, 0, 0, 0, 0, 0]	
[0, 0, 0, 0, 2, 15, 15, 24, 24, 24, 24, 27, 27, 24, 24]	booxxxx00xx
[0, 0, 0, 0, 0, 0, 0, 0, 0, 0, 0, 0, 0, 0, 0]	
[0, 0, 0, 0, 0, 0, 0, 0, 0, 0, 0, 0, 0, 0, 0]	
[0, 0, 0, 0, 0, 0, 0, 0, 0, 13, 2, 15, 24, 24, 24]	mboxxx
[0, 5, 5, 5, 20, 20, 5, 5, 5, 5, 5, 14, 5, 5, 5]	eeetteeeeeneee
[0, 0, 0, 0, 0, 0, 0, 0, 0, 0, 0, 0, 13, 2, 24]	mbx
[0, 19, 20, 14, 20, 20, 5, 5, 20, 5, 5, 20, 20, 5, 1]	stntteeteettea
[19, 5, 20, 5, 5, 5, 5, 5, 5, 14, 5, 5, 5, 5, 1]	seteeeeeeneeeea
[0, 0, 0, 0, 0, 0, 0, 0, 0, 0, 13, 3, 24, 24, 24]	mcxxx
[0, 19, 9, 20, 20, 20, 14, 20, 5, 20, 20, 20, 5, 5, 1]	sitttntettteea
[0, 0, 5, 5, 20, 20, 5, 20, 5, 20, 5, 5, 20, 5, 1]	eetteteteetea
[0, 0, 0, 0, 0, 0, 13, 15, 15, 15, 24, 24, 24, 24, 24]	moooxxxxx
[0, 5, 14, 5, 20, 5, 20, 5, 5, 14, 9, 5, 14, 20, 1]	eneteteenienta
[0, 0, 0, 0, 0, 13, 27, 27, 24, 24, 27, 27, 27, 27, 24]	m00xx0000x
Epoch is 4
epoch 4	[ DISC	loss : 0.084667 ]	[ ADV	loss : 0.391131 ]
[0, 0, 20, 14, 20, 5, 5, 5, 5, 5, 5, 5, 5, 5, 5]	tnteeeeeeeeee
[0, 0, 5, 5, 5, 5, 5, 14, 5, 14, 14, 14, 5, 5, 5]	eeeeenennneee
[0, 0, 0, 0, 0, 0, 0, 0, 0, 0, 0, 0, 0, 0, 0]	
[0, 0, 0, 5, 5, 5, 5, 20, 5, 5, 5, 5, 5, 5, 5]	eeeeteeeeeee
[0, 0, 0, 0, 0, 0, 0, 0, 0, 0, 0, 0, 0, 0, 0]	
[0, 0, 0, 5, 5, 20, 5, 5, 14, 5, 20, 5, 5, 5, 5]	eeteeneteeee
[0, 0, 0, 0, 0, 0, 0, 0, 0, 0, 0, 13, 13, 1, 19]	mmas
[0, 0, 0, 5, 5, 5, 5, 5, 5, 5, 5, 5, 5, 5, 5]	eeeeeeeeeeee
[0, 0, 0, 5, 20, 5, 5, 5, 20, 5, 5, 20, 20, 5, 5]	eteeeteettee
[0, 0, 0, 5, 5, 5, 5, 5, 5, 5, 5, 5, 5, 5, 5]	eeeeeeeeeeee
[0, 0, 0, 0, 0, 0, 0, 0, 1, 2, 2, 2, 1, 19, 19]	abbbass
[0, 0, 0, 0, 0, 0, 0, 13, 2, 1, 1, 1, 1, 2, 19]	mbaaaabs
[0, 0, 0, 0, 5, 5, 5, 5, 5, 5, 5, 5, 5, 5, 5]	eeeeeeeeeee
[0, 0, 0, 0, 0, 0, 0, 0, 0, 13, 13, 13, 2, 1, 6]	mmmbaf
[0, 0, 0, 13, 13, 2, 1, 1, 1, 1, 1, 2, 2, 1, 19]	mmbaaaaabbas
D loss too low, failure state. terminating...
