experiments/20171219-162456
__________________________________________________________________________________________________
Layer (type)                    Output Shape         Param #     Connected to                     
==================================================================================================
Discriminator_Input (InputLayer (None, 15, 38)       0                                            
__________________________________________________________________________________________________
discr_conv0 (Conv1D)            (None, 15, 20)       1540        Discriminator_Input[0][0]        
__________________________________________________________________________________________________
discr_conv1 (Conv1D)            (None, 15, 10)       1150        Discriminator_Input[0][0]        
__________________________________________________________________________________________________
batch_normalization_1 (BatchNor (None, 15, 20)       80          discr_conv0[0][0]                
__________________________________________________________________________________________________
batch_normalization_2 (BatchNor (None, 15, 10)       40          discr_conv1[0][0]                
__________________________________________________________________________________________________
leaky_re_lu_1 (LeakyReLU)       (None, 15, 20)       0           batch_normalization_1[0][0]      
__________________________________________________________________________________________________
leaky_re_lu_2 (LeakyReLU)       (None, 15, 10)       0           batch_normalization_2[0][0]      
__________________________________________________________________________________________________
discr_dropout0 (Dropout)        (None, 15, 20)       0           leaky_re_lu_1[0][0]              
__________________________________________________________________________________________________
discr_dropout1 (Dropout)        (None, 15, 10)       0           leaky_re_lu_2[0][0]              
__________________________________________________________________________________________________
average_pooling1d_1 (AveragePoo (None, 7, 20)        0           discr_dropout0[0][0]             
__________________________________________________________________________________________________
average_pooling1d_2 (AveragePoo (None, 7, 10)        0           discr_dropout1[0][0]             
__________________________________________________________________________________________________
concatenate_1 (Concatenate)     (None, 7, 30)        0           average_pooling1d_1[0][0]        
                                                                 average_pooling1d_2[0][0]        
__________________________________________________________________________________________________
lstm_1 (LSTM)                   (None, 20)           4080        concatenate_1[0][0]              
__________________________________________________________________________________________________
dense_1 (Dense)                 (None, 1)            21          lstm_1[0][0]                     
==================================================================================================
Total params: 6,911
Trainable params: 6,851
Non-trainable params: 60
__________________________________________________________________________________________________
__________________________________________________________________________________________________
Layer (type)                    Output Shape         Param #     Connected to                     
==================================================================================================
Generator_Input (InputLayer)    (None, 20)           0                                            
__________________________________________________________________________________________________
gen_repeate_vec (RepeatVector)  (None, 15, 20)       0           Generator_Input[0][0]            
__________________________________________________________________________________________________
gen_LSTM (LSTM)                 (None, 15, 38)       8968        gen_repeate_vec[0][0]            
__________________________________________________________________________________________________
dropout_1 (Dropout)             (None, 15, 38)       0           gen_LSTM[0][0]                   
__________________________________________________________________________________________________
gen_conv0 (Conv1D)              (None, 15, 20)       1540        dropout_1[0][0]                  
__________________________________________________________________________________________________
gen_conv1 (Conv1D)              (None, 15, 10)       1150        dropout_1[0][0]                  
__________________________________________________________________________________________________
leaky_re_lu_3 (LeakyReLU)       (None, 15, 20)       0           gen_conv0[0][0]                  
__________________________________________________________________________________________________
leaky_re_lu_4 (LeakyReLU)       (None, 15, 10)       0           gen_conv1[0][0]                  
__________________________________________________________________________________________________
gen_dropout0 (Dropout)          (None, 15, 20)       0           leaky_re_lu_3[0][0]              
__________________________________________________________________________________________________
gen_dropout1 (Dropout)          (None, 15, 10)       0           leaky_re_lu_4[0][0]              
__________________________________________________________________________________________________
concatenate_2 (Concatenate)     (None, 15, 30)       0           gen_dropout0[0][0]               
                                                                 gen_dropout1[0][0]               
__________________________________________________________________________________________________
decoder_end (TimeDistributed)   (None, 15, 38)       1178        concatenate_2[0][0]              
==================================================================================================
Total params: 12,836
Trainable params: 12,836
Non-trainable params: 0
__________________________________________________________________________________________________
_________________________________________________________________
Layer (type)                 Output Shape              Param #   
=================================================================
Generator (Model)            (None, 15, 38)            12836     
_________________________________________________________________
Discriminator (Model)        (None, 1)                 6911      
=================================================================
Total params: 19,747
Trainable params: 19,687
Non-trainable params: 60
_________________________________________________________________
Epoch is 0
Number of batches 69
Batch size: 128
domains_batch size:	(128, 15, 38)
generated domains shape:	(128, 15, 38)
training set shape	(128, 15, 38)
target shape (128, 1)
epoch 0	[ DISC	loss : 0.635206 ]	[ ADV	loss : 0.663013 ]
[35, 37, 33, 11, 2, 25, 0, 24, 37, 28, 8, 14, 28, 8, 1]	8-6kbyx-1hn1ha
[22, 36, 31, 37, 12, 8, 7, 34, 8, 16, 35, 37, 15, 37, 15]	v94-lhg7hp8-o-o
[17, 19, 9, 25, 15, 16, 30, 1, 0, 1, 8, 18, 11, 2, 16]	qsiyop3aahrkbp
[8, 27, 8, 3, 3, 29, 24, 8, 24, 11, 37, 23, 35, 33, 8]	h0hcc2xhxk-w86h
[26, 5, 37, 35, 2, 34, 33, 18, 1, 12, 6, 20, 25, 13, 30]	ze-8b76ralftym3
[6, 6, 32, 22, 7, 28, 24, 37, 11, 9, 15, 14, 26, 2, 30]	ff5vg1x-kionzb3
[34, 35, 18, 28, 9, 18, 35, 18, 6, 14, 6, 35, 22, 9, 31]	78r1ir8rfnf8vi4
[11, 1, 7, 29, 36, 1, 35, 27, 24, 8, 37, 8, 17, 35, 25]	kag29a80xh-hq8y
[31, 4, 20, 23, 34, 28, 25, 27, 13, 36, 2, 26, 4, 6, 23]	4dtw71y0m9bzdfw
[22, 33, 13, 33, 28, 34, 36, 27, 19, 19, 26, 16, 29, 33, 1]	v6m61790sszp26a
[24, 26, 22, 2, 21, 10, 21, 23, 31, 31, 6, 29, 14, 34, 9]	xzvbujuw44f2n7i
[7, 20, 12, 5, 8, 27, 27, 27, 9, 14, 19, 24, 6, 18, 16]	gtleh000insxfrp
[3, 31, 34, 35, 27, 10, 18, 20, 13, 30, 33, 9, 20, 4, 2]	c4780jrtm36itdb
[2, 13, 37, 36, 25, 22, 14, 34, 31, 31, 32, 29, 5, 23, 36]	bm-9yvn74452ew9
[10, 16, 27, 24, 17, 23, 35, 24, 32, 33, 24, 15, 11, 35, 1]	jp0xqw8x56xok8a
Epoch is 1
epoch 1	[ DISC	loss : 0.578911 ]	[ ADV	loss : 0.633274 ]
[9, 34, 22, 19, 10, 13, 19, 10, 29, 19, 13, 19, 19, 19, 19]	i7vsjmsj2smssss
[23, 26, 31, 12, 13, 9, 19, 19, 19, 19, 19, 19, 19, 19, 13]	wz4lmissssssssm
[2, 28, 37, 35, 25, 35, 1, 15, 8, 15, 35, 24, 22, 25, 33]	b1-8y8aoho8xvy6
[22, 25, 7, 22, 10, 16, 24, 24, 22, 25, 28, 25, 25, 22, 24]	vygvjpxxvy1yyvx
[1, 1, 8, 16, 22, 0, 35, 24, 24, 25, 8, 35, 22, 16, 24]	aahpv8xxyh8vpx
[11, 25, 10, 9, 2, 20, 24, 24, 35, 24, 22, 35, 22, 22, 22]	kyjibtxx8xv8vvv
[24, 19, 19, 23, 19, 19, 19, 19, 19, 19, 19, 19, 19, 19, 8]	xsswssssssssssh
[10, 1, 37, 3, 22, 22, 22, 35, 1, 24, 1, 24, 22, 22, 6]	ja-cvvv8axaxvvf
[16, 3, 17, 30, 20, 31, 18, 35, 22, 22, 22, 25, 0, 6, 6]	pcq3t4r8vvvyff
[35, 14, 13, 19, 19, 1, 26, 19, 19, 6, 19, 19, 19, 13, 14]	8nmssazssfsssmn
[21, 11, 35, 16, 31, 5, 37, 8, 5, 25, 37, 6, 8, 23, 16]	uk8p4e-hey-fhwp
[12, 27, 21, 1, 10, 25, 1, 24, 1, 0, 22, 25, 24, 9, 33]	l0uajyaxavyxi6
[25, 10, 35, 35, 37, 35, 16, 24, 24, 24, 4, 25, 25, 35, 25]	yj88-8pxxxdyy8y
[32, 30, 25, 34, 37, 1, 22, 25, 14, 11, 22, 22, 25, 25, 7]	53y7-avynkvvyyg
[19, 19, 19, 19, 19, 26, 3, 19, 19, 19, 19, 19, 19, 19, 14]	ssssszcsssssssn
Epoch is 2
epoch 2	[ DISC	loss : 0.518755 ]	[ ADV	loss : 0.685620 ]
[8, 10, 37, 1, 6, 8, 6, 6, 6, 6, 6, 1, 6, 1, 1]	hj-afhfffffafaa
[37, 8, 9, 6, 37, 6, 1, 6, 1, 6, 1, 6, 6, 6, 8]	-hif-fafafafffh
[17, 1, 3, 19, 3, 3, 3, 33, 3, 9, 19, 15, 15, 3, 19]	qacsccc6cisoocs
[16, 8, 6, 6, 8, 35, 6, 25, 6, 37, 8, 1, 6, 1, 6]	phffh8fyf-hafaf
[9, 23, 35, 25, 18, 8, 32, 1, 15, 15, 13, 30, 3, 15, 19]	iw8yrh5aoom3cos
[15, 8, 22, 35, 6, 1, 6, 6, 1, 6, 6, 25, 1, 6, 35]	ohv8faffaffyaf8
[10, 31, 15, 33, 25, 35, 15, 15, 15, 3, 15, 3, 15, 3, 19]	j4o6y8ooocococs
[35, 37, 8, 6, 6, 1, 8, 37, 16, 6, 8, 34, 6, 6, 16]	8-hffah-pfh7ffp
[36, 13, 19, 15, 15, 19, 15, 19, 15, 15, 35, 15, 3, 15, 15]	9msoososoo8ocoo
[6, 37, 37, 6, 8, 1, 6, 16, 6, 1, 6, 6, 6, 1, 14]	f--fhafpfafffan
[19, 8, 10, 6, 37, 34, 6, 6, 37, 25, 6, 6, 6, 6, 6]	shjf-7ff-yfffff
[3, 15, 19, 14, 3, 15, 15, 19, 13, 19, 15, 19, 3, 19, 3]	cosncoosmsoscsc
[13, 26, 15, 3, 19, 3, 19, 15, 34, 15, 19, 19, 15, 19, 25]	mzocscso7ossosy
[34, 1, 4, 7, 24, 4, 6, 6, 6, 6, 37, 1, 8, 1, 2]	7adgxdffff-ahab
[6, 19, 7, 16, 30, 8, 1, 6, 6, 8, 6, 1, 1, 1, 1]	fsgp3haffhfaaaa
Epoch is 3
epoch 3	[ DISC	loss : 0.428948 ]	[ ADV	loss : 0.652542 ]
[15, 0, 25, 6, 9, 8, 8, 34, 0, 9, 0, 0, 0, 25, 8]	oyfihh7iyh
[19, 30, 25, 6, 17, 13, 15, 26, 13, 28, 36, 10, 13, 25, 19]	s3yfqmozm19jmys
[35, 9, 1, 0, 25, 0, 0, 0, 0, 0, 0, 0, 1, 0, 25]	8iayay
[2, 24, 34, 10, 12, 24, 9, 35, 3, 9, 13, 10, 25, 15, 23]	bx7jlxi8cimjyow
[12, 13, 4, 3, 13, 26, 26, 24, 9, 4, 13, 5, 13, 14, 4]	lmdcmzzxidmemnd
[9, 25, 1, 15, 8, 0, 0, 0, 8, 0, 0, 0, 37, 0, 0]	iyaohh-
[19, 10, 15, 7, 23, 13, 10, 26, 13, 4, 19, 5, 28, 13, 13]	sjogwmjzmdse1mm
[15, 36, 7, 8, 1, 9, 8, 6, 25, 25, 8, 8, 9, 1, 9]	o9ghaihfyyhhiai
[25, 17, 8, 8, 0, 8, 0, 8, 25, 9, 0, 8, 6, 6, 9]	yqhhhhyihffi
[33, 25, 37, 0, 0, 0, 0, 14, 0, 0, 0, 0, 0, 0, 8]	6y-nh
[34, 32, 36, 36, 13, 6, 26, 24, 3, 3, 3, 10, 26, 24, 26]	7599mfzxcccjzxz
[25, 0, 0, 0, 0, 0, 0, 0, 0, 0, 0, 0, 0, 0, 0]	y
[9, 34, 13, 22, 19, 23, 24, 30, 21, 12, 21, 26, 27, 23, 27]	i7mvswx3uluz0w0
[18, 24, 15, 35, 0, 0, 31, 9, 0, 0, 24, 0, 8, 9, 8]	rxo84ixhih
[0, 0, 0, 0, 0, 0, 0, 0, 0, 0, 0, 25, 0, 2, 13]	ybm
Epoch is 4
epoch 4	[ DISC	loss : 0.425458 ]	[ ADV	loss : 0.662439 ]
[0, 37, 0, 0, 0, 8, 9, 1, 1, 25, 6, 9, 25, 25, 13]	-hiaayfiyym
[35, 21, 15, 2, 15, 5, 11, 24, 5, 5, 13, 5, 5, 5, 34]	8uoboekxeemeee7
[26, 0, 0, 0, 0, 1, 1, 1, 25, 6, 1, 1, 9, 9, 9]	zaaayfaaiii
[37, 0, 0, 0, 0, 0, 0, 0, 1, 25, 25, 25, 1, 1, 9]	-ayyyaai
[27, 13, 0, 5, 1, 9, 13, 5, 24, 34, 5, 24, 5, 24, 23]	0meaimex7exexw
[35, 9, 14, 9, 25, 19, 9, 9, 3, 19, 5, 9, 9, 5, 19]	8iniysiicseiies
[0, 0, 0, 9, 1, 1, 1, 1, 6, 1, 1, 1, 9, 1, 25]	iaaaafaaaiay
[37, 0, 0, 0, 25, 1, 9, 1, 1, 6, 25, 1, 1, 1, 1]	-yaiaafyaaaa
[9, 29, 29, 5, 29, 20, 33, 5, 24, 5, 5, 5, 29, 5, 24]	i22e2t6exeee2ex
[31, 35, 13, 13, 34, 5, 13, 26, 27, 5, 13, 11, 5, 5, 5]	48mm7emz0emkeee
[22, 15, 31, 5, 5, 5, 24, 5, 11, 29, 5, 5, 24, 5, 5]	vo4eeexek2eexee
[15, 0, 0, 0, 25, 9, 9, 1, 1, 9, 6, 9, 1, 25, 14]	oyiiaaifiayn
[0, 0, 0, 0, 6, 1, 1, 1, 1, 14, 1, 1, 1, 1, 1]	faaaanaaaaa
[25, 0, 0, 0, 1, 1, 1, 1, 1, 1, 1, 1, 9, 6, 13]	yaaaaaaaaifm
[0, 0, 0, 0, 0, 0, 1, 1, 25, 1, 1, 25, 25, 1, 1]	aayaayyaa
Epoch is 5
epoch 5	[ DISC	loss : 0.477269 ]	[ ADV	loss : 0.705945 ]
[11, 0, 0, 0, 0, 9, 6, 14, 14, 34, 34, 13, 13, 25, 34]	kifnn77mmy7
[7, 8, 19, 34, 19, 15, 12, 24, 24, 15, 29, 21, 12, 29, 34]	ghs7solxxo2ul27
[0, 0, 0, 0, 0, 14, 14, 14, 14, 34, 13, 34, 4, 14, 14]	nnnn7m7dnn
[5, 9, 34, 29, 29, 3, 27, 32, 19, 29, 24, 5, 29, 3, 14]	ei722c05s2xe2cn
[0, 0, 0, 0, 0, 4, 34, 34, 9, 34, 14, 14, 14, 6, 14]	d77i7nnnfn
[27, 25, 20, 13, 15, 19, 34, 24, 5, 29, 36, 15, 13, 12, 5]	0ytmos7xe29omle
[0, 0, 0, 0, 0, 0, 0, 0, 0, 25, 0, 14, 14, 13, 14]	ynnmn
[4, 0, 0, 0, 0, 0, 6, 13, 34, 34, 14, 14, 6, 14, 14]	dfm77nnfnn
[0, 0, 0, 0, 0, 9, 14, 34, 6, 14, 25, 14, 34, 14, 14]	in7fnyn7nn
[0, 0, 0, 0, 0, 0, 13, 25, 4, 9, 14, 14, 14, 34, 14]	mydinnn7n
[0, 20, 0, 0, 9, 14, 14, 14, 14, 34, 34, 14, 14, 14, 14]	tinnnn77nnnn
[29, 20, 0, 9, 0, 14, 8, 4, 9, 14, 13, 9, 14, 34, 14]	2tinhdinmin7n
[0, 0, 0, 0, 0, 9, 25, 14, 14, 34, 14, 14, 34, 14, 34]	iynn7nn7n7
[0, 0, 0, 0, 0, 14, 14, 14, 14, 34, 14, 14, 14, 34, 34]	nnnn7nnn77
[1, 9, 2, 14, 34, 14, 14, 14, 34, 14, 13, 14, 14, 1, 6]	aibn7nnn7nmnnaf
Epoch is 6
epoch 6	[ DISC	loss : 0.391176 ]	[ ADV	loss : 0.771240 ]
[0, 0, 0, 0, 0, 25, 31, 31, 22, 13, 31, 34, 34, 14, 8]	y44vm477nh
[0, 0, 0, 0, 4, 25, 14, 31, 4, 4, 31, 4, 4, 34, 34]	dyn4dd4dd77
[8, 34, 34, 15, 8, 12, 12, 12, 12, 12, 12, 12, 12, 12, 19]	h77ohllllllllls
[0, 0, 0, 0, 0, 4, 13, 8, 34, 14, 31, 25, 25, 6, 34]	dmh7n4yyf7
[13, 13, 12, 1, 12, 12, 15, 12, 12, 12, 8, 12, 12, 12, 8]	mmlallolllhlllh
[22, 31, 25, 9, 9, 31, 4, 31, 13, 31, 13, 14, 31, 4, 34]	v4yii4d4m4mn4d7
[17, 20, 25, 12, 12, 12, 24, 12, 8, 12, 8, 12, 12, 12, 5]	qtylllxlhlhllle
[19, 0, 0, 0, 0, 0, 24, 31, 13, 34, 31, 31, 14, 13, 23]	sx4m744nmw
[36, 13, 21, 8, 12, 12, 12, 12, 12, 15, 20, 12, 12, 12, 8]	9muhlllllotlllh
[13, 13, 12, 12, 12, 8, 12, 12, 12, 20, 12, 12, 12, 12, 8]	mmlllhllltllllh
[0, 21, 14, 4, 13, 4, 4, 14, 14, 13, 4, 13, 14, 25, 34]	undmddnnmdmny7
[3, 25, 8, 8, 12, 12, 12, 25, 8, 12, 12, 12, 12, 12, 8]	cyhhlllyhlllllh
[0, 0, 0, 0, 19, 31, 34, 31, 13, 4, 31, 31, 14, 31, 19]	s474md44n4s
[1, 9, 8, 15, 12, 12, 8, 15, 12, 12, 12, 12, 12, 15, 15]	aihollhollllloo
[0, 0, 0, 0, 0, 24, 31, 31, 31, 25, 4, 31, 31, 25, 25]	x444yd44yy
Epoch is 7
epoch 7	[ DISC	loss : 0.464568 ]	[ ADV	loss : 0.819367 ]
[1, 25, 12, 12, 20, 5, 20, 5, 20, 20, 20, 20, 20, 25, 20]	aylltetetttttyt
[0, 0, 0, 0, 16, 16, 16, 16, 16, 16, 16, 16, 16, 16, 16]	ppppppppppp
[7, 2, 25, 19, 25, 5, 20, 20, 20, 20, 20, 20, 20, 20, 20]	gbysyettttttttt
[24, 0, 0, 0, 0, 0, 31, 16, 13, 16, 16, 16, 16, 16, 16]	x4pmpppppp
[25, 28, 5, 20, 5, 20, 20, 20, 20, 20, 20, 20, 20, 12, 20]	y1etettttttttlt
[0, 0, 0, 0, 16, 23, 14, 16, 16, 16, 16, 16, 16, 16, 16]	pwnpppppppp
[0, 0, 0, 0, 0, 16, 13, 16, 16, 19, 16, 9, 16, 16, 16]	pmppspippp
[24, 0, 13, 5, 3, 8, 9, 5, 5, 20, 20, 5, 20, 20, 5]	xmechieettette
[0, 0, 0, 0, 0, 16, 16, 16, 16, 16, 16, 16, 16, 31, 16]	pppppppp4p
[0, 0, 0, 0, 0, 16, 16, 31, 16, 16, 16, 16, 16, 16, 34]	pp4pppppp7
[34, 0, 0, 0, 0, 16, 16, 16, 16, 16, 16, 16, 16, 16, 16]	7pppppppppp
[30, 0, 0, 0, 0, 16, 16, 16, 16, 16, 16, 31, 16, 16, 14]	3pppppp4ppn
[0, 0, 0, 0, 0, 16, 16, 14, 16, 16, 16, 16, 16, 16, 16]	ppnppppppp
[0, 14, 0, 0, 9, 14, 16, 16, 16, 16, 31, 16, 16, 16, 25]	ninpppp4pppy
[25, 1, 20, 20, 20, 5, 12, 5, 20, 20, 20, 20, 20, 20, 5]	yattteletttttte
Epoch is 8
epoch 8	[ DISC	loss : 0.277342 ]	[ ADV	loss : 0.737733 ]
[0, 0, 0, 0, 24, 3, 22, 13, 14, 22, 23, 22, 13, 13, 9]	xcvmnvwvmmi
[6, 1, 19, 9, 5, 5, 25, 1, 1, 1, 20, 9, 9, 9, 1]	fasieeyaaatiiia
[0, 14, 9, 1, 25, 1, 1, 5, 9, 9, 9, 1, 9, 5, 9]	niayaaeiiiaiei
[0, 0, 0, 0, 0, 0, 8, 1, 22, 3, 9, 22, 22, 22, 5]	havcivvve
[20, 9, 1, 9, 9, 1, 9, 9, 1, 1, 9, 1, 9, 1, 4]	tiaiiaiiaaiaiad
[23, 20, 9, 1, 9, 9, 1, 20, 9, 1, 1, 9, 9, 9, 20]	wtiaiiatiaaiiit
[0, 3, 0, 0, 3, 16, 22, 22, 1, 9, 9, 16, 9, 9, 22]	ccpvvaiipiiv
[9, 0, 0, 0, 0, 0, 3, 19, 13, 3, 4, 9, 19, 22, 9]	icsmcdisvi
[0, 1, 1, 1, 9, 1, 1, 1, 20, 1, 5, 9, 9, 1, 5]	aaaiaaataeiiae
[0, 0, 0, 0, 9, 3, 9, 22, 9, 22, 19, 22, 14, 22, 3]	icivivsvnvc
[0, 0, 0, 0, 0, 3, 22, 3, 16, 19, 5, 9, 9, 22, 16]	cvcpseiivp
[9, 1, 5, 1, 1, 9, 4, 4, 1, 9, 1, 9, 20, 4, 9]	iaeaaiddaiaitdi
[14, 12, 5, 9, 9, 9, 1, 9, 1, 1, 25, 9, 1, 1, 20]	nleiiiaiaayiaat
[0, 0, 0, 0, 0, 8, 22, 9, 14, 22, 22, 19, 19, 9, 9]	hvinvvssii
[0, 0, 0, 0, 0, 13, 3, 19, 14, 9, 9, 22, 3, 22, 16]	mcsniivcvp
Epoch is 9
epoch 9	[ DISC	loss : 0.416760 ]	[ ADV	loss : 0.588222 ]
[23, 24, 0, 24, 8, 5, 14, 5, 5, 5, 5, 14, 14, 14, 4]	wxxheneeeennnd
[0, 0, 31, 0, 3, 5, 5, 5, 8, 5, 19, 5, 5, 5, 4]	4ceeeheseeed
[0, 9, 14, 14, 23, 19, 5, 9, 18, 14, 21, 9, 14, 18, 18]	innwseirnuinrr
[0, 0, 0, 0, 31, 19, 1, 14, 4, 20, 1, 14, 14, 14, 5]	4sandtannne
[25, 0, 0, 3, 5, 19, 5, 5, 5, 5, 5, 18, 14, 9, 5]	yceseeeeernie
[0, 0, 13, 0, 6, 5, 5, 5, 5, 5, 5, 14, 18, 23, 4]	mfeeeeeenrwd
[0, 9, 1, 4, 13, 1, 18, 18, 14, 9, 18, 18, 18, 18, 18]	iadmarrnirrrrr
[5, 23, 14, 18, 14, 14, 18, 14, 18, 1, 1, 18, 18, 9, 18]	ewnrnnrnraarrir
[0, 0, 0, 31, 31, 5, 5, 5, 19, 5, 5, 5, 5, 14, 14]	44eeeseeeenn
[0, 1, 14, 14, 14, 37, 1, 1, 18, 1, 14, 18, 14, 18, 19]	annn-aaranrnrs
[16, 0, 0, 0, 19, 9, 5, 5, 5, 5, 9, 5, 5, 5, 9]	psieeeeieeei
[25, 1, 18, 18, 9, 1, 14, 18, 5, 18, 18, 18, 14, 9, 18]	yarrianrerrrnir
[0, 0, 0, 0, 8, 5, 5, 5, 19, 5, 5, 5, 5, 5, 19]	heeeseeeees
[9, 8, 14, 18, 14, 14, 9, 18, 18, 18, 9, 18, 18, 18, 19]	ihnrnnirrrirrrs
[8, 0, 3, 3, 3, 5, 5, 5, 5, 5, 5, 13, 5, 5, 5]	hccceeeeeemeee
Epoch is 10
epoch 10	[ DISC	loss : 0.429652 ]	[ ADV	loss : 0.659830 ]
[34, 23, 8, 14, 14, 14, 1, 19, 18, 19, 19, 25, 14, 19, 14]	7whnnnasrssynsn
[0, 35, 0, 0, 0, 0, 0, 0, 2, 2, 2, 2, 2, 2, 2]	8bbbbbbb
[0, 0, 0, 0, 0, 13, 14, 19, 1, 19, 21, 14, 14, 1, 19]	mnsasunnas
[6, 4, 14, 1, 14, 23, 25, 18, 25, 15, 18, 14, 14, 25, 21]	fdnanwyryornnyu
[0, 0, 0, 14, 19, 19, 19, 18, 19, 14, 19, 14, 19, 25, 8]	nsssrsnsnsyh
[8, 9, 19, 14, 19, 1, 19, 25, 14, 14, 18, 14, 19, 14, 5]	hisnsasynnrnsne
[0, 0, 0, 0, 0, 1, 2, 2, 2, 2, 2, 2, 14, 19, 18]	abbbbbbnsr
[0, 0, 0, 0, 0, 0, 2, 2, 2, 2, 2, 18, 5, 18, 18]	bbbbbrerr
[0, 0, 0, 0, 0, 0, 0, 0, 8, 14, 2, 2, 2, 2, 2]	hnbbbbb
[18, 25, 19, 25, 25, 19, 14, 19, 19, 14, 19, 19, 21, 19, 25]	rysyysnssnssusy
[0, 0, 0, 0, 0, 0, 0, 14, 5, 5, 2, 2, 2, 2, 2]	neebbbbb
[19, 13, 3, 14, 14, 37, 14, 19, 19, 19, 19, 1, 18, 25, 37]	smcnn-nssssary-
[0, 0, 0, 0, 0, 13, 2, 2, 2, 2, 5, 14, 19, 14, 25]	mbbbbensny
[23, 14, 14, 19, 5, 14, 14, 14, 19, 14, 19, 18, 19, 25, 19]	wnnsennnsnsrsys
[0, 0, 0, 0, 0, 14, 2, 2, 2, 2, 14, 19, 14, 14, 19]	nbbbbnsnns
Epoch is 11
epoch 11	[ DISC	loss : 0.365204 ]	[ ADV	loss : 0.575137 ]
[15, 14, 4, 14, 18, 37, 15, 10, 10, 1, 15, 10, 15, 4, 14]	ondnr-ojjaojodn
[0, 0, 0, 0, 18, 18, 18, 15, 18, 19, 14, 4, 10, 10, 14]	rrrorsndjjn
[20, 14, 37, 20, 0, 15, 37, 15, 10, 15, 37, 4, 4, 10, 15]	tn-to-ojo-ddjo
[16, 0, 31, 0, 0, 0, 20, 9, 18, 18, 18, 18, 18, 10, 10]	p4tirrrrrjj
[9, 1, 19, 10, 14, 18, 15, 4, 15, 1, 4, 1, 15, 10, 10]	iasjnrodoadaojj
[4, 14, 15, 10, 18, 18, 18, 18, 1, 4, 25, 10, 4, 1, 37]	dnojrrrradyjda-
[8, 0, 20, 14, 18, 10, 15, 10, 18, 4, 1, 18, 15, 19, 15]	htnrjojrdaroso
[0, 0, 14, 14, 18, 19, 18, 1, 10, 15, 18, 10, 1, 15, 19]	nnrsrajorjaos
[0, 8, 31, 0, 0, 0, 0, 18, 18, 18, 18, 10, 10, 10, 20]	h4rrrrjjjt
[23, 0, 0, 0, 14, 1, 19, 1, 18, 10, 37, 15, 37, 15, 15]	wnasarj-o-oo
[0, 19, 4, 18, 4, 10, 1, 10, 10, 4, 18, 1, 1, 25, 10]	sdrdjajjdraayj
[0, 0, 0, 0, 0, 37, 15, 15, 4, 15, 1, 37, 4, 15, 10]	-oodoa-doj
[14, 0, 9, 4, 5, 15, 10, 1, 18, 4, 23, 37, 1, 15, 10]	nideojardw-aoj
[0, 14, 0, 18, 14, 10, 4, 1, 10, 18, 15, 10, 10, 15, 10]	nrnjdajrojjoj
[14, 0, 0, 37, 14, 15, 4, 10, 37, 4, 1, 15, 1, 15, 4]	n-nodj-daoaod
Epoch is 12
epoch 12	[ DISC	loss : 0.537691 ]	[ ADV	loss : 0.653366 ]
[0, 8, 34, 0, 0, 4, 18, 7, 7, 7, 9, 7, 23, 7, 18]	h7drgggigwgr
[37, 0, 9, 9, 7, 7, 7, 7, 7, 9, 9, 7, 9, 7, 19]	-iigggggiigigs
[0, 20, 20, 9, 7, 7, 9, 7, 7, 7, 7, 7, 7, 7, 7]	ttiggigggggggg
[31, 7, 7, 7, 7, 7, 7, 7, 7, 7, 7, 7, 7, 7, 14]	4gggggggggggggn
[4, 9, 0, 23, 7, 7, 7, 20, 7, 7, 7, 7, 7, 7, 7]	diwgggtggggggg
[0, 0, 0, 14, 0, 18, 9, 7, 7, 7, 7, 7, 7, 7, 23]	nrigggggggw
[0, 14, 23, 7, 7, 7, 7, 4, 7, 9, 7, 19, 7, 20, 7]	nwggggdgigsgtg
[34, 0, 0, 0, 0, 18, 9, 7, 7, 9, 7, 9, 7, 7, 0]	7riggigigg
[9, 0, 0, 0, 0, 7, 23, 23, 7, 23, 9, 7, 7, 9, 9]	igwwgwiggii
[0, 0, 8, 0, 14, 5, 18, 7, 7, 7, 7, 19, 7, 7, 10]	hnerggggsggj
[25, 9, 9, 7, 9, 7, 23, 7, 9, 7, 7, 7, 7, 7, 23]	yiigigwgigggggw
[0, 7, 23, 7, 7, 7, 7, 7, 9, 9, 7, 20, 25, 7, 0]	gwgggggiigtyg
[0, 8, 0, 0, 1, 9, 7, 7, 9, 7, 7, 7, 7, 7, 19]	haiggigggggs
[0, 0, 34, 18, 7, 7, 14, 7, 7, 7, 9, 7, 7, 9, 9]	7rggngggiggii
[13, 0, 0, 0, 23, 7, 9, 7, 7, 7, 7, 19, 7, 7, 7]	mwgiggggsggg
Epoch is 13
epoch 13	[ DISC	loss : 0.373005 ]	[ ADV	loss : 0.474672 ]
[0, 3, 5, 13, 13, 13, 13, 5, 13, 5, 7, 13, 3, 13, 23]	cemmmmemegmcmw
[0, 0, 0, 0, 5, 13, 13, 13, 5, 5, 3, 13, 13, 9, 5]	emmmeecmmie
[0, 0, 0, 0, 0, 0, 0, 0, 13, 5, 5, 5, 13, 13, 13]	meeemmm
[0, 0, 0, 0, 20, 13, 13, 7, 7, 3, 3, 9, 13, 13, 5]	tmmggccimme
[14, 0, 0, 0, 0, 0, 0, 21, 7, 5, 5, 7, 20, 1, 13]	nugeegtam
[0, 15, 20, 23, 7, 13, 13, 7, 5, 3, 5, 1, 5, 1, 9]	otwgmmgeceaeai
[14, 0, 0, 0, 0, 0, 0, 20, 7, 1, 20, 7, 13, 3, 13]	ntgatgmcm
[0, 0, 0, 0, 0, 0, 0, 0, 0, 0, 23, 0, 13, 1, 3]	wmac
[0, 0, 0, 0, 0, 0, 23, 9, 13, 3, 3, 5, 3, 20, 1]	wimccecta
[0, 0, 0, 0, 0, 5, 7, 5, 5, 13, 3, 3, 23, 13, 5]	egeemccwme
[0, 0, 20, 21, 9, 7, 13, 13, 3, 9, 7, 1, 1, 7, 5]	tuigmmcigaage
[0, 0, 0, 0, 0, 0, 0, 0, 0, 20, 9, 20, 23, 20, 19]	titwts
[0, 8, 0, 0, 9, 13, 7, 13, 13, 3, 13, 3, 5, 13, 13]	himgmmcmcemm
[14, 0, 21, 13, 13, 3, 13, 5, 3, 13, 13, 13, 21, 13, 13]	nummcmecmmmumm
[0, 0, 0, 0, 0, 0, 0, 9, 13, 5, 7, 5, 13, 1, 13]	imegemam
Epoch is 14
epoch 14	[ DISC	loss : 0.289417 ]	[ ADV	loss : 0.523574 ]
[20, 9, 3, 19, 3, 15, 5, 15, 5, 0, 20, 0, 0, 0, 15]	ticscoeoeto
[31, 0, 0, 0, 0, 0, 0, 0, 0, 0, 20, 14, 0, 0, 15]	4tno
[0, 0, 0, 0, 0, 15, 0, 15, 19, 0, 14, 14, 0, 0, 0]	oosnn
[0, 0, 0, 0, 0, 0, 0, 0, 0, 0, 0, 0, 0, 0, 1]	a
[0, 0, 0, 0, 0, 0, 0, 0, 0, 0, 15, 0, 15, 19, 14]	oosn
[0, 31, 0, 0, 0, 0, 0, 0, 0, 15, 5, 7, 5, 5, 19]	4oegees
[34, 0, 0, 0, 0, 0, 0, 0, 0, 0, 0, 15, 15, 15, 0]	7ooo
[0, 0, 0, 0, 0, 0, 5, 3, 15, 14, 19, 14, 19, 19, 5]	econsnsse
[0, 15, 5, 5, 5, 14, 5, 15, 15, 15, 20, 15, 14, 5, 5]	oeeeneoootonee
[0, 0, 0, 15, 19, 5, 15, 5, 19, 15, 5, 0, 5, 14, 0]	oseoesoeen
[0, 0, 0, 0, 15, 20, 19, 20, 5, 19, 15, 19, 0, 15, 13]	otstesosom
[0, 0, 0, 0, 0, 15, 15, 5, 19, 14, 15, 0, 14, 7, 5]	ooesnonge
[0, 0, 0, 0, 0, 20, 15, 15, 5, 14, 14, 0, 14, 14, 5]	tooennnne
[0, 0, 0, 20, 15, 14, 0, 5, 15, 0, 5, 19, 14, 14, 5]	toneoesnne
[0, 0, 5, 0, 15, 15, 0, 5, 0, 20, 5, 15, 14, 5, 19]	eooeteones
Epoch is 15
epoch 15	[ DISC	loss : 0.193316 ]	[ ADV	loss : 0.234508 ]
[0, 0, 0, 0, 0, 0, 0, 0, 0, 21, 19, 3, 21, 21, 5]	uscuue
[0, 0, 0, 5, 21, 19, 14, 21, 0, 19, 21, 0, 0, 0, 14]	eusnusun
[0, 0, 0, 21, 19, 7, 0, 21, 0, 0, 0, 19, 21, 14, 19]	usgusuns
[0, 0, 0, 21, 3, 5, 7, 19, 19, 19, 21, 0, 21, 19, 0]	ucegsssuus
[0, 0, 0, 0, 0, 0, 0, 0, 21, 19, 0, 21, 19, 7, 5]	ususge
[0, 0, 0, 0, 0, 0, 21, 19, 21, 19, 5, 19, 21, 0, 3]	ususesuc
[0, 0, 0, 0, 0, 14, 21, 19, 21, 21, 15, 19, 19, 19, 14]	nusuuosssn
[0, 0, 0, 5, 0, 7, 19, 0, 21, 19, 21, 0, 5, 21, 21]	egsusueuu
[0, 0, 0, 0, 19, 21, 21, 3, 0, 21, 0, 0, 14, 21, 0]	suucunu
[0, 0, 0, 0, 0, 0, 21, 19, 0, 0, 0, 21, 19, 19, 0]	ususs
[0, 0, 0, 0, 0, 0, 0, 0, 15, 0, 19, 21, 5, 0, 14]	osuen
[0, 0, 0, 0, 0, 0, 0, 7, 5, 7, 21, 7, 21, 21, 19]	geguguus
[0, 0, 0, 19, 19, 3, 5, 19, 0, 21, 19, 19, 0, 19, 5]	sscesussse
[19, 7, 21, 7, 0, 0, 19, 0, 7, 3, 0, 0, 14, 19, 0]	sgugsgcns
[0, 0, 0, 0, 0, 0, 0, 0, 0, 0, 7, 19, 21, 21, 21]	gsuuu
Epoch is 16
epoch 16	[ DISC	loss : 0.209002 ]	[ ADV	loss : 0.439371 ]
[7, 7, 5, 13, 14, 13, 21, 0, 13, 13, 13, 13, 3, 13, 13]	ggemnmummmmcmm
[4, 18, 7, 3, 13, 3, 13, 3, 3, 14, 0, 3, 14, 3, 14]	drgcmcmccncncn
[0, 0, 0, 4, 4, 7, 18, 7, 13, 3, 13, 13, 13, 3, 3]	ddgrgmcmmmcc
[13, 7, 7, 14, 13, 14, 14, 13, 13, 14, 13, 13, 7, 3, 13]	mggnmnnmmnmmgcm
[0, 0, 4, 0, 4, 4, 18, 7, 18, 3, 13, 13, 13, 21, 0]	dddrgrcmmmu
[4, 18, 7, 18, 19, 3, 13, 13, 3, 14, 13, 3, 14, 14, 0]	drgrscmmcnmcnn
[0, 4, 0, 4, 4, 19, 18, 13, 7, 3, 3, 3, 3, 21, 19]	dddsrmgccccus
[4, 0, 0, 4, 18, 7, 18, 18, 13, 13, 13, 7, 7, 21, 0]	ddrgrrmmmggu
[0, 0, 4, 4, 4, 4, 18, 7, 18, 3, 18, 13, 19, 3, 14]	ddddrgrcrmscn
[0, 3, 5, 13, 13, 13, 19, 14, 21, 3, 18, 3, 21, 13, 13]	cemmmsnucrcumm
[4, 0, 0, 18, 13, 21, 13, 13, 21, 3, 13, 14, 13, 13, 14]	drmummucmnmmn
[4, 4, 0, 0, 0, 18, 18, 13, 13, 3, 3, 14, 5, 14, 14]	ddrrmmccnenn
[0, 18, 5, 3, 13, 13, 19, 18, 13, 13, 3, 3, 13, 13, 5]	recmmsrmmccmme
[0, 4, 4, 0, 0, 4, 4, 7, 7, 21, 7, 13, 7, 3, 14]	ddddggugmgcn
[4, 13, 18, 13, 18, 13, 13, 7, 13, 13, 3, 13, 5, 13, 14]	dmrmrmmgmmcmemn
Epoch is 17
