experiments/20171219-152915
____________________________________________________________________________________________________
Layer (type)                     Output Shape          Param #     Connected to                     
====================================================================================================
Discriminator_Input (InputLayer) (None, 15, 38)        0                                            
____________________________________________________________________________________________________
discr_conv0 (Conv1D)             (None, 15, 20)        1540        Discriminator_Input[0][0]        
____________________________________________________________________________________________________
discr_conv1 (Conv1D)             (None, 15, 10)        1150        Discriminator_Input[0][0]        
____________________________________________________________________________________________________
batch_normalization_1 (BatchNorm (None, 15, 20)        80          discr_conv0[0][0]                
____________________________________________________________________________________________________
batch_normalization_2 (BatchNorm (None, 15, 10)        40          discr_conv1[0][0]                
____________________________________________________________________________________________________
leaky_re_lu_1 (LeakyReLU)        (None, 15, 20)        0           batch_normalization_1[0][0]      
____________________________________________________________________________________________________
leaky_re_lu_2 (LeakyReLU)        (None, 15, 10)        0           batch_normalization_2[0][0]      
____________________________________________________________________________________________________
discr_dropout0 (Dropout)         (None, 15, 20)        0           leaky_re_lu_1[0][0]              
____________________________________________________________________________________________________
discr_dropout1 (Dropout)         (None, 15, 10)        0           leaky_re_lu_2[0][0]              
____________________________________________________________________________________________________
average_pooling1d_1 (AveragePool (None, 7, 20)         0           discr_dropout0[0][0]             
____________________________________________________________________________________________________
average_pooling1d_2 (AveragePool (None, 7, 10)         0           discr_dropout1[0][0]             
____________________________________________________________________________________________________
concatenate_1 (Concatenate)      (None, 7, 30)         0           average_pooling1d_1[0][0]        
                                                                   average_pooling1d_2[0][0]        
____________________________________________________________________________________________________
lstm_1 (LSTM)                    (None, 20)            4080        concatenate_1[0][0]              
____________________________________________________________________________________________________
dense_1 (Dense)                  (None, 1)             21          lstm_1[0][0]                     
====================================================================================================
Total params: 6,911
Trainable params: 6,851
Non-trainable params: 60
____________________________________________________________________________________________________
____________________________________________________________________________________________________
Layer (type)                     Output Shape          Param #     Connected to                     
====================================================================================================
Generator_Input (InputLayer)     (None, 20)            0                                            
____________________________________________________________________________________________________
gen_repeate_vec (RepeatVector)   (None, 15, 20)        0           Generator_Input[0][0]            
____________________________________________________________________________________________________
gen_LSTM (LSTM)                  (None, 15, 38)        8968        gen_repeate_vec[0][0]            
____________________________________________________________________________________________________
dropout_1 (Dropout)              (None, 15, 38)        0           gen_LSTM[0][0]                   
____________________________________________________________________________________________________
gen_conv0 (Conv1D)               (None, 15, 20)        1540        dropout_1[0][0]                  
____________________________________________________________________________________________________
gen_conv1 (Conv1D)               (None, 15, 10)        1150        dropout_1[0][0]                  
____________________________________________________________________________________________________
leaky_re_lu_3 (LeakyReLU)        (None, 15, 20)        0           gen_conv0[0][0]                  
____________________________________________________________________________________________________
leaky_re_lu_4 (LeakyReLU)        (None, 15, 10)        0           gen_conv1[0][0]                  
____________________________________________________________________________________________________
gen_dropout0 (Dropout)           (None, 15, 20)        0           leaky_re_lu_3[0][0]              
____________________________________________________________________________________________________
gen_dropout1 (Dropout)           (None, 15, 10)        0           leaky_re_lu_4[0][0]              
____________________________________________________________________________________________________
concatenate_2 (Concatenate)      (None, 15, 30)        0           gen_dropout0[0][0]               
                                                                   gen_dropout1[0][0]               
____________________________________________________________________________________________________
decoder_end (TimeDistributed)    (None, 15, 38)        1178        concatenate_2[0][0]              
====================================================================================================
Total params: 12,836
Trainable params: 12,836
Non-trainable params: 0
____________________________________________________________________________________________________
_________________________________________________________________
Layer (type)                 Output Shape              Param #   
=================================================================
Generator (Model)            (None, 15, 38)            12836     
_________________________________________________________________
Discriminator (Model)        (None, 1)                 6911      
=================================================================
Total params: 19,747
Trainable params: 19,687
Non-trainable params: 60
_________________________________________________________________
Epoch is 0
Number of batches 174
Batch size: 128
domains_batch size:	(128, 15, 38)
generated domains shape:	(128, 15, 38)
training set shape	(128, 15, 38)
target shape (128, 1)
epoch 0	[ DISC	loss : 0.731064 ]	[ ADV	loss : 0.607251 ]
[9, 0, 7, 12, 21, 21, 28, 21, 21, 21, 28, 21, 28, 12, 7]	igluu1uuu1u1lg
[25, 23, 22, 37, 23, 32, 19, 20, 37, 23, 37, 20, 37, 22, 23]	ywv-w5st-w-t-vw
[13, 14, 2, 19, 23, 32, 23, 23, 15, 31, 14, 23, 14, 37, 23]	mnbsw5wwo4nwn-w
[32, 3, 32, 23, 18, 23, 37, 32, 37, 32, 32, 30, 37, 37, 23]	5c5wrw-5-553--w
[15, 15, 15, 14, 32, 37, 37, 37, 14, 23, 14, 14, 23, 32, 30]	ooon5---nwnnw53
[32, 14, 37, 32, 32, 14, 32, 15, 37, 30, 30, 14, 32, 14, 12]	5n-55n5o-33n5nl
[6, 26, 32, 32, 13, 32, 0, 37, 23, 28, 37, 12, 37, 37, 20]	fz55m5-w1-l--t
[2, 8, 7, 21, 8, 9, 25, 37, 21, 1, 21, 13, 19, 12, 21]	bhguhiy-uaumslu
[14, 29, 7, 3, 31, 30, 30, 37, 31, 37, 32, 18, 14, 15, 14]	n2gc433-4-5rnon
[3, 32, 32, 18, 32, 14, 26, 31, 15, 32, 32, 32, 37, 14, 15]	c55r5nz4o555-no
[13, 14, 37, 31, 23, 37, 15, 15, 15, 23, 30, 23, 32, 15, 14]	mn-4w-ooow3w5on
[34, 18, 13, 32, 37, 37, 32, 31, 37, 10, 7, 37, 32, 37, 35]	7rm5--54-jg-5-8
[9, 32, 17, 4, 12, 37, 11, 4, 7, 11, 7, 4, 7, 28, 21]	i5qdl-kdgkgdg1u
[35, 33, 14, 32, 30, 30, 32, 14, 14, 15, 15, 37, 30, 15, 32]	86n5335nnoo-3o5
[11, 32, 21, 23, 7, 12, 37, 3, 14, 9, 5, 37, 37, 13, 3]	k5uwgl-cnie--mc
Epoch is 1
epoch 1	[ DISC	loss : 0.774971 ]	[ ADV	loss : 0.576993 ]
[16, 28, 0, 0, 0, 0, 0, 31, 31, 31, 31, 31, 31, 31, 0]	p14444444
[22, 0, 0, 31, 31, 31, 35, 31, 31, 31, 0, 0, 0, 0, 31]	v44484444
[12, 12, 10, 22, 31, 31, 14, 31, 10, 31, 31, 14, 31, 0, 31]	lljv44n4j44n44
[30, 0, 14, 31, 31, 31, 31, 31, 31, 31, 10, 31, 31, 0, 31]	3n4444444j444
[24, 0, 15, 31, 31, 31, 31, 31, 31, 31, 31, 0, 31, 31, 31]	xo44444444444
[32, 0, 32, 0, 0, 0, 0, 31, 31, 31, 0, 31, 23, 31, 14]	554444w4n
[32, 0, 0, 0, 0, 31, 31, 14, 31, 31, 31, 31, 31, 0, 23]	544n44444w
[35, 0, 0, 0, 0, 0, 0, 0, 31, 0, 0, 14, 31, 31, 23]	84n44w
[35, 0, 28, 0, 0, 0, 31, 0, 31, 0, 31, 31, 31, 0, 31]	81444444
[0, 31, 0, 0, 0, 0, 0, 31, 31, 0, 31, 31, 0, 0, 14]	44444n
[6, 0, 0, 0, 0, 31, 31, 14, 31, 31, 31, 31, 31, 31, 10]	f44n444444j
[15, 31, 0, 0, 0, 0, 31, 31, 0, 31, 31, 31, 30, 0, 15]	o4444443o
[31, 31, 0, 31, 0, 31, 31, 14, 31, 31, 31, 31, 31, 31, 23]	44444n444444w
[12, 30, 0, 0, 31, 31, 0, 14, 31, 14, 31, 31, 31, 14, 31]	l344n4n444n4
[0, 0, 0, 0, 0, 31, 0, 31, 31, 31, 0, 0, 31, 0, 14]	44444n
Epoch is 2
epoch 2	[ DISC	loss : 0.279946 ]	[ ADV	loss : 0.582977 ]
[14, 14, 13, 13, 32, 13, 13, 37, 15, 13, 32, 13, 13, 13, 20]	nnmm5mm-om5mmmt
[37, 37, 0, 37, 37, 13, 32, 32, 32, 32, 0, 13, 13, 32, 32]	----m5555mm55
[13, 15, 14, 13, 22, 15, 15, 13, 32, 0, 13, 13, 32, 13, 32]	monmvoom5mm5m5
[0, 0, 0, 37, 13, 13, 13, 37, 13, 13, 37, 37, 37, 32, 13]	-mmm-mm---5m
[0, 0, 0, 37, 37, 37, 13, 37, 22, 0, 13, 13, 37, 13, 32]	---m-vmm-m5
[14, 0, 0, 13, 13, 13, 15, 37, 37, 0, 37, 15, 13, 13, 13]	nmmmo---ommm
[0, 0, 37, 32, 13, 13, 13, 13, 15, 14, 13, 13, 15, 13, 32]	-5mmmmonmmom5
[0, 0, 15, 37, 10, 13, 15, 14, 37, 14, 13, 13, 37, 15, 32]	o-jmon-nmm-o5
[0, 15, 37, 13, 13, 15, 37, 37, 13, 13, 13, 37, 13, 32, 32]	o-mmo--mmm-m55
[0, 15, 0, 37, 14, 37, 32, 13, 13, 13, 13, 13, 13, 13, 15]	o-n-5mmmmmmmo
[15, 0, 10, 31, 15, 15, 32, 15, 13, 37, 13, 13, 0, 13, 32]	oj4oo5om-mmm5
[13, 0, 0, 0, 37, 37, 13, 37, 13, 13, 13, 13, 32, 32, 32]	m--m-mmmm555
[0, 0, 0, 37, 37, 15, 23, 22, 14, 32, 13, 37, 13, 13, 13]	--owvn5m-mmm
[4, 30, 0, 0, 15, 13, 13, 37, 37, 32, 10, 13, 13, 37, 32]	d3omm--5jmm-5
[0, 37, 14, 37, 37, 37, 22, 15, 13, 13, 32, 32, 13, 13, 15]	-n---vomm55mmo
Epoch is 3
epoch 3	[ DISC	loss : 0.799868 ]	[ ADV	loss : 0.453759 ]
[0, 23, 6, 6, 6, 6, 5, 19, 6, 6, 6, 19, 5, 5, 5]	wffffesfffseee
[5, 19, 14, 6, 5, 5, 6, 19, 6, 6, 19, 14, 19, 5, 6]	esnfeefsffsnsef
[23, 19, 5, 6, 6, 5, 14, 5, 5, 19, 5, 19, 22, 5, 19]	wseffeneesesves
[19, 0, 19, 6, 14, 19, 19, 6, 6, 6, 5, 19, 6, 6, 19]	ssfnssfffesffs
[0, 19, 19, 6, 19, 5, 5, 5, 6, 19, 6, 6, 5, 6, 5]	ssfseeefsffefe
[19, 6, 5, 6, 5, 5, 5, 19, 14, 19, 19, 6, 14, 6, 26]	sfefeeesnssfnfz
[14, 5, 22, 6, 6, 19, 6, 14, 6, 6, 6, 19, 5, 6, 19]	nevffsfnfffsefs
[13, 19, 19, 5, 14, 6, 5, 19, 5, 6, 5, 14, 5, 19, 19]	mssenfesefeness
[0, 0, 0, 19, 19, 19, 5, 5, 5, 19, 5, 19, 6, 14, 20]	ssseeesesfnt
[37, 0, 0, 19, 19, 6, 19, 14, 6, 6, 6, 6, 6, 5, 5]	-ssfsnfffffee
[0, 0, 6, 19, 6, 6, 5, 19, 5, 5, 19, 19, 5, 6, 19]	fsffeseessefs
[0, 19, 19, 6, 6, 5, 6, 6, 6, 6, 5, 6, 6, 19, 19]	ssffeffffeffss
[32, 0, 19, 6, 19, 19, 6, 6, 6, 19, 5, 19, 19, 6, 6]	5sfssfffsessff
[0, 0, 6, 6, 6, 6, 5, 6, 22, 6, 19, 6, 19, 6, 19]	ffffefvfsfsfs
[0, 19, 6, 6, 5, 14, 19, 14, 14, 5, 6, 30, 5, 6, 6]	sffensnnef3eff
Epoch is 4
epoch 4	[ DISC	loss : 0.135103 ]	[ ADV	loss : 0.563956 ]
[0, 0, 0, 0, 0, 0, 0, 0, 0, 0, 0, 0, 5, 5, 19]	ees
[0, 0, 20, 5, 5, 15, 5, 5, 5, 5, 5, 5, 5, 14, 5]	teeoeeeeeeene
[19, 19, 20, 14, 5, 5, 5, 5, 5, 5, 5, 5, 5, 5, 14]	sstneeeeeeeeeen
[32, 20, 15, 5, 5, 5, 5, 5, 5, 5, 5, 5, 5, 5, 5]	5toeeeeeeeeeeee
[10, 0, 0, 0, 0, 0, 0, 0, 0, 0, 0, 0, 5, 15, 19]	jeos
[0, 32, 0, 5, 5, 5, 5, 5, 15, 14, 5, 5, 14, 5, 5]	5eeeeeoneenee
[0, 20, 5, 5, 5, 14, 5, 0, 5, 5, 15, 5, 5, 5, 5]	teeeneeeoeeee
[20, 19, 5, 14, 19, 5, 5, 5, 5, 5, 5, 14, 14, 5, 5]	tsenseeeeeennee
[32, 0, 0, 15, 5, 5, 5, 15, 5, 5, 5, 5, 5, 5, 20]	5oeeeoeeeeeet
[5, 0, 15, 5, 5, 5, 5, 5, 14, 5, 5, 5, 5, 5, 14]	eoeeeeeneeeeen
[0, 0, 0, 0, 0, 0, 0, 0, 5, 5, 14, 5, 14, 14, 19]	eenenns
[0, 0, 0, 0, 0, 0, 0, 5, 5, 15, 5, 5, 14, 5, 19]	eeoeenes
[0, 0, 0, 0, 0, 0, 0, 0, 0, 0, 0, 5, 15, 5, 20]	eoet
[0, 0, 0, 0, 0, 0, 0, 0, 0, 0, 0, 0, 15, 15, 19]	oos
[0, 0, 0, 15, 0, 14, 5, 5, 5, 5, 14, 5, 5, 5, 5]	oneeeeneeee
Epoch is 5
epoch 5	[ DISC	loss : 0.084142 ]	[ ADV	loss : 0.712580 ]
[23, 10, 0, 0, 32, 0, 0, 10, 23, 0, 10, 10, 35, 35, 35]	wj5jwjj888
[13, 13, 5, 23, 15, 23, 5, 15, 13, 13, 14, 13, 15, 5, 5]	mmewoweommnmoee
[30, 31, 15, 5, 13, 5, 20, 5, 5, 13, 13, 13, 20, 5, 15]	34oemeteemmmteo
[23, 19, 10, 15, 5, 15, 5, 15, 13, 13, 13, 15, 13, 5, 14]	wsjoeoeommmomen
[15, 20, 19, 5, 23, 13, 13, 14, 19, 19, 13, 15, 23, 5, 5]	otsewmmnssmowee
[0, 0, 0, 0, 35, 23, 15, 23, 20, 15, 15, 23, 13, 15, 5]	8wowtoowmoe
[10, 0, 35, 35, 35, 0, 0, 0, 0, 0, 10, 0, 10, 10, 10]	j888jjjj
[32, 15, 23, 23, 5, 13, 20, 15, 5, 13, 14, 23, 13, 15, 20]	5owwemtoemnwmot
[0, 10, 10, 0, 32, 0, 0, 31, 10, 0, 0, 0, 10, 35, 35]	jj54jj88
[32, 0, 10, 0, 32, 0, 0, 35, 0, 0, 35, 0, 0, 0, 31]	5j5884
[0, 0, 23, 0, 0, 31, 0, 0, 0, 0, 0, 0, 10, 35, 23]	w4j8w
[37, 13, 20, 15, 15, 15, 13, 13, 13, 15, 5, 5, 13, 5, 5]	-mtooommmoeemee
[20, 35, 35, 13, 15, 15, 13, 15, 13, 15, 5, 23, 15, 13, 20]	t88moomomoewomt
[17, 13, 15, 13, 23, 13, 13, 13, 13, 23, 13, 19, 5, 13, 20]	qmomwmmmmwmsemt
[19, 13, 23, 13, 13, 13, 13, 23, 20, 5, 15, 15, 13, 15, 19]	smwmmmmwteoomos
Epoch is 6
epoch 6	[ DISC	loss : 0.084742 ]	[ ADV	loss : 1.116197 ]
[32, 35, 14, 14, 14, 14, 14, 14, 26, 14, 13, 15, 26, 14, 20]	58nnnnnnznmoznt
[23, 23, 0, 0, 14, 23, 23, 0, 23, 23, 0, 23, 0, 14, 0]	wwnwwwwwn
[15, 23, 26, 20, 15, 26, 13, 26, 26, 26, 26, 26, 26, 26, 26]	owztozmzzzzzzzz
[0, 14, 0, 23, 14, 31, 0, 23, 0, 23, 0, 0, 0, 23, 0]	nwn4www
[0, 19, 19, 14, 19, 13, 14, 20, 26, 26, 20, 14, 26, 14, 26]	ssnsmntzztnznz
[10, 0, 14, 14, 14, 0, 14, 26, 14, 26, 26, 26, 26, 26, 26]	jnnnnznzzzzzz
[19, 26, 20, 26, 26, 26, 26, 15, 15, 26, 26, 26, 14, 26, 5]	sztzzzzoozzznze
[26, 15, 5, 26, 14, 26, 26, 14, 14, 26, 26, 14, 26, 14, 19]	zoeznzznnzznzns
[20, 19, 14, 14, 23, 26, 26, 26, 20, 26, 14, 26, 14, 14, 20]	tsnnwzzztznznnt
[0, 0, 14, 20, 14, 14, 26, 15, 26, 14, 14, 26, 26, 14, 31]	ntnnzoznnzzn4
[14, 0, 23, 14, 0, 0, 14, 35, 14, 14, 23, 23, 14, 14, 37]	nwnn8nnwwnn-
[19, 14, 26, 26, 26, 26, 26, 26, 26, 26, 14, 26, 26, 26, 13]	snzzzzzzzznzzzm
[35, 14, 23, 23, 19, 26, 14, 14, 26, 26, 26, 14, 26, 26, 26]	8nwwsznnzzznzzz
[31, 14, 0, 14, 0, 14, 26, 14, 14, 26, 14, 26, 14, 20, 26]	4nnnznnznzntz
[26, 26, 26, 26, 14, 26, 26, 26, 15, 14, 26, 15, 26, 20, 26]	zzzznzzzonzoztz
Epoch is 7
epoch 7	[ DISC	loss : 0.141654 ]	[ ADV	loss : 1.523706 ]
[0, 0, 0, 23, 0, 0, 0, 0, 0, 0, 23, 19, 0, 14, 0]	wwsn
[0, 0, 14, 14, 0, 0, 0, 0, 6, 0, 23, 0, 0, 10, 5]	nnfwje
[0, 0, 0, 14, 35, 0, 14, 0, 14, 14, 0, 14, 0, 10, 0]	n8nnnnj
[35, 0, 14, 0, 4, 4, 4, 14, 4, 0, 4, 4, 4, 4, 4]	8ndddndddddd
[0, 0, 0, 4, 4, 4, 4, 4, 4, 4, 4, 4, 4, 4, 4]	dddddddddddd
[0, 0, 4, 4, 4, 4, 4, 4, 4, 4, 4, 4, 4, 4, 4]	ddddddddddddd
[19, 4, 4, 4, 4, 4, 4, 4, 4, 4, 4, 4, 4, 4, 12]	sdddddddddddddl
[20, 0, 0, 0, 0, 22, 0, 0, 0, 0, 22, 10, 0, 31, 0]	tvvj4
[0, 23, 22, 4, 4, 4, 4, 4, 4, 4, 4, 4, 4, 4, 4]	wvdddddddddddd
[14, 0, 0, 14, 4, 4, 4, 4, 4, 4, 4, 4, 4, 4, 4]	nnddddddddddd
[0, 22, 12, 0, 4, 4, 4, 4, 4, 12, 4, 12, 12, 4, 0]	vldddddldlld
[0, 14, 14, 0, 14, 0, 0, 0, 0, 0, 0, 0, 30, 0, 0]	nnn3
[35, 4, 4, 4, 4, 4, 4, 4, 4, 4, 4, 0, 4, 4, 12]	8ddddddddddddl
[14, 0, 4, 4, 4, 4, 4, 4, 4, 4, 4, 4, 4, 4, 4]	nddddddddddddd
[5, 0, 0, 0, 22, 22, 0, 0, 0, 0, 14, 0, 0, 0, 10]	evvnj
Epoch is 8
epoch 8	[ DISC	loss : 0.044433 ]	[ ADV	loss : 0.446220 ]
[23, 5, 5, 5, 19, 5, 5, 4, 19, 23, 5, 19, 23, 19, 4]	weeeseedsweswsd
[5, 14, 37, 23, 5, 37, 5, 19, 19, 19, 5, 4, 5, 37, 19]	en-we-esssede-s
[5, 14, 14, 5, 5, 19, 15, 4, 5, 5, 37, 37, 37, 37, 19]	enneesodee----s
[0, 14, 0, 0, 14, 14, 0, 14, 13, 19, 30, 0, 14, 0, 22]	nnnnms3nv
[19, 22, 37, 12, 12, 37, 37, 19, 19, 14, 23, 5, 5, 5, 19]	sv-ll--ssnweees
[14, 5, 14, 19, 14, 37, 14, 37, 37, 19, 5, 37, 5, 5, 19]	nensn-n--se-ees
[5, 19, 5, 5, 37, 5, 5, 37, 37, 4, 37, 37, 37, 19, 23]	esee-ee--d---sw
[5, 14, 5, 5, 5, 37, 37, 14, 37, 37, 37, 14, 14, 37, 5]	eneee--n---nn-e
[0, 22, 5, 37, 5, 5, 37, 23, 37, 19, 37, 37, 22, 22, 0]	ve-ee-w-s--vv
[0, 0, 0, 0, 0, 14, 14, 14, 0, 6, 0, 0, 0, 0, 14]	nnnfn
[13, 0, 14, 19, 37, 23, 37, 14, 19, 37, 37, 37, 19, 5, 19]	mns-w-ns---ses
[14, 37, 14, 37, 5, 5, 19, 14, 37, 5, 19, 5, 23, 23, 5]	n-n-eesn-esewwe
[14, 14, 5, 5, 5, 5, 23, 19, 37, 37, 22, 37, 14, 5, 20]	nneeeews--v-net
[19, 23, 22, 5, 5, 37, 37, 23, 37, 37, 37, 37, 14, 37, 4]	swvee--w----n-d
[0, 5, 37, 5, 5, 37, 5, 37, 37, 5, 15, 37, 5, 37, 5]	e-ee-e--eo-e-e
Epoch is 9
epoch 9	[ DISC	loss : 0.023399 ]	[ ADV	loss : 0.489445 ]
[5, 5, 22, 19, 19, 14, 14, 15, 19, 14, 14, 14, 14, 5, 0]	eevssnnosnnnne
[0, 14, 14, 37, 5, 19, 4, 5, 19, 5, 19, 19, 19, 0, 22]	nn-esdesesssv
[31, 14, 0, 0, 0, 0, 0, 0, 0, 0, 0, 0, 14, 14, 20]	4nnnt
[14, 19, 14, 5, 4, 12, 19, 19, 14, 14, 19, 0, 19, 12, 6]	nsnedlssnnsslf
[13, 0, 12, 4, 19, 14, 14, 5, 0, 14, 14, 0, 14, 14, 0]	mldsnnennnn
[37, 5, 5, 19, 14, 22, 19, 14, 0, 23, 19, 14, 19, 14, 0]	-eesnvsnwsnsn
[14, 0, 14, 0, 22, 4, 4, 37, 14, 23, 19, 19, 14, 14, 19]	nnvdd-nwssnns
[14, 19, 0, 0, 14, 22, 19, 12, 5, 14, 19, 14, 12, 14, 5]	nsnvslensnlne
[0, 0, 0, 14, 0, 0, 0, 14, 6, 14, 12, 19, 14, 4, 4]	nnfnlsndd
[0, 19, 0, 23, 14, 14, 14, 14, 14, 0, 14, 0, 14, 0, 12]	swnnnnnnnl
[0, 14, 19, 37, 12, 4, 0, 0, 5, 5, 14, 0, 0, 19, 5]	ns-ldeense
[0, 0, 0, 22, 19, 12, 14, 14, 5, 23, 14, 14, 12, 5, 19]	vslnnewnnles
[13, 14, 0, 20, 19, 14, 4, 5, 19, 14, 19, 0, 14, 14, 19]	mntsndesnsnns
[0, 0, 0, 0, 0, 0, 5, 5, 5, 14, 5, 14, 14, 19, 19]	eeenennss
[6, 0, 19, 14, 14, 14, 14, 14, 19, 14, 14, 19, 14, 0, 5]	fsnnnnnsnnsne
Epoch is 10
epoch 10	[ DISC	loss : 0.026594 ]	[ ADV	loss : 0.843503 ]
[14, 14, 14, 14, 23, 14, 31, 0, 15, 12, 0, 15, 0, 31, 0]	nnnnwn4olo4
[0, 14, 14, 4, 12, 31, 23, 14, 31, 14, 15, 14, 19, 12, 0]	nndl4wn4nonsl
[4, 23, 19, 37, 0, 14, 14, 15, 15, 0, 15, 15, 14, 31, 14]	dws-nnoooon4n
[0, 14, 0, 12, 5, 12, 14, 31, 12, 15, 14, 4, 0, 14, 0]	nleln4londn
[12, 12, 14, 14, 0, 12, 0, 0, 14, 0, 12, 14, 0, 4, 0]	llnnlnlnd
[13, 5, 4, 12, 31, 15, 12, 15, 0, 0, 14, 31, 19, 14, 0]	medl4olon4sn
[23, 5, 12, 14, 14, 14, 14, 31, 14, 23, 14, 31, 12, 14, 0]	welnnnn4nwn4ln
[19, 14, 31, 0, 12, 31, 31, 31, 12, 14, 31, 0, 14, 31, 0]	sn4l444ln4n4
[31, 14, 4, 5, 14, 14, 31, 14, 14, 0, 14, 14, 12, 23, 0]	4ndenn4nnnnlw
[19, 19, 15, 31, 0, 14, 14, 0, 0, 14, 23, 14, 14, 14, 0]	sso4nnnwnnn
[15, 4, 5, 14, 14, 15, 31, 14, 23, 12, 14, 14, 14, 14, 0]	odenno4nwlnnnn
[14, 14, 6, 14, 15, 14, 14, 15, 14, 14, 14, 14, 31, 12, 0]	nnfnonnonnnn4l
[30, 14, 12, 31, 31, 22, 31, 14, 0, 0, 5, 31, 31, 0, 0]	3nl44v4ne44
[14, 31, 12, 4, 23, 31, 23, 31, 0, 14, 14, 0, 31, 0, 0]	n4ldw4w4nn4
[14, 14, 12, 31, 15, 0, 0, 19, 12, 0, 0, 12, 14, 14, 0]	nnl4osllnn
Epoch is 11
epoch 11	[ DISC	loss : 0.012940 ]	[ ADV	loss : 0.390473 ]
[14, 0, 12, 5, 5, 5, 0, 5, 5, 5, 5, 23, 23, 0, 0]	nleeeeeeeww
[5, 5, 15, 23, 5, 15, 5, 5, 23, 35, 5, 14, 5, 0, 0]	eeoweoeew8ene
[5, 14, 5, 0, 5, 5, 5, 0, 23, 23, 5, 5, 0, 14, 0]	eneeeewween
[0, 0, 23, 5, 19, 19, 5, 5, 15, 5, 5, 5, 5, 5, 0]	wesseeoeeeee
[0, 15, 37, 5, 14, 5, 0, 35, 5, 5, 5, 5, 5, 15, 0]	o-ene8eeeeeo
[14, 0, 0, 14, 14, 0, 12, 15, 14, 5, 19, 5, 19, 5, 0]	nnnlonesese
[14, 0, 13, 12, 5, 0, 14, 5, 14, 23, 0, 14, 14, 5, 0]	nmlenenwnne
[5, 5, 5, 5, 14, 5, 5, 23, 14, 0, 5, 15, 5, 23, 0]	eeeeneewneoew
[15, 5, 5, 5, 14, 15, 5, 14, 19, 23, 5, 23, 5, 5, 14]	oeeenoensweween
[5, 5, 5, 5, 5, 5, 5, 19, 14, 5, 14, 0, 23, 5, 0]	eeeeeeesnenwe
[15, 5, 19, 5, 5, 5, 0, 23, 5, 5, 5, 14, 23, 0, 0]	oeseeeweeenw
[14, 5, 35, 5, 5, 14, 5, 35, 19, 5, 23, 5, 23, 5, 0]	ne8eene8sewewe
[5, 19, 5, 5, 19, 35, 5, 15, 5, 23, 5, 5, 23, 5, 0]	esees8eoeweewe
[6, 4, 15, 14, 23, 5, 5, 0, 5, 5, 5, 5, 5, 19, 0]	fdonweeeeeees
[5, 5, 5, 5, 5, 5, 5, 5, 14, 5, 5, 23, 14, 14, 0]	eeeeeeeeneewnn
Epoch is 12
epoch 12	[ DISC	loss : 0.008825 ]	[ ADV	loss : 0.495401 ]
[0, 14, 15, 19, 14, 19, 0, 19, 14, 19, 19, 14, 19, 14, 0]	nosnssnssnsn
[6, 0, 5, 14, 14, 14, 19, 19, 14, 22, 19, 14, 0, 19, 0]	fennnssnvsns
[31, 37, 19, 5, 5, 19, 19, 22, 14, 14, 19, 19, 14, 0, 0]	4-seessvnnssn
[6, 15, 19, 15, 19, 19, 14, 14, 14, 0, 14, 14, 0, 19, 0]	fosossnnnnns
[15, 15, 15, 23, 0, 19, 14, 15, 14, 14, 0, 14, 0, 19, 0]	ooowsnonnns
[5, 37, 15, 5, 19, 19, 23, 14, 14, 5, 5, 14, 19, 22, 0]	e-oesswnneensv
[37, 14, 15, 14, 14, 23, 19, 14, 14, 19, 14, 14, 14, 14, 0]	-nonnwsnnsnnnn
[6, 15, 37, 19, 23, 14, 19, 19, 14, 19, 19, 19, 19, 19, 0]	fo-swnssnsssss
[5, 23, 15, 14, 19, 0, 19, 14, 14, 14, 19, 14, 19, 22, 0]	ewonssnnnsnsv
[14, 14, 15, 5, 14, 14, 19, 0, 19, 14, 0, 14, 19, 14, 0]	nnoennssnnsn
[0, 19, 15, 14, 5, 19, 14, 14, 19, 14, 19, 0, 0, 19, 0]	sonesnnsnss
[13, 5, 5, 19, 14, 22, 0, 14, 0, 14, 19, 14, 14, 19, 0]	meesnvnnsnns
[5, 5, 5, 19, 14, 19, 5, 19, 19, 19, 5, 19, 14, 19, 0]	eeesnsesssesns
[0, 15, 14, 5, 19, 15, 0, 14, 19, 14, 14, 19, 0, 19, 0]	onesonsnnss
[0, 6, 23, 14, 14, 19, 23, 14, 19, 14, 19, 14, 0, 22, 0]	fwnnswnsnsnv
Epoch is 13
epoch 13	[ DISC	loss : 0.010629 ]	[ ADV	loss : 0.238783 ]
[5, 14, 22, 19, 22, 14, 22, 22, 23, 22, 23, 22, 19, 0, 0]	envsvnvvwvwvs
[6, 4, 5, 22, 23, 14, 14, 22, 0, 0, 19, 19, 0, 0, 0]	fdevwnnvss
[14, 23, 22, 22, 23, 22, 22, 22, 0, 22, 35, 14, 22, 22, 0]	nwvvwvvvv8nvv
[6, 5, 37, 19, 4, 22, 19, 22, 5, 5, 19, 14, 22, 0, 0]	fe-sdvsveesnv
[4, 23, 14, 14, 19, 19, 14, 0, 19, 22, 0, 22, 19, 22, 0]	dwnnssnsvvsv
[5, 23, 5, 4, 19, 4, 5, 4, 19, 19, 19, 6, 19, 14, 0]	ewedsdedsssfsn
[5, 5, 6, 14, 14, 14, 22, 14, 22, 22, 22, 19, 0, 22, 0]	eefnnnvnvvvsv
[14, 22, 22, 5, 4, 19, 22, 22, 22, 14, 19, 14, 22, 0, 0]	nvvedsvvvnsnv
[19, 5, 22, 22, 14, 5, 22, 19, 19, 0, 14, 22, 0, 0, 0]	sevvnevssnv
[6, 5, 37, 22, 5, 19, 4, 22, 22, 22, 0, 0, 0, 19, 0]	fe-vesdvvvs
[12, 6, 5, 5, 19, 14, 22, 22, 23, 22, 22, 14, 22, 0, 0]	lfeesnvvwvvnv
[5, 5, 5, 22, 22, 5, 22, 22, 22, 23, 22, 0, 22, 0, 0]	eeevvevvvwvv
[4, 22, 22, 4, 5, 22, 22, 22, 22, 22, 14, 22, 14, 22, 0]	dvvdevvvvvnvnv
[6, 22, 19, 19, 14, 14, 22, 0, 22, 22, 19, 22, 19, 14, 0]	fvssnnvvvsvsn
[5, 23, 4, 23, 14, 22, 22, 14, 22, 0, 22, 22, 0, 22, 0]	ewdwnvvnvvvv
Epoch is 14
epoch 14	[ DISC	loss : 0.005772 ]	[ ADV	loss : 0.457129 ]
[4, 19, 19, 19, 14, 4, 14, 14, 14, 14, 19, 19, 14, 14, 0]	dsssndnnnnssnn
[20, 5, 37, 5, 20, 4, 20, 14, 14, 14, 14, 19, 14, 14, 0]	te-etdtnnnnsnn
[20, 20, 4, 19, 4, 19, 19, 14, 19, 19, 22, 22, 19, 19, 0]	ttdsdssnssvvss
[14, 4, 10, 37, 14, 6, 14, 19, 19, 14, 14, 37, 19, 14, 0]	ndj-nfnssnn-sn
[6, 22, 19, 20, 5, 19, 14, 14, 19, 19, 14, 23, 19, 19, 0]	fvstesnnssnwss
[5, 6, 20, 14, 14, 14, 10, 14, 14, 14, 0, 14, 19, 10, 0]	eftnnnjnnnnsj
[37, 4, 4, 4, 37, 37, 37, 14, 14, 19, 14, 19, 14, 19, 0]	-ddd---nnsnsns
[20, 37, 5, 5, 14, 37, 14, 14, 19, 19, 14, 19, 14, 19, 0]	t-een-nnssnsns
[5, 20, 19, 20, 19, 19, 10, 19, 14, 19, 19, 19, 14, 14, 0]	etstssjsnsssnn
[22, 37, 37, 4, 4, 5, 19, 4, 4, 37, 37, 14, 14, 14, 0]	v--ddesdd--nnn
[14, 19, 4, 14, 4, 19, 10, 22, 19, 19, 37, 5, 14, 14, 0]	nsdndsjvss-enn
[0, 37, 37, 10, 37, 14, 14, 19, 19, 0, 19, 19, 19, 14, 0]	--j-nnsssssn
[12, 34, 10, 20, 19, 19, 14, 37, 14, 19, 14, 37, 19, 14, 0]	l7jtssn-nsn-sn
[4, 6, 5, 4, 6, 14, 19, 14, 10, 19, 14, 14, 14, 19, 0]	dfedfnsnjsnnns
[6, 14, 4, 5, 37, 19, 14, 14, 14, 19, 14, 14, 14, 14, 0]	fnde-snnnsnnnn
Epoch is 15
epoch 15	[ DISC	loss : 0.021433 ]	[ ADV	loss : 0.311673 ]
[5, 6, 15, 5, 19, 14, 14, 19, 14, 0, 0, 0, 14, 0, 0]	efoesnnsnn
[5, 34, 5, 5, 19, 19, 14, 19, 0, 14, 14, 14, 6, 14, 0]	e7eessnsnnnfn
[19, 5, 14, 19, 19, 19, 19, 19, 0, 14, 0, 0, 14, 0, 0]	sensssssnn
[37, 20, 5, 6, 19, 14, 14, 19, 14, 6, 14, 14, 19, 6, 0]	-tefsnnsnfnnsf
[5, 19, 19, 6, 19, 14, 14, 19, 19, 0, 6, 19, 14, 0, 0]	essfsnnssfsn
[5, 10, 15, 19, 14, 19, 19, 14, 0, 19, 0, 14, 0, 0, 0]	ejosnssnsn
[10, 5, 19, 14, 19, 14, 19, 14, 6, 0, 6, 0, 0, 19, 0]	jesnsnsnffs
[19, 10, 19, 6, 6, 19, 0, 14, 19, 19, 14, 14, 0, 14, 0]	sjsffsnssnnn
[37, 20, 6, 6, 14, 14, 19, 19, 14, 14, 19, 0, 0, 19, 0]	-tffnnssnnss
[6, 19, 5, 19, 14, 19, 14, 14, 19, 0, 14, 0, 0, 0, 0]	fsesnsnnsn
[20, 5, 19, 19, 6, 19, 19, 19, 19, 14, 19, 14, 14, 0, 0]	tessfssssnsnn
[34, 23, 14, 19, 19, 14, 14, 6, 0, 6, 14, 0, 14, 14, 0]	7wnssnnffnnn
[5, 5, 14, 14, 0, 19, 19, 19, 6, 14, 14, 6, 0, 0, 0]	eennsssfnnf
[19, 5, 5, 19, 14, 19, 5, 14, 6, 6, 6, 14, 19, 0, 0]	seesnsenfffns
[14, 22, 14, 19, 19, 19, 19, 19, 6, 14, 0, 0, 6, 0, 0]	nvnsssssfnf
Epoch is 16
epoch 16	[ DISC	loss : 0.009229 ]	[ ADV	loss : 0.415449 ]
[12, 14, 5, 14, 14, 37, 14, 5, 14, 19, 0, 14, 0, 6, 0]	lnenn-nensnf
[5, 5, 14, 14, 6, 6, 14, 6, 0, 0, 6, 14, 6, 19, 0]	eennffnffnfs
[12, 5, 19, 14, 6, 6, 14, 6, 14, 6, 37, 6, 0, 37, 0]	lesnffnfnf-f-
[5, 19, 6, 19, 37, 5, 14, 0, 6, 19, 0, 14, 6, 14, 0]	esfs-enfsnfn
[30, 12, 6, 6, 30, 0, 6, 19, 6, 6, 6, 6, 6, 0, 0]	3lff3fsfffff
[22, 5, 12, 14, 14, 6, 14, 37, 0, 14, 14, 6, 14, 6, 6]	velnnfn-nnfnff
[6, 6, 37, 6, 6, 6, 6, 22, 14, 6, 19, 14, 10, 5, 0]	ff-ffffvnfsnje
[10, 6, 14, 6, 6, 0, 6, 6, 19, 6, 6, 14, 6, 6, 0]	jfnffffsffnff
[4, 12, 14, 5, 14, 14, 19, 14, 37, 14, 14, 0, 14, 0, 0]	dlnennsn-nnn
[23, 12, 14, 5, 6, 6, 37, 14, 14, 6, 6, 6, 0, 0, 0]	wlneff-nnfff
[5, 14, 14, 6, 6, 6, 37, 6, 14, 14, 6, 14, 14, 0, 0]	ennfff-fnnfnn
[12, 14, 6, 14, 5, 6, 14, 6, 19, 14, 14, 19, 14, 0, 0]	lnfnefnfsnnsn
[30, 6, 5, 6, 6, 14, 6, 14, 14, 0, 14, 0, 0, 14, 0]	3feffnfnnnn
[5, 6, 5, 14, 5, 19, 6, 5, 5, 0, 0, 14, 0, 0, 0]	efenesfeen
[14, 14, 6, 6, 6, 14, 19, 6, 6, 19, 0, 19, 14, 0, 0]	nnfffnsffssn
Epoch is 17
epoch 17	[ DISC	loss : 0.006521 ]	[ ADV	loss : 0.251669 ]
[14, 14, 6, 6, 19, 37, 5, 6, 37, 19, 0, 6, 0, 0, 0]	nnffs-ef-sf
[5, 19, 6, 19, 6, 6, 14, 19, 37, 14, 14, 14, 6, 14, 0]	esfsffns-nnnfn
[5, 14, 14, 14, 6, 14, 37, 6, 19, 37, 6, 37, 0, 0, 0]	ennnfn-fs-f-
[12, 14, 6, 6, 0, 37, 14, 19, 19, 0, 14, 14, 0, 0, 0]	lnff-nssnn
[6, 37, 19, 14, 6, 14, 14, 6, 14, 37, 37, 19, 6, 6, 0]	f-snfnnfn--sff
[10, 37, 19, 6, 37, 6, 5, 19, 19, 14, 37, 19, 0, 0, 0]	j-sf-fessn-s
[37, 5, 6, 14, 6, 5, 14, 37, 14, 6, 14, 5, 0, 37, 0]	-efnfen-nfne-
[14, 6, 37, 0, 19, 0, 6, 37, 6, 0, 0, 0, 19, 0, 0]	nf-sf-fs
[22, 37, 14, 6, 6, 14, 19, 14, 37, 37, 37, 14, 0, 14, 0]	v-nffnsn---nn
[10, 14, 37, 5, 19, 37, 6, 19, 6, 0, 37, 19, 0, 0, 0]	jn-es-fsf-s
[0, 12, 6, 14, 37, 6, 0, 14, 14, 19, 0, 19, 0, 0, 0]	lfn-fnnss
[0, 5, 14, 37, 37, 14, 6, 14, 0, 37, 14, 0, 0, 0, 0]	en--nfn-n
[37, 14, 19, 6, 5, 14, 14, 14, 19, 6, 0, 14, 37, 14, 0]	-nsfennnsfn-n
[23, 19, 6, 14, 37, 6, 37, 19, 6, 19, 37, 14, 19, 6, 0]	wsfn-f-sfs-nsf
[6, 14, 14, 14, 19, 19, 14, 19, 6, 19, 37, 37, 19, 0, 0]	fnnnssnsfs--s
Epoch is 18
