experiments/20171215-155340
MORE TRAINING on the model 20171214-173747
_________________________________________________________________
Layer (type)                 Output Shape              Param #   
=================================================================
Generator (Model)            (None, 15, 38)            15572     
_________________________________________________________________
Discriminator (Model)        (None, 1)                 3141      
=================================================================
Total params: 18,713
Trainable params: 18,713
Non-trainable params: 0
_________________________________________________________________
Epoch is 0
Number of batches 556
Batch size: 32
domains_batch size:	(32, 15, 38)
generated domains shape:	(32, 15, 38)
training set shape	(32, 15, 38)
target shape (32, 1)
epoch 0	mini-batch 549	[ DISC	loss : 0.093174 ]	[ ADV	loss : 0.855273 ]
[14, 8, 4, 18, 18, 1, 18, 1, 18, 1, 1, 1, 1, 18, 20]	nhdrrararaaaart
[20, 1, 1, 20, 1, 1, 1, 1, 1, 1, 1, 1, 1, 1, 19]	taataaaaaaaaaas
[0, 0, 0, 0, 11, 9, 15, 11, 11, 11, 11, 12, 1, 12, 19]	kiokkkklals
[0, 0, 0, 13, 5, 11, 11, 11, 11, 11, 11, 11, 11, 11, 19]	mekkkkkkkkks
[0, 0, 21, 11, 5, 19, 12, 1, 12, 9, 7, 7, 7, 7, 19]	ukeslaliggggs
[0, 0, 0, 0, 0, 0, 2, 2, 2, 2, 2, 2, 2, 2, 14]	bbbbbbbbn
[13, 8, 1, 1, 1, 1, 1, 2, 1, 1, 7, 7, 3, 3, 13]	mhaaaaabaaggccm
[14, 1, 12, 12, 12, 37, 37, 1, 15, 15, 15, 15, 15, 15, 12]	nalll--aooooool
[0, 0, 2, 2, 2, 2, 12, 8, 1, 1, 1, 1, 4, 1, 6]	bbbblhaaaadaf
[0, 7, 7, 7, 18, 18, 18, 18, 2, 2, 2, 2, 2, 2, 18]	gggrrrrbbbbbbr
[14, 6, 6, 6, 6, 6, 6, 6, 6, 6, 6, 5, 5, 5, 5]	nffffffffffeeee
[0, 0, 21, 19, 1, 5, 5, 5, 5, 5, 5, 5, 5, 5, 19]	usaeeeeeeeees
[18, 18, 20, 20, 20, 20, 20, 20, 20, 20, 20, 18, 18, 18, 15]	rrtttttttttrrro
[0, 0, 0, 0, 14, 6, 13, 13, 15, 23, 9, 19, 19, 23, 20]	nfmmowisswt
[0, 0, 0, 13, 1, 1, 4, 1, 1, 21, 21, 15, 15, 15, 19]	maadaauuooos
Epoch is 1
epoch 1	mini-batch 549	[ DISC	loss : 0.117408 ]	[ ADV	loss : 0.976709 ]
[5, 18, 18, 18, 18, 18, 18, 18, 18, 18, 18, 20, 15, 8, 8]	errrrrrrrrrtohh
[1, 13, 13, 13, 13, 13, 13, 13, 13, 13, 13, 13, 13, 13, 5]	ammmmmmmmmmmmme
[0, 3, 3, 1, 18, 1, 13, 3, 12, 13, 13, 13, 13, 13, 13]	ccaramclmmmmmm
[0, 0, 0, 0, 14, 12, 4, 4, 4, 4, 15, 19, 18, 4, 19]	nlddddosrds
[0, 0, 0, 0, 2, 4, 13, 15, 4, 19, 19, 19, 4, 4, 4]	bdmodsssddd
[5, 0, 0, 0, 0, 0, 0, 0, 0, 12, 12, 12, 12, 12, 20]	elllllt
[19, 5, 16, 8, 8, 8, 8, 22, 3, 3, 3, 3, 3, 3, 15]	sephhhhvcccccco
[5, 5, 13, 13, 5, 5, 5, 5, 5, 5, 5, 5, 5, 5, 13]	eemmeeeeeeeeeem
[20, 18, 5, 5, 16, 8, 8, 8, 8, 16, 16, 16, 15, 15, 15]	treephhhhpppooo
[16, 16, 16, 16, 16, 16, 16, 16, 16, 16, 16, 16, 16, 16, 1]	ppppppppppppppa
[23, 12, 12, 12, 12, 21, 5, 5, 5, 5, 5, 5, 5, 5, 0]	wllllueeeeeeee
[0, 0, 0, 6, 6, 6, 22, 22, 22, 2, 2, 2, 2, 2, 22]	fffvvvbbbbbv
[0, 0, 20, 18, 12, 12, 12, 12, 12, 15, 15, 15, 19, 15, 16]	trlllllooosop
[0, 0, 19, 4, 4, 4, 5, 21, 21, 21, 14, 5, 5, 5, 16]	sdddeuuuneeep
[18, 1, 18, 9, 22, 9, 9, 1, 22, 22, 9, 22, 22, 22, 18]	rariviiavvivvvr
Epoch is 2
epoch 2	mini-batch 549	[ DISC	loss : 0.126256 ]	[ ADV	loss : 0.927485 ]
[18, 6, 5, 18, 15, 15, 18, 18, 15, 3, 18, 15, 15, 18, 5]	rferoorrocroore
[13, 13, 5, 5, 8, 9, 9, 21, 21, 22, 22, 15, 22, 22, 5]	mmeehiiuuvvovve
[18, 18, 18, 6, 15, 15, 18, 18, 18, 18, 18, 18, 18, 18, 5]	rrrfoorrrrrrrre
[0, 7, 20, 12, 15, 20, 20, 20, 20, 20, 20, 20, 20, 20, 19]	gtlottttttttts
[2, 2, 12, 12, 12, 12, 12, 12, 12, 12, 12, 12, 12, 12, 18]	bbllllllllllllr
[14, 5, 15, 14, 12, 5, 12, 12, 12, 12, 12, 12, 12, 12, 19]	neonlelllllllls
[18, 18, 15, 15, 15, 15, 15, 15, 15, 15, 15, 15, 15, 15, 19]	rroooooooooooos
[12, 15, 15, 5, 5, 5, 5, 5, 5, 5, 5, 5, 5, 5, 19]	looeeeeeeeeeees
[19, 15, 1, 5, 13, 13, 5, 8, 8, 20, 20, 20, 20, 20, 5]	soaemmehhttttte
[18, 5, 5, 16, 16, 16, 16, 16, 16, 16, 16, 16, 16, 16, 21]	reepppppppppppu
[1, 9, 9, 9, 9, 9, 9, 9, 9, 9, 9, 9, 9, 9, 20]	aiiiiiiiiiiiiit
[0, 0, 10, 11, 4, 4, 14, 21, 23, 21, 13, 13, 13, 13, 16]	jkddnuwummmmp
[21, 18, 12, 21, 15, 15, 15, 15, 15, 2, 2, 2, 2, 22, 15]	urluooooobbbbvo
[0, 12, 5, 15, 5, 18, 5, 19, 19, 19, 5, 15, 21, 20, 13]	leoeressseoutm
[20, 18, 18, 18, 18, 18, 18, 18, 18, 18, 18, 18, 18, 18, 5]	trrrrrrrrrrrrre
Epoch is 3
epoch 3	mini-batch 549	[ DISC	loss : 0.076106 ]	[ ADV	loss : 0.912989 ]
[0, 6, 17, 17, 18, 16, 16, 16, 16, 12, 12, 12, 18, 18, 8]	fqqrpppplllrrh
[0, 0, 12, 15, 5, 37, 37, 5, 5, 5, 5, 5, 3, 3, 5]	loe--eeeeecce
[1, 2, 12, 14, 16, 15, 18, 9, 2, 2, 18, 22, 18, 18, 15]	ablnporibbrvrro
[0, 0, 0, 20, 14, 20, 9, 9, 11, 9, 9, 14, 4, 9, 19]	tntiikiindis
[14, 14, 5, 14, 5, 5, 5, 5, 5, 5, 5, 5, 5, 5, 19]	nneneeeeeeeeees
[5, 4, 1, 3, 16, 16, 16, 16, 16, 15, 15, 15, 2, 20, 20]	edacpppppooobtt
[0, 15, 2, 24, 6, 15, 6, 9, 4, 4, 1, 4, 4, 4, 19]	obxfofiddaddds
[6, 8, 18, 16, 16, 16, 16, 16, 16, 19, 21, 21, 21, 21, 6]	fhrppppppsuuuuf
[0, 0, 0, 14, 18, 9, 14, 37, 5, 19, 19, 19, 19, 19, 20]	nrin-essssst
[15, 18, 6, 6, 6, 18, 6, 6, 6, 6, 6, 6, 6, 6, 5]	orfffrffffffffe
[0, 0, 12, 6, 6, 18, 18, 16, 3, 3, 16, 16, 16, 16, 15]	lffrrpccppppo
[0, 12, 12, 16, 16, 16, 16, 16, 16, 16, 16, 16, 16, 16, 16]	llpppppppppppp
[6, 21, 16, 16, 16, 16, 16, 16, 16, 16, 16, 16, 16, 16, 5]	fuppppppppppppe
[18, 5, 8, 5, 19, 19, 5, 5, 19, 5, 5, 5, 5, 5, 19]	rehesseeseeeees
[20, 13, 12, 18, 18, 18, 18, 3, 3, 3, 3, 3, 3, 18, 5]	tmlrrrrccccccre
Epoch is 4
epoch 4	mini-batch 549	[ DISC	loss : 0.504996 ]	[ ADV	loss : 0.793338 ]
[1, 3, 3, 3, 3, 3, 3, 1, 3, 3, 3, 3, 3, 3, 14]	accccccaccccccn
[18, 3, 3, 22, 2, 2, 2, 2, 3, 3, 3, 3, 3, 3, 5]	rccvbbbbcccccce
[0, 0, 0, 1, 15, 12, 12, 5, 11, 11, 11, 4, 4, 1, 19]	aollekkkddas
[0, 12, 0, 0, 0, 0, 6, 5, 4, 19, 19, 9, 8, 20, 5]	lfedssihte
[0, 0, 7, 12, 5, 12, 5, 5, 4, 4, 4, 4, 4, 4, 12]	gleleeddddddl
[5, 11, 21, 19, 3, 3, 1, 18, 18, 18, 18, 18, 18, 18, 5]	ekusccarrrrrrre
[18, 18, 18, 18, 18, 22, 22, 22, 22, 22, 22, 22, 22, 22, 15]	rrrrrvvvvvvvvvo
[5, 21, 20, 13, 1, 5, 3, 1, 13, 1, 12, 12, 3, 5, 21]	eutmaecamallceu
[2, 3, 6, 5, 13, 6, 6, 6, 18, 18, 18, 18, 18, 18, 5]	bcfemfffrrrrrre
[5, 0, 0, 0, 1, 2, 19, 13, 5, 13, 6, 18, 9, 20, 5]	eabsmemfrite
[0, 0, 0, 5, 5, 21, 5, 8, 22, 9, 3, 9, 2, 2, 5]	eeuehvicibbe
[0, 0, 11, 11, 6, 5, 19, 19, 19, 19, 19, 19, 19, 19, 4]	kkfessssssssd
[13, 4, 4, 4, 4, 4, 4, 4, 4, 4, 4, 4, 4, 4, 6]	mdddddddddddddf
[19, 6, 9, 8, 8, 2, 8, 8, 2, 2, 2, 2, 2, 2, 5]	sfihhbhhbbbbbbe
[19, 3, 5, 20, 8, 23, 5, 8, 8, 8, 8, 8, 8, 8, 1]	scethwehhhhhhha
Epoch is 5
epoch 5	mini-batch 549	[ DISC	loss : 0.141300 ]	[ ADV	loss : 0.746153 ]
[19, 19, 5, 3, 20, 5, 18, 1, 18, 18, 18, 18, 18, 18, 1]	ssecterarrrrrra
[20, 16, 16, 12, 8, 15, 15, 15, 15, 15, 15, 15, 15, 15, 19]	tpplhooooooooos
[0, 0, 7, 13, 9, 9, 20, 9, 20, 9, 24, 9, 9, 9, 19]	gmiititixiiis
[12, 5, 1, 1, 1, 1, 1, 1, 1, 1, 1, 1, 1, 1, 6]	leaaaaaaaaaaaaf
[5, 5, 5, 12, 20, 20, 5, 20, 20, 5, 20, 5, 5, 20, 20]	eeelttetteteett
[5, 18, 5, 5, 5, 5, 5, 5, 5, 5, 5, 18, 18, 18, 5]	ereeeeeeeeerrre
[0, 0, 0, 0, 0, 12, 3, 12, 9, 12, 14, 9, 12, 12, 5]	lclilnille
[14, 6, 1, 1, 1, 1, 5, 5, 4, 5, 5, 5, 5, 5, 16]	nfaaaaeedeeeeep
[0, 0, 0, 14, 9, 9, 37, 37, 11, 11, 9, 9, 9, 9, 19]	nii--kkiiiis
[4, 4, 19, 19, 4, 4, 5, 19, 14, 14, 14, 14, 14, 14, 7]	ddssddesnnnnnng
[1, 21, 21, 20, 20, 20, 5, 5, 5, 5, 5, 5, 5, 5, 20]	auuttteeeeeeeet
[0, 3, 12, 7, 7, 12, 20, 20, 8, 9, 9, 20, 20, 20, 20]	clggltthiitttt
[0, 0, 15, 1, 13, 3, 12, 5, 8, 5, 8, 1, 20, 20, 5]	oamclehehatte
[18, 18, 5, 5, 5, 5, 5, 5, 5, 5, 5, 5, 5, 5, 5]	rreeeeeeeeeeeee
[0, 0, 3, 3, 3, 4, 5, 7, 7, 3, 3, 12, 20, 20, 5]	cccdeggccltte
Epoch is 6
epoch 6	mini-batch 549	[ DISC	loss : 1.568822 ]	[ ADV	loss : 0.883579 ]
[0, 7, 21, 14, 9, 11, 11, 11, 11, 11, 11, 11, 11, 11, 19]	gunikkkkkkkkks
[5, 2, 9, 18, 2, 2, 2, 2, 2, 2, 2, 2, 2, 2, 9]	ebirbbbbbbbbbbi
[14, 0, 0, 0, 12, 12, 5, 20, 20, 5, 20, 5, 20, 20, 24]	nllettetettx
[5, 20, 20, 20, 20, 20, 20, 20, 20, 20, 20, 20, 20, 20, 5]	ettttttttttttte
[0, 0, 0, 9, 2, 12, 12, 12, 12, 12, 12, 20, 20, 20, 5]	ibllllllttte
[16, 24, 24, 6, 15, 15, 9, 24, 24, 24, 24, 24, 9, 24, 19]	pxxfooixxxxxixs
[0, 15, 16, 3, 4, 4, 5, 4, 5, 5, 5, 5, 5, 4, 4]	opcddedeeeeedd
[0, 0, 7, 12, 12, 1, 12, 12, 20, 20, 20, 9, 12, 12, 4]	gllalltttilld
[0, 15, 12, 12, 12, 5, 4, 12, 5, 19, 19, 19, 15, 19, 19]	ollledlesssoss
[1, 0, 0, 0, 13, 12, 15, 12, 15, 12, 15, 12, 15, 20, 19]	amlolololots
[0, 0, 21, 12, 5, 12, 12, 5, 18, 18, 5, 5, 20, 20, 18]	ulellerreettr
[24, 24, 6, 5, 4, 20, 4, 20, 4, 20, 4, 20, 20, 20, 6]	xxfedtdtdtdtttf
[14, 15, 5, 5, 5, 5, 5, 20, 15, 15, 15, 15, 15, 20, 15]	noeeeeetoooooto
[0, 0, 5, 11, 4, 5, 4, 4, 4, 4, 4, 4, 1, 1, 19]	ekdeddddddaas
[0, 0, 0, 0, 20, 16, 15, 7, 7, 12, 8, 8, 8, 2, 15]	tpogglhhhbo
Epoch is 7
epoch 7	mini-batch 549	[ DISC	loss : 0.096156 ]	[ ADV	loss : 1.153482 ]
[1, 1, 22, 2, 20, 20, 20, 20, 20, 20, 20, 18, 20, 20, 5]	aavbtttttttrtte
[18, 3, 3, 20, 1, 18, 18, 18, 18, 18, 18, 18, 18, 18, 1]	rcctarrrrrrrrra
[23, 9, 1, 1, 1, 1, 1, 1, 1, 3, 3, 3, 3, 3, 1]	wiaaaaaaaccccca
[5, 23, 23, 5, 5, 5, 5, 5, 5, 5, 5, 20, 5, 5, 15]	ewweeeeeeeeteeo
[0, 0, 0, 15, 14, 9, 10, 10, 5, 10, 10, 10, 21, 10, 19]	onijjejjjujs
[1, 14, 1, 5, 1, 1, 1, 1, 1, 1, 1, 1, 1, 1, 19]	anaeaaaaaaaaaas
[20, 20, 18, 18, 18, 18, 18, 18, 18, 18, 18, 18, 18, 18, 1]	ttrrrrrrrrrrrra
[1, 14, 14, 6, 4, 6, 6, 19, 5, 13, 13, 13, 13, 13, 20]	annfdffsemmmmmt
[20, 9, 22, 9, 9, 9, 14, 9, 14, 14, 19, 19, 1, 14, 19]	tiviiininnssans
[13, 5, 5, 18, 18, 14, 14, 14, 18, 13, 13, 13, 13, 13, 20]	meerrnnnrmmmmmt
[1, 14, 19, 19, 19, 14, 14, 14, 14, 14, 15, 14, 14, 14, 19]	ansssnnnnnonnns
[0, 0, 0, 20, 20, 20, 20, 19, 19, 5, 20, 21, 21, 14, 19]	ttttssetuuns
[0, 0, 15, 14, 19, 15, 14, 15, 19, 19, 1, 20, 20, 20, 19]	onsonossattts
[1, 18, 5, 14, 5, 14, 5, 14, 14, 14, 14, 14, 14, 14, 19]	arenenennnnnnns
[15, 14, 19, 15, 19, 15, 19, 15, 19, 15, 19, 15, 19, 15, 15]	onsosososososoo
Epoch is 8
epoch 8	mini-batch 549	[ DISC	loss : 0.020742 ]	[ ADV	loss : 0.860337 ]
[16, 12, 5, 5, 5, 18, 18, 18, 18, 18, 18, 18, 18, 18, 1]	pleeerrrrrrrrra
[0, 0, 0, 3, 19, 19, 19, 19, 19, 19, 9, 21, 13, 13, 20]	cssssssiummt
[2, 13, 13, 0, 13, 0, 0, 0, 0, 0, 0, 0, 0, 0, 20]	bmmmt
[1, 12, 5, 5, 5, 5, 5, 5, 5, 5, 5, 5, 5, 5, 5]	aleeeeeeeeeeeee
[0, 15, 19, 9, 9, 21, 21, 21, 21, 22, 22, 22, 22, 22, 26]	osiiuuuuvvvvvz
[0, 0, 37, 5, 4, 1, 12, 15, 19, 5, 15, 14, 12, 15, 5]	-edaloseonloe
[1, 1, 1, 12, 12, 12, 12, 12, 12, 12, 12, 12, 12, 12, 20]	aaalllllllllllt
[13, 1, 18, 9, 21, 13, 6, 1, 1, 6, 6, 6, 6, 6, 19]	mariumfaafffffs
[0, 0, 7, 9, 7, 7, 7, 7, 7, 7, 7, 7, 7, 7, 19]	giggggggggggs
[0, 21, 18, 12, 4, 21, 23, 21, 1, 1, 1, 1, 1, 1, 19]	urlduwuaaaaaas
[15, 19, 9, 3, 21, 22, 3, 3, 22, 22, 22, 22, 22, 22, 1]	osicuvccvvvvvva
[13, 12, 12, 12, 12, 12, 12, 12, 12, 12, 12, 5, 5, 5, 1]	mlllllllllleeea
[1, 9, 15, 18, 16, 16, 16, 16, 16, 16, 8, 8, 8, 16, 15]	aiorpppppphhhpo
[0, 0, 7, 7, 9, 21, 19, 7, 9, 9, 23, 7, 12, 12, 4]	ggiusgiiwglld
[0, 0, 0, 0, 14, 6, 9, 13, 1, 21, 21, 21, 21, 21, 19]	nfimauuuuus
Epoch is 9
epoch 9	mini-batch 549	[ DISC	loss : 0.150127 ]	[ ADV	loss : 0.711329 ]
[0, 15, 0, 7, 4, 15, 9, 9, 7, 7, 15, 7, 9, 8, 1]	ogdoiiggogiha
[0, 1, 14, 19, 4, 9, 16, 9, 15, 16, 16, 16, 16, 16, 5]	ansdipiopppppe
[3, 18, 18, 18, 18, 18, 18, 18, 3, 3, 3, 20, 5, 8, 5]	crrrrrrrccctehe
[9, 2, 1, 18, 5, 18, 5, 13, 9, 18, 12, 18, 18, 18, 12]	ibareremirlrrrl
[0, 0, 0, 1, 3, 3, 3, 3, 3, 3, 3, 3, 3, 3, 20]	acccccccccct
[5, 4, 5, 8, 16, 16, 18, 18, 18, 18, 18, 18, 18, 18, 15]	edehpprrrrrrrro
[0, 19, 0, 0, 15, 15, 18, 8, 12, 14, 18, 14, 22, 23, 11]	soorhlnrnvwk
[9, 0, 18, 18, 18, 18, 2, 2, 2, 2, 2, 2, 2, 2, 1]	irrrrbbbbbbbba
[16, 16, 1, 6, 6, 16, 16, 16, 16, 16, 16, 16, 16, 16, 12]	ppaffpppppppppl
[0, 15, 14, 14, 8, 2, 8, 2, 8, 2, 8, 2, 8, 2, 8]	onnhbhbhbhbhbh
[3, 3, 3, 1, 7, 7, 7, 7, 7, 7, 4, 20, 9, 15, 19]	cccaggggggdtios
[0, 15, 15, 18, 3, 37, 37, 3, 5, 5, 5, 5, 5, 5, 4]	oorc--ceeeeeed
[20, 4, 18, 5, 5, 4, 4, 4, 4, 1, 1, 4, 4, 4, 6]	tdreeddddaadddf
[18, 9, 9, 12, 0, 0, 14, 21, 7, 20, 4, 4, 9, 18, 18]	riilnugtddirr
[14, 4, 4, 0, 0, 0, 9, 4, 4, 4, 4, 4, 20, 1, 19]	nddidddddtas
Epoch is 10
epoch 10	mini-batch 549	[ DISC	loss : 0.460541 ]	[ ADV	loss : 1.137805 ]
[0, 14, 13, 20, 14, 5, 5, 5, 8, 20, 20, 20, 21, 14, 11]	nmtneeehtttunk
[19, 5, 19, 19, 15, 19, 29, 29, 4, 23, 23, 23, 16, 16, 1]	sessos22dwwwppa
[15, 18, 18, 15, 18, 18, 18, 18, 18, 14, 14, 14, 14, 14, 5]	orrorrrrrnnnnne
[1, 16, 5, 16, 16, 16, 16, 16, 16, 16, 16, 16, 16, 16, 19]	apeppppppppppps
[13, 5, 20, 20, 20, 5, 5, 7, 7, 7, 7, 7, 7, 7, 14]	mettteegggggggn
[0, 0, 15, 2, 14, 15, 12, 4, 5, 23, 23, 23, 12, 23, 11]	obnoldewwwlwk
[23, 16, 23, 26, 26, 26, 26, 26, 26, 26, 26, 26, 26, 26, 20]	wpwzzzzzzzzzzzt
[9, 2, 2, 37, 37, 37, 37, 37, 37, 37, 37, 37, 37, 37, 20]	ibb-----------t
[0, 0, 20, 20, 1, 7, 20, 20, 9, 14, 20, 4, 8, 1, 18]	ttagttintdhar
[0, 0, 0, 0, 0, 2, 26, 11, 11, 5, 13, 20, 4, 18, 15]	bzkkemtdro
[13, 6, 15, 8, 20, 20, 15, 2, 2, 2, 2, 2, 2, 2, 15]	mfohttobbbbbbbo
[20, 9, 0, 0, 8, 4, 8, 8, 8, 20, 20, 15, 15, 14, 19]	tihdhhhttoons
[20, 20, 18, 8, 18, 18, 18, 18, 18, 18, 18, 18, 18, 18, 1]	ttrhrrrrrrrrrra
[14, 7, 7, 7, 0, 7, 7, 5, 14, 14, 14, 14, 11, 14, 13]	ngggggennnnknm
[1, 6, 6, 5, 6, 6, 6, 6, 6, 8, 8, 8, 8, 8, 12]	affefffffhhhhhl
Epoch is 11
epoch 11	mini-batch 549	[ DISC	loss : 0.029682 ]	[ ADV	loss : 1.136134 ]
[0, 0, 6, 18, 5, 5, 18, 18, 13, 21, 18, 21, 21, 21, 11]	freerrmuruuuk
[20, 1, 18, 1, 18, 18, 18, 1, 18, 18, 18, 18, 18, 18, 1]	tararrrarrrrrra
[3, 3, 3, 7, 15, 18, 3, 5, 3, 3, 3, 3, 1, 3, 12]	cccgorceccccacl
[13, 1, 18, 1, 18, 1, 8, 1, 8, 2, 2, 2, 2, 3, 15]	mararahahbbbbco
[5, 12, 15, 5, 5, 5, 19, 5, 15, 13, 15, 4, 1, 1, 19]	eloeeeseomodaas
[1, 1, 18, 4, 21, 21, 21, 21, 21, 21, 21, 21, 21, 21, 22]	aarduuuuuuuuuuv
[16, 0, 0, 0, 12, 21, 10, 1, 37, 9, 9, 9, 9, 9, 5]	pluja-iiiiie
[12, 15, 14, 12, 5, 9, 15, 15, 15, 15, 15, 15, 15, 15, 12]	lonleiooooooool
[14, 1, 1, 11, 1, 1, 11, 1, 1, 1, 1, 1, 1, 1, 13]	naakaakaaaaaaam
[9, 18, 5, 8, 8, 8, 5, 5, 14, 12, 12, 12, 1, 21, 19]	irehhheenlllaus
[9, 9, 2, 2, 2, 12, 12, 15, 15, 14, 15, 10, 15, 10, 19]	iibbblloonojojs
[7, 5, 1, 1, 4, 5, 7, 7, 7, 7, 7, 7, 7, 7, 19]	geaadeggggggggs
[0, 0, 14, 11, 15, 15, 15, 15, 9, 9, 9, 7, 7, 9, 12]	nkooooiiiggil
[1, 18, 18, 18, 18, 18, 18, 18, 18, 18, 18, 18, 18, 18, 22]	arrrrrrrrrrrrrv
[5, 5, 18, 15, 20, 20, 20, 20, 20, 20, 20, 20, 18, 18, 1]	eerottttttttrra
Epoch is 12
epoch 12	mini-batch 549	[ DISC	loss : 0.260952 ]	[ ADV	loss : 1.155648 ]
[1, 12, 15, 12, 12, 12, 12, 12, 12, 12, 12, 12, 12, 12, 19]	alollllllllllls
[5, 12, 4, 4, 7, 20, 20, 18, 18, 18, 18, 18, 18, 18, 8]	elddgttrrrrrrrh
[1, 6, 1, 18, 1, 18, 1, 1, 1, 1, 1, 3, 3, 3, 5]	afararaaaaaccce
[13, 18, 18, 18, 18, 5, 1, 18, 18, 5, 5, 18, 8, 19, 14]	mrrrrearreerhsn
[0, 0, 19, 3, 3, 15, 3, 1, 9, 9, 9, 9, 9, 9, 20]	sccocaiiiiiit
[9, 15, 23, 15, 13, 23, 20, 19, 20, 23, 23, 20, 23, 20, 5]	iowomwtstwwtwte
[14, 1, 14, 19, 19, 9, 7, 7, 7, 1, 7, 7, 7, 7, 7]	nanssigggaggggg
[0, 0, 5, 19, 5, 5, 5, 20, 5, 20, 20, 20, 20, 20, 19]	eseeetettttts
[3, 8, 5, 18, 18, 18, 18, 18, 18, 18, 18, 18, 18, 18, 5]	cherrrrrrrrrrre
[0, 3, 19, 5, 9, 3, 3, 18, 18, 18, 18, 18, 18, 18, 1]	cseiccrrrrrrra
[15, 0, 0, 19, 9, 9, 19, 19, 19, 19, 19, 19, 19, 19, 19]	osiisssssssss
[5, 6, 9, 8, 8, 8, 8, 8, 8, 8, 8, 8, 8, 8, 20]	efihhhhhhhhhhht
[15, 13, 5, 8, 8, 8, 8, 8, 8, 8, 8, 8, 8, 8, 1]	omehhhhhhhhhhha
[9, 19, 23, 18, 1, 14, 22, 9, 14, 18, 18, 18, 18, 18, 5]	iswranvinrrrrre
[0, 0, 19, 19, 5, 19, 1, 15, 9, 12, 4, 16, 16, 9, 20]	ssesaoildppit
Epoch is 13
epoch 13	mini-batch 549	[ DISC	loss : 0.316204 ]	[ ADV	loss : 0.809841 ]
[7, 5, 2, 2, 18, 5, 18, 2, 2, 2, 2, 2, 2, 2, 5]	gebbrerbbbbbbbe
[5, 20, 8, 4, 4, 8, 8, 8, 8, 8, 8, 8, 8, 8, 5]	ethddhhhhhhhhhe
[16, 4, 5, 5, 5, 5, 5, 5, 5, 5, 5, 5, 6, 6, 5]	pdeeeeeeeeeeffe
[16, 4, 5, 5, 5, 5, 5, 5, 5, 5, 12, 12, 12, 12, 20]	pdeeeeeeeellllt
[0, 0, 3, 3, 19, 5, 1, 37, 7, 7, 7, 7, 7, 7, 26]	ccsea-ggggggz
[0, 0, 0, 7, 37, 3, 1, 12, 12, 15, 14, 1, 14, 15, 19]	g-callonanos
[18, 6, 6, 6, 6, 6, 6, 6, 6, 6, 6, 6, 6, 6, 12]	rfffffffffffffl
[18, 5, 18, 20, 4, 5, 20, 18, 18, 18, 18, 18, 18, 18, 1]	rertdetrrrrrrra
[19, 8, 8, 8, 8, 8, 8, 8, 8, 8, 8, 8, 8, 8, 20]	shhhhhhhhhhhhht
[1, 18, 15, 9, 3, 3, 3, 3, 3, 3, 3, 3, 3, 3, 5]	aroicccccccccce
[0, 0, 3, 16, 16, 16, 16, 8, 18, 3, 15, 8, 8, 7, 5]	cpppphrcohhge
[16, 5, 18, 5, 19, 19, 9, 18, 5, 19, 5, 5, 5, 5, 20]	peressireseeeet
[0, 21, 1, 21, 14, 14, 20, 20, 14, 5, 14, 5, 14, 20, 5]	uaunnttnenente
[14, 19, 15, 28, 28, 28, 28, 28, 28, 28, 28, 28, 28, 28, 19]	nso11111111111s
[14, 4, 5, 12, 5, 12, 5, 5, 5, 5, 5, 5, 5, 5, 20]	ndeleleeeeeeeet
Epoch is 14
epoch 14	mini-batch 549	[ DISC	loss : 0.256450 ]	[ ADV	loss : 0.671121 ]
[13, 5, 8, 1, 3, 12, 3, 8, 1, 3, 3, 3, 3, 3, 15]	mehaclchaccccco
[0, 18, 18, 37, 6, 9, 37, 37, 37, 37, 37, 7, 7, 7, 19]	rr-fi-----gggs
[0, 2, 19, 9, 1, 8, 13, 9, 20, 9, 13, 9, 9, 13, 19]	bsiahmitimiims
[12, 26, 26, 26, 26, 26, 26, 26, 19, 19, 19, 19, 19, 6, 9]	lzzzzzzzsssssfi
[2, 5, 5, 5, 5, 5, 5, 5, 5, 5, 5, 5, 5, 5, 5]	beeeeeeeeeeeeee
[9, 13, 5, 18, 18, 18, 18, 18, 18, 7, 7, 20, 20, 20, 20]	imerrrrrrggtttt
[0, 0, 12, 21, 19, 19, 19, 19, 19, 37, 37, 37, 37, 37, 14]	lusssss-----n
[0, 13, 6, 12, 15, 14, 37, 1, 14, 37, 14, 5, 20, 5, 19]	mflon-an-netes
[0, 0, 14, 21, 13, 13, 9, 1, 23, 21, 21, 21, 21, 9, 19]	nummiawuuuuis
[15, 1, 14, 7, 9, 13, 15, 15, 13, 13, 4, 1, 13, 13, 18]	oangimoommdammr
[9, 16, 15, 3, 16, 3, 18, 18, 18, 18, 18, 18, 18, 18, 15]	ipocpcrrrrrrrro
[16, 9, 18, 18, 18, 18, 18, 18, 18, 18, 18, 18, 18, 18, 5]	pirrrrrrrrrrrre
[5, 1, 21, 9, 11, 19, 19, 9, 14, 9, 19, 19, 19, 9, 19]	eauikssinisssis
[1, 21, 14, 11, 13, 28, 19, 9, 13, 13, 18, 18, 18, 18, 15]	aunkm1simmrrrro
[2, 0, 21, 21, 19, 9, 7, 9, 9, 9, 9, 9, 9, 9, 19]	buusigiiiiiiis
Epoch is 15
epoch 15	mini-batch 549	[ DISC	loss : 0.110819 ]	[ ADV	loss : 1.224109 ]
[18, 16, 9, 9, 5, 5, 9, 9, 9, 9, 5, 5, 5, 9, 19]	rpiieeiiiieeeis
[3, 1, 4, 5, 9, 3, 3, 3, 3, 3, 3, 3, 3, 9, 13]	cadeiccccccccim
[21, 3, 5, 5, 20, 20, 20, 8, 8, 8, 8, 8, 8, 8, 1]	uceettthhhhhhha
[12, 12, 1, 20, 20, 20, 20, 20, 20, 20, 20, 20, 20, 20, 3]	llatttttttttttc
[0, 2, 5, 14, 8, 4, 5, 6, 19, 8, 3, 9, 3, 3, 20]	benhdefshcicct
[5, 8, 20, 8, 20, 8, 18, 8, 20, 20, 18, 18, 18, 18, 9]	ehththrhttrrrri
[3, 3, 3, 3, 3, 3, 3, 3, 3, 3, 3, 3, 3, 3, 4]	ccccccccccccccd
[5, 8, 8, 8, 8, 8, 8, 18, 2, 2, 8, 8, 2, 2, 1]	ehhhhhhrbbhhbba
[0, 0, 1, 13, 12, 11, 11, 11, 11, 14, 14, 14, 14, 14, 19]	amlkkkknnnnns
[14, 7, 7, 7, 7, 7, 7, 7, 7, 7, 5, 5, 5, 5, 20]	ngggggggggeeeet
[0, 13, 5, 14, 13, 2, 2, 2, 2, 2, 2, 2, 2, 2, 18]	menmbbbbbbbbbr
[0, 0, 20, 19, 3, 12, 20, 9, 20, 20, 20, 20, 20, 20, 19]	tscltitttttts
[4, 4, 21, 16, 21, 16, 22, 22, 22, 22, 22, 22, 22, 22, 15]	ddupupvvvvvvvvo
[4, 9, 5, 5, 5, 5, 5, 5, 5, 5, 5, 5, 5, 5, 5]	dieeeeeeeeeeeee
[2, 19, 0, 19, 0, 19, 3, 19, 0, 2, 1, 2, 2, 2, 18]	bssscsbabbbr
Epoch is 16
epoch 16	mini-batch 549	[ DISC	loss : 0.218720 ]	[ ADV	loss : 0.587897 ]
[0, 0, 24, 21, 21, 10, 19, 9, 18, 20, 1, 14, 14, 21, 7]	xuujsirtannug
[5, 5, 21, 1, 3, 3, 3, 3, 3, 9, 15, 15, 18, 15, 5]	eeuaccccciooroe
[0, 19, 5, 3, 9, 1, 4, 1, 13, 14, 14, 14, 1, 1, 7]	seciadamnnnaag
[4, 20, 5, 20, 20, 20, 20, 20, 20, 20, 20, 20, 20, 20, 9]	dtettttttttttti
[3, 3, 3, 5, 5, 8, 8, 8, 8, 8, 8, 8, 8, 8, 5]	ccceehhhhhhhhhe
[0, 4, 37, 20, 12, 5, 4, 12, 18, 18, 18, 18, 18, 18, 11]	d-tledlrrrrrrk
[0, 0, 20, 11, 20, 37, 20, 20, 20, 5, 14, 20, 20, 20, 14]	tkt-tttentttn
[5, 24, 1, 18, 18, 1, 4, 1, 1, 1, 1, 1, 1, 4, 5]	exarradaaaaaade
[0, 2, 2, 9, 15, 14, 20, 14, 8, 1, 18, 18, 15, 4, 5]	bbiontnharrode
[0, 1, 14, 20, 20, 5, 20, 20, 20, 1, 1, 3, 1, 3, 7]	anttetttaacacg
[0, 0, 21, 14, 5, 37, 37, 37, 37, 37, 37, 37, 37, 7, 20]	une--------gt
[18, 5, 18, 18, 18, 18, 5, 14, 14, 19, 7, 7, 9, 14, 19]	rerrrrennsggins
[15, 16, 5, 15, 15, 15, 15, 15, 15, 15, 5, 5, 5, 5, 3]	opeoooooooeeeec
[0, 0, 0, 14, 23, 23, 9, 37, 23, 20, 20, 20, 20, 20, 26]	nwwi-wtttttz
[0, 0, 10, 11, 5, 11, 20, 9, 9, 9, 20, 14, 1, 14, 4]	jkektiiitnand
Epoch is 17
epoch 17	mini-batch 549	[ DISC	loss : 0.049256 ]	[ ADV	loss : 1.157704 ]
[0, 0, 0, 0, 37, 6, 9, 9, 9, 1, 14, 5, 14, 9, 14]	-fiiianenin
[3, 3, 3, 3, 3, 3, 3, 3, 3, 3, 3, 3, 3, 3, 5]	cccccccccccccce
[0, 5, 20, 37, 14, 11, 11, 20, 5, 18, 18, 1, 13, 12, 16]	et-nkkterramlp
[0, 13, 20, 20, 37, 14, 37, 37, 5, 12, 5, 5, 5, 37, 12]	mtt-n--eleee-l
[9, 20, 22, 22, 22, 22, 22, 18, 18, 18, 14, 14, 14, 18, 9]	itvvvvvrrrnnnri
[15, 22, 9, 12, 9, 1, 1, 12, 15, 12, 12, 1, 12, 12, 1]	oviliaalollalla
[16, 18, 18, 18, 18, 18, 18, 18, 18, 18, 18, 18, 18, 18, 1]	prrrrrrrrrrrrra
[0, 0, 9, 37, 20, 1, 3, 9, 9, 1, 16, 16, 1, 18, 15]	i-taciiapparo
[14, 5, 4, 5, 5, 9, 9, 9, 9, 1, 1, 1, 1, 1, 19]	nedeeiiiiaaaaas
[20, 1, 24, 24, 24, 24, 24, 24, 24, 24, 24, 24, 24, 24, 1]	taxxxxxxxxxxxxa
[3, 21, 4, 3, 3, 9, 15, 15, 15, 15, 15, 15, 3, 5, 5]	cudccioooooocee
[13, 15, 18, 15, 15, 15, 20, 20, 20, 20, 20, 15, 23, 23, 1]	moroootttttowwa
[0, 20, 20, 15, 20, 20, 20, 15, 20, 20, 20, 20, 20, 14, 19]	ttotttotttttns
[0, 12, 3, 3, 3, 3, 5, 19, 5, 5, 7, 5, 5, 7, 4]	lcccceseegeegd
[6, 3, 9, 1, 1, 18, 15, 14, 9, 18, 9, 9, 14, 18, 5]	fciaaroniriinre
Epoch is 18
epoch 18	mini-batch 549	[ DISC	loss : 0.198261 ]	[ ADV	loss : 0.722680 ]
[16, 5, 16, 16, 18, 16, 16, 16, 16, 16, 16, 16, 16, 16, 15]	pepprpppppppppo
[2, 12, 12, 15, 13, 5, 4, 5, 19, 19, 5, 4, 4, 4, 18]	bllomedessedddr
[12, 20, 18, 18, 18, 18, 12, 12, 12, 12, 12, 12, 12, 12, 18]	ltrrrrllllllllr
[16, 9, 18, 18, 18, 18, 18, 18, 18, 18, 18, 18, 18, 18, 15]	pirrrrrrrrrrrro
[0, 1, 4, 1, 14, 2, 3, 3, 3, 1, 14, 37, 37, 12, 19]	adanbcccan--ls
[3, 3, 3, 18, 1, 1, 1, 1, 1, 1, 18, 1, 3, 3, 19]	cccraaaaaaraccs
[0, 0, 14, 20, 19, 5, 19, 5, 19, 5, 11, 5, 11, 11, 26]	ntsesesekekkz
[0, 0, 0, 13, 15, 13, 20, 5, 5, 20, 20, 20, 20, 14, 19]	momteettttns
[0, 0, 5, 20, 19, 20, 9, 15, 14, 3, 18, 18, 15, 14, 15]	etstioncrrono
[0, 2, 20, 5, 18, 15, 15, 15, 3, 3, 15, 3, 15, 3, 5]	bteroooccococe
[6, 1, 4, 4, 15, 16, 15, 15, 16, 16, 16, 16, 16, 16, 5]	faddopooppppppe
[0, 18, 0, 23, 18, 21, 18, 21, 18, 4, 5, 0, 18, 18, 5]	rwrururderre
[0, 19, 5, 19, 5, 19, 5, 19, 19, 19, 19, 19, 19, 19, 18]	sesesesssssssr
[19, 21, 19, 9, 19, 12, 16, 16, 16, 2, 2, 2, 2, 18, 21]	susislpppbbbbru
[18, 18, 20, 20, 18, 18, 18, 18, 18, 18, 18, 18, 18, 18, 21]	rrttrrrrrrrrrru
Epoch is 19
epoch 19	mini-batch 549	[ DISC	loss : 0.217173 ]	[ ADV	loss : 1.020504 ]
[5, 0, 18, 1, 14, 14, 3, 3, 4, 8, 15, 18, 18, 16, 9]	erannccdhorrpi
[15, 13, 15, 13, 5, 5, 15, 19, 19, 19, 19, 19, 19, 19, 7]	omomeeosssssssg
[0, 0, 0, 4, 4, 9, 31, 3, 1, 18, 20, 18, 14, 21, 9]	ddi4cartrnui
[0, 0, 37, 6, 9, 6, 6, 6, 37, 37, 37, 37, 37, 37, 18]	-fifff------r
[18, 9, 18, 18, 18, 18, 16, 16, 16, 16, 16, 16, 16, 16, 15]	rirrrrppppppppo
[0, 6, 6, 15, 15, 20, 15, 20, 20, 21, 21, 15, 12, 1, 19]	ffootottuuolas
[5, 18, 20, 15, 23, 8, 15, 13, 15, 8, 18, 18, 18, 18, 15]	ertowhomohrrrro
[13, 20, 20, 15, 20, 19, 19, 2, 2, 2, 2, 2, 2, 2, 5]	mttotssbbbbbbbe
[2, 19, 19, 19, 23, 23, 15, 1, 15, 15, 14, 19, 7, 7, 20]	bssswwoaoonsggt
[3, 6, 20, 8, 18, 18, 18, 18, 18, 18, 18, 18, 18, 18, 15]	cfthrrrrrrrrrro
[1, 14, 4, 9, 21, 18, 1, 1, 1, 1, 1, 1, 1, 1, 19]	andiuraaaaaaaas
[0, 14, 6, 1, 17, 17, 17, 17, 17, 17, 17, 17, 17, 17, 18]	nfaqqqqqqqqqqr
[15, 16, 16, 16, 8, 15, 16, 16, 15, 16, 16, 15, 1, 16, 15]	oppphoppoppoapo
[8, 8, 20, 20, 16, 16, 16, 8, 8, 8, 8, 8, 8, 8, 15]	hhttppphhhhhhho
[19, 2, 2, 2, 2, 2, 2, 2, 2, 2, 2, 2, 2, 2, 15]	sbbbbbbbbbbbbbo
Epoch is 20
epoch 20	mini-batch 549	[ DISC	loss : 0.037347 ]	[ ADV	loss : 0.732140 ]
[0, 0, 0, 7, 7, 9, 14, 1, 9, 7, 7, 1, 1, 1, 19]	gginaiggaaas
[0, 12, 9, 14, 37, 37, 37, 37, 37, 37, 37, 37, 37, 37, 19]	lin----------s
[12, 12, 8, 8, 8, 8, 8, 8, 8, 8, 8, 12, 12, 12, 9]	llhhhhhhhhhllli
[6, 5, 18, 1, 1, 1, 1, 1, 1, 1, 1, 1, 1, 1, 1]	feraaaaaaaaaaaa
[1, 1, 1, 1, 3, 12, 12, 12, 12, 12, 12, 12, 12, 12, 18]	aaaaclllllllllr
[0, 0, 0, 9, 14, 5, 1, 1, 3, 15, 14, 5, 5, 5, 19]	ineaaconeees
[9, 13, 16, 16, 16, 1, 13, 16, 16, 16, 16, 16, 16, 16, 14]	impppampppppppn
[21, 11, 14, 21, 14, 21, 21, 5, 12, 12, 12, 21, 21, 14, 15]	uknunuuellluuno
[12, 12, 12, 12, 12, 12, 12, 12, 4, 5, 8, 8, 8, 8, 9]	lllllllldehhhhi
[0, 14, 7, 9, 9, 1, 1, 1, 1, 1, 1, 1, 1, 1, 12]	ngiiaaaaaaaaal
[0, 12, 7, 3, 1, 1, 3, 3, 3, 3, 3, 3, 3, 3, 3]	lgcaaccccccccc
[0, 9, 12, 12, 12, 37, 9, 1, 1, 7, 7, 7, 7, 7, 4]	illl-iaagggggd
[0, 12, 5, 5, 5, 12, 12, 5, 5, 15, 15, 15, 15, 15, 15]	leeelleeoooooo
[12, 8, 8, 8, 8, 8, 8, 8, 8, 8, 8, 8, 8, 8, 18]	lhhhhhhhhhhhhhr
[0, 0, 3, 3, 3, 3, 3, 3, 7, 7, 7, 7, 7, 7, 22]	ccccccggggggv
Epoch is 21
epoch 21	mini-batch 549	[ DISC	loss : 0.068640 ]	[ ADV	loss : 0.979224 ]
[0, 6, 1, 1, 1, 4, 5, 4, 1, 5, 1, 5, 5, 5, 19]	faaadedaeaeees
[0, 5, 12, 37, 21, 20, 1, 5, 5, 21, 21, 21, 5, 4, 12]	el-utaeeuuuedl
[0, 0, 15, 14, 1, 4, 5, 14, 5, 5, 5, 5, 5, 5, 11]	onadeneeeeeek
[15, 18, 18, 18, 18, 18, 18, 18, 18, 18, 18, 18, 18, 18, 15]	orrrrrrrrrrrrro
[0, 13, 3, 5, 5, 5, 15, 14, 21, 14, 14, 14, 21, 21, 14]	mceeeonunnnuun
[0, 0, 0, 9, 19, 20, 9, 9, 19, 5, 5, 15, 5, 5, 19]	istiiseeoees
[5, 15, 22, 21, 22, 22, 22, 22, 22, 22, 22, 22, 22, 22, 1]	eovuvvvvvvvvvva
[0, 12, 13, 5, 20, 29, 29, 7, 29, 29, 29, 29, 29, 29, 22]	lmet22g222222v
[8, 11, 5, 5, 12, 15, 5, 12, 12, 12, 12, 12, 12, 12, 19]	hkeeloellllllls
[13, 5, 15, 5, 1, 2, 3, 3, 15, 15, 1, 2, 3, 9, 7]	meoeabccooabcig
[4, 4, 22, 18, 8, 8, 8, 8, 8, 8, 8, 8, 8, 8, 19]	ddvrhhhhhhhhhhs
[0, 0, 12, 20, 11, 29, 20, 20, 11, 11, 11, 11, 11, 11, 19]	ltk2ttkkkkkks
[20, 0, 18, 23, 9, 13, 12, 5, 16, 15, 8, 8, 18, 15, 14]	trwimlepohhron
[0, 0, 0, 12, 9, 37, 37, 7, 37, 7, 5, 10, 9, 4, 19]	li--g-gejids
[0, 13, 9, 20, 20, 15, 3, 9, 9, 22, 18, 18, 18, 18, 5]	mittociivrrrre
Epoch is 22
epoch 22	mini-batch 549	[ DISC	loss : 0.203510 ]	[ ADV	loss : 1.442254 ]
[0, 0, 20, 9, 1, 1, 19, 19, 19, 19, 5, 19, 9, 19, 19]	tiaassssesiss
[15, 18, 15, 3, 18, 3, 3, 2, 18, 18, 18, 2, 2, 2, 15]	orocrccbrrrbbbo
[9, 18, 9, 18, 9, 18, 1, 18, 18, 22, 9, 8, 8, 22, 15]	iririrarrvihhvo
[0, 0, 18, 20, 20, 5, 20, 1, 14, 14, 4, 4, 4, 4, 19]	rttetanndddds
[15, 1, 14, 9, 9, 9, 9, 9, 9, 9, 9, 9, 9, 9, 20]	oaniiiiiiiiiiit
[0, 20, 13, 1, 14, 14, 14, 14, 14, 14, 14, 14, 14, 14, 14]	tmannnnnnnnnnn
[14, 7, 20, 20, 20, 12, 12, 10, 10, 10, 10, 4, 1, 10, 19]	ngtttlljjjjdajs
[12, 4, 12, 4, 5, 8, 9, 18, 18, 18, 18, 18, 18, 18, 15]	ldldehirrrrrrro
[15, 18, 9, 18, 20, 18, 18, 18, 18, 18, 18, 18, 18, 18, 1]	orirtrrrrrrrrra
[4, 4, 3, 18, 18, 18, 18, 18, 18, 18, 18, 18, 18, 18, 1]	ddcrrrrrrrrrrra
[14, 14, 14, 1, 14, 19, 19, 7, 14, 14, 14, 14, 14, 14, 4]	nnnanssgnnnnnnd
[8, 3, 3, 8, 18, 18, 18, 18, 18, 18, 18, 18, 18, 18, 15]	hcchrrrrrrrrrro
[0, 5, 18, 13, 18, 18, 18, 18, 18, 18, 18, 18, 18, 18, 1]	ermrrrrrrrrrra
[0, 0, 13, 3, 5, 4, 4, 14, 18, 18, 14, 18, 18, 4, 5]	mceddnrrnrrde
[0, 0, 19, 16, 20, 20, 15, 13, 9, 20, 14, 18, 14, 22, 14]	spttomitnrnvn
Epoch is 23
epoch 23	mini-batch 549	[ DISC	loss : 0.413329 ]	[ ADV	loss : 0.745085 ]
[4, 19, 8, 8, 8, 8, 8, 8, 8, 8, 8, 8, 8, 8, 15]	dshhhhhhhhhhhho
[13, 5, 20, 20, 8, 13, 5, 8, 8, 8, 8, 8, 8, 8, 8]	metthmehhhhhhhh
[21, 12, 5, 20, 20, 20, 20, 20, 20, 20, 20, 20, 20, 20, 22]	uletttttttttttv
[3, 6, 18, 18, 18, 18, 18, 18, 18, 18, 18, 18, 18, 18, 15]	cfrrrrrrrrrrrro
[6, 6, 8, 8, 18, 18, 18, 18, 18, 18, 18, 18, 18, 18, 15]	ffhhrrrrrrrrrro
[9, 6, 18, 8, 8, 8, 8, 8, 8, 8, 8, 8, 8, 8, 15]	ifrhhhhhhhhhhho
[14, 14, 7, 10, 7, 9, 9, 15, 14, 20, 15, 14, 15, 7, 7]	nngjgiiontonogg
[12, 5, 13, 5, 5, 21, 20, 20, 21, 21, 21, 21, 21, 21, 18]	lemeeuttuuuuuur
[15, 5, 5, 5, 16, 5, 16, 1, 16, 1, 16, 1, 5, 15, 9]	oeeepepapapaeoi
[3, 1, 4, 12, 15, 4, 4, 4, 4, 4, 4, 4, 4, 4, 15]	cadlodddddddddo
[4, 6, 2, 20, 20, 1, 14, 4, 4, 1, 1, 1, 1, 1, 21]	dfbttanddaaaaau
[3, 3, 3, 3, 3, 3, 3, 3, 3, 3, 3, 3, 3, 3, 1]	cccccccccccccca
[20, 13, 20, 5, 18, 14, 14, 19, 19, 7, 5, 7, 7, 7, 4]	tmternnssgegggd
[16, 4, 1, 1, 4, 15, 16, 1, 16, 1, 16, 1, 16, 1, 21]	pdaadopapapapau
[0, 0, 14, 7, 19, 9, 9, 20, 9, 3, 20, 4, 1, 14, 15]	ngsiitictdano
Epoch is 24
epoch 24	mini-batch 549	[ DISC	loss : 0.181749 ]	[ ADV	loss : 0.545533 ]
[14, 15, 14, 19, 15, 1, 14, 1, 14, 14, 14, 14, 14, 14, 14]	nonsoanannnnnnn
[0, 14, 19, 9, 1, 22, 22, 1, 14, 20, 9, 21, 5, 12, 24]	nsiavvantiuelx
[9, 1, 14, 14, 37, 37, 14, 37, 14, 14, 14, 14, 14, 14, 20]	iann--n-nnnnnnt
[3, 3, 2, 3, 3, 3, 3, 3, 3, 3, 3, 3, 3, 3, 5]	ccbccccccccccce
[0, 1, 14, 19, 1, 14, 14, 14, 20, 15, 15, 15, 14, 14, 18]	ansannntooonnr
[16, 15, 4, 14, 3, 15, 15, 3, 15, 18, 3, 3, 3, 3, 5]	podncoocorcccce
[5, 5, 12, 12, 12, 12, 12, 12, 12, 12, 12, 12, 12, 12, 21]	eellllllllllllu
[1, 9, 6, 5, 6, 6, 8, 8, 18, 18, 18, 18, 18, 18, 5]	aifeffhhrrrrrre
[3, 5, 5, 18, 18, 8, 8, 8, 8, 5, 20, 20, 20, 5, 4]	ceerrhhhhettted
[4, 9, 3, 3, 3, 3, 3, 3, 3, 3, 3, 3, 3, 3, 5]	dicccccccccccce
[13, 19, 5, 18, 18, 18, 18, 18, 18, 18, 1, 14, 14, 14, 15]	mserrrrrrrannno
[5, 15, 4, 5, 12, 5, 8, 5, 8, 8, 8, 8, 8, 8, 5]	eodelehehhhhhhe
[12, 0, 37, 19, 15, 15, 21, 21, 21, 21, 19, 1, 19, 1, 7]	l-soouuuusasag
[15, 18, 6, 9, 9, 20, 9, 20, 20, 20, 20, 20, 20, 20, 15]	orfiitittttttto
[15, 14, 1, 14, 20, 9, 21, 18, 18, 14, 14, 14, 18, 18, 20]	onantiurrnnnrrt
Epoch is 25
epoch 25	mini-batch 549	[ DISC	loss : 0.196663 ]	[ ADV	loss : 0.821607 ]
[20, 12, 8, 1, 18, 18, 1, 18, 18, 21, 21, 21, 21, 21, 18]	tlharrarruuuuur
[9, 19, 19, 19, 19, 19, 19, 19, 2, 2, 2, 6, 0, 0, 20]	isssssssbbbft
[16, 6, 6, 20, 1, 20, 1, 18, 12, 5, 12, 5, 24, 1, 18]	pfftatarlelexar
[15, 14, 10, 7, 1, 5, 5, 1, 5, 5, 9, 9, 9, 9, 6]	onjgaeeaeeiiiif
[0, 18, 19, 18, 18, 19, 19, 19, 21, 22, 21, 21, 21, 21, 5]	rsrrsssuvuuuue
[5, 8, 8, 8, 8, 8, 8, 8, 8, 8, 8, 8, 8, 8, 1]	ehhhhhhhhhhhhha
[15, 3, 6, 15, 8, 8, 8, 8, 8, 18, 18, 18, 18, 18, 15]	ocfohhhhhrrrrro
[5, 15, 14, 14, 9, 15, 14, 23, 20, 9, 14, 5, 14, 5, 13]	eonnionwtinenem
[6, 15, 8, 15, 4, 20, 20, 15, 15, 15, 15, 15, 15, 15, 19]	fohodttooooooos
[19, 19, 19, 0, 6, 5, 5, 6, 6, 15, 15, 18, 1, 3, 5]	sssfeeffoorace
[15, 18, 5, 18, 12, 15, 18, 15, 18, 15, 18, 5, 18, 5, 5]	orerlorororeree
[0, 0, 0, 11, 5, 11, 11, 11, 11, 11, 11, 11, 11, 11, 18]	kekkkkkkkkkr
[0, 0, 18, 16, 5, 18, 18, 18, 18, 18, 18, 18, 18, 18, 18]	rperrrrrrrrrr
[16, 16, 1, 14, 14, 14, 20, 20, 20, 20, 20, 20, 20, 20, 20]	ppannnttttttttt
[6, 8, 15, 18, 18, 8, 8, 8, 8, 8, 8, 8, 8, 8, 15]	fhorrhhhhhhhhho
Epoch is 26
epoch 26	mini-batch 549	[ DISC	loss : 0.145864 ]	[ ADV	loss : 0.645980 ]
[2, 1, 3, 1, 1, 21, 14, 19, 9, 15, 4, 3, 9, 3, 18]	bacaaunsiodcicr
[13, 9, 8, 22, 22, 22, 22, 22, 22, 22, 22, 22, 22, 22, 1]	mihvvvvvvvvvvva
[5, 13, 5, 5, 14, 5, 19, 7, 9, 11, 5, 5, 12, 5, 7]	emeenesgikeeleg
[9, 0, 0, 0, 0, 0, 13, 5, 13, 5, 13, 5, 5, 5, 20]	imememeeet
[3, 12, 12, 12, 12, 12, 12, 12, 12, 12, 12, 12, 12, 12, 6]	clllllllllllllf
[5, 14, 22, 1, 22, 3, 9, 18, 18, 18, 18, 18, 18, 18, 5]	envavcirrrrrrre
[23, 16, 18, 15, 18, 1, 18, 18, 18, 18, 18, 18, 9, 18, 15]	wprorarrrrrriro
[15, 2, 5, 16, 5, 18, 1, 8, 8, 8, 21, 18, 15, 18, 1]	obeperahhhurora
[2, 19, 12, 19, 19, 19, 19, 19, 19, 19, 19, 19, 19, 19, 20]	bslssssssssssst
[9, 14, 3, 3, 9, 14, 9, 18, 14, 9, 14, 9, 14, 9, 14]	inccinirnininin
[4, 5, 1, 12, 12, 12, 12, 12, 12, 12, 12, 12, 12, 12, 12]	deallllllllllll
[0, 15, 14, 20, 5, 5, 5, 5, 20, 20, 13, 13, 22, 14, 21]	onteeeettmmvnu
[18, 4, 18, 20, 15, 14, 14, 1, 14, 14, 1, 14, 14, 14, 5]	rdrtonnannannne
[4, 9, 20, 18, 8, 18, 20, 18, 20, 18, 18, 18, 18, 18, 15]	ditrhrtrtrrrrro
[13, 5, 9, 15, 14, 8, 15, 14, 8, 14, 14, 14, 14, 14, 5]	meionhonhnnnnne
Epoch is 27
epoch 27	mini-batch 549	[ DISC	loss : 0.084689 ]	[ ADV	loss : 0.940511 ]
[0, 7, 21, 21, 21, 21, 21, 21, 9, 9, 9, 9, 9, 9, 3]	guuuuuuiiiiiic
[1, 0, 0, 0, 12, 15, 13, 5, 5, 12, 9, 9, 19, 7, 20]	alomeeliisgt
[6, 16, 9, 14, 8, 9, 9, 9, 9, 15, 15, 15, 14, 5, 15]	fpinhiiiioooneo
[14, 0, 1, 9, 9, 9, 1, 1, 1, 11, 11, 11, 11, 11, 6]	naiiiaaakkkkkf
[2, 9, 0, 1, 20, 5, 1, 1, 9, 9, 1, 1, 5, 12, 19]	biateaaiiaaels
[19, 1, 1, 20, 21, 12, 20, 20, 20, 20, 20, 20, 20, 20, 5]	saatultttttttte
[14, 12, 9, 14, 9, 20, 20, 1, 1, 20, 20, 1, 21, 20, 3]	nlinittaattautc
[8, 9, 12, 12, 15, 15, 18, 18, 18, 18, 15, 15, 15, 20, 5]	hilloorrrrooote
[0, 0, 0, 20, 5, 1, 20, 20, 20, 20, 20, 20, 20, 20, 3]	teattttttttc
[9, 16, 1, 15, 8, 8, 26, 26, 8, 17, 26, 26, 26, 26, 1]	ipaohhzzhqzzzza
[6, 16, 9, 21, 21, 9, 9, 15, 15, 9, 15, 15, 15, 21, 12]	fpiuuiiooioooul
[1, 4, 15, 15, 12, 9, 5, 20, 15, 20, 15, 15, 15, 15, 1]	adoolietotooooa
[0, 20, 37, 5, 15, 20, 9, 20, 20, 7, 20, 20, 5, 20, 1]	t-eotittgtteta
[0, 0, 1, 1, 20, 5, 1, 1, 1, 1, 1, 20, 20, 20, 12]	aateaaaaatttl
[5, 13, 20, 15, 14, 1, 21, 9, 19, 9, 9, 5, 5, 5, 7]	emtonauisiieeeg
Epoch is 28
epoch 28	mini-batch 549	[ DISC	loss : 5.134816 ]	[ ADV	loss : 1.172678 ]
[25, 0, 25, 25, 25, 25, 25, 5, 25, 25, 25, 25, 25, 25, 22]	yyyyyyeyyyyyyv
[0, 25, 25, 25, 25, 25, 25, 25, 25, 25, 25, 5, 18, 5, 13]	yyyyyyyyyyerem
[1, 21, 21, 14, 14, 4, 19, 21, 21, 21, 21, 21, 21, 21, 20]	auunndsuuuuuuut
[0, 0, 25, 25, 25, 25, 25, 25, 25, 25, 25, 1, 1, 20, 13]	yyyyyyyyyaatm
[25, 3, 3, 3, 3, 3, 3, 3, 15, 3, 3, 3, 3, 3, 15]	ycccccccoccccco
[21, 12, 15, 15, 15, 15, 15, 15, 15, 15, 15, 15, 15, 15, 12]	ulooooooooooool
[0, 25, 25, 25, 25, 25, 25, 25, 25, 25, 25, 25, 25, 25, 18]	yyyyyyyyyyyyyr
[15, 25, 25, 25, 25, 25, 25, 25, 25, 25, 25, 25, 25, 25, 9]	oyyyyyyyyyyyyyi
[3, 3, 15, 3, 3, 3, 3, 3, 3, 3, 3, 3, 3, 3, 15]	ccoccccccccccco
[0, 0, 25, 25, 25, 25, 25, 25, 25, 25, 25, 25, 25, 25, 7]	yyyyyyyyyyyyg
[9, 15, 21, 18, 21, 21, 21, 15, 15, 15, 21, 21, 21, 20, 19]	iouruuuooouuuts
[0, 25, 25, 19, 9, 1, 1, 1, 1, 1, 21, 20, 20, 5, 20]	yysiaaaaauttet
[5, 5, 5, 5, 5, 5, 5, 5, 5, 5, 5, 5, 5, 5, 19]	eeeeeeeeeeeeees
[15, 20, 22, 22, 22, 22, 22, 14, 14, 14, 14, 14, 14, 14, 15]	otvvvvvnnnnnnno
[9, 6, 9, 15, 3, 3, 15, 3, 15, 22, 22, 22, 22, 22, 15]	ifioccocovvvvvo
Epoch is 29
epoch 29	mini-batch 549	[ DISC	loss : 0.291103 ]	[ ADV	loss : 0.842819 ]
[9, 3, 3, 16, 16, 21, 16, 16, 16, 16, 16, 16, 16, 16, 15]	iccppuppppppppo
[9, 9, 15, 15, 15, 15, 15, 15, 15, 15, 15, 15, 15, 15, 15]	iiooooooooooooo
[0, 0, 0, 18, 1, 18, 7, 20, 20, 20, 18, 18, 18, 18, 5]	rargtttrrrre
[6, 9, 16, 16, 20, 16, 16, 20, 16, 16, 20, 16, 20, 20, 5]	fipptpptpptptte
[15, 21, 20, 19, 18, 18, 9, 20, 18, 18, 20, 14, 20, 20, 5]	outsrritrrtntte
[0, 0, 0, 0, 7, 9, 1, 7, 7, 7, 7, 19, 19, 19, 20]	giaggggssst
[0, 0, 1, 7, 1, 1, 1, 1, 1, 1, 1, 1, 1, 1, 13]	agaaaaaaaaaam
[1, 14, 15, 14, 15, 13, 15, 14, 14, 14, 14, 1, 1, 1, 4]	anonomonnnnaaad
[0, 13, 1, 15, 14, 14, 14, 19, 20, 19, 20, 20, 20, 20, 14]	maonnnststtttn
[15, 0, 1, 14, 5, 19, 9, 15, 14, 14, 1, 1, 1, 1, 20]	oanesionnaaaat
[0, 0, 9, 1, 1, 13, 13, 1, 13, 20, 13, 20, 20, 14, 14]	iaammamtmttnn
[0, 9, 3, 1, 5, 19, 9, 14, 14, 3, 12, 19, 19, 19, 19]	icaesinnclssss
[13, 16, 16, 20, 20, 20, 20, 20, 18, 18, 18, 18, 18, 18, 15]	mpptttttrrrrrro
[21, 21, 21, 12, 12, 4, 4, 20, 20, 20, 18, 20, 20, 20, 5]	uuullddtttrttte
[18, 9, 18, 21, 18, 21, 18, 21, 18, 21, 21, 21, 7, 21, 7]	rirurururuuugug
Epoch is 30
epoch 30	mini-batch 549	[ DISC	loss : 0.032750 ]	[ ADV	loss : 1.118371 ]
[9, 3, 9, 9, 18, 18, 18, 18, 15, 4, 4, 4, 15, 15, 5]	iciirrrrodddooe
[9, 18, 14, 14, 14, 14, 14, 14, 14, 14, 20, 4, 20, 20, 14]	irnnnnnnnntdttn
[6, 9, 15, 18, 18, 18, 18, 18, 18, 18, 18, 18, 18, 18, 15]	fiorrrrrrrrrrro
[15, 12, 12, 12, 12, 12, 12, 12, 12, 12, 12, 12, 12, 12, 19]	ollllllllllllls
[0, 0, 18, 1, 1, 1, 1, 3, 1, 1, 1, 18, 18, 18, 5]	raaaacaaarrre
[12, 5, 5, 12, 5, 12, 15, 15, 15, 15, 15, 15, 15, 15, 18]	leeleloooooooor
[13, 19, 19, 19, 19, 19, 19, 19, 19, 19, 19, 19, 19, 19, 12]	msssssssssssssl
[9, 20, 5, 16, 16, 21, 16, 5, 16, 16, 16, 16, 16, 16, 1]	iteppupeppppppa
[9, 16, 9, 18, 6, 6, 6, 6, 6, 6, 6, 6, 6, 6, 5]	ipirffffffffffe
[7, 9, 18, 18, 18, 18, 18, 1, 18, 20, 20, 20, 20, 20, 20]	girrrrrartttttt
[0, 0, 18, 37, 37, 1, 1, 1, 1, 1, 1, 1, 1, 1, 19]	r--aaaaaaaaas
[0, 0, 0, 0, 0, 0, 18, 1, 1, 19, 3, 19, 22, 19, 20]	raascsvst
[9, 1, 14, 20, 1, 18, 18, 20, 18, 20, 1, 20, 1, 20, 5]	iantarrtrtatate
[0, 0, 14, 18, 13, 1, 13, 1, 13, 1, 13, 1, 13, 1, 19]	nrmamamamamas
[13, 15, 1, 14, 11, 5, 12, 37, 37, 37, 5, 9, 9, 9, 12]	moankel---eiiil
Epoch is 31
epoch 31	mini-batch 549	[ DISC	loss : 0.052399 ]	[ ADV	loss : 0.591567 ]
[0, 21, 14, 14, 20, 20, 1, 1, 13, 5, 19, 19, 19, 19, 20]	unnttaamesssst
[6, 9, 18, 18, 18, 18, 18, 18, 18, 18, 18, 18, 18, 18, 1]	firrrrrrrrrrrra
[14, 5, 14, 8, 8, 8, 8, 8, 8, 8, 8, 8, 8, 8, 19]	nenhhhhhhhhhhhs
[0, 0, 9, 13, 1, 15, 1, 1, 19, 19, 19, 19, 19, 19, 13]	imaoaassssssm
[20, 15, 21, 21, 21, 21, 21, 21, 21, 21, 21, 21, 21, 21, 1]	touuuuuuuuuuuua
[9, 14, 15, 18, 9, 9, 18, 9, 19, 19, 19, 19, 19, 19, 5]	inoriirisssssse
[21, 14, 3, 4, 19, 5, 8, 16, 16, 16, 16, 16, 16, 16, 5]	uncdsehpppppppe
[20, 1, 16, 9, 2, 8, 8, 2, 2, 2, 8, 8, 8, 8, 5]	tapibhhbbbhhhhe
[0, 0, 0, 21, 13, 13, 13, 22, 13, 9, 13, 18, 13, 18, 5]	ummmvmimrmre
[0, 14, 1, 9, 15, 7, 7, 9, 7, 7, 7, 7, 7, 7, 7]	naioggiggggggg
[19, 0, 3, 19, 5, 5, 14, 1, 19, 19, 9, 3, 3, 3, 20]	scseenassiccct
[0, 0, 14, 14, 20, 20, 9, 5, 20, 5, 18, 18, 13, 20, 14]	nnttieterrmtn
[6, 9, 3, 9, 9, 3, 9, 7, 3, 7, 7, 7, 7, 7, 20]	ficiicigcgggggt
[5, 18, 19, 4, 5, 21, 14, 19, 5, 14, 19, 5, 19, 19, 7]	ersdeunsensessg
[0, 7, 15, 14, 7, 1, 1, 5, 7, 7, 5, 7, 7, 1, 19]	gongaaeggeggas
Epoch is 32
epoch 32	mini-batch 549	[ DISC	loss : 0.123174 ]	[ ADV	loss : 0.721696 ]
[0, 0, 7, 7, 1, 20, 1, 20, 5, 20, 5, 14, 1, 5, 2]	ggatatetenaeb
[14, 20, 1, 20, 5, 5, 11, 11, 11, 5, 5, 5, 5, 5, 19]	ntateekkkeeeees
[6, 6, 6, 1, 6, 6, 6, 6, 6, 6, 6, 9, 9, 9, 7]	fffafffffffiiig
[0, 0, 20, 20, 14, 14, 20, 20, 20, 20, 20, 20, 20, 20, 20]	ttnnttttttttt
[6, 19, 19, 18, 18, 22, 22, 22, 22, 22, 22, 22, 22, 22, 1]	fssrrvvvvvvvvva
[0, 1, 14, 7, 20, 20, 20, 1, 1, 1, 1, 1, 1, 1, 19]	angtttaaaaaaas
[0, 0, 0, 3, 1, 3, 1, 1, 14, 20, 20, 20, 20, 20, 4]	cacaantttttd
[5, 16, 7, 18, 5, 18, 19, 5, 5, 18, 5, 19, 5, 5, 19]	epgrerseeresees
[5, 14, 13, 5, 6, 4, 19, 19, 19, 2, 9, 18, 19, 19, 5]	enmefdsssbirsse
[9, 15, 18, 9, 20, 9, 20, 20, 20, 20, 20, 20, 20, 20, 19]	iorititttttttts
[0, 12, 9, 12, 9, 9, 9, 12, 12, 9, 12, 18, 9, 19, 19]	liliiillilriss
[9, 15, 18, 0, 0, 18, 19, 19, 9, 18, 18, 18, 18, 18, 18]	iorrssirrrrrr
[18, 4, 9, 8, 9, 18, 18, 18, 18, 18, 18, 18, 18, 18, 9]	rdihirrrrrrrrri
[16, 9, 16, 9, 16, 9, 16, 9, 16, 9, 16, 9, 16, 9, 2]	pipipipipipipib
[15, 8, 23, 12, 5, 5, 5, 5, 5, 5, 5, 5, 5, 5, 5]	ohwleeeeeeeeeee
Epoch is 33
epoch 33	mini-batch 549	[ DISC	loss : 0.116839 ]	[ ADV	loss : 0.953636 ]
[16, 5, 18, 18, 18, 18, 18, 18, 18, 18, 18, 18, 18, 18, 20]	perrrrrrrrrrrrt
[14, 7, 9, 7, 7, 15, 15, 15, 15, 15, 15, 15, 15, 15, 24]	ngiggooooooooox
[18, 14, 1, 4, 1, 1, 1, 1, 1, 1, 1, 1, 1, 1, 19]	rnadaaaaaaaaaas
[0, 19, 8, 9, 20, 5, 1, 1, 20, 20, 1, 9, 20, 20, 5]	shiteaattaitte
[5, 12, 15, 21, 18, 15, 21, 18, 1, 21, 23, 1, 21, 23, 1]	elourourauwauwa
[18, 4, 21, 18, 21, 21, 21, 21, 21, 21, 21, 21, 21, 21, 12]	rduruuuuuuuuuul
[18, 4, 4, 19, 19, 21, 18, 18, 18, 18, 21, 21, 21, 4, 20]	rddssurrrruuudt
[0, 18, 1, 1, 1, 1, 1, 25, 1, 1, 1, 1, 1, 1, 18]	raaaaayaaaaaar
[0, 0, 0, 20, 20, 1, 14, 1, 14, 1, 1, 1, 5, 15, 11]	ttananaaaeok
[23, 19, 19, 19, 19, 19, 19, 19, 19, 19, 19, 19, 19, 19, 19]	wssssssssssssss
[11, 11, 12, 11, 5, 11, 5, 23, 20, 20, 20, 25, 18, 1, 1]	kklkekewtttyraa
[19, 1, 0, 1, 14, 1, 1, 1, 1, 1, 1, 1, 19, 1, 2]	saanaaaaaaasab
[5, 14, 14, 12, 12, 12, 15, 21, 21, 14, 12, 12, 15, 5, 18]	ennlllouunlloer
[0, 5, 14, 3, 19, 9, 1, 21, 21, 4, 21, 21, 9, 9, 19]	encsiauuduuiis
[5, 5, 11, 5, 16, 5, 16, 16, 5, 5, 5, 5, 5, 5, 20]	eekepeppeeeeeet
Epoch is 34
epoch 34	mini-batch 549	[ DISC	loss : 0.367447 ]	[ ADV	loss : 1.031932 ]
[5, 6, 5, 22, 15, 22, 22, 22, 22, 9, 22, 22, 22, 22, 5]	efevovvvvivvvve
[9, 21, 4, 15, 21, 21, 21, 21, 21, 21, 21, 21, 21, 21, 15]	iudouuuuuuuuuuo
[0, 0, 20, 1, 5, 5, 5, 5, 5, 5, 5, 5, 5, 5, 20]	taeeeeeeeeeet
[18, 6, 9, 15, 18, 18, 18, 18, 18, 18, 18, 18, 18, 18, 5]	rfiorrrrrrrrrre
[0, 0, 0, 7, 5, 1, 1, 1, 1, 1, 1, 21, 1, 1, 12]	geaaaaaauaal
[23, 18, 3, 18, 18, 18, 18, 18, 18, 18, 18, 18, 18, 18, 5]	wrcrrrrrrrrrrre
[3, 18, 3, 3, 16, 16, 18, 18, 18, 18, 18, 18, 18, 18, 12]	crccpprrrrrrrrl
[8, 5, 5, 5, 5, 5, 5, 5, 5, 5, 5, 5, 5, 5, 5]	heeeeeeeeeeeeee
[20, 9, 18, 18, 18, 18, 18, 20, 18, 18, 20, 18, 24, 5, 5]	tirrrrrtrrtrxee
[20, 9, 24, 15, 18, 1, 18, 16, 24, 5, 24, 20, 15, 24, 15]	tixorarpxextoxo
[18, 15, 18, 1, 18, 5, 18, 9, 12, 9, 12, 9, 12, 9, 14]	rorarerilililin
[19, 19, 14, 9, 18, 18, 18, 18, 18, 18, 18, 18, 18, 18, 5]	ssnirrrrrrrrrre
[0, 0, 1, 3, 9, 9, 9, 7, 9, 5, 5, 20, 5, 5, 20]	aciiigieeteet
[14, 0, 0, 20, 20, 20, 1, 5, 20, 24, 1, 5, 20, 1, 20]	ntttaetxaetat
[15, 6, 24, 6, 6, 6, 6, 6, 6, 6, 6, 6, 6, 6, 5]	ofxfffffffffffe
Epoch is 35
epoch 35	mini-batch 549	[ DISC	loss : 0.037066 ]	[ ADV	loss : 1.021269 ]
[9, 2, 9, 14, 9, 6, 9, 6, 6, 6, 6, 6, 6, 6, 5]	ibinififffffffe
[1, 18, 15, 4, 12, 4, 4, 20, 12, 19, 19, 19, 19, 19, 12]	arodlddtlsssssl
[0, 0, 1, 5, 20, 22, 20, 1, 14, 24, 24, 20, 25, 25, 8]	aetvtanxxtyyh
[1, 12, 12, 12, 12, 12, 12, 12, 12, 12, 12, 12, 12, 12, 12]	allllllllllllll
[14, 14, 20, 15, 12, 15, 12, 12, 12, 12, 12, 12, 12, 12, 24]	nntolollllllllx
[1, 12, 16, 16, 16, 16, 16, 15, 16, 16, 16, 16, 16, 16, 15]	alpppppoppppppo
[1, 18, 16, 19, 4, 19, 19, 19, 19, 19, 19, 19, 19, 19, 20]	arpsdssssssssst
[0, 0, 13, 13, 5, 20, 20, 22, 22, 13, 13, 13, 13, 13, 3]	mmettvvmmmmmc
[19, 2, 9, 8, 8, 15, 18, 8, 18, 18, 18, 18, 20, 20, 14]	sbihhorhrrrrttn
[14, 26, 26, 26, 26, 26, 26, 26, 26, 26, 26, 26, 26, 26, 26]	nzzzzzzzzzzzzzz
[0, 0, 20, 5, 15, 20, 20, 20, 20, 20, 20, 20, 20, 20, 8]	teottttttttth
[12, 19, 5, 12, 19, 5, 19, 19, 5, 5, 19, 19, 5, 19, 20]	lselsesseessest
[8, 16, 16, 22, 18, 18, 18, 18, 18, 18, 18, 18, 18, 18, 1]	hppvrrrrrrrrrra
[9, 20, 18, 18, 18, 18, 18, 18, 18, 18, 18, 18, 18, 18, 15]	itrrrrrrrrrrrro
[4, 8, 12, 12, 12, 12, 12, 12, 12, 12, 12, 12, 12, 12, 18]	dhllllllllllllr
Epoch is 36
epoch 36	mini-batch 549	[ DISC	loss : 0.269283 ]	[ ADV	loss : 0.968545 ]
[5, 2, 23, 11, 23, 26, 26, 23, 23, 11, 14, 18, 14, 14, 14]	ebwkwzzwwknrnnn
[15, 6, 15, 21, 23, 9, 21, 21, 15, 15, 15, 15, 15, 15, 7]	ofouwiuuoooooog
[0, 12, 23, 15, 9, 3, 9, 3, 9, 3, 19, 2, 19, 18, 5]	lwoicicicsbsre
[0, 13, 13, 19, 13, 13, 13, 13, 13, 13, 13, 13, 13, 13, 8]	mmsmmmmmmmmmmh
[1, 14, 8, 1, 1, 4, 4, 4, 9, 19, 9, 9, 4, 15, 7]	anhaadddisiidog
[14, 15, 14, 7, 9, 9, 9, 9, 9, 9, 9, 9, 9, 9, 7]	nongiiiiiiiiiig
[0, 0, 13, 13, 9, 23, 22, 22, 22, 22, 22, 22, 22, 22, 5]	mmiwvvvvvvvve
[20, 18, 15, 18, 20, 5, 18, 18, 5, 18, 18, 5, 18, 18, 5]	trorterrerrerre
[2, 9, 16, 16, 16, 16, 16, 16, 16, 16, 16, 16, 16, 11, 5]	bipppppppppppke
[21, 4, 21, 4, 5, 20, 5, 21, 21, 21, 21, 21, 21, 21, 19]	ududeteuuuuuuus
[3, 9, 18, 18, 18, 18, 18, 18, 18, 18, 18, 18, 18, 18, 5]	cirrrrrrrrrrrre
[9, 18, 15, 16, 15, 16, 15, 16, 15, 16, 18, 16, 18, 16, 5]	iropopopoprprpe
[1, 14, 13, 1, 21, 13, 9, 21, 21, 21, 21, 21, 21, 21, 20]	anmaumiuuuuuuut
[1, 14, 1, 1, 1, 1, 10, 9, 10, 9, 9, 15, 4, 9, 12]	anaaaajijiiodil
[5, 18, 18, 21, 4, 1, 21, 4, 1, 15, 4, 9, 15, 4, 19]	errudaudaodiods
Epoch is 37
epoch 37	mini-batch 549	[ DISC	loss : 0.227465 ]	[ ADV	loss : 1.114460 ]
[14, 14, 5, 1, 19, 21, 8, 5, 18, 5, 18, 5, 14, 20, 11]	nneasuhererentk
[18, 3, 5, 14, 8, 20, 8, 20, 15, 18, 22, 15, 18, 14, 5]	rcenhthtorvorne
[0, 0, 0, 5, 22, 22, 22, 22, 22, 22, 22, 22, 22, 22, 18]	evvvvvvvvvvr
[0, 2, 0, 19, 19, 19, 19, 19, 19, 19, 19, 19, 19, 19, 20]	bssssssssssst
[14, 3, 5, 7, 9, 25, 25, 25, 25, 25, 25, 25, 25, 25, 14]	ncegiyyyyyyyyyn
[0, 25, 25, 5, 5, 3, 1, 21, 3, 3, 3, 9, 3, 3, 18]	yyeecauccciccr
[12, 25, 18, 20, 13, 22, 22, 22, 22, 22, 22, 22, 22, 22, 14]	lyrtmvvvvvvvvvn
[5, 14, 3, 7, 5, 7, 5, 3, 5, 14, 5, 14, 5, 14, 8]	encgegecenenenh
[6, 9, 16, 9, 14, 15, 14, 15, 14, 15, 14, 16, 16, 16, 5]	fipinonononpppe
[23, 12, 20, 20, 20, 20, 20, 20, 20, 20, 20, 20, 20, 20, 14]	wlttttttttttttn
[12, 21, 12, 9, 9, 15, 21, 21, 21, 21, 21, 21, 21, 21, 23]	luliiouuuuuuuuw
[20, 5, 18, 12, 12, 5, 16, 5, 12, 5, 12, 16, 5, 16, 1]	terllepelelpepa
[0, 20, 19, 19, 25, 25, 1, 15, 3, 3, 3, 1, 3, 20, 20]	tssyyaocccactt
[5, 5, 14, 11, 9, 12, 9, 11, 11, 11, 18, 18, 18, 18, 5]	eenkilikkkrrrre
[9, 6, 6, 18, 18, 18, 18, 18, 18, 18, 18, 18, 18, 18, 5]	iffrrrrrrrrrrre
Epoch is 38
epoch 38	mini-batch 549	[ DISC	loss : 0.182972 ]	[ ADV	loss : 0.679062 ]
[3, 12, 12, 3, 12, 3, 12, 3, 12, 12, 12, 12, 12, 12, 5]	cllclclclllllle
[4, 4, 5, 4, 18, 4, 18, 18, 18, 18, 18, 18, 18, 18, 14]	ddedrdrrrrrrrrn
[1, 13, 19, 11, 11, 11, 19, 11, 19, 19, 19, 19, 19, 19, 19]	amskkksksssssss
[5, 5, 5, 5, 19, 5, 5, 5, 5, 5, 5, 5, 5, 5, 20]	eeeeseeeeeeeeet
[14, 14, 7, 5, 1, 14, 14, 1, 1, 11, 11, 11, 1, 1, 4]	nngeannaakkkaad
[9, 18, 18, 3, 3, 4, 4, 4, 4, 4, 4, 4, 4, 4, 7]	irrccdddddddddg
[9, 18, 18, 18, 18, 18, 18, 18, 18, 18, 18, 18, 18, 18, 5]	irrrrrrrrrrrrre
[9, 18, 18, 18, 18, 18, 18, 18, 18, 18, 18, 18, 18, 18, 5]	irrrrrrrrrrrrre
[0, 37, 7, 9, 29, 11, 14, 14, 14, 14, 14, 14, 14, 14, 11]	-gi2knnnnnnnnk
[16, 19, 4, 8, 8, 8, 8, 8, 8, 8, 8, 8, 8, 8, 15]	psdhhhhhhhhhhho
[1, 12, 15, 7, 15, 7, 15, 7, 15, 7, 15, 7, 15, 7, 19]	alogogogogogogs
[20, 5, 14, 14, 13, 13, 19, 19, 5, 12, 13, 13, 13, 13, 4]	tennmmsselmmmmd
[15, 6, 9, 6, 6, 9, 6, 6, 6, 6, 6, 6, 6, 6, 20]	ofiffifffffffft
[0, 1, 2, 5, 20, 20, 20, 23, 23, 20, 21, 20, 20, 20, 24]	abetttwwtutttx
[0, 13, 5, 25, 5, 18, 18, 18, 18, 18, 18, 18, 18, 18, 18]	meyerrrrrrrrrr
Epoch is 39
epoch 39	mini-batch 549	[ DISC	loss : 0.039131 ]	[ ADV	loss : 0.566527 ]
[20, 20, 20, 20, 20, 20, 20, 20, 20, 20, 20, 20, 20, 20, 21]	ttttttttttttttu
[0, 0, 0, 13, 20, 13, 18, 13, 13, 13, 13, 13, 13, 13, 14]	mtmrmmmmmmmn
[14, 23, 23, 23, 20, 20, 20, 20, 20, 20, 20, 20, 20, 20, 18]	nwwwttttttttttr
[3, 20, 5, 3, 5, 3, 5, 3, 3, 3, 3, 3, 3, 3, 1]	ctecececcccccca
[0, 0, 13, 13, 5, 18, 18, 18, 18, 18, 18, 18, 18, 18, 1]	mmerrrrrrrrra
[4, 8, 18, 18, 18, 18, 18, 18, 18, 18, 18, 18, 18, 18, 1]	dhrrrrrrrrrrrra
[6, 5, 18, 37, 6, 16, 5, 16, 5, 37, 16, 5, 16, 5, 12]	fer-fpepe-pepel
[9, 16, 5, 18, 18, 18, 18, 18, 18, 18, 18, 18, 18, 18, 5]	iperrrrrrrrrrre
[8, 3, 22, 18, 18, 18, 22, 18, 18, 18, 18, 18, 18, 18, 5]	hcvrrrvrrrrrrre
[2, 9, 3, 7, 9, 13, 9, 3, 19, 13, 13, 13, 7, 7, 19]	bicgimicsmmmggs
[5, 5, 5, 16, 5, 16, 18, 18, 18, 18, 18, 18, 18, 18, 5]	eeepeprrrrrrrre
[0, 0, 1, 12, 1, 12, 1, 1, 1, 1, 1, 1, 1, 1, 20]	alalaaaaaaaat
[1, 2, 1, 3, 37, 37, 37, 37, 37, 37, 37, 1, 1, 1, 20]	abac-------aaat
[15, 4, 21, 21, 21, 21, 21, 21, 21, 21, 21, 21, 21, 21, 19]	oduuuuuuuuuuuus
[13, 21, 13, 3, 21, 21, 21, 21, 21, 21, 21, 21, 21, 21, 19]	mumcuuuuuuuuuus
Epoch is 40
epoch 40	mini-batch 549	[ DISC	loss : 0.111333 ]	[ ADV	loss : 1.120965 ]
[0, 13, 16, 5, 16, 5, 16, 5, 12, 12, 12, 12, 12, 12, 4]	mpepepelllllld
[18, 3, 8, 4, 9, 3, 8, 3, 8, 8, 8, 8, 8, 8, 4]	rchdichchhhhhhd
[0, 21, 14, 4, 12, 20, 4, 20, 5, 12, 14, 3, 1, 14, 8]	undltdtelncanh
[3, 3, 1, 1, 3, 19, 1, 19, 1, 13, 1, 13, 5, 3, 4]	ccaacsasamamecd
[8, 5, 18, 14, 18, 14, 37, 5, 14, 13, 18, 18, 18, 18, 5]	hernrn-enmrrrre
[20, 5, 18, 18, 18, 18, 18, 18, 18, 5, 16, 5, 16, 5, 5]	terrrrrrrepepee
[19, 16, 16, 9, 19, 16, 16, 19, 19, 16, 16, 19, 19, 16, 20]	sppisppssppsspt
[20, 2, 0, 0, 37, 11, 20, 5, 5, 37, 3, 9, 37, 37, 19]	tb-ktee-ci--s
[9, 12, 5, 18, 5, 14, 18, 14, 18, 18, 18, 5, 18, 18, 1]	ilerenrnrrrerra
[16, 16, 16, 16, 16, 16, 16, 1, 5, 37, 37, 37, 10, 11, 19]	pppppppae---jks
[5, 20, 3, 8, 8, 8, 3, 3, 18, 18, 18, 18, 18, 18, 1]	etchhhccrrrrrra
[9, 14, 9, 15, 14, 15, 14, 14, 14, 14, 14, 14, 14, 14, 5]	iniononnnnnnnne
[5, 3, 10, 4, 8, 4, 8, 4, 4, 4, 4, 4, 4, 8, 7]	ecjdhdhddddddhg
[0, 0, 13, 5, 12, 20, 15, 18, 20, 20, 20, 20, 20, 20, 19]	meltortttttts
[8, 9, 14, 14, 20, 20, 14, 14, 3, 3, 3, 20, 20, 18, 5]	hinnttnncccttre
Epoch is 41
epoch 41	mini-batch 549	[ DISC	loss : 0.292609 ]	[ ADV	loss : 1.353072 ]
[12, 21, 1, 12, 8, 15, 14, 7, 7, 21, 12, 7, 21, 7, 19]	lualhonggulgugs
[5, 1, 14, 1, 14, 11, 11, 11, 11, 11, 11, 11, 11, 11, 19]	eanankkkkkkkkks
[0, 0, 14, 19, 9, 20, 15, 1, 7, 25, 1, 3, 1, 1, 4]	nsitoagyacaad
[3, 19, 37, 19, 19, 19, 19, 19, 10, 10, 10, 10, 9, 9, 7]	cs-sssssjjjjiig
[20, 5, 18, 22, 15, 18, 22, 18, 18, 18, 18, 18, 18, 18, 15]	tervorvrrrrrrro
[3, 15, 20, 15, 9, 1, 18, 18, 37, 37, 37, 37, 37, 37, 5]	cotoiarr------e
[3, 9, 18, 15, 18, 15, 18, 37, 18, 20, 20, 6, 15, 18, 15]	ciroror-rttforo
[12, 1, 1, 4, 9, 5, 21, 21, 21, 21, 21, 21, 21, 21, 19]	laadieuuuuuuuus
[8, 15, 18, 18, 18, 18, 18, 18, 18, 18, 18, 18, 18, 18, 5]	horrrrrrrrrrrre
[0, 0, 8, 5, 9, 15, 21, 23, 21, 21, 21, 21, 21, 21, 8]	heiouwuuuuuuh
[6, 9, 15, 22, 15, 22, 18, 18, 18, 18, 18, 18, 18, 15, 5]	fiovovrrrrrrroe
[20, 5, 16, 16, 16, 15, 1, 18, 5, 16, 16, 16, 1, 18, 18]	tepppoareppparr
[9, 18, 22, 18, 1, 20, 20, 22, 9, 22, 22, 1, 14, 20, 5]	irvrattvivvante
[0, 13, 1, 14, 3, 21, 20, 21, 20, 20, 5, 1, 21, 18, 11]	mancututteaurk
[15, 14, 5, 5, 5, 5, 5, 5, 5, 5, 5, 5, 5, 5, 7]	oneeeeeeeeeeeeg
Epoch is 42
epoch 42	mini-batch 549	[ DISC	loss : 0.122691 ]	[ ADV	loss : 0.973256 ]
[9, 20, 15, 18, 18, 16, 9, 22, 16, 16, 16, 16, 16, 16, 21]	itorrpivppppppu
[15, 16, 15, 3, 15, 16, 15, 16, 15, 16, 15, 16, 15, 16, 5]	opocopopopopope
[2, 1, 2, 8, 11, 11, 1, 37, 14, 20, 9, 6, 19, 9, 5]	babhkka-ntifsie
[0, 1, 20, 20, 20, 20, 25, 20, 20, 25, 25, 18, 18, 18, 1]	attttyttyyrrra
[5, 14, 1, 1, 4, 1, 1, 1, 1, 1, 1, 1, 1, 1, 19]	enaadaaaaaaaaas
[5, 18, 3, 3, 3, 3, 3, 3, 3, 3, 3, 3, 3, 3, 14]	erccccccccccccn
[15, 14, 14, 20, 20, 20, 20, 20, 20, 20, 20, 20, 20, 20, 4]	onntttttttttttd
[4, 1, 15, 3, 15, 3, 15, 15, 1, 15, 1, 15, 15, 15, 15]	daococooaoaoooo
[16, 16, 16, 18, 18, 18, 18, 18, 18, 18, 18, 18, 18, 18, 15]	ppprrrrrrrrrrro
[9, 14, 9, 20, 15, 20, 15, 20, 18, 20, 20, 20, 20, 20, 15]	initototrttttto
[20, 6, 6, 9, 18, 18, 18, 18, 18, 18, 18, 18, 18, 18, 15]	tffirrrrrrrrrro
[0, 0, 0, 3, 3, 12, 5, 12, 12, 12, 12, 12, 12, 19, 20]	cclellllllst
[15, 5, 18, 18, 18, 18, 18, 18, 18, 18, 18, 18, 18, 18, 15]	oerrrrrrrrrrrro
[14, 25, 5, 25, 5, 14, 5, 14, 5, 14, 14, 14, 14, 14, 19]	nyeyenenennnnns
[9, 16, 20, 20, 20, 20, 20, 20, 20, 20, 20, 20, 20, 20, 15]	iptttttttttttto
Epoch is 43
epoch 43	mini-batch 549	[ DISC	loss : 0.062272 ]	[ ADV	loss : 1.110198 ]
[5, 22, 37, 37, 37, 37, 37, 22, 37, 37, 37, 37, 37, 37, 20]	ev-----v------t
[0, 15, 31, 22, 19, 19, 23, 19, 9, 16, 19, 16, 16, 16, 1]	o4vsswsipspppa
[9, 18, 9, 18, 18, 18, 37, 16, 21, 16, 16, 16, 18, 18, 15]	irirrr-puppprro
[23, 9, 5, 18, 9, 9, 9, 1, 9, 9, 9, 9, 9, 9, 8]	wieriiiaiiiiiih
[3, 15, 14, 12, 12, 20, 12, 20, 12, 20, 12, 20, 12, 20, 18]	conlltltltltltr
[0, 21, 12, 25, 25, 8, 9, 14, 5, 3, 8, 8, 8, 8, 19]	ulyyhinechhhhs
[19, 1, 14, 5, 14, 20, 5, 14, 4, 21, 21, 21, 21, 21, 19]	sanentenduuuuus
[2, 1, 14, 20, 20, 9, 8, 19, 19, 19, 7, 20, 8, 9, 8]	banttihsssgthih
[2, 1, 0, 1, 18, 19, 4, 19, 20, 19, 3, 3, 3, 3, 19]	baarsdstsccccs
[15, 12, 20, 5, 18, 18, 18, 18, 4, 4, 4, 4, 8, 8, 12]	olterrrrddddhhl
[20, 20, 18, 20, 20, 18, 18, 20, 20, 20, 20, 20, 20, 20, 14]	ttrttrrtttttttn
[20, 23, 8, 9, 9, 18, 18, 18, 18, 18, 18, 18, 18, 18, 14]	twhiirrrrrrrrrn
[13, 20, 9, 20, 19, 1, 14, 19, 19, 19, 19, 19, 19, 19, 5]	mtitsanssssssse
[19, 7, 8, 1, 7, 7, 7, 37, 37, 37, 37, 37, 21, 21, 12]	sghaggg-----uul
[5, 21, 12, 8, 8, 20, 20, 20, 20, 20, 15, 18, 18, 18, 1]	eulhhtttttorrra
Epoch is 44
epoch 44	mini-batch 549	[ DISC	loss : 0.390755 ]	[ ADV	loss : 1.204891 ]
[5, 18, 4, 1, 4, 1, 1, 1, 1, 1, 1, 1, 1, 1, 19]	erdadaaaaaaaaas
[0, 4, 9, 21, 19, 16, 9, 16, 16, 16, 16, 16, 16, 16, 12]	diuspipppppppl
[12, 3, 4, 8, 9, 9, 18, 18, 18, 18, 18, 18, 18, 18, 5]	lcdhiirrrrrrrre
[0, 0, 0, 7, 5, 5, 19, 25, 9, 7, 7, 7, 18, 25, 19]	geesyigggrys
[8, 5, 18, 18, 18, 18, 18, 18, 18, 18, 18, 18, 18, 18, 1]	herrrrrrrrrrrra
[16, 5, 18, 18, 18, 18, 18, 18, 18, 18, 18, 18, 18, 18, 5]	perrrrrrrrrrrre
[4, 8, 4, 1, 18, 5, 18, 1, 18, 1, 18, 18, 18, 18, 5]	dhdarerararrrre
[0, 5, 11, 11, 11, 11, 11, 11, 11, 1, 1, 1, 1, 1, 19]	ekkkkkkkaaaaas
[13, 5, 1, 12, 4, 5, 5, 5, 5, 5, 5, 5, 5, 5, 8]	mealdeeeeeeeeeh
[0, 13, 20, 20, 1, 14, 18, 8, 21, 18, 18, 18, 18, 18, 1]	mttanrhurrrrra
[0, 2, 2, 18, 3, 3, 3, 3, 4, 3, 3, 3, 4, 4, 14]	bbrccccdcccddn
[14, 12, 4, 9, 21, 21, 1, 4, 1, 4, 1, 1, 1, 1, 19]	nldiuuadadaaaas
[0, 12, 1, 3, 5, 4, 1, 1, 4, 1, 4, 1, 1, 1, 19]	lacedaadadaaas
[8, 12, 8, 8, 1, 8, 21, 8, 8, 11, 18, 18, 18, 18, 5]	hlhhahuhhkrrrre
[12, 12, 18, 18, 18, 18, 18, 18, 18, 18, 18, 18, 18, 18, 15]	llrrrrrrrrrrrro
Epoch is 45
epoch 45	mini-batch 549	[ DISC	loss : 0.094619 ]	[ ADV	loss : 0.993449 ]
[0, 0, 1, 2, 37, 1, 1, 1, 37, 1, 1, 1, 1, 1, 12]	ab-aaa-aaaaal
[2, 20, 8, 2, 9, 18, 18, 2, 2, 2, 2, 2, 2, 2, 15]	bthbirrbbbbbbbo
[9, 18, 2, 2, 2, 1, 18, 11, 1, 15, 14, 14, 14, 4, 19]	irbbbarkaonnnds
[5, 10, 10, 10, 4, 15, 15, 25, 25, 14, 14, 14, 14, 25, 19]	ejjjdooyynnnnys
[9, 14, 9, 18, 18, 18, 18, 1, 13, 1, 16, 9, 16, 9, 19]	inirrrramapipis
[13, 8, 9, 18, 18, 18, 18, 18, 18, 18, 18, 18, 18, 18, 15]	mhirrrrrrrrrrro
[0, 23, 20, 5, 1, 14, 14, 5, 13, 15, 13, 15, 13, 15, 18]	wteannemomomor
[4, 9, 4, 1, 4, 21, 21, 21, 4, 4, 1, 19, 19, 19, 19]	didaduuuddassss
[14, 4, 8, 9, 4, 4, 4, 4, 8, 4, 8, 4, 19, 4, 19]	ndhiddddhdhdsds
[13, 4, 9, 16, 20, 20, 20, 20, 20, 20, 20, 20, 20, 20, 5]	mdiptttttttttte
[20, 1, 21, 14, 21, 21, 14, 1, 1, 1, 1, 1, 1, 1, 19]	taunuunaaaaaaas
[19, 13, 8, 20, 20, 20, 20, 20, 20, 20, 20, 20, 20, 20, 5]	smhttttttttttte
[14, 19, 6, 9, 16, 16, 18, 14, 18, 16, 9, 18, 18, 16, 5]	nsfipprnrpirrpe
[18, 15, 14, 5, 20, 25, 25, 25, 25, 19, 19, 19, 1, 1, 4]	ronetyyyysssaad
[0, 3, 10, 1, 20, 1, 14, 1, 4, 5, 15, 15, 15, 5, 4]	cjatanadeoooed
Epoch is 46
epoch 46	mini-batch 549	[ DISC	loss : 0.056406 ]	[ ADV	loss : 1.412593 ]
[15, 20, 1, 18, 15, 14, 15, 12, 3, 12, 12, 12, 12, 12, 25]	otaronolcllllly
[5, 18, 12, 7, 7, 1, 18, 14, 18, 3, 3, 3, 1, 18, 15]	erlggarnrcccaro
[19, 19, 19, 19, 19, 19, 19, 19, 19, 19, 19, 19, 19, 19, 5]	sssssssssssssse
[9, 14, 9, 18, 18, 18, 18, 18, 18, 18, 18, 18, 18, 18, 5]	inirrrrrrrrrrre
[0, 1, 2, 9, 37, 20, 20, 2, 2, 2, 2, 2, 2, 2, 12]	abi-ttbbbbbbbl
[2, 9, 22, 9, 22, 9, 22, 19, 6, 19, 9, 19, 19, 19, 19]	bivivivsfsissss
[12, 12, 12, 12, 12, 12, 5, 12, 12, 12, 15, 14, 0, 12, 13]	llllllelllonlm
[7, 0, 0, 2, 15, 2, 2, 23, 9, 15, 15, 14, 5, 5, 4]	gbobbwiooneed
[3, 21, 3, 7, 3, 7, 7, 7, 7, 7, 7, 7, 7, 7, 7]	cucgcgggggggggg
[20, 5, 16, 21, 18, 20, 19, 20, 20, 20, 20, 20, 20, 20, 19]	tepurtsttttttts
[18, 9, 21, 21, 21, 21, 3, 9, 5, 14, 14, 14, 14, 14, 19]	riuuuuciennnnns
[3, 11, 20, 9, 9, 9, 20, 20, 18, 20, 18, 20, 18, 18, 5]	cktiiittrtrtrre
[5, 14, 14, 21, 18, 12, 5, 4, 19, 23, 20, 20, 20, 20, 5]	ennurledswtttte
[0, 23, 16, 9, 21, 23, 23, 23, 20, 9, 14, 15, 14, 5, 18]	wpiuwwwtinoner
[18, 5, 12, 5, 5, 5, 5, 5, 5, 5, 1, 21, 21, 21, 19]	releeeeeeeauuus
Epoch is 47
epoch 47	mini-batch 549	[ DISC	loss : 0.089173 ]	[ ADV	loss : 0.798695 ]
[1, 14, 12, 12, 12, 9, 12, 12, 12, 12, 12, 12, 12, 12, 25]	anlllilllllllly
[0, 0, 3, 4, 1, 3, 3, 3, 3, 3, 3, 3, 3, 3, 14]	cdacccccccccn
[12, 4, 4, 9, 15, 12, 9, 9, 9, 9, 9, 9, 9, 9, 9]	lddioliiiiiiiii
[5, 2, 19, 19, 1, 19, 1, 7, 1, 16, 1, 19, 1, 16, 19]	ebssasagapasaps
[0, 0, 12, 12, 12, 12, 12, 12, 12, 12, 12, 12, 12, 12, 12]	lllllllllllll
[0, 25, 21, 4, 4, 4, 4, 4, 4, 4, 4, 4, 4, 4, 12]	yudddddddddddl
[8, 15, 18, 20, 20, 20, 20, 20, 20, 20, 20, 20, 20, 20, 5]	horttttttttttte
[15, 18, 14, 14, 11, 11, 11, 11, 11, 11, 11, 11, 11, 11, 11]	ornnkkkkkkkkkkk
[8, 15, 14, 4, 4, 4, 4, 4, 1, 4, 5, 3, 4, 1, 15]	hondddddadecdao
[18, 1, 18, 13, 13, 18, 18, 18, 18, 18, 18, 18, 18, 18, 14]	rarmmrrrrrrrrrn
[9, 9, 18, 18, 18, 18, 18, 18, 18, 18, 18, 18, 18, 18, 15]	iirrrrrrrrrrrro
[5, 14, 9, 20, 9, 20, 20, 20, 20, 14, 20, 11, 5, 14, 5]	enitittttntkene
[0, 14, 6, 15, 4, 15, 14, 1, 14, 1, 14, 1, 1, 1, 19]	nfodonananaaas
[3, 21, 21, 3, 1, 1, 1, 21, 21, 1, 1, 1, 1, 1, 19]	cuucaaauuaaaaas
[7, 7, 5, 5, 25, 25, 25, 25, 25, 25, 25, 25, 25, 25, 5]	ggeeyyyyyyyyyye
Epoch is 48
epoch 48	mini-batch 549	[ DISC	loss : 0.150072 ]	[ ADV	loss : 0.850198 ]
[2, 19, 20, 9, 18, 18, 14, 18, 18, 18, 14, 14, 1, 18, 5]	bstirrnrrrnnare
[7, 1, 2, 2, 23, 20, 7, 19, 18, 23, 20, 20, 18, 18, 15]	gabbwtgsrwttrro
[9, 20, 9, 18, 18, 18, 18, 18, 18, 18, 18, 18, 18, 18, 5]	itirrrrrrrrrrre
[19, 19, 23, 19, 13, 19, 13, 37, 37, 37, 37, 37, 19, 19, 20]	sswsmsm-----sst
[15, 14, 3, 9, 14, 15, 14, 24, 3, 23, 3, 14, 14, 14, 15]	oncinonxcwcnnno
[18, 1, 3, 4, 4, 3, 3, 3, 3, 3, 3, 3, 3, 3, 3]	racddcccccccccc
[5, 5, 22, 16, 5, 8, 11, 11, 11, 11, 18, 18, 18, 18, 1]	eevpehkkkkrrrra
[9, 19, 16, 9, 18, 18, 18, 18, 18, 18, 18, 18, 18, 18, 5]	ispirrrrrrrrrre
[0, 19, 19, 25, 25, 25, 25, 25, 25, 25, 18, 18, 18, 18, 5]	ssyyyyyyyrrrre
[15, 13, 5, 13, 6, 6, 9, 5, 6, 5, 1, 13, 16, 6, 5]	omemffiefeampfe
[0, 0, 2, 20, 5, 25, 25, 1, 3, 1, 14, 6, 14, 1, 11]	bteyyacanfnak
[15, 12, 19, 19, 19, 19, 9, 5, 21, 21, 19, 19, 8, 5, 19]	olssssieuusshes
[0, 20, 5, 19, 19, 19, 19, 25, 1, 14, 25, 1, 25, 25, 19]	tessssyanyayys
[20, 5, 18, 21, 4, 15, 11, 1, 19, 1, 11, 1, 11, 1, 19]	terudokasakakas
[23, 5, 13, 8, 8, 1, 18, 3, 6, 3, 3, 3, 3, 3, 5]	wemhharcfccccce
Epoch is 49
