experiments/20171219-164352
__________________________________________________________________________________________________
Layer (type)                    Output Shape         Param #     Connected to                     
==================================================================================================
Discriminator_Input (InputLayer (None, 15, 38)       0                                            
__________________________________________________________________________________________________
discr_conv0 (Conv1D)            (None, 15, 20)       1540        Discriminator_Input[0][0]        
__________________________________________________________________________________________________
discr_conv1 (Conv1D)            (None, 15, 10)       1150        Discriminator_Input[0][0]        
__________________________________________________________________________________________________
batch_normalization_1 (BatchNor (None, 15, 20)       80          discr_conv0[0][0]                
__________________________________________________________________________________________________
batch_normalization_2 (BatchNor (None, 15, 10)       40          discr_conv1[0][0]                
__________________________________________________________________________________________________
leaky_re_lu_1 (LeakyReLU)       (None, 15, 20)       0           batch_normalization_1[0][0]      
__________________________________________________________________________________________________
leaky_re_lu_2 (LeakyReLU)       (None, 15, 10)       0           batch_normalization_2[0][0]      
__________________________________________________________________________________________________
discr_dropout0 (Dropout)        (None, 15, 20)       0           leaky_re_lu_1[0][0]              
__________________________________________________________________________________________________
discr_dropout1 (Dropout)        (None, 15, 10)       0           leaky_re_lu_2[0][0]              
__________________________________________________________________________________________________
average_pooling1d_1 (AveragePoo (None, 7, 20)        0           discr_dropout0[0][0]             
__________________________________________________________________________________________________
average_pooling1d_2 (AveragePoo (None, 7, 10)        0           discr_dropout1[0][0]             
__________________________________________________________________________________________________
concatenate_1 (Concatenate)     (None, 7, 30)        0           average_pooling1d_1[0][0]        
                                                                 average_pooling1d_2[0][0]        
__________________________________________________________________________________________________
lstm_1 (LSTM)                   (None, 20)           4080        concatenate_1[0][0]              
__________________________________________________________________________________________________
dense_1 (Dense)                 (None, 1)            21          lstm_1[0][0]                     
==================================================================================================
Total params: 6,911
Trainable params: 6,851
Non-trainable params: 60
__________________________________________________________________________________________________
__________________________________________________________________________________________________
Layer (type)                    Output Shape         Param #     Connected to                     
==================================================================================================
Generator_Input (InputLayer)    (None, 20)           0                                            
__________________________________________________________________________________________________
gen_repeate_vec (RepeatVector)  (None, 15, 20)       0           Generator_Input[0][0]            
__________________________________________________________________________________________________
gen_LSTM (LSTM)                 (None, 15, 38)       8968        gen_repeate_vec[0][0]            
__________________________________________________________________________________________________
dropout_1 (Dropout)             (None, 15, 38)       0           gen_LSTM[0][0]                   
__________________________________________________________________________________________________
gen_conv0 (Conv1D)              (None, 15, 20)       1540        dropout_1[0][0]                  
__________________________________________________________________________________________________
gen_conv1 (Conv1D)              (None, 15, 10)       1150        dropout_1[0][0]                  
__________________________________________________________________________________________________
leaky_re_lu_3 (LeakyReLU)       (None, 15, 20)       0           gen_conv0[0][0]                  
__________________________________________________________________________________________________
leaky_re_lu_4 (LeakyReLU)       (None, 15, 10)       0           gen_conv1[0][0]                  
__________________________________________________________________________________________________
gen_dropout0 (Dropout)          (None, 15, 20)       0           leaky_re_lu_3[0][0]              
__________________________________________________________________________________________________
gen_dropout1 (Dropout)          (None, 15, 10)       0           leaky_re_lu_4[0][0]              
__________________________________________________________________________________________________
concatenate_2 (Concatenate)     (None, 15, 30)       0           gen_dropout0[0][0]               
                                                                 gen_dropout1[0][0]               
__________________________________________________________________________________________________
decoder_end (TimeDistributed)   (None, 15, 38)       1178        concatenate_2[0][0]              
==================================================================================================
Total params: 12,836
Trainable params: 12,836
Non-trainable params: 0
__________________________________________________________________________________________________
_________________________________________________________________
Layer (type)                 Output Shape              Param #   
=================================================================
Generator (Model)            (None, 15, 38)            12836     
_________________________________________________________________
Discriminator (Model)        (None, 1)                 6911      
=================================================================
Total params: 19,747
Trainable params: 19,687
Non-trainable params: 60
_________________________________________________________________
Epoch is 0
Number of batches 69
Batch size: 128
domains_batch size:	(128, 15, 38)
generated domains shape:	(128, 15, 38)
training set shape	(128, 15, 38)
target shape (128, 1)
epoch 0	[ DISC	loss : 0.692329 ]	[ ADV	loss : 0.622893 ]
[10, 28, 12, 29, 28, 29, 10, 28, 16, 0, 30, 35, 1, 3, 7]	j1l212j1p38acg
[29, 7, 28, 28, 29, 18, 14, 10, 14, 14, 0, 22, 30, 17, 5]	2g112rnjnnv3qe
[8, 13, 16, 28, 10, 29, 14, 1, 25, 32, 37, 37, 4, 37, 3]	hmp1j2nay5--d-c
[11, 31, 28, 33, 28, 10, 4, 8, 10, 17, 30, 24, 24, 1, 12]	k4161jdhjq3xxal
[10, 0, 33, 28, 28, 18, 4, 22, 20, 37, 1, 37, 1, 3, 3]	j611rdvt-a-acc
[21, 28, 7, 4, 28, 18, 20, 30, 22, 1, 9, 3, 37, 9, 12]	u1gd1rt3vaic-il
[12, 10, 4, 15, 29, 10, 26, 18, 37, 6, 0, 0, 1, 26, 12]	ljdo2jzr-fazl
[28, 25, 28, 13, 17, 32, 18, 30, 20, 37, 30, 37, 1, 37, 24]	1y1mq5r3t-3-a-x
[28, 28, 28, 29, 28, 25, 14, 8, 22, 1, 1, 1, 0, 9, 3]	11121ynhvaaaic
[13, 29, 33, 28, 28, 18, 18, 17, 9, 20, 37, 26, 37, 35, 35]	m2611rrqit-z-88
[12, 28, 12, 29, 28, 10, 15, 20, 0, 24, 30, 1, 1, 24, 12]	l1l21jotx3aaxl
[12, 12, 29, 28, 28, 8, 25, 4, 35, 9, 3, 35, 9, 9, 12]	ll211hyd8ic8iil
[4, 21, 28, 28, 29, 12, 25, 26, 1, 9, 37, 4, 35, 22, 35]	du112lyzai-d8v8
[11, 12, 28, 29, 4, 28, 18, 30, 32, 20, 22, 22, 35, 22, 12]	kl12d1r35tvv8vl
[3, 11, 4, 28, 10, 21, 10, 14, 26, 30, 14, 1, 1, 30, 12]	ckd1jujnz3naa3l
Epoch is 1
epoch 1	[ DISC	loss : 0.680525 ]	[ ADV	loss : 0.633649 ]
[29, 20, 28, 11, 10, 18, 3, 30, 3, 25, 1, 14, 23, 21, 12]	2t1kjrc3cyanwul
[16, 28, 18, 33, 28, 10, 8, 3, 0, 37, 5, 6, 2, 12, 12]	p1r61jhc-efbll
[15, 28, 12, 28, 25, 15, 6, 14, 8, 26, 6, 37, 32, 21, 12]	o1l1yofnhzf-5ul
[12, 33, 28, 18, 25, 15, 25, 14, 2, 6, 37, 22, 23, 22, 12]	l61ryoynbf-vwvl
[33, 12, 28, 28, 18, 10, 14, 30, 35, 35, 30, 1, 20, 23, 12]	6l11rjn3883atwl
[28, 29, 12, 29, 10, 29, 14, 8, 35, 6, 22, 37, 30, 35, 12]	12l2j2nh8fv-38l
[12, 33, 15, 12, 10, 14, 30, 3, 3, 37, 6, 35, 7, 35, 3]	l6oljn3cc-f8g8c
[28, 11, 11, 11, 33, 15, 28, 3, 29, 2, 0, 6, 23, 22, 12]	1kkk6o1c2bfwvl
[28, 27, 29, 11, 10, 15, 10, 28, 2, 30, 30, 29, 22, 21, 3]	102kjoj1b332vuc
[31, 10, 10, 11, 12, 28, 10, 14, 6, 3, 0, 2, 0, 35, 37]	4jjkl1jnfcb8-
[10, 11, 12, 10, 11, 10, 10, 14, 30, 2, 6, 3, 23, 1, 12]	jkljkjjn3bfcwal
[12, 25, 33, 33, 10, 28, 14, 6, 3, 2, 37, 1, 22, 37, 3]	ly66j1nfcb-av-c
[28, 33, 33, 28, 11, 14, 10, 30, 29, 2, 29, 20, 37, 21, 12]	1661knj32b2t-ul
[17, 10, 16, 18, 21, 18, 8, 6, 8, 0, 30, 23, 0, 21, 9]	qjprurhfh3wui
[11, 33, 15, 15, 28, 10, 2, 0, 2, 30, 13, 3, 36, 1, 12]	k6oo1jbb3mc9al
Epoch is 2
epoch 2	[ DISC	loss : 0.674093 ]	[ ADV	loss : 0.643597 ]
[12, 24, 10, 10, 33, 28, 3, 13, 8, 13, 4, 3, 1, 3, 12]	lxjj61cmhmdcacl
[11, 25, 28, 28, 18, 13, 13, 13, 26, 25, 5, 26, 21, 21, 12]	ky11rmmmzyezuul
[12, 28, 33, 33, 15, 10, 14, 8, 5, 25, 25, 37, 1, 23, 21]	l166ojnheyy-awu
[33, 16, 24, 18, 25, 28, 13, 2, 5, 2, 5, 9, 3, 23, 12]	6pxry1mbebeicwl
[28, 12, 11, 16, 11, 33, 29, 10, 2, 6, 37, 30, 1, 1, 21]	1lkpk62jbf-3aau
[24, 16, 16, 33, 12, 28, 6, 14, 30, 30, 31, 3, 21, 22, 12]	xpp6l1fn334cuvl
[12, 28, 11, 12, 28, 11, 10, 14, 26, 26, 30, 37, 3, 3, 12]	l1kl1kjnzz3-ccl
[28, 24, 28, 28, 33, 10, 30, 13, 13, 5, 6, 31, 1, 1, 21]	1x116j3mmef4aau
[12, 33, 28, 12, 15, 14, 28, 3, 14, 6, 6, 8, 3, 21, 19]	l61lon1cnffhcus
[27, 24, 12, 28, 16, 10, 8, 3, 13, 26, 3, 22, 7, 21, 19]	0xl1pjhcmzcvgus
[29, 28, 28, 12, 33, 10, 14, 3, 6, 30, 26, 37, 21, 23, 21]	211l6jncf3z-uwu
[18, 27, 16, 28, 12, 28, 3, 2, 3, 8, 25, 3, 1, 1, 19]	r0p1l1cbchycaas
[12, 24, 12, 28, 18, 10, 13, 13, 30, 30, 35, 22, 20, 21, 12]	lxl1rjmm338vtul
[24, 33, 24, 27, 18, 10, 25, 30, 8, 30, 3, 26, 22, 21, 3]	x6x0rjy3h3czvuc
[28, 12, 11, 10, 18, 1, 14, 6, 6, 14, 26, 1, 35, 21, 21]	1lkjranffnza8uu
Epoch is 3
epoch 3	[ DISC	loss : 0.669513 ]	[ ADV	loss : 0.640353 ]
[35, 10, 37, 27, 12, 27, 37, 1, 28, 1, 8, 3, 3, 26, 29]	8j-0l0-a1ahccz2
[35, 29, 9, 37, 18, 18, 9, 18, 2, 2, 14, 14, 14, 8, 29]	82i-rrirbbnnnh2
[22, 12, 27, 27, 29, 34, 37, 6, 6, 26, 6, 14, 14, 4, 13]	vl0027-ffzfnndm
[33, 33, 27, 27, 27, 21, 18, 10, 2, 26, 14, 26, 14, 14, 29]	66000urjbznznn2
[29, 33, 36, 27, 18, 34, 33, 8, 2, 26, 14, 6, 4, 34, 27]	2690r76hbznfd70
[34, 37, 12, 27, 18, 27, 9, 27, 13, 30, 14, 4, 14, 2, 26]	7-l0r0i0m3ndnbz
[12, 33, 37, 33, 9, 34, 33, 31, 6, 6, 6, 14, 14, 2, 29]	l6-6i764fffnnb2
[12, 12, 22, 24, 9, 7, 18, 18, 26, 26, 2, 14, 6, 14, 24]	llvxigrrzzbnfnx
[27, 37, 37, 12, 12, 10, 18, 5, 14, 6, 14, 14, 4, 25, 27]	0--lljrenfnndy0
[37, 12, 18, 36, 21, 21, 18, 6, 26, 26, 14, 2, 29, 25, 27]	-lr9uurfzznb2y0
[27, 12, 35, 27, 37, 21, 23, 8, 14, 14, 14, 2, 14, 5, 10]	0l80-uwhnnnbnej
[27, 18, 9, 27, 20, 18, 32, 6, 6, 14, 13, 26, 24, 25, 29]	0ri0tr5ffnmzxy2
[16, 36, 34, 34, 33, 34, 18, 25, 14, 14, 14, 14, 2, 25, 29]	p97767rynnnnby2
[29, 27, 35, 34, 12, 18, 16, 16, 4, 14, 6, 14, 6, 25, 29]	2087lrppdnfnfy2
[33, 33, 12, 34, 35, 32, 21, 26, 2, 6, 26, 2, 6, 2, 29]	66l785uzbfzbfb2
Epoch is 4
