2017-09-19 17:05:52,214 DEBUG model init at saved models/2017-09-19 17:05 
2017-09-19 17:17:02,846 INFO model saved to saved models/2017-09-19 17:05/model_architecture.json
2017-09-19 17:17:02,902 INFO model weights saved to saved models/2017-09-19 17:05/model_weights.h5
2017-09-19 17:17:03,103 INFO network diagram saved to saved models/2017-09-19 17:05/model.png 
2017-09-19 17:17:05,843 INFO 
             precision    recall  f1-score   support

        DGA       0.78      0.96      0.86     21377
      Legit       0.95      0.72      0.82     20205

avg / total       0.86      0.84      0.84     41582

2017-09-19 18:25:03,521 DEBUG model init at saved models/pieraz train:sup test:sup BatchNormalized 
2017-09-19 18:25:03,521 INFO Starting cross validation at 2017-09-19 18:25:03.521973
2017-09-19 18:25:59,490 DEBUG model init at saved models/pieraz train:sup test:sup BatchNormalized 
2017-09-19 18:25:59,491 INFO Starting cross validation at 2017-09-19 18:25:59.491134
2017-09-19 18:28:03,763 DEBUG model init at saved models/pieraz train:sup test:sup BatchNormalized 
2017-09-19 18:28:03,763 INFO Starting cross validation at 2017-09-19 18:28:03.763945
2017-09-21 11:59:45,508 INFO 
             precision    recall  f1-score   support

        DGA       0.78      0.96      0.86     21215
      Legit       0.95      0.72      0.82     20367

avg / total       0.86      0.84      0.84     41582

