experiments/20171213-133002
Epoch is 0
Number of batches 216
Batch size: 32
domains_batch size:	(32, 15, 38)
generated domains shape:	(32, 15, 38)
training set shape	(32, 15, 38)
target shape (32, 1)
Generated sample: ['oooooooooooooo3', 'dnnnnnnnnnnnnnn', 'cnnnnnnnnnnnnn', 'xxxxxxxtttttttt', '-qqqqq--------f'] 
Generated sample: ['nnnnnnnnnnnnnnn', 'ddddddddddddddd', 'tttteeeeeeehhhe', 'vvvvvvvvvvvvvvd', 'ddddddddddddddd'] 
Generated sample: ['kkkkkkkkkkkkkkk', 'yyyyyyyyyyyyyyy', 'dddddddd555555d', 'ddddddddddddddd', '555555555555555'] 
Generated sample: ['dddkkkkkkkkkkkk', 'yyyyyyyyyyyyyyk', 'ddddddddddddddd', 'nnnnnnnnnnnnnn8', 'txxoooooooooooo'] 
Generated sample: ['ddddddddddddddu', '--------------s', 'hkkkqqqqqqqqqqg', '---fffffffffffi', 'mmmmmmmmmmmmmmm'] 
Generated sample: ['ddddddddddddddv', 'uiiiiiiiiiiiii-', '-ddddiiiiiiiiii', 'aaaaaaaaaaaaaay', 'kkkzzzzzzzzzzze'] 
Generated sample: ['yyyyyyyyyyyyyyk', '---kkkkkkkkkkkk', 'ddddddddddddddc', 'tttttttttttttte', 'dhhhmmmmmmmmmmv'] 
Generated sample: ['kzzzzaqqqqqqaai', 'ddddddddddddddd', 'dcccccccccccccc', 'uxxxxxxxxhhhhhd', '9xxxxxxxxxxxxxx'] 
Generated sample: ['nnnnnnnnnnnnnnd', 'nttttttttttttt8', 'dddddddddddd55n', 'ccccccccccccccn', 'nnnnnnnnnnnnnni'] 
epoch 0	mini-batch 9	[ DISC	loss : 0.702639 ]	[ ADV	loss : 0.647352 ]
Generated sample: ['kiiiiiiiiiiiiii', 'd55555555555oox', '---------------', 'iiiiiiiiiiiiiid', 'ddddddddddddddd'] 
Generated sample: ['5pppppddddddddv', 'tttttttttttttt', '--------------8', '5dddddddddddddd', 'dwwwddddddddddh'] 
Generated sample: ['nnnnnnnnnnnnnnc', 'nnnnnnnnnnnnnnc', '555gggggggggggg', 'dduuuuuuuuuuuuu', '5cccccccccccccd'] 
Generated sample: ['ddddddddddddddd', 'ddddddddddddddv', '8ttttttttttttte', 'ddddddddddddddo', '555555555555555'] 
Generated sample: ['555555d5555555n', 'muuuuuuuuuuuuuu', 'mmmkkkkkkkkkkkh', 'nnnnnnnnnnnnnn', '88000000000000u'] 
Generated sample: ['dccccccccccchhn', 'yyccccccccccccc', 'ykkkkkkkkkkkkkk', 'ddddddddddddddv', '55555555555555d'] 
Generated sample: ['22222222222222t', 'nnnnnn00000000n', 'd5555555555555d', 'nnnnnnnnnnnnnnt', 'uuuuuuuuuuuuuu5'] 
Generated sample: ['aaaaaaaaaaaaaay', '2aaaaaaaaaaaaay', '5cccccccccccccc', '5hhhhhhhhhhhhhh', 'ddkyyyyyyyyyyyk'] 
Generated sample: ['55hhddddddddddd', 'dddddddddnnnnnd', 'qqqqqqqqqqqqqqq', 'oooooooooooooog', '--------------f'] 
Generated sample: ['vvvvvvvvvvvvvvv', 'kkkkqqqqqqqqqqq', 'kkkkkkkkkkkkkkk', 'kkkkkkkkkkkkkkk', '555xxxxxxxxxxxf'] 
epoch 0	mini-batch 19	[ DISC	loss : 0.714104 ]	[ ADV	loss : 0.611145 ]
Generated sample: ['--kkkkkkkkkkkkk', 'iiiiiiiiiiiiiii', '44i-----------k', 'kkkkkkkkkkkkkku', 'mmmmmmmm888888c'] 
Generated sample: ['kkkkkkkkkkkkkks', '55555555555555d', '---oooooooooooy', 'kdddddddddddddd', 'dd5555kkkkkkkkd'] 
Generated sample: ['555xxxxxxxxxxxx', '--------------q', '33333333333333n', 'ddc33333333333c', 'ddddddddddddddk'] 
Generated sample: ['-------kkkkkkkk', '99999999999999i', 'mkkkkkkkkkkkkkh', '55555555555555k', 'dddccccccccdddn'] 
Generated sample: ['ddddddddddddddd', 'm22222mmmmmmmmc', 'd5555555555555x', 'cccccccccccccc8', 'mmmokkkkkkkkkk8'] 
Generated sample: ['22222222222222s', 'ddddddddddddddd', 'kkooooooooooooq', '99uuuuuuuuhhhhd', 'dddccccccccnnnc'] 
Generated sample: ['m5ccccccccccccc', 'yyyyyyyyyyyyyyr', 'ooooooooooooooq', 'ddddddddggggggh', 'kzzzzzzzzzzzzz8'] 
Generated sample: ['uuudddddddddddd', 'ffppp555555555k', '--------------', 'ccccccccccccccc', 'ooooooooooooook'] 
Generated sample: ['vvvvvvvvvvvvvvd', '77777777777777k', 'ffffnnnnnnnnnnc', '9hhhhhhhhhhhhhd', '8kkkkkkkkkkkkkk'] 
Generated sample: ['55555555555555f', 'xcccccccccccccc', 'mkkkkkkkkkkkkkk', 'c55dddddddddddd', 'c5555555555555n'] 
epoch 0	mini-batch 29	[ DISC	loss : 0.717697 ]	[ ADV	loss : 0.550944 ]
Generated sample: ['--------------k', 'sdddddddddssssc', '--------------f', 'tti', 'vdkkkkkkkkkkkks'] 
Generated sample: ['uuuuuuuuuuuuuu-', '-fooooookkkkkkk', '-kkkkkkkkkkkkkf', 'uuoooohhhhhhhhv', 'ddddhhhhhhhhhhh'] 
Generated sample: ['kkk55555555555k', 'oiisssssssssss8', 'xxxxx', '--axxxxxxxxxxxx', 'ddccccccccccccc'] 
Generated sample: ['attttttttaaaaas', 'nnnnnnnnnnnnnnn', '55555555555555d', '9iiiiiiiiiiiii-', 'fddddddffffffff'] 
Generated sample: ['d9999999999999m', 'ddddddddddddddd', '5dddddddddddddd', 'ddddddddddddddd', 'kkkkkkkkkkkkkkk'] 
Generated sample: ['55555555555555', 'zzzzzzzzzzzzzzk', '5333nnnnnnnnnnn', '99vvvvvvvvvvvvy', '5kkkkkkkkkkkkkk'] 
Generated sample: ['yyyyyyyyyyyyyym', 'kkkkkkkkkkkkkkk', '55555555555555n', 'dcccccccccccccr', '999999999999999'] 
Generated sample: ['f55555555555555', 'jjjjjjjjjjjjjjq', '55555555555555z', 'csyyyyyyyyyyyys', '--'] 
Generated sample: ['kjjjjjjjjjjjjjd', '---------------', '555555555555555', '--fffffffffffff', 'uuuxxxxxxxxxxxx'] 
Generated sample: ['nddnnnnnnnnnnnn', 'sdddddddddddddd', 'ddddddddddddddd', 'ffssfff', '88888888888888i'] 
epoch 0	mini-batch 39	[ DISC	loss : 0.732858 ]	[ ADV	loss : 0.550114 ]
Generated sample: ['kk222222222222d', '--------------x', '-55oooooooooooh', 'mmmmmmmmmmmmmmt', 'ddddddddddddddi'] 
Generated sample: ['koooooooooooooy', 'nvvvvvvvvvvvvvv', 'ddddddddddddddc', 'hhhhhhhhhhhhhh-', 'gtttttttttttttt'] 
Generated sample: ['35555555555555g', '-qqqqqqqqqqqqqq', 'kyffffffffffff7', '55555555555555n', 'qqqqqqqqqqqqqqq'] 
Generated sample: ['ccccccccccccccn', 'a2222222222222d', 'fffuuuuuuuuuuuu', 'dgggggggggggggg', '-kkkkkkkkkkkkkk'] 
Generated sample: ['-55555555555555', 'xxxxxxxxxxxxxxx', 'dmmmmmccccccccc', '-yyyyyyyyyyyyyy', 'ddddddddddddddk'] 
Generated sample: ['ccc999999999999', 'ddsssssssssssss', 'dhvvvvvvvvvvvvc', 'dddddnnnnnnnnnn', 'vvvgggggggggggd'] 
Generated sample: ['9', '88ttttttttttttt', '55555555555555n', 'vtvvvvvvvvvvvvv', '-4444yyyyyyyyyk'] 
Generated sample: ['dyyyyyyyyyyyyy', '5555dddd555555d', 'cdddddddddddddd', 'xdddddddddddddd', '55555555555555q'] 
Generated sample: ['kkkkkkkkkkkkkkk', 'k5555nnnnnnnnnn', 'kkkkkkkkkkkkkkk', 'nnnnnnnnnnnnnnn', '---aaaaaaggggga'] 
Generated sample: ['ttuuuuuuuuuuuuu', 'ddddcnnnnnnnnni', '22222222222222e', 'ccccc1111111dd8', 'vvvssslllllllly'] 
epoch 0	mini-batch 49	[ DISC	loss : 0.736407 ]	[ ADV	loss : 0.494712 ]
Generated sample: ['ddddddddddddddc', '88888888888888k', '44444444444444t', 'ddddddddddddddk', 'ddddddddddddddd'] 
Generated sample: ['nnnn5555555555x', 'ddddddddddddddd', 'dxxxxxxxxxxxxxv', 'kiiiiimmmmmmmmd', '--333333333333y'] 
Generated sample: ['ddd55555555555k', '88eeeeeeeeeeee5', 'ssccccccccccccc', 'kkkkk---------s', '55uuuuuq'] 
Generated sample: ['---iiiiiiifffff', '99999999999999k', 'nnnnnnnnnnnnnnn', 'zzzzzzzz888888h', 'kkk99999zzzzzzm'] 
Generated sample: ['nnnnnnn5555555s', 'vvnnnnnnnnnnnn3', '555555555555555', 'nnnnnnnnnnnnnn-', '555555555555555'] 
Generated sample: ['dddddddnnnnnnnn', 'dcccccccccccccc', '55555555555555c', 'd5555555555555d', '3dddddddddddddu'] 
Generated sample: ['cccccccccccccct', '55nnnnnnnnnnnnn', 'sq', 'ooooooooooooook', 'iiiiiiiiiiiiiii'] 
Generated sample: ['rdkkkkkkkkkkkkk', 'yyyyyyyy999999d', 'iiiiiiiiiiiiiis', '5z', 'aa--99999999999'] 
Generated sample: ['nnnnnnnnnnnnnnn', 'kkyyyyyyyyyyyyy', 'tttttttttttttt', 'kkkkkkkkkkkkkkk', 'uu4444444444444'] 
Generated sample: ['--u', 'hhhnnnnnnnnnnn5', 'ccccccccccccccn', 'zyy44444444cccc', 'ttccccccccccccc'] 
epoch 0	mini-batch 59	[ DISC	loss : 0.734194 ]	[ ADV	loss : 0.447615 ]
Generated sample: ['ssssssssssssssi', '5555ddddddddddc', 'ooooooooooooooi', 'cccccccccccccc', 'kkkkkkkkkkkkkkk'] 
Generated sample: ['---------------', '22222222222222k', '44yyyyyyyyyyyyk', 'hhhhhhhhhhhhhhi', 'ttttttttttttttc'] 
Generated sample: ['hhhdddddddddddc', '99999999999999k', 'p3333333333333n', 'd5xxxxx5555555c', 'kkkkkkkkkkkkkka'] 
Generated sample: ['okkkkkkkkkkkkki', 'kkkiiiiiiiiiiid', 'tttt----------d', 'oooooooooooooou', 'kkkkkkkkkkkkkkd'] 
Generated sample: ['iiiiiiiiiiiiiid', '888888--------i', 'hhhhhhhhhhhhhhh', 'oooooooooooooo5', '33333333333333n'] 
Generated sample: ['kkkkkkkkkkkkkkf', '55555555555555n', 'ookkkkooooooggg', 'nnnnnvvvvvvvvvv', 'zzzzk5555555555'] 
Generated sample: ['99999999999999v', '99999994444444c', 'iiiiiiiiiiiiiid', 'xxxxuuuuuuuuuux', 'ddddddddddddddi'] 
Generated sample: ['--------------k', 'vvvvvvvvvvvvvvn', 'tttttttttttttt', 'u4444444444444v', 'nnnxxxxxxxxxxxn'] 
Generated sample: ['----qqqqqqqqqqi', 'kkkkkkkkkkkkkof', 'iiiiiiiiiiiiiii', 'ttttttttttttttc', '9ttttttttttttt-'] 
Generated sample: ['nhhhhhhhhhhhhhd', 'ccccccccccccccc', '5dddddddddddddd', '55555555555555-', 'dffffffffffffff'] 
epoch 0	mini-batch 69	[ DISC	loss : 0.737823 ]	[ ADV	loss : 0.325278 ]
Generated sample: ['555555555555555', 'ssssssiiiiiiiid', 'kaaaaaccccccccv', 'ccccccccccccccs', 'iiiiiiiiiiiiiik'] 
Generated sample: ['5555555ffffffff', 'ddddddddddddddg', 'ddddddddddddddm', 'ndddddddddddddd', 'ttty-------iii9'] 
Generated sample: ['hhhhhhhhhhhhhhc', '-pppaaaaaaaaaax', 'ddddddddddddddn', 'ssiiiiiiiiiiiii', 'kkkkkkkkkkkkkkk'] 
Generated sample: ['9', 'vvnnnnnnnnnnnng', 'ddddddddddddddn', '44444444------t', 'fffffffffffffff'] 
Generated sample: ['ddnnnnnnnnnnnnn', '--------------q', '55fffffffffffff', '44444444444444k', 'kkkkkkkkkkkkkkk'] 
Generated sample: ['gllliiiiiiiiiii', 'kkkkkkkkkkkkkki', 'ttttttttttttttt', '5ddddddddddddcc', 'iiiiiiiiiiiiiii'] 
Generated sample: ['33333333333333y', 't9999999999999', 'kiiiiiiiiiiiiii', 'xxxxxxxxxxxxxxx', 'ddddddddddddddd'] 
Generated sample: ['9dddddddddddddd', '555555555555555', 'ddddddddddddddk', 'ooooooooooooooi', 'ohhhhhhhhhhhhhi'] 
Generated sample: ['-vvvvvvvvvvvvvv', 'mmmmmmccccccccc', '--------------v', '55555555555555j', 'yyyyyyyyyyyyyyk'] 
Generated sample: ['9gggggggnnnnnnd', '355555555555555', 'ccccccccccccccv', '55555555555555i', 'hhuuuuuuuuuuuu5'] 
epoch 0	mini-batch 79	[ DISC	loss : 0.682607 ]	[ ADV	loss : 0.212484 ]
Generated sample: ['iikkkkkkkkkkkkk', '88888888888888d', 'mmccccccccccccc', 'tmmmmmmmmmmmmm', 'd5555555555555d'] 
Generated sample: ['55555555555555', '5nnnnnnnnnnnnnn', 'eeeetttttttttt', 'kkkkkkkkkkkkkkw', '55555555555555k'] 
Generated sample: ['5555nnnnnnnnnnn', 'sssssssssssssss', 'vvvvvvvvvvvvvvd', 'iii-----------5', 'yyyyyyyyyyyyyyc'] 
Generated sample: ['55555555555555d', '--------------3', 'ddddddddddddddd', 'uuuuuuuuhhhhhhd', 'kkkkkkkkkkkkkkf'] 
Generated sample: ['vdddddddddddddc', 'koddddddddddddd', 'ttttttttttttttc', 'kkk', 'dddddddddddddds'] 
Generated sample: ['kkkkkkkkkkkkkki', 'ddddddddddddddd', 'd33333333333333', 'ccccccccccccccc', '5hhhhhhhhhhhhhv'] 
Generated sample: ['----ttttttttttk', 'dsccccccccccccc', '-dddddddddddddd', '-oiiiiiiiiiiiii', '--------------a'] 
Generated sample: ['kkkkkkkkkkkkkks', 'hhhhhhhhhhhhhhf', 'mkkkkkkkkkkkkkk', 'xxxxxxxxxxxxxxx', '55nnnnnnnnnnnnc'] 
Generated sample: ['hhhhhhhhhhhhhhg', 'kkkkkkkkkkkkkkd', 'kkkkkkkkkkkkkku', 'uuuuuuuuuuuuuuu', 'nnnnnnnnnnnnnnn'] 
Generated sample: ['5nnnnnnnnnnnnnn', 'vvvvvvvvvvvvvvc', 'ddddddddddddddd', 'k2222222222222d', '9ttt9999999999d'] 
epoch 0	mini-batch 89	[ DISC	loss : 0.661199 ]	[ ADV	loss : 0.299824 ]
Generated sample: ['dddddddddddddde', 'aaaaaaaaaaaaaaa', 'ci', 'oooooooooooooou', 'vvvvvvhhhhhhhhd'] 
Generated sample: ['22222888888888q', 'iiiiiiiiiiiiiik', '--kkkkkkkkkkkkk', 'nnaan', 'kkkkkkkkkkkkkkk'] 
Generated sample: ['ooookkooooooooy', 'vvvvvvvvvvvvvvy', 'qqqqiiiiiiiiiii', 'dp555555555555k', 'nnnnnnnnnnnnnnn'] 
Generated sample: ['nnnnnnnnnnnnnns', 'hhhhmmmmmmmmmmd', '9xxxxxxxxxxxxxn', 'ddddddddddddddd', 'cs'] 
Generated sample: ['ddkkkkkkkkkkkkk', 'ssssttttttttttc', 'ddrrrrrrrrrrrr7', 'dxxxxxxxxxxxxxv', '5dddddddddddddt'] 
Generated sample: ['nnnnnnnnnnnnnnn', 'kkkkkkkkkkkkkk5', '333333333333333', 'zzzzzzzzzzzzzzk', 'qqq-----------d'] 
Generated sample: ['kkkkkkkkkkkkkkk', '-ffffxxxxxxfffy', 'ddddddddddddddh', 'kaaaaaaaaaaaaay', 'ffffffffffffffy'] 
Generated sample: ['d--------------', 'ttiiiiiiiiiiiiq', 'uuuuuuhhhhhhhhh', 'assssssssssssss', 'sdddddddddddddd'] 
Generated sample: ['ddddddddddddddu', 'ttxxxxxxxxxxxxx', '---tttttttttttd', '-dddddddddddddt', 'hggggggggggggg3'] 
Generated sample: ['kkkkkkiiiiiiiii', '5fffffffffffffs', 'k----------kkkk', '8dddzzzzzzzzzzs', 'kkdddddddddddd5'] 
epoch 0	mini-batch 99	[ DISC	loss : 0.588614 ]	[ ADV	loss : 0.268662 ]
Generated sample: ['--------------y', 'vvvvvvvvvvvvvvn', 'vgggggggggggggd', 'ddddddddddddddd', '--------------k'] 
Generated sample: ['mmmmmmmmmmmmmmk', 'ddddddddddddddm', 'dduuuuuuddddddd', '55ddddddddddddc', 'iiiiiiiiiiiiiid'] 
Generated sample: ['xxxxxxxxxxxxxxx', 'ddddddddddddddd', '-fffffffffffffk', 'taaaaaaa------r', '44444444444444v'] 
Generated sample: ['vvvvvvvvvvvvvvt', 'ddduuuuuuuuuuuh', 'dddddddddddddds', 'nxxxxxxxxxxxn', '55-------------'] 
Generated sample: ['ddddddddddddddn', 'aaaaaaaaaaaaaak', 'iiiiccccccccccd', '--ffffffffffffx', 'tt999999999999m'] 
Generated sample: ['99999999999999a', 'dddddddddddd55d', '-ffffffffffffff', 'kt', '5nnnnnnnn555553'] 
Generated sample: ['vvvaaaaaaaaaaaa', 'iiiiiiiiiiiiiik', 'ttttttttttttttj', 'yyyyyyyyyyyyyyi', 'nnnnnnnnnnnnnnn'] 
Generated sample: ['555555555555555', '33333333333333y', 'ddddddddddddddd', 'ssssssssssssssd', 'ddddddddddddddc'] 
Generated sample: ['ddddddddddddddd', 'kkkkkkkkkkkkkkk', '555555555555555', 'ccyyhhhhhhhhhhv', 'uuuuuuuuuuuuuuu'] 
Generated sample: ['--------------s', 'xxxxxxxxxxxxxxx', 'nnnnnnnnnnnnnni', 'ooooooooooooooi', 'ddddddddddddddd'] 
epoch 0	mini-batch 109	[ DISC	loss : 0.547437 ]	[ ADV	loss : 0.106955 ]
Generated sample: ['tteeeeeeeeeeeed', 'dddnnnnnnnnnnnn', 'ccccccccccccccn', 'sdddddddddccccc', 'sssssssssssssst'] 
Generated sample: ['5555555555555xx', '888kkkkkkkkkkkk', 'ddddddddddddddd', 'ssssssssssssssd', 'uuuuuuuuuuuuuuu'] 
Generated sample: ['ddddddddddd333v', 'hhhhhhhhhhhhhhv', 'ttttttttttttttk', 'yyyyyyyyyyyyyyi', '555fffffffffffx'] 
Generated sample: ['-aaaaaaaaaaaaax', 'd88vvvvvvvvvvvv', 'ccccccccccccccn', 'hhhhhhhhhhhhhhd', '3gggggggggggggg'] 
Generated sample: ['55ddddddddd3333', '-5555555555555f', '-dddddddddddddd', 'iiiiiiiiiiiiiic', 'ssssssssssssssd'] 
Generated sample: ['55555555555555i', '3dddddddddddddd', 'xuuuddddddddddd', '33333333333333u', '5nnnnnnnnnnnnnt'] 
Generated sample: ['55555555555555', '7kkkkkkkkkkkkkk', 'vttgggggggggggt', 'iiiiiiiiiiiiiii', 'nnnnnnnnnnnnnns'] 
Generated sample: ['---ffffffffffff', 'nnnnnnnnnnnnnnn', 'k55555555555555', 'ddddddddddddddc', 'kkkkkkkkkkkkkkk'] 
Generated sample: ['tttiiiiiiiiiiik', '55ddddddddddddc', '55599kkkkkkkkkk', 'iiiiiiiiiiiiiii', 'kkkkkkkkkkkkkkk'] 
Generated sample: ['vvvvvvvvvvvvvvv', 'rrrrvvvvvvvvvv-', 'vvvvvvvvvvvvvvv', 'dddddddddddddds', 'dddddddddddddds'] 
epoch 0	mini-batch 119	[ DISC	loss : 0.431541 ]	[ ADV	loss : 0.106322 ]
Generated sample: ['tttttttttttttt', 'kkkkkkkkkkkkkdd', 'ddddddddddddddt', 'iiiiiiiiiiiiiik', 'uudduuuuuuuuuud'] 
Generated sample: ['ttttttttttttttd', '99999999999999z', 'hhhhhhhhhhhhhht', 'vhhhhhhhhhhhhhs', 'hhhhhhhhhhhhhh3'] 
Generated sample: ['444444--------k', '44444444444444', 'dtttdddddddddds', 'ttttttttttttttd', '--xxxxxxxxxxxxx'] 
Generated sample: ['ivvvvvvvvvvvvvh', 'nnnnnnnnnnnn88c', 'shhhhhhhhhhhhhm', 'kkkkkkkkkkkkkkk', '9ttiiiiiiiiiiii'] 
Generated sample: ['d5555555555555n', 'uuuuuuuuuuuuuuu', 'ttttttttttttttt', 'zzzzzzzzzzzzzzs', 'q---iiiiiiiiiiq'] 
Generated sample: ['888tttttttttttd', 'itttttttttttttk', 'kqqqqqqqqqqqqqk', 'iiiiiiiiiiiiiid', 'dduuuuuuuuuuuuu'] 
Generated sample: ['iikkkkkkkkkkkku', '--kkkkkkkooooos', 'kkkkkkkkkkkkkkk', 'stttttttttttttd', 'yyyyyyyyyyyyytv'] 
Generated sample: ['vvvvhhhdddddddn', '9dddddddddddddd', 'oiiiiiiiiiiiiik', 'siidddddddddddd', 'kkkkkkkkkkkkkkk'] 
Generated sample: ['kkkkkkkkkkkkkki', 'stttttttttttttt', 'dddddddddddddds', 'ffffffffffffffh', '--333333333333k'] 
Generated sample: ['xxxxxxxxxxxi', 'nnnnnnnnnnnnnnn', 'xxxxxxxxxxxxxxx', 'xxxxxxxxxxxxxx9', 'kkxxxxxxxxxxxxg'] 
epoch 0	mini-batch 129	[ DISC	loss : 0.360696 ]	[ ADV	loss : 0.112856 ]
Generated sample: ['mm4444---------', 'uuu999999999999', '11111111111cccs', 'vvvvvvvvvvvvvv3', 'ssvvvvddddddddd'] 
Generated sample: ['ddddddddvvvvvvk', 'fffffffffffffff', 'kkkkkkkkkkkkkkk', 'tvvvvvvvvvvvvvn', 'siiiiiiiiiiiiii'] 
Generated sample: ['--------------f', 'kiiiikkkkkkkkkf', 'ccccccctttttttt', 'xdddddddddddddv', 'tttttttttttttth'] 
Generated sample: ['kiiiiiiiiiiiiii', 'iiiiiiiiiiiiiii', 'kkkkkkkkkkkkkkk', 'cccccchhhhhhhhh', 'zsssssssssssssd'] 
Generated sample: ['vvvvvvvvvvvvvv3', 'ddddddddddddddd', '3', 'iiccccccccccccc', 'ghhhhhhhhhhhhhd'] 
Generated sample: ['dddkkkkkkkkkkkk', 'iiiiooooooooooo', 'vvvvvvvvvvvvvvn', 'kkkkkkkkkkkkkks', 'uuuuuuuuuuuuuun'] 
Generated sample: ['5ffffffffffooof', 'kkkkkkkkkkkkkks', 'iiiiiiiiiiiiiii', 'xxxxxxxxxxxxxxx', 'vfnnnnnnnnnnnnn'] 
Generated sample: ['ikkkkkkkkkkkkkk', '--------------d', 'vvvvvvddddddddx', 'stttttttttttttt', 'ttnnnnnnnnnnnny'] 
Generated sample: ['--kkkkkkkkkkkkp', 'dddddddddddddds', 'gdddddddddddddd', 'dddddddddddddds', 'tiiiiiiiiiiiiik'] 
Generated sample: ['stttttttttttttd', 'uuuuuuuuuuuuuuv', 'ttttttttttttttm', 'oiiiiiiiiiiiiik', 'ddddddddddddddd'] 
epoch 0	mini-batch 139	[ DISC	loss : 0.297745 ]	[ ADV	loss : 0.121797 ]
Generated sample: ['c5555555555555n', 'sssssssssssssss', 'dvvvvvvvvvvvvvn', 'ddddddddddddddu', 'sooooooooooooot'] 
Generated sample: ['ttttttttttttttt', 'ddddddddddddddk', 'zzzzzzzzzzzzzzv', 'ttttttttttttttk', '-t888888888888'] 
Generated sample: ['-fyyyyyyyyyyyyv', 'vvvvvvvvvvvvvvs', '5sssssssstttttt', 'iiiiiiiiiiiiiiw', 'vvttttttttttttd'] 
Generated sample: ['yyyyyyyyyyyyyyt', 'ttttiiiiiiiiiii', 'stttccccccccccc', 'idddddddddddddd', 'dffoooooooooook'] 
Generated sample: ['ddddddddddddddk', 'vddnnnnnnnnnnnn', 'ddddddddddddddf', 'uuuuuuuuuuuuuui', '55555555555555n'] 
Generated sample: ['ddddddddddddddd', 'akkkkkkkyyyyyyy', '55555555555555s', 'iiiiiiiiiiiiiic', 'vvvvvvvvvvvvvvn'] 
Generated sample: ['ddddddddddddddd', 'hdddddddddddddn', '33333333333333y', 'kzzzzzzzzzzzzzs', '44iiddddddddddd'] 
Generated sample: ['uuuuuuuuhhhhhhx', '--------------k', 'iiiikkttttttttk', 'ippkkkkkkkkkkkk', 'vvvvvvvvvvggggd'] 
Generated sample: ['44iiiiiittttttc', 'xxxxxxxxxxxxxxn', 'tttttttttttttt', '55555555555555s', 'ddffffffffffffh'] 
Generated sample: ['itttttttiiiiiii', 'kkkkkkkkkkkkkks', 'dyyyyyyyyyyyyyz', 'stttttttttttttt', 'eeeessm'] 
epoch 0	mini-batch 149	[ DISC	loss : 0.255304 ]	[ ADV	loss : 0.044758 ]
Generated sample: ['sdddddddddddddd', 'kffffffffffffff', 'uuuu4444444444k', 'ttvvvvvvvvvvvvy', 'okkkkkkkkkkkkkk'] 
Generated sample: ['ddddddddddddddk', 'kkkkkkkkkkkkkks', 'tt444444444444p', 'vxxxxxxxxxxxxxx', 'xxxxxxxxxxxxxxv'] 
Generated sample: ['ddddddddddddddc', 'uuuuudddduuuuuc', 'ttttttttttttttn', 'iiiiiiiiiiiiiid', 'v44444444444444'] 
Generated sample: ['--------------k', '--vvvvvvvvvvvvv', 'n', '44--------4qqqq', '555555555555554'] 
Generated sample: ['vvvvvvvvvvvvvvc', 'yn', 'cddddddddddddds', 'aaxxxxxxxxxxxxx', '-nnnnnnnnnnnnn'] 
Generated sample: ['vvvvvvvvvvvvvvy', '-fuuuuuuuuuuuuu', '9hhhhhhhhvvvvvv', 'kkkkkkkkkkkkkkk', 'ddddddddddddddd'] 
Generated sample: ['555555555555555', 'aaaaaaaaaaaaaak', 'nnnnnnnnddddddd', 'sssssssssssssst', 'nnnnddddddddddd'] 
Generated sample: ['vvvvvvvvvvvvvvx', 'xxxxxxxxxxxxxxx', 'ddddddddddddddd', 'nnnnnnnnnnnnnni', 'mmmmmkkkkkkkkkk'] 
Generated sample: ['aaaaaaaaaaaaaav', 'ssiiiiiiiiiiiii', '-zzzzzzzzzzzzzs', 'kdddddddddddddd', '55555555555555s'] 
Generated sample: ['ttmdddddddddddy', '---kkkkkkkkkkki', '5dddddddddddddd', 'vnnnnnnnnnnnnn3', 'tvvvvvvvvvvvvvc'] 
epoch 0	mini-batch 159	[ DISC	loss : 0.212479 ]	[ ADV	loss : 0.014554 ]
Generated sample: ['ssssssssssssssi', '3333333333hhhhk', 'kggggggggggggg-', 'ddddddddddddddd', '2ttttt55555555s'] 
Generated sample: ['22222222222222t', '--fffffffffffff', 'ddddddddddddddd', 'iiiiiiikkkkkkkk', '--------------s'] 
Generated sample: ['4-------------c', '-kkkkkkkkkkkkkk', '888888888881', 'vvvvvvvvvvvvkks', '4nnnnnnnnnnnnnc'] 
Generated sample: ['vvvvvvvvvvvvvvs', 'ooooooooooosssd', 'sssssssssssssss', 'kkkkkkkkkkkkkk5', 'ssssssssssssssn'] 
Generated sample: ['vvvvvvvvvvvvvvn', 'kttttttttttttti', 'hhhhhhhhhhhhhhn', 'iikkkkkkkkkkkkd', 'tttttttttttttti'] 
Generated sample: ['dwwwwwwwwwwwww5', 'vvvvvvvvvvvvvvn', 'ufffffffffffffx', 'xxxxxxxxxxxxxxn', 'uu------------k'] 
Generated sample: ['nnnxxxxxxxxxxxx', 'c-------------i', '--------------v', 'vvvvvvvvvvvvvvk', 'stttttttttttttt'] 
Generated sample: ['ddddddddddddddd', 'dddddddddddddds', 'sssssssssssssst', 'iikkkkkkkkkkkkk', 'ttttttttttttttd'] 
Generated sample: ['ssssssssssssssd', '55555555555555n', 'vvvvvvddddddddd', '555555555555553', 'ttttttttttttttc'] 
Generated sample: ['--------------f', '3', 'dmmmmmmmmmmmmmc', 'dddddddddddddds', 'ddddddddddddddd'] 
epoch 0	mini-batch 169	[ DISC	loss : 0.178664 ]	[ ADV	loss : 0.015716 ]
Generated sample: ['55ddddddddddddd', '445555555555555', 'kkkkkkkkkkkkkkk', '555555555555555', 'nnnnnnnnnnnnnnn'] 
Generated sample: ['nn555555555555n', 'ddddddddddddddv', 'ddddnnnnnnnnnnn', 'kiiiiiiiiiiiiii', 'ttttttttttttttv'] 
Generated sample: ['ddcccdddddddddc', 'ddddddddddddddd', 'iiiiiiiiiiiiiik', 'ddddddddddddddd', '55ff5555555555x'] 
Generated sample: ['dddddddddddddds', '----kkkkkkqqqqk', 'ddddddddddddddd', 'yyyyykkkkkkkkky', 'ccccccccddddddd'] 
Generated sample: ['--------------8', '44444444444444k', '55555555555555h', 'nnnnnnnnnnnnnnn', 'diiiiiiiiiiiiik'] 
Generated sample: ['nnnnnnnnnnnnnnn', '--------------d', 'ssssssssssssssd', 'kkkkkkkkkkkkkkk', '55555555555555s'] 
Generated sample: ['dddiiiiiiiiiiii', 'ddddddddddddddd', 'vfffffffffffffn', 'ttttttttttttttd', 'kkkkkkkkkkkkkkk'] 
Generated sample: ['cddnnnnnnnnnnnn', 'kmmmmkkkkkkkkki', 'ddddddddddddddn', '--------------3', 'nnnnnnnnnnnnnnv'] 
Generated sample: ['v8888888888888f', 'kddddddddddddds', '9kkkkkkkkkkkkkk', 'dkkkkkkkkkkkkkk', 'iiiiiiiiiiiiiii'] 
Generated sample: ['vvvvvvvvvvvvvvx', 'nnnnnnnnnnnnnnn', 'iiiiiiiiiiiiiii', 'ssssssssssssssh', 'kkkkk----------'] 
epoch 0	mini-batch 179	[ DISC	loss : 0.148915 ]	[ ADV	loss : 0.019760 ]
Generated sample: ['nnnnnnddddddddv', 'vvvvvvvvvvvvvv3', '---------------', 'iiiiiiiiiiiiiii', 'kfffffffffffffx'] 
Generated sample: ['iiiiiiiiiiiiiid', 'u44444444444444', 'o5555555555555-', 'kkkkkkkkkkkkkkk', 'kkkkkkkkkkkkkky'] 
Generated sample: ['-9999999999999i', '--555555555555k', 'dnnnnnnnnnnnnnn', 'kkkkkkkkkkkkkkk', 'ikkkkkkkkkkkkkk'] 
Generated sample: ['dkkkkkkkkkkkkkk', 'tttfffffffffffi', '222222222222223', '--------------s', '333333333333337'] 
Generated sample: ['svvvvvvvvvvvvvv', 'kkkkkkkkkkkkkkk', 'iiikkkkkkkkkkkk', 'kkkkkkkkkkkkkk5', 'd33333333333333'] 
Generated sample: ['kdddddddddddddd', 'vvvvvvvvvvvvvv3', 'dddddddddddddds', 'kkkkkkkkkkkkkku', 'idddddddddddddd'] 
Generated sample: ['vvvvvvvvvvvvvvs', 'tttttttttttttti', 'iiiiiiiiiiiiiii', '55555555555555d', 'ckkkkkkkkkkkkki'] 
Generated sample: ['-----cccccccccd', 'nnnnnnnnnnnnnnx', '55555555555555s', '55555555555555s', 'ooooooooooooooy'] 
Generated sample: ['sssssssssssssss', 'ooooooooooooooo', 'xxxxxxxxxxxxxxd', 'vvvvvvvvvvvvvvt', 's5555555555555d'] 
Generated sample: ['ddddddddddddddd', 'yyyssssssssssss', 'kkkkkkkkkkkkkkk', 'soooooooooooooi', 'dddddddddddddds'] 
epoch 0	mini-batch 189	[ DISC	loss : 0.113011 ]	[ ADV	loss : 0.011515 ]
Generated sample: ['nnnnnnnnnnnnnnx', 'ddddddddddddddd', 'vvvvvvvvvvvvvv3', 'cccffffffffffff', 'duuuuuuuuuuuuuu'] 
Generated sample: ['naaaaaaaxxxxxxn', '--------------i', 'dddd33333333333', 'kkkkkkkkkkkkkkk', 'kkyyyyyyyyyyyyy'] 
Generated sample: ['kuuuuuuuggggggg', 'iiiiiiiiiiiiiik', 'fffffffffffffff', 'kkfzzzzzzzzzzzz', '999999ddddddddd'] 
Generated sample: ['ssssssssssssss-', 'xxxxxxxxxxxxxxn', 'iiiiiiiiiiiiiik', 'ctttttttttttttd', 'iiiiiiiiiiiiiii'] 
Generated sample: ['ffffffffffffffv', '44444444444444-', 'ddddddddddddddd', '333333333333333', 'kkkkkkkkkkkkkkk'] 
Generated sample: ['dddddddddddd555', 'dcccccccccccccc', 'ittttttttttttss', '--cyyyyyyyyyyyk', '33333333333333-'] 
Generated sample: ['--------------i', 'uuuuuuuuuuuuuu', '----------kkkkk', 'tttttttttttttts', 'ffx'] 
Generated sample: ['vnnnnnnnnnnnnnn', 'u4444444444444v', '--------iiiiiii', 'hhhhhhh3333333', 'iiiiiiiiiiiiiii'] 
Generated sample: ['ssddhhhhhhhhhhh', 'nnnnnnnnnnnnnnv', 'uu555555555555k', 'eehhhhhhhhhhhhh', 'kkkkkkkkkkkkkkk'] 
Generated sample: ['kkkkkkkkkkkkkk2', 'kkkkkkkkkkkkkkk', 'qqqqqqqqqqqqqqa', 'ffffffffffiiiii', 'kkuuuuuuuuuuuuu'] 
epoch 0	mini-batch 199	[ DISC	loss : 0.091400 ]	[ ADV	loss : 0.016504 ]
Generated sample: ['iiiiiiiiiiiiiid', 'ccccccc55555555', '5ddddddddddddds', 'ffhhhhhhhhhhhhh', 'zzzzzzzzzzzzzzn'] 
Generated sample: ['5xvvvvvvvvvvvvv', 'ddddddddddddddd', '44444444444444s', 'ddhhddddddddddc', 'uuuvvvvvvvvvvvv'] 
Generated sample: ['ihhhhhhhhhhhhdd', 'mvvvvvvvvvvvvvc', '-----kkkkkkkkkf', 'ddddddddddddddd', 'cccccccccccccct'] 
Generated sample: ['iiiiiiiiiiiiiik', 'ccccccccccccccs', 'kkkkkkkkkkkkkk8', 'ssssssssssssssi', 'ssssssssssssss-'] 
Generated sample: ['--------------k', 'ttttttttttttttk', 'ddddddddddddddn', '-------------fk', 'isemmmmmmmmmmmk'] 
Generated sample: ['ddddddddddddddd', 'iiiiiiiiiiiiiii', 'hnnnnnnnnnnnnnu', '55555555555555i', 'hhhhhhhhhhhhhhk'] 
Generated sample: ['ddddddddddddddc', 'uuuuuuuuuuuuuuh', 'vvvvvvvvvvvvvvc', '--iiiiiiiiiiiii', '5nnnnnnnnnnnnnn'] 
Generated sample: ['333kkkkkkkkkkkk', 'idddddddddddddo', 'kkkkkkkiiiiiiik', 'sssssssssssssss', 'dvvvv333333333c'] 
Generated sample: ['aaaaaaaaaaaaaai', 'ssdddddddddddd4', 'ddddddddddddddd', 'ppppppppppppppk', 'oooooooooooooof'] 
Generated sample: ['ddddddddddddddd', 'ssssssssssssssc', 'ssssssssssss55c', 'hhhhhhhhhhhhhhu', 'pdddddddddddddu'] 
epoch 0	mini-batch 209	[ DISC	loss : 0.076239 ]	[ ADV	loss : 0.015374 ]
Generated sample: ['33533333335555n', 'kkkkkkkkkkkkkk8', 'ddddddddddddddd', 'kkkkkkkkkkkkkku', 'ddddddddddddddd'] 
Generated sample: ['sssssssssssssss', 'ddddddddddddddd', 'ssttttttttttttd', 'ttttttttttttttm', 'dddddddddddddd'] 
Generated sample: ['-kkkkkkkkkkkkkk', 'kuuooooooooxxxx', 'tttvvvttttttttd', '4-------------c', 'diiiiiiiiiiiii5'] 
Generated sample: ['555555555dddddc', 'kkkkkkkkkkssssd', 'xxxxxxxxxxxxxxf', 'nnnnnnnnnnnnnnn', 'vvvvvvvvvvvvvvx'] 
Generated sample: ['ua333333333333a', '----ffffffffffn', 'kkkkkkkkkkkkkkk', 'hhhhhhhhhhhhhh4', 'ttiiiiiiiiiiiik'] 
Generated sample: ['yyoooooooooooor', 'cccccsssssssss', '4zzzzzzzzzzzzzh', 'uuuunnnnnnnnnnu', 'nnnnnnnnnnnnnnc'] 
Generated sample: ['ddddddddddddddd', 'ssssssssssssssm', '--------------s', 'ssiiiiiiiiiiiii', '55555555555555s'] 
Epoch is 1
Number of batches 216
Generated sample: ['ddddddddddddddd', 'iiiiiiiiiiiiiii', 'kkkkkkkkkkkkkk-', 'tyyyyyyyyyyyyyy', 'k'] 
Generated sample: ['44----55555555k', 'ddddddddddddddn', 'iiiiiiiiiiiiiid', '55555555555555c', 'kkkkkkkkkkkkkkt'] 
Generated sample: ['dddhhhhhhhhhhhh', 'cssssssssssssss', 'rrhhhhhhhhhhhhi', 'iiiiiiieeeeeeek', 'cccccccccccnnnn'] 
Generated sample: ['522222ddddddddd', '33hhhhh5555555h', 'idddddddddddddc', 'sssssssssssssss', '55555555555555n'] 
Generated sample: ['ttttttttttttttt', 'ddddddddddddddd', 'cnnnnnnnnnnnnnn', 'sssssssssssssst', 'tttttttttttttts'] 
Generated sample: ['ttttttttttttttk', 'nnxxxxxxxxxxxxv', 'dddddddddddddds', 'ddddddddddddddd', '----iiiiiiiiiie'] 
Generated sample: ['vvvvvvvvvvvvvv', 'ziiiiiiiiiiiiiq', '3hhdddddddddddd', 'nnnnnnnnnnnnnnc', 'iuuuuuuuuuuuuuu'] 
Generated sample: ['kkzzzzzzzzzzzzy', 'ccccccccccccccd', '55555555555555t', '5555555vvvvvvvs', 'snnnnnnnnnnnnnn'] 
Generated sample: ['ssssssssssssssd', '5ddcccccccccccc', 'kkkkkkkkkkkkkks', 'guuuuuuuuuuuuuu', 'ssssdddddddsssi'] 
epoch 1	mini-batch 9	[ DISC	loss : 0.053422 ]	[ ADV	loss : 0.006082 ]
Generated sample: ['88444ttttttttts', '55555555555555n', 'ikkkkkkkkkkkkkk', 'kk--zzzzzzzzzz5', 'vvvvvvvvvvvvvvv'] 
Generated sample: ['sssssssssssssst', 'vvvvvvvvvvvvvvn', 'vttaaaaaaaaaaaa', '55555555555555n', '-5kkkkkkkkkkkkk'] 
Generated sample: ['-yyyyyyyyyyyyyy', 'ttttttttttttttd', 'yyyyyyyyyyyyyyd', '333333333333333', 'ccccccsssssssss'] 
Generated sample: ['iiiiiiiiiiiiiik', 'tkkkkkkkkkkkkkk', 'ddddddddddddddu', 'aayyyyyyyyyyyyr', 'vvvvvvvvvvvvvv3'] 
Generated sample: ['iiiiiiiiiiiiiik', 'ssnnnnnnnnnnnni', 'd-------------v', 'kiiiiiiiiiiiiic', 'sdddddddddddddc'] 
Generated sample: ['yyykkkkkkkkkkkk', 'ddddddddddddddd', 'kkkkkkkkkk55555', '-dddfffffffffff', 'sssssssssssssss'] 
Generated sample: ['vvvvvvvvvvvvvvn', 'dkkkkkkkkkkkkkc', '33333333333333', 'kdddddddddddddd', '-fffffffffffff3'] 
Generated sample: ['ddddddddddddddi', 'kkffffffffff33l', 'diiiiiiiiiiiiik', '---kkkkkkkkkkkk', 'ddddddddddkkkk5'] 
Generated sample: ['444444444-----k', 'kfvvv---------v', 'vhhhhhhhhhhhhhs', 'iiiiiiiiiiiiiid', '55555555555555d'] 
Generated sample: ['--kkkkk-------k', 'kkkkkkkkkkkkkkk', '--------------k', 'rooooooooooooo-', 'kkkkoooooooooof'] 
epoch 1	mini-batch 19	[ DISC	loss : 0.045618 ]	[ ADV	loss : 0.005821 ]
Generated sample: ['ddddddddddddddd', 'okkkkkkkkkkkkkk', 'dvvvvvvvvvvvvvv', 'iiiiiiiiiiiiiii', 'uu4444444444444'] 
Generated sample: ['55555555ddddddd', 'k5555555555555f', 'sddddiiiiiiiiii', 'vvvvvvvvvvvvvv3', 'ddddddddddddddd'] 
Generated sample: ['55555555555555n', '555555555555555', '5555hhhhhhhhhh3', 's----dddddddddi', '5555ssssssssss5'] 
Generated sample: ['kaaaaaaaaaaaaav', 'ccsskkkkkkkkkkk', 'iiiiiiiiiiiiiii', 'ikkkkkkkkkkkkkk', 'ffffffffffffffv'] 
Generated sample: ['uuuuuuuuuuuuuuu', '55555555555555d', 'xnnnnnnnnnnnnnn', '55555555555555n', 'ttttttttttttttx'] 
Generated sample: ['ssssi', 'iiiiiiiiiiiiiii', 'dyyyyyyyyyyyyys', 'vvvddddddddddds', 'zzzzzzzzzzzzzzd'] 
Generated sample: ['vvvvvvvvyyyyyyk', 'kkkkkkkkkkkkkkk', 'sdddddddddddddd', '555555555555555', '55555555555555c'] 
Generated sample: ['5dddddddddddddc', 'sshhhhh4444444t', 'dddddddddddddds', 'iiiiiiiiiiiiiik', 'svvvvvvvvvvvvv3'] 
Generated sample: ['mkkkkkkkkkkkkkk', 'ttttttttttttttk', 'nnnnnnnnnnnnn-', '444444444444445', 'ccccccc5555555s'] 
Generated sample: ['ccttttttttttttd', 'tdddddddddddddv', 'iiiiiiiiiiiiiik', 'dpppppppppppppk', 'uuuuuuuuuuuuuuu'] 
epoch 1	mini-batch 29	[ DISC	loss : 0.044774 ]	[ ADV	loss : 0.005818 ]
Generated sample: ['ddddddddddddddd', 'mnnnnnnnnnnnnnt', 'uuuuuuuuuuuuuux', 'sddddddddddddds', '-------fffffffx'] 
Generated sample: ['--------------k', 'aayyyyyyyyyyyyy', 'kkkkkkkkkkkkkk5', '22---tttttttttn', 'tttttttttttcccs'] 
Generated sample: ['iiiiiiiiiiiiiid', '3fppppppppppppn', 'avvvvvvvvaaaaak', 'tttiiiiiiiiiiii', '-iiiiiiiiiiiiii'] 
Generated sample: ['hhhhhhhhhhhhhhh', 'nnnnnnnnnnnnnnn', '4444444444----k', 'iiiiiiiiiiiiiid', 'ddddddddddddddn'] 
Generated sample: ['k8zzzzzzzzzzzzd', 'tttttttttttttts', 'cccccccccccccc', '4hhhhxxxxxxxxxx', 'dddddddddddddds'] 
Generated sample: ['nnnnnnnnnnnnnnn', '5d555555555555s', 'sccccccccccccci', 'cccccccccccccnn', 'vvvvvvvvvvvvvvn'] 
Generated sample: ['iiiiiiiiiiiiiis', '--------------v', 'vvvvvvvvvvvvvvk', 'kkkkkkkkkkkkkkk', 'ccccccccccccccs'] 
Generated sample: ['dddkkkkkkkdddds', 'nnnnnnnnnnnnnnc', 'kkkkkkkkkkkkkkk', 'iiiiiiiiiiiiiii', 'kkkkkkkkkkkkkkk'] 
Generated sample: ['44uuuuuuuuuuuuu', '55555555555555n', 'ddddddddddddddd', '5xxxxxxxxxxxxxg', 's-----------ff-'] 
Generated sample: ['tvvvvvvvvvvvvvc', 'czzzzzzzzzzzzzz', '55kkkkkkkkkkkkk', '55555555555555p', '44444444'] 
epoch 1	mini-batch 39	[ DISC	loss : 0.035132 ]	[ ADV	loss : 0.007636 ]
Generated sample: ['nnnnnnnnnnnnnnn', 'vvvvvvvvvvvvvvv', 'ssssssssssssssi', 'rrr888888888885', 'ddddddddddddddd'] 
Generated sample: ['ttttttttttttttk', 'ddddddddddddddd', '55555555555555f', 'uuuuuuuuuuuuuuc', 'suuooovvvvvvvvi'] 
Generated sample: ['kkooooooooooooq', 'kkkkkk555555555', 'iiiiiiiiiiiiiik', 't4444444444444k', 'dtttttttttttttc'] 
Generated sample: ['tttttttttttttti', '--------------u', 'kkkk55kkkkkkkkf', 'nnnnnnnnnnnnnnn', 'iiiiiiiiiiiiiik'] 
Generated sample: ['dddddddddddddds', '33333333333333c', 'k55555555555555', 'ssssssssssssssi', 'vzzzzzzzzaaaaan'] 
Generated sample: ['--------------k', 'ddd-----------v', '-vvvvvvvvvvvvvk', '555555555555555', 'uuuuuuuuuuuuuuf'] 
Generated sample: ['ddddddddddddddd', 'cccccccccccc', 'v3333333333333y', '333333333333335', 'ttttttttttttttr'] 
Generated sample: ['--------------n', 'iiiiiiiiiiiiiik', 'ykkkkkkkkkkkkkk', '55sssssssssssst', '-------5555555k'] 
Generated sample: ['kkkuuuiiiiiiiii', 'dddffffkkkkkkkv', 'stkkkkkkkkkkkkk', 'ccccccccccccccv', 'vvvvvvvvvvvvvvv'] 
Generated sample: ['vvvvvvvvvvvvvvc', 'ktddddddddddddz', 'uuuvvvvvvvvvvv3', '5nnnnnxxxxxxxxx', 'vv5vvvvvvvvvvv3'] 
epoch 1	mini-batch 49	[ DISC	loss : 0.026251 ]	[ ADV	loss : 0.006422 ]
Generated sample: ['oooooooooooooov', '-333333333333v3', '33333333333333n', '55555553333333u', 'ffffffffffffffu'] 
Generated sample: ['iiiiiiiiiiiiiii', 'svvv44444444444', '555555555555555', 'd5555555555555s', 'sssssssssssssss'] 
Generated sample: ['tttttttttttttt', '55555555555555n', '55555555555555d', 'tttttttttttttti', 'ssssssssssshhhh'] 
Generated sample: ['zzzzzzzzzzzzzzm', '-kkkkkkkkkkkkkk', 'vnnnnnnnnnnnnnd', 'tttttmmmmmmmmmm', '5555555vvvvvvvk'] 
Generated sample: ['555555555555555', 'aiiiiiiiiiiiiid', 'tcccccccccccccc', 'nvvvvvvvvvvvvvt', 'uuuuuuuuuuuuuux'] 
Generated sample: ['sdddddddddddddu', 'ddddddddddddddd', 'ddddddddddddddd', '44444444444444t', 'v5555555555555d'] 
Generated sample: ['--iiikkkkkkkkkk', 'sssssssssssssss', 'ddddddddddddddv', 'shhhhhhhhhhhhhh', 'xxxxxxxxxxxxxxx'] 
Generated sample: ['ssddddddddddddf', '--------------4', 'ddddddddddddddd', 'vvvtttttttttttv', 'kkssssdddddddds'] 
Generated sample: ['iiidddddddddddd', 'ztttttttttttccs', 'iiiiiiiiiiiiiii', 'vvvvvvvvvvvvvvy', 'vvvvvvvvvvvvvvx'] 
Generated sample: ['vvvvvvvvvvvvvvv', '-kkkkkkkkkkkkkk', 'uuuuuuuuuuuuuuh', 'ddddddddddddddh', 'ddddddddddddddd'] 
epoch 1	mini-batch 59	[ DISC	loss : 0.017187 ]	[ ADV	loss : 0.002680 ]
Generated sample: ['zoooohhhhhhhhh8', 'u4444xxxxxxxxxx', 'nnnnnnnnnnnnnn3', 'ssssnnnnnnndddd', 'cdddddddddddddd'] 
Generated sample: ['dd33nnnnnnnnnnn', 'qqqqqqqqqqqqqqk', '33333333333333g', '553333333333333', '55555qqqqqqqqqa'] 
Generated sample: ['m3333333333333h', 'iiiuuuuuuuuuuuu', 'svvvvvvvvvvvvvt', 'ddddddddddddddd', '55ssuuuuuuuuuun'] 
Generated sample: ['ddddddssssssss4', 'ttttttttttttttm', 'iiiiiiiiiiiiiii', 'dnnnnnnnnnnnnnn', 'd55555555555555'] 
Generated sample: ['c', '44-------------', '--------------d', 'ccddddddddddddd', 'vvvkkkkkkkkkkk3'] 
Generated sample: ['seeeeeeeeeeeeee', 'sdddddddddddddi', 'tccccccyyyyyyyy', 'vvvvvvvvvvvvvvn', 'kkkkkkkkkkkkkkg'] 
Generated sample: ['g44444444444444', 'kkkkkkkkkkkkkkk', 'dddddddddcccccc', 'kdddddddddddddu', 'dppppppp333333x'] 
Generated sample: ['iiikkkkkkkkkkkk', 'kkddddddddddddd', '55555555555555c', '44vvvvvvvvvvvv3', 'ffffffffffffffx'] 
Generated sample: ['4hh-----------v', 'kkkkkkkkkkkkkkk', '-aaaaaaaaaaaaax', '4iiiiiiiiiiiiik', 'kkkkkkkkkkkkkkk'] 
Generated sample: ['zzzqqqqqqqqqqqk', 'kkkkkkkkkkkkkkk', 'h3333333333333n', '5555555555555c', '-------kkkkkkkk'] 
epoch 1	mini-batch 69	[ DISC	loss : 0.019187 ]	[ ADV	loss : 0.001792 ]
Generated sample: ['ooooooohhhhhhhh', 'ttzi', 'kkkyyttttttttty', 'kkk55555555555z', 'zhhxxxxxxxxxxxv'] 
Generated sample: ['vvvvvvvvvvvvvvv', 'tiiiiiiiiiiiiii', 'hunnnnnnnnnnnn-', 'vvvvvvvvvvvvvvv', 'vvvvvvvvvvvvvvn'] 
Generated sample: ['ooooooooooooook', '44444444444444c', 'iiiiiiiiiiiiiii', 'ddddddddddddddd', 'v5555555555555s'] 
Generated sample: ['kkkkkkkkkkkkkki', '55555555555555n', 'nnnnnnnnnnnnnnd', '-kkkkkkkkkkkkkk', 'iiiii555555555k'] 
Generated sample: ['iiiiiiiiiiiiiid', '---pppppppppppk', 'kkkkkkkkkkkksss', 'vvvvvvvvvvvvvvv', 'kkkkkyyyyyyyyyy'] 
Generated sample: ['vvvvggggggggggs', 'tiiiiiiiiiiiiit', '5sssssssssssssd', '555555555555553', '5555vvvvvvvvvv-'] 
Generated sample: ['sssssssyyyyyyyc', '55522222222222c', 'diissssssss555n', 'kzzzzzzzzzzzzk', 'dkkkkk55555555g'] 
Generated sample: ['vvvvvvvvvvvvvvy', 'kkkkkkkkkkkkkks', 'kkkkkkkkkkkkkkk', '5nzzzzzzzzzzzzs', '5dddddddddddddt'] 
Generated sample: ['sssssssssssssss', 'vvvvvvvvvvvvvvk', 'ttoooooooooooo5', 'vvvvvvvvvvvvvvv', 'ttttttiiiiiiii'] 
Generated sample: ['-ffffffffffffff', 'dddddddddddddds', 'ddddddddddddddk', 'kkyyyyyyyyyyyyy', 'hhhhhhhhhhhhhh4'] 
epoch 1	mini-batch 79	[ DISC	loss : 0.014494 ]	[ ADV	loss : 0.002242 ]
Generated sample: ['ggggggggggggggg', 'nnnnnnnnnnnnnnn', 'chddddddddddddn', 'v33vvvvvvvvvvvv', 'vtttttttttttttt'] 
Generated sample: ['kkkkqqqqqqqqqqs', 'uuuuuuuuuu55553', 'iiiiiiiiiiiiiii', '------ppppnnnnk', 'vvvvvvvvvvvvvv3'] 
Generated sample: ['soooooooooooooi', 'ccccccccccccccv', 'kuuuuuuuuuuuuus', '5dddddddddddddd', 'cccccccccccccck'] 
Generated sample: ['--------------c', 'ccccccxxxxxxxxn', 'ddddddddddddddd', 'z9999999999999k', 'uxxxxxxxxxxxxxx'] 
Generated sample: ['ddddddddddddddd', 'dddsssssssssss', 'tttttiiiiiiiiii', 'snnnnnnnnnnnnn-', 'vuuuuuuuuuuuuu'] 
Generated sample: ['nnnxxxxxxxxxxxx', '-kkkkkkkkkkkkki', 'hggggg888888888', '--kkkkkkkkkkkkk', 'cckcccckkjjjjjv'] 
Generated sample: ['vvvvvvvvvvvvvvv', 'oa-------------', 'iiiiiiiiiiiiiik', 'cccccccccctttt', 'dddddddddddddd8'] 
Generated sample: ['vnnnnnnnnnnnnnn', 'kesssssssssssss', 'ccxxxxxxvvvvvvv', 'iiiikkkkkkkkkkk', 'tkkkkkkkkkkkaas'] 
Generated sample: ['kkkkkkkkkkkkkkk', 'sdddhhhhhhhhhht', '---------------', 'ttttttttttttttd', 'sdddddddddddddd'] 
Generated sample: ['czzzzzzzzzzzzzn', 'uuuuuuuuuuuuuuu', 'kkkkkkkkkkkkkks', 'kkkkiyyyyyyyyyi', 'iiddddiiiiiiiid'] 
epoch 1	mini-batch 89	[ DISC	loss : 0.010364 ]	[ ADV	loss : 0.002730 ]
Generated sample: ['d3333333333333c', '-oooooooooooooq', 'ncc33333333333s', 'kddddddddddddds', 'ffffffffffffffn'] 
Generated sample: ['5fffffffffffffd', 'chhhhhhhhhhhhh4', 'c', 'ddddddffffffffs', 'k-------------5'] 
Generated sample: ['----ppppppppppf', 'kkiiiiiiiiiiiii', '--------------k', 'siiiiiiiiiiiiii', 'ddddddddddddddn'] 
Generated sample: ['v5vvvvvvvvvvvvv', 'kkkaaaaaaaattty', 'dddddd22222222e', 'zzzzzzzzzzzzzze', '5fffffffffffffh'] 
Generated sample: ['ohhhhhhhhhhhhhk', 'stttttttttttttt', 'sddcccccccccccc', 'vvvvvvvvvvvvvvd', '55ccssssssssss3'] 
Generated sample: ['555555555555555', '55555555555555s', 'nnnnnnnnnnnnnnn', 'vvvvvvvvvvvvvvi', 'kkkkkkkkkkkkkkk'] 
Generated sample: ['kkkkkkkkkkkkkkf', 'ddddddddddddddn', 'nnnnnnnnnnnnnnn', '33333333333333c', 'ckkkkyyyyyyyyyy'] 
Generated sample: ['-fffffiiiiiiiii', 'vvvvvvvvvvvvvvv', 'ssssssssssssssu', 'yyyyyyyyyyyyyyy', 'nnnnnnnnnnnnnnh'] 
Generated sample: ['3eeeeeeeeeeeees', 'kkkkkkkkkkkkkkk', 'iiiiiiiiiiiiiii', 'ddddddddddddddd', '55555555555555s'] 
Generated sample: ['ddddddddddddddd', 'tkkiiiiiiiiiiik', 'kkkkkkkkkkkkkk8', 'ddddddddddddddi', 'kaakkkkkkkkkkkk'] 
epoch 1	mini-batch 99	[ DISC	loss : 0.012166 ]	[ ADV	loss : 0.002684 ]
Generated sample: ['fpppp555555555s', 'nssssssssssssss', 'iiiiiiiiiiiiiii', 'hhhhhhhhhhhhhhd', 'tttttttttttttti'] 
Generated sample: ['ssssssssssssssi', 'yyyyyyyyyyyyyyy', 'yyyyyyyyyyyyyyy', 'tuu55555555555d', 'ttttttttttttttt'] 
Generated sample: ['555555555555555', 'ddkkkkkkkkkkkkk', 'kkkkkkkkkkkkkkk', '55555555555555d', 'ooooooooooooooy'] 
Generated sample: ['55555555555555z', 't2222222222222i', 'nnnnnnnnnnnnnnn', 'kkkkkkkkkkkkkks', 'ddddddddddddddd'] 
Generated sample: ['s55555555555555', 'iiiiiiiiiiiiiis', '555555555555553', 'vvnnnnnnnnnnnnn', 'ddkkkkkkkkkkkkk'] 
Generated sample: ['555555555555555', 'nnnnnnnnnnnnnnk', 'soooooooooooooi', 'vv9999xxxxxxxxy', 'tttttttttttttts'] 
Generated sample: ['dddddddddddddds', '55555555555555s', 'iiiiiiiiiiiiiii', 'nnxxxxxxxxxxxxd', 'cccttttttttttts'] 
Generated sample: ['vvvvxxxxxxxxxxs', '5ddddddddddddds', 'kkkkkkkkkqqqqq-', '---xxxxxxxxxxxx', '555555555555555'] 
Generated sample: ['--------------d', '5dddddddddddddn', 'dddeeeeeeeeeees', 'ddddvvvvvvvvvvv', 'vvvvvvvvvvvvvvn'] 
Generated sample: ['k3333333333333k', 'dfffffffffffffn', '55555555555555d', 'tt444cccccccccc', 'uuuuuuuuuuuuuuu'] 
epoch 1	mini-batch 109	[ DISC	loss : 0.009579 ]	[ ADV	loss : 0.002502 ]
Generated sample: ['cvvvvvvvvvvvvvs', 'ddddddddddddddi', 'iiiiiiiiiiiiiin', '555fffffffffffv', 'hhhhhhhhhhhhhhy'] 
Generated sample: ['ccccxxxxxxxxxxc', 'dkkkkkkkkkkkkkk', 'diiiiiiiiiiiiii', 'xvvvvvvvvvvvvvn', 'nnnnnnnnncccccs'] 
Generated sample: ['xxxxxxxxxxxxxxx', 'tttttttttttttty', 'kkkkkkkkkkkkkki', 'ddddddddddddddd', 'kkkkkkkkkkkkkkk'] 
Generated sample: ['ssscccccccccccd', '455555555555555', '---oo---------o', 'vvvvvvvvvvvvvvv', 'kiiiiiiiiiiiiii'] 
Generated sample: ['dddcccccccccccc', '55555555555555s', '-kkkkkkkkkkkkkk', 'sssnnnnnnnnnnni', 'dddddddddddddds'] 
Generated sample: ['--------------x', '5sssssssss5555s', '--------------v', '44444444444444c', '55sssssssssss5v'] 
Generated sample: ['kkkkkkkkkkkkkkk', 'iiiiiiiiiiiiiik', '5ssssssss55555s', 'stttttttttttttt', 'v55555555555555'] 
Generated sample: ['toooooooooooooo', 'tttttttttttttts', 'tttttttttttttti', 'uuuuuuuuuuuuuun', 'sssssssddddddds'] 
Generated sample: ['55555555555555k', '--------------d', 'sshhhhhhhhhhhhv', 'cccxxxxxxxxxxxx', '444uuuuuuuuuuu8'] 
Generated sample: ['vnnnnnnnnnnnnnc', 'nnnnnnnnnnnnnnq', 'vvvv4444444444c', 'iiiiiiiiiiiiiik', 'qqq'] 
epoch 1	mini-batch 119	[ DISC	loss : 0.005269 ]	[ ADV	loss : 0.002050 ]
Generated sample: ['sddddddddddddds', 'vnnn33333333333', '-kkkkkkkkkkkkkk', 'dddddddddddhhhv', 'uuuuuuuuuuuuuuu'] 
Generated sample: ['g3333333333333c', 'gkkkkkkkkkkkkkd', '-fffffffffffffd', 'ffffxxxxxxxxxxv', '--------------3'] 
Generated sample: ['ttxxxxxxxxxxvvn', 'kkkkkkkkkkkkkky', 'vvvvvvvnnnnnnnn', 'uuuuuuuuuuuuuuu', 'ddfvvvvvvvvvvvk'] 
Generated sample: ['ffffffffffffffk', '55555555555555d', 'kkkkkkkkkkkkkka', 'nn555555555555s', 'ttttttttttttttv'] 
Generated sample: ['88kkkkkkkkkkkkk', 'ssssssssssssssi', 'kyxxxxxxxxxxxxv', 'ddddddddddddddr', 'vvnnnnnnnnnnnnn'] 
Generated sample: ['iiiiiiiiiiiiiii', 'iiiiiiiiiiiiiii', 'vvvvvvvvvvvv444', 'koooookkkkkkkk8', 'kkkkkkkkkkkkkkk'] 
Generated sample: ['hhkkkkkkkkkkkkk', 'kiiiiiiiiiiiiid', '55555vvvvvvvvvv', 'cccccccccsssssd', 'kiiiiiiiiiiiiii'] 
Generated sample: ['vvqqqqqqqqqqqqk', 'uu333333333333i', 'ddddddddddddddd', 'ccccccccccccccn', 'ttttttttttttttd'] 
Generated sample: ['sss33333333333n', '55vvvvvvvvvvvvf', 'nncc3333333333v', 'ccccccccccccccc', 'rrr333333333333'] 
Generated sample: ['sssssssssssssss', 'tttttttttttttti', 'kooookkkkkkkkku', 'ttttttiiiiiiiii', '-vxxxxxxxxxxxxy'] 
epoch 1	mini-batch 129	[ DISC	loss : 0.005530 ]	[ ADV	loss : 0.001845 ]
Generated sample: ['cccccccccccccct', 'kkkkkkkkkkkkkkr', 'uuuuuuuuuuuuuuu', 'uuuuuuuunnnnnni', 'ccccccccccccccc'] 
Generated sample: ['5nnnnnnnnnnnnnn', 'ssssssssmmmmmms', '33333333333333d', '------------kkk', 'ttttttttttttttu'] 
Generated sample: ['vvvvvvvvvvvvvvt', '----zzzzzzzs', '55555555ccccccs', '3m5uuuuuuuuuuug', 'vvvvvvvvvvvvvvv'] 
Generated sample: ['ddddddddddddddd', 'vvddddddddddddd', '55ddddddddddddt', '555555555555555', '-iiiiiiiiiiiiik'] 
Generated sample: ['ddddccccccddddc', 'txxxxxxxxxxxxxx', 'nnnnnnnnnnnnnnd', 'kkkkkkkkkzzzzzy', 'dddddddnnnnnnnn'] 
Generated sample: ['zzzzzzzzzzzzzzs', '44444444444444k', 'kkkkkkkkkkkkkkk', '55ddddddddddddd', 'ttcccm'] 
Generated sample: ['ccccccccccccccd', '55555555555555s', 'ddvvvvvvvvvvvvc', 'hhhhhhhhhhhhhhk', 'uhh99999999999c'] 
Generated sample: ['iiiiiiiiiiiiiii', 'kk----ooooooook', 'kkoooooooooooou', '33333333333333s', 'ssffffffffffffi'] 
Generated sample: ['dddddddiiiiiiii', '33333333333333u', 'dppppppppppppp3', '5cccccccccccccc', 'vvvvvvvvvvvvvvv'] 
Generated sample: ['kddddddddddiiid', 'qqqqqqqqqqqqqqi', 'srrrrrrrrrrrrrv', 'nnnnnnnnnnnnnnn', 'nnnnnnnnnnnnnn5'] 
epoch 1	mini-batch 139	[ DISC	loss : 0.004924 ]	[ ADV	loss : 0.001217 ]
Generated sample: ['dnndddddddddddd', 'ccccccccccccccc', 'sssssssssssssss', 'nddddddddddddds', 'iiiiiiiiiiiiiii'] 
Generated sample: ['nnnnnnnnnnnnnnc', 'cccccccccccccck', 'uuuuuuuuuuuuuud', 'sssssssssssddds', 'tffvvvvvvvvvvv3'] 
Generated sample: ['ccccnnnnnnnnnn', '999999999999995', 'v3333333333333c', 'd-------------v', 'kkddddddddddddd'] 
Generated sample: ['sssssssssssssst', '33333333333555s', 'ddddddddddddddi', 'dnn55555555555v', 'hhhhhhhhhhhhhhc'] 
Generated sample: ['--------------k', 'kdddddddddddddd', 'k7777777ddddddn', 'dddnnnnnnnnnnnn', '---55555555555k'] 
Generated sample: ['vvvvvvvvvvvvvvs', '--ffffffffffffn', '999999999999995', 'tttttiiiiiiiiid', '-----kkkkkkkkke'] 
Generated sample: ['555kkkkkkkkkkkk', 'dpppppppppppppx', '-xxxxxxxxxxxxxx', 'nnnnnnnnnnnnxxn', '44444444444444k'] 
Generated sample: ['kkkkkkkkkkkkkkk', 'ddddddddddddddv', 'dddddddtttttttd', 'eeeeeeeeeeeeeee', 'vssssssssssssss'] 
Generated sample: ['ddddddddddddddc', 'sssssssssiiiiii', 'iikkkkkkkkkkkkk', 'ccccccccccccccc', '5555555zzzzzzzs'] 
Generated sample: ['pkkkkkkkkkkkkkk', 'kkkkkkkkkkkkkkk', 'ppppppppppppppp', 'ikkkkkkkkkkkkkk', '5fffffffffffff3'] 
epoch 1	mini-batch 149	[ DISC	loss : 0.004809 ]	[ ADV	loss : 0.000920 ]
Generated sample: ['vccnnnnnnnnnnns', 'dpppppppppppppu', 'hhhhhhhh333333c', 'nnnnnnnnnnnnnnn', 'ddddddddddddddv'] 
Generated sample: ['t', 'cccccccccctttts', '-5555555555555k', 'i--dddddddddddd', 'tttttttttttttt'] 
Generated sample: ['tkkkkkkkkkkkkks', 'dd5555555555555', 'nnnxxxxxxxxxxxx', 'zzzzzzzzzzzzzz5', 'zzzzzzzzzzzzzzs'] 
Generated sample: ['ssssssssssssssi', 'zzzhhhhhhhhhhhd', 'nnddddnnnnnnnnd', '--ddddddddddddn', 'tdddddddddddddd'] 
Generated sample: ['ddddddddddddddd', 'toooooooooooooy', 'ttttttttttttttk', 'uiiiiiiiiiiiiii', 'kzzzzzzzzzzzzzs'] 
Generated sample: ['ddd555555555555', 'ttttttttttttttt', 'iiiiiiiiiiiiiik', 'hhhhhhhhhhhhhhn', 'ddddddddddddddd'] 
Generated sample: ['dkkkkkkkkkkkkkt', 'nnncccccccccccs', 'vvvvvvvvvvvvvvn', 'iiiiiiiiiiiiiii', 'n3333333333333h'] 
Generated sample: ['dddd5555555555s', 'taaaaaaaaaaaaaf', 'iiiiiiiiiiiiiic', 'sdnnnnnnnnnnnnn', 'vvvvvvvvvvvvvvy'] 
Generated sample: ['99xxxxxxxxxxxx', '--uvvvvvvvvvvvv', 'uuuuuuuuuuuuuug', 'iiiiiiiiiiiiiik', '-kkkkkkkkkkkkkk'] 
Generated sample: ['cccttttttttttts', 'ssssssssssssssf', 'nnnnnnnnnnnnnnc', 'wwiicccccccccc-', 'ddssskkkkkkkkks'] 
epoch 1	mini-batch 159	[ DISC	loss : 0.004449 ]	[ ADV	loss : 0.001242 ]
Generated sample: ['cdddddddddddddn', '33333333333333c', 'kkkkkkkkkkkkkkf', 'iiiiiiiiiiiiiii', '--------------k'] 
Generated sample: ['3dddd333333333g', '--iiiiiiiiiiiik', '-dkkkkkkkkkkkkk', 'ddddddddddddddd', 'ddddddddddddddn'] 
Generated sample: ['ddddddddddddddd', '55555555555555v', 'zzzhhhhhhhhhhhh', 'ttttttttttttttk', 'csssssssssssssm'] 
Generated sample: ['vmmmmmmmmmmmmms', '-iikkkkkkkkkkk5', 'ssssssss555555t', 'sssssssssssssss', 've'] 
Generated sample: ['iiiiiiiiiiiiiiq', 'ssddssttttttttd', '---kkkkkkkkkkkk', 'dvvvvvvvvvvvvv3', 'oooooooooooooot'] 
Generated sample: ['ssssssssssssss', 'sddddddddddddd5', 'ifddddddddddddd', 'sssssssssssssst', 'iiiiiiiiiiiiiik'] 
Generated sample: ['kkkkiiiiiiiiik', 'uuxxxxxxxxxxxxv', '--------------k', '-fffffxxxxxxxxx', 'iiiii---------d'] 
Generated sample: ['xxxxxxxxxxxxxxv', 'fffxxxxxxxxxxxx', 'cccccccccccccca', 'cssssssssssssss', 'kkkjjjjjjjjjtts'] 
Generated sample: ['tttiiiiiiiiiiii', 'kkkkkkkkkkkkkkk', 'iiiiiiiiiiiiiii', 'ddddddddddddddd', 's55555555555552'] 
Generated sample: ['hhhhhhhhhhhhhhx', 'ddiiiiiiiiiiiid', 'cctttttttttttt4', 'vvvvvvvvvvvvvv5', '55555555555555d'] 
epoch 1	mini-batch 169	[ DISC	loss : 0.003185 ]	[ ADV	loss : 0.001780 ]
Generated sample: ['nnnnnnnnnnnnnnn', 'suuuuuuuuuuuuut', 'ciiiiiiiiiiiii', 'vvvvvvvvvvvvvvs', 'csssssskkkkkkkd'] 
Generated sample: ['kkkkkkkkkkkkkkk', '--------ddddddk', 'iiiiiiiiiiiiiiv', 'ddddddddddddddd', 'kkkkkkkkkkkkkkp'] 
Generated sample: ['uuuuuuuuuuuuuui', 'd3333nnnnnnnnnc', 'sssssssssssssss', 'uuuuuuuuuuuuuuk', 'nnnnnnnnnnnnnnn'] 
Generated sample: ['zzhhhh88888888h', '55555555555555k', 'sssssssssssssss', '-ddffffffffffff', 'nnnnnnnnnnnnnn3'] 
Generated sample: ['iiiiiiiiiiiiiik', '-fffffffffffff3', 'tttttttttttttts', 'ttttttt4', 'v5ddddddddddddd'] 
Generated sample: ['55555555555555n', 'ssssssssssssss5', 'kkkkkkkkkkkkkks', '5vvvvvvvvvvvvvv', '99999999999999e'] 
Generated sample: ['mmmsssssssssssd', 'tiiiiiiiiiiiiik', 'v5555555555555e', 'iiiiiiiiiiiiiii', 'nnndddddddddddc'] 
Generated sample: ['ddddddddeeeeees', '5vvvv5555555553', 'sstcccccccccccc', '-ddd----------f', '-ppppvvvvvvvvvv'] 
Generated sample: ['tsssssssssssssd', 'siiiiiiiiiiiiii', 'ikkkkkkkkkkkkkk', 'fffdddddddddddd', 'ddddddddddddddd'] 
Generated sample: ['iiiiiiiiiiiiiik', 'kiiiiikkkkkkkkd', '--------------f', 'ssssssssssssssv', '5vvvvvvvvvvvvvc'] 
epoch 1	mini-batch 179	[ DISC	loss : 0.004266 ]	[ ADV	loss : 0.000710 ]
Generated sample: ['--------------s', 'ddddddddddddddu', '----iiiiiiiiiiq', '------------iid', 'ikkkkkkkkkkkkkk'] 
Generated sample: ['sssssssssssssss', 'sssssssssssssss', '-kkkkkkkkkkkkkk', 'tiiiiiiiiiiiiik', 'kkkkkkkkkkkkkkm'] 
Generated sample: ['xxvvvvvvvvvvvvi', 'vvvvvvvvvvvvvvn', 'iiiiiiddddddddi', 'atiiiiiiiikkkkk', 'iiiiiiiiiiiiiii'] 
Generated sample: ['ttttttttttttttz', 'sssssssssssssss', 'zzzzzzzzzzzzzz5', 'vuuuuvvvvvvvvv5', 'vvvvvvvvvvvvvvd'] 
Generated sample: ['sssssssssssssss', 'kttttttttttttti', 'ssssssssssssssi', '44444444444444k', 'kkkkkkkkkkkkkks'] 
Generated sample: ['sssssssssssssss', 'nnnnnnnnnnnnnnc', 'stiiiiiiiiiiiii', 'd55555555555555', 'uuuuuuuuuuuuuuu'] 
Generated sample: ['----iiikkkkkkkk', 'ttkkkkkkkkkkkkk', 'pphhhhhhhhhhhhy', 'vvvvvvvvvvvvvvy', '55ssssssdddddds'] 
Generated sample: ['ddddddddddffffk', 'tuuuuuuuuuuuuuh', '44444444444444n', '--------------f', 'ncccccccccccccd'] 
Generated sample: ['dikkkkkkkiiiiik', 'kdddddddddddddd', 'iiiiiiooooooook', 'uuuuuuuuuuuuuu-', '44----------tti'] 
Generated sample: ['aaaaaaaayyyyyyy', 'oooooooooooooox', 'ssstttttttttttc', 'ssiiiiiiiiiiiii', 'ddkkkkkkkkkkkkk'] 
epoch 1	mini-batch 189	[ DISC	loss : 0.003546 ]	[ ADV	loss : 0.000568 ]
Generated sample: ['vvvvvvvvvvvvvvg', 'zzaaaaaaaaaaaak', 'sssssssssssssst', '55555555555555s', '--------------k'] 
Generated sample: ['nnnnddddddddddd', 'sssssssssssssss', 'eeettttttiiiiis', 'dppppppppppppp3', 'kkkkkkkkkkkkkkk'] 
Generated sample: ['tiiiiiiiiiiiiiq', '55555555555555-', 'cdddddssssssssd', '444-----------n', 'd55555555555555'] 
Generated sample: ['rrrrrrrrrgggggg', 'vvv333333333333', 'hhuuuuuuuuuuuu5', 'dhssssssssssss5', 'iiiiiiiiiiiiii-'] 
Generated sample: ['dddvvvvvvvvvvvs', 'dkkkkkkkkkkkkkd', '-kkkkkkkkkkkkkk', 'sssssssssssssss', 'ddhhhhhhhhhhhhd'] 
Generated sample: ['v3333333333333n', 'ddddddddddddddc', 'ddddccccccccccd', '--------------d', 'ddddddvvvvvvvvv'] 
Generated sample: ['uuuu5555555555v', 'vvvvvvvvvvvvvvd', 'nnnnddddddddddd', '33ffff33333333f', 'dddddddttttttts'] 
Generated sample: ['vvvvvvvvvvvvvvs', 'vvvvvvvnnnnnnnn', 'ddddddddddddddc', 'ddddddddddddddd', 'dnnnnnnnniiiii-'] 
Generated sample: ['uuuhhhhhhhhhhh4', '555dddddddddddd', 'nuuuuuuuuuuuuuv', 'oooooooooooooof', 'kkkkiiiiiiiiiik'] 
Generated sample: ['dddddddddddddds', 'siiiiiiiiiiiiii', 'cccccccccccccci', 'ddddddddddddddu', 'kdddddddddddddd'] 
epoch 1	mini-batch 199	[ DISC	loss : 0.004473 ]	[ ADV	loss : 0.001030 ]
Generated sample: ['ddddddddddddddd', 'qqqkkkkkkkkkkkc', 'kkkkkkkkkkkkkkk', '5dddddddddddddd', 'txxxxxxxxxxxxxx'] 
Generated sample: ['kdddddddddddddd', 'cnnnnn', 'stttttttttttttd', '8uuuuuu8855555u', 'vddddddddvvvvvs'] 
Generated sample: ['555ddddddddd55n', '--------------v', 'vnnnnnnnnnnnnnn', 'mmmmnnnnnnnnnns', '--------------k'] 
Generated sample: ['zzzzzzzzzzzzzzd', 'uuftttuuuuuuuuv', '5ddnnnnnnnnnnnn', 'hhhhhhhhhhhhhh4', 'vvffggggggggggf'] 
Generated sample: ['vxxxxxxxxxxxxxx', 'u99nnnnnnnnnnnn', 'kkkkkkkkkkkkkkk', '--------------i', '-ookkkkkkkkkkkk'] 
Generated sample: ['iiiiiiiiiiiiiii', '555555555555555', 'kkiiiiiiiiiiiit', 'ttttttt49999999', 'ssssssssssss555'] 
Generated sample: ['v5555555555555c', 'sssssssssssssst', 'iiiiiiiiiiiiiii', 'sssssssi', 'zzzzzzzzzzzzzzs'] 
Generated sample: ['ssttttttttttttz', 'nnnnnnnnnnnnnnn', 'ttttttttttttttk', 'cnnnnnnnnnnnnnn', '555555nnnnnnnnk'] 
Generated sample: ['nnnnnnnnnnnnnnn', '5555555555xxxxf', 'tmhhhhhhhhhhhhi', 'stttttttttttttt', 'ddddddddddddddd'] 
Generated sample: ['ccsssssssssssss', 'ddddddddddddd4c', '-kkkkkkkkkkkkkf', 'ikkkkkkkkkkkkkk', 'cccccccccccccc'] 
epoch 1	mini-batch 209	[ DISC	loss : 0.004593 ]	[ ADV	loss : 0.000340 ]
Generated sample: ['sssssssssssssss', '-aaaa---------f', 'ss222222222222t', 's3333333333333n', 'vfffffffffffffn'] 
Generated sample: ['dhvvvvvvvvvvvvv', 'stttttttiiiiiii', '555nnnnnnfffffn', 'ssssmmmmmmmmmmt', '99nnnn99999999n'] 
Generated sample: ['uuuxxxxvvvvvvvv', 'vvvvnnnnnnnnnnn', 'ddddddddddddddd', 'iddiiiiiiiiiiid', '55555555555555f'] 
Generated sample: ['-ffffffffffffff', '5gsssssssssssss', '--------------v', 'c', '--kkkkkkkkkkkkk'] 
Generated sample: ['ddcckkkkkkkkkkk', 'iiiiiiiiiiiiii5', 'cdddddddddddddi', 'kkkkkkkkkkkkkkk', 'kkkkkkkkkkkkkki'] 
Generated sample: ['nnnnnnnnnnnnnn3', 'ssscccccccccccc', 'yyyyyyyyyyydddd', 'dhhhhhhhhhhhhhc', 'ssssssscccccccc'] 
Generated sample: ['vvvvvnnnnnnnnns', 'uuuuuuuuuuuuuuv', 'iiiiiiiiiiiiiii', 'sssssssssssssst', 'ddddddddddddddd'] 
Epoch is 2
Number of batches 216
Generated sample: ['vvdddseeeeeeees', 'ikkkkkkkkkkiiik', '55sssssssssssst', 'csssssskkkkkkks', 'ddddddnnnnnnnnn'] 
Generated sample: ['tiiiiiiiiiiiiiv', 'vvvunnnnnnnnnnn', '--------------f', '999yyyyyyyyyyyy', 'iittiiiiiiiiiii'] 
Generated sample: ['nnnnnnnnnnnnnni', 'iiiiiiiiiiiiiii', 'siiiiiiiiiiiiii', 'iiiiiiiiiiiiiii', 'skkkkkkkkkkkkkk'] 
Generated sample: ['v3vvvvvvvvvvvv3', 'nnnnnnnnnnnnnnn', 'sssdddddddddddd', '3nnnnnnnnnnnnnn', 'nnnnnnnnnnnnnni'] 
Generated sample: ['-8888888888888y', 'cmmmmmmmmmmmmms', 'ccccdddddddddds', 'nnnnnnnnnnnnnn-', 'nnnnnnnvvvvvvvv'] 
Generated sample: ['vvvvvvvvvvvvvvv', 'tttttttttttttts', 'k55555555555558', '-nnnnnnnnnnnnnu', 'ddddddddddddddc'] 
Generated sample: ['ssssssssssssssd', 'ddddddddddddddd', 'iiiiiiiiiiiiiif', 'ssssssssssssss-', '5vvnnnnnnnnnnnu'] 
Generated sample: ['ddkkkkkyyyyyddy', '55ffffffffffffx', '222222eeeeeeeet', '44444444444444k', 'nnncccccccccccc'] 
Generated sample: ['nnnnnnnnnnnnnnn', 'nnnnnnnnn55555s', 'nssssssssssssss', 'dddddddddddddd3', 'vvvvvvvvvvvvvv3'] 
epoch 2	mini-batch 9	[ DISC	loss : 0.003591 ]	[ ADV	loss : 0.002015 ]
Generated sample: ['uhhhxxxxxxxxxxv', 'uuuuuuuuuuuuuuh', 'hhhhhhhhhhhhhhd', 'tttttttttttttts', '555555555gggggg'] 
Generated sample: ['9dddddddddddddd', 'ssssssssssssss', 'tkkkkkkkkkkkkkk', 'ttttttttttttttc', '44444444444444k'] 
Generated sample: ['ttttttttttttttt', 'nnnuuunnnnnnnnn', '--------------8', 'dccc3nnnnnnnnnn', 'nnnnnnnnnnnnnnn'] 
Generated sample: ['v55555555555555', 'ddddddddddddddc', 'kkkkkkkkkkkkkks', 'ssssstttttttttt', '5nnnnnnnnnnnnnn'] 
Generated sample: ['iiiiiiiiiiiiiii', 'ssssssssssssssc', 'kkkkkkkkkkkkkk5', 'ffffffffffffffi', 'sssssssssssssss'] 
Generated sample: ['vdddddddddddddd', '-fffffffffffffc', 'vvvvvvvvvvvvvvv', '--------------v', 'nnnnnnnnnhhhhhn'] 
Generated sample: ['iiiiiiiiiiiiiii', 'dmmkkkkkkkkkkks', 'ddddddddddddddd', 'uuuuuuuxxxxxxx4', '555555555555555'] 
Generated sample: ['dd3hhhhhhhhhhhn', 'uuuuuuuuuuuuuuu', 'cc5555555555555', '--------------k', 'ttttttttttttttt'] 
Generated sample: ['hiiiiiiiiiiiii-', 'k2222222kkkkkks', 'uuuuuuuuuuuuuuv', '99n', 'sssssssssssssst'] 
Generated sample: ['vvvvvvvvvvvvvvv', 'dnnnnnnnnnnnnnn', '--------------k', 'ccddddddddddddd', '4444444444444uc'] 
epoch 2	mini-batch 19	[ DISC	loss : 0.003089 ]	[ ADV	loss : 0.001716 ]
Generated sample: ['---------kkkkkk', 'sssssskkkkkkkks', 'v5555555555555s', 'vvvvvvvvvvvvvvs', 'uuuuuuuuuuuuuuv'] 
Generated sample: ['9hhhhhhhhhhhhhn', 'dddddddddd5555n', 'tttttttttiiiiik', 'ddddddddddddddd', '55555555555555f'] 
Generated sample: ['vvv55555ssssssc', 'ddddddddddddddd', 'd55555555555553', 'cssuudddddddddd', 'ssssssssssssssd'] 
Generated sample: ['vvvvvvvvvvvvvvv', '-5fffffffffffff', 'ddddddddddddddn', 'ddkkiiiiiiiiiii', 'hhhhhhhhhhhhhhr'] 
Generated sample: ['k22kkkkkkkkkkkk', 'iiiiiiiiiiiiiii', 'ddddddddddddddd', 'tttttttttttttts', 'ttttttttttttttk'] 
Generated sample: ['ddddddddddddddn', 'nnnnnnnnnnnnnns', 'dsssssssssccccc', 'ssssssssssssssd', '55555555555555g'] 
Generated sample: ['vvvvvvvdddddddd', 'ddddkkkkkkkkkkk', 'dcsssssssssssss', 'v55dddddddddddd', 'ssssssssssssssc'] 
Generated sample: ['5ddd5555555555u', 'kttttttttttttti', 'hhhh-444444444-', 'taaakkkkkkkkkkk', '--------------3'] 
Generated sample: ['siiiiiiiiiiiii8', 'ddddd---------d', 'iiiiiiiiiiiiiii', 'vvvvvvvvvvvvvvc', 'k'] 
Generated sample: ['--------------k', 'ddkkkkkkkkkkkkk', 'oooooooooooooov', '5dddddddddddddd', '555dddddddddddv'] 
epoch 2	mini-batch 29	[ DISC	loss : 0.003581 ]	[ ADV	loss : 0.000740 ]
Generated sample: ['ddddddddddddddc', '--------------k', '55nnn555555555n', 'kkkkkkkkkkkkkkk', 'ooooooooooooooo'] 
Generated sample: ['nnnnnnnnnnnnnnn', 'nnnnnnnnnnnnnnn', 'iiiiiiiiiiiiiis', 'diiiiiiiiiiiiid', 'ssssttttttttttt'] 
Generated sample: ['vvvv888uuuuuuu5', '5dddddddddddddd', 'nnnnnnnnnnnnnnh', 'kkk333333333333', 'nnddddddddddddd'] 
Generated sample: ['---kkkkkkkkkkkk', 'kkkkkkkkkkkkkkk', 'dddsssssssssss', 'tttttttttttttti', 'sssssssssssssss'] 
Generated sample: ['uuuuuuuuuuuuuud', '--433333333333k', 'ddddiiiiiiiiiss', 'kkkkkkkkkkkkkkk', 'ikkkkkkkkkkkkkk'] 
Generated sample: ['kzzzzzzzzzzzzz', '5dddduuuuuuuuuu', 'ddddddddddddddh', 'vvvvvvvvvvvvvvn', 'eeieeeeeeeeeeek'] 
Generated sample: ['sssssssssssssss', 'v5555555555555n', 'oooooooooooooof', 'offuuiiiiiiiiiu', 'vvvvvvvvvvvvvvc'] 
Generated sample: ['kkkkkkkkkkkkkkk', '55555555555555n', '3uuuuuuuuuuuuuv', 'ssiiiiiiiiiiiii', 'ccccccccccccccn'] 
Generated sample: ['dnnnnnnnnnnnnnn', '3uuuuuuuuuuuuux', 'v--dd-ppppppppk', 'ddddddddddddddd', 'vvvn'] 
Generated sample: ['ttttttttttttt-d', 'sv111111111111d', 'ccccccccccccccd', 'afffffffffffffx', 'vvvvvvvvvvvvvvv'] 
epoch 2	mini-batch 39	[ DISC	loss : 0.002758 ]	[ ADV	loss : 0.001157 ]
Generated sample: ['nnnnnnnnnnnnnnn', 'cnnnnnnnnnnnnnn', 'ufuuuuuuuuuuuuf', 'iikkkkkkkkkkkkk', 'ccccccccccccccc'] 
Generated sample: ['2zzz8888888888s', 'uuuuuuuuuuuuuuu', 'ssssssssttttttk', 'ppppppppppppppn', 'ccccccccccccccc'] 
Generated sample: ['kooooooooooooof', '9dddddddddddddd', 'dddddddddddddd5', 'n55555555555555', '5ccccccnnnnnnnc'] 
Generated sample: ['--ppppppppppppk', 'vvvvvvvvvvvvvvn', 'mrvvvvvvvvvvvvv', 'uuuuuuuuuuuuuu-', 'tttttttttttttm'] 
Generated sample: ['ddddddddddddddu', 'ssssddddddddddi', '--------------a', 'nnvvvvvvvvvvvvc', 'ddddddddddddkkk'] 
Generated sample: ['sddiiiiiiiiiiii', 'iiiiiiiiiiiiiii', 'iiiiiiiiiiiiiii', 'iiiiiiiiiiiiiis', '--ddddddddddddd'] 
Generated sample: ['ssssssssssssssm', 'ndddddddddddddd', 'sssssssssssssss', '44vvvvvvvvvvvvc', 'ddnnndddddddddd'] 
Generated sample: ['55ttz', 'tssssssssssssss', 'ccccnnnnnnnnnnn', 'r88kk888888888k', 'ddddddddddddddd'] 
Generated sample: ['sssssssssssssss', 'tcccccccccccccc', 'kgggggggggggggi', '55555555555555u', 'tiiiiiiiiiiiiii'] 
Generated sample: ['p55555555555ffk', 'dhhhhdddddddddd', 'zzz22222222222d', 'ttttttttttttttt', 'cssssssssssssss'] 
epoch 2	mini-batch 49	[ DISC	loss : 0.002802 ]	[ ADV	loss : 0.000519 ]
Generated sample: ['nnnyyyyyyyyyyyc', 'iiiiiiiiiiiiiic', 'ssssssssssssssi', 'vnnnnnnnnnnnnnc', 'uuuuuuvvvvvvvvv'] 
Generated sample: ['44uuuuuuuuuuuuc', 'iiiiiiiiiiiiiii', 'ssssssssssttttt', 'kkkkkkkkkkkkkki', 'vvvvvvvvvvv555n'] 
Generated sample: ['uhhhhhhhhhhhhhh', 'v3333333tttttt3', 'd5555ddddddddds', 'dddd9999999999n', 'zzzzzzzzzzxxxxh'] 
Generated sample: ['3333333333kkkka', 'ddddddddddddddu', 'udddddddddhhhhn', 'iiiiiiikkkkkkkk', '555555555555555'] 
Generated sample: ['ssssssssssssssi', 'sssssssssssssss', '33333333333333n', 'xxxxxxxxxxxxxxv', 'ddcccccccccccci'] 
Generated sample: ['iiiiiiiiiiiiiid', '-55pppkkkkkkkkk', 'iiiiiiiiiiiiiik', 'uuuuuuuuuuuuuug', 'kkkiiiiiiiiiiid'] 
Generated sample: ['hhhhhhhhhhhhhh3', 'nnccccccccccccy', 'vvssssvvvvvvvvs', 'hhhhhhhhhhhhhhh', 'kiiiiiiiiiiiiii'] 
Generated sample: ['x8555555555555k', 'aaaaaaaaaaaaaak', 'ddddddddddddddd', 'kkkkkkkkkkkkkk5', 'dddddddddddddds'] 
Generated sample: ['kkkkkkaaaaaaaaa', 'ziiiiiiiiiiiiid', 'zkkkkkkkkkkkkkc', 'ssskkkkkkkkkkkk', 'ttttttttttttttt'] 
Generated sample: ['kkkkkkkkkkkkkki', 'iiiiiiiiiiiiiii', 'ssssssssssssssi', 'vvvvvvvvvvvvvvc', 'sdddddddd55555c'] 
