2017-09-22 18:21:53,315 INFO model saved to saved_models/pieraz_norm_30_100/model_architecture.json
2017-09-22 18:21:53,784 INFO network diagram saved to saved_models/pieraz_norm_30_100/model.png 
2017-09-22 18:21:57,521 INFO 
             precision    recall  f1-score   support

        DGA       0.86      0.91      0.89     27933
      Legit       0.90      0.85      0.87     26955

avg / total       0.88      0.88      0.88     54888

2017-12-18 16:28:18,581 INFO 
             precision    recall  f1-score   support

        DGA       1.00      1.00      1.00        10

avg / total       1.00      1.00      1.00        10

2017-12-19 19:13:32,158 DEBUG Model /home/archeffect/PycharmProjects/adversarial_DGA/neuralnetwork_classifier/saved_models/pieraz_norm_30_100 loaded
2017-12-19 19:13:32,521 INFO 
             precision    recall  f1-score   support

        DGA       0.56      0.12      0.20      4672
      Legit       0.53      0.91      0.67      5000

avg / total       0.54      0.53      0.44      9672

2017-12-19 19:39:20,043 DEBUG Model /home/archeffect/PycharmProjects/adversarial_DGA/neuralnetwork_classifier/saved_models/pieraz_norm_30_100 loaded
2017-12-19 19:39:20,732 INFO 
             precision    recall  f1-score   support

        DGA       0.56      0.12      0.19      9323
      Legit       0.53      0.92      0.67     10000

avg / total       0.54      0.53      0.44     19323

2020-01-04 13:30:39,593 DEBUG Model neuralnetwork_classifier/saved_models/pieraz_norm_30_100 loaded
2020-01-04 13:33:56,791 DEBUG Model neuralnetwork_classifier/saved_models/pieraz_norm_30_100 loaded
2020-01-04 13:38:38,880 DEBUG Model neuralnetwork_classifier/saved_models/pieraz_norm_30_100 loaded
2020-01-04 13:39:05,469 DEBUG Model neuralnetwork_classifier/saved_models/pieraz_norm_30_100 loaded
2020-01-04 13:42:13,387 DEBUG Model neuralnetwork_classifier/saved_models/pieraz_norm_30_100 loaded
