Using TensorFlow backend.
2017-12-06 14:33:38.003972: W tensorflow/core/platform/cpu_feature_guard.cc:45] The TensorFlow library wasn't compiled to use SSE4.1 instructions, but these are available on your machine and could speed up CPU computations.
2017-12-06 14:33:38.004049: W tensorflow/core/platform/cpu_feature_guard.cc:45] The TensorFlow library wasn't compiled to use SSE4.2 instructions, but these are available on your machine and could speed up CPU computations.
2017-12-06 14:33:38.004062: W tensorflow/core/platform/cpu_feature_guard.cc:45] The TensorFlow library wasn't compiled to use AVX instructions, but these are available on your machine and could speed up CPU computations.
Train on 4488 samples, validate on 2212 samples
Epoch 1/500
Epoch 00000: val_loss improved from inf to 2.32432, saving model to autoencoder_experiments/20171206-143334/weights/autoencoder.h5
4s - loss: 2.5676 - acc: 0.3272 - val_loss: 2.3243 - val_acc: 0.3366
Epoch 2/500
Epoch 00001: val_loss improved from 2.32432 to 2.21521, saving model to autoencoder_experiments/20171206-143334/weights/autoencoder.h5
4s - loss: 2.2408 - acc: 0.3589 - val_loss: 2.2152 - val_acc: 0.3714
Epoch 3/500
Epoch 00002: val_loss improved from 2.21521 to 2.14322, saving model to autoencoder_experiments/20171206-143334/weights/autoencoder.h5
4s - loss: 2.1816 - acc: 0.3788 - val_loss: 2.1432 - val_acc: 0.3913
Epoch 4/500
Epoch 00003: val_loss improved from 2.14322 to 2.10427, saving model to autoencoder_experiments/20171206-143334/weights/autoencoder.h5
4s - loss: 2.1502 - acc: 0.3854 - val_loss: 2.1043 - val_acc: 0.3914
Epoch 5/500
Epoch 00004: val_loss improved from 2.10427 to 2.09455, saving model to autoencoder_experiments/20171206-143334/weights/autoencoder.h5
4s - loss: 2.1376 - acc: 0.3883 - val_loss: 2.0946 - val_acc: 0.4040
Epoch 6/500
Epoch 00005: val_loss improved from 2.09455 to 2.06229, saving model to autoencoder_experiments/20171206-143334/weights/autoencoder.h5
3s - loss: 2.0966 - acc: 0.3993 - val_loss: 2.0623 - val_acc: 0.4094
Epoch 7/500
Epoch 00006: val_loss did not improve
4s - loss: 2.0736 - acc: 0.4055 - val_loss: 2.0757 - val_acc: 0.4115
Epoch 8/500
Epoch 00007: val_loss improved from 2.06229 to 2.02472, saving model to autoencoder_experiments/20171206-143334/weights/autoencoder.h5
4s - loss: 2.0563 - acc: 0.4085 - val_loss: 2.0247 - val_acc: 0.4153
Epoch 9/500
Epoch 00008: val_loss improved from 2.02472 to 2.00512, saving model to autoencoder_experiments/20171206-143334/weights/autoencoder.h5
4s - loss: 2.0363 - acc: 0.4117 - val_loss: 2.0051 - val_acc: 0.4222
Epoch 10/500
Epoch 00009: val_loss improved from 2.00512 to 1.96923, saving model to autoencoder_experiments/20171206-143334/weights/autoencoder.h5
4s - loss: 2.0130 - acc: 0.4176 - val_loss: 1.9692 - val_acc: 0.4298
Epoch 11/500
Epoch 00010: val_loss improved from 1.96923 to 1.95343, saving model to autoencoder_experiments/20171206-143334/weights/autoencoder.h5
4s - loss: 1.9828 - acc: 0.4221 - val_loss: 1.9534 - val_acc: 0.4289
Epoch 12/500
Epoch 00011: val_loss improved from 1.95343 to 1.91887, saving model to autoencoder_experiments/20171206-143334/weights/autoencoder.h5
4s - loss: 1.9613 - acc: 0.4280 - val_loss: 1.9189 - val_acc: 0.4363
Epoch 13/500
Epoch 00012: val_loss improved from 1.91887 to 1.89243, saving model to autoencoder_experiments/20171206-143334/weights/autoencoder.h5
4s - loss: 1.9325 - acc: 0.4331 - val_loss: 1.8924 - val_acc: 0.4396
Epoch 14/500
Epoch 00013: val_loss improved from 1.89243 to 1.86446, saving model to autoencoder_experiments/20171206-143334/weights/autoencoder.h5
4s - loss: 1.9056 - acc: 0.4374 - val_loss: 1.8645 - val_acc: 0.4462
Epoch 15/500
Epoch 00014: val_loss improved from 1.86446 to 1.83753, saving model to autoencoder_experiments/20171206-143334/weights/autoencoder.h5
4s - loss: 1.8836 - acc: 0.4408 - val_loss: 1.8375 - val_acc: 0.4525
Epoch 16/500
Epoch 00015: val_loss improved from 1.83753 to 1.81116, saving model to autoencoder_experiments/20171206-143334/weights/autoencoder.h5
4s - loss: 1.8578 - acc: 0.4459 - val_loss: 1.8112 - val_acc: 0.4572
Epoch 17/500
Epoch 00016: val_loss improved from 1.81116 to 1.77777, saving model to autoencoder_experiments/20171206-143334/weights/autoencoder.h5
4s - loss: 1.8379 - acc: 0.4500 - val_loss: 1.7778 - val_acc: 0.4645
Epoch 18/500
Epoch 00017: val_loss improved from 1.77777 to 1.74884, saving model to autoencoder_experiments/20171206-143334/weights/autoencoder.h5
4s - loss: 1.8055 - acc: 0.4561 - val_loss: 1.7488 - val_acc: 0.4680
Epoch 19/500
Epoch 00018: val_loss improved from 1.74884 to 1.73103, saving model to autoencoder_experiments/20171206-143334/weights/autoencoder.h5
4s - loss: 1.7837 - acc: 0.4601 - val_loss: 1.7310 - val_acc: 0.4754
Epoch 20/500
Epoch 00019: val_loss improved from 1.73103 to 1.69961, saving model to autoencoder_experiments/20171206-143334/weights/autoencoder.h5
4s - loss: 1.7594 - acc: 0.4646 - val_loss: 1.6996 - val_acc: 0.4803
Epoch 21/500
Epoch 00020: val_loss improved from 1.69961 to 1.67965, saving model to autoencoder_experiments/20171206-143334/weights/autoencoder.h5
4s - loss: 1.7416 - acc: 0.4684 - val_loss: 1.6797 - val_acc: 0.4836
Epoch 22/500
Epoch 00021: val_loss improved from 1.67965 to 1.65460, saving model to autoencoder_experiments/20171206-143334/weights/autoencoder.h5
4s - loss: 1.7213 - acc: 0.4719 - val_loss: 1.6546 - val_acc: 0.4874
Epoch 23/500
Epoch 00022: val_loss improved from 1.65460 to 1.63703, saving model to autoencoder_experiments/20171206-143334/weights/autoencoder.h5
4s - loss: 1.7034 - acc: 0.4742 - val_loss: 1.6370 - val_acc: 0.4919
Epoch 24/500
Epoch 00023: val_loss improved from 1.63703 to 1.61087, saving model to autoencoder_experiments/20171206-143334/weights/autoencoder.h5
4s - loss: 1.6855 - acc: 0.4787 - val_loss: 1.6109 - val_acc: 0.4994
Epoch 25/500
Epoch 00024: val_loss improved from 1.61087 to 1.60703, saving model to autoencoder_experiments/20171206-143334/weights/autoencoder.h5
4s - loss: 1.6663 - acc: 0.4819 - val_loss: 1.6070 - val_acc: 0.4949
Epoch 26/500
Epoch 00025: val_loss improved from 1.60703 to 1.58619, saving model to autoencoder_experiments/20171206-143334/weights/autoencoder.h5
4s - loss: 1.6497 - acc: 0.4857 - val_loss: 1.5862 - val_acc: 0.5020
Epoch 27/500
Epoch 00026: val_loss improved from 1.58619 to 1.56349, saving model to autoencoder_experiments/20171206-143334/weights/autoencoder.h5
3s - loss: 1.6313 - acc: 0.4899 - val_loss: 1.5635 - val_acc: 0.5121
Epoch 28/500
Epoch 00027: val_loss improved from 1.56349 to 1.54754, saving model to autoencoder_experiments/20171206-143334/weights/autoencoder.h5
4s - loss: 1.6152 - acc: 0.4920 - val_loss: 1.5475 - val_acc: 0.5081
Epoch 29/500
Epoch 00028: val_loss improved from 1.54754 to 1.52726, saving model to autoencoder_experiments/20171206-143334/weights/autoencoder.h5
4s - loss: 1.6024 - acc: 0.4960 - val_loss: 1.5273 - val_acc: 0.5196
Epoch 30/500
Epoch 00029: val_loss improved from 1.52726 to 1.52351, saving model to autoencoder_experiments/20171206-143334/weights/autoencoder.h5
4s - loss: 1.5888 - acc: 0.4991 - val_loss: 1.5235 - val_acc: 0.5163
Epoch 31/500
Epoch 00030: val_loss improved from 1.52351 to 1.49662, saving model to autoencoder_experiments/20171206-143334/weights/autoencoder.h5
4s - loss: 1.5700 - acc: 0.5029 - val_loss: 1.4966 - val_acc: 0.5251
Epoch 32/500
Epoch 00031: val_loss improved from 1.49662 to 1.47710, saving model to autoencoder_experiments/20171206-143334/weights/autoencoder.h5
4s - loss: 1.5556 - acc: 0.5050 - val_loss: 1.4771 - val_acc: 0.5293
Epoch 33/500
Epoch 00032: val_loss improved from 1.47710 to 1.46162, saving model to autoencoder_experiments/20171206-143334/weights/autoencoder.h5
4s - loss: 1.5439 - acc: 0.5079 - val_loss: 1.4616 - val_acc: 0.5329
Epoch 34/500
Epoch 00033: val_loss improved from 1.46162 to 1.45101, saving model to autoencoder_experiments/20171206-143334/weights/autoencoder.h5
4s - loss: 1.5345 - acc: 0.5108 - val_loss: 1.4510 - val_acc: 0.5356
Epoch 35/500
Epoch 00034: val_loss improved from 1.45101 to 1.42939, saving model to autoencoder_experiments/20171206-143334/weights/autoencoder.h5
4s - loss: 1.5156 - acc: 0.5151 - val_loss: 1.4294 - val_acc: 0.5419
Epoch 36/500
Epoch 00035: val_loss improved from 1.42939 to 1.41623, saving model to autoencoder_experiments/20171206-143334/weights/autoencoder.h5
4s - loss: 1.5081 - acc: 0.5185 - val_loss: 1.4162 - val_acc: 0.5436
Epoch 37/500
Epoch 00036: val_loss improved from 1.41623 to 1.41384, saving model to autoencoder_experiments/20171206-143334/weights/autoencoder.h5
4s - loss: 1.4953 - acc: 0.5208 - val_loss: 1.4138 - val_acc: 0.5440
Epoch 38/500
Epoch 00037: val_loss did not improve
4s - loss: 1.4804 - acc: 0.5240 - val_loss: 1.4163 - val_acc: 0.5401
Epoch 39/500
Epoch 00038: val_loss improved from 1.41384 to 1.36594, saving model to autoencoder_experiments/20171206-143334/weights/autoencoder.h5
4s - loss: 1.4687 - acc: 0.5257 - val_loss: 1.3659 - val_acc: 0.5597
Epoch 40/500
Epoch 00039: val_loss improved from 1.36594 to 1.35877, saving model to autoencoder_experiments/20171206-143334/weights/autoencoder.h5
4s - loss: 1.4570 - acc: 0.5301 - val_loss: 1.3588 - val_acc: 0.5605
Epoch 41/500
Epoch 00040: val_loss improved from 1.35877 to 1.33896, saving model to autoencoder_experiments/20171206-143334/weights/autoencoder.h5
4s - loss: 1.4392 - acc: 0.5329 - val_loss: 1.3390 - val_acc: 0.5671
Epoch 42/500
Epoch 00041: val_loss improved from 1.33896 to 1.31298, saving model to autoencoder_experiments/20171206-143334/weights/autoencoder.h5
4s - loss: 1.4273 - acc: 0.5377 - val_loss: 1.3130 - val_acc: 0.5735
Epoch 43/500
Epoch 00042: val_loss improved from 1.31298 to 1.29635, saving model to autoencoder_experiments/20171206-143334/weights/autoencoder.h5
4s - loss: 1.4120 - acc: 0.5431 - val_loss: 1.2963 - val_acc: 0.5758
Epoch 44/500
Epoch 00043: val_loss improved from 1.29635 to 1.29288, saving model to autoencoder_experiments/20171206-143334/weights/autoencoder.h5
4s - loss: 1.3983 - acc: 0.5454 - val_loss: 1.2929 - val_acc: 0.5782
Epoch 45/500
Epoch 00044: val_loss improved from 1.29288 to 1.27241, saving model to autoencoder_experiments/20171206-143334/weights/autoencoder.h5
4s - loss: 1.3943 - acc: 0.5483 - val_loss: 1.2724 - val_acc: 0.5842
Epoch 46/500
Epoch 00045: val_loss improved from 1.27241 to 1.26528, saving model to autoencoder_experiments/20171206-143334/weights/autoencoder.h5
4s - loss: 1.3760 - acc: 0.5524 - val_loss: 1.2653 - val_acc: 0.5844
Epoch 47/500
Epoch 00046: val_loss improved from 1.26528 to 1.25386, saving model to autoencoder_experiments/20171206-143334/weights/autoencoder.h5
4s - loss: 1.3647 - acc: 0.5561 - val_loss: 1.2539 - val_acc: 0.5850
Epoch 48/500
Epoch 00047: val_loss improved from 1.25386 to 1.24371, saving model to autoencoder_experiments/20171206-143334/weights/autoencoder.h5
4s - loss: 1.3562 - acc: 0.5575 - val_loss: 1.2437 - val_acc: 0.5917
Epoch 49/500
Epoch 00048: val_loss did not improve
3s - loss: 1.3440 - acc: 0.5616 - val_loss: 1.2458 - val_acc: 0.5881
Epoch 50/500
Epoch 00049: val_loss improved from 1.24371 to 1.21975, saving model to autoencoder_experiments/20171206-143334/weights/autoencoder.h5
4s - loss: 1.3480 - acc: 0.5611 - val_loss: 1.2198 - val_acc: 0.5989
Epoch 51/500
Epoch 00050: val_loss improved from 1.21975 to 1.21684, saving model to autoencoder_experiments/20171206-143334/weights/autoencoder.h5
4s - loss: 1.3300 - acc: 0.5658 - val_loss: 1.2168 - val_acc: 0.6012
Epoch 52/500
Epoch 00051: val_loss improved from 1.21684 to 1.19655, saving model to autoencoder_experiments/20171206-143334/weights/autoencoder.h5
3s - loss: 1.3181 - acc: 0.5699 - val_loss: 1.1966 - val_acc: 0.6065
Epoch 53/500
Epoch 00052: val_loss improved from 1.19655 to 1.19439, saving model to autoencoder_experiments/20171206-143334/weights/autoencoder.h5
4s - loss: 1.3150 - acc: 0.5708 - val_loss: 1.1944 - val_acc: 0.6093
Epoch 54/500
Epoch 00053: val_loss did not improve
4s - loss: 1.3051 - acc: 0.5722 - val_loss: 1.1957 - val_acc: 0.6080
Epoch 55/500
Epoch 00054: val_loss improved from 1.19439 to 1.16853, saving model to autoencoder_experiments/20171206-143334/weights/autoencoder.h5
4s - loss: 1.2956 - acc: 0.5747 - val_loss: 1.1685 - val_acc: 0.6147
Epoch 56/500
Epoch 00055: val_loss improved from 1.16853 to 1.15964, saving model to autoencoder_experiments/20171206-143334/weights/autoencoder.h5
4s - loss: 1.2896 - acc: 0.5761 - val_loss: 1.1596 - val_acc: 0.6172
Epoch 57/500
Epoch 00056: val_loss improved from 1.15964 to 1.13550, saving model to autoencoder_experiments/20171206-143334/weights/autoencoder.h5
4s - loss: 1.2786 - acc: 0.5828 - val_loss: 1.1355 - val_acc: 0.6239
Epoch 58/500
Epoch 00057: val_loss did not improve
4s - loss: 1.2650 - acc: 0.5840 - val_loss: 1.1359 - val_acc: 0.6261
Epoch 59/500
Epoch 00058: val_loss improved from 1.13550 to 1.13003, saving model to autoencoder_experiments/20171206-143334/weights/autoencoder.h5
3s - loss: 1.2601 - acc: 0.5861 - val_loss: 1.1300 - val_acc: 0.6234
Epoch 60/500
Epoch 00059: val_loss improved from 1.13003 to 1.11809, saving model to autoencoder_experiments/20171206-143334/weights/autoencoder.h5
4s - loss: 1.2524 - acc: 0.5897 - val_loss: 1.1181 - val_acc: 0.6316
Epoch 61/500
Epoch 00060: val_loss did not improve
4s - loss: 1.2475 - acc: 0.5913 - val_loss: 1.1302 - val_acc: 0.6258
Epoch 62/500
Epoch 00061: val_loss improved from 1.11809 to 1.11397, saving model to autoencoder_experiments/20171206-143334/weights/autoencoder.h5
4s - loss: 1.2357 - acc: 0.5933 - val_loss: 1.1140 - val_acc: 0.6277
Epoch 63/500
Epoch 00062: val_loss improved from 1.11397 to 1.08538, saving model to autoencoder_experiments/20171206-143334/weights/autoencoder.h5
4s - loss: 1.2236 - acc: 0.5972 - val_loss: 1.0854 - val_acc: 0.6405
Epoch 64/500
Epoch 00063: val_loss improved from 1.08538 to 1.07563, saving model to autoencoder_experiments/20171206-143334/weights/autoencoder.h5
4s - loss: 1.2160 - acc: 0.5987 - val_loss: 1.0756 - val_acc: 0.6500
Epoch 65/500
Epoch 00064: val_loss improved from 1.07563 to 1.06713, saving model to autoencoder_experiments/20171206-143334/weights/autoencoder.h5
4s - loss: 1.2131 - acc: 0.6013 - val_loss: 1.0671 - val_acc: 0.6478
Epoch 66/500
Epoch 00065: val_loss did not improve
4s - loss: 1.1983 - acc: 0.6049 - val_loss: 1.0760 - val_acc: 0.6399
Epoch 67/500
Epoch 00066: val_loss improved from 1.06713 to 1.05183, saving model to autoencoder_experiments/20171206-143334/weights/autoencoder.h5
4s - loss: 1.1929 - acc: 0.6053 - val_loss: 1.0518 - val_acc: 0.6538
Epoch 68/500
Epoch 00067: val_loss improved from 1.05183 to 1.03885, saving model to autoencoder_experiments/20171206-143334/weights/autoencoder.h5
4s - loss: 1.1844 - acc: 0.6088 - val_loss: 1.0389 - val_acc: 0.6561
Epoch 69/500
Epoch 00068: val_loss did not improve
4s - loss: 1.1786 - acc: 0.6122 - val_loss: 1.0451 - val_acc: 0.6508
Epoch 70/500
Epoch 00069: val_loss improved from 1.03885 to 1.01337, saving model to autoencoder_experiments/20171206-143334/weights/autoencoder.h5
4s - loss: 1.1730 - acc: 0.6152 - val_loss: 1.0134 - val_acc: 0.6647
Epoch 71/500
Epoch 00070: val_loss did not improve
4s - loss: 1.1601 - acc: 0.6185 - val_loss: 1.0270 - val_acc: 0.6568
Epoch 72/500
Epoch 00071: val_loss did not improve
3s - loss: 1.1580 - acc: 0.6184 - val_loss: 1.0179 - val_acc: 0.6629
Epoch 73/500
Epoch 00072: val_loss improved from 1.01337 to 1.01254, saving model to autoencoder_experiments/20171206-143334/weights/autoencoder.h5
4s - loss: 1.1507 - acc: 0.6205 - val_loss: 1.0125 - val_acc: 0.6644
Epoch 74/500
Epoch 00073: val_loss improved from 1.01254 to 0.98944, saving model to autoencoder_experiments/20171206-143334/weights/autoencoder.h5
4s - loss: 1.1457 - acc: 0.6216 - val_loss: 0.9894 - val_acc: 0.6724
Epoch 75/500
Epoch 00074: val_loss improved from 0.98944 to 0.98257, saving model to autoencoder_experiments/20171206-143334/weights/autoencoder.h5
3s - loss: 1.1339 - acc: 0.6238 - val_loss: 0.9826 - val_acc: 0.6740
Epoch 76/500
Epoch 00075: val_loss improved from 0.98257 to 0.97292, saving model to autoencoder_experiments/20171206-143334/weights/autoencoder.h5
4s - loss: 1.1276 - acc: 0.6276 - val_loss: 0.9729 - val_acc: 0.6772
Epoch 77/500
Epoch 00076: val_loss improved from 0.97292 to 0.96574, saving model to autoencoder_experiments/20171206-143334/weights/autoencoder.h5
4s - loss: 1.1199 - acc: 0.6294 - val_loss: 0.9657 - val_acc: 0.6788
Epoch 78/500
Epoch 00077: val_loss did not improve
4s - loss: 1.1105 - acc: 0.6325 - val_loss: 0.9929 - val_acc: 0.6673
Epoch 79/500
Epoch 00078: val_loss improved from 0.96574 to 0.95090, saving model to autoencoder_experiments/20171206-143334/weights/autoencoder.h5
3s - loss: 1.1046 - acc: 0.6343 - val_loss: 0.9509 - val_acc: 0.6834
Epoch 80/500
Epoch 00079: val_loss did not improve
4s - loss: 1.1000 - acc: 0.6354 - val_loss: 0.9598 - val_acc: 0.6797
Epoch 81/500
Epoch 00080: val_loss improved from 0.95090 to 0.93242, saving model to autoencoder_experiments/20171206-143334/weights/autoencoder.h5
4s - loss: 1.0882 - acc: 0.6385 - val_loss: 0.9324 - val_acc: 0.6898
Epoch 82/500
Epoch 00081: val_loss did not improve
3s - loss: 1.0871 - acc: 0.6388 - val_loss: 0.9356 - val_acc: 0.6885
Epoch 83/500
Epoch 00082: val_loss improved from 0.93242 to 0.92224, saving model to autoencoder_experiments/20171206-143334/weights/autoencoder.h5
4s - loss: 1.0799 - acc: 0.6428 - val_loss: 0.9222 - val_acc: 0.6937
Epoch 84/500
Epoch 00083: val_loss improved from 0.92224 to 0.91551, saving model to autoencoder_experiments/20171206-143334/weights/autoencoder.h5
4s - loss: 1.0668 - acc: 0.6472 - val_loss: 0.9155 - val_acc: 0.6962
Epoch 85/500
Epoch 00084: val_loss did not improve
4s - loss: 1.0704 - acc: 0.6441 - val_loss: 0.9229 - val_acc: 0.6926
Epoch 86/500
Epoch 00085: val_loss improved from 0.91551 to 0.90361, saving model to autoencoder_experiments/20171206-143334/weights/autoencoder.h5
4s - loss: 1.0645 - acc: 0.6473 - val_loss: 0.9036 - val_acc: 0.6984
Epoch 87/500
Epoch 00086: val_loss improved from 0.90361 to 0.88810, saving model to autoencoder_experiments/20171206-143334/weights/autoencoder.h5
4s - loss: 1.0536 - acc: 0.6508 - val_loss: 0.8881 - val_acc: 0.7069
Epoch 88/500
Epoch 00087: val_loss did not improve
3s - loss: 1.0482 - acc: 0.6523 - val_loss: 0.9000 - val_acc: 0.6983
Epoch 89/500
Epoch 00088: val_loss improved from 0.88810 to 0.87131, saving model to autoencoder_experiments/20171206-143334/weights/autoencoder.h5
4s - loss: 1.0389 - acc: 0.6554 - val_loss: 0.8713 - val_acc: 0.7115
Epoch 90/500
Epoch 00089: val_loss did not improve
4s - loss: 1.0327 - acc: 0.6566 - val_loss: 0.8751 - val_acc: 0.7086
Epoch 91/500
Epoch 00090: val_loss improved from 0.87131 to 0.86899, saving model to autoencoder_experiments/20171206-143334/weights/autoencoder.h5
4s - loss: 1.0286 - acc: 0.6569 - val_loss: 0.8690 - val_acc: 0.7102
Epoch 92/500
Epoch 00091: val_loss improved from 0.86899 to 0.86648, saving model to autoencoder_experiments/20171206-143334/weights/autoencoder.h5
3s - loss: 1.0232 - acc: 0.6596 - val_loss: 0.8665 - val_acc: 0.7106
Epoch 93/500
Epoch 00092: val_loss did not improve
3s - loss: 1.0162 - acc: 0.6618 - val_loss: 0.8705 - val_acc: 0.7098
Epoch 94/500
Epoch 00093: val_loss improved from 0.86648 to 0.84447, saving model to autoencoder_experiments/20171206-143334/weights/autoencoder.h5
4s - loss: 1.0107 - acc: 0.6638 - val_loss: 0.8445 - val_acc: 0.7178
Epoch 95/500
Epoch 00094: val_loss did not improve
4s - loss: 1.0033 - acc: 0.6655 - val_loss: 0.8473 - val_acc: 0.7206
Epoch 96/500
Epoch 00095: val_loss improved from 0.84447 to 0.83760, saving model to autoencoder_experiments/20171206-143334/weights/autoencoder.h5
4s - loss: 0.9969 - acc: 0.6680 - val_loss: 0.8376 - val_acc: 0.7231
Epoch 97/500
Epoch 00096: val_loss improved from 0.83760 to 0.82936, saving model to autoencoder_experiments/20171206-143334/weights/autoencoder.h5
4s - loss: 0.9972 - acc: 0.6683 - val_loss: 0.8294 - val_acc: 0.7267
Epoch 98/500
Epoch 00097: val_loss did not improve
4s - loss: 0.9899 - acc: 0.6694 - val_loss: 0.8346 - val_acc: 0.7229
Epoch 99/500
Epoch 00098: val_loss improved from 0.82936 to 0.81872, saving model to autoencoder_experiments/20171206-143334/weights/autoencoder.h5
4s - loss: 0.9893 - acc: 0.6704 - val_loss: 0.8187 - val_acc: 0.7285
Epoch 100/500
Epoch 00099: val_loss improved from 0.81872 to 0.81288, saving model to autoencoder_experiments/20171206-143334/weights/autoencoder.h5
4s - loss: 0.9813 - acc: 0.6740 - val_loss: 0.8129 - val_acc: 0.7288
Epoch 101/500
Epoch 00100: val_loss improved from 0.81288 to 0.80308, saving model to autoencoder_experiments/20171206-143334/weights/autoencoder.h5
4s - loss: 0.9805 - acc: 0.6745 - val_loss: 0.8031 - val_acc: 0.7313
Epoch 102/500
Epoch 00101: val_loss improved from 0.80308 to 0.79522, saving model to autoencoder_experiments/20171206-143334/weights/autoencoder.h5
4s - loss: 0.9783 - acc: 0.6746 - val_loss: 0.7952 - val_acc: 0.7348
Epoch 103/500
Epoch 00102: val_loss did not improve
4s - loss: 0.9649 - acc: 0.6780 - val_loss: 0.8091 - val_acc: 0.7314
Epoch 104/500
Epoch 00103: val_loss did not improve
4s - loss: 0.9606 - acc: 0.6791 - val_loss: 0.8218 - val_acc: 0.7235
Epoch 105/500
Epoch 00104: val_loss improved from 0.79522 to 0.78543, saving model to autoencoder_experiments/20171206-143334/weights/autoencoder.h5
3s - loss: 0.9578 - acc: 0.6814 - val_loss: 0.7854 - val_acc: 0.7375
Epoch 106/500
Epoch 00105: val_loss did not improve
4s - loss: 0.9562 - acc: 0.6814 - val_loss: 0.7888 - val_acc: 0.7365
Epoch 107/500
Epoch 00106: val_loss improved from 0.78543 to 0.76735, saving model to autoencoder_experiments/20171206-143334/weights/autoencoder.h5
3s - loss: 0.9421 - acc: 0.6854 - val_loss: 0.7673 - val_acc: 0.7428
Epoch 108/500
Epoch 00107: val_loss improved from 0.76735 to 0.76641, saving model to autoencoder_experiments/20171206-143334/weights/autoencoder.h5
4s - loss: 0.9460 - acc: 0.6847 - val_loss: 0.7664 - val_acc: 0.7426
Epoch 109/500
Epoch 00108: val_loss improved from 0.76641 to 0.75423, saving model to autoencoder_experiments/20171206-143334/weights/autoencoder.h5
4s - loss: 0.9393 - acc: 0.6872 - val_loss: 0.7542 - val_acc: 0.7500
Epoch 110/500
Epoch 00109: val_loss did not improve
3s - loss: 0.9265 - acc: 0.6888 - val_loss: 0.7644 - val_acc: 0.7454
Epoch 111/500
Epoch 00110: val_loss improved from 0.75423 to 0.74797, saving model to autoencoder_experiments/20171206-143334/weights/autoencoder.h5
4s - loss: 0.9281 - acc: 0.6896 - val_loss: 0.7480 - val_acc: 0.7481
Epoch 112/500
Epoch 00111: val_loss did not improve
4s - loss: 0.9235 - acc: 0.6901 - val_loss: 0.7568 - val_acc: 0.7440
Epoch 113/500
Epoch 00112: val_loss improved from 0.74797 to 0.74788, saving model to autoencoder_experiments/20171206-143334/weights/autoencoder.h5
4s - loss: 0.9191 - acc: 0.6917 - val_loss: 0.7479 - val_acc: 0.7491
Epoch 114/500
Epoch 00113: val_loss did not improve
4s - loss: 0.9122 - acc: 0.6967 - val_loss: 0.7491 - val_acc: 0.7477
Epoch 115/500
Epoch 00114: val_loss improved from 0.74788 to 0.73352, saving model to autoencoder_experiments/20171206-143334/weights/autoencoder.h5
4s - loss: 0.9109 - acc: 0.6954 - val_loss: 0.7335 - val_acc: 0.7551
Epoch 116/500
Epoch 00115: val_loss improved from 0.73352 to 0.72156, saving model to autoencoder_experiments/20171206-143334/weights/autoencoder.h5
3s - loss: 0.9013 - acc: 0.6996 - val_loss: 0.7216 - val_acc: 0.7595
Epoch 117/500
Epoch 00116: val_loss improved from 0.72156 to 0.71515, saving model to autoencoder_experiments/20171206-143334/weights/autoencoder.h5
4s - loss: 0.9018 - acc: 0.6980 - val_loss: 0.7151 - val_acc: 0.7612
Epoch 118/500
Epoch 00117: val_loss did not improve
4s - loss: 0.9019 - acc: 0.6979 - val_loss: 0.7175 - val_acc: 0.7623
Epoch 119/500
Epoch 00118: val_loss did not improve
4s - loss: 0.8891 - acc: 0.7021 - val_loss: 0.7273 - val_acc: 0.7552
Epoch 120/500
Epoch 00119: val_loss improved from 0.71515 to 0.71496, saving model to autoencoder_experiments/20171206-143334/weights/autoencoder.h5
4s - loss: 0.8861 - acc: 0.7035 - val_loss: 0.7150 - val_acc: 0.7613
Epoch 121/500
Epoch 00120: val_loss improved from 0.71496 to 0.71126, saving model to autoencoder_experiments/20171206-143334/weights/autoencoder.h5
4s - loss: 0.8839 - acc: 0.7042 - val_loss: 0.7113 - val_acc: 0.7612
Epoch 122/500
Epoch 00121: val_loss did not improve
4s - loss: 0.8855 - acc: 0.7035 - val_loss: 0.7163 - val_acc: 0.7602
Epoch 123/500
Epoch 00122: val_loss did not improve
4s - loss: 0.8821 - acc: 0.7052 - val_loss: 0.7127 - val_acc: 0.7628
Epoch 124/500
Epoch 00123: val_loss improved from 0.71126 to 0.69352, saving model to autoencoder_experiments/20171206-143334/weights/autoencoder.h5
4s - loss: 0.8730 - acc: 0.7097 - val_loss: 0.6935 - val_acc: 0.7678
Epoch 125/500
Epoch 00124: val_loss improved from 0.69352 to 0.69067, saving model to autoencoder_experiments/20171206-143334/weights/autoencoder.h5
4s - loss: 0.8676 - acc: 0.7113 - val_loss: 0.6907 - val_acc: 0.7700
Epoch 126/500
Epoch 00125: val_loss did not improve
4s - loss: 0.8731 - acc: 0.7072 - val_loss: 0.6914 - val_acc: 0.7691
Epoch 127/500
Epoch 00126: val_loss improved from 0.69067 to 0.68339, saving model to autoencoder_experiments/20171206-143334/weights/autoencoder.h5
4s - loss: 0.8619 - acc: 0.7102 - val_loss: 0.6834 - val_acc: 0.7714
Epoch 128/500
Epoch 00127: val_loss improved from 0.68339 to 0.68073, saving model to autoencoder_experiments/20171206-143334/weights/autoencoder.h5
4s - loss: 0.8585 - acc: 0.7106 - val_loss: 0.6807 - val_acc: 0.7737
Epoch 129/500
Epoch 00128: val_loss did not improve
4s - loss: 0.8596 - acc: 0.7125 - val_loss: 0.7034 - val_acc: 0.7627
Epoch 130/500
Epoch 00129: val_loss improved from 0.68073 to 0.67851, saving model to autoencoder_experiments/20171206-143334/weights/autoencoder.h5
4s - loss: 0.8571 - acc: 0.7133 - val_loss: 0.6785 - val_acc: 0.7738
Epoch 131/500
Epoch 00130: val_loss improved from 0.67851 to 0.67151, saving model to autoencoder_experiments/20171206-143334/weights/autoencoder.h5
4s - loss: 0.8447 - acc: 0.7163 - val_loss: 0.6715 - val_acc: 0.7740
Epoch 132/500
Epoch 00131: val_loss did not improve
4s - loss: 0.8442 - acc: 0.7172 - val_loss: 0.6740 - val_acc: 0.7766
Epoch 133/500
Epoch 00132: val_loss improved from 0.67151 to 0.66377, saving model to autoencoder_experiments/20171206-143334/weights/autoencoder.h5
4s - loss: 0.8414 - acc: 0.7190 - val_loss: 0.6638 - val_acc: 0.7775
Epoch 134/500
Epoch 00133: val_loss improved from 0.66377 to 0.65609, saving model to autoencoder_experiments/20171206-143334/weights/autoencoder.h5
4s - loss: 0.8462 - acc: 0.7165 - val_loss: 0.6561 - val_acc: 0.7803
Epoch 135/500
Epoch 00134: val_loss improved from 0.65609 to 0.64858, saving model to autoencoder_experiments/20171206-143334/weights/autoencoder.h5
4s - loss: 0.8284 - acc: 0.7206 - val_loss: 0.6486 - val_acc: 0.7822
Epoch 136/500
Epoch 00135: val_loss did not improve
4s - loss: 0.8301 - acc: 0.7211 - val_loss: 0.6578 - val_acc: 0.7792
Epoch 137/500
Epoch 00136: val_loss did not improve
3s - loss: 0.8261 - acc: 0.7233 - val_loss: 0.6641 - val_acc: 0.7765
Epoch 138/500
Epoch 00137: val_loss improved from 0.64858 to 0.64563, saving model to autoencoder_experiments/20171206-143334/weights/autoencoder.h5
4s - loss: 0.8348 - acc: 0.7206 - val_loss: 0.6456 - val_acc: 0.7833
Epoch 139/500
Epoch 00138: val_loss did not improve
3s - loss: 0.8211 - acc: 0.7253 - val_loss: 0.6522 - val_acc: 0.7821
Epoch 140/500
Epoch 00139: val_loss improved from 0.64563 to 0.63806, saving model to autoencoder_experiments/20171206-143334/weights/autoencoder.h5
4s - loss: 0.8198 - acc: 0.7247 - val_loss: 0.6381 - val_acc: 0.7861
Epoch 141/500
Epoch 00140: val_loss did not improve
4s - loss: 0.8161 - acc: 0.7262 - val_loss: 0.6433 - val_acc: 0.7855
Epoch 142/500
Epoch 00141: val_loss improved from 0.63806 to 0.63217, saving model to autoencoder_experiments/20171206-143334/weights/autoencoder.h5
4s - loss: 0.8106 - acc: 0.7284 - val_loss: 0.6322 - val_acc: 0.7884
Epoch 143/500
Epoch 00142: val_loss did not improve
4s - loss: 0.8106 - acc: 0.7282 - val_loss: 0.6397 - val_acc: 0.7866
Epoch 144/500
Epoch 00143: val_loss improved from 0.63217 to 0.62891, saving model to autoencoder_experiments/20171206-143334/weights/autoencoder.h5
4s - loss: 0.8146 - acc: 0.7275 - val_loss: 0.6289 - val_acc: 0.7888
Epoch 145/500
Epoch 00144: val_loss improved from 0.62891 to 0.62787, saving model to autoencoder_experiments/20171206-143334/weights/autoencoder.h5
4s - loss: 0.7995 - acc: 0.7302 - val_loss: 0.6279 - val_acc: 0.7899
Epoch 146/500
Epoch 00145: val_loss improved from 0.62787 to 0.62718, saving model to autoencoder_experiments/20171206-143334/weights/autoencoder.h5
4s - loss: 0.7988 - acc: 0.7307 - val_loss: 0.6272 - val_acc: 0.7874
Epoch 147/500
Epoch 00146: val_loss did not improve
4s - loss: 0.8009 - acc: 0.7314 - val_loss: 0.6331 - val_acc: 0.7860
Epoch 148/500
Epoch 00147: val_loss improved from 0.62718 to 0.61794, saving model to autoencoder_experiments/20171206-143334/weights/autoencoder.h5
4s - loss: 0.7984 - acc: 0.7330 - val_loss: 0.6179 - val_acc: 0.7933
Epoch 149/500
Epoch 00148: val_loss did not improve
4s - loss: 0.7905 - acc: 0.7347 - val_loss: 0.6250 - val_acc: 0.7894
Epoch 150/500
Epoch 00149: val_loss improved from 0.61794 to 0.61171, saving model to autoencoder_experiments/20171206-143334/weights/autoencoder.h5
3s - loss: 0.7937 - acc: 0.7344 - val_loss: 0.6117 - val_acc: 0.7939
Epoch 151/500
Epoch 00150: val_loss improved from 0.61171 to 0.59689, saving model to autoencoder_experiments/20171206-143334/weights/autoencoder.h5
4s - loss: 0.7873 - acc: 0.7380 - val_loss: 0.5969 - val_acc: 0.7988
Epoch 152/500
Epoch 00151: val_loss did not improve
4s - loss: 0.7878 - acc: 0.7361 - val_loss: 0.6065 - val_acc: 0.7969
Epoch 153/500
Epoch 00152: val_loss did not improve
4s - loss: 0.7825 - acc: 0.7386 - val_loss: 0.6069 - val_acc: 0.7934
Epoch 154/500
Epoch 00153: val_loss did not improve
3s - loss: 0.7860 - acc: 0.7370 - val_loss: 0.6100 - val_acc: 0.7965
Epoch 155/500
Epoch 00154: val_loss improved from 0.59689 to 0.59603, saving model to autoencoder_experiments/20171206-143334/weights/autoencoder.h5
4s - loss: 0.7795 - acc: 0.7381 - val_loss: 0.5960 - val_acc: 0.8002
Epoch 156/500
Epoch 00155: val_loss improved from 0.59603 to 0.58869, saving model to autoencoder_experiments/20171206-143334/weights/autoencoder.h5
4s - loss: 0.7728 - acc: 0.7400 - val_loss: 0.5887 - val_acc: 0.8004
Epoch 157/500
Epoch 00156: val_loss did not improve
4s - loss: 0.7711 - acc: 0.7399 - val_loss: 0.5913 - val_acc: 0.8005
Epoch 158/500
Epoch 00157: val_loss did not improve
4s - loss: 0.7705 - acc: 0.7420 - val_loss: 0.5904 - val_acc: 0.8027
Epoch 159/500
Epoch 00158: val_loss improved from 0.58869 to 0.58747, saving model to autoencoder_experiments/20171206-143334/weights/autoencoder.h5
4s - loss: 0.7665 - acc: 0.7423 - val_loss: 0.5875 - val_acc: 0.8003
Epoch 160/500
Epoch 00159: val_loss improved from 0.58747 to 0.58700, saving model to autoencoder_experiments/20171206-143334/weights/autoencoder.h5
4s - loss: 0.7610 - acc: 0.7446 - val_loss: 0.5870 - val_acc: 0.8024
Epoch 161/500
Epoch 00160: val_loss improved from 0.58700 to 0.57426, saving model to autoencoder_experiments/20171206-143334/weights/autoencoder.h5
4s - loss: 0.7645 - acc: 0.7443 - val_loss: 0.5743 - val_acc: 0.8090
Epoch 162/500
Epoch 00161: val_loss did not improve
4s - loss: 0.7615 - acc: 0.7442 - val_loss: 0.5796 - val_acc: 0.8069
Epoch 163/500
Epoch 00162: val_loss did not improve
4s - loss: 0.7537 - acc: 0.7476 - val_loss: 0.5749 - val_acc: 0.8086
Epoch 164/500
Epoch 00163: val_loss did not improve
4s - loss: 0.7477 - acc: 0.7488 - val_loss: 0.5755 - val_acc: 0.8064
Epoch 165/500
Epoch 00164: val_loss improved from 0.57426 to 0.56374, saving model to autoencoder_experiments/20171206-143334/weights/autoencoder.h5
4s - loss: 0.7546 - acc: 0.7467 - val_loss: 0.5637 - val_acc: 0.8121
Epoch 166/500
Epoch 00165: val_loss did not improve
4s - loss: 0.7511 - acc: 0.7479 - val_loss: 0.5692 - val_acc: 0.8097
Epoch 167/500
Epoch 00166: val_loss did not improve
4s - loss: 0.7486 - acc: 0.7495 - val_loss: 0.5649 - val_acc: 0.8112
Epoch 168/500
Epoch 00167: val_loss improved from 0.56374 to 0.55897, saving model to autoencoder_experiments/20171206-143334/weights/autoencoder.h5
4s - loss: 0.7426 - acc: 0.7525 - val_loss: 0.5590 - val_acc: 0.8117
Epoch 169/500
Epoch 00168: val_loss improved from 0.55897 to 0.55422, saving model to autoencoder_experiments/20171206-143334/weights/autoencoder.h5
4s - loss: 0.7401 - acc: 0.7508 - val_loss: 0.5542 - val_acc: 0.8155
Epoch 170/500
Epoch 00169: val_loss improved from 0.55422 to 0.54750, saving model to autoencoder_experiments/20171206-143334/weights/autoencoder.h5
4s - loss: 0.7443 - acc: 0.7486 - val_loss: 0.5475 - val_acc: 0.8163
Epoch 171/500
Epoch 00170: val_loss did not improve
3s - loss: 0.7450 - acc: 0.7493 - val_loss: 0.5690 - val_acc: 0.8103
Epoch 172/500
Epoch 00171: val_loss improved from 0.54750 to 0.54553, saving model to autoencoder_experiments/20171206-143334/weights/autoencoder.h5
4s - loss: 0.7351 - acc: 0.7527 - val_loss: 0.5455 - val_acc: 0.8174
Epoch 173/500
Epoch 00172: val_loss did not improve
4s - loss: 0.7314 - acc: 0.7538 - val_loss: 0.5467 - val_acc: 0.8149
Epoch 174/500
Epoch 00173: val_loss improved from 0.54553 to 0.53321, saving model to autoencoder_experiments/20171206-143334/weights/autoencoder.h5
4s - loss: 0.7249 - acc: 0.7554 - val_loss: 0.5332 - val_acc: 0.8230
Epoch 175/500
Epoch 00174: val_loss did not improve
3s - loss: 0.7227 - acc: 0.7576 - val_loss: 0.5558 - val_acc: 0.8128
Epoch 176/500
Epoch 00175: val_loss did not improve
3s - loss: 0.7299 - acc: 0.7560 - val_loss: 0.5336 - val_acc: 0.8213
Epoch 177/500
Epoch 00176: val_loss improved from 0.53321 to 0.52710, saving model to autoencoder_experiments/20171206-143334/weights/autoencoder.h5
4s - loss: 0.7188 - acc: 0.7555 - val_loss: 0.5271 - val_acc: 0.8238
Epoch 178/500
Epoch 00177: val_loss did not improve
4s - loss: 0.7170 - acc: 0.7596 - val_loss: 0.5294 - val_acc: 0.8209
Epoch 179/500
Epoch 00178: val_loss did not improve
4s - loss: 0.7199 - acc: 0.7580 - val_loss: 0.5421 - val_acc: 0.8199
Epoch 180/500
Epoch 00179: val_loss did not improve
4s - loss: 0.7207 - acc: 0.7582 - val_loss: 0.5340 - val_acc: 0.8204
Epoch 181/500
Epoch 00180: val_loss did not improve
4s - loss: 0.7122 - acc: 0.7604 - val_loss: 0.5383 - val_acc: 0.8198
Epoch 182/500
Epoch 00181: val_loss improved from 0.52710 to 0.52289, saving model to autoencoder_experiments/20171206-143334/weights/autoencoder.h5
4s - loss: 0.7121 - acc: 0.7611 - val_loss: 0.5229 - val_acc: 0.8238
Epoch 183/500
Epoch 00182: val_loss improved from 0.52289 to 0.52092, saving model to autoencoder_experiments/20171206-143334/weights/autoencoder.h5
4s - loss: 0.7113 - acc: 0.7602 - val_loss: 0.5209 - val_acc: 0.8231
Epoch 184/500
Epoch 00183: val_loss did not improve
4s - loss: 0.7030 - acc: 0.7637 - val_loss: 0.5336 - val_acc: 0.8194
Epoch 185/500
Epoch 00184: val_loss improved from 0.52092 to 0.51979, saving model to autoencoder_experiments/20171206-143334/weights/autoencoder.h5
3s - loss: 0.7026 - acc: 0.7648 - val_loss: 0.5198 - val_acc: 0.8255
Epoch 186/500
Epoch 00185: val_loss did not improve
4s - loss: 0.6997 - acc: 0.7663 - val_loss: 0.5332 - val_acc: 0.8213
Epoch 187/500
Epoch 00186: val_loss improved from 0.51979 to 0.50448, saving model to autoencoder_experiments/20171206-143334/weights/autoencoder.h5
4s - loss: 0.7096 - acc: 0.7626 - val_loss: 0.5045 - val_acc: 0.8335
Epoch 188/500
Epoch 00187: val_loss did not improve
4s - loss: 0.6986 - acc: 0.7666 - val_loss: 0.5072 - val_acc: 0.8300
Epoch 189/500
Epoch 00188: val_loss improved from 0.50448 to 0.50170, saving model to autoencoder_experiments/20171206-143334/weights/autoencoder.h5
3s - loss: 0.6966 - acc: 0.7655 - val_loss: 0.5017 - val_acc: 0.8312
Epoch 190/500
Epoch 00189: val_loss improved from 0.50170 to 0.50019, saving model to autoencoder_experiments/20171206-143334/weights/autoencoder.h5
4s - loss: 0.6920 - acc: 0.7667 - val_loss: 0.5002 - val_acc: 0.8353
Epoch 191/500
Epoch 00190: val_loss did not improve
4s - loss: 0.6952 - acc: 0.7671 - val_loss: 0.5004 - val_acc: 0.8323
Epoch 192/500
Epoch 00191: val_loss improved from 0.50019 to 0.49254, saving model to autoencoder_experiments/20171206-143334/weights/autoencoder.h5
4s - loss: 0.6873 - acc: 0.7686 - val_loss: 0.4925 - val_acc: 0.8355
Epoch 193/500
Epoch 00192: val_loss did not improve
4s - loss: 0.6893 - acc: 0.7687 - val_loss: 0.4927 - val_acc: 0.8362
Epoch 194/500
Epoch 00193: val_loss improved from 0.49254 to 0.48565, saving model to autoencoder_experiments/20171206-143334/weights/autoencoder.h5
4s - loss: 0.6880 - acc: 0.7694 - val_loss: 0.4856 - val_acc: 0.8366
Epoch 195/500
Epoch 00194: val_loss did not improve
4s - loss: 0.6789 - acc: 0.7717 - val_loss: 0.4899 - val_acc: 0.8365
Epoch 196/500
Epoch 00195: val_loss did not improve
4s - loss: 0.6837 - acc: 0.7725 - val_loss: 0.4967 - val_acc: 0.8326
Epoch 197/500
Epoch 00196: val_loss did not improve
4s - loss: 0.6793 - acc: 0.7716 - val_loss: 0.4863 - val_acc: 0.8362
Epoch 198/500
Epoch 00197: val_loss improved from 0.48565 to 0.48527, saving model to autoencoder_experiments/20171206-143334/weights/autoencoder.h5
4s - loss: 0.6777 - acc: 0.7733 - val_loss: 0.4853 - val_acc: 0.8365
Epoch 199/500
Epoch 00198: val_loss improved from 0.48527 to 0.48427, saving model to autoencoder_experiments/20171206-143334/weights/autoencoder.h5
4s - loss: 0.6728 - acc: 0.7726 - val_loss: 0.4843 - val_acc: 0.8384
Epoch 200/500
Epoch 00199: val_loss improved from 0.48427 to 0.47494, saving model to autoencoder_experiments/20171206-143334/weights/autoencoder.h5
4s - loss: 0.6692 - acc: 0.7764 - val_loss: 0.4749 - val_acc: 0.8408
Epoch 201/500
Epoch 00200: val_loss did not improve
4s - loss: 0.6688 - acc: 0.7752 - val_loss: 0.4894 - val_acc: 0.8334
Epoch 202/500
Epoch 00201: val_loss improved from 0.47494 to 0.47319, saving model to autoencoder_experiments/20171206-143334/weights/autoencoder.h5
4s - loss: 0.6646 - acc: 0.7781 - val_loss: 0.4732 - val_acc: 0.8401
Epoch 203/500
Epoch 00202: val_loss did not improve
4s - loss: 0.6679 - acc: 0.7778 - val_loss: 0.4845 - val_acc: 0.8372
Epoch 204/500
Epoch 00203: val_loss did not improve
4s - loss: 0.6601 - acc: 0.7772 - val_loss: 0.4778 - val_acc: 0.8380
Epoch 205/500
Epoch 00204: val_loss improved from 0.47319 to 0.47205, saving model to autoencoder_experiments/20171206-143334/weights/autoencoder.h5
4s - loss: 0.6663 - acc: 0.7781 - val_loss: 0.4721 - val_acc: 0.8420
Epoch 206/500
Epoch 00205: val_loss improved from 0.47205 to 0.46912, saving model to autoencoder_experiments/20171206-143334/weights/autoencoder.h5
4s - loss: 0.6653 - acc: 0.7781 - val_loss: 0.4691 - val_acc: 0.8442
Epoch 207/500
Epoch 00206: val_loss did not improve
4s - loss: 0.6638 - acc: 0.7772 - val_loss: 0.4733 - val_acc: 0.8404
Epoch 208/500
Epoch 00207: val_loss improved from 0.46912 to 0.46687, saving model to autoencoder_experiments/20171206-143334/weights/autoencoder.h5
4s - loss: 0.6666 - acc: 0.7773 - val_loss: 0.4669 - val_acc: 0.8447
Epoch 209/500
Epoch 00208: val_loss improved from 0.46687 to 0.45928, saving model to autoencoder_experiments/20171206-143334/weights/autoencoder.h5
4s - loss: 0.6569 - acc: 0.7806 - val_loss: 0.4593 - val_acc: 0.8460
Epoch 210/500
Epoch 00209: val_loss did not improve
4s - loss: 0.6515 - acc: 0.7815 - val_loss: 0.4701 - val_acc: 0.8441
Epoch 211/500
Epoch 00210: val_loss did not improve
4s - loss: 0.6575 - acc: 0.7801 - val_loss: 0.4700 - val_acc: 0.8423
Epoch 212/500
Epoch 00211: val_loss improved from 0.45928 to 0.45430, saving model to autoencoder_experiments/20171206-143334/weights/autoencoder.h5
4s - loss: 0.6472 - acc: 0.7837 - val_loss: 0.4543 - val_acc: 0.8502
Epoch 213/500
Epoch 00212: val_loss improved from 0.45430 to 0.44466, saving model to autoencoder_experiments/20171206-143334/weights/autoencoder.h5
4s - loss: 0.6499 - acc: 0.7819 - val_loss: 0.4447 - val_acc: 0.8519
Epoch 214/500
Epoch 00213: val_loss did not improve
3s - loss: 0.6421 - acc: 0.7857 - val_loss: 0.4499 - val_acc: 0.8496
Epoch 215/500
Epoch 00214: val_loss improved from 0.44466 to 0.44444, saving model to autoencoder_experiments/20171206-143334/weights/autoencoder.h5
4s - loss: 0.6415 - acc: 0.7848 - val_loss: 0.4444 - val_acc: 0.8534
Epoch 216/500
Epoch 00215: val_loss did not improve
4s - loss: 0.6440 - acc: 0.7839 - val_loss: 0.4555 - val_acc: 0.8448
Epoch 217/500
Epoch 00216: val_loss improved from 0.44444 to 0.43862, saving model to autoencoder_experiments/20171206-143334/weights/autoencoder.h5
3s - loss: 0.6429 - acc: 0.7836 - val_loss: 0.4386 - val_acc: 0.8513
Epoch 218/500
Epoch 00217: val_loss did not improve
4s - loss: 0.6437 - acc: 0.7832 - val_loss: 0.4506 - val_acc: 0.8489
Epoch 219/500
Epoch 00218: val_loss did not improve
4s - loss: 0.6374 - acc: 0.7838 - val_loss: 0.4409 - val_acc: 0.8511
Epoch 220/500
Epoch 00219: val_loss improved from 0.43862 to 0.43374, saving model to autoencoder_experiments/20171206-143334/weights/autoencoder.h5
4s - loss: 0.6317 - acc: 0.7887 - val_loss: 0.4337 - val_acc: 0.8538
Epoch 221/500
Epoch 00220: val_loss did not improve
4s - loss: 0.6382 - acc: 0.7867 - val_loss: 0.4420 - val_acc: 0.8515
Epoch 222/500
Epoch 00221: val_loss did not improve
3s - loss: 0.6317 - acc: 0.7884 - val_loss: 0.4377 - val_acc: 0.8535
Epoch 223/500
Epoch 00222: val_loss improved from 0.43374 to 0.43283, saving model to autoencoder_experiments/20171206-143334/weights/autoencoder.h5
4s - loss: 0.6334 - acc: 0.7877 - val_loss: 0.4328 - val_acc: 0.8571
Epoch 224/500
Epoch 00223: val_loss improved from 0.43283 to 0.43252, saving model to autoencoder_experiments/20171206-143334/weights/autoencoder.h5
3s - loss: 0.6297 - acc: 0.7883 - val_loss: 0.4325 - val_acc: 0.8580
Epoch 225/500
Epoch 00224: val_loss did not improve
3s - loss: 0.6259 - acc: 0.7902 - val_loss: 0.4354 - val_acc: 0.8562
Epoch 226/500
Epoch 00225: val_loss did not improve
4s - loss: 0.6172 - acc: 0.7922 - val_loss: 0.4356 - val_acc: 0.8539
Epoch 227/500
Epoch 00226: val_loss improved from 0.43252 to 0.42770, saving model to autoencoder_experiments/20171206-143334/weights/autoencoder.h5
4s - loss: 0.6255 - acc: 0.7911 - val_loss: 0.4277 - val_acc: 0.8554
Epoch 228/500
Epoch 00227: val_loss improved from 0.42770 to 0.41859, saving model to autoencoder_experiments/20171206-143334/weights/autoencoder.h5
4s - loss: 0.6227 - acc: 0.7908 - val_loss: 0.4186 - val_acc: 0.8604
Epoch 229/500
Epoch 00228: val_loss did not improve
4s - loss: 0.6208 - acc: 0.7930 - val_loss: 0.4251 - val_acc: 0.8590
Epoch 230/500
Epoch 00229: val_loss did not improve
3s - loss: 0.6196 - acc: 0.7927 - val_loss: 0.4240 - val_acc: 0.8595
Epoch 231/500
Epoch 00230: val_loss did not improve
4s - loss: 0.6172 - acc: 0.7937 - val_loss: 0.4195 - val_acc: 0.8599
Epoch 232/500
Epoch 00231: val_loss did not improve
4s - loss: 0.6143 - acc: 0.7941 - val_loss: 0.4202 - val_acc: 0.8600
Epoch 233/500
Epoch 00232: val_loss improved from 0.41859 to 0.41460, saving model to autoencoder_experiments/20171206-143334/weights/autoencoder.h5
3s - loss: 0.6186 - acc: 0.7929 - val_loss: 0.4146 - val_acc: 0.8640
Epoch 234/500
Epoch 00233: val_loss improved from 0.41460 to 0.40985, saving model to autoencoder_experiments/20171206-143334/weights/autoencoder.h5
4s - loss: 0.6184 - acc: 0.7926 - val_loss: 0.4098 - val_acc: 0.8635
Epoch 235/500
Epoch 00234: val_loss did not improve
4s - loss: 0.6142 - acc: 0.7942 - val_loss: 0.4149 - val_acc: 0.8608
Epoch 236/500
Epoch 00235: val_loss did not improve
3s - loss: 0.6161 - acc: 0.7944 - val_loss: 0.4128 - val_acc: 0.8650
Epoch 237/500
Epoch 00236: val_loss did not improve
4s - loss: 0.6094 - acc: 0.7956 - val_loss: 0.4129 - val_acc: 0.8633
Epoch 238/500
Epoch 00237: val_loss did not improve
4s - loss: 0.6126 - acc: 0.7949 - val_loss: 0.4163 - val_acc: 0.8611
Epoch 239/500
Epoch 00238: val_loss improved from 0.40985 to 0.40569, saving model to autoencoder_experiments/20171206-143334/weights/autoencoder.h5
3s - loss: 0.6042 - acc: 0.7979 - val_loss: 0.4057 - val_acc: 0.8639
Epoch 240/500
Epoch 00239: val_loss improved from 0.40569 to 0.40467, saving model to autoencoder_experiments/20171206-143334/weights/autoencoder.h5
4s - loss: 0.6086 - acc: 0.7952 - val_loss: 0.4047 - val_acc: 0.8655
Epoch 241/500
Epoch 00240: val_loss did not improve
4s - loss: 0.6067 - acc: 0.7968 - val_loss: 0.4088 - val_acc: 0.8638
Epoch 242/500
Epoch 00241: val_loss improved from 0.40467 to 0.39937, saving model to autoencoder_experiments/20171206-143334/weights/autoencoder.h5
4s - loss: 0.6031 - acc: 0.7978 - val_loss: 0.3994 - val_acc: 0.8670
Epoch 243/500
Epoch 00242: val_loss did not improve
4s - loss: 0.5955 - acc: 0.8016 - val_loss: 0.4028 - val_acc: 0.8643
Epoch 244/500
Epoch 00243: val_loss did not improve
4s - loss: 0.6001 - acc: 0.7985 - val_loss: 0.4055 - val_acc: 0.8642
Epoch 245/500
Epoch 00244: val_loss did not improve
4s - loss: 0.5916 - acc: 0.8026 - val_loss: 0.4015 - val_acc: 0.8646
Epoch 246/500
Epoch 00245: val_loss improved from 0.39937 to 0.39727, saving model to autoencoder_experiments/20171206-143334/weights/autoencoder.h5
4s - loss: 0.5977 - acc: 0.8017 - val_loss: 0.3973 - val_acc: 0.8680
Epoch 247/500
Epoch 00246: val_loss did not improve
4s - loss: 0.5948 - acc: 0.7993 - val_loss: 0.4039 - val_acc: 0.8641
Epoch 248/500
Epoch 00247: val_loss improved from 0.39727 to 0.39545, saving model to autoencoder_experiments/20171206-143334/weights/autoencoder.h5
4s - loss: 0.5868 - acc: 0.8029 - val_loss: 0.3954 - val_acc: 0.8670
Epoch 249/500
Epoch 00248: val_loss did not improve
4s - loss: 0.5871 - acc: 0.8029 - val_loss: 0.4015 - val_acc: 0.8656
Epoch 250/500
Epoch 00249: val_loss improved from 0.39545 to 0.38945, saving model to autoencoder_experiments/20171206-143334/weights/autoencoder.h5
4s - loss: 0.5931 - acc: 0.8027 - val_loss: 0.3894 - val_acc: 0.8713
Epoch 251/500
Epoch 00250: val_loss improved from 0.38945 to 0.38706, saving model to autoencoder_experiments/20171206-143334/weights/autoencoder.h5
4s - loss: 0.5867 - acc: 0.8029 - val_loss: 0.3871 - val_acc: 0.8728
Epoch 252/500
Epoch 00251: val_loss did not improve
4s - loss: 0.5863 - acc: 0.8042 - val_loss: 0.3930 - val_acc: 0.8712
Epoch 253/500
Epoch 00252: val_loss improved from 0.38706 to 0.38473, saving model to autoencoder_experiments/20171206-143334/weights/autoencoder.h5
4s - loss: 0.5845 - acc: 0.8040 - val_loss: 0.3847 - val_acc: 0.8719
Epoch 254/500
Epoch 00253: val_loss did not improve
3s - loss: 0.5774 - acc: 0.8074 - val_loss: 0.3950 - val_acc: 0.8677
Epoch 255/500
Epoch 00254: val_loss did not improve
4s - loss: 0.5832 - acc: 0.8047 - val_loss: 0.3868 - val_acc: 0.8705
Epoch 256/500
Epoch 00255: val_loss did not improve
3s - loss: 0.5804 - acc: 0.8073 - val_loss: 0.3937 - val_acc: 0.8672
Epoch 257/500
Epoch 00256: val_loss did not improve
4s - loss: 0.5842 - acc: 0.8038 - val_loss: 0.3871 - val_acc: 0.8718
Epoch 258/500
Epoch 00257: val_loss improved from 0.38473 to 0.37415, saving model to autoencoder_experiments/20171206-143334/weights/autoencoder.h5
4s - loss: 0.5758 - acc: 0.8085 - val_loss: 0.3742 - val_acc: 0.8772
Epoch 259/500
Epoch 00258: val_loss did not improve
4s - loss: 0.5801 - acc: 0.8075 - val_loss: 0.3773 - val_acc: 0.8744
Epoch 260/500
Epoch 00259: val_loss did not improve
4s - loss: 0.5716 - acc: 0.8093 - val_loss: 0.3837 - val_acc: 0.8705
Epoch 261/500
Epoch 00260: val_loss improved from 0.37415 to 0.37250, saving model to autoencoder_experiments/20171206-143334/weights/autoencoder.h5
4s - loss: 0.5776 - acc: 0.8082 - val_loss: 0.3725 - val_acc: 0.8760
Epoch 262/500
Epoch 00261: val_loss did not improve
4s - loss: 0.5759 - acc: 0.8058 - val_loss: 0.3867 - val_acc: 0.8692
Epoch 263/500
Epoch 00262: val_loss did not improve
4s - loss: 0.5707 - acc: 0.8071 - val_loss: 0.3795 - val_acc: 0.8744
Epoch 264/500
Epoch 00263: val_loss did not improve
3s - loss: 0.5766 - acc: 0.8070 - val_loss: 0.3786 - val_acc: 0.8719
Epoch 265/500
Epoch 00264: val_loss did not improve
4s - loss: 0.5676 - acc: 0.8092 - val_loss: 0.3799 - val_acc: 0.8719
Epoch 266/500
Epoch 00265: val_loss did not improve
3s - loss: 0.5703 - acc: 0.8082 - val_loss: 0.3764 - val_acc: 0.8744
Epoch 267/500
Epoch 00266: val_loss did not improve
4s - loss: 0.5761 - acc: 0.8082 - val_loss: 0.3806 - val_acc: 0.8718
Epoch 268/500
Epoch 00267: val_loss did not improve
4s - loss: 0.5688 - acc: 0.8087 - val_loss: 0.3854 - val_acc: 0.8707
Epoch 269/500
Epoch 00268: val_loss improved from 0.37250 to 0.36896, saving model to autoencoder_experiments/20171206-143334/weights/autoencoder.h5
4s - loss: 0.5651 - acc: 0.8119 - val_loss: 0.3690 - val_acc: 0.8765
Epoch 270/500
Epoch 00269: val_loss did not improve
4s - loss: 0.5683 - acc: 0.8090 - val_loss: 0.3705 - val_acc: 0.8756
Epoch 271/500
Epoch 00270: val_loss did not improve
4s - loss: 0.5607 - acc: 0.8119 - val_loss: 0.3696 - val_acc: 0.8768
Epoch 272/500
Epoch 00271: val_loss improved from 0.36896 to 0.36618, saving model to autoencoder_experiments/20171206-143334/weights/autoencoder.h5
4s - loss: 0.5593 - acc: 0.8124 - val_loss: 0.3662 - val_acc: 0.8770
Epoch 273/500
Epoch 00272: val_loss improved from 0.36618 to 0.36320, saving model to autoencoder_experiments/20171206-143334/weights/autoencoder.h5
4s - loss: 0.5616 - acc: 0.8130 - val_loss: 0.3632 - val_acc: 0.8802
Epoch 274/500
Epoch 00273: val_loss improved from 0.36320 to 0.35934, saving model to autoencoder_experiments/20171206-143334/weights/autoencoder.h5
4s - loss: 0.5571 - acc: 0.8136 - val_loss: 0.3593 - val_acc: 0.8798
Epoch 275/500
Epoch 00274: val_loss did not improve
4s - loss: 0.5605 - acc: 0.8136 - val_loss: 0.3691 - val_acc: 0.8769
Epoch 276/500
Epoch 00275: val_loss did not improve
4s - loss: 0.5632 - acc: 0.8117 - val_loss: 0.3616 - val_acc: 0.8798
Epoch 277/500
Epoch 00276: val_loss did not improve
4s - loss: 0.5588 - acc: 0.8142 - val_loss: 0.3617 - val_acc: 0.8799
Epoch 278/500
Epoch 00277: val_loss improved from 0.35934 to 0.35639, saving model to autoencoder_experiments/20171206-143334/weights/autoencoder.h5
4s - loss: 0.5524 - acc: 0.8147 - val_loss: 0.3564 - val_acc: 0.8809
Epoch 279/500
Epoch 00278: val_loss improved from 0.35639 to 0.34604, saving model to autoencoder_experiments/20171206-143334/weights/autoencoder.h5
4s - loss: 0.5585 - acc: 0.8145 - val_loss: 0.3460 - val_acc: 0.8851
Epoch 280/500
Epoch 00279: val_loss did not improve
4s - loss: 0.5569 - acc: 0.8153 - val_loss: 0.3698 - val_acc: 0.8763
Epoch 281/500
Epoch 00280: val_loss did not improve
4s - loss: 0.5568 - acc: 0.8131 - val_loss: 0.3536 - val_acc: 0.8815
Epoch 282/500
Epoch 00281: val_loss improved from 0.34604 to 0.34443, saving model to autoencoder_experiments/20171206-143334/weights/autoencoder.h5
4s - loss: 0.5527 - acc: 0.8155 - val_loss: 0.3444 - val_acc: 0.8841
Epoch 283/500
Epoch 00282: val_loss did not improve
4s - loss: 0.5541 - acc: 0.8159 - val_loss: 0.3590 - val_acc: 0.8811
Epoch 284/500
Epoch 00283: val_loss did not improve
3s - loss: 0.5538 - acc: 0.8142 - val_loss: 0.3673 - val_acc: 0.8772
Epoch 285/500
Epoch 00284: val_loss did not improve
4s - loss: 0.5501 - acc: 0.8160 - val_loss: 0.3525 - val_acc: 0.8832
Epoch 286/500
Epoch 00285: val_loss did not improve
4s - loss: 0.5476 - acc: 0.8169 - val_loss: 0.3587 - val_acc: 0.8811
Epoch 287/500
Epoch 00286: val_loss did not improve
4s - loss: 0.5559 - acc: 0.8137 - val_loss: 0.3592 - val_acc: 0.8775
Epoch 288/500
Epoch 00287: val_loss did not improve
4s - loss: 0.5477 - acc: 0.8169 - val_loss: 0.3610 - val_acc: 0.8791
Epoch 289/500
Epoch 00288: val_loss did not improve
3s - loss: 0.5521 - acc: 0.8158 - val_loss: 0.3453 - val_acc: 0.8868
Epoch 290/500
Epoch 00289: val_loss did not improve
3s - loss: 0.5470 - acc: 0.8182 - val_loss: 0.3576 - val_acc: 0.8803
Epoch 291/500
Epoch 00290: val_loss did not improve
4s - loss: 0.5415 - acc: 0.8187 - val_loss: 0.3533 - val_acc: 0.8824
Epoch 292/500
Epoch 00291: val_loss did not improve
4s - loss: 0.5380 - acc: 0.8214 - val_loss: 0.3562 - val_acc: 0.8819
Epoch 293/500
Epoch 00292: val_loss did not improve
3s - loss: 0.5427 - acc: 0.8183 - val_loss: 0.3450 - val_acc: 0.8844
Epoch 294/500
Epoch 00293: val_loss did not improve
4s - loss: 0.5360 - acc: 0.8216 - val_loss: 0.3480 - val_acc: 0.8841
Epoch 295/500
Epoch 00294: val_loss improved from 0.34443 to 0.33944, saving model to autoencoder_experiments/20171206-143334/weights/autoencoder.h5
4s - loss: 0.5434 - acc: 0.8190 - val_loss: 0.3394 - val_acc: 0.8858
Epoch 296/500
Epoch 00295: val_loss did not improve
4s - loss: 0.5431 - acc: 0.8201 - val_loss: 0.3413 - val_acc: 0.8852
Epoch 297/500
Epoch 00296: val_loss did not improve
4s - loss: 0.5358 - acc: 0.8212 - val_loss: 0.3459 - val_acc: 0.8858
Epoch 298/500
Epoch 00297: val_loss improved from 0.33944 to 0.33851, saving model to autoencoder_experiments/20171206-143334/weights/autoencoder.h5
4s - loss: 0.5410 - acc: 0.8188 - val_loss: 0.3385 - val_acc: 0.8876
Epoch 299/500
Epoch 00298: val_loss did not improve
3s - loss: 0.5311 - acc: 0.8216 - val_loss: 0.3430 - val_acc: 0.8856
Epoch 300/500
Epoch 00299: val_loss did not improve
4s - loss: 0.5373 - acc: 0.8211 - val_loss: 0.3389 - val_acc: 0.8870
Epoch 301/500
Epoch 00300: val_loss improved from 0.33851 to 0.33638, saving model to autoencoder_experiments/20171206-143334/weights/autoencoder.h5
4s - loss: 0.5307 - acc: 0.8223 - val_loss: 0.3364 - val_acc: 0.8892
Epoch 302/500
Epoch 00301: val_loss did not improve
3s - loss: 0.5380 - acc: 0.8197 - val_loss: 0.3421 - val_acc: 0.8865
Epoch 303/500
Epoch 00302: val_loss did not improve
3s - loss: 0.5284 - acc: 0.8222 - val_loss: 0.3421 - val_acc: 0.8843
Epoch 304/500
Epoch 00303: val_loss did not improve
4s - loss: 0.5370 - acc: 0.8206 - val_loss: 0.3385 - val_acc: 0.8852
Epoch 305/500
Epoch 00304: val_loss improved from 0.33638 to 0.33611, saving model to autoencoder_experiments/20171206-143334/weights/autoencoder.h5
4s - loss: 0.5308 - acc: 0.8219 - val_loss: 0.3361 - val_acc: 0.8880
Epoch 306/500
Epoch 00305: val_loss improved from 0.33611 to 0.33468, saving model to autoencoder_experiments/20171206-143334/weights/autoencoder.h5
4s - loss: 0.5323 - acc: 0.8223 - val_loss: 0.3347 - val_acc: 0.8894
Epoch 307/500
Epoch 00306: val_loss improved from 0.33468 to 0.33048, saving model to autoencoder_experiments/20171206-143334/weights/autoencoder.h5
4s - loss: 0.5302 - acc: 0.8245 - val_loss: 0.3305 - val_acc: 0.8903
Epoch 308/500
Epoch 00307: val_loss did not improve
4s - loss: 0.5275 - acc: 0.8234 - val_loss: 0.3488 - val_acc: 0.8835
Epoch 309/500
Epoch 00308: val_loss improved from 0.33048 to 0.32815, saving model to autoencoder_experiments/20171206-143334/weights/autoencoder.h5
4s - loss: 0.5332 - acc: 0.8231 - val_loss: 0.3282 - val_acc: 0.8907
Epoch 310/500
Epoch 00309: val_loss improved from 0.32815 to 0.32391, saving model to autoencoder_experiments/20171206-143334/weights/autoencoder.h5
4s - loss: 0.5242 - acc: 0.8244 - val_loss: 0.3239 - val_acc: 0.8917
Epoch 311/500
Epoch 00310: val_loss did not improve
4s - loss: 0.5338 - acc: 0.8218 - val_loss: 0.3314 - val_acc: 0.8905
Epoch 312/500
Epoch 00311: val_loss improved from 0.32391 to 0.32391, saving model to autoencoder_experiments/20171206-143334/weights/autoencoder.h5
3s - loss: 0.5206 - acc: 0.8280 - val_loss: 0.3239 - val_acc: 0.8913
Epoch 313/500
Epoch 00312: val_loss did not improve
3s - loss: 0.5228 - acc: 0.8246 - val_loss: 0.3300 - val_acc: 0.8914
Epoch 314/500
Epoch 00313: val_loss did not improve
4s - loss: 0.5192 - acc: 0.8278 - val_loss: 0.3357 - val_acc: 0.8881
Epoch 315/500
Epoch 00314: val_loss improved from 0.32391 to 0.32188, saving model to autoencoder_experiments/20171206-143334/weights/autoencoder.h5
4s - loss: 0.5217 - acc: 0.8253 - val_loss: 0.3219 - val_acc: 0.8929
Epoch 316/500
Epoch 00315: val_loss improved from 0.32188 to 0.31562, saving model to autoencoder_experiments/20171206-143334/weights/autoencoder.h5
4s - loss: 0.5128 - acc: 0.8285 - val_loss: 0.3156 - val_acc: 0.8953
Epoch 317/500
Epoch 00316: val_loss did not improve
4s - loss: 0.5200 - acc: 0.8277 - val_loss: 0.3346 - val_acc: 0.8898
Epoch 318/500
Epoch 00317: val_loss did not improve
4s - loss: 0.5189 - acc: 0.8273 - val_loss: 0.3229 - val_acc: 0.8943
Epoch 319/500
Epoch 00318: val_loss did not improve
4s - loss: 0.5198 - acc: 0.8264 - val_loss: 0.3226 - val_acc: 0.8934
Epoch 320/500
Epoch 00319: val_loss did not improve
4s - loss: 0.5187 - acc: 0.8277 - val_loss: 0.3454 - val_acc: 0.8820
Epoch 321/500
Epoch 00320: val_loss did not improve
4s - loss: 0.5205 - acc: 0.8257 - val_loss: 0.3196 - val_acc: 0.8938
Epoch 322/500
Epoch 00321: val_loss did not improve
3s - loss: 0.5176 - acc: 0.8284 - val_loss: 0.3241 - val_acc: 0.8932
Epoch 323/500
Epoch 00322: val_loss did not improve
4s - loss: 0.5254 - acc: 0.8258 - val_loss: 0.3191 - val_acc: 0.8962
Epoch 324/500
Epoch 00323: val_loss did not improve
4s - loss: 0.5118 - acc: 0.8311 - val_loss: 0.3341 - val_acc: 0.8879
Epoch 325/500
Epoch 00324: val_loss did not improve
4s - loss: 0.5148 - acc: 0.8280 - val_loss: 0.3199 - val_acc: 0.8940
Epoch 326/500
Epoch 00325: val_loss improved from 0.31562 to 0.31467, saving model to autoencoder_experiments/20171206-143334/weights/autoencoder.h5
4s - loss: 0.5195 - acc: 0.8257 - val_loss: 0.3147 - val_acc: 0.8961
Epoch 327/500
Epoch 00326: val_loss did not improve
4s - loss: 0.5085 - acc: 0.8303 - val_loss: 0.3216 - val_acc: 0.8930
Epoch 328/500
Epoch 00327: val_loss improved from 0.31467 to 0.30905, saving model to autoencoder_experiments/20171206-143334/weights/autoencoder.h5
4s - loss: 0.5095 - acc: 0.8311 - val_loss: 0.3091 - val_acc: 0.8980
Epoch 329/500
Epoch 00328: val_loss did not improve
4s - loss: 0.5069 - acc: 0.8315 - val_loss: 0.3232 - val_acc: 0.8910
Epoch 330/500
Epoch 00329: val_loss did not improve
3s - loss: 0.5061 - acc: 0.8309 - val_loss: 0.3109 - val_acc: 0.8963
Epoch 331/500
Epoch 00330: val_loss did not improve
3s - loss: 0.5051 - acc: 0.8324 - val_loss: 0.3115 - val_acc: 0.8965
Epoch 332/500
Epoch 00331: val_loss did not improve
4s - loss: 0.5077 - acc: 0.8317 - val_loss: 0.3191 - val_acc: 0.8933
Epoch 333/500
Epoch 00332: val_loss did not improve
4s - loss: 0.5038 - acc: 0.8311 - val_loss: 0.3186 - val_acc: 0.8934
Epoch 334/500
Epoch 00333: val_loss did not improve
3s - loss: 0.5085 - acc: 0.8320 - val_loss: 0.3155 - val_acc: 0.8972
Epoch 335/500
Epoch 00334: val_loss did not improve
4s - loss: 0.5024 - acc: 0.8317 - val_loss: 0.3107 - val_acc: 0.8962
Epoch 336/500
Epoch 00335: val_loss did not improve
3s - loss: 0.5006 - acc: 0.8332 - val_loss: 0.3099 - val_acc: 0.8977
Epoch 337/500
Epoch 00336: val_loss did not improve
4s - loss: 0.5055 - acc: 0.8335 - val_loss: 0.3105 - val_acc: 0.8988
Epoch 338/500
Epoch 00337: val_loss did not improve
3s - loss: 0.5016 - acc: 0.8327 - val_loss: 0.3175 - val_acc: 0.8942
Epoch 339/500
Epoch 00338: val_loss improved from 0.30905 to 0.30743, saving model to autoencoder_experiments/20171206-143334/weights/autoencoder.h5
4s - loss: 0.5042 - acc: 0.8313 - val_loss: 0.3074 - val_acc: 0.8973
Epoch 340/500
Epoch 00339: val_loss improved from 0.30743 to 0.30478, saving model to autoencoder_experiments/20171206-143334/weights/autoencoder.h5
3s - loss: 0.5048 - acc: 0.8328 - val_loss: 0.3048 - val_acc: 0.8994
Epoch 341/500
Epoch 00340: val_loss did not improve
4s - loss: 0.5018 - acc: 0.8340 - val_loss: 0.3060 - val_acc: 0.8999
Epoch 342/500
Epoch 00341: val_loss improved from 0.30478 to 0.29893, saving model to autoencoder_experiments/20171206-143334/weights/autoencoder.h5
4s - loss: 0.4977 - acc: 0.8345 - val_loss: 0.2989 - val_acc: 0.9023
Epoch 343/500
Epoch 00342: val_loss did not improve
4s - loss: 0.4969 - acc: 0.8350 - val_loss: 0.3194 - val_acc: 0.8950
Epoch 344/500
Epoch 00343: val_loss did not improve
3s - loss: 0.4957 - acc: 0.8339 - val_loss: 0.3096 - val_acc: 0.8961
Epoch 345/500
Epoch 00344: val_loss did not improve
4s - loss: 0.5044 - acc: 0.8326 - val_loss: 0.3003 - val_acc: 0.9012
Epoch 346/500
Epoch 00345: val_loss did not improve
4s - loss: 0.4981 - acc: 0.8349 - val_loss: 0.3082 - val_acc: 0.8983
Epoch 347/500
Epoch 00346: val_loss did not improve
4s - loss: 0.5037 - acc: 0.8339 - val_loss: 0.3091 - val_acc: 0.8975
Epoch 348/500
Epoch 00347: val_loss did not improve
3s - loss: 0.5048 - acc: 0.8327 - val_loss: 0.3127 - val_acc: 0.8968
Epoch 349/500
Epoch 00348: val_loss did not improve
4s - loss: 0.4927 - acc: 0.8359 - val_loss: 0.3078 - val_acc: 0.8976
Epoch 350/500
Epoch 00349: val_loss did not improve
4s - loss: 0.4983 - acc: 0.8336 - val_loss: 0.3116 - val_acc: 0.8953
Epoch 351/500
Epoch 00350: val_loss did not improve
4s - loss: 0.4934 - acc: 0.8358 - val_loss: 0.3123 - val_acc: 0.8949
Epoch 352/500
Epoch 00351: val_loss did not improve
4s - loss: 0.4909 - acc: 0.8358 - val_loss: 0.3059 - val_acc: 0.8965
Epoch 353/500
Epoch 00352: val_loss improved from 0.29893 to 0.29609, saving model to autoencoder_experiments/20171206-143334/weights/autoencoder.h5
4s - loss: 0.4925 - acc: 0.8370 - val_loss: 0.2961 - val_acc: 0.9010
Epoch 354/500
Epoch 00353: val_loss did not improve
4s - loss: 0.4840 - acc: 0.8380 - val_loss: 0.2965 - val_acc: 0.9013
Epoch 355/500
Epoch 00354: val_loss did not improve
4s - loss: 0.4889 - acc: 0.8387 - val_loss: 0.3010 - val_acc: 0.9014
Epoch 356/500
Epoch 00355: val_loss did not improve
4s - loss: 0.4899 - acc: 0.8377 - val_loss: 0.3034 - val_acc: 0.8977
Epoch 357/500
Epoch 00356: val_loss did not improve
4s - loss: 0.4913 - acc: 0.8364 - val_loss: 0.3028 - val_acc: 0.8971
Epoch 358/500
Epoch 00357: val_loss improved from 0.29609 to 0.29284, saving model to autoencoder_experiments/20171206-143334/weights/autoencoder.h5
4s - loss: 0.4907 - acc: 0.8365 - val_loss: 0.2928 - val_acc: 0.9022
Epoch 359/500
Epoch 00358: val_loss did not improve
4s - loss: 0.4848 - acc: 0.8390 - val_loss: 0.3107 - val_acc: 0.8973
Epoch 360/500
Epoch 00359: val_loss did not improve
4s - loss: 0.4860 - acc: 0.8383 - val_loss: 0.3049 - val_acc: 0.8994
Epoch 361/500
Epoch 00360: val_loss did not improve
4s - loss: 0.4854 - acc: 0.8388 - val_loss: 0.3030 - val_acc: 0.8991
Epoch 362/500
Epoch 00361: val_loss did not improve
4s - loss: 0.4855 - acc: 0.8404 - val_loss: 0.2957 - val_acc: 0.9018
Epoch 363/500
Epoch 00362: val_loss did not improve
4s - loss: 0.4881 - acc: 0.8378 - val_loss: 0.3037 - val_acc: 0.8992
Epoch 364/500
Epoch 00363: val_loss did not improve
4s - loss: 0.4867 - acc: 0.8376 - val_loss: 0.3053 - val_acc: 0.8992
Epoch 365/500
Epoch 00364: val_loss did not improve
3s - loss: 0.4868 - acc: 0.8381 - val_loss: 0.2991 - val_acc: 0.9005
Epoch 366/500
Epoch 00365: val_loss improved from 0.29284 to 0.28943, saving model to autoencoder_experiments/20171206-143334/weights/autoencoder.h5
4s - loss: 0.4798 - acc: 0.8409 - val_loss: 0.2894 - val_acc: 0.9052
Epoch 367/500
Epoch 00366: val_loss did not improve
4s - loss: 0.4879 - acc: 0.8393 - val_loss: 0.2938 - val_acc: 0.9034
Epoch 368/500
Epoch 00367: val_loss improved from 0.28943 to 0.28485, saving model to autoencoder_experiments/20171206-143334/weights/autoencoder.h5
4s - loss: 0.4785 - acc: 0.8410 - val_loss: 0.2848 - val_acc: 0.9064
Epoch 369/500
Epoch 00368: val_loss did not improve
3s - loss: 0.4847 - acc: 0.8392 - val_loss: 0.2880 - val_acc: 0.9055
Epoch 370/500
Epoch 00369: val_loss did not improve
3s - loss: 0.4815 - acc: 0.8405 - val_loss: 0.2927 - val_acc: 0.9027
Epoch 371/500
Epoch 00370: val_loss did not improve
4s - loss: 0.4791 - acc: 0.8418 - val_loss: 0.2895 - val_acc: 0.9033
Epoch 372/500
Epoch 00371: val_loss did not improve
3s - loss: 0.4840 - acc: 0.8393 - val_loss: 0.2853 - val_acc: 0.9059
Epoch 373/500
Epoch 00372: val_loss did not improve
4s - loss: 0.4791 - acc: 0.8420 - val_loss: 0.2988 - val_acc: 0.9006
Epoch 374/500
Epoch 00373: val_loss did not improve
4s - loss: 0.4740 - acc: 0.8435 - val_loss: 0.2891 - val_acc: 0.9046
Epoch 375/500
Epoch 00374: val_loss did not improve
4s - loss: 0.4748 - acc: 0.8425 - val_loss: 0.2882 - val_acc: 0.9027
Epoch 376/500
Epoch 00375: val_loss did not improve
4s - loss: 0.4745 - acc: 0.8415 - val_loss: 0.2971 - val_acc: 0.9010
Epoch 377/500
Epoch 00376: val_loss improved from 0.28485 to 0.28304, saving model to autoencoder_experiments/20171206-143334/weights/autoencoder.h5
4s - loss: 0.4809 - acc: 0.8406 - val_loss: 0.2830 - val_acc: 0.9067
Epoch 378/500
Epoch 00377: val_loss did not improve
4s - loss: 0.4728 - acc: 0.8433 - val_loss: 0.2929 - val_acc: 0.9040
Epoch 379/500
Epoch 00378: val_loss did not improve
4s - loss: 0.4770 - acc: 0.8412 - val_loss: 0.2899 - val_acc: 0.9030
Epoch 380/500
Epoch 00379: val_loss did not improve
4s - loss: 0.4705 - acc: 0.8434 - val_loss: 0.2911 - val_acc: 0.9032
Epoch 381/500
Epoch 00380: val_loss improved from 0.28304 to 0.27698, saving model to autoencoder_experiments/20171206-143334/weights/autoencoder.h5
4s - loss: 0.4659 - acc: 0.8458 - val_loss: 0.2770 - val_acc: 0.9099
Epoch 382/500
Epoch 00381: val_loss did not improve
4s - loss: 0.4747 - acc: 0.8424 - val_loss: 0.2929 - val_acc: 0.9020
Epoch 383/500
Epoch 00382: val_loss did not improve
3s - loss: 0.4705 - acc: 0.8435 - val_loss: 0.2851 - val_acc: 0.9058
Epoch 384/500
Epoch 00383: val_loss did not improve
4s - loss: 0.4719 - acc: 0.8422 - val_loss: 0.2955 - val_acc: 0.9019
Epoch 385/500
Epoch 00384: val_loss did not improve
4s - loss: 0.4728 - acc: 0.8425 - val_loss: 0.2821 - val_acc: 0.9066
Epoch 386/500
Epoch 00385: val_loss did not improve
3s - loss: 0.4720 - acc: 0.8446 - val_loss: 0.2912 - val_acc: 0.9019
Epoch 387/500
Epoch 00386: val_loss did not improve
3s - loss: 0.4671 - acc: 0.8456 - val_loss: 0.2855 - val_acc: 0.9051
Epoch 388/500
Epoch 00387: val_loss did not improve
4s - loss: 0.4767 - acc: 0.8438 - val_loss: 0.2881 - val_acc: 0.9042
Epoch 389/500
Epoch 00388: val_loss did not improve
4s - loss: 0.4708 - acc: 0.8446 - val_loss: 0.2829 - val_acc: 0.9064
Epoch 390/500
Epoch 00389: val_loss did not improve
4s - loss: 0.4639 - acc: 0.8441 - val_loss: 0.2815 - val_acc: 0.9065
Epoch 391/500
Epoch 00390: val_loss did not improve
4s - loss: 0.4605 - acc: 0.8483 - val_loss: 0.2787 - val_acc: 0.9087
Epoch 392/500
Epoch 00391: val_loss did not improve
4s - loss: 0.4578 - acc: 0.8475 - val_loss: 0.2799 - val_acc: 0.9053
Epoch 393/500
Epoch 00392: val_loss did not improve
4s - loss: 0.4677 - acc: 0.8452 - val_loss: 0.2868 - val_acc: 0.9053
Epoch 394/500
Epoch 00393: val_loss did not improve
4s - loss: 0.4677 - acc: 0.8437 - val_loss: 0.2833 - val_acc: 0.9058
Epoch 395/500
Epoch 00394: val_loss improved from 0.27698 to 0.27400, saving model to autoencoder_experiments/20171206-143334/weights/autoencoder.h5
4s - loss: 0.4554 - acc: 0.8495 - val_loss: 0.2740 - val_acc: 0.9086
Epoch 396/500
Epoch 00395: val_loss did not improve
4s - loss: 0.4605 - acc: 0.8463 - val_loss: 0.2866 - val_acc: 0.9034
Epoch 397/500
Epoch 00396: val_loss did not improve
4s - loss: 0.4607 - acc: 0.8458 - val_loss: 0.2872 - val_acc: 0.9041
Epoch 398/500
Epoch 00397: val_loss did not improve
3s - loss: 0.4713 - acc: 0.8462 - val_loss: 0.2753 - val_acc: 0.9091
Epoch 399/500
Epoch 00398: val_loss did not improve
3s - loss: 0.4585 - acc: 0.8488 - val_loss: 0.2825 - val_acc: 0.9077
Epoch 400/500
Epoch 00399: val_loss did not improve
4s - loss: 0.4586 - acc: 0.8477 - val_loss: 0.2757 - val_acc: 0.9086
Epoch 401/500
Epoch 00400: val_loss did not improve
4s - loss: 0.4564 - acc: 0.8501 - val_loss: 0.2857 - val_acc: 0.9046
Epoch 402/500
Epoch 00401: val_loss did not improve
4s - loss: 0.4609 - acc: 0.8485 - val_loss: 0.2776 - val_acc: 0.9060
Epoch 403/500
Epoch 00402: val_loss improved from 0.27400 to 0.27345, saving model to autoencoder_experiments/20171206-143334/weights/autoencoder.h5
4s - loss: 0.4653 - acc: 0.8463 - val_loss: 0.2735 - val_acc: 0.9100
Epoch 404/500
Epoch 00403: val_loss did not improve
4s - loss: 0.4548 - acc: 0.8492 - val_loss: 0.2754 - val_acc: 0.9090
Epoch 405/500
Epoch 00404: val_loss improved from 0.27345 to 0.26933, saving model to autoencoder_experiments/20171206-143334/weights/autoencoder.h5
4s - loss: 0.4621 - acc: 0.8477 - val_loss: 0.2693 - val_acc: 0.9129
Epoch 406/500
Epoch 00405: val_loss did not improve
4s - loss: 0.4611 - acc: 0.8468 - val_loss: 0.2719 - val_acc: 0.9115
Epoch 407/500
Epoch 00406: val_loss did not improve
4s - loss: 0.4548 - acc: 0.8481 - val_loss: 0.2710 - val_acc: 0.9105
Epoch 408/500
Epoch 00407: val_loss improved from 0.26933 to 0.26526, saving model to autoencoder_experiments/20171206-143334/weights/autoencoder.h5
4s - loss: 0.4568 - acc: 0.8486 - val_loss: 0.2653 - val_acc: 0.9118
Epoch 409/500
Epoch 00408: val_loss did not improve
4s - loss: 0.4528 - acc: 0.8505 - val_loss: 0.2783 - val_acc: 0.9072
Epoch 410/500
Epoch 00409: val_loss improved from 0.26526 to 0.26506, saving model to autoencoder_experiments/20171206-143334/weights/autoencoder.h5
4s - loss: 0.4519 - acc: 0.8493 - val_loss: 0.2651 - val_acc: 0.9131
Epoch 411/500
Epoch 00410: val_loss did not improve
4s - loss: 0.4551 - acc: 0.8491 - val_loss: 0.2704 - val_acc: 0.9102
Epoch 412/500
Epoch 00411: val_loss did not improve
3s - loss: 0.4538 - acc: 0.8494 - val_loss: 0.2748 - val_acc: 0.9094
Epoch 413/500
Epoch 00412: val_loss did not improve
3s - loss: 0.4583 - acc: 0.8485 - val_loss: 0.2816 - val_acc: 0.9051
Epoch 414/500
Epoch 00413: val_loss did not improve
4s - loss: 0.4627 - acc: 0.8460 - val_loss: 0.2723 - val_acc: 0.9095
Epoch 415/500
Epoch 00414: val_loss did not improve
4s - loss: 0.4611 - acc: 0.8463 - val_loss: 0.2661 - val_acc: 0.9127
Epoch 416/500
Epoch 00415: val_loss did not improve
4s - loss: 0.4500 - acc: 0.8521 - val_loss: 0.2721 - val_acc: 0.9096
Epoch 417/500
Epoch 00416: val_loss improved from 0.26506 to 0.26183, saving model to autoencoder_experiments/20171206-143334/weights/autoencoder.h5
3s - loss: 0.4476 - acc: 0.8530 - val_loss: 0.2618 - val_acc: 0.9146
Epoch 418/500
Epoch 00417: val_loss did not improve
3s - loss: 0.4455 - acc: 0.8525 - val_loss: 0.2651 - val_acc: 0.9124
Epoch 419/500
Epoch 00418: val_loss did not improve
4s - loss: 0.4473 - acc: 0.8534 - val_loss: 0.2721 - val_acc: 0.9107
Epoch 420/500
Epoch 00419: val_loss did not improve
4s - loss: 0.4445 - acc: 0.8529 - val_loss: 0.2689 - val_acc: 0.9110
Epoch 421/500
Epoch 00420: val_loss did not improve
4s - loss: 0.4516 - acc: 0.8501 - val_loss: 0.2682 - val_acc: 0.9118
Epoch 422/500
Epoch 00421: val_loss did not improve
4s - loss: 0.4487 - acc: 0.8507 - val_loss: 0.2680 - val_acc: 0.9106
Epoch 423/500
Epoch 00422: val_loss did not improve
4s - loss: 0.4458 - acc: 0.8524 - val_loss: 0.2624 - val_acc: 0.9149
Epoch 424/500
Epoch 00423: val_loss did not improve
4s - loss: 0.4494 - acc: 0.8518 - val_loss: 0.2738 - val_acc: 0.9070
Epoch 425/500
Epoch 00424: val_loss did not improve
4s - loss: 0.4537 - acc: 0.8511 - val_loss: 0.3013 - val_acc: 0.9008
Epoch 426/500
Epoch 00425: val_loss did not improve
3s - loss: 0.4465 - acc: 0.8529 - val_loss: 0.2696 - val_acc: 0.9091
Epoch 427/500
Epoch 00426: val_loss did not improve
4s - loss: 0.4458 - acc: 0.8529 - val_loss: 0.2679 - val_acc: 0.9123
Epoch 428/500
Epoch 00427: val_loss did not improve
3s - loss: 0.4371 - acc: 0.8538 - val_loss: 0.2717 - val_acc: 0.9112
Epoch 429/500
Epoch 00428: val_loss did not improve
4s - loss: 0.4527 - acc: 0.8507 - val_loss: 0.2664 - val_acc: 0.9127
Epoch 430/500
Epoch 00429: val_loss improved from 0.26183 to 0.25780, saving model to autoencoder_experiments/20171206-143334/weights/autoencoder.h5
4s - loss: 0.4463 - acc: 0.8529 - val_loss: 0.2578 - val_acc: 0.9151
Epoch 431/500
Epoch 00430: val_loss did not improve
4s - loss: 0.4474 - acc: 0.8511 - val_loss: 0.2582 - val_acc: 0.9162
Epoch 432/500
Epoch 00431: val_loss did not improve
3s - loss: 0.4417 - acc: 0.8531 - val_loss: 0.2702 - val_acc: 0.9099
Epoch 433/500
Epoch 00432: val_loss did not improve
4s - loss: 0.4473 - acc: 0.8518 - val_loss: 0.2678 - val_acc: 0.9090
Epoch 434/500
Epoch 00433: val_loss did not improve
5s - loss: 0.4418 - acc: 0.8550 - val_loss: 0.2646 - val_acc: 0.9111
Epoch 435/500
Epoch 00434: val_loss did not improve
4s - loss: 0.4423 - acc: 0.8522 - val_loss: 0.2688 - val_acc: 0.9125
Epoch 436/500
Epoch 00435: val_loss did not improve
5s - loss: 0.4432 - acc: 0.8543 - val_loss: 0.2714 - val_acc: 0.9100
Epoch 437/500
Epoch 00436: val_loss did not improve
4s - loss: 0.4394 - acc: 0.8538 - val_loss: 0.2700 - val_acc: 0.9124
Epoch 438/500
Epoch 00437: val_loss did not improve
4s - loss: 0.4456 - acc: 0.8537 - val_loss: 0.2579 - val_acc: 0.9154
Epoch 439/500
Epoch 00438: val_loss did not improve
4s - loss: 0.4410 - acc: 0.8546 - val_loss: 0.2747 - val_acc: 0.9097
Epoch 440/500
Epoch 00439: val_loss did not improve
4s - loss: 0.4400 - acc: 0.8550 - val_loss: 0.2596 - val_acc: 0.9162
Epoch 441/500
Epoch 00440: val_loss did not improve
4s - loss: 0.4397 - acc: 0.8549 - val_loss: 0.2621 - val_acc: 0.9145
Epoch 442/500
Epoch 00441: val_loss did not improve
4s - loss: 0.4304 - acc: 0.8570 - val_loss: 0.2589 - val_acc: 0.9158
Epoch 443/500
Epoch 00442: val_loss did not improve
4s - loss: 0.4374 - acc: 0.8551 - val_loss: 0.2673 - val_acc: 0.9113
Epoch 444/500
Epoch 00443: val_loss did not improve
4s - loss: 0.4417 - acc: 0.8542 - val_loss: 0.2632 - val_acc: 0.9137
Epoch 445/500
Epoch 00444: val_loss did not improve
4s - loss: 0.4442 - acc: 0.8529 - val_loss: 0.2632 - val_acc: 0.9129
Epoch 446/500
Epoch 00445: val_loss did not improve
4s - loss: 0.4325 - acc: 0.8576 - val_loss: 0.2628 - val_acc: 0.9149
Epoch 447/500
Epoch 00446: val_loss did not improve
4s - loss: 0.4392 - acc: 0.8551 - val_loss: 0.2675 - val_acc: 0.9114
Epoch 448/500
Epoch 00447: val_loss did not improve
4s - loss: 0.4385 - acc: 0.8539 - val_loss: 0.2601 - val_acc: 0.9153
Epoch 449/500
Epoch 00448: val_loss improved from 0.25780 to 0.25312, saving model to autoencoder_experiments/20171206-143334/weights/autoencoder.h5
4s - loss: 0.4272 - acc: 0.8593 - val_loss: 0.2531 - val_acc: 0.9158
Epoch 450/500
Epoch 00449: val_loss did not improve
4s - loss: 0.4371 - acc: 0.8559 - val_loss: 0.2625 - val_acc: 0.9113
Epoch 451/500
Epoch 00450: val_loss did not improve
4s - loss: 0.4371 - acc: 0.8537 - val_loss: 0.2587 - val_acc: 0.9141
Epoch 452/500
Epoch 00451: val_loss did not improve
5s - loss: 0.4331 - acc: 0.8573 - val_loss: 0.2591 - val_acc: 0.9151
Epoch 453/500
Epoch 00452: val_loss improved from 0.25312 to 0.25145, saving model to autoencoder_experiments/20171206-143334/weights/autoencoder.h5
4s - loss: 0.4342 - acc: 0.8564 - val_loss: 0.2515 - val_acc: 0.9187
Epoch 454/500
Epoch 00453: val_loss did not improve
5s - loss: 0.4269 - acc: 0.8582 - val_loss: 0.2621 - val_acc: 0.9124
Epoch 455/500
Epoch 00454: val_loss improved from 0.25145 to 0.25031, saving model to autoencoder_experiments/20171206-143334/weights/autoencoder.h5
4s - loss: 0.4332 - acc: 0.8560 - val_loss: 0.2503 - val_acc: 0.9180
Epoch 456/500
Epoch 00455: val_loss did not improve
4s - loss: 0.4295 - acc: 0.8588 - val_loss: 0.2539 - val_acc: 0.9162
Epoch 457/500
Epoch 00456: val_loss did not improve
3s - loss: 0.4291 - acc: 0.8580 - val_loss: 0.2673 - val_acc: 0.9102
Epoch 458/500
Epoch 00457: val_loss did not improve
4s - loss: 0.4252 - acc: 0.8598 - val_loss: 0.2549 - val_acc: 0.9165
Epoch 459/500
Epoch 00458: val_loss did not improve
4s - loss: 0.4258 - acc: 0.8596 - val_loss: 0.2643 - val_acc: 0.9119
Epoch 460/500
Epoch 00459: val_loss did not improve
3s - loss: 0.4301 - acc: 0.8579 - val_loss: 0.2607 - val_acc: 0.9150
Epoch 461/500
Epoch 00460: val_loss did not improve
4s - loss: 0.4336 - acc: 0.8579 - val_loss: 0.2704 - val_acc: 0.9089
Epoch 462/500
Epoch 00461: val_loss did not improve
3s - loss: 0.4292 - acc: 0.8590 - val_loss: 0.2515 - val_acc: 0.9171
Epoch 463/500
Epoch 00462: val_loss did not improve
3s - loss: 0.4298 - acc: 0.8589 - val_loss: 0.2528 - val_acc: 0.9183
Epoch 464/500
Epoch 00463: val_loss improved from 0.25031 to 0.24817, saving model to autoencoder_experiments/20171206-143334/weights/autoencoder.h5
3s - loss: 0.4281 - acc: 0.8591 - val_loss: 0.2482 - val_acc: 0.9190
Epoch 465/500
Epoch 00464: val_loss improved from 0.24817 to 0.24656, saving model to autoencoder_experiments/20171206-143334/weights/autoencoder.h5
3s - loss: 0.4256 - acc: 0.8585 - val_loss: 0.2466 - val_acc: 0.9202
Epoch 466/500
Epoch 00465: val_loss did not improve
4s - loss: 0.4241 - acc: 0.8599 - val_loss: 0.2531 - val_acc: 0.9173
Epoch 467/500
Epoch 00466: val_loss did not improve
4s - loss: 0.4274 - acc: 0.8590 - val_loss: 0.2549 - val_acc: 0.9169
Epoch 468/500
Epoch 00467: val_loss did not improve
4s - loss: 0.4259 - acc: 0.8603 - val_loss: 0.2506 - val_acc: 0.9175
Epoch 469/500
Epoch 00468: val_loss improved from 0.24656 to 0.24388, saving model to autoencoder_experiments/20171206-143334/weights/autoencoder.h5
4s - loss: 0.4211 - acc: 0.8615 - val_loss: 0.2439 - val_acc: 0.9194
Epoch 470/500
Epoch 00469: val_loss did not improve
4s - loss: 0.4235 - acc: 0.8591 - val_loss: 0.2543 - val_acc: 0.9165
Epoch 471/500
Epoch 00470: val_loss improved from 0.24388 to 0.23912, saving model to autoencoder_experiments/20171206-143334/weights/autoencoder.h5
4s - loss: 0.4188 - acc: 0.8620 - val_loss: 0.2391 - val_acc: 0.9231
Epoch 472/500
Epoch 00471: val_loss did not improve
4s - loss: 0.4244 - acc: 0.8601 - val_loss: 0.2460 - val_acc: 0.9196
Epoch 473/500
Epoch 00472: val_loss did not improve
4s - loss: 0.4196 - acc: 0.8615 - val_loss: 0.2486 - val_acc: 0.9170
Epoch 474/500
Epoch 00473: val_loss did not improve
3s - loss: 0.4265 - acc: 0.8600 - val_loss: 0.2457 - val_acc: 0.9198
Epoch 475/500
Epoch 00474: val_loss did not improve
3s - loss: 0.4286 - acc: 0.8591 - val_loss: 0.2458 - val_acc: 0.9193
Epoch 476/500
Epoch 00475: val_loss did not improve
4s - loss: 0.4217 - acc: 0.8613 - val_loss: 0.2522 - val_acc: 0.9163
Epoch 477/500
Epoch 00476: val_loss did not improve
4s - loss: 0.4251 - acc: 0.8595 - val_loss: 0.2449 - val_acc: 0.9212
Epoch 478/500
Epoch 00477: val_loss did not improve
3s - loss: 0.4181 - acc: 0.8624 - val_loss: 0.2625 - val_acc: 0.9124
Epoch 479/500
Epoch 00478: val_loss did not improve
3s - loss: 0.4254 - acc: 0.8608 - val_loss: 0.2537 - val_acc: 0.9160
Epoch 480/500
Epoch 00479: val_loss did not improve
5s - loss: 0.4229 - acc: 0.8602 - val_loss: 0.2482 - val_acc: 0.9184
Epoch 481/500
Epoch alternative_dgagan.py:359: RuntimeWarning: divide by zero encountered in log
  preds = np.log(preds) / temperature
00480: val_loss did not improve
5s - loss: 0.4198 - acc: 0.8624 - val_loss: 0.2435 - val_acc: 0.9202
Epoch 482/500
Epoch 00481: val_loss did not improve
4s - loss: 0.4184 - acc: 0.8627 - val_loss: 0.2449 - val_acc: 0.9192
Epoch 483/500
Epoch 00482: val_loss improved from 0.23912 to 0.23733, saving model to autoencoder_experiments/20171206-143334/weights/autoencoder.h5
5s - loss: 0.4145 - acc: 0.8621 - val_loss: 0.2373 - val_acc: 0.9239
Epoch 484/500
Epoch 00483: val_loss did not improve
4s - loss: 0.4143 - acc: 0.8635 - val_loss: 0.2566 - val_acc: 0.9166
Epoch 485/500
Epoch 00484: val_loss did not improve
5s - loss: 0.4220 - acc: 0.8612 - val_loss: 0.2395 - val_acc: 0.9219
Epoch 486/500
Epoch 00485: val_loss did not improve
4s - loss: 0.4261 - acc: 0.8598 - val_loss: 0.2584 - val_acc: 0.9141
Epoch 487/500
Epoch 00486: val_loss improved from 0.23733 to 0.23718, saving model to autoencoder_experiments/20171206-143334/weights/autoencoder.h5
5s - loss: 0.4181 - acc: 0.8614 - val_loss: 0.2372 - val_acc: 0.9226
Epoch 488/500
Epoch 00487: val_loss did not improve
4s - loss: 0.4127 - acc: 0.8635 - val_loss: 0.2426 - val_acc: 0.9201
Epoch 489/500
Epoch 00488: val_loss did not improve
4s - loss: 0.4119 - acc: 0.8642 - val_loss: 0.2466 - val_acc: 0.9187
Epoch 490/500
Epoch 00489: val_loss did not improve
4s - loss: 0.4142 - acc: 0.8634 - val_loss: 0.2491 - val_acc: 0.9184
Epoch 491/500
Epoch 00490: val_loss did not improve
5s - loss: 0.4140 - acc: 0.8645 - val_loss: 0.2446 - val_acc: 0.9203
Epoch 492/500
Epoch 00491: val_loss did not improve
5s - loss: 0.4112 - acc: 0.8647 - val_loss: 0.2403 - val_acc: 0.9214
Epoch 493/500
Epoch 00492: val_loss did not improve
4s - loss: 0.4183 - acc: 0.8629 - val_loss: 0.2447 - val_acc: 0.9189
Epoch 494/500
Epoch 00493: val_loss did not improve
4s - loss: 0.4223 - acc: 0.8608 - val_loss: 0.2443 - val_acc: 0.9209
Epoch 495/500
Epoch 00494: val_loss improved from 0.23718 to 0.23597, saving model to autoencoder_experiments/20171206-143334/weights/autoencoder.h5
4s - loss: 0.4096 - acc: 0.8651 - val_loss: 0.2360 - val_acc: 0.9228
Epoch 496/500
Epoch 00495: val_loss did not improve
4s - loss: 0.4224 - acc: 0.8618 - val_loss: 0.2463 - val_acc: 0.9189
Epoch 497/500
Epoch 00496: val_loss did not improve
4s - loss: 0.4121 - acc: 0.8646 - val_loss: 0.2412 - val_acc: 0.9222
Epoch 498/500
Epoch 00497: val_loss did not improve
4s - loss: 0.4119 - acc: 0.8650 - val_loss: 0.2462 - val_acc: 0.9179
Epoch 499/500
Epoch 00498: val_loss did not improve
4s - loss: 0.4131 - acc: 0.8635 - val_loss: 0.2383 - val_acc: 0.9224
Epoch 500/500
Epoch 00499: val_loss did not improve
4s - loss: 0.4060 - acc: 0.8669 - val_loss: 0.2464 - val_acc: 0.9192
X_test
[[[ 0.  0.  0. ...,  0.  0.  0.]
  [ 0.  0.  0. ...,  0.  0.  0.]
  [ 0.  1.  0. ...,  0.  0.  0.]
  ..., 
  [ 0.  0.  0. ...,  0.  0.  0.]
  [ 0.  0.  0. ...,  0.  0.  0.]
  [ 0.  0.  0. ...,  0.  0.  0.]]

 [[ 1.  0.  0. ...,  0.  0.  0.]
  [ 0.  0.  0. ...,  0.  0.  0.]
  [ 0.  0.  0. ...,  0.  0.  0.]
  ..., 
  [ 0.  0.  0. ...,  0.  0.  0.]
  [ 0.  0.  0. ...,  0.  0.  0.]
  [ 0.  0.  0. ...,  0.  0.  0.]]

 [[ 1.  0.  0. ...,  0.  0.  0.]
  [ 0.  0.  0. ...,  0.  0.  0.]
  [ 0.  0.  0. ...,  0.  0.  0.]
  ..., 
  [ 0.  0.  0. ...,  0.  0.  0.]
  [ 0.  0.  0. ...,  0.  0.  0.]
  [ 0.  0.  0. ...,  0.  0.  0.]]

 ..., 
 [[ 1.  0.  0. ...,  0.  0.  0.]
  [ 1.  0.  0. ...,  0.  0.  0.]
  [ 1.  0.  0. ...,  0.  0.  0.]
  ..., 
  [ 0.  0.  0. ...,  0.  0.  0.]
  [ 0.  0.  0. ...,  0.  0.  0.]
  [ 0.  0.  0. ...,  0.  0.  0.]]

 [[ 0.  0.  0. ...,  0.  0.  0.]
  [ 0.  1.  0. ...,  0.  0.  0.]
  [ 0.  0.  0. ...,  0.  0.  0.]
  ..., 
  [ 0.  0.  0. ...,  0.  0.  0.]
  [ 0.  0.  0. ...,  0.  0.  0.]
  [ 0.  0.  0. ...,  0.  0.  0.]]

 [[ 1.  0.  0. ...,  0.  0.  0.]
  [ 1.  0.  0. ...,  0.  0.  0.]
  [ 1.  0.  0. ...,  0.  0.  0.]
  ..., 
  [ 0.  0.  0. ...,  0.  0.  0.]
  [ 0.  0.  0. ...,  0.  0.  0.]
  [ 0.  0.  0. ...,  0.  0.  0.]]]
results
reakingbadstore
veetcaa-forums
writeonsitters
thedroneu
tinkingbootiful
ineetcinacional
kalymnosola
dasha22
vaanet
lessines
eeitabdinncertd
apanstock
ologcorplppmano
hhh-sense
creditera
theyoongframer
vineyardclub
mojoescorts
zl-gong
sky-blog
bioyplus
crated
nobanki
bluenesfiles
utopolis
monetizados
cheaterscircle
aaeetingmasters
venturesquare
legoobagno
hivelives
icinadeclipping
cortracskaleet
cobaratotodfdia
hugform
parlament
happmschools
eternit
plaandcoontries
calendaail-365
onpagesuotool
seosko
fiatcamper
razaosolie
wiycourier
allansflowers
bemergroup
wheem-szze
halynngshengsoo
phytess24
