experiments/20171219-162421
____________________________________________________________________________________________________
Layer (type)                     Output Shape          Param #     Connected to                     
====================================================================================================
Discriminator_Input (InputLayer) (None, 15, 38)        0                                            
____________________________________________________________________________________________________
discr_conv0 (Conv1D)             (None, 15, 20)        1540        Discriminator_Input[0][0]        
____________________________________________________________________________________________________
discr_conv1 (Conv1D)             (None, 15, 10)        1150        Discriminator_Input[0][0]        
____________________________________________________________________________________________________
batch_normalization_1 (BatchNorm (None, 15, 20)        80          discr_conv0[0][0]                
____________________________________________________________________________________________________
batch_normalization_2 (BatchNorm (None, 15, 10)        40          discr_conv1[0][0]                
____________________________________________________________________________________________________
leaky_re_lu_1 (LeakyReLU)        (None, 15, 20)        0           batch_normalization_1[0][0]      
____________________________________________________________________________________________________
leaky_re_lu_2 (LeakyReLU)        (None, 15, 10)        0           batch_normalization_2[0][0]      
____________________________________________________________________________________________________
discr_dropout0 (Dropout)         (None, 15, 20)        0           leaky_re_lu_1[0][0]              
____________________________________________________________________________________________________
discr_dropout1 (Dropout)         (None, 15, 10)        0           leaky_re_lu_2[0][0]              
____________________________________________________________________________________________________
average_pooling1d_1 (AveragePool (None, 7, 20)         0           discr_dropout0[0][0]             
____________________________________________________________________________________________________
average_pooling1d_2 (AveragePool (None, 7, 10)         0           discr_dropout1[0][0]             
____________________________________________________________________________________________________
concatenate_1 (Concatenate)      (None, 7, 30)         0           average_pooling1d_1[0][0]        
                                                                   average_pooling1d_2[0][0]        
____________________________________________________________________________________________________
lstm_1 (LSTM)                    (None, 20)            4080        concatenate_1[0][0]              
____________________________________________________________________________________________________
dense_1 (Dense)                  (None, 1)             21          lstm_1[0][0]                     
====================================================================================================
Total params: 6,911
Trainable params: 6,851
Non-trainable params: 60
____________________________________________________________________________________________________
____________________________________________________________________________________________________
Layer (type)                     Output Shape          Param #     Connected to                     
====================================================================================================
Generator_Input (InputLayer)     (None, 20)            0                                            
____________________________________________________________________________________________________
gen_repeate_vec (RepeatVector)   (None, 15, 20)        0           Generator_Input[0][0]            
____________________________________________________________________________________________________
gen_LSTM (LSTM)                  (None, 15, 38)        8968        gen_repeate_vec[0][0]            
____________________________________________________________________________________________________
dropout_1 (Dropout)              (None, 15, 38)        0           gen_LSTM[0][0]                   
____________________________________________________________________________________________________
gen_conv0 (Conv1D)               (None, 15, 20)        1540        dropout_1[0][0]                  
____________________________________________________________________________________________________
gen_conv1 (Conv1D)               (None, 15, 10)        1150        dropout_1[0][0]                  
____________________________________________________________________________________________________
leaky_re_lu_3 (LeakyReLU)        (None, 15, 20)        0           gen_conv0[0][0]                  
____________________________________________________________________________________________________
leaky_re_lu_4 (LeakyReLU)        (None, 15, 10)        0           gen_conv1[0][0]                  
____________________________________________________________________________________________________
gen_dropout0 (Dropout)           (None, 15, 20)        0           leaky_re_lu_3[0][0]              
____________________________________________________________________________________________________
gen_dropout1 (Dropout)           (None, 15, 10)        0           leaky_re_lu_4[0][0]              
____________________________________________________________________________________________________
concatenate_2 (Concatenate)      (None, 15, 30)        0           gen_dropout0[0][0]               
                                                                   gen_dropout1[0][0]               
____________________________________________________________________________________________________
decoder_end (TimeDistributed)    (None, 15, 38)        1178        concatenate_2[0][0]              
====================================================================================================
Total params: 12,836
Trainable params: 12,836
Non-trainable params: 0
____________________________________________________________________________________________________
_________________________________________________________________
Layer (type)                 Output Shape              Param #   
=================================================================
Generator (Model)            (None, 15, 38)            12836     
_________________________________________________________________
Discriminator (Model)        (None, 1)                 6911      
=================================================================
Total params: 19,747
Trainable params: 19,687
Non-trainable params: 60
_________________________________________________________________
Epoch is 0
Number of batches 174
Batch size: 128
domains_batch size:	(128, 15, 38)
generated domains shape:	(128, 15, 38)
training set shape	(128, 15, 38)
target shape (128, 1)
epoch 0	[ DISC	loss : 0.640199 ]	[ ADV	loss : 0.642495 ]
[0, 0, 0, 0, 1, 1, 2, 2, 1, 1, 1, 1, 1, 1, 1]	aabbaaaaaaa
[0, 0, 0, 0, 1, 1, 1, 1, 1, 1, 1, 1, 1, 1, 1]	aaaaaaaaaaa
[0, 0, 0, 0, 0, 6, 1, 1, 1, 1, 1, 1, 1, 1, 1]	faaaaaaaaa
[0, 0, 0, 0, 1, 2, 1, 1, 1, 1, 1, 1, 1, 1, 1]	abaaaaaaaaa
[0, 0, 0, 0, 1, 2, 1, 1, 1, 1, 1, 1, 1, 1, 1]	abaaaaaaaaa
[0, 0, 0, 0, 0, 1, 15, 1, 1, 1, 1, 1, 1, 1, 1]	aoaaaaaaaa
[0, 0, 11, 11, 11, 18, 18, 18, 18, 18, 11, 18, 18, 11, 18]	kkkrrrrrkrrkr
[0, 0, 0, 0, 0, 0, 11, 12, 11, 11, 11, 18, 18, 18, 11]	klkkkrrrk
[0, 0, 0, 0, 0, 0, 1, 1, 1, 1, 1, 2, 1, 1, 1]	aaaaabaaa
[0, 0, 0, 11, 11, 11, 11, 18, 18, 11, 18, 18, 11, 18, 5]	kkkkrrkrrkre
[0, 0, 0, 0, 1, 1, 1, 1, 1, 1, 1, 1, 1, 1, 1]	aaaaaaaaaaa
[0, 0, 0, 0, 0, 0, 0, 0, 15, 1, 1, 1, 1, 1, 1]	oaaaaaa
[0, 0, 0, 0, 0, 1, 1, 1, 1, 1, 1, 1, 1, 1, 1]	aaaaaaaaaa
[0, 0, 0, 0, 6, 1, 1, 1, 1, 1, 1, 1, 1, 1, 1]	faaaaaaaaaa
[0, 0, 0, 0, 0, 1, 1, 1, 1, 1, 2, 1, 1, 15, 15]	aaaaabaaoo
Epoch is 1
epoch 1	[ DISC	loss : 0.100309 ]	[ ADV	loss : 0.591686 ]
[1, 16, 1, 1, 15, 1, 26, 15, 15, 1, 1, 15, 26, 1, 20]	apaaoazooaaozat
[0, 1, 16, 1, 1, 15, 16, 1, 1, 1, 1, 20, 1, 1, 20]	apaaopaaaataat
[0, 0, 26, 15, 15, 10, 1, 15, 26, 1, 1, 1, 15, 26, 20]	zoojaozaaaozt
[0, 0, 1, 26, 20, 26, 15, 1, 1, 16, 1, 15, 15, 26, 20]	aztzoaapaoozt
[1, 15, 15, 1, 1, 1, 1, 1, 1, 20, 1, 1, 1, 10, 20]	aooaaaaaataaajt
[0, 0, 0, 0, 1, 1, 1, 1, 1, 1, 1, 1, 1, 20, 20]	aaaaaaaaatt
[0, 0, 0, 0, 19, 19, 19, 5, 19, 5, 5, 19, 5, 19, 19]	ssseseesess
[0, 0, 0, 0, 0, 0, 19, 19, 19, 19, 5, 19, 5, 19, 19]	ssssesess
[0, 0, 0, 0, 0, 0, 0, 0, 1, 26, 10, 10, 10, 10, 20]	azjjjjt
[0, 0, 0, 0, 1, 1, 1, 10, 20, 1, 1, 26, 1, 20, 20]	aaajtaazatt
[0, 0, 0, 0, 0, 0, 0, 19, 19, 19, 29, 19, 19, 5, 5]	sss2ssee
[0, 0, 0, 0, 0, 0, 1, 15, 15, 15, 1, 1, 1, 15, 20]	aoooaaaot
[0, 0, 15, 1, 1, 1, 1, 1, 1, 1, 1, 20, 1, 1, 20]	oaaaaaaaataat
[17, 1, 15, 1, 1, 1, 15, 1, 1, 1, 1, 1, 1, 1, 20]	qaoaaaoaaaaaaat
[0, 0, 0, 0, 0, 1, 1, 1, 15, 1, 15, 1, 15, 15, 20]	aaaoaoaoot
Epoch is 2
epoch 2	[ DISC	loss : 2.220505 ]	[ ADV	loss : 0.269971 ]
[0, 0, 0, 0, 0, 0, 24, 24, 24, 24, 24, 24, 24, 24, 24]	xxxxxxxxx
[0, 0, 0, 0, 0, 0, 0, 24, 24, 24, 24, 24, 24, 24, 24]	xxxxxxxx
[0, 0, 0, 0, 0, 24, 24, 24, 24, 24, 24, 24, 24, 24, 24]	xxxxxxxxxx
[0, 0, 0, 0, 0, 24, 24, 24, 24, 24, 24, 24, 24, 24, 24]	xxxxxxxxxx
[0, 0, 0, 0, 0, 24, 24, 24, 24, 24, 24, 24, 24, 24, 24]	xxxxxxxxxx
[0, 5, 4, 19, 19, 14, 14, 19, 14, 14, 14, 19, 19, 14, 19]	edssnnsnnnssns
[0, 0, 0, 0, 0, 24, 24, 24, 24, 24, 24, 24, 24, 24, 24]	xxxxxxxxxx
[0, 0, 0, 0, 0, 0, 24, 24, 24, 24, 24, 24, 24, 24, 24]	xxxxxxxxx
[19, 4, 19, 19, 5, 19, 14, 19, 19, 19, 14, 19, 19, 19, 19]	sdssesnsssnssss
[0, 0, 0, 0, 0, 24, 24, 24, 24, 24, 24, 24, 24, 24, 24]	xxxxxxxxxx
[0, 0, 0, 0, 0, 24, 24, 24, 24, 24, 24, 24, 24, 24, 24]	xxxxxxxxxx
[5, 4, 5, 19, 19, 14, 14, 19, 19, 14, 19, 14, 14, 14, 19]	edessnnssnsnnns
[0, 0, 0, 0, 0, 0, 24, 24, 24, 24, 24, 24, 24, 24, 24]	xxxxxxxxx
[0, 0, 0, 0, 0, 0, 0, 24, 24, 24, 24, 24, 24, 24, 24]	xxxxxxxx
[0, 0, 0, 0, 24, 24, 24, 24, 24, 24, 24, 24, 24, 24, 24]	xxxxxxxxxxx
Epoch is 3
epoch 3	[ DISC	loss : 0.010311 ]	[ ADV	loss : 0.498907 ]
[0, 0, 0, 0, 20, 28, 5, 5, 5, 5, 5, 5, 5, 5, 5]	t1eeeeeeeee
[0, 18, 18, 5, 5, 5, 5, 5, 5, 5, 5, 5, 5, 5, 5]	rreeeeeeeeeeee
[0, 20, 5, 5, 5, 5, 5, 5, 5, 5, 5, 5, 5, 5, 5]	teeeeeeeeeeeee
[0, 0, 0, 0, 3, 36, 36, 36, 36, 36, 36, 36, 36, 36, 3]	c999999999c
[0, 0, 0, 0, 0, 0, 36, 36, 36, 36, 36, 36, 36, 36, 3]	99999999c
[0, 0, 0, 0, 0, 0, 0, 0, 36, 36, 36, 36, 36, 36, 3]	999999c
[0, 0, 0, 0, 0, 0, 36, 36, 36, 36, 36, 36, 36, 36, 3]	99999999c
[20, 5, 5, 5, 5, 5, 5, 5, 5, 5, 5, 5, 5, 5, 5]	teeeeeeeeeeeeee
[0, 0, 0, 0, 0, 0, 30, 36, 36, 36, 36, 36, 36, 36, 3]	39999999c
[20, 20, 5, 5, 5, 5, 5, 5, 5, 5, 5, 5, 5, 5, 5]	tteeeeeeeeeeeee
[0, 0, 0, 0, 0, 36, 36, 36, 36, 36, 36, 36, 36, 36, 3]	999999999c
[20, 9, 5, 5, 5, 5, 5, 5, 5, 5, 5, 5, 5, 5, 5]	tieeeeeeeeeeeee
[0, 0, 0, 0, 0, 0, 36, 36, 36, 36, 36, 36, 36, 36, 3]	99999999c
[0, 0, 0, 0, 0, 0, 36, 36, 36, 36, 36, 36, 36, 36, 3]	99999999c
[0, 0, 0, 0, 0, 0, 0, 30, 3, 36, 36, 36, 36, 36, 3]	3c99999c
D loss too low, failure state. terminating...
