experiments/20171213-133516
Epoch is 0
Number of batches 216
Batch size: 32
domains_batch size:	(32, 15, 38)
generated domains shape:	(32, 15, 38)
training set shape	(32, 15, 38)
target shape (32, 1)
epoch 0	mini-batch 9	[ DISC	loss : 0.708442 ]	[ ADV	loss : 0.621878 ]
Generated sample: ['7000jjjjjjjjjj0', '411111111111111', '0hhhhhhhhhhhhh1', '99777777777777e', 'ne9997777777771'] 
epoch 0	mini-batch 19	[ DISC	loss : 0.707642 ]	[ ADV	loss : 0.615492 ]
Generated sample: ['hhhhhhhiiiiiiii', 'fffaaaaaaaaaaaa', 'jjjjjjjjjjjjjjj', 'yy666666666666h', 'n00000000000005'] 
epoch 0	mini-batch 29	[ DISC	loss : 0.716275 ]	[ ADV	loss : 0.599646 ]
Generated sample: ['11111111111111u', '6666uuuuuuuuuuu', 'hhaaaaaaaaaaaa7', 'ssssssssssssss', '999999777777777'] 
epoch 0	mini-batch 39	[ DISC	loss : 0.717101 ]	[ ADV	loss : 0.574194 ]
Generated sample: ['l77777777777779', 'xxxxxxxxxxxxxx1', 'jjjjjjjjjjjiiia', 'gggggggggggggg7', '44444444444444u'] 
epoch 0	mini-batch 49	[ DISC	loss : 0.727497 ]	[ ADV	loss : 0.574879 ]
Generated sample: ['99999999999999u', 'yyyyyyyyyyyyyy7', 'rrrrrrrrrrrrrru', 'yyyyyyyyyyyyyyh', 'y'] 
epoch 0	mini-batch 59	[ DISC	loss : 0.724413 ]	[ ADV	loss : 0.494925 ]
Generated sample: ['lll111111111116', 'ttttttttttttttu', 'yyyyyyyyyyyyyy4', 'uuuuuuuuuuuuuuu', 'yyyyyyyyyyy9990'] 
epoch 0	mini-batch 69	[ DISC	loss : 0.735320 ]	[ ADV	loss : 0.500873 ]
Generated sample: ['99999999999999d', '1sssssssssssssh', '77777777777777m', 'ssssssssssssssh', 'lllll9999999999'] 
epoch 0	mini-batch 79	[ DISC	loss : 0.734592 ]	[ ADV	loss : 0.468959 ]
Generated sample: ['6uuuuuuuuuuuuuu', 'xxxxxxxxxxxxxxi', 'mmuuuuuuuuuuuuu', '99999999999999i', 'nnnnnnnnnnnnnn5'] 
epoch 0	mini-batch 89	[ DISC	loss : 0.746331 ]	[ ADV	loss : 0.432206 ]
Generated sample: ['00000000000000h', 'ssssssssssssssa', '1ss999999999999', 'qqqqqq777777777', '9oooooooooooooe'] 
epoch 0	mini-batch 99	[ DISC	loss : 0.745077 ]	[ ADV	loss : 0.448719 ]
Generated sample: ['iiiiiiiiiiiiiik', '777777777777776', 'hhhhhhhhhhhhhha', '99999999999999l', 'aaaaaaaaaaaaaaw'] 
epoch 0	mini-batch 109	[ DISC	loss : 0.737806 ]	[ ADV	loss : 0.421251 ]
Generated sample: ['n3333333333333h', '111111111111115', 'rrrrrrrrrrrrrr4', 'qqqtttttttttttt', 'jj2225555550001'] 
epoch 0	mini-batch 119	[ DISC	loss : 0.717085 ]	[ ADV	loss : 0.389991 ]
Generated sample: ['ueeeeeepppppppu', '2jjjjjjjjjjjjj4', '25555555555555t', 'shhhhhhhhhhhhhh', 'uuuufffffffffff'] 
epoch 0	mini-batch 129	[ DISC	loss : 0.726489 ]	[ ADV	loss : 0.330725 ]
Generated sample: ['11111111111111c', '77777777777777h', 'b1111sssssssss1', 'sssssssssssssss', '999999aaaaaaaaa'] 
epoch 0	mini-batch 139	[ DISC	loss : 0.724107 ]	[ ADV	loss : 0.302185 ]
Generated sample: ['5y000000000000s', '99uuuuuuuuuuuux', 'h6666666666666s', 'kkjjjjjjjjjjjj1', 'yjjjjjjjjjjjjj4'] 
epoch 0	mini-batch 149	[ DISC	loss : 0.731098 ]	[ ADV	loss : 0.308562 ]
Generated sample: ['nnnnnnnnnniiiii', 'sssaaaaaaaaaaaa', 'uuiiinnnnnnnnn9', 'ssssssssssssssj', 'jjjjjjjjjjjjjjj'] 
epoch 0	mini-batch 159	[ DISC	loss : 0.663643 ]	[ ADV	loss : 0.220394 ]
Generated sample: ['x11777777777771', 'ffffffffyyyyyys', 'yyyyyyyyyyyyyyp', 'tttt99xxxxxxxxx', 'hhhhhhhhhhhhi'] 
epoch 0	mini-batch 169	[ DISC	loss : 0.648106 ]	[ ADV	loss : 0.311538 ]
Generated sample: ['yyyyyyy', 'r444444sssssss4', 'uuuuuulllllllll', '6666666666hhhhu', 'uuuuuuuuuuuuuuu'] 
epoch 0	mini-batch 179	[ DISC	loss : 0.666326 ]	[ ADV	loss : 0.246237 ]
Generated sample: ['axxxxxxxxxxxxxs', 'sssssssssssssss', 'hhhhhhhhhhhhhhh', 'ruuuuuuuuuuuuu6', 'uuuuuuuuuuuuuu'] 
epoch 0	mini-batch 189	[ DISC	loss : 0.620313 ]	[ ADV	loss : 0.206773 ]
Generated sample: ['nnnnnnnnnnnnnn7', 'hxxxxxxxxxxxxxx', 's0000000000000i', 'uuuuuuuuuuuuuuu', 'h11111111111111'] 
epoch 0	mini-batch 199	[ DISC	loss : 0.563224 ]	[ ADV	loss : 0.238382 ]
Generated sample: ['yy2222222222224', 'sssssssssssssss', 's6666kkkkkkkkkk', 'aaaaaaaaa2', 'ssssssssssssss9'] 
epoch 0	mini-batch 209	[ DISC	loss : 0.565224 ]	[ ADV	loss : 0.181809 ]
Generated sample: ['sskkkkkkkkkkkkx', 'xxuuuuuuuuuuuuu', 'aaaaaaaaaaaaaa7', 'yyycccccccccccj', 'x11111111111111'] 
Epoch is 1
Number of batches 216
epoch 1	mini-batch 9	[ DISC	loss : 0.463737 ]	[ ADV	loss : 0.178709 ]
Generated sample: ['rrrrrrrrrrrrrrx', '666666666666665', 'llllllllllllllu', 'naaaaaaaaaaaaaa', 'ssssssssssssssn'] 
epoch 1	mini-batch 19	[ DISC	loss : 0.447938 ]	[ ADV	loss : 0.215731 ]
Generated sample: ['uuyyyyyyyyyyyys', 'sssssssssssssss', '222111111111111', '', '777777777sssss7'] 
epoch 1	mini-batch 29	[ DISC	loss : 0.406979 ]	[ ADV	loss : 0.105917 ]
Generated sample: ['cccccyyyyyyoooe', 'ssssnnnnnnnnnns', 'yyyssssssssssss', 'sssspppppuuuuup', '2rrrr'] 
epoch 1	mini-batch 39	[ DISC	loss : 0.329436 ]	[ ADV	loss : 0.702508 ]
Generated sample: ['111111hhhhhhhhk', 'iiiiii77777777', '11111111111111u', 'yyyyyyyyyyyyyy2', '111111111111111'] 
epoch 1	mini-batch 49	[ DISC	loss : 0.305614 ]	[ ADV	loss : 0.284879 ]
Generated sample: ['ssssssyyyyyyyy', '999999999999999', 'q2777777777777u', 'uuuuuuuuuuuuuuu', 'xxxxxxxxxxxxxu'] 
epoch 1	mini-batch 59	[ DISC	loss : 0.274016 ]	[ ADV	loss : 0.344222 ]
Generated sample: ['ssssssssssssssn', 'nssssssssssssss', '222222222222222', '22777777777777y', 'nnooooooojjjjj'] 
epoch 1	mini-batch 69	[ DISC	loss : 0.241782 ]	[ ADV	loss : 0.037518 ]
Generated sample: ['saasssssaaaaaa7', 'sssssssssssssss', '2', 'rrrr66666660', 'iiiiiiiiiiiu'] 
epoch 1	mini-batch 79	[ DISC	loss : 0.201894 ]	[ ADV	loss : 0.090405 ]
Generated sample: ['444444444444447', 'nnnnnnnnnnnnnna', 'sssssssssssssss', '2', 'ssssssssssssssi'] 
epoch 1	mini-batch 89	[ DISC	loss : 0.186165 ]	[ ADV	loss : 0.554322 ]
Generated sample: ['222', 'snnnnnnnnnnnnna', '777777777777774', '77uuuuuuuuuuuuu', '77ssssssssssss0'] 
epoch 1	mini-batch 99	[ DISC	loss : 0.157256 ]	[ ADV	loss : 0.071183 ]
Generated sample: ['rrrrrsssssssssr', 'siiiiiiiiiiissi', 'ssnnnnnnnnnnnna', '7uuuuuuuuuuuuu', '11111111111'] 
epoch 1	mini-batch 109	[ DISC	loss : 0.140853 ]	[ ADV	loss : 0.031820 ]
Generated sample: ['hhhhh7777777777', 'ssssssssssssss', 'nnnnnnnnnnnnnn7', '2', 'nnnnnnnnnnnnnns'] 
epoch 1	mini-batch 119	[ DISC	loss : 0.100985 ]	[ ADV	loss : 0.024075 ]
Generated sample: ['aaaaaaaaaaaaaaa', '77777777777777', '5', '222222222222222', '22222222222222'] 
epoch 1	mini-batch 129	[ DISC	loss : 0.150966 ]	[ ADV	loss : 0.021038 ]
Generated sample: ['nnnnnnnnnnnnnny', 'rnnnnnnnnnnnnnn', '7', 'sssssssssssssse', '777777777777770'] 
epoch 1	mini-batch 139	[ DISC	loss : 0.087801 ]	[ ADV	loss : 0.031780 ]
Generated sample: ['stttuuuuuuuuuuu', 'ssssssssssssss-', '77777777777777', 'nyyyyyyyyyyyyyy', 'sssssssssssssss'] 
epoch 1	mini-batch 149	[ DISC	loss : 0.083075 ]	[ ADV	loss : 0.052221 ]
Generated sample: ['lllllllll00000r', 'ssssssssssssss7', '777777777777777', '', 'sssssssssssssss'] 
epoch 1	mini-batch 159	[ DISC	loss : 0.058120 ]	[ ADV	loss : 0.025826 ]
Generated sample: ['777777777772', '', 's222nnnnnnnnnnn', 'sssssssssssssss', ''] 
epoch 1	mini-batch 169	[ DISC	loss : 0.057057 ]	[ ADV	loss : 0.008752 ]
Generated sample: ['s0000000000000s', '777777777777772', 's', 'srrrrrrrrrrrrrr', 'aaaaaaaaaaaaaai'] 
epoch 1	mini-batch 179	[ DISC	loss : 0.055522 ]	[ ADV	loss : 0.004977 ]
Generated sample: ['2', 'rrrrr', '1', 'snnnnnnnnnnnnnn', 'yynnnnnnnnnnn'] 
epoch 1	mini-batch 189	[ DISC	loss : 0.042742 ]	[ ADV	loss : 0.019317 ]
Generated sample: ['', 'aaaaaaaaaaaa2', 'aaaaaaaaaaaaaar', '27777777777777', 'nnaaaaaaaaaaaar'] 
epoch 1	mini-batch 199	[ DISC	loss : 0.034248 ]	[ ADV	loss : 0.021340 ]
Generated sample: ['sssssssssssssss', '0', 'yssssssssssssss', '', ''] 
epoch 1	mini-batch 209	[ DISC	loss : 0.035818 ]	[ ADV	loss : 0.020377 ]
Generated sample: ['s00000ssssssssn', 'naaaaaaaaaaaaa7', '27777222222222', 'sssssssssssssss', 'ssssssssssssssn'] 
Epoch is 2
Number of batches 216
epoch 2	mini-batch 9	[ DISC	loss : 0.030455 ]	[ ADV	loss : 0.011118 ]
Generated sample: ['yyyy', '', 'ssssssssssssss', 'jjjjjjjjjjjjjjj', '-666666'] 
epoch 2	mini-batch 19	[ DISC	loss : 0.021683 ]	[ ADV	loss : 0.017431 ]
Generated sample: ['99999999999999u', 'ssssssssssssssn', 'rrrrrrrrrrrrrrj', '77777777777777', '777777777777777'] 
epoch 2	mini-batch 29	[ DISC	loss : 0.025353 ]	[ ADV	loss : 0.003489 ]
Generated sample: ['sssssssssssssss', '', 'uuuuuuuuuuuuu', 'naaaaaaaaaaaaas', 'naaaannnnnnnnna'] 
epoch 2	mini-batch 39	[ DISC	loss : 0.016421 ]	[ ADV	loss : 0.002759 ]
Generated sample: ['44444444444444', '4447', '7tttttttttttttk', 'u', 'sssssssssssssss'] 
epoch 2	mini-batch 49	[ DISC	loss : 0.014674 ]	[ ADV	loss : 0.014143 ]
Generated sample: ['aaaaaaaaaaaaaaa', '999999999999997', 'yyyyyyyyyyy2', 'aaaaaaaaaaaaaa7', ''] 
epoch 2	mini-batch 59	[ DISC	loss : 0.017427 ]	[ ADV	loss : 0.005568 ]
Generated sample: ['sssssssssssssss', 'ssssssssssssss', 'aa111111aaaaa2', '9ssssssssssssss', ''] 
epoch 2	mini-batch 69	[ DISC	loss : 0.014717 ]	[ ADV	loss : 0.011849 ]
Generated sample: ['rrrr', 'uuuuuuuuuuuuu', '777ssssssssssss', '', '77777777777777'] 
epoch 2	mini-batch 79	[ DISC	loss : 0.021913 ]	[ ADV	loss : 0.003365 ]
Generated sample: ['aaaarrrrrrrrrrk', '7777777777777', 'kkkkkkkkkkkkkk', 'sssssssssssssss', '77777777777772'] 
epoch 2	mini-batch 89	[ DISC	loss : 0.008308 ]	[ ADV	loss : 0.042900 ]
Generated sample: ['sssssssssssssss', 'ssssssssssssssc', '444444444444447', 'ssssssssssssssa', 'rrrrrrrc'] 
epoch 2	mini-batch 99	[ DISC	loss : 0.008684 ]	[ ADV	loss : 0.002569 ]
Generated sample: ['rrrrrrrrssssssn', '', 'sscaaaaaaaaaaar', '00sssssssssssss', '7'] 
epoch 2	mini-batch 109	[ DISC	loss : 0.008364 ]	[ ADV	loss : 0.000880 ]
Generated sample: ['nnnnnnnnnnnnnna', 'ssssssssssssssi', 's', 'jjjjjjjjjjjjjii', '77777777777777'] 
epoch 2	mini-batch 119	[ DISC	loss : 0.007189 ]	[ ADV	loss : 0.002515 ]
Generated sample: ['rrrrrrrrrrrrrrr', '777777777777777', 'sssssssssssssss', 'nnnnnnnnnnnnnnk', 'nnnnnnnnnnnnnnn'] 
epoch 2	mini-batch 129	[ DISC	loss : 0.004255 ]	[ ADV	loss : 0.008307 ]
Generated sample: ['ssrrrrrrrrrrrrr', '', 'aaaaaaaaaaaaaar', '', '7'] 
epoch 2	mini-batch 139	[ DISC	loss : 0.004370 ]	[ ADV	loss : 0.005894 ]
Generated sample: ['aaaaaajjjjjjjja', 'aaannnnnnnnnnna', '777777777777777', 'syyyyyyyyyyyyya', 'srnnnnnnnnnnnnn'] 
epoch 2	mini-batch 149	[ DISC	loss : 0.076870 ]	[ ADV	loss : 0.002219 ]
Generated sample: ['sssnnnnnnnnnnne', 'sssssssssssssss', 'nnnnnnnnnnnnnns', '', 'ccaaaaaaaaaaaaa'] 
epoch 2	mini-batch 159	[ DISC	loss : 0.003757 ]	[ ADV	loss : 0.009662 ]
Generated sample: ['', '477777777777777', 'nnnnnnnnnnnnnn7', 'iii1111111111u', '99999999uuuuuu7'] 
epoch 2	mini-batch 169	[ DISC	loss : 0.005448 ]	[ ADV	loss : 0.006957 ]
Generated sample: ['ssssssssssssssi', 'jjjjjjjjjjjjjjr', '', 'nnnnnnnnnnnnnn', '7'] 
epoch 2	mini-batch 179	[ DISC	loss : 0.005554 ]	[ ADV	loss : 1.634845 ]
Generated sample: ['', 'iiiiiiiiiiii', '', 'nnnnnnnnnnnnnna', 'rrrr000000000-'] 
epoch 2	mini-batch 189	[ DISC	loss : 0.004011 ]	[ ADV	loss : 0.045669 ]
Generated sample: ['', 's', 'sssjjjjjjjjjjja', '', 'sssssssssssssss'] 
epoch 2	mini-batch 199	[ DISC	loss : 0.011735 ]	[ ADV	loss : 0.022055 ]
Generated sample: ['0000000sssssssn', 'kkkkkkkkkkkkkki', '7', '', ''] 
epoch 2	mini-batch 209	[ DISC	loss : 0.004714 ]	[ ADV	loss : 0.005761 ]
Generated sample: ['ssssssssssssss', 'ssssssssssssssn', '77777', 'a', ''] 
Epoch is 3
Number of batches 216
epoch 3	mini-batch 9	[ DISC	loss : 0.003118 ]	[ ADV	loss : 0.003703 ]
Generated sample: ['sssssssssssss', 'aaaaaaaaaaaaaa', '', 'i66666ssssssss', ''] 
epoch 3	mini-batch 19	[ DISC	loss : 0.011740 ]	[ ADV	loss : 0.006723 ]
Generated sample: ['nnnnnnnnnnnnnnn', '', 'nnsssssssssssss', 'aaaaaaaaaaaaaaj', 'sssssssssssssse'] 
epoch 3	mini-batch 29	[ DISC	loss : 0.004843 ]	[ ADV	loss : 0.003589 ]
Generated sample: ['c', '777777777777', 'sssssssssssssss', 'naaaaaaaaaaaaai', ''] 
epoch 3	mini-batch 39	[ DISC	loss : 0.007073 ]	[ ADV	loss : 0.008257 ]
Generated sample: ['', 'sssssssssssss', '', 's', ''] 
epoch 3	mini-batch 49	[ DISC	loss : 0.003714 ]	[ ADV	loss : 0.006029 ]
Generated sample: ['nnnnnnnnnnnnnns', 'nnnnnnnnnnnnnnk', 'rrsssssssssssss', 'seettttttttttt6', ''] 
epoch 3	mini-batch 59	[ DISC	loss : 0.004488 ]	[ ADV	loss : 0.005970 ]
Generated sample: ['a777ppppppppppp', 'ssssssssssssssn', '---------------', 'ssssssssssssssi', 'nnnnnnnnnnnnnns'] 
epoch 3	mini-batch 69	[ DISC	loss : 0.005741 ]	[ ADV	loss : 0.001979 ]
Generated sample: ['', '', '', 'sssssssssssssss', 'sssssssssssssss'] 
epoch 3	mini-batch 79	[ DISC	loss : 0.007599 ]	[ ADV	loss : 0.009977 ]
Generated sample: ['snnnnnnnnnnnnna', 'sssssssssssssss', 'nnnnnnnnnnnnnnr', '', 'iiiiiiiiiiiiiii'] 
epoch 3	mini-batch 89	[ DISC	loss : 0.004954 ]	[ ADV	loss : 0.003813 ]
Generated sample: ['nnnnnnnnaaaaaaa', 'jj', '', 'ssssssss', ''] 
epoch 3	mini-batch 99	[ DISC	loss : 0.005269 ]	[ ADV	loss : 0.018066 ]
Generated sample: ['lllll', '', '', 'sssssssssssssss', ''] 
epoch 3	mini-batch 109	[ DISC	loss : 0.003851 ]	[ ADV	loss : 0.001897 ]
Generated sample: ['0ssssssssssssss', '', '', 'jjjjssssssssssa', 'ssssssssssssssn'] 
epoch 3	mini-batch 119	[ DISC	loss : 0.019744 ]	[ ADV	loss : 0.003747 ]
Generated sample: ['', 'nnnnnnnnnnnnnna', 'ccccccccccssssa', '', 'nnnnnnsssssssss'] 
epoch 3	mini-batch 129	[ DISC	loss : 0.003045 ]	[ ADV	loss : 0.009340 ]
Generated sample: ['aaaaaaaaaaaaa', 'nnnnnnnnnnnnnnn', '', 'sssssssssssssss', 'nnnnnnnnnnnnnna'] 
epoch 3	mini-batch 139	[ DISC	loss : 0.005122 ]	[ ADV	loss : 0.001158 ]
Generated sample: ['rrrrrrrrrrrrrrr', '', 'eeeeeeeeeeee', 'u', 'ssssssssssss44a'] 
epoch 3	mini-batch 149	[ DISC	loss : 0.002698 ]	[ ADV	loss : 0.021230 ]
Generated sample: ['arrrrrraaaaaaar', 'ssssssssssssss', '', 'ssssssssssssss-', ''] 
epoch 3	mini-batch 159	[ DISC	loss : 0.009648 ]	[ ADV	loss : 0.002955 ]
Generated sample: ['sssssssssssssss', 'ssjjjjjjjjjjjjj', '', 'ssssssssssssssn', '7'] 
epoch 3	mini-batch 169	[ DISC	loss : 0.079850 ]	[ ADV	loss : 0.001730 ]
Generated sample: ['ssssssssssssssi', '0', 'nnnnnnnnnnnnnns', 'nnnnnnnnnnnnnna', 'sssssssssssssss'] 
epoch 3	mini-batch 179	[ DISC	loss : 0.008267 ]	[ ADV	loss : 0.005420 ]
Generated sample: ['', 's7', 'nnnnnnnnnnnnnnr', 'ssnnnnnnnnnnnnn', 'nsssssssssssssr'] 
epoch 3	mini-batch 189	[ DISC	loss : 0.003319 ]	[ ADV	loss : 0.005006 ]
Generated sample: ['', '', 'ssssssssssssss', 'aaaaaaaaaaaaaar', ''] 
epoch 3	mini-batch 199	[ DISC	loss : 0.002435 ]	[ ADV	loss : 0.001247 ]
Generated sample: ['', 'nnnnnnnnnnnnnna', 'jjjjjjjjjjjjjjs', 'ssssssssssssssj', 'sssssssssss'] 
epoch 3	mini-batch 209	[ DISC	loss : 0.004794 ]	[ ADV	loss : 0.000983 ]
Generated sample: ['', 'assssssssssrrru', '', '6ssssssssssssss', ''] 
Epoch is 4
Number of batches 216
epoch 4	mini-batch 9	[ DISC	loss : 0.002782 ]	[ ADV	loss : 0.006713 ]
Generated sample: ['', 'yyyyyynnnnnnn4', 'jjjjjjjj', '', 'hhhhs'] 
epoch 4	mini-batch 19	[ DISC	loss : 0.002000 ]	[ ADV	loss : 0.001123 ]
Generated sample: ['aaaaaaaaaaa', 'naannnnnnnnnnna', '', '', '44444444444444'] 
epoch 4	mini-batch 29	[ DISC	loss : 0.004415 ]	[ ADV	loss : 0.925059 ]
Generated sample: ['sslll', 'aaaaaaaaaaaaaaa', 'cccnnnnnnnnnnnn', '', ''] 
epoch 4	mini-batch 39	[ DISC	loss : 0.003196 ]	[ ADV	loss : 0.017590 ]
Generated sample: ['', 'aaaaaaaaaaaaa', '', 'ssssssssssssss', '666666666n'] 
epoch 4	mini-batch 49	[ DISC	loss : 0.003998 ]	[ ADV	loss : 0.006621 ]
Generated sample: ['', '', '', '', 'ttttttttttttttr'] 
epoch 4	mini-batch 59	[ DISC	loss : 0.002221 ]	[ ADV	loss : 0.005945 ]
Generated sample: ['', '', '', '', '--------------'] 
epoch 4	mini-batch 69	[ DISC	loss : 0.002730 ]	[ ADV	loss : 0.007216 ]
Generated sample: ['jjjjjsssssssss4', 'nnnnnnnnnnnnnn7', '', '', 'jjaaaaaaaaaaaa'] 
epoch 4	mini-batch 79	[ DISC	loss : 0.010420 ]	[ ADV	loss : 0.001450 ]
Generated sample: ['', 'ttttttttttttttl', 'aaaaaaaaaaaaaa', '', ''] 
epoch 4	mini-batch 89	[ DISC	loss : 0.006938 ]	[ ADV	loss : 0.048452 ]
Generated sample: ['', '', 'aaaaaaaaaaaaaaa', '4rrrrrrrrrrrrrr', 'sssssssssssssse'] 
epoch 4	mini-batch 99	[ DISC	loss : 0.002692 ]	[ ADV	loss : 0.005462 ]
Generated sample: ['', '', '0ssssssssssssss', '', 'ssssssssssts'] 
epoch 4	mini-batch 109	[ DISC	loss : 0.015714 ]	[ ADV	loss : 0.018504 ]
Generated sample: ['llllllllllllll', '', '', '', ''] 
epoch 4	mini-batch 119	[ DISC	loss : 0.008704 ]	[ ADV	loss : 0.001438 ]
Generated sample: ['rrrrrrrrrrrrrr', 'snnnnnnnnnnnnna', '77777777777777', '1111ssssssssssn', ''] 
epoch 4	mini-batch 129	[ DISC	loss : 0.002958 ]	[ ADV	loss : 0.003675 ]
Generated sample: ['nnnnnnnnnnnnnns', 'rrrssssssssssss', '7', '', 'sssssssssssssss'] 
epoch 4	mini-batch 139	[ DISC	loss : 0.002141 ]	[ ADV	loss : 0.001904 ]
Generated sample: ['sssssssssssss', 'sssssssssssssss', 'sss', '', ''] 
epoch 4	mini-batch 149	[ DISC	loss : 0.002097 ]	[ ADV	loss : 0.001562 ]
Generated sample: ['ssssssssssssssn', 'aaaaaaaaaa7', 'ssss', '', ''] 
epoch 4	mini-batch 159	[ DISC	loss : 0.004192 ]	[ ADV	loss : 0.002039 ]
Generated sample: ['aaaaaaaaaaaaaas', 'sssssssssssssss', 'sisssssssssssss', 'sssssssssssssss', 'ii6666611111aa1'] 
epoch 4	mini-batch 169	[ DISC	loss : 0.002677 ]	[ ADV	loss : 0.001434 ]
Generated sample: ['aaaaaaaaaaaaaaa', 'aaaaaaaaaaaaaaa', '99999999999999s', '', ''] 
epoch 4	mini-batch 179	[ DISC	loss : 0.001238 ]	[ ADV	loss : 0.004106 ]
Generated sample: ['ajjjjjj', 'stttsssssssssse', '', '', 'gggggpppppppppe'] 
epoch 4	mini-batch 189	[ DISC	loss : 0.002848 ]	[ ADV	loss : 0.047794 ]
Generated sample: ['', '', '', 'yyyyyyyyyyyyy', ''] 
epoch 4	mini-batch 199	[ DISC	loss : 0.005687 ]	[ ADV	loss : 0.000729 ]
Generated sample: ['ssssssssssssssa', '', '', '', ''] 
epoch 4	mini-batch 209	[ DISC	loss : 0.028555 ]	[ ADV	loss : 0.004879 ]
Generated sample: ['', '', 'ssssssssssssss', '', ''] 
Epoch is 5
Number of batches 216
epoch 5	mini-batch 9	[ DISC	loss : 0.007666 ]	[ ADV	loss : 0.008892 ]
Generated sample: ['nnnjjjjjjjjjjjs', '', '', 'ssssss11111111', 'jjjjj'] 
epoch 5	mini-batch 19	[ DISC	loss : 0.006817 ]	[ ADV	loss : 0.003227 ]
Generated sample: ['', 'iiiiiiiiiiiiiik', '', 'sssssssssssssss', ''] 
epoch 5	mini-batch 29	[ DISC	loss : 0.002294 ]	[ ADV	loss : 0.003411 ]
Generated sample: ['ansssssssssssss', '', '', 'sssssssssssssss', 'iiiiaaaannnnnn'] 
epoch 5	mini-batch 39	[ DISC	loss : 0.001374 ]	[ ADV	loss : 0.008231 ]
Generated sample: ['nnnnnnnnnnnnnns', 'sssssssssssssss', 'aaaaaaaaaaaaaa', 'nnnnnnn', 'ssssssssssssssa'] 
epoch 5	mini-batch 49	[ DISC	loss : 0.001287 ]	[ ADV	loss : 0.001084 ]
Generated sample: ['', 'aaaaaaaaaaaaaaa', 'lls', '', 'ssssssssssssss4'] 
epoch 5	mini-batch 59	[ DISC	loss : 0.008432 ]	[ ADV	loss : 0.003977 ]
Generated sample: ['ssssssssssssssn', '', 'nnnnnnnnnnnnnns', 'ssssssssssssss', 'nnnnnnnnnnnnnnx'] 
epoch 5	mini-batch 69	[ DISC	loss : 0.002181 ]	[ ADV	loss : 0.000735 ]
Generated sample: ['jjjjjjjjjjjjja', '', '', 'ssssssssssssss-', 'annnnnnnnnnnnns'] 
epoch 5	mini-batch 79	[ DISC	loss : 0.002572 ]	[ ADV	loss : 0.001809 ]
Generated sample: ['', '', 'snnnnnnnnnnnnnr', '', 'rrrrrrrrrrrrrra'] 
epoch 5	mini-batch 89	[ DISC	loss : 0.002436 ]	[ ADV	loss : 0.002976 ]
Generated sample: ['ssssssssssssss', 'nnnnnnnnnnnnnna', '', 'ttttttttttttl', ''] 
epoch 5	mini-batch 99	[ DISC	loss : 0.001392 ]	[ ADV	loss : 0.006759 ]
Generated sample: ['', '', '', '', 'aaaaaaaaaaaaaaa'] 
epoch 5	mini-batch 109	[ DISC	loss : 0.001734 ]	[ ADV	loss : 0.014676 ]
Generated sample: ['nnnnnnnnnnnnnna', 'rtttttttttttttn', 'nnnnnnnnnnnnnnn', 'sssssssssssssss', 'i6ttttttttttttt'] 
epoch 5	mini-batch 119	[ DISC	loss : 0.002139 ]	[ ADV	loss : 0.023660 ]
Generated sample: ['', 'sssssss', 'sssssssssssssss', '6666666666n', ''] 
epoch 5	mini-batch 129	[ DISC	loss : 0.004134 ]	[ ADV	loss : 0.001071 ]
Generated sample: ['0ssssssssssc', '', 'nnnnnnnnnnnnnns', 'jjjjjjjjjjjjjja', ''] 
epoch 5	mini-batch 139	[ DISC	loss : 0.006418 ]	[ ADV	loss : 0.003692 ]
Generated sample: ['nnnnnnnnnnnnnna', '', '', '', 'nnnnnnnnnnnnnnr'] 
epoch 5	mini-batch 149	[ DISC	loss : 0.002503 ]	[ ADV	loss : 0.000262 ]
Generated sample: ['aaaaaaaaaaaa', '', '0000000000000u', '', 'aaaaaaaaaaaaaaa'] 
epoch 5	mini-batch 159	[ DISC	loss : 0.001573 ]	[ ADV	loss : 0.005368 ]
Generated sample: ['lllllllllllu', 'sssssssssssssse', '', '', ''] 
epoch 5	mini-batch 169	[ DISC	loss : 0.001191 ]	[ ADV	loss : 0.000943 ]
Generated sample: ['', 'ssssssssssssssj', 'nnnnnnnnnnnnnnn', 'jjjjjjjjjs', 'jjjjaaaaaaaaaar'] 
epoch 5	mini-batch 179	[ DISC	loss : 0.001923 ]	[ ADV	loss : 0.002891 ]
Generated sample: ['sssssrrrrrrrrrz', 'aaaaaaaaaaaaa', 'ssssssssssssssn', '', 'yyy------------'] 
epoch 5	mini-batch 189	[ DISC	loss : 0.001670 ]	[ ADV	loss : 0.001688 ]
Generated sample: ['aaaaaaaaaa', '', 'nnnnnnnnnnnnnns', 'itttttttttttttk', ''] 
epoch 5	mini-batch 199	[ DISC	loss : 0.001354 ]	[ ADV	loss : 0.001114 ]
Generated sample: ['', '', '', 'sssssssssssssc', ''] 
epoch 5	mini-batch 209	[ DISC	loss : 0.001963 ]	[ ADV	loss : 0.001636 ]
Generated sample: ['', 'rrrrrrrrrrrrk', 'rrrrrjjrrrrrrr4', 'jjjjjjjjjjjjj', 'rrrrrrrrrrrrrr4'] 
Epoch is 6
Number of batches 216
epoch 6	mini-batch 9	[ DISC	loss : 0.015422 ]	[ ADV	loss : 0.002217 ]
Generated sample: ['ssssssssssllll', '', '', 'aaaaaaaaaaaaaaa', 'ssssssssssssssn'] 
epoch 6	mini-batch 19	[ DISC	loss : 0.001489 ]	[ ADV	loss : 0.028055 ]
Generated sample: ['', 's', 'sssssssss', 'sssssssssssssss', ''] 
epoch 6	mini-batch 29	[ DISC	loss : 0.000992 ]	[ ADV	loss : 0.002686 ]
Generated sample: ['', 'sssssssssssss', 'nnnnnnnnnnnnnnj', 'nnnnnnnnnnnnnna', ''] 
epoch 6	mini-batch 39	[ DISC	loss : 0.004077 ]	[ ADV	loss : 0.003673 ]
Generated sample: ['ssssssssssssssn', 'sssssssssssss', '', 's', ''] 
epoch 6	mini-batch 49	[ DISC	loss : 0.001100 ]	[ ADV	loss : 0.001124 ]
Generated sample: ['ssssssssssssssn', '', 'ss-------------', '', ''] 
epoch 6	mini-batch 59	[ DISC	loss : 0.001365 ]	[ ADV	loss : 0.001280 ]
Generated sample: ['aaaaaaaaaaaaaaa', '', 'aaaaaaaaaaaaaaj', '', ''] 
epoch 6	mini-batch 69	[ DISC	loss : 0.001321 ]	[ ADV	loss : 0.000410 ]
Generated sample: ['', 'c44444444444', 'nnnnnnrrrrrrrrr', 'jiiiiiiiiiiii', ''] 
epoch 6	mini-batch 79	[ DISC	loss : 0.001184 ]	[ ADV	loss : 0.000215 ]
Generated sample: ['ymmmmmmmmmmmmmn', 'ssssssss', '', 's-ssssssssssss-', ''] 
epoch 6	mini-batch 89	[ DISC	loss : 0.001571 ]	[ ADV	loss : 0.000971 ]
Generated sample: ['ssssssssssssss4', '', 'sssssssssssssss', 'ssssssssssssss-', 'sssssssssssssss'] 
epoch 6	mini-batch 99	[ DISC	loss : 0.001715 ]	[ ADV	loss : 0.001690 ]
Generated sample: ['', '', 'ss4444', 'nnnnnnnnnnnnnn7', 'ssssssssssssssn'] 
epoch 6	mini-batch 109	[ DISC	loss : 0.001364 ]	[ ADV	loss : 0.000361 ]
Generated sample: ['', '', 'iiiiii', 'rsssssssssssss', ''] 
epoch 6	mini-batch 119	[ DISC	loss : 0.002155 ]	[ ADV	loss : 0.000822 ]
Generated sample: ['', '', '', 'rsssssssssssssn', 'sssnnnnnnnnnnne'] 
epoch 6	mini-batch 129	[ DISC	loss : 0.001488 ]	[ ADV	loss : 0.000335 ]
Generated sample: ['', '--0000000000004', 'nnnnnnnnnnnnnnn', '', 'ssssssssssssssn'] 
epoch 6	mini-batch 139	[ DISC	loss : 0.001940 ]	[ ADV	loss : 0.000713 ]
Generated sample: ['aaaaaaaaaaaaaaa', 'sssssssssssssss', 'sssssssssssssss', '', 'sssssssssssssss'] 
epoch 6	mini-batch 149	[ DISC	loss : 0.001790 ]	[ ADV	loss : 0.000753 ]
Generated sample: ['ssspppppppppppp', '', '', 'ttttttttttttttn', ''] 
epoch 6	mini-batch 159	[ DISC	loss : 0.002127 ]	[ ADV	loss : 0.000564 ]
Generated sample: ['', '', 'naaannnnnnnnnna', 'aaaaaannnnnnnna', ''] 
epoch 6	mini-batch 169	[ DISC	loss : 0.001599 ]	[ ADV	loss : 0.000825 ]
Generated sample: ['', 'cyaa77777777777', '', 'cccccccccccccca', ''] 
epoch 6	mini-batch 179	[ DISC	loss : 0.001279 ]	[ ADV	loss : 0.000502 ]
Generated sample: ['nnnnnnnnnnnnnns', '', 'aaaaaaaaaaaa', '', 'nnnnnnns'] 
epoch 6	mini-batch 189	[ DISC	loss : 0.000768 ]	[ ADV	loss : 0.000959 ]
Generated sample: ['', '777777777777774', 'nnnnnnnnnnnnn', 'nnnnnnnnnnnnnnn', 'aaaaaaaaaaaaaa'] 
epoch 6	mini-batch 199	[ DISC	loss : 0.031068 ]	[ ADV	loss : 0.000107 ]
Generated sample: ['', 'ssssssssssss', '', '', 'ssssssssssssssn'] 
epoch 6	mini-batch 209	[ DISC	loss : 0.072132 ]	[ ADV	loss : 0.001391 ]
Generated sample: ['ssssssssssssssn', 'sssssssssssssss', '', '', ''] 
Epoch is 7
Number of batches 216
epoch 7	mini-batch 9	[ DISC	loss : 0.001494 ]	[ ADV	loss : 0.000566 ]
Generated sample: ['aaaaaaaaaaaa', '', '', '', 'jjjjjjjjjjjjjs'] 
epoch 7	mini-batch 19	[ DISC	loss : 0.002872 ]	[ ADV	loss : 0.005168 ]
Generated sample: ['', 'sssssssssssssss', '', '', 'aaaaaaaaaaaaaau'] 
epoch 7	mini-batch 29	[ DISC	loss : 0.001176 ]	[ ADV	loss : 0.001487 ]
Generated sample: ['aaaaaaaaaaaaa', '', '', '', 'ssssnnnnnnnnnna'] 
epoch 7	mini-batch 39	[ DISC	loss : 0.000886 ]	[ ADV	loss : 0.002123 ]
Generated sample: ['sssssssssssssss', 'ssssssssssssssn', 'sssssssssssssss', 'sssssss', 'iiiiiiiiiiiiii'] 
epoch 7	mini-batch 49	[ DISC	loss : 0.036371 ]	[ ADV	loss : 0.001346 ]
Generated sample: ['ssssssssssssssk', '', 'sssnnnnnnnnnnna', '', '4pppppppppppps'] 
epoch 7	mini-batch 59	[ DISC	loss : 0.002899 ]	[ ADV	loss : 0.000600 ]
Generated sample: ['', 'ssssssssssssss', 'rrrrsssssssssss', '', ''] 
epoch 7	mini-batch 69	[ DISC	loss : 0.000499 ]	[ ADV	loss : 0.000750 ]
Generated sample: ['aaaaaaaaaaaaaar', 'sssssssssssssss', '', '', 'snnnnnnnnnnnnnn'] 
epoch 7	mini-batch 79	[ DISC	loss : 0.001038 ]	[ ADV	loss : 0.000380 ]
Generated sample: ['', 'ssssssssssssssa', '', 'ssssssssssssssn', 'jjjjjjjjjjjjj7'] 
epoch 7	mini-batch 89	[ DISC	loss : 0.000605 ]	[ ADV	loss : 0.002326 ]
Generated sample: ['', '', 'sssssssssssss', 'ssssssssssssn', ''] 
epoch 7	mini-batch 99	[ DISC	loss : 0.001300 ]	[ ADV	loss : 0.000948 ]
Generated sample: ['1', '--s-----------', 'ssssssssssssssa', '0000', ''] 
epoch 7	mini-batch 109	[ DISC	loss : 0.000625 ]	[ ADV	loss : 0.002516 ]
Generated sample: ['nnnnnnnnnsssssn', '', '44444444444444', '', '1111111111111'] 
epoch 7	mini-batch 119	[ DISC	loss : 0.001565 ]	[ ADV	loss : 0.002304 ]
Generated sample: ['aaaaaaaaaaaaa7', '', '', 'aaaaajjjjjjjjjj', 'ssssssssssssssj'] 
epoch 7	mini-batch 129	[ DISC	loss : 0.001106 ]	[ ADV	loss : 0.018234 ]
Generated sample: ['', '4', 'nnnnnnnnnnnnnne', 'nnnnnnnnnnnnnnn', 'sssssssssssssss'] 
epoch 7	mini-batch 139	[ DISC	loss : 0.000871 ]	[ ADV	loss : 0.000870 ]
Generated sample: ['sssssssssssssse', 'tttt999999999', 'iiiiiiiiiiiiiii', 'nnnsssssssssssn', 'ssssssssssssssn'] 
epoch 7	mini-batch 149	[ DISC	loss : 0.000613 ]	[ ADV	loss : 0.002820 ]
Generated sample: ['', 'nnnnnnnnnaaaa', 'sssssssssssssss', '', 'sssssssssssssss'] 
epoch 7	mini-batch 159	[ DISC	loss : 0.000681 ]	[ ADV	loss : 0.000513 ]
Generated sample: ['jjjjjjjjjjjjjj', '', 'jaaaaaaaaaaaaaa', '', ''] 
epoch 7	mini-batch 169	[ DISC	loss : 0.013140 ]	[ ADV	loss : 0.000130 ]
Generated sample: ['', 'aaasssssssssssi', '', 'sssssssssssssse', ''] 
epoch 7	mini-batch 179	[ DISC	loss : 0.001516 ]	[ ADV	loss : 0.000341 ]
Generated sample: ['', 'nnggggggggggggr', '', '', 'naaaaaaaaaaaaaa'] 
epoch 7	mini-batch 189	[ DISC	loss : 0.000675 ]	[ ADV	loss : 0.000636 ]
Generated sample: ['', '', 'aaaaaaaaaaaaaaa', '', 'sssssssssssssss'] 
epoch 7	mini-batch 199	[ DISC	loss : 0.000591 ]	[ ADV	loss : 0.002112 ]
Generated sample: ['ssssssnnnnnnnnn', 'ssssssssssssssa', '66666ssssssn', 'nnaaaaaaaaaaaaa', 's'] 
epoch 7	mini-batch 209	[ DISC	loss : 0.000943 ]	[ ADV	loss : 0.000129 ]
Generated sample: ['', 's', '00sssssssssssss', '', ''] 
Epoch is 8
Number of batches 216
epoch 8	mini-batch 9	[ DISC	loss : 0.000975 ]	[ ADV	loss : 0.000130 ]
Generated sample: ['', 'aaaaaaaaaaaaaak', 'ssssrrrrrrrrrrr', '', ''] 
epoch 8	mini-batch 19	[ DISC	loss : 0.000452 ]	[ ADV	loss : 0.003818 ]
Generated sample: ['sssssssssssssst', '', 'ssssssssssi', 'aaaaannnnnnnnna', ''] 
epoch 8	mini-batch 29	[ DISC	loss : 0.000712 ]	[ ADV	loss : 0.001992 ]
Generated sample: ['sssssssssssssss', '', '', '', 'rr4'] 
epoch 8	mini-batch 39	[ DISC	loss : 0.000713 ]	[ ADV	loss : 0.000140 ]
Generated sample: ['lllllllllllll', 'nntttttttttttte', 'aaaaaaaaaaaaaae', 'rrrrrrrrrrrrrrj', ''] 
epoch 8	mini-batch 49	[ DISC	loss : 0.000455 ]	[ ADV	loss : 0.000135 ]
Generated sample: ['666ssssssssssn', 'ccaaaaaaaaaaaaj', 'ssssssssssssssn', 'ssssssssssssssn', ''] 
epoch 8	mini-batch 59	[ DISC	loss : 0.000878 ]	[ ADV	loss : 0.000236 ]
Generated sample: ['666666666666', 'nnnnnnnnnnnnnn', 'aaa44', 'sssssssssssssss', '666666666666666'] 
epoch 8	mini-batch 69	[ DISC	loss : 0.000763 ]	[ ADV	loss : 0.000743 ]
Generated sample: ['aaaaaaaaaaaaaaa', '', '', 'nnnnnnnnnnnnnn4', 'sssssssssssssa'] 
epoch 8	mini-batch 79	[ DISC	loss : 0.000472 ]	[ ADV	loss : 0.000175 ]
Generated sample: ['-0000000-----s', '', '', '', 'iiiiiiiiiiiii'] 
epoch 8	mini-batch 89	[ DISC	loss : 0.010729 ]	[ ADV	loss : 0.000491 ]
Generated sample: ['', 'caaaaaaaaaaaaaa', 'nnnnnnnnnnnnnnr', '', ''] 
epoch 8	mini-batch 99	[ DISC	loss : 0.158598 ]	[ ADV	loss : 0.000275 ]
Generated sample: ['', '', '44444444444444a', '', 'saaaaassssssssa'] 
epoch 8	mini-batch 109	[ DISC	loss : 0.001477 ]	[ ADV	loss : 0.000066 ]
Generated sample: ['ssssssssssssssa', '', '', 'saaaaaaaaaaaaaa', 'nnnnnnnnnnnnnnj'] 
epoch 8	mini-batch 119	[ DISC	loss : 0.000987 ]	[ ADV	loss : 0.000348 ]
Generated sample: ['', '', '', 'nnnnnaaaaaaaaaa', ''] 
epoch 8	mini-batch 129	[ DISC	loss : 0.001134 ]	[ ADV	loss : 0.001690 ]
Generated sample: ['cccccccccccj', '', 'sssssssssssssss', 'nnnjjjjjjjjjjjs', 'nnnnnnnnnnnnnna'] 
epoch 8	mini-batch 139	[ DISC	loss : 0.000444 ]	[ ADV	loss : 0.000082 ]
Generated sample: ['s', 'sssssssssssssss', 'ssssssssssssss7', '66666666ttttth', 'ssssssssssssssa'] 
epoch 8	mini-batch 149	[ DISC	loss : 0.000534 ]	[ ADV	loss : 0.000138 ]
Generated sample: ['0mmmmmmmmmmmmmj', '', '', 'aaaaaaaaaaaaaaa', ''] 
epoch 8	mini-batch 159	[ DISC	loss : 0.000605 ]	[ ADV	loss : 0.000085 ]
Generated sample: ['', 'ssssssssssssssj', 'sssssssssssssss', 'nnnnnnssssssss', ''] 
epoch 8	mini-batch 169	[ DISC	loss : 0.000641 ]	[ ADV	loss : 0.000118 ]
Generated sample: ['rrrrrrrrrrr', '', 'aaaaaaaaaaaaaae', '', 'jjjjjjjjjjjjj'] 
epoch 8	mini-batch 179	[ DISC	loss : 0.209588 ]	[ ADV	loss : 0.000207 ]
Generated sample: ['ssaaaaaaaaaaaaa', 'nsssssssssssss4', '', '', ''] 
epoch 8	mini-batch 189	[ DISC	loss : 0.000603 ]	[ ADV	loss : 0.001992 ]
Generated sample: ['assssssssssssss', '', 'ssssssssssssssn', '', '00000sssssssssn'] 
epoch 8	mini-batch 199	[ DISC	loss : 0.001600 ]	[ ADV	loss : 0.000542 ]
Generated sample: ['', 'ssssssssssssssa', '7tttttttttttts', '', 'njsssssssssssss'] 
epoch 8	mini-batch 209	[ DISC	loss : 0.000564 ]	[ ADV	loss : 0.000930 ]
Generated sample: ['nnnnnnnnnnnnna', 'jjjjjjjjjjjjjjr', 'aaaaaaaaaaa', '', '-ssssjjjjjjjjjj'] 
Epoch is 9
Number of batches 216
epoch 9	mini-batch 9	[ DISC	loss : 0.001180 ]	[ ADV	loss : 0.000835 ]
Generated sample: ['ssnnnaaaaaaaaaa', 'y6666666666666s', '6666666661', 'nnnnnnnnnnnnnn-', '--------'] 
epoch 9	mini-batch 19	[ DISC	loss : 0.000722 ]	[ ADV	loss : 0.007478 ]
Generated sample: ['nnnssssssssssss', 'cccccccccccccc', 'sssss', '', 'jjjjjjjjjjjjjjs'] 
epoch 9	mini-batch 29	[ DISC	loss : 0.000643 ]	[ ADV	loss : 0.000359 ]
Generated sample: ['n77777777777777', '', 'nnnnnnnnnnnnnnn', 'aaaaaaaaaaaaaaa', ''] 
epoch 9	mini-batch 39	[ DISC	loss : 0.000247 ]	[ ADV	loss : 0.004167 ]
Generated sample: ['aaaaaaaaaaaaaaa', '', '', '', ''] 
epoch 9	mini-batch 49	[ DISC	loss : 0.001001 ]	[ ADV	loss : 0.001392 ]
Generated sample: ['', '', '', 'sssssssssssss', ''] 
epoch 9	mini-batch 59	[ DISC	loss : 0.000394 ]	[ ADV	loss : 0.001239 ]
Generated sample: ['', 'iijjjjjjjjjjjj', 'aaaaaaaaaaaaaal', 'naaaaaaaaaaaaaa', 'nnnnnnnnnnnnnn'] 
epoch 9	mini-batch 69	[ DISC	loss : 0.000378 ]	[ ADV	loss : 0.000783 ]
Generated sample: ['ssssssssssssssn', 'arrrrrrrrrrrrr7', 'nnnnnnnnnnnssss', '', 'snnnnnnnnnnnnnn'] 
epoch 9	mini-batch 79	[ DISC	loss : 0.000670 ]	[ ADV	loss : 0.000180 ]
Generated sample: ['nnnnnnnnnnnnnnn', '', 'aaaaaaaaaaaaaaa', 'sssss', 'jjjjjjjjjjjjjj'] 
epoch 9	mini-batch 89	[ DISC	loss : 0.000500 ]	[ ADV	loss : 0.000320 ]
Generated sample: ['', 'ccccjjjjjjjjjjj', 'sssnnnnnnnnnnns', 'ssssssssssssss', 's000000rrrrrrra'] 
epoch 9	mini-batch 99	[ DISC	loss : 0.001185 ]	[ ADV	loss : 0.001242 ]
Generated sample: ['', 'sssssssssssssss', 'nnaaaaaaaaaaaaj', 'ssssssssssssssj', 'sssssssssssssss'] 
epoch 9	mini-batch 109	[ DISC	loss : 0.000580 ]	[ ADV	loss : 0.000545 ]
Generated sample: ['', 'sssaarrrrrrrrrr', '', 'nnnnnnnnnnnnnn4', ''] 
epoch 9	mini-batch 119	[ DISC	loss : 0.000669 ]	[ ADV	loss : 0.000241 ]
Generated sample: ['', '', 'njjjjjjjjjjjjj', 'nnnnnnnnnnnnnnn', 'sssssssssssssss'] 
epoch 9	mini-batch 129	[ DISC	loss : 0.000633 ]	[ ADV	loss : 0.000192 ]
Generated sample: ['lsssssssssssl', '00nnnnnnnnnnnnn', '', '', 'ysssssssssssss'] 
epoch 9	mini-batch 139	[ DISC	loss : 0.000353 ]	[ ADV	loss : 0.000084 ]
Generated sample: ['444444444444444', '', '', '------------6', ''] 
epoch 9	mini-batch 149	[ DISC	loss : 0.000949 ]	[ ADV	loss : 0.000718 ]
Generated sample: ['ssssssssssssssn', 'ssss', '', '', ''] 
epoch 9	mini-batch 159	[ DISC	loss : 0.000602 ]	[ ADV	loss : 0.000206 ]
Generated sample: ['naaaaaaaaaaaaa7', 'aaaaaaaaaaaaaa', '', '', ''] 
epoch 9	mini-batch 169	[ DISC	loss : 0.000922 ]	[ ADV	loss : 0.000740 ]
Generated sample: ['', 'sssssssssssssl', '', '', ''] 
epoch 9	mini-batch 179	[ DISC	loss : 0.000679 ]	[ ADV	loss : 0.000039 ]
Generated sample: ['ssssssssssssssj', 'aeesssssssssss4', '', '', 'aaaaaaaaaaaaa'] 
epoch 9	mini-batch 189	[ DISC	loss : 0.000580 ]	[ ADV	loss : 0.000661 ]
Generated sample: ['iikkkkkkkkkk', 'sjjjjjjjjjjjjjr', '', '', ''] 
epoch 9	mini-batch 199	[ DISC	loss : 0.000629 ]	[ ADV	loss : 0.000232 ]
Generated sample: ['', '777777777', 'aaaaaaaaaaaaaaa', '', 'ssssskkkkkkkkkn'] 
epoch 9	mini-batch 209	[ DISC	loss : 0.000647 ]	[ ADV	loss : 0.000506 ]
Generated sample: ['', 'ssssssss', 's', 'sssaaaaaaaaaaaa', ''] 
Epoch is 10
Number of batches 216
epoch 10	mini-batch 9	[ DISC	loss : 0.000705 ]	[ ADV	loss : 0.000145 ]
Generated sample: ['', '', 'aaaaaaaaaaaaaa', '', '-----oooooooooe'] 
epoch 10	mini-batch 19	[ DISC	loss : 0.000501 ]	[ ADV	loss : 0.000034 ]
Generated sample: ['------------', '', '', 'nnnnnnnnnnnnnnn', ''] 
epoch 10	mini-batch 29	[ DISC	loss : 0.000381 ]	[ ADV	loss : 0.000159 ]
Generated sample: ['---jjjjjjjjjjjj', '', '', 'n7777777777777', 'ksssseeeeeeeeee'] 
epoch 10	mini-batch 39	[ DISC	loss : 0.000874 ]	[ ADV	loss : 0.000137 ]
Generated sample: ['', '', 'sssssssssssssss', '', ''] 
epoch 10	mini-batch 49	[ DISC	loss : 0.001199 ]	[ ADV	loss : 0.000087 ]
Generated sample: ['nnnnnnnnnnnnnnn', 'rrrrrrrrrrra', 'nnnnnnnnnnnnnne', 'ssssssssssssssn', 'ssssssssssssssi'] 
epoch 10	mini-batch 59	[ DISC	loss : 0.000796 ]	[ ADV	loss : 0.000108 ]
Generated sample: ['', 'aaaaaaaaaaaaaaa', 'yyyyyyyyssssss', '', ''] 
epoch 10	mini-batch 69	[ DISC	loss : 0.000410 ]	[ ADV	loss : 0.000225 ]
Generated sample: ['jjjjjjjjjjjjjj', 'i666sssssssssss', 'nsssssssssssss', '', 'aaaaa'] 
epoch 10	mini-batch 79	[ DISC	loss : 0.000519 ]	[ ADV	loss : 0.000048 ]
Generated sample: ['', 's', '', '', ''] 
epoch 10	mini-batch 89	[ DISC	loss : 0.000503 ]	[ ADV	loss : 0.000195 ]
Generated sample: ['ssssssi', '', 'aaaaaaaaaaaaaa', 'ssssssjjjjjjjjj', ''] 
epoch 10	mini-batch 99	[ DISC	loss : 0.000342 ]	[ ADV	loss : 0.000056 ]
Generated sample: ['aaaaaaaannnnnnn', 'sssssssssssssss', '', 'naaaaaaaaaaaaae', ''] 
epoch 10	mini-batch 109	[ DISC	loss : 0.000555 ]	[ ADV	loss : 0.001861 ]
Generated sample: ['', '', 'nnnnnnnnssssssn', '', ''] 
epoch 10	mini-batch 119	[ DISC	loss : 0.000522 ]	[ ADV	loss : 0.000345 ]
Generated sample: ['', 'aeeeeeeeeeeee', 'nnaaaaaaaaaaaa', '4444444444444', 'ssssssssssssssn'] 
epoch 10	mini-batch 129	[ DISC	loss : 0.000382 ]	[ ADV	loss : 0.000171 ]
Generated sample: ['', '', 's', 'ssssssssssssssp', 'aaaaaaaaaaaaaaa'] 
epoch 10	mini-batch 139	[ DISC	loss : 0.000455 ]	[ ADV	loss : 0.000171 ]
Generated sample: ['l', 'sssssssssssssss', '----------', '', 'sssss444444444'] 
epoch 10	mini-batch 149	[ DISC	loss : 0.000775 ]	[ ADV	loss : 0.000253 ]
Generated sample: ['-nnnnnnnnnnnnnj', 'ssssssssssssssi', 'nnnnnnn66666666', 'aaaaaaaaaaaaaaa', 'aaaaassssssssss'] 
epoch 10	mini-batch 159	[ DISC	loss : 0.000922 ]	[ ADV	loss : 0.000392 ]
Generated sample: ['', 's', 'nnnnnnnnnnnnnnn', '', ''] 
epoch 10	mini-batch 169	[ DISC	loss : 0.000542 ]	[ ADV	loss : 0.000053 ]
Generated sample: ['nnnnnnnnsssssss', 'aaaa4444444444a', '', '', 'sssssssssssssss'] 
epoch 10	mini-batch 179	[ DISC	loss : 0.006033 ]	[ ADV	loss : 0.000111 ]
Generated sample: ['yyyyyyyyyyyyyy', 'ssssssssssssssa', 'nnaaaaaaaaaaaa7', 'sssssssssssssss', 'iiii'] 
epoch 10	mini-batch 189	[ DISC	loss : 0.000340 ]	[ ADV	loss : 0.000117 ]
Generated sample: ['', 'naaaa7777777777', '', '', 'snnnnnnnnnnnnnn'] 
epoch 10	mini-batch 199	[ DISC	loss : 0.000272 ]	[ ADV	loss : 0.000216 ]
Generated sample: ['', '', 'sssssssssssssss', '', ''] 
epoch 10	mini-batch 209	[ DISC	loss : 0.003150 ]	[ ADV	loss : 0.000244 ]
Generated sample: ['iiiiiiiiissssi', '', 'nnnnnnnnnnnnnnn', 'ssiinnnnnnnnnni', ''] 
Epoch is 11
Number of batches 216
epoch 11	mini-batch 9	[ DISC	loss : 0.000384 ]	[ ADV	loss : 0.000180 ]
Generated sample: ['', 'aaaaaaaaaaaaaal', 'sttttttttttttte', 'jjaaaaaaaaaaa', ''] 
epoch 11	mini-batch 19	[ DISC	loss : 0.000536 ]	[ ADV	loss : 0.000486 ]
Generated sample: ['ssssssssssssssn', '', '', '', 'nnnnnnnnnnnnnnj'] 
epoch 11	mini-batch 29	[ DISC	loss : 0.000348 ]	[ ADV	loss : 0.000319 ]
Generated sample: ['', 'rrpppppppppppp', 'iiiiiiiiiiiiiii', '', 'jjjjjjjjjjjjjji'] 
epoch 11	mini-batch 39	[ DISC	loss : 0.039402 ]	[ ADV	loss : 0.000159 ]
Generated sample: ['aannnnnnnnnnnna', 'ssssssssssssss', 'jjjjjjjjjjjjj', '', ''] 
epoch 11	mini-batch 49	[ DISC	loss : 0.000301 ]	[ ADV	loss : 0.000208 ]
Generated sample: ['naaaaaaaaaaaaaa', 'nnnnnnnnnnnnnnj', 'aaaaaaaaaaaaaa', '', ''] 
epoch 11	mini-batch 59	[ DISC	loss : 0.000695 ]	[ ADV	loss : 0.000822 ]
Generated sample: ['', 'ssoooooooooooon', '1sssssssssssssa', '', ''] 
epoch 11	mini-batch 69	[ DISC	loss : 0.000372 ]	[ ADV	loss : 0.001426 ]
Generated sample: ['', '', '', '', ''] 
epoch 11	mini-batch 79	[ DISC	loss : 0.000491 ]	[ ADV	loss : 0.000189 ]
Generated sample: ['aaaaaaaaaaaaaak', 'ssssssssssssss', 'nnnnnnnnnnnnnna', '', 'n99999999999997'] 
epoch 11	mini-batch 89	[ DISC	loss : 0.001029 ]	[ ADV	loss : 0.000104 ]
Generated sample: ['6', 'njjjjjjjjjjjjjj', '', '', 'jjjjjjjjjjjjj'] 
epoch 11	mini-batch 99	[ DISC	loss : 0.002772 ]	[ ADV	loss : 0.000134 ]
Generated sample: ['', 'ssssssssssssssa', 's4444444444444', 'nnnnnssssssssss', 'snaaaaaaaaaaaaa'] 
epoch 11	mini-batch 109	[ DISC	loss : 0.000612 ]	[ ADV	loss : 0.000034 ]
Generated sample: ['', 'aaaaaaaaaaaaaaa', 'ssssssssssssssn', '', 'ssssssssssssssi'] 
epoch 11	mini-batch 119	[ DISC	loss : 0.000468 ]	[ ADV	loss : 0.000153 ]
Generated sample: ['ssssssssssssssa', '', 'aaaaaaaaaaaaaae', 'nnnnnnnnnnnnnna', 'sssssssssssssss'] 
epoch 11	mini-batch 129	[ DISC	loss : 0.000660 ]	[ ADV	loss : 0.000866 ]
Generated sample: ['naaaaaaaaaaaaaa', '477777nnnnnnnn7', 'ssssssssssaaaaa', '', 'jjjjjjjjjjjs'] 
epoch 11	mini-batch 139	[ DISC	loss : 0.000472 ]	[ ADV	loss : 0.000153 ]
Generated sample: ['', '', '', '111ssssssssssss', ''] 
epoch 11	mini-batch 149	[ DISC	loss : 0.000280 ]	[ ADV	loss : 0.000597 ]
Generated sample: ['ssssssssssssssa', '', 'sjjjjjjjjsssssa', 'ssssssssssss', ''] 
epoch 11	mini-batch 159	[ DISC	loss : 0.001006 ]	[ ADV	loss : 0.000231 ]
Generated sample: ['aaaaaa', 'saaaaaaaaaaaaaa', 'aaaaaaaaaaaaa', '', 'ssssssssssssssr'] 
epoch 11	mini-batch 169	[ DISC	loss : 0.000260 ]	[ ADV	loss : 0.000609 ]
Generated sample: ['', 'ssssssssssssssi', 'ssssssssssssssn', '', ''] 
epoch 11	mini-batch 179	[ DISC	loss : 0.000364 ]	[ ADV	loss : 0.000085 ]
Generated sample: ['', 'nnnnnnaaaaaaaaj', 'ssyyyyyyyyyyyyn', '', 'nnnnssssssssssa'] 
epoch 11	mini-batch 189	[ DISC	loss : 0.000440 ]	[ ADV	loss : 0.000030 ]
Generated sample: ['', '', '', 'ssssssssssssssj', ''] 
epoch 11	mini-batch 199	[ DISC	loss : 0.000296 ]	[ ADV	loss : 0.000073 ]
Generated sample: ['ssssssssssssssi', 'nnnnsssssssssse', 'aaaaaaaaaaaaaaa', 'ssssiiiiiiiiin', 'snnnnnnnnnnnnna'] 
epoch 11	mini-batch 209	[ DISC	loss : 0.000360 ]	[ ADV	loss : 0.000420 ]
Generated sample: ['nnnnnnnnnnnnnn4', '', 'ssssssssjjjjjs', 'sssssssssssssss', ''] 
Epoch is 12
Number of batches 216
epoch 12	mini-batch 9	[ DISC	loss : 0.001721 ]	[ ADV	loss : 0.000233 ]
Generated sample: ['aaaaaaaaannnnnn', 'nnnnnnnnnnnnnna', 'nnaaaaaaaaaaaaa', 'aaaaaaaaaaaaaaa', ''] 
epoch 12	mini-batch 19	[ DISC	loss : 0.000817 ]	[ ADV	loss : 0.000218 ]
Generated sample: ['', 'sssssssssssssss', '', '', 'aaaaaaaaaaaaaaa'] 
epoch 12	mini-batch 29	[ DISC	loss : 0.000290 ]	[ ADV	loss : 0.001360 ]
Generated sample: ['jjaaaaaaaaaaaaa', '', '', 'srrrrrrrrrrrrrr', '44444444444444s'] 
epoch 12	mini-batch 39	[ DISC	loss : 0.001129 ]	[ ADV	loss : 0.000247 ]
Generated sample: ['rrrrrrrrrrrrrrr', '', 'ctttttteeeeeeee', '', 'aaaaaasssssssst'] 
epoch 12	mini-batch 49	[ DISC	loss : 0.000395 ]	[ ADV	loss : 0.000233 ]
Generated sample: ['', 'naaaaaaaaaaaaaa', 'sssssssssssss', '', 'iiiiiiiii'] 
epoch 12	mini-batch 59	[ DISC	loss : 0.000350 ]	[ ADV	loss : 0.000059 ]
Generated sample: ['ss444444444444a', 'iiiii', '', 'llllll', 'sssssssssssssss'] 
epoch 12	mini-batch 69	[ DISC	loss : 0.000758 ]	[ ADV	loss : 0.000162 ]
Generated sample: ['ssssssssssssssj', '', '', 'n444444aaaaaaaa', 'sssssssssssss'] 
epoch 12	mini-batch 79	[ DISC	loss : 0.006318 ]	[ ADV	loss : 0.000215 ]
Generated sample: ['nnnnnnnnnnnnnn', '', 'jssssssssssss', 'sssssssssssssss', 'ssrrrrrrrrrrrrr'] 
epoch 12	mini-batch 89	[ DISC	loss : 0.000577 ]	[ ADV	loss : 0.000244 ]
Generated sample: ['ssssssssssssss7', 'yysssssssssssn', 's', 'aaaaaaaaaaaar', ''] 
epoch 12	mini-batch 99	[ DISC	loss : 0.000276 ]	[ ADV	loss : 0.000131 ]
Generated sample: ['sssssssssssssss', '', 'ssssjjjjjjjjjja', '', 'asssnnnnnnnnnns'] 
epoch 12	mini-batch 109	[ DISC	loss : 0.000613 ]	[ ADV	loss : 0.000179 ]
Generated sample: ['', 'sssssssssssss', '', 'iijjjjjjjjjjjjj', ''] 
epoch 12	mini-batch 119	[ DISC	loss : 0.000306 ]	[ ADV	loss : 0.000192 ]
Generated sample: ['', 'jjjjjjjjjjjjjj', 'ssssssssssssssn', '44777777777777', 'rrrrrrr666660'] 
epoch 12	mini-batch 129	[ DISC	loss : 0.000246 ]	[ ADV	loss : 0.000090 ]
Generated sample: ['cccccccccc', '', 'naaaaaaaaaaaaaa', 'naaaaaaannnnnna', ''] 
epoch 12	mini-batch 139	[ DISC	loss : 0.000264 ]	[ ADV	loss : 0.000250 ]
Generated sample: ['rrrrrrrrrrrrrrr', 'saaaaaaaaaaaaaa', '', '', 'sssssssssssssss'] 
epoch 12	mini-batch 149	[ DISC	loss : 0.000303 ]	[ ADV	loss : 0.000415 ]
Generated sample: ['', '', 'naaaaaiiiiiiiit', '', ''] 
epoch 12	mini-batch 159	[ DISC	loss : 0.000352 ]	[ ADV	loss : 0.000217 ]
Generated sample: ['nnssssssssssssn', 'ssssssssssssss', '', '', 'nnnnnnnnnnnnnni'] 
epoch 12	mini-batch 169	[ DISC	loss : 0.000164 ]	[ ADV	loss : 0.000097 ]
Generated sample: ['ssssssssssss', 'nnnnnnnnnnnnnna', '', '', 'nyyyyyyyyyyyyy'] 
epoch 12	mini-batch 179	[ DISC	loss : 0.000374 ]	[ ADV	loss : 0.000446 ]
Generated sample: ['ssssssssssssssn', '', 'nnnnnnnnnnnnnnn', 'jjjjjjjjjjjjjjj', ''] 
epoch 12	mini-batch 189	[ DISC	loss : 0.000665 ]	[ ADV	loss : 0.000111 ]
Generated sample: ['', 'ssssssssssssssn', 'ii999999999999s', 'ssssssssssssssn', ''] 
epoch 12	mini-batch 199	[ DISC	loss : 0.000414 ]	[ ADV	loss : 0.000138 ]
Generated sample: ['', '--sssssssssssss', 'ssssssssssssss-', '', 'sssssssssssssss'] 
epoch 12	mini-batch 209	[ DISC	loss : 0.000433 ]	[ ADV	loss : 0.000090 ]
Generated sample: ['assssssssssssss', '77777777777', '', '', ''] 
Epoch is 13
Number of batches 216
epoch 13	mini-batch 9	[ DISC	loss : 0.000286 ]	[ ADV	loss : 0.000088 ]
Generated sample: ['', '', 'ssssssssssssssn', '', 'nnnnnnnnnnnnnsa'] 
epoch 13	mini-batch 19	[ DISC	loss : 0.000324 ]	[ ADV	loss : 0.000082 ]
Generated sample: ['ssssssssssssss', '', '', '', '6666s'] 
epoch 13	mini-batch 29	[ DISC	loss : 0.000809 ]	[ ADV	loss : 0.000363 ]
Generated sample: ['', 'iiaaaaaaaaaaaaa', 'nnnnnnnnnnnnnne', 'ssssssssssssssn', ''] 
epoch 13	mini-batch 39	[ DISC	loss : 0.000172 ]	[ ADV	loss : 0.000056 ]
Generated sample: ['----sssssssssss', '', 'ksannnnnnnnnnnn', 'aasssssssssssss', ''] 
epoch 13	mini-batch 49	[ DISC	loss : 0.000224 ]	[ ADV	loss : 0.000027 ]
Generated sample: ['sssssssssssssss', 'nnnnnnnnnnnnnnn', 'sssssssssssssss', '', 'sjjjjjjjjjjjjjj'] 
epoch 13	mini-batch 59	[ DISC	loss : 0.001287 ]	[ ADV	loss : 0.000261 ]
Generated sample: ['aaaaaaaaaaaaaar', 'sssssssssssssss', '', 'jjjjjjjjjjjjjl', 'ssssssssssssssa'] 
epoch 13	mini-batch 69	[ DISC	loss : 0.000715 ]	[ ADV	loss : 0.000157 ]
Generated sample: ['sssssssssssssss', 'nkkaaaaaaaaaaak', 'ssssssssssssssn', 'nnnssssssssssss', ''] 
epoch 13	mini-batch 79	[ DISC	loss : 0.000143 ]	[ ADV	loss : 0.000114 ]
Generated sample: ['', '', 'ssssjjjjjj', 'ssssssssssssssn', 'najjjjjjjjjjjj4'] 
epoch 13	mini-batch 89	[ DISC	loss : 0.000390 ]	[ ADV	loss : 0.000049 ]
Generated sample: ['aaaaaaaaaaaaaa', '', '6666666666666', '', ''] 
epoch 13	mini-batch 99	[ DISC	loss : 0.000495 ]	[ ADV	loss : 0.000238 ]
Generated sample: ['', '', 'nnnnnnnnnnn', '', ''] 
epoch 13	mini-batch 109	[ DISC	loss : 0.000379 ]	[ ADV	loss : 0.000533 ]
Generated sample: ['aaaaannnsssssss', '', '', 'sssssssssssssss', ''] 
epoch 13	mini-batch 119	[ DISC	loss : 0.000746 ]	[ ADV	loss : 0.000253 ]
Generated sample: ['', '', 'aaaaaaaaaaaaaaa', '', 'rrrrrrrrrrr666r'] 
epoch 13	mini-batch 129	[ DISC	loss : 0.000153 ]	[ ADV	loss : 0.000079 ]
Generated sample: ['sssssskkkkkkkk', 'ssssssssssssssn', 'sssssssssssssss', '', '0jjjjjjjjjjja'] 
epoch 13	mini-batch 139	[ DISC	loss : 0.000305 ]	[ ADV	loss : 0.000102 ]
Generated sample: ['', '-', 'ssssssssssssss', 'sssssssssssssss', ''] 
epoch 13	mini-batch 149	[ DISC	loss : 0.000195 ]	[ ADV	loss : 0.000160 ]
Generated sample: ['nsssssssssssss4', '', 'ssssssssssssssn', 'ssssssssssssssn', ''] 
epoch 13	mini-batch 159	[ DISC	loss : 0.000190 ]	[ ADV	loss : 0.000148 ]
Generated sample: ['ssssssssssssssn', 'sssssssssss', '', '', 'lllllsssssssss'] 
epoch 13	mini-batch 169	[ DISC	loss : 0.000323 ]	[ ADV	loss : 0.000157 ]
Generated sample: ['', '', '', '', ''] 
epoch 13	mini-batch 179	[ DISC	loss : 0.000259 ]	[ ADV	loss : 0.000204 ]
Generated sample: ['nnnnnnnnnnnnnn', '', '', '', ''] 
epoch 13	mini-batch 189	[ DISC	loss : 0.000349 ]	[ ADV	loss : 0.000300 ]
Generated sample: ['aaaaaaaaa', 'sssssssssssssss', 'ssssssss', 'ssaaaaaaaaaaaar', ''] 
epoch 13	mini-batch 199	[ DISC	loss : 0.000939 ]	[ ADV	loss : 0.000025 ]
Generated sample: ['llllllllllllen', 'nnjjjjjjjjjjjji', 'nnnnnnnnnnaaaay', '', ''] 
epoch 13	mini-batch 209	[ DISC	loss : 0.002563 ]	[ ADV	loss : 0.000685 ]
Generated sample: ['aaaaaaaaaaaaaaa', '', 'sssssssssssss-', 'sssssssssssssse', 'cjjjcssssssssss'] 
Epoch is 14
Number of batches 216
epoch 14	mini-batch 9	[ DISC	loss : 0.000219 ]	[ ADV	loss : 0.000195 ]
Generated sample: ['ssssssssssssss', 'lllllllllllll', 'a', 'nnnnnnnnnnnnnn2', ''] 
epoch 14	mini-batch 19	[ DISC	loss : 0.000259 ]	[ ADV	loss : 0.000255 ]
Generated sample: ['rrrrrrrrrrrrrrs', '', '', 'ssssssssssssssa', ''] 
epoch 14	mini-batch 29	[ DISC	loss : 0.000415 ]	[ ADV	loss : 0.000017 ]
Generated sample: ['nnaaaaaaaaaaaae', '', '', '', ''] 
epoch 14	mini-batch 39	[ DISC	loss : 0.000195 ]	[ ADV	loss : 0.000065 ]
Generated sample: ['llliiiiiiiii', 'ssssssssssssss', 'sssssssssssssss', '', 'nnnnnnnnsssssss'] 
epoch 14	mini-batch 49	[ DISC	loss : 0.000338 ]	[ ADV	loss : 0.000033 ]
Generated sample: ['njjjjjjjjjjjj7', 'aaaaaaaaaaaaaaa', '', 'nnnnnnnnnnnnnnk', '111111111'] 
epoch 14	mini-batch 59	[ DISC	loss : 0.000217 ]	[ ADV	loss : 0.000139 ]
Generated sample: ['sssssiiiiii', 'tttttttnnnnnnne', 'aaaaaaaaaaaaaa', '', ''] 
epoch 14	mini-batch 69	[ DISC	loss : 0.000202 ]	[ ADV	loss : 0.000017 ]
Generated sample: ['aaaaaaaaaaaaaa', 'ccrrrreeeeeeec', 'ssssssssssssss', '', 'ssssssssssssssc'] 
epoch 14	mini-batch 79	[ DISC	loss : 0.000353 ]	[ ADV	loss : 0.000268 ]
Generated sample: ['', 'nnnnnnnnnnnnnns', 'ssssssssssssssa', 'nnnnnnnnnnnnns', ''] 
epoch 14	mini-batch 89	[ DISC	loss : 0.000375 ]	[ ADV	loss : 0.000505 ]
Generated sample: ['', '', '', '', '44444444444'] 
epoch 14	mini-batch 99	[ DISC	loss : 0.000243 ]	[ ADV	loss : 0.000109 ]
Generated sample: ['ssssssssssssssa', 'iiiiiiiiiiii', 'yyyyyyyyyy', '', 'nnnnnnnnnnnnnna'] 
epoch 14	mini-batch 109	[ DISC	loss : 0.028935 ]	[ ADV	loss : 0.000253 ]
Generated sample: ['ssssssssssssssc', '-----sssssssss-', 'nnnnnnnn------n', '', 'ssssssssssssss'] 
epoch 14	mini-batch 119	[ DISC	loss : 0.000189 ]	[ ADV	loss : 0.000065 ]
Generated sample: ['scssssssssssssj', '', '777777777777e', '', 'llllllllllllll'] 
epoch 14	mini-batch 129	[ DISC	loss : 0.000348 ]	[ ADV	loss : 0.000485 ]
Generated sample: ['', '', '', '', 'nnaaaaaaaaaaaar'] 
epoch 14	mini-batch 139	[ DISC	loss : 0.000791 ]	[ ADV	loss : 0.000079 ]
Generated sample: ['ssssssssssssssi', 'oeeeeeeeeeeeeee', 'ssssssssssssss-', '', 'ssrrrrrrrrrrrrr'] 
epoch 14	mini-batch 149	[ DISC	loss : 0.000370 ]	[ ADV	loss : 0.000029 ]
Generated sample: ['', '', '', 'ssss', ''] 
epoch 14	mini-batch 159	[ DISC	loss : 0.000227 ]	[ ADV	loss : 0.000050 ]
Generated sample: ['ssssssssssssssn', '', '', 'aaaaaaaaaa', ''] 
epoch 14	mini-batch 169	[ DISC	loss : 0.000328 ]	[ ADV	loss : 0.008967 ]
Generated sample: ['', 'ii777777777777', '', '', ''] 
epoch 14	mini-batch 179	[ DISC	loss : 0.001438 ]	[ ADV	loss : 0.001779 ]
Generated sample: ['nnnnssssssssssn', '', '', 'sssssssssssss', 'cccccccccc'] 
epoch 14	mini-batch 189	[ DISC	loss : 0.000518 ]	[ ADV	loss : 0.000690 ]
Generated sample: ['-62222222222221', '', 'aaaaaaaaaaaaaaa', '', 'ssssssssssssss-'] 
epoch 14	mini-batch 199	[ DISC	loss : 0.000227 ]	[ ADV	loss : 0.000512 ]
Generated sample: ['', 'sssssssssssssss', 'ssnnnnnnnnnnnnn', 'sssssssssssssss', ''] 
epoch 14	mini-batch 209	[ DISC	loss : 0.000260 ]	[ ADV	loss : 0.001876 ]
Generated sample: ['sssssssssssssss', '', 'ssssssssssssssn', '', 'naaaaaaaaeeeeee'] 
Epoch is 15
Number of batches 216
epoch 15	mini-batch 9	[ DISC	loss : 0.000459 ]	[ ADV	loss : 0.000175 ]
Generated sample: ['nssssssssssssss', '', 'ssssssssssssss-', '', ''] 
epoch 15	mini-batch 19	[ DISC	loss : 0.000273 ]	[ ADV	loss : 0.005198 ]
Generated sample: ['', 'sssssssssssssss', 'nnjjjjjjjjjjjjr', '', 'jjjjjjjjjjjjjj'] 
epoch 15	mini-batch 29	[ DISC	loss : 0.000270 ]	[ ADV	loss : 0.000167 ]
Generated sample: ['', 'nnnnnnnnnnnnnnn', '', '', 'sssssssssssssss'] 
epoch 15	mini-batch 39	[ DISC	loss : 0.000217 ]	[ ADV	loss : 0.000166 ]
Generated sample: ['', '', 'rrrrrrrrrrrrrr7', '4444444444444a', 'sstttttttttttta'] 
epoch 15	mini-batch 49	[ DISC	loss : 0.000390 ]	[ ADV	loss : 0.001071 ]
Generated sample: ['', 'nnnnnnnnnnnnnns', 'aaaaaaaaaaaaan', '', 'wwwnnnnnnnnnnnc'] 
epoch 15	mini-batch 59	[ DISC	loss : 0.000240 ]	[ ADV	loss : 0.000299 ]
Generated sample: ['jjjjjjjjjjjjja', '', '', '', 'ssssssssssssssn'] 
epoch 15	mini-batch 69	[ DISC	loss : 0.001031 ]	[ ADV	loss : 0.000476 ]
Generated sample: ['nssssssssssssss', '', '', '', ''] 
epoch 15	mini-batch 79	[ DISC	loss : 0.000725 ]	[ ADV	loss : 0.000822 ]
Generated sample: ['jjjjjjjjjjjjjjs', '', '', 'nnnnnnnnnnnnnna', 'aaaaaaaaaaaaaaa'] 
epoch 15	mini-batch 89	[ DISC	loss : 0.000170 ]	[ ADV	loss : 0.000180 ]
Generated sample: ['', 'lllllllt', 'jjjjjjjjjjjjjjs', 'aaaaaaaaaaaaaae', ''] 
epoch 15	mini-batch 99	[ DISC	loss : 0.002408 ]	[ ADV	loss : 0.002669 ]
Generated sample: ['sssssssssssssss', '', '', '', 'jj444444444444i'] 
epoch 15	mini-batch 109	[ DISC	loss : 0.000815 ]	[ ADV	loss : 0.000076 ]
Generated sample: ['ssssssssssssss', '', 'aaaaaaaaaaaaaae', 'sssssssssssssss', 'sssssssssssssss'] 
epoch 15	mini-batch 119	[ DISC	loss : 0.000299 ]	[ ADV	loss : 0.000362 ]
Generated sample: ['saaaaaaaaaaaaaa', 'jjjjjjjjjjjjjja', 'aaaaaaaaaaaaaa', 'nnnnaaaaaaaanna', '66666666666---'] 
epoch 15	mini-batch 129	[ DISC	loss : 0.000246 ]	[ ADV	loss : 0.000170 ]
Generated sample: ['tttttttttttttn', 'nnnnnnnnnnnnnnn', 'sssssssssssssss', 'nnnnnnnnnnnnnse', ''] 
epoch 15	mini-batch 139	[ DISC	loss : 0.001345 ]	[ ADV	loss : 0.000155 ]
Generated sample: ['', 'nnnnnnnnnnnnnne', 'aaaaaaaaaaaaaas', 'a4444444444444', 'nnnnnnnnnnnnnna'] 
epoch 15	mini-batch 149	[ DISC	loss : 0.000398 ]	[ ADV	loss : 0.000385 ]
Generated sample: ['sssssssssssssss', 'nnnnnnnnnnnnnnl', 'ssssssssssssssn', '', 'ssssssssssssssi'] 
epoch 15	mini-batch 159	[ DISC	loss : 0.000168 ]	[ ADV	loss : 0.000628 ]
Generated sample: ['ynnnnnnnnnnnnnn', 'sssssssssssssss', 'aaaaaaaaaaaaaaa', 'ssssssssssssssj', ''] 
epoch 15	mini-batch 169	[ DISC	loss : 0.000455 ]	[ ADV	loss : 0.000301 ]
Generated sample: ['', 'nnnnnnnnnnnnnnn', 'aaaaaaaaaaaaaaa', 'ssssssssssssssn', ''] 
epoch 15	mini-batch 179	[ DISC	loss : 0.000237 ]	[ ADV	loss : 0.000095 ]
Generated sample: ['aaaaaaaaaaaaaai', 'ssssssssssssssn', 'ssssssssssssssn', '', 'iiiiiiiiiiia'] 
epoch 15	mini-batch 189	[ DISC	loss : 0.000501 ]	[ ADV	loss : 0.000928 ]
Generated sample: ['', 'iiiii', 'iiiiiiiaaaaaa', 'sssssssssssss', 'aaaaaaaaaaaaa7'] 
epoch 15	mini-batch 199	[ DISC	loss : 0.000231 ]	[ ADV	loss : 0.000090 ]
Generated sample: ['', '77sssssssss', '', 'jjjjjjjjjjj', 'ssssssssssssss'] 
epoch 15	mini-batch 209	[ DISC	loss : 0.000478 ]	[ ADV	loss : 0.000028 ]
Generated sample: ['nnnnnnnnnnnnnn7', 'jjjjjjjjs', 'aaaaaaaaaaaaaaa', 'jjjaaaaaaaaaaaa', 'aaaaaaaaaaaaaa7'] 
Epoch is 16
Number of batches 216
epoch 16	mini-batch 9	[ DISC	loss : 0.000342 ]	[ ADV	loss : 0.000282 ]
Generated sample: ['', '', 'aanssssssssssss', 'iiiiiiiiiiiiii', ''] 
epoch 16	mini-batch 19	[ DISC	loss : 0.000337 ]	[ ADV	loss : 0.000331 ]
Generated sample: ['', '', '', 'sssssss', ''] 
epoch 16	mini-batch 29	[ DISC	loss : 0.000257 ]	[ ADV	loss : 0.000101 ]
Generated sample: ['slllll', 's4444aaaaaaaaas', '', '', ''] 
epoch 16	mini-batch 39	[ DISC	loss : 0.000221 ]	[ ADV	loss : 0.000331 ]
Generated sample: ['', 'cccccccccccccc', 'aaaaaaaaaaaaaaa', '', 'saaaaaaaaaaaaae'] 
epoch 16	mini-batch 49	[ DISC	loss : 0.000275 ]	[ ADV	loss : 0.000059 ]
Generated sample: ['', '', 'ssssssssssssss', '', ''] 
epoch 16	mini-batch 59	[ DISC	loss : 0.000239 ]	[ ADV	loss : 0.000122 ]
Generated sample: ['4nnnnnnnnnnnnnn', '', 'jjssssssssssss', 'uuuuuuuuus', 'ssssaaaaaaaaaaa'] 
epoch 16	mini-batch 69	[ DISC	loss : 0.000174 ]	[ ADV	loss : 0.000153 ]
Generated sample: ['ttttttttttttt', 'jjssssssssssss4', 'aateeeeeeeeeeee', '', ''] 
epoch 16	mini-batch 79	[ DISC	loss : 0.000324 ]	[ ADV	loss : 0.000472 ]
Generated sample: ['ssssssssssssssn', '000ssssssssssss', 'nnnnnnnnnnnnnne', 'nnnnnnnnnnnnnna', 'ssssssssssssssa'] 
epoch 16	mini-batch 89	[ DISC	loss : 0.000457 ]	[ ADV	loss : 0.001388 ]
Generated sample: ['', 'siiiiiiiiiiiiii', 's', 'ssssssssssssssn', 'ssssssssssssss'] 
epoch 16	mini-batch 99	[ DISC	loss : 0.000414 ]	[ ADV	loss : 0.001674 ]
Generated sample: ['aaaaaaaaaaaar', '', 'aaaaaaaaaaaaaaa', '', ''] 
epoch 16	mini-batch 109	[ DISC	loss : 0.000320 ]	[ ADV	loss : 0.000104 ]
Generated sample: ['n0000000000nnc', '', 'aaaaaaaaaaaaa', '', 'jjaaaaaaaaaaaar'] 
epoch 16	mini-batch 119	[ DISC	loss : 0.000338 ]	[ ADV	loss : 0.000415 ]
Generated sample: ['', '22222tttteeeeee', 'tttttttttttttte', 'aaaaarrrrrrr', 'jjjjjjjjjjjj'] 
epoch 16	mini-batch 129	[ DISC	loss : 0.000279 ]	[ ADV	loss : 0.000175 ]
Generated sample: ['aaaaaaaaaaaaaaa', '', '', '', ''] 
epoch 16	mini-batch 139	[ DISC	loss : 0.000390 ]	[ ADV	loss : 0.000477 ]
Generated sample: ['nnnnnnoooooooo', '---------------', '', 'aaaaaaaaaaaaaaa', '7777sssssssss'] 
