experiments/20171219-172604
____________________________________________________________________________________________________
Layer (type)                     Output Shape          Param #     Connected to                     
====================================================================================================
Discriminator_Input (InputLayer) (None, 15, 38)        0                                            
____________________________________________________________________________________________________
discr_conv0 (Conv1D)             (None, 15, 20)        1540        Discriminator_Input[0][0]        
____________________________________________________________________________________________________
discr_conv1 (Conv1D)             (None, 15, 10)        1150        Discriminator_Input[0][0]        
____________________________________________________________________________________________________
batch_normalization_1 (BatchNorm (None, 15, 20)        80          discr_conv0[0][0]                
____________________________________________________________________________________________________
batch_normalization_2 (BatchNorm (None, 15, 10)        40          discr_conv1[0][0]                
____________________________________________________________________________________________________
leaky_re_lu_1 (LeakyReLU)        (None, 15, 20)        0           batch_normalization_1[0][0]      
____________________________________________________________________________________________________
leaky_re_lu_2 (LeakyReLU)        (None, 15, 10)        0           batch_normalization_2[0][0]      
____________________________________________________________________________________________________
discr_dropout0 (Dropout)         (None, 15, 20)        0           leaky_re_lu_1[0][0]              
____________________________________________________________________________________________________
discr_dropout1 (Dropout)         (None, 15, 10)        0           leaky_re_lu_2[0][0]              
____________________________________________________________________________________________________
average_pooling1d_1 (AveragePool (None, 7, 20)         0           discr_dropout0[0][0]             
____________________________________________________________________________________________________
average_pooling1d_2 (AveragePool (None, 7, 10)         0           discr_dropout1[0][0]             
____________________________________________________________________________________________________
concatenate_1 (Concatenate)      (None, 7, 30)         0           average_pooling1d_1[0][0]        
                                                                   average_pooling1d_2[0][0]        
____________________________________________________________________________________________________
lstm_1 (LSTM)                    (None, 20)            4080        concatenate_1[0][0]              
____________________________________________________________________________________________________
dense_1 (Dense)                  (None, 1)             21          lstm_1[0][0]                     
====================================================================================================
Total params: 6,911
Trainable params: 6,851
Non-trainable params: 60
____________________________________________________________________________________________________
____________________________________________________________________________________________________
Layer (type)                     Output Shape          Param #     Connected to                     
====================================================================================================
Generator_Input (InputLayer)     (None, 20)            0                                            
____________________________________________________________________________________________________
gen_repeate_vec (RepeatVector)   (None, 15, 20)        0           Generator_Input[0][0]            
____________________________________________________________________________________________________
gen_LSTM (LSTM)                  (None, 15, 38)        8968        gen_repeate_vec[0][0]            
____________________________________________________________________________________________________
dropout_1 (Dropout)              (None, 15, 38)        0           gen_LSTM[0][0]                   
____________________________________________________________________________________________________
gen_conv0 (Conv1D)               (None, 15, 20)        1540        dropout_1[0][0]                  
____________________________________________________________________________________________________
gen_conv1 (Conv1D)               (None, 15, 10)        1150        dropout_1[0][0]                  
____________________________________________________________________________________________________
leaky_re_lu_3 (LeakyReLU)        (None, 15, 20)        0           gen_conv0[0][0]                  
____________________________________________________________________________________________________
leaky_re_lu_4 (LeakyReLU)        (None, 15, 10)        0           gen_conv1[0][0]                  
____________________________________________________________________________________________________
gen_dropout0 (Dropout)           (None, 15, 20)        0           leaky_re_lu_3[0][0]              
____________________________________________________________________________________________________
gen_dropout1 (Dropout)           (None, 15, 10)        0           leaky_re_lu_4[0][0]              
____________________________________________________________________________________________________
concatenate_2 (Concatenate)      (None, 15, 30)        0           gen_dropout0[0][0]               
                                                                   gen_dropout1[0][0]               
____________________________________________________________________________________________________
decoder_end (TimeDistributed)    (None, 15, 38)        1178        concatenate_2[0][0]              
====================================================================================================
Total params: 12,836
Trainable params: 12,836
Non-trainable params: 0
____________________________________________________________________________________________________
_________________________________________________________________
Layer (type)                 Output Shape              Param #   
=================================================================
Generator (Model)            (None, 15, 38)            12836     
_________________________________________________________________
Discriminator (Model)        (None, 1)                 6911      
=================================================================
Total params: 19,747
Trainable params: 19,687
Non-trainable params: 60
_________________________________________________________________
Epoch is 0
Number of batches 174
Batch size: 128
domains_batch size:	(128, 15, 38)
generated domains shape:	(128, 15, 38)
training set shape	(128, 15, 38)
target shape (128, 1)
epoch 0	[ DISC	loss : 0.752829 ]	[ ADV	loss : 0.643187 ]
[10, 35, 0, 37, 35, 37, 20, 22, 8, 13, 12, 19, 36, 16, 29]	j8-8-tvhmls9p2
[35, 24, 35, 9, 21, 23, 29, 9, 12, 13, 12, 19, 16, 16, 9]	8x8iuw2ilmlsppi
[21, 35, 35, 28, 10, 9, 37, 6, 5, 12, 22, 16, 15, 22, 35]	u881ji-felvpov8
[29, 21, 9, 0, 0, 35, 35, 35, 22, 12, 13, 12, 12, 16, 0]	2ui888vlmllp
[29, 0, 35, 37, 29, 0, 4, 23, 22, 15, 22, 12, 14, 14, 25]	28-2dwvovlnny
[29, 9, 37, 33, 35, 12, 12, 6, 12, 16, 12, 16, 12, 31, 35]	2i-68llflplpl48
[35, 35, 35, 37, 20, 20, 12, 14, 15, 16, 31, 31, 16, 16, 29]	888-ttlnop44pp2
[0, 35, 21, 35, 35, 23, 13, 19, 33, 15, 36, 12, 19, 3, 18]	8u88wms6o9lscr
[35, 35, 23, 9, 9, 35, 4, 12, 12, 12, 16, 3, 15, 31, 0]	88wii8dlllpco4
[35, 21, 35, 10, 21, 23, 4, 21, 20, 13, 22, 19, 22, 12, 0]	8u8juwdutmvsvl
[21, 37, 35, 35, 35, 37, 9, 37, 12, 14, 19, 15, 36, 31, 29]	u-888-i-lnso942
[35, 0, 35, 0, 21, 23, 23, 4, 4, 13, 12, 4, 18, 12, 9]	88uwwddmldrli
[37, 23, 37, 29, 29, 29, 15, 29, 12, 4, 20, 12, 12, 16, 0]	-w-222o2ldtllp
[9, 0, 35, 10, 29, 12, 29, 4, 20, 12, 19, 12, 19, 14, 11]	i8j2l2dtlslsnk
[0, 0, 35, 35, 21, 11, 4, 15, 12, 25, 14, 31, 14, 19, 35]	88ukdolyn4ns8
Epoch is 1
epoch 1	[ DISC	loss : 0.738066 ]	[ ADV	loss : 0.653981 ]
[0, 35, 35, 12, 35, 0, 37, 12, 12, 12, 23, 23, 21, 3, 10]	88l8-lllwwucj
[35, 35, 0, 37, 12, 35, 12, 12, 12, 23, 13, 20, 18, 27, 29]	88-l8lllwmtr02
[0, 35, 0, 35, 12, 23, 12, 12, 12, 12, 23, 20, 3, 3, 29]	88lwllllwtcc2
[0, 0, 35, 35, 9, 23, 12, 12, 12, 12, 23, 23, 16, 18, 29]	88iwllllwwpr2
[0, 0, 24, 0, 12, 12, 12, 23, 16, 12, 20, 27, 3, 3, 35]	xlllwplt0cc8
[35, 32, 0, 37, 35, 23, 12, 35, 23, 23, 12, 20, 21, 13, 18]	85-8wl8wwltumr
[35, 0, 0, 20, 0, 12, 6, 12, 23, 9, 23, 23, 6, 21, 29]	8tlflwiwwfu2
[0, 0, 37, 35, 0, 12, 0, 12, 23, 23, 12, 20, 21, 21, 29]	-8llwwltuu2
[0, 35, 35, 15, 23, 12, 37, 12, 12, 23, 23, 6, 13, 3, 29]	88owl-llwwfmc2
[37, 0, 0, 9, 35, 0, 12, 0, 23, 12, 16, 4, 13, 18, 29]	-i8lwlpdmr2
[37, 0, 9, 12, 35, 0, 12, 12, 9, 23, 21, 16, 31, 16, 29]	-il8lliwup4p2
[35, 24, 12, 24, 12, 24, 35, 23, 12, 20, 31, 20, 21, 13, 0]	8xlxlx8wlt4tum
[35, 32, 35, 0, 35, 0, 35, 37, 23, 12, 12, 23, 2, 21, 18]	85888-wllwbur
[35, 37, 9, 12, 4, 12, 12, 12, 23, 12, 4, 12, 20, 13, 10]	8-ildlllwldltmj
[31, 35, 0, 35, 37, 35, 12, 12, 12, 23, 12, 23, 27, 3, 30]	488-8lllwlw0c3
Epoch is 2
epoch 2	[ DISC	loss : 0.730243 ]	[ ADV	loss : 0.659466 ]
[4, 0, 0, 4, 37, 36, 9, 23, 12, 37, 23, 2, 1, 10, 29]	dd-9iwl-wbaj2
[29, 4, 37, 9, 37, 4, 9, 23, 12, 12, 15, 15, 15, 1, 8]	2d-i-diwlloooah
[37, 4, 29, 0, 0, 0, 23, 30, 23, 16, 2, 2, 15, 15, 24]	-d2w3wpbboox
[4, 9, 4, 36, 37, 4, 37, 12, 23, 23, 12, 2, 15, 15, 35]	did9-d-lwwlboo8
[0, 4, 4, 37, 36, 9, 9, 23, 26, 23, 1, 15, 2, 15, 35]	dd-9iiwzwaobo8
[4, 4, 0, 9, 9, 9, 29, 23, 12, 26, 2, 15, 15, 2, 35]	ddiii2wlzboob8
[4, 37, 4, 37, 34, 9, 4, 12, 23, 12, 16, 15, 15, 15, 29]	d-d-7idlwlpooo2
[4, 4, 9, 9, 28, 0, 9, 23, 12, 12, 16, 15, 15, 15, 35]	ddii1iwllpooo8
[4, 0, 37, 4, 37, 37, 37, 12, 30, 30, 2, 2, 15, 19, 35]	d-d---l33bbos8
[0, 0, 37, 4, 25, 4, 30, 28, 12, 25, 16, 2, 2, 21, 35]	-dyd31lypbbu8
[0, 0, 0, 36, 0, 4, 12, 12, 9, 30, 2, 15, 2, 14, 31]	9dlli3bobn4
[4, 34, 36, 4, 0, 9, 28, 30, 23, 16, 15, 15, 1, 19, 35]	d79di13wpooas8
[0, 0, 4, 29, 9, 37, 28, 29, 12, 12, 30, 15, 1, 19, 15]	d2i-12ll3oaso
[0, 0, 0, 37, 37, 36, 30, 12, 23, 12, 15, 1, 15, 19, 31]	--93lwloaos4
[0, 0, 37, 0, 9, 4, 9, 36, 30, 23, 16, 2, 15, 7, 35]	-idi93wpbog8
Epoch is 3
epoch 3	[ DISC	loss : 0.730208 ]	[ ADV	loss : 0.658521 ]
[31, 25, 0, 3, 10, 11, 10, 19, 10, 19, 10, 10, 20, 28, 12]	4ycjkjsjsjjt1l
[0, 6, 23, 11, 11, 2, 10, 10, 10, 10, 26, 5, 33, 5, 35]	fwkkbjjjjze6e8
[3, 25, 0, 0, 10, 10, 10, 10, 10, 19, 10, 8, 28, 33, 9]	cyjjjjjsjh16i
[3, 0, 17, 11, 2, 17, 10, 10, 19, 19, 19, 10, 28, 8, 29]	cqkbqjjsssj1h2
[0, 3, 0, 10, 36, 2, 10, 10, 10, 10, 19, 37, 33, 4, 12]	cj9bjjjjs-6dl
[0, 3, 0, 24, 11, 10, 1, 7, 19, 10, 26, 16, 14, 16, 22]	cxkjagsjzpnpv
[0, 0, 0, 2, 11, 10, 10, 10, 10, 10, 19, 26, 33, 5, 9]	bkjjjjjsz6ei
[25, 25, 2, 10, 19, 1, 10, 10, 10, 19, 10, 32, 34, 33, 5]	yybjsajjjsj576e
[35, 2, 2, 10, 10, 10, 10, 1, 10, 10, 7, 19, 28, 5, 16]	8bbjjjjajjgs1ep
[13, 3, 17, 2, 10, 10, 10, 10, 10, 10, 19, 32, 18, 4, 35]	mcqbjjjjjjs5rd8
[25, 3, 0, 11, 19, 19, 10, 10, 10, 10, 10, 8, 4, 28, 16]	yckssjjjjjhd1p
[0, 25, 17, 0, 0, 2, 19, 10, 10, 10, 19, 4, 28, 8, 35]	yqbsjjjsd1h8
[0, 25, 31, 15, 2, 19, 10, 10, 10, 10, 26, 4, 9, 9, 24]	y4obsjjjjzdiix
[0, 6, 36, 11, 17, 7, 10, 10, 10, 10, 1, 35, 9, 33, 9]	f9kqgjjjja8i6i
[0, 0, 3, 36, 2, 10, 2, 10, 7, 10, 10, 32, 4, 28, 35]	c9bjbjgjj5d18
Epoch is 4
epoch 4	[ DISC	loss : 0.724024 ]	[ ADV	loss : 0.663074 ]
[21, 7, 7, 7, 0, 23, 11, 12, 12, 19, 10, 37, 28, 35, 5]	ugggwkllsj-18e
[21, 23, 36, 27, 0, 19, 21, 0, 6, 6, 22, 1, 1, 16, 14]	uw90suffvaapn
[7, 11, 7, 34, 0, 21, 11, 23, 18, 22, 19, 37, 10, 20, 24]	gkg7ukwrvs-jtx
[0, 11, 0, 36, 11, 0, 11, 12, 26, 37, 22, 22, 33, 14, 31]	k9kklz-vv6n4
[0, 36, 36, 0, 36, 7, 5, 11, 35, 37, 1, 22, 2, 18, 29]	999gek8-avbr2
[0, 0, 36, 11, 0, 34, 23, 11, 6, 22, 22, 1, 1, 18, 14]	9k7wkfvvaarn
[36, 0, 7, 36, 36, 0, 19, 21, 11, 22, 22, 22, 1, 28, 14]	9g99sukvvva1n
[21, 0, 0, 7, 21, 7, 27, 30, 0, 37, 37, 1, 20, 16, 31]	ugug03--atp4
[36, 36, 11, 11, 36, 0, 23, 35, 12, 22, 37, 1, 22, 16, 14]	99kk9w8lv-avpn
[0, 0, 36, 27, 36, 0, 1, 30, 29, 20, 22, 37, 37, 16, 14]	909a32tv--pn
[0, 7, 36, 0, 0, 27, 23, 30, 26, 1, 37, 37, 22, 5, 18]	g90w3za--ver
[0, 36, 34, 11, 36, 0, 30, 21, 11, 22, 22, 1, 1, 16, 24]	97k93ukvvaapx
[0, 7, 7, 36, 0, 0, 26, 26, 23, 19, 22, 1, 37, 34, 24]	gg9zzwsva-7x
[36, 7, 0, 36, 36, 36, 21, 9, 11, 22, 22, 37, 37, 24, 14]	9g999uikvv--xn
[0, 0, 36, 0, 0, 36, 27, 5, 12, 19, 1, 1, 22, 16, 14]	990elsaavpn
Epoch is 5
epoch 5	[ DISC	loss : 0.717149 ]	[ ADV	loss : 0.670626 ]
[0, 0, 0, 0, 8, 0, 0, 0, 15, 12, 5, 1, 9, 19, 1]	holeaisa
[0, 27, 0, 8, 8, 0, 0, 34, 15, 26, 22, 9, 9, 19, 29]	0hh7ozviis2
[0, 0, 0, 0, 0, 8, 0, 0, 16, 22, 9, 9, 5, 19, 29]	hpviies2
[0, 27, 0, 8, 27, 0, 0, 34, 0, 29, 9, 9, 20, 11, 5]	0h072iitke
[0, 8, 0, 0, 34, 0, 0, 15, 16, 5, 22, 20, 9, 11, 19]	h7opevtiks
[0, 0, 0, 0, 0, 34, 0, 34, 15, 12, 5, 22, 9, 11, 7]	77olevikg
[27, 0, 34, 8, 13, 0, 0, 34, 33, 12, 9, 9, 20, 19, 19]	07hm76liitss
[0, 0, 0, 8, 0, 34, 0, 15, 33, 1, 5, 9, 9, 19, 5]	h7o6aeiise
[0, 0, 0, 0, 0, 8, 0, 0, 15, 12, 5, 9, 9, 19, 26]	holeiisz
[34, 27, 0, 8, 0, 0, 34, 0, 26, 12, 5, 20, 9, 11, 4]	70h7zletikd
[0, 8, 0, 34, 34, 34, 34, 15, 18, 11, 1, 9, 9, 11, 35]	h7777orkaiik8
[0, 0, 0, 0, 0, 34, 0, 0, 26, 5, 9, 9, 19, 11, 5]	7zeiiske
[34, 34, 8, 0, 34, 0, 0, 34, 16, 33, 5, 20, 22, 11, 10]	77h77p6etvkj
[8, 0, 8, 8, 27, 0, 0, 0, 18, 12, 9, 9, 20, 19, 10]	hhh0rliitsj
[13, 0, 13, 8, 0, 34, 34, 34, 15, 5, 1, 9, 20, 19, 19]	mmh777oeaitss
Epoch is 6
epoch 6	[ DISC	loss : 0.720209 ]	[ ADV	loss : 0.669954 ]
[3, 3, 22, 22, 14, 14, 29, 14, 14, 14, 10, 8, 18, 34, 3]	ccvvnn2nnnjhr7c
[0, 22, 22, 28, 22, 14, 29, 23, 14, 14, 21, 15, 8, 18, 4]	vv1vn2wnnuohrd
[4, 3, 22, 28, 14, 14, 23, 14, 14, 14, 10, 15, 15, 34, 9]	dcv1nnwnnnjoo7i
[3, 22, 3, 28, 14, 14, 14, 23, 14, 14, 10, 8, 18, 35, 35]	cvc1nnnwnnjhr88
[0, 22, 19, 9, 14, 14, 23, 29, 14, 14, 19, 15, 15, 1, 29]	vsinnw2nnsooa2
[4, 22, 22, 23, 23, 29, 14, 29, 14, 14, 19, 21, 15, 35, 32]	dvvww2n2nnsuo85
[0, 3, 22, 23, 14, 23, 14, 29, 14, 14, 10, 21, 34, 18, 0]	cvwnwn2nnju7r
[13, 3, 22, 7, 14, 14, 14, 29, 14, 14, 7, 33, 16, 21, 32]	mcvgnnn2nng6pu5
[3, 3, 22, 7, 14, 14, 29, 29, 31, 14, 19, 8, 8, 18, 0]	ccvgnn224nshhr
[3, 3, 3, 22, 14, 29, 29, 14, 31, 14, 19, 33, 15, 16, 15]	cccvn22n4ns6opo
[3, 3, 22, 22, 14, 14, 14, 14, 14, 29, 21, 33, 32, 35, 35]	ccvvnnnnn2u6588
[3, 4, 22, 28, 29, 14, 14, 23, 29, 14, 21, 33, 17, 18, 0]	cdv12nnw2nu6qr
[0, 3, 22, 22, 3, 14, 14, 14, 14, 14, 7, 32, 16, 15, 17]	cvvcnnnnng5poq
[0, 3, 22, 28, 14, 14, 23, 14, 14, 14, 13, 33, 35, 9, 0]	cv1nnwnnnm68i
[3, 22, 22, 3, 14, 14, 14, 14, 14, 23, 7, 24, 16, 36, 17]	cvvcnnnnnwgxp9q
Epoch is 7
epoch 7	[ DISC	loss : 0.715601 ]	[ ADV	loss : 0.673091 ]
[0, 0, 30, 0, 34, 17, 35, 18, 31, 14, 7, 4, 14, 31, 31]	37q8r4ngdn44
[0, 0, 17, 30, 0, 23, 24, 14, 31, 14, 1, 13, 14, 14, 31]	q3wxn4namnn4
[0, 30, 0, 0, 0, 0, 18, 35, 29, 14, 21, 13, 14, 14, 31]	3r82numnn4
[34, 30, 17, 0, 0, 18, 23, 14, 14, 29, 33, 13, 15, 29, 31]	73qrwnn26mo24
[0, 30, 23, 17, 0, 17, 35, 35, 29, 14, 19, 13, 14, 14, 31]	3wqq882nsmnn4
[30, 30, 34, 0, 17, 23, 23, 0, 35, 1, 21, 8, 15, 31, 28]	337qww8auho41
[0, 11, 11, 0, 0, 17, 17, 35, 29, 29, 25, 13, 15, 14, 31]	kkqq822ymon4
[0, 0, 0, 0, 34, 0, 0, 26, 29, 29, 1, 13, 15, 1, 22]	7z22amoav
[0, 11, 0, 0, 23, 0, 26, 31, 31, 29, 25, 13, 15, 14, 31]	kwz442ymon4
[0, 0, 0, 0, 0, 34, 23, 35, 29, 14, 12, 13, 15, 31, 29]	7w82nlmo42
[0, 11, 0, 0, 0, 17, 18, 35, 35, 29, 1, 13, 14, 14, 31]	kqr882amnn4
[0, 0, 0, 0, 17, 26, 35, 18, 35, 29, 1, 13, 14, 14, 28]	qz8r82amnn1
[9, 0, 0, 0, 0, 0, 23, 29, 35, 29, 1, 13, 15, 1, 22]	iw282amoav
[0, 0, 0, 0, 0, 26, 17, 18, 14, 29, 19, 4, 15, 1, 22]	zqrn2sdoav
[11, 0, 0, 0, 0, 0, 34, 18, 14, 29, 1, 13, 15, 14, 14]	k7rn2amonn
Epoch is 8
epoch 8	[ DISC	loss : 0.717350 ]	[ ADV	loss : 0.671276 ]
[0, 35, 7, 0, 35, 0, 16, 35, 19, 16, 35, 17, 24, 20, 24]	8g8p8sp8qxtx
[4, 4, 16, 0, 0, 26, 24, 20, 24, 31, 10, 1, 5, 5, 14]	ddpzxtx4jaeen
[27, 4, 0, 12, 0, 0, 35, 15, 35, 31, 24, 31, 24, 10, 29]	0dl8o84x4xj2
[35, 5, 0, 0, 8, 26, 16, 16, 16, 0, 35, 26, 35, 26, 2]	8ehzppp8z8zb
[4, 27, 0, 16, 0, 35, 0, 0, 26, 0, 16, 31, 24, 31, 31]	d0p8zp4x44
[4, 35, 35, 27, 0, 0, 0, 0, 16, 35, 35, 17, 31, 15, 24]	d880p88q4ox
[4, 4, 7, 35, 0, 26, 35, 24, 31, 31, 24, 29, 1, 30, 5]	ddg8z8x44x2a3e
[4, 4, 35, 11, 36, 35, 24, 31, 24, 31, 1, 5, 5, 30, 10]	dd8k98x4x4aee3j
[4, 4, 33, 12, 0, 35, 0, 26, 35, 26, 20, 31, 15, 31, 0]	dd6l8z8zt4o4
[4, 7, 0, 35, 16, 0, 0, 0, 0, 16, 17, 26, 26, 35, 31]	dg8ppqzz84
[0, 35, 0, 0, 0, 0, 0, 35, 35, 35, 35, 26, 26, 24, 20]	88888zzxt
[4, 4, 16, 0, 16, 7, 0, 35, 16, 31, 31, 15, 31, 26, 1]	ddppg8p44o4za
[4, 35, 0, 35, 35, 0, 26, 0, 12, 16, 17, 31, 35, 15, 31]	d888zlpq48o4
[33, 0, 21, 0, 0, 0, 26, 35, 24, 31, 31, 36, 18, 1, 30]	6uz8x449ra3
[0, 0, 35, 35, 0, 0, 35, 35, 0, 26, 35, 15, 31, 31, 31]	8888z8o444
Epoch is 9
epoch 9	[ DISC	loss : 0.718841 ]	[ ADV	loss : 0.670729 ]
[0, 7, 0, 0, 9, 9, 7, 0, 9, 34, 34, 34, 9, 32, 20]	giigi777i5t
[30, 8, 30, 24, 36, 18, 8, 31, 31, 22, 37, 1, 3, 18, 14]	3h3x9rh44v-acrn
[18, 36, 36, 18, 36, 24, 36, 11, 18, 27, 18, 37, 27, 28, 14]	r99r9x9kr0r-01n
[0, 0, 9, 12, 0, 0, 0, 7, 34, 34, 21, 9, 21, 9, 2]	ilg77uiuib
[36, 24, 30, 11, 16, 18, 36, 36, 36, 18, 3, 3, 3, 18, 18]	9x3kpr999rcccrr
[30, 15, 0, 8, 31, 18, 18, 37, 24, 31, 1, 37, 18, 18, 14]	3oh4rr-x4a-rrn
[8, 24, 30, 24, 31, 30, 24, 31, 36, 24, 22, 37, 1, 14, 30]	hx3x43x49xv-an3
[28, 0, 0, 0, 9, 0, 23, 12, 21, 34, 21, 9, 34, 35, 32]	1iwlu7ui785
[27, 36, 24, 24, 36, 18, 24, 24, 37, 24, 3, 3, 27, 18, 30]	09xx9rxx-xcc0r3
[4, 0, 7, 9, 21, 0, 0, 23, 21, 34, 21, 21, 21, 7, 32]	dgiuwu7uuug5
[0, 0, 36, 18, 8, 18, 36, 18, 18, 3, 37, 27, 37, 18, 14]	9rhr9rrc-0-rn
[28, 0, 0, 0, 0, 0, 12, 34, 23, 9, 9, 9, 9, 35, 11]	1l7wiiii8k
[8, 31, 36, 31, 8, 31, 18, 31, 8, 30, 37, 3, 3, 18, 5]	h494h4r4h3-ccre
[0, 0, 0, 7, 0, 30, 0, 9, 0, 9, 34, 0, 34, 11, 2]	g3ii77kb
[0, 0, 0, 0, 21, 23, 0, 0, 7, 9, 9, 21, 35, 31, 32]	uwgiiu845
Epoch is 10
epoch 10	[ DISC	loss : 0.714392 ]	[ ADV	loss : 0.673650 ]
[0, 0, 0, 0, 4, 0, 23, 21, 9, 9, 9, 19, 35, 28, 19]	dwuiiis81s
[0, 0, 11, 33, 33, 18, 30, 37, 15, 13, 13, 1, 30, 16, 9]	k66r3-omma3pi
[4, 0, 23, 0, 14, 30, 11, 36, 8, 15, 15, 1, 1, 16, 9]	dwn3k9hooaapi
[0, 33, 33, 17, 11, 36, 37, 8, 15, 15, 1, 1, 22, 12, 21]	66qk9-hooaavlu
[0, 4, 0, 0, 30, 11, 31, 15, 37, 15, 13, 37, 1, 16, 20]	d3k4o-om-apt
[23, 0, 0, 0, 14, 4, 14, 21, 21, 9, 21, 29, 29, 24, 19]	wndnuuiu22xs
[14, 33, 11, 33, 35, 25, 31, 15, 36, 33, 15, 1, 22, 16, 9]	n6k68y4o96oavpi
[23, 0, 0, 14, 0, 9, 14, 21, 21, 34, 9, 9, 19, 19, 19]	wninuu7iisss
[0, 14, 36, 33, 27, 11, 11, 18, 11, 13, 37, 22, 1, 3, 34]	n960kkrkm-vac7
[4, 27, 0, 27, 11, 18, 15, 11, 15, 13, 13, 37, 30, 17, 21]	d00krokomm-3qu
[0, 14, 0, 0, 4, 0, 0, 0, 9, 9, 21, 9, 19, 19, 6]	ndiiuissf
[0, 0, 9, 27, 27, 36, 15, 36, 15, 15, 25, 37, 1, 20, 9]	i009o9ooy-ati
[0, 33, 30, 30, 36, 30, 15, 18, 33, 13, 22, 1, 1, 16, 21]	63393or6mvaapu
[4, 0, 30, 12, 27, 13, 26, 15, 25, 13, 13, 1, 1, 17, 21]	d3l0mzoymmaaqu
[0, 9, 0, 0, 0, 30, 18, 5, 5, 15, 13, 1, 30, 16, 9]	i3reeoma3pi
Epoch is 11
epoch 11	[ DISC	loss : 0.715406 ]	[ ADV	loss : 0.673217 ]
[0, 23, 0, 0, 0, 0, 0, 27, 37, 1, 37, 1, 0, 12, 12]	w0-a-all
[23, 0, 23, 0, 23, 0, 0, 36, 1, 13, 10, 13, 14, 0, 12]	www9amjmnl
[0, 31, 17, 17, 15, 33, 13, 5, 15, 10, 15, 16, 20, 6, 21]	4qqo6meojoptfu
[0, 0, 0, 0, 0, 0, 0, 27, 37, 1, 1, 13, 22, 12, 12]	0-aamvll
[0, 0, 0, 0, 0, 0, 0, 19, 17, 1, 37, 13, 1, 14, 28]	sqa-man1
[0, 23, 23, 0, 4, 0, 0, 27, 33, 10, 10, 10, 13, 0, 22]	wwd06jjjmv
[0, 0, 0, 23, 0, 0, 0, 36, 1, 37, 37, 12, 12, 12, 12]	w9a--llll
[0, 0, 0, 0, 0, 0, 0, 0, 37, 1, 10, 13, 14, 12, 12]	-ajmnll
[4, 0, 17, 17, 17, 10, 3, 13, 15, 16, 16, 20, 6, 17, 34]	dqqqjcmopptfq7
[4, 34, 17, 17, 13, 17, 33, 16, 15, 15, 20, 16, 15, 31, 0]	d7qqmq6pootpo4
[0, 23, 0, 0, 0, 0, 0, 27, 37, 37, 37, 37, 0, 12, 12]	w0----ll
[0, 0, 0, 0, 0, 23, 0, 23, 37, 37, 1, 13, 14, 12, 22]	ww--amnlv
[0, 0, 23, 0, 0, 0, 0, 27, 33, 5, 1, 10, 14, 12, 12]	w06eajnll
[4, 34, 33, 17, 17, 5, 16, 33, 15, 16, 16, 15, 20, 6, 0]	d76qqep6oppotf
[0, 0, 0, 0, 0, 0, 0, 27, 10, 13, 13, 14, 14, 12, 12]	0jmmnnll
Epoch is 12
epoch 12	[ DISC	loss : 0.713948 ]	[ ADV	loss : 0.673323 ]
[4, 23, 15, 31, 0, 0, 0, 2, 10, 35, 20, 16, 20, 3, 0]	dwo4bj8tptc
[0, 34, 7, 30, 30, 34, 4, 37, 37, 10, 35, 5, 9, 32, 3]	7g337d--j8ei5c
[34, 30, 30, 34, 0, 34, 2, 4, 35, 35, 16, 5, 32, 32, 34]	73377bd88pe557
[31, 31, 26, 22, 36, 0, 4, 0, 35, 35, 16, 16, 20, 9, 34]	44zv9d88ppti7
[0, 23, 23, 0, 9, 0, 21, 0, 10, 10, 17, 5, 16, 32, 4]	wwiujjqep5d
[0, 11, 15, 4, 30, 0, 30, 0, 10, 16, 5, 5, 20, 6, 4]	kod33jpeetfd
[0, 0, 23, 4, 0, 0, 4, 21, 35, 37, 35, 5, 20, 6, 4]	wddu8-8etfd
[30, 9, 26, 8, 22, 22, 8, 8, 8, 8, 22, 35, 0, 22, 36]	3izhvvhhhhv8v9
[23, 31, 30, 31, 0, 0, 21, 34, 17, 33, 16, 17, 16, 20, 34]	w434u7q6pqpt7
[0, 0, 15, 30, 4, 34, 0, 2, 35, 10, 16, 16, 20, 20, 21]	o3d7b8jppttu
[34, 0, 0, 15, 0, 21, 14, 14, 10, 10, 16, 5, 20, 20, 4]	7ounnjjpettd
[31, 31, 31, 15, 36, 22, 8, 22, 22, 8, 8, 1, 4, 8, 36]	444o9vhvvhhadh9
[31, 15, 0, 30, 30, 0, 14, 0, 10, 10, 5, 16, 3, 20, 0]	4o33njjepct
[34, 15, 0, 7, 34, 0, 0, 10, 10, 35, 25, 16, 20, 20, 34]	7og7jj8yptt7
[0, 31, 15, 0, 23, 15, 23, 0, 37, 35, 17, 16, 16, 20, 4]	4owow-8qpptd
Epoch is 13
epoch 13	[ DISC	loss : 0.712713 ]	[ ADV	loss : 0.674909 ]
[0, 16, 20, 20, 20, 16, 4, 4, 4, 4, 4, 4, 4, 31, 22]	ptttpddddddd4v
[20, 20, 20, 20, 16, 16, 4, 4, 4, 4, 4, 4, 4, 31, 22]	ttttppddddddd4v
[0, 30, 0, 0, 0, 0, 0, 27, 12, 27, 12, 14, 22, 20, 20]	30l0lnvtt
[0, 0, 0, 0, 21, 0, 14, 27, 26, 24, 12, 14, 12, 11, 20]	un0zxlnlkt
[20, 20, 20, 16, 20, 16, 4, 4, 4, 4, 4, 4, 4, 34, 12]	tttptpddddddd7l
[0, 0, 0, 0, 0, 0, 0, 12, 1, 12, 12, 12, 22, 11, 20]	lalllvkt
[0, 0, 0, 0, 0, 0, 0, 12, 14, 22, 12, 12, 0, 11, 20]	lnvllkt
[16, 20, 20, 20, 16, 4, 4, 4, 4, 4, 4, 4, 4, 31, 12]	ptttpdddddddd4l
[0, 0, 31, 0, 0, 0, 14, 24, 12, 10, 12, 12, 11, 15, 20]	4nxljllkot
[30, 30, 30, 0, 0, 0, 0, 19, 12, 14, 12, 12, 0, 23, 20]	333slnllwt
[16, 16, 16, 16, 16, 16, 4, 4, 4, 4, 4, 4, 4, 31, 22]	ppppppddddddd4v
[0, 0, 0, 0, 21, 21, 0, 35, 12, 12, 14, 12, 12, 11, 20]	uu8llnllkt
[30, 0, 0, 30, 0, 0, 30, 12, 12, 12, 12, 12, 12, 11, 20]	333llllllkt
[20, 20, 20, 20, 16, 20, 4, 4, 4, 4, 4, 4, 4, 31, 22]	ttttptddddddd4v
[0, 31, 5, 16, 9, 16, 4, 4, 4, 4, 4, 4, 4, 31, 22]	4epipddddddd4v
Epoch is 14
epoch 14	[ DISC	loss : 0.711123 ]	[ ADV	loss : 0.675767 ]
[0, 0, 0, 0, 0, 0, 0, 4, 4, 8, 31, 4, 31, 31, 31]	ddh4d444
[0, 2, 0, 0, 0, 0, 0, 31, 4, 4, 4, 31, 31, 31, 31]	b4ddd4444
[0, 0, 0, 19, 19, 19, 19, 12, 14, 7, 7, 26, 20, 20, 5]	sssslnggztte
[0, 0, 2, 0, 19, 19, 19, 12, 7, 14, 7, 21, 20, 33, 29]	bssslgngut62
[0, 0, 0, 0, 19, 19, 19, 13, 12, 7, 7, 26, 20, 20, 29]	sssmlggztt2
[0, 0, 0, 0, 19, 19, 19, 22, 7, 14, 7, 26, 35, 20, 5]	sssvgngz8te
[0, 0, 0, 0, 19, 19, 19, 19, 7, 7, 7, 21, 20, 20, 5]	ssssgggutte
[0, 0, 0, 0, 0, 0, 0, 5, 4, 31, 4, 4, 4, 15, 31]	ed4dddo4
[0, 0, 0, 0, 19, 19, 19, 1, 1, 7, 7, 26, 20, 20, 5]	sssaaggztte
[0, 0, 0, 0, 0, 0, 35, 31, 8, 4, 31, 31, 31, 31, 20]	84hd4444t
[0, 0, 0, 0, 0, 0, 35, 35, 4, 31, 31, 31, 31, 15, 26]	88d4444oz
[31, 0, 0, 0, 19, 19, 22, 1, 22, 12, 7, 14, 20, 20, 29]	4ssvavlgntt2
[0, 0, 0, 19, 19, 19, 19, 19, 12, 7, 12, 26, 15, 20, 5]	ssssslglzote
[0, 0, 0, 0, 0, 0, 2, 4, 4, 31, 4, 4, 31, 31, 33]	bdd4dd446
[0, 0, 0, 0, 19, 19, 10, 19, 1, 7, 12, 21, 20, 20, 5]	ssjsaglutte
Epoch is 15
epoch 15	[ DISC	loss : 0.711548 ]	[ ADV	loss : 0.675353 ]
[0, 0, 0, 37, 2, 0, 35, 35, 37, 0, 2, 2, 8, 18, 28]	-b88-bbhr1
[20, 31, 31, 31, 31, 18, 31, 22, 22, 22, 24, 22, 29, 19, 27]	t4444r4vvvxv2s0
[2, 0, 0, 0, 0, 0, 0, 35, 0, 0, 2, 2, 4, 18, 23]	b8bbdrw
[0, 2, 0, 0, 0, 0, 0, 0, 35, 2, 2, 2, 18, 18, 28]	b8bbbrr1
[0, 0, 0, 0, 0, 0, 0, 0, 0, 2, 2, 2, 4, 18, 31]	bbbdr4
[31, 18, 20, 31, 20, 31, 31, 10, 22, 14, 22, 22, 19, 19, 19]	4rt4t44jvnvvsss
[0, 0, 0, 0, 0, 0, 0, 0, 35, 0, 2, 2, 2, 4, 28]	8bbbd1
[0, 0, 0, 0, 0, 2, 0, 37, 35, 2, 2, 2, 8, 31, 31]	b-8bbbh44
[0, 0, 0, 0, 0, 35, 37, 0, 35, 0, 2, 2, 2, 4, 31]	8-8bbbd4
[20, 20, 18, 31, 31, 31, 31, 10, 22, 14, 7, 22, 19, 19, 30]	ttr4444jvngvss3
[0, 18, 31, 20, 18, 0, 18, 19, 30, 10, 22, 22, 22, 14, 19]	r4trrs3jvvvns
[0, 0, 0, 0, 0, 0, 0, 0, 0, 2, 2, 18, 4, 31, 28]	bbrd41
[31, 31, 18, 31, 18, 31, 18, 22, 9, 22, 22, 7, 14, 1, 22]	44r4r4rvivvgnav
[31, 18, 31, 18, 18, 18, 18, 1, 22, 22, 22, 22, 14, 19, 22]	4r4rrrravvvvnsv
[31, 18, 31, 18, 20, 31, 31, 31, 30, 30, 22, 10, 19, 1, 17]	4r4rt44433vjsaq
Epoch is 16
epoch 16	[ DISC	loss : 0.710173 ]	[ ADV	loss : 0.676295 ]
[20, 0, 0, 20, 20, 0, 0, 0, 0, 26, 15, 4, 18, 18, 23]	tttzodrrw
[0, 31, 0, 0, 0, 0, 35, 0, 34, 26, 8, 8, 18, 18, 28]	487zhhrr1
[31, 0, 16, 6, 6, 9, 5, 9, 33, 12, 12, 12, 26, 17, 0]	4pffiei6lllzq
[0, 6, 16, 16, 6, 9, 19, 10, 9, 12, 12, 12, 24, 14, 10]	fppfisjilllxnj
[0, 0, 0, 0, 0, 0, 0, 0, 26, 26, 4, 8, 36, 23, 15]	zzdh9wo
[0, 6, 6, 6, 6, 9, 9, 29, 3, 12, 7, 34, 34, 14, 10]	ffffii2clg77nj
[31, 0, 6, 16, 6, 19, 4, 3, 3, 10, 12, 24, 15, 35, 10]	4fpfsdccjlxo8j
[0, 0, 0, 0, 20, 0, 20, 35, 15, 26, 15, 8, 18, 18, 18]	tt8ozohrrr
[0, 0, 0, 31, 20, 28, 0, 26, 0, 15, 15, 8, 23, 18, 28]	4t1zoohwr1
[20, 6, 6, 6, 6, 9, 9, 3, 29, 29, 7, 26, 26, 29, 29]	tffffiic22gzz22
[0, 0, 0, 0, 0, 0, 0, 0, 26, 26, 26, 4, 18, 23, 31]	zzzdrw4
[0, 31, 0, 0, 0, 0, 0, 26, 35, 26, 4, 4, 18, 23, 18]	4z8zddrwr
[31, 16, 6, 31, 6, 9, 8, 19, 3, 10, 12, 24, 15, 12, 10]	4pf4fihscjlxolj
[0, 0, 0, 20, 0, 26, 31, 26, 35, 15, 4, 8, 18, 31, 15]	tz4z8odhr4o
[0, 6, 16, 16, 6, 27, 29, 9, 27, 29, 12, 24, 24, 29, 29]	fppf02i02lxx22
Epoch is 17
epoch 17	[ DISC	loss : 0.709842 ]	[ ADV	loss : 0.677185 ]
[0, 0, 0, 0, 0, 28, 28, 0, 0, 21, 21, 21, 8, 5, 0]	11uuuhe
[0, 0, 0, 0, 0, 19, 14, 14, 14, 29, 7, 17, 20, 5, 10]	snnn2gqtej
[0, 0, 0, 0, 0, 14, 14, 19, 33, 10, 7, 26, 16, 4, 30]	nns6jgzpd3
[37, 0, 0, 0, 0, 19, 19, 14, 33, 29, 7, 15, 26, 5, 27]	-ssn62goze0
[0, 37, 0, 0, 0, 28, 0, 0, 11, 15, 21, 21, 36, 5, 31]	-1kouu9e4
[0, 0, 0, 0, 0, 19, 14, 14, 29, 14, 7, 3, 20, 19, 10]	snn2ngctsj
[0, 0, 0, 0, 0, 0, 0, 0, 35, 21, 21, 8, 5, 5, 0]	8uuhee
[0, 0, 0, 0, 0, 14, 19, 14, 33, 33, 7, 7, 24, 27, 10]	nsn66ggx0j
[0, 0, 0, 28, 0, 19, 14, 33, 14, 33, 7, 7, 16, 13, 10]	1sn6n6ggpmj
[0, 0, 0, 0, 0, 19, 19, 19, 29, 33, 12, 7, 20, 19, 10]	sss26lgtsj
[31, 0, 0, 37, 0, 14, 14, 29, 10, 33, 7, 26, 16, 19, 10]	4-nn2j6gzpsj
[0, 0, 0, 0, 0, 19, 19, 14, 33, 10, 7, 17, 15, 19, 10]	ssn6jgqosj
[0, 0, 0, 0, 28, 0, 14, 14, 33, 10, 3, 16, 16, 13, 30]	1nn6jcppm3
[0, 0, 0, 0, 0, 19, 14, 19, 29, 33, 7, 7, 20, 5, 10]	sns26ggtej
[19, 27, 10, 7, 17, 20, 19, 10, 7, 16, 19, 12, 12, 26, 27]	s0jgqtsjgpsllz0
Epoch is 18
epoch 18	[ DISC	loss : 0.708406 ]	[ ADV	loss : 0.679197 ]
[24, 0, 0, 0, 0, 0, 0, 20, 20, 19, 19, 9, 9, 18, 0]	xttssiir
[0, 0, 0, 0, 0, 0, 28, 20, 20, 19, 8, 15, 9, 18, 37]	1ttshoir-
[31, 22, 22, 22, 19, 19, 19, 19, 19, 24, 22, 24, 19, 14, 19]	4vvvsssssxvxsns
[31, 24, 19, 22, 22, 19, 19, 19, 19, 19, 22, 19, 19, 19, 19]	4xsvvsssssvssss
[0, 0, 24, 22, 22, 14, 19, 19, 29, 5, 16, 16, 26, 13, 27]	xvvnss2eppzm0
[31, 0, 0, 24, 0, 22, 0, 20, 20, 19, 19, 15, 9, 16, 0]	4xvttssoip
[0, 0, 28, 0, 28, 0, 0, 20, 20, 11, 19, 15, 9, 18, 0]	11ttksoir
[0, 0, 28, 0, 0, 28, 28, 20, 11, 20, 19, 15, 9, 18, 0]	111tktsoir
[0, 0, 0, 0, 0, 0, 0, 11, 20, 20, 8, 21, 9, 1, 35]	ktthuia8
[0, 24, 31, 22, 8, 19, 19, 14, 19, 14, 19, 22, 0, 19, 14]	x4vhssnsnsvsn
[24, 0, 0, 0, 0, 0, 37, 20, 20, 20, 19, 15, 9, 18, 0]	x-tttsoir
[0, 0, 22, 22, 22, 19, 19, 19, 29, 5, 16, 16, 2, 13, 35]	vvvsss2eppbm8
[0, 0, 0, 0, 37, 0, 28, 20, 20, 20, 19, 8, 9, 9, 1]	-1tttshiia
[0, 0, 28, 0, 0, 28, 0, 20, 20, 13, 8, 15, 9, 6, 35]	11ttmhoif8
[24, 22, 24, 22, 19, 19, 14, 19, 24, 22, 22, 22, 14, 14, 10]	xvxvssnsxvvvnnj
Epoch is 19
epoch 19	[ DISC	loss : 0.708349 ]	[ ADV	loss : 0.678457 ]
[31, 0, 15, 9, 9, 5, 5, 5, 5, 5, 5, 3, 7, 2, 19]	4oiieeeeeecgbs
[8, 8, 6, 6, 9, 9, 5, 5, 5, 19, 23, 9, 18, 9, 5]	hhffiieeeswirie
[9, 15, 9, 9, 5, 9, 5, 5, 5, 6, 18, 5, 5, 5, 5]	ioiieieeefreeee
[0, 0, 0, 0, 0, 28, 0, 28, 1, 1, 1, 1, 10, 11, 20]	11aaaajkt
[0, 0, 0, 24, 0, 24, 28, 35, 1, 1, 22, 1, 10, 15, 15]	xx18aavajoo
[0, 11, 5, 0, 9, 5, 5, 5, 5, 5, 3, 3, 2, 13, 12]	keieeeeeccbml
[0, 0, 28, 0, 0, 0, 0, 0, 1, 1, 1, 13, 13, 36, 20]	1aaamm9t
[19, 15, 6, 9, 5, 5, 5, 5, 5, 5, 3, 7, 2, 13, 12]	sofieeeeeecgbml
[5, 8, 6, 18, 9, 5, 5, 5, 5, 5, 8, 18, 9, 5, 5]	ehfrieeeeehriee
[24, 0, 0, 0, 0, 0, 28, 0, 1, 1, 1, 1, 10, 36, 20]	x1aaaaj9t
[0, 0, 0, 0, 0, 0, 0, 0, 1, 1, 22, 1, 27, 36, 15]	aava09o
[0, 0, 0, 0, 0, 0, 28, 0, 0, 0, 22, 1, 1, 0, 15]	1vaao
[28, 0, 31, 0, 0, 0, 0, 0, 35, 22, 1, 1, 30, 8, 20]	148vaa3ht
[4, 6, 9, 9, 8, 6, 5, 5, 5, 5, 9, 6, 9, 5, 5]	dfiihfeeeeifiee
[0, 0, 0, 0, 0, 28, 0, 35, 1, 1, 1, 1, 9, 11, 15]	18aaaaiko
Epoch is 20
epoch 20	[ DISC	loss : 0.707440 ]	[ ADV	loss : 0.679271 ]
[0, 28, 15, 8, 18, 15, 18, 8, 18, 18, 18, 18, 18, 5, 5]	1ohrorhrrrrree
[0, 0, 15, 15, 4, 18, 18, 8, 18, 18, 5, 18, 9, 14, 5]	oodrrhrrerine
[24, 31, 15, 8, 4, 18, 8, 18, 5, 18, 5, 5, 5, 9, 9]	x4ohdrhrereeeii
[0, 15, 15, 8, 18, 18, 18, 18, 18, 18, 18, 5, 5, 9, 5]	oohrrrrrrreeie
[0, 0, 0, 0, 0, 0, 0, 0, 17, 37, 1, 10, 5, 0, 35]	q-aje8
[0, 0, 0, 0, 0, 0, 0, 0, 28, 1, 19, 13, 9, 15, 31]	1asmio4
[0, 0, 18, 8, 8, 8, 18, 8, 5, 5, 9, 5, 5, 5, 5]	rhhhrheeieeee
[0, 0, 0, 0, 8, 18, 18, 18, 5, 5, 18, 9, 5, 5, 9]	hrrreerieei
[0, 0, 0, 0, 28, 0, 0, 17, 17, 1, 37, 13, 5, 31, 35]	1qqa-me48
[20, 20, 0, 0, 0, 0, 0, 0, 17, 1, 1, 13, 5, 8, 35]	ttqaameh8
[0, 20, 0, 0, 0, 0, 0, 0, 28, 37, 19, 19, 5, 28, 31]	t1-sse14
[0, 0, 0, 28, 0, 20, 0, 28, 1, 1, 1, 13, 9, 15, 35]	1t1aaamio8
[0, 0, 0, 0, 0, 0, 0, 28, 2, 1, 22, 10, 9, 0, 31]	1bavji4
[0, 15, 8, 4, 8, 18, 18, 18, 5, 5, 5, 5, 19, 18, 5]	ohdhrrreeeesre
[0, 0, 0, 0, 20, 0, 0, 17, 35, 19, 10, 13, 5, 11, 31]	tq8sjmek4
Epoch is 21
epoch 21	[ DISC	loss : 0.705835 ]	[ ADV	loss : 0.681029 ]
[17, 17, 26, 3, 3, 35, 26, 3, 35, 31, 35, 35, 18, 18, 5]	qqzcc8zc8488rre
[0, 0, 0, 0, 28, 0, 0, 20, 16, 16, 10, 9, 4, 0, 1]	1tppjida
[17, 17, 26, 26, 3, 3, 26, 35, 35, 18, 26, 35, 18, 18, 5]	qqzzccz88rz8rre
[0, 0, 28, 0, 0, 20, 0, 9, 10, 16, 10, 9, 15, 0, 1]	1tijpjioa
[0, 0, 20, 0, 0, 0, 0, 9, 16, 16, 10, 9, 4, 1, 1]	tippjidaa
[0, 0, 24, 0, 0, 0, 0, 9, 16, 16, 10, 9, 4, 1, 1]	xippjidaa
[0, 28, 0, 20, 20, 0, 0, 9, 16, 16, 10, 9, 15, 1, 1]	1ttippjioaa
[0, 0, 0, 0, 28, 0, 0, 9, 13, 16, 10, 9, 15, 8, 19]	1impjiohs
[24, 28, 0, 28, 0, 28, 0, 9, 16, 16, 16, 9, 15, 4, 1]	x111ipppioda
[0, 28, 0, 0, 28, 0, 20, 9, 13, 16, 32, 9, 15, 1, 1]	11timp5ioaa
[28, 0, 0, 0, 20, 0, 0, 9, 13, 16, 16, 9, 4, 1, 0]	1timppida
[0, 28, 0, 0, 28, 0, 28, 9, 16, 16, 10, 9, 15, 1, 1]	111ippjioaa
[17, 17, 3, 3, 3, 26, 3, 26, 35, 18, 18, 18, 18, 18, 9]	qqccczcz8rrrrri
[20, 0, 0, 0, 0, 28, 0, 0, 9, 16, 16, 16, 9, 36, 1]	t1ipppi9a
[28, 28, 0, 0, 0, 20, 0, 9, 16, 16, 32, 9, 15, 8, 1]	11tipp5ioha
Epoch is 22
epoch 22	[ DISC	loss : 0.704485 ]	[ ADV	loss : 0.681914 ]
[0, 0, 0, 0, 0, 0, 14, 14, 14, 14, 23, 9, 15, 3, 35]	nnnnwioc8
[9, 0, 0, 0, 0, 0, 9, 14, 14, 14, 32, 9, 8, 3, 1]	iinnn5ihca
[20, 0, 0, 0, 0, 0, 14, 14, 14, 14, 23, 9, 24, 3, 1]	tnnnnwixca
[9, 9, 9, 4, 35, 26, 35, 5, 5, 35, 35, 16, 26, 18, 9]	iiid8z8ee88pzri
[9, 9, 9, 4, 18, 18, 3, 26, 35, 18, 35, 5, 5, 5, 9]	iiidrrcz8r8eeei
[9, 9, 9, 4, 18, 4, 26, 26, 35, 5, 35, 26, 5, 35, 35]	iiidrdzz8e8ze88
[0, 0, 0, 0, 0, 0, 14, 14, 14, 14, 23, 9, 8, 3, 35]	nnnnwihc8
[9, 9, 9, 4, 18, 4, 26, 35, 3, 26, 26, 35, 19, 35, 9]	iiidrdz8czz8s8i
[0, 0, 0, 0, 20, 0, 0, 14, 14, 14, 23, 9, 24, 3, 1]	tnnnwixca
[9, 9, 0, 0, 0, 0, 14, 14, 14, 14, 23, 9, 24, 3, 35]	iinnnnwixc8
[0, 0, 0, 0, 0, 0, 14, 14, 14, 14, 23, 9, 15, 3, 31]	nnnnwioc4
[9, 9, 4, 35, 19, 18, 35, 18, 18, 35, 19, 35, 35, 18, 9]	iid8sr8rr8s88ri
[0, 0, 0, 20, 0, 0, 14, 14, 14, 14, 23, 9, 24, 3, 31]	tnnnnwixc4
[0, 20, 0, 0, 0, 0, 9, 14, 14, 14, 23, 9, 15, 3, 26]	tinnnwiocz
[9, 9, 18, 18, 18, 18, 18, 18, 35, 35, 35, 19, 18, 26, 9]	iirrrrrr888srzi
Epoch is 23
epoch 23	[ DISC	loss : 0.703979 ]	[ ADV	loss : 0.682350 ]
[9, 4, 18, 18, 18, 18, 19, 19, 18, 18, 18, 18, 18, 18, 5]	idrrrrssrrrrrre
[0, 0, 0, 0, 0, 14, 14, 21, 10, 9, 36, 12, 12, 12, 31]	nnuji9lll4
[0, 0, 0, 33, 0, 0, 14, 14, 21, 10, 9, 8, 12, 12, 31]	6nnujihll4
[0, 0, 0, 0, 0, 0, 0, 14, 21, 10, 9, 15, 12, 12, 18]	nujiollr
[9, 0, 0, 0, 0, 0, 14, 14, 21, 10, 9, 36, 12, 12, 12]	innuji9lll
[0, 0, 0, 0, 0, 0, 14, 21, 10, 9, 8, 12, 12, 12, 31]	nujihlll4
[4, 18, 18, 18, 18, 18, 19, 35, 18, 18, 18, 18, 19, 18, 9]	drrrrrs8rrrrsri
[0, 0, 0, 0, 0, 0, 14, 21, 10, 9, 15, 12, 12, 12, 0]	nujiolll
[0, 0, 0, 0, 0, 0, 14, 14, 21, 10, 9, 8, 12, 12, 12]	nnujihlll
[0, 0, 0, 0, 0, 0, 14, 14, 21, 10, 9, 8, 12, 12, 31]	nnujihll4
[9, 4, 18, 18, 18, 35, 19, 11, 19, 18, 19, 18, 35, 18, 9]	idrrr8sksrsr8ri
[4, 18, 18, 18, 18, 19, 11, 35, 18, 18, 18, 18, 18, 18, 9]	drrrrsk8rrrrrri
[0, 0, 0, 20, 0, 0, 14, 14, 10, 10, 9, 36, 12, 12, 9]	tnnjji9lli
[0, 0, 33, 33, 0, 0, 14, 14, 10, 9, 36, 12, 12, 12, 35]	66nnji9lll8
[20, 0, 0, 0, 0, 0, 20, 14, 14, 21, 10, 9, 8, 12, 35]	ttnnujihl8
Epoch is 24
epoch 24	[ DISC	loss : 0.704622 ]	[ ADV	loss : 0.681149 ]
[4, 15, 15, 15, 15, 15, 15, 15, 4, 15, 15, 15, 15, 15, 5]	dooooooodoooooe
[33, 0, 0, 0, 0, 0, 0, 26, 26, 26, 12, 4, 21, 21, 36]	6zzzlduu9
[28, 0, 0, 0, 0, 0, 34, 29, 26, 26, 12, 12, 4, 21, 36]	172zzlldu9
[0, 0, 0, 0, 28, 0, 0, 26, 26, 12, 4, 4, 21, 21, 36]	1zzldduu9
[9, 0, 0, 0, 0, 0, 0, 0, 26, 26, 26, 12, 4, 21, 36]	izzzldu9
[9, 15, 15, 15, 15, 15, 15, 15, 15, 15, 15, 15, 4, 15, 5]	iooooooooooodoe
[4, 15, 15, 15, 15, 15, 15, 15, 15, 15, 15, 15, 15, 4, 5]	doooooooooooode
[4, 15, 15, 15, 15, 15, 15, 15, 4, 4, 15, 15, 15, 4, 5]	doooooooddooode
[0, 0, 0, 0, 28, 0, 0, 1, 26, 26, 12, 4, 21, 21, 14]	1azzlduun
[0, 0, 0, 0, 0, 0, 28, 0, 26, 12, 26, 12, 4, 21, 36]	1zlzldu9
[0, 0, 0, 0, 0, 0, 0, 0, 26, 26, 12, 4, 4, 21, 36]	zzlddu9
[0, 28, 0, 28, 0, 0, 34, 26, 1, 26, 12, 4, 21, 21, 36]	117zazlduu9
[0, 28, 0, 0, 0, 0, 0, 26, 26, 26, 12, 4, 21, 21, 14]	1zzzlduun
[0, 0, 0, 28, 0, 0, 0, 1, 26, 26, 12, 4, 4, 21, 36]	1azzlddu9
[0, 0, 33, 28, 0, 0, 0, 1, 26, 26, 12, 4, 21, 21, 36]	61azzlduu9
Epoch is 25
epoch 25	[ DISC	loss : 0.703388 ]	[ ADV	loss : 0.682785 ]
[4, 4, 18, 18, 4, 18, 18, 18, 18, 18, 15, 15, 18, 15, 15]	ddrrdrrrrrooroo
[0, 0, 0, 0, 0, 0, 14, 1, 1, 1, 18, 1, 1, 1, 1]	naaaraaaa
[0, 0, 0, 0, 0, 0, 14, 14, 1, 1, 18, 1, 1, 1, 1]	nnaaraaaa
[0, 0, 0, 0, 0, 0, 14, 14, 1, 1, 18, 1, 1, 1, 1]	nnaaraaaa
[0, 0, 28, 0, 0, 14, 1, 1, 1, 18, 1, 1, 1, 1, 1]	1naaaraaaaa
[0, 0, 0, 28, 28, 0, 14, 1, 1, 1, 18, 1, 1, 1, 1]	11naaaraaaa
[0, 0, 0, 0, 28, 0, 14, 1, 1, 18, 1, 1, 1, 1, 1]	1naaraaaaa
[0, 0, 0, 0, 0, 0, 14, 1, 1, 18, 1, 1, 1, 1, 1]	naaraaaaa
[0, 0, 28, 0, 0, 0, 28, 14, 1, 1, 1, 18, 1, 1, 1]	11naaaraaa
[0, 0, 0, 28, 0, 0, 14, 14, 1, 1, 18, 1, 1, 1, 1]	1nnaaraaaa
[0, 0, 0, 28, 0, 0, 14, 14, 1, 1, 18, 1, 1, 1, 1]	1nnaaraaaa
[28, 0, 0, 28, 0, 0, 14, 14, 1, 1, 18, 1, 1, 1, 1]	11nnaaraaaa
[0, 0, 34, 0, 28, 0, 14, 14, 1, 1, 18, 1, 1, 1, 1]	71nnaaraaaa
[0, 28, 0, 0, 0, 0, 0, 14, 1, 1, 18, 1, 1, 1, 18]	1naaraaar
[0, 0, 0, 0, 0, 0, 34, 14, 1, 1, 18, 18, 1, 1, 1]	7naarraaa
Epoch is 26
epoch 26	[ DISC	loss : 0.703925 ]	[ ADV	loss : 0.682769 ]
[0, 0, 0, 0, 0, 0, 0, 9, 14, 14, 26, 12, 18, 20, 12]	innzlrtl
[0, 1, 0, 0, 0, 0, 0, 9, 14, 26, 12, 18, 20, 20, 18]	ainzlrttr
[0, 0, 0, 0, 0, 0, 30, 14, 14, 26, 12, 18, 20, 20, 18]	3nnzlrttr
[1, 1, 0, 0, 0, 0, 9, 14, 14, 12, 18, 20, 20, 18, 19]	aainnlrttrs
[18, 12, 18, 12, 21, 16, 16, 16, 16, 16, 16, 16, 16, 16, 16]	rlrlupppppppppp
[18, 12, 12, 12, 12, 21, 16, 16, 16, 16, 16, 16, 16, 16, 16]	rlllluppppppppp
[1, 0, 0, 0, 0, 0, 0, 9, 14, 14, 26, 12, 18, 20, 20]	ainnzlrtt
[1, 0, 0, 0, 0, 0, 0, 14, 14, 26, 12, 18, 20, 1, 18]	annzlrtar
[0, 0, 0, 0, 0, 0, 0, 9, 14, 14, 26, 12, 18, 20, 1]	innzlrta
[0, 0, 0, 0, 0, 0, 0, 9, 14, 14, 26, 12, 18, 20, 1]	innzlrta
[0, 0, 0, 0, 0, 0, 30, 9, 14, 14, 26, 12, 18, 20, 20]	3innzlrtt
[0, 0, 0, 0, 0, 0, 0, 9, 14, 14, 26, 12, 18, 20, 20]	innzlrtt
[0, 0, 0, 0, 0, 30, 0, 14, 14, 26, 12, 18, 20, 20, 18]	3nnzlrttr
[0, 0, 0, 0, 0, 0, 9, 14, 14, 26, 12, 18, 20, 20, 18]	innzlrttr
[0, 0, 0, 0, 0, 0, 30, 14, 14, 26, 12, 18, 20, 20, 18]	3nnzlrttr
Epoch is 27
epoch 27	[ DISC	loss : 0.702559 ]	[ ADV	loss : 0.683122 ]
[0, 0, 29, 29, 0, 0, 0, 5, 5, 15, 12, 18, 14, 25, 25]	22eeolrnyy
[18, 18, 12, 18, 18, 21, 21, 9, 14, 5, 9, 14, 14, 21, 5]	rrlrruuineinnue
[18, 29, 0, 0, 29, 0, 34, 5, 5, 15, 12, 18, 14, 25, 25]	r227eeolrnyy
[0, 0, 29, 0, 0, 0, 0, 5, 5, 15, 12, 18, 14, 25, 25]	2eeolrnyy
[18, 18, 18, 18, 18, 4, 9, 5, 14, 5, 21, 14, 9, 9, 5]	rrrrrdieneuniie
[30, 0, 0, 0, 29, 0, 34, 5, 5, 15, 12, 18, 14, 25, 25]	327eeolrnyy
[18, 18, 18, 18, 18, 21, 5, 21, 21, 21, 9, 9, 21, 14, 5]	rrrrrueuuuiiune
[18, 18, 18, 18, 18, 21, 14, 14, 14, 5, 5, 21, 9, 14, 5]	rrrrrunnneeuine
[0, 0, 0, 0, 0, 34, 5, 5, 5, 15, 12, 18, 14, 25, 25]	7eeeolrnyy
[0, 0, 0, 0, 0, 0, 5, 5, 15, 12, 18, 14, 25, 25, 25]	eeolrnyyy
[0, 0, 0, 0, 0, 0, 34, 5, 5, 15, 15, 12, 18, 14, 25]	7eeoolrny
[0, 0, 0, 30, 0, 34, 5, 15, 15, 12, 18, 14, 25, 25, 25]	37eoolrnyyy
[18, 18, 18, 18, 9, 14, 9, 14, 14, 21, 14, 14, 5, 5, 5]	rrrrininnunneee
[0, 0, 0, 0, 0, 34, 30, 5, 5, 15, 12, 18, 14, 25, 25]	73eeolrnyy
[18, 18, 18, 18, 18, 21, 9, 21, 14, 5, 21, 9, 14, 14, 5]	rrrrruiuneuinne
Epoch is 28
epoch 28	[ DISC	loss : 0.702764 ]	[ ADV	loss : 0.683664 ]
[0, 0, 0, 0, 0, 33, 33, 34, 25, 25, 25, 15, 15, 18, 19]	667yyyoors
[0, 0, 0, 0, 0, 0, 33, 34, 25, 25, 25, 15, 15, 18, 19]	67yyyoors
[4, 12, 12, 0, 0, 33, 33, 34, 25, 25, 15, 15, 15, 5, 19]	dll667yyoooes
[0, 0, 0, 0, 0, 0, 33, 34, 25, 25, 25, 15, 15, 18, 19]	67yyyoors
[0, 30, 0, 0, 0, 33, 33, 25, 25, 25, 15, 15, 18, 19, 19]	366yyyoorss
[29, 0, 0, 0, 0, 0, 33, 34, 34, 25, 25, 25, 15, 15, 18]	2677yyyoor
[0, 0, 0, 0, 0, 0, 0, 33, 34, 34, 25, 25, 25, 15, 15]	677yyyoo
[0, 0, 0, 0, 0, 33, 33, 34, 25, 25, 15, 15, 18, 19, 19]	667yyoorss
[18, 12, 12, 12, 5, 5, 9, 5, 14, 22, 22, 19, 22, 22, 5]	rllleeienvvsvve
[0, 0, 0, 0, 0, 0, 34, 25, 25, 25, 15, 15, 18, 19, 19]	7yyyoorss
[0, 0, 0, 0, 33, 33, 25, 25, 25, 15, 15, 18, 19, 19, 35]	66yyyoorss8
[0, 0, 0, 0, 0, 0, 0, 0, 0, 0, 33, 33, 25, 25, 25]	66yyy
[0, 0, 0, 0, 0, 33, 33, 25, 25, 25, 15, 15, 18, 19, 19]	66yyyoorss
[0, 29, 0, 0, 0, 0, 33, 34, 25, 25, 25, 15, 15, 18, 19]	267yyyoors
[18, 12, 0, 0, 0, 33, 34, 25, 25, 25, 15, 15, 18, 19, 19]	rl67yyyoorss
Epoch is 29
epoch 29	[ DISC	loss : 0.703084 ]	[ ADV	loss : 0.682892 ]
[4, 36, 5, 19, 19, 19, 19, 19, 19, 19, 19, 19, 19, 19, 19]	d9essssssssssss
[0, 0, 0, 0, 0, 3, 19, 19, 16, 16, 1, 8, 29, 30, 1]	cssppah23a
[0, 0, 0, 0, 0, 3, 19, 19, 16, 16, 16, 8, 33, 30, 1]	cssppph63a
[0, 0, 0, 0, 0, 3, 19, 25, 16, 16, 1, 8, 29, 29, 1]	csyppah22a
[0, 0, 0, 0, 0, 0, 3, 19, 19, 16, 16, 8, 30, 30, 1]	csspph33a
[0, 0, 0, 0, 0, 0, 19, 19, 16, 16, 1, 8, 33, 30, 1]	ssppah63a
[0, 0, 0, 0, 0, 3, 19, 25, 16, 1, 8, 30, 30, 30, 1]	csypah333a
[0, 0, 0, 0, 0, 0, 3, 19, 19, 16, 16, 15, 18, 30, 19]	cssppor3s
[4, 1, 36, 36, 5, 36, 5, 36, 5, 9, 19, 19, 22, 22, 19]	da99e9e9eissvvs
[0, 0, 0, 0, 0, 3, 19, 19, 16, 16, 1, 8, 30, 29, 1]	cssppah32a
[0, 0, 0, 0, 0, 0, 19, 19, 16, 16, 1, 8, 30, 30, 1]	ssppah33a
[0, 0, 0, 0, 0, 3, 19, 19, 16, 16, 1, 8, 30, 30, 1]	cssppah33a
[0, 0, 0, 0, 0, 3, 19, 25, 16, 16, 1, 8, 33, 30, 1]	csyppah63a
[0, 0, 0, 0, 0, 3, 19, 25, 16, 16, 8, 30, 30, 29, 1]	csypph332a
[0, 0, 0, 0, 0, 3, 19, 19, 16, 16, 15, 8, 30, 30, 1]	cssppoh33a
Epoch is 30
epoch 30	[ DISC	loss : 0.703294 ]	[ ADV	loss : 0.682885 ]
[4, 1, 1, 15, 5, 5, 19, 19, 19, 19, 19, 19, 9, 19, 5]	daaoeessssssise
[0, 0, 0, 0, 0, 29, 12, 5, 5, 2, 2, 1, 18, 5, 9]	2leebbarei
[29, 29, 0, 0, 0, 0, 12, 12, 5, 5, 2, 2, 1, 18, 5]	22lleebbare
[18, 15, 0, 0, 29, 0, 12, 5, 2, 2, 1, 18, 5, 9, 19]	ro2lebbareis
[0, 0, 0, 0, 0, 0, 12, 5, 5, 2, 1, 1, 18, 5, 9]	leebaarei
[0, 0, 0, 0, 0, 0, 12, 12, 5, 14, 2, 1, 1, 18, 5]	llenbaare
[0, 0, 0, 0, 0, 0, 12, 5, 2, 2, 1, 18, 5, 33, 9]	lebbare6i
[0, 29, 0, 0, 0, 12, 12, 5, 5, 2, 2, 1, 18, 5, 9]	2lleebbarei
[4, 0, 0, 0, 0, 12, 12, 5, 14, 2, 1, 18, 5, 29, 9]	dllenbare2i
[0, 0, 0, 0, 0, 12, 12, 12, 5, 14, 2, 1, 1, 18, 9]	lllenbaari
[0, 0, 0, 29, 0, 0, 12, 12, 5, 5, 2, 1, 1, 18, 5]	2lleebaare
[0, 0, 0, 29, 0, 12, 12, 5, 5, 2, 1, 1, 18, 5, 9]	2lleebaarei
[0, 0, 0, 0, 0, 0, 12, 5, 5, 2, 2, 1, 18, 5, 9]	leebbarei
[4, 15, 0, 0, 0, 12, 12, 5, 5, 2, 2, 1, 18, 5, 9]	dolleebbarei
[4, 0, 0, 0, 0, 12, 12, 5, 5, 2, 2, 1, 1, 18, 5]	dlleebbaare
Epoch is 31
epoch 31	[ DISC	loss : 0.703699 ]	[ ADV	loss : 0.682819 ]
[0, 0, 0, 0, 0, 0, 0, 8, 21, 21, 16, 1, 1, 33, 20]	huupaa6t
[1, 1, 1, 1, 1, 5, 5, 9, 16, 14, 9, 16, 21, 9, 5]	aaaaaeeipnipuie
[1, 1, 1, 1, 1, 9, 18, 16, 16, 1, 1, 1, 1, 1, 19]	aaaaairppaaaaas
[0, 0, 0, 0, 0, 0, 0, 0, 13, 21, 21, 16, 1, 0, 19]	muupas
[0, 0, 0, 0, 0, 0, 0, 13, 21, 21, 16, 1, 0, 33, 19]	muupa6s
[1, 1, 1, 1, 18, 21, 16, 16, 1, 16, 5, 5, 20, 30, 19]	aaaaruppapeet3s
[0, 0, 0, 0, 0, 0, 0, 13, 21, 21, 16, 1, 33, 0, 19]	muupa6s
[0, 0, 0, 0, 0, 0, 0, 0, 21, 21, 21, 16, 1, 0, 19]	uuupas
[1, 1, 1, 1, 1, 5, 16, 16, 16, 16, 16, 16, 16, 18, 5]	aaaaaepppppppre
[0, 0, 0, 0, 0, 0, 0, 0, 0, 0, 21, 21, 16, 1, 0]	uupa
[0, 0, 0, 0, 0, 0, 0, 13, 21, 21, 16, 1, 1, 0, 19]	muupaas
[0, 0, 0, 0, 0, 0, 0, 0, 8, 21, 21, 16, 1, 0, 19]	huupas
[26, 0, 0, 0, 0, 0, 0, 13, 21, 21, 21, 16, 1, 0, 19]	zmuuupas
[4, 1, 1, 1, 1, 5, 9, 9, 9, 9, 9, 9, 9, 9, 5]	daaaaeiiiiiiiie
[1, 16, 1, 16, 16, 16, 16, 16, 16, 16, 16, 16, 16, 16, 9]	apapppppppppppi
Epoch is 32
epoch 32	[ DISC	loss : 0.701606 ]	[ ADV	loss : 0.684221 ]
[0, 0, 0, 0, 0, 0, 0, 3, 5, 18, 1, 1, 0, 15, 19]	ceraaos
[33, 0, 0, 0, 0, 0, 3, 3, 5, 18, 1, 1, 33, 15, 26]	6cceraa6oz
[0, 0, 0, 0, 0, 0, 3, 3, 11, 11, 18, 1, 15, 15, 26]	cckkraooz
[1, 0, 0, 0, 0, 0, 3, 3, 11, 18, 17, 1, 15, 15, 19]	acckrqaoos
[0, 0, 0, 0, 0, 0, 0, 3, 11, 11, 17, 1, 15, 15, 19]	ckkqaoos
[0, 0, 0, 0, 0, 0, 0, 3, 11, 5, 18, 1, 0, 15, 19]	ckeraos
[1, 1, 1, 33, 0, 3, 11, 18, 26, 1, 16, 1, 1, 1, 5]	aaa6ckrzapaaae
[1, 1, 16, 16, 16, 5, 9, 5, 9, 18, 14, 14, 14, 9, 5]	aapppeieirnnnie
[1, 16, 16, 16, 10, 14, 14, 14, 18, 18, 1, 1, 1, 1, 5]	apppjnnnrraaaae
[18, 18, 1, 18, 16, 18, 1, 1, 1, 1, 1, 1, 10, 16, 5]	rrarpraaaaaajpe
[4, 16, 16, 16, 10, 10, 5, 5, 5, 5, 5, 5, 5, 5, 5]	dpppjjeeeeeeeee
[0, 0, 0, 0, 0, 0, 0, 3, 3, 5, 18, 1, 1, 15, 19]	cceraaos
[1, 1, 16, 1, 16, 16, 9, 5, 9, 9, 9, 14, 5, 18, 5]	aapappieiiinere
[1, 16, 16, 16, 14, 5, 5, 14, 18, 9, 9, 9, 9, 5, 5]	apppneenriiiiee
[0, 0, 0, 0, 0, 0, 3, 3, 11, 18, 18, 1, 33, 15, 19]	cckrra6os
Epoch is 33
epoch 33	[ DISC	loss : 0.701611 ]	[ ADV	loss : 0.683259 ]
[33, 0, 0, 0, 33, 0, 0, 3, 13, 13, 5, 18, 20, 8, 25]	66cmmerthy
[0, 33, 0, 0, 33, 0, 33, 13, 13, 5, 18, 20, 8, 5, 25]	666mmerthey
[4, 4, 20, 21, 5, 5, 5, 5, 5, 5, 5, 5, 5, 5, 5]	ddtueeeeeeeeeee
[4, 10, 16, 16, 11, 11, 11, 11, 11, 5, 5, 5, 11, 11, 5]	djppkkkkkeeekke
[4, 4, 4, 21, 5, 5, 5, 5, 11, 5, 5, 11, 11, 5, 5]	dddueeeekeekkee
[4, 31, 31, 31, 5, 5, 5, 11, 11, 11, 5, 5, 5, 5, 5]	d444eeekkkeeeee
[0, 0, 0, 0, 0, 0, 3, 13, 13, 5, 18, 20, 8, 5, 25]	cmmerthey
[0, 0, 33, 0, 0, 3, 13, 13, 5, 18, 20, 8, 5, 20, 25]	6cmmerthety
[0, 0, 33, 0, 0, 0, 0, 0, 3, 13, 13, 5, 18, 20, 8]	6cmmerth
[0, 0, 0, 33, 33, 0, 0, 3, 13, 13, 18, 20, 8, 5, 25]	66cmmrthey
[4, 18, 15, 11, 11, 5, 11, 11, 11, 5, 11, 11, 11, 5, 5]	drokkekkkekkkee
[4, 4, 10, 4, 17, 11, 11, 17, 5, 19, 19, 20, 20, 20, 5]	ddjdqkkqessttte
[33, 33, 33, 0, 33, 0, 3, 13, 13, 5, 18, 20, 8, 5, 25]	6666cmmerthey
[4, 4, 10, 16, 10, 21, 5, 5, 5, 5, 11, 5, 5, 11, 5]	ddjpjueeeekeeke
[0, 0, 0, 0, 0, 0, 0, 13, 13, 5, 5, 20, 20, 8, 25]	mmeetthy
Epoch is 34
epoch 34	[ DISC	loss : 0.702057 ]	[ ADV	loss : 0.682913 ]
[4, 16, 21, 21, 19, 19, 19, 19, 19, 19, 19, 19, 19, 19, 5]	dpuusssssssssse
[0, 0, 0, 0, 0, 11, 5, 14, 18, 12, 15, 14, 18, 12, 1]	kenrlonrla
[4, 18, 21, 21, 21, 21, 8, 8, 21, 21, 21, 8, 21, 21, 5]	druuuuhhuuuhuue
[33, 0, 0, 0, 0, 0, 0, 13, 14, 18, 12, 15, 14, 15, 1]	6mnrlonoa
[4, 4, 10, 21, 10, 18, 16, 18, 10, 10, 21, 10, 10, 10, 5]	ddjujrprjjujjje
[4, 16, 21, 21, 21, 21, 8, 21, 21, 21, 19, 19, 19, 19, 5]	dpuuuuhuuusssse
[0, 0, 0, 0, 33, 0, 13, 5, 14, 18, 12, 15, 12, 12, 1]	6menrlolla
[4, 21, 21, 21, 21, 8, 19, 19, 11, 11, 19, 11, 11, 19, 5]	duuuuhsskkskkse
[4, 16, 16, 10, 21, 19, 19, 19, 19, 18, 18, 26, 1, 15, 5]	dppjussssrrzaoe
[0, 0, 0, 0, 0, 0, 0, 5, 14, 18, 12, 0, 14, 12, 1]	enrlnla
[0, 33, 0, 0, 0, 0, 13, 5, 14, 18, 12, 0, 14, 12, 35]	6menrlnl8
[18, 10, 19, 19, 19, 11, 18, 18, 20, 1, 10, 8, 26, 26, 5]	rjssskrrtajhzze
[0, 0, 0, 0, 0, 0, 0, 13, 5, 14, 18, 12, 0, 14, 1]	menrlna
[0, 0, 0, 0, 0, 0, 0, 13, 5, 14, 18, 12, 15, 14, 1]	menrlona
[4, 10, 16, 21, 21, 21, 19, 19, 19, 19, 18, 19, 19, 19, 5]	djpuuussssrssse
Epoch is 35
epoch 35	[ DISC	loss : 0.701727 ]	[ ADV	loss : 0.683556 ]
[0, 0, 0, 0, 0, 0, 19, 5, 9, 12, 7, 28, 5, 7, 30]	seilg1eg3
[4, 5, 5, 13, 13, 13, 13, 13, 13, 13, 13, 13, 13, 13, 5]	deemmmmmmmmmmme
[0, 0, 0, 0, 33, 19, 5, 9, 12, 7, 31, 5, 7, 7, 30]	6seilg4egg3
[0, 0, 0, 0, 0, 0, 0, 19, 19, 9, 18, 12, 31, 5, 26]	ssirl4ez
[0, 0, 0, 0, 0, 0, 0, 19, 5, 5, 18, 12, 0, 5, 4]	seerled
[0, 0, 0, 0, 0, 0, 19, 14, 14, 18, 12, 28, 5, 7, 30]	snnrl1eg3
[0, 0, 0, 0, 0, 0, 0, 19, 5, 18, 12, 15, 5, 7, 30]	serloeg3
[0, 0, 0, 0, 0, 0, 19, 5, 9, 12, 7, 5, 7, 7, 30]	seilgegg3
[0, 0, 0, 0, 0, 0, 19, 14, 9, 12, 7, 15, 5, 7, 30]	snilgoeg3
[4, 9, 9, 9, 9, 13, 13, 13, 13, 13, 13, 13, 13, 13, 5]	diiiimmmmmmmmme
[4, 18, 9, 9, 9, 9, 9, 9, 9, 9, 9, 9, 9, 9, 5]	driiiiiiiiiiiie
[4, 9, 9, 9, 13, 13, 13, 13, 13, 13, 13, 13, 13, 13, 5]	diiimmmmmmmmmme
[4, 9, 9, 9, 9, 9, 13, 13, 13, 13, 13, 13, 13, 13, 5]	diiiiimmmmmmmme
[4, 5, 13, 13, 13, 13, 13, 13, 13, 13, 13, 13, 13, 13, 5]	demmmmmmmmmmmme
[4, 5, 5, 13, 13, 13, 13, 13, 13, 13, 13, 13, 13, 13, 5]	deemmmmmmmmmmme
Epoch is 36
epoch 36	[ DISC	loss : 0.703387 ]	[ ADV	loss : 0.682492 ]
[0, 0, 0, 0, 0, 0, 19, 14, 14, 21, 7, 34, 9, 4, 27]	snnug7id0
[0, 0, 0, 0, 0, 0, 0, 19, 22, 14, 21, 7, 34, 9, 27]	svnug7i0
[0, 0, 0, 0, 0, 0, 19, 14, 14, 9, 7, 34, 9, 4, 27]	snnig7id0
[9, 18, 16, 18, 19, 19, 19, 19, 19, 19, 19, 19, 19, 19, 5]	irprsssssssssse
[5, 16, 16, 5, 5, 5, 19, 19, 19, 19, 11, 19, 19, 5, 5]	eppeeesssskssee
[4, 16, 16, 5, 19, 5, 5, 19, 11, 19, 19, 5, 5, 5, 5]	dppeseesksseeee
[1, 16, 5, 19, 19, 19, 19, 11, 19, 11, 19, 11, 19, 19, 5]	apessssksksksse
[0, 0, 0, 0, 0, 0, 19, 14, 14, 21, 7, 34, 9, 4, 27]	snnug7id0
[4, 16, 16, 5, 5, 19, 19, 19, 19, 19, 19, 19, 19, 19, 5]	dppeessssssssse
[4, 18, 16, 5, 19, 19, 11, 11, 11, 11, 11, 19, 19, 19, 9]	drpesskkkkksssi
[5, 16, 19, 19, 19, 11, 11, 11, 11, 11, 11, 11, 19, 11, 5]	epssskkkkkkkske
[5, 0, 0, 0, 0, 0, 19, 14, 14, 9, 7, 34, 9, 27, 27]	esnnig7i00
[0, 0, 0, 0, 0, 0, 19, 14, 14, 21, 7, 34, 9, 4, 27]	snnug7id0
[0, 0, 0, 0, 0, 0, 11, 11, 14, 21, 7, 34, 9, 4, 27]	kknug7id0
[18, 16, 16, 18, 5, 5, 5, 5, 19, 19, 19, 19, 19, 11, 5]	rppreeeessssske
Epoch is 37
epoch 37	[ DISC	loss : 0.702910 ]	[ ADV	loss : 0.679987 ]
[0, 0, 0, 0, 0, 18, 5, 18, 18, 5, 9, 9, 29, 18, 5]	rerreii2re
[0, 18, 0, 0, 0, 0, 0, 18, 18, 5, 9, 15, 18, 5, 18]	rrreiorer
[0, 0, 0, 0, 0, 0, 18, 18, 18, 5, 9, 15, 18, 5, 18]	rrreiorer
[18, 15, 18, 18, 18, 18, 18, 18, 9, 18, 18, 18, 18, 18, 5]	rorrrrrrirrrrre
[0, 0, 18, 0, 0, 18, 18, 18, 5, 9, 9, 29, 18, 5, 18]	rrrreii2rer
[0, 18, 0, 0, 0, 0, 0, 5, 18, 5, 9, 29, 18, 5, 18]	rerei2rer
[0, 0, 0, 0, 0, 0, 0, 18, 18, 18, 18, 5, 9, 5, 31]	rrrreie4
[18, 18, 11, 15, 19, 18, 19, 19, 19, 11, 19, 18, 19, 19, 5]	rrkosrsssksrsse
[0, 0, 0, 0, 0, 5, 5, 5, 18, 5, 9, 31, 18, 5, 18]	eeerei4rer
[0, 0, 0, 0, 0, 0, 0, 5, 18, 5, 9, 5, 29, 18, 5]	ereie2re
[0, 0, 0, 0, 0, 0, 0, 0, 5, 18, 18, 5, 9, 15, 18]	erreior
[0, 0, 0, 0, 0, 18, 5, 5, 18, 5, 9, 15, 18, 5, 18]	reereiorer
[0, 0, 0, 0, 0, 0, 0, 18, 18, 11, 5, 9, 31, 18, 5]	rrkei4re
[9, 18, 15, 15, 15, 9, 11, 11, 11, 19, 19, 11, 11, 18, 5]	iroooikkksskkre
[0, 0, 0, 0, 0, 0, 18, 5, 18, 5, 9, 15, 18, 5, 18]	rereiorer
Epoch is 38
epoch 38	[ DISC	loss : 0.704984 ]	[ ADV	loss : 0.679201 ]
[0, 15, 15, 15, 15, 15, 15, 15, 20, 15, 15, 15, 1, 15, 1]	oooooootoooaoa
[1, 15, 15, 15, 15, 1, 15, 15, 15, 1, 1, 15, 20, 1, 1]	aooooaoooaaotaa
[0, 0, 0, 0, 0, 0, 20, 1, 1, 8, 25, 8, 15, 15, 8]	taahyhooh
[0, 0, 0, 0, 0, 0, 1, 1, 1, 8, 25, 15, 3, 18, 19]	aaahyocrs
[15, 15, 15, 15, 15, 15, 1, 1, 15, 20, 1, 1, 15, 15, 1]	ooooooaaotaaooa
[1, 0, 0, 0, 0, 0, 0, 0, 0, 1, 1, 1, 1, 1, 1]	aaaaaaa
[8, 1, 15, 15, 20, 15, 1, 15, 15, 20, 1, 15, 15, 15, 1]	haootoaootaoooa
[0, 0, 0, 0, 0, 0, 1, 1, 1, 8, 25, 15, 15, 18, 19]	aaahyoors
[0, 0, 0, 0, 0, 0, 0, 20, 1, 1, 8, 25, 25, 15, 15]	taahyyoo
[0, 0, 0, 0, 0, 0, 0, 1, 1, 1, 1, 1, 25, 15, 15]	aaaaayoo
[0, 0, 0, 0, 0, 0, 0, 0, 0, 0, 0, 0, 0, 0, 0]	
[0, 0, 0, 0, 0, 0, 1, 1, 1, 8, 1, 25, 15, 15, 8]	aaahayooh
[0, 0, 0, 0, 0, 0, 0, 1, 1, 1, 8, 25, 15, 15, 8]	aaahyooh
[0, 0, 0, 0, 0, 0, 1, 1, 1, 19, 25, 8, 3, 18, 19]	aaasyhcrs
[15, 15, 15, 15, 1, 15, 15, 15, 15, 15, 20, 15, 20, 15, 1]	ooooaooooototoa
Epoch is 39
epoch 39	[ DISC	loss : 0.705390 ]	[ ADV	loss : 0.679189 ]
[0, 8, 3, 8, 3, 15, 3, 3, 19, 19, 16, 16, 1, 4, 1]	hchcoccssppada
[0, 0, 0, 0, 15, 15, 3, 15, 19, 16, 16, 1, 24, 1, 24]	oocosppaxax
[0, 0, 8, 15, 15, 15, 3, 15, 8, 15, 19, 16, 16, 1, 24]	hooocohosppax
[1, 8, 15, 15, 15, 3, 15, 3, 12, 15, 3, 1, 12, 1, 1]	ahooococlocalaa
[0, 18, 0, 0, 15, 8, 3, 3, 19, 19, 16, 1, 16, 1, 1]	rohccsspapaa
[0, 0, 0, 8, 8, 8, 8, 12, 12, 15, 12, 12, 15, 1, 1]	hhhhllolloaa
[1, 8, 15, 15, 15, 1, 12, 12, 12, 12, 12, 12, 12, 12, 1]	ahoooalllllllla
[0, 0, 0, 0, 8, 15, 15, 15, 3, 19, 16, 1, 1, 16, 1]	hooocspaapa
[0, 0, 8, 15, 15, 15, 15, 12, 15, 15, 15, 15, 15, 15, 1]	hoooolooooooa
[18, 0, 0, 0, 0, 8, 31, 15, 8, 3, 3, 19, 16, 1, 1]	rh4ohccspaa
[0, 0, 0, 0, 15, 3, 15, 3, 3, 19, 16, 16, 16, 1, 1]	ococcspppaa
[0, 8, 15, 8, 15, 15, 3, 3, 3, 3, 3, 3, 3, 3, 1]	hohoocccccccca
[0, 18, 3, 15, 3, 15, 3, 3, 19, 16, 16, 1, 16, 1, 24]	rcococcsppapax
[0, 0, 15, 3, 3, 3, 15, 15, 3, 15, 19, 16, 16, 1, 1]	occcoocosppaa
[0, 0, 0, 15, 15, 3, 3, 3, 15, 16, 16, 16, 1, 16, 24]	oocccopppapx
Epoch is 40
epoch 40	[ DISC	loss : 0.706154 ]	[ ADV	loss : 0.672978 ]
[0, 0, 19, 0, 0, 0, 1, 2, 2, 2, 2, 2, 4, 4, 7]	sabbbbbddg
[0, 8, 7, 1, 7, 7, 1, 1, 1, 1, 1, 1, 7, 12, 1]	hgaggaaaaaagla
[0, 19, 19, 1, 1, 1, 1, 2, 1, 2, 4, 20, 19, 25, 7]	ssaaaababdtsyg
[0, 0, 0, 1, 0, 0, 1, 2, 2, 2, 2, 2, 2, 4, 7]	aabbbbbbdg
[0, 8, 1, 15, 1, 1, 7, 7, 1, 1, 7, 7, 1, 12, 1]	haoaaggaaggala
[0, 0, 0, 1, 1, 1, 1, 1, 1, 1, 2, 2, 2, 2, 7]	aaaaaaabbbbg
[0, 0, 19, 0, 1, 0, 1, 1, 1, 1, 2, 2, 19, 19, 7]	saaaaabbssg
[0, 0, 19, 0, 0, 1, 1, 2, 2, 2, 2, 14, 4, 7, 7]	saabbbbndgg
[0, 0, 19, 0, 0, 0, 0, 1, 2, 2, 2, 20, 1, 7, 7]	sabbbtagg
[0, 0, 0, 0, 1, 1, 1, 1, 2, 2, 2, 2, 14, 19, 7]	aaaabbbbnsg
[0, 0, 0, 0, 0, 1, 1, 1, 2, 2, 2, 2, 19, 7, 15]	aaabbbbsgo
[0, 0, 19, 0, 0, 1, 1, 2, 2, 2, 2, 25, 19, 20, 7]	saabbbbystg
[0, 8, 7, 7, 7, 7, 7, 7, 7, 7, 7, 7, 7, 7, 1]	hgggggggggggga
[0, 0, 0, 19, 1, 0, 1, 2, 2, 2, 2, 2, 2, 4, 7]	saabbbbbbdg
[0, 0, 19, 0, 1, 1, 1, 2, 2, 2, 2, 14, 14, 19, 7]	saaabbbbnnsg
Epoch is 41
epoch 41	[ DISC	loss : 0.710085 ]	[ ADV	loss : 0.669879 ]
[0, 0, 0, 0, 0, 7, 7, 17, 17, 17, 17, 8, 8, 19, 16]	ggqqqqhhsp
[0, 0, 0, 0, 0, 0, 1, 7, 7, 21, 21, 19, 20, 5, 16]	agguustep
[0, 0, 0, 0, 0, 0, 7, 7, 7, 7, 2, 20, 20, 20, 16]	ggggbtttp
[0, 0, 1, 15, 16, 26, 26, 26, 26, 16, 26, 26, 16, 26, 1]	aopzzzzpzzpza
[0, 0, 0, 0, 0, 7, 17, 17, 0, 21, 21, 19, 19, 5, 16]	gqquussep
[0, 0, 7, 16, 26, 26, 2, 26, 26, 2, 26, 2, 26, 26, 1]	gpzzbzzbzbzza
[0, 0, 0, 0, 0, 7, 7, 7, 1, 21, 19, 20, 9, 5, 16]	gggaustiep
[0, 0, 0, 0, 0, 0, 7, 7, 17, 17, 17, 21, 19, 20, 16]	ggqqqustp
[0, 0, 0, 0, 0, 0, 7, 7, 7, 17, 8, 17, 8, 8, 16]	gggqhqhhp
[7, 0, 0, 0, 0, 0, 7, 7, 7, 7, 7, 7, 21, 20, 16]	gggggggutp
[0, 0, 1, 0, 7, 1, 8, 1, 21, 21, 19, 20, 20, 5, 16]	agahauusttep
[0, 7, 1, 7, 7, 1, 1, 1, 2, 26, 1, 1, 26, 16, 1]	gaggaaabzaazpa
[1, 7, 7, 16, 26, 2, 26, 26, 1, 1, 26, 2, 1, 26, 1]	aggpzbzzaazbaza
[8, 26, 1, 16, 8, 26, 26, 16, 26, 26, 2, 26, 16, 16, 1]	hzaphzzpzzbzppa
[0, 0, 17, 0, 0, 0, 7, 17, 17, 8, 8, 8, 8, 8, 16]	qgqqhhhhhp
Epoch is 42
epoch 42	[ DISC	loss : 0.714109 ]	[ ADV	loss : 0.663242 ]
[0, 8, 19, 3, 0, 19, 17, 20, 19, 5, 5, 22, 19, 5, 16]	hscsqtseevsep
[0, 0, 0, 0, 0, 0, 19, 19, 20, 20, 5, 5, 5, 5, 16]	sstteeeep
[0, 0, 0, 0, 0, 0, 7, 20, 20, 5, 5, 5, 5, 5, 19]	gtteeeees
[0, 0, 0, 0, 0, 3, 0, 17, 7, 20, 20, 20, 5, 5, 20]	cqgttteet
[0, 0, 0, 0, 0, 0, 7, 20, 19, 20, 20, 5, 5, 5, 19]	gtstteees
[0, 8, 19, 16, 11, 8, 2, 11, 11, 11, 11, 8, 11, 11, 16]	hspkhbkkkkhkkp
[0, 0, 0, 0, 0, 3, 0, 19, 19, 20, 20, 19, 5, 5, 5]	cssttseee
[8, 8, 8, 8, 8, 8, 8, 8, 8, 8, 8, 11, 11, 8, 19]	hhhhhhhhhhhkkhs
[8, 8, 8, 8, 8, 8, 8, 8, 8, 8, 8, 8, 8, 8, 16]	hhhhhhhhhhhhhhp
[0, 8, 8, 8, 8, 8, 8, 8, 8, 8, 8, 8, 8, 8, 19]	hhhhhhhhhhhhhs
[0, 0, 0, 0, 0, 0, 3, 7, 0, 7, 19, 20, 5, 5, 20]	cggsteet
[0, 0, 19, 0, 0, 0, 19, 19, 20, 20, 20, 21, 5, 20, 20]	ssstttuett
[0, 0, 0, 3, 0, 0, 7, 12, 21, 5, 5, 5, 5, 5, 19]	cglueeeees
[0, 8, 16, 8, 8, 11, 11, 8, 8, 8, 11, 11, 8, 8, 16]	hphhkkhhhkkhhp
[0, 0, 19, 0, 0, 0, 11, 19, 21, 5, 5, 5, 5, 19, 16]	sksueeeesp
Epoch is 43
epoch 43	[ DISC	loss : 0.723448 ]	[ ADV	loss : 0.655517 ]
[0, 0, 0, 0, 0, 12, 4, 12, 14, 4, 18, 18, 26, 18, 19]	ldlndrrzrs
[0, 0, 19, 0, 0, 0, 12, 4, 14, 14, 14, 14, 18, 18, 19]	sldnnnnrrs
[0, 0, 7, 3, 0, 3, 3, 3, 0, 0, 3, 3, 3, 0, 19]	gcccccccs
[0, 8, 19, 0, 0, 0, 0, 0, 0, 4, 4, 4, 19, 18, 19]	hsdddsrs
[0, 0, 19, 0, 0, 0, 12, 4, 4, 4, 4, 14, 18, 18, 19]	slddddnrrs
[0, 0, 0, 0, 0, 0, 0, 19, 12, 4, 14, 4, 14, 18, 19]	sldndnrs
[0, 0, 0, 0, 0, 0, 0, 4, 4, 4, 14, 4, 14, 18, 26]	dddndnrz
[0, 0, 0, 0, 0, 0, 0, 0, 20, 4, 4, 4, 4, 4, 19]	tddddds
[3, 0, 0, 1, 0, 0, 20, 4, 4, 4, 14, 18, 18, 18, 19]	catdddnrrrs
[0, 0, 0, 0, 0, 0, 3, 12, 12, 9, 18, 14, 18, 14, 19]	cllirnrns
[0, 0, 0, 0, 0, 0, 0, 0, 3, 0, 0, 0, 0, 20, 0]	ct
[0, 0, 19, 0, 0, 3, 3, 4, 4, 4, 14, 14, 18, 18, 26]	sccdddnnrrz
[0, 0, 0, 0, 0, 0, 12, 4, 21, 18, 14, 14, 18, 26, 26]	ldurnnrzz
[0, 0, 3, 0, 0, 0, 0, 0, 4, 12, 14, 18, 14, 18, 26]	cdlnrnrz
[0, 8, 19, 0, 0, 0, 12, 20, 4, 4, 14, 14, 18, 18, 26]	hsltddnnrrz
Epoch is 44
epoch 44	[ DISC	loss : 0.729698 ]	[ ADV	loss : 0.647272 ]
[0, 0, 23, 23, 23, 23, 23, 19, 4, 9, 19, 9, 9, 12, 16]	wwwwwsdisiilp
[0, 0, 23, 23, 23, 23, 23, 23, 9, 9, 19, 9, 19, 9, 19]	wwwwwwiisisis
[0, 0, 0, 19, 19, 23, 23, 15, 0, 23, 0, 23, 23, 23, 19]	sswwowwwws
[0, 3, 23, 23, 23, 23, 23, 23, 23, 23, 23, 23, 23, 9, 19]	cwwwwwwwwwwwis
[0, 0, 0, 23, 23, 23, 23, 23, 23, 19, 19, 4, 12, 9, 9]	wwwwwwssdlii
[0, 0, 19, 23, 23, 23, 23, 23, 4, 19, 4, 4, 9, 9, 12]	swwwwwdsddiil
[0, 0, 0, 23, 23, 23, 23, 23, 23, 9, 9, 9, 9, 9, 19]	wwwwwwiiiiis
[0, 0, 19, 23, 23, 23, 23, 4, 4, 4, 4, 9, 19, 9, 12]	swwwwddddisil
[0, 0, 0, 23, 0, 0, 23, 23, 23, 23, 23, 23, 23, 23, 19]	wwwwwwwwws
[0, 0, 23, 23, 23, 23, 23, 23, 4, 4, 9, 9, 19, 9, 12]	wwwwwwddiisil
[0, 3, 19, 23, 23, 23, 23, 23, 23, 23, 23, 23, 23, 23, 19]	cswwwwwwwwwwws
[0, 0, 0, 23, 23, 23, 23, 23, 4, 4, 4, 4, 4, 12, 19]	wwwwwdddddls
[0, 0, 0, 0, 23, 23, 23, 23, 23, 23, 23, 9, 15, 4, 19]	wwwwwwwiods
[0, 0, 19, 23, 23, 23, 23, 19, 19, 19, 19, 9, 19, 9, 12]	swwwwssssisil
[0, 0, 23, 23, 23, 23, 23, 4, 4, 19, 4, 9, 9, 14, 9]	wwwwwddsdiini
Epoch is 45
epoch 45	[ DISC	loss : 0.756000 ]	[ ADV	loss : 0.630588 ]
[0, 0, 0, 0, 3, 3, 37, 37, 37, 37, 37, 37, 37, 37, 15]	cc--------o
[0, 0, 0, 0, 0, 0, 0, 37, 37, 37, 37, 37, 37, 37, 15]	-------o
[0, 0, 0, 0, 23, 3, 37, 37, 15, 37, 37, 3, 37, 37, 1]	wc--o--c--a
[0, 0, 0, 0, 0, 0, 37, 37, 37, 37, 37, 37, 37, 37, 15]	--------o
[0, 0, 0, 0, 0, 37, 37, 37, 37, 37, 37, 37, 37, 37, 15]	---------o
[0, 0, 0, 0, 0, 0, 0, 0, 37, 37, 37, 37, 37, 37, 15]	------o
[0, 0, 0, 0, 0, 0, 37, 15, 15, 37, 3, 37, 37, 15, 15]	-oo-c--oo
[0, 0, 0, 0, 0, 0, 0, 37, 37, 37, 37, 37, 18, 1, 15]	-----rao
[0, 0, 0, 0, 0, 0, 0, 37, 37, 37, 37, 37, 37, 37, 15]	-------o
[0, 0, 0, 0, 0, 0, 37, 37, 37, 37, 37, 37, 37, 37, 15]	--------o
[0, 0, 0, 0, 3, 0, 3, 3, 3, 3, 3, 37, 0, 3, 1]	cccccc-ca
[0, 0, 0, 0, 0, 0, 37, 37, 37, 37, 37, 37, 37, 37, 15]	--------o
[0, 0, 0, 0, 0, 23, 37, 37, 37, 37, 37, 37, 37, 37, 15]	w--------o
[0, 0, 0, 3, 9, 3, 15, 15, 3, 3, 3, 3, 3, 3, 9]	cicoocccccci
[0, 0, 0, 0, 0, 0, 37, 37, 37, 37, 37, 18, 37, 37, 15]	-----r--o
Epoch is 46
epoch 46	[ DISC	loss : 0.729328 ]	[ ADV	loss : 0.639163 ]
[0, 0, 0, 0, 0, 0, 0, 9, 9, 37, 37, 1, 18, 1, 20]	ii--arat
[0, 9, 14, 23, 23, 23, 37, 37, 37, 37, 37, 37, 23, 37, 5]	inwww------w-e
[0, 0, 0, 0, 0, 0, 0, 0, 9, 9, 37, 37, 1, 18, 1]	ii--ara
[9, 14, 14, 37, 23, 37, 37, 37, 23, 37, 37, 37, 23, 37, 5]	inn-w---w---w-e
[0, 0, 0, 0, 0, 0, 0, 9, 37, 37, 1, 18, 18, 1, 20]	i--arrat
[0, 0, 3, 3, 0, 0, 3, 9, 9, 37, 37, 37, 1, 18, 16]	cccii---arp
[0, 0, 0, 0, 0, 0, 0, 9, 9, 9, 37, 1, 18, 1, 20]	iii-arat
[0, 0, 0, 0, 0, 9, 3, 9, 37, 37, 18, 18, 18, 18, 20]	ici--rrrrt
[9, 14, 3, 37, 37, 37, 23, 37, 37, 23, 37, 37, 23, 37, 5]	inc---w--w--w-e
[0, 0, 0, 0, 0, 0, 0, 9, 5, 37, 1, 18, 18, 1, 20]	ie-arrat
[0, 9, 14, 14, 23, 23, 23, 37, 23, 37, 23, 37, 37, 37, 5]	innwww-w-w---e
[0, 0, 0, 0, 0, 0, 0, 9, 9, 9, 37, 5, 18, 1, 16]	iii-erap
[0, 0, 0, 0, 0, 0, 0, 9, 9, 3, 37, 37, 37, 18, 1]	iic---ra
[0, 0, 3, 0, 0, 0, 0, 0, 0, 0, 0, 9, 0, 0, 9]	cii
[9, 3, 23, 23, 37, 37, 37, 37, 37, 37, 37, 37, 37, 37, 5]	icww----------e
Epoch is 47
epoch 47	[ DISC	loss : 0.731395 ]	[ ADV	loss : 0.633797 ]
[0, 0, 0, 0, 2, 2, 2, 13, 13, 13, 3, 15, 3, 3, 8]	bbbmmmcocch
[0, 0, 0, 0, 0, 5, 2, 21, 21, 13, 13, 13, 15, 3, 8]	ebuummmoch
[0, 0, 0, 0, 0, 2, 13, 13, 13, 13, 15, 3, 8, 13, 8]	bmmmmochmh
[0, 0, 0, 0, 10, 2, 21, 13, 13, 13, 13, 13, 13, 13, 15]	jbummmmmmmo
[0, 0, 0, 0, 0, 2, 5, 21, 21, 5, 13, 13, 13, 3, 8]	beuuemmmch
[9, 0, 0, 0, 2, 2, 2, 21, 21, 21, 13, 13, 13, 13, 15]	ibbbuuummmmo
[0, 0, 0, 0, 0, 2, 2, 21, 13, 13, 13, 13, 13, 15, 3]	bbummmmmoc
[0, 0, 14, 9, 21, 21, 5, 15, 15, 13, 21, 13, 15, 13, 5]	niuueoomumome
[0, 0, 0, 0, 2, 5, 13, 15, 15, 13, 13, 13, 13, 15, 8]	bemoommmmoh
[0, 0, 10, 10, 13, 13, 13, 15, 13, 13, 15, 15, 13, 13, 5]	jjmmmommoomme
[0, 14, 14, 21, 21, 21, 21, 21, 15, 13, 13, 13, 15, 13, 25]	nnuuuuuommmomy
[0, 0, 0, 0, 2, 13, 13, 13, 13, 13, 13, 13, 15, 13, 5]	bmmmmmmmome
[9, 14, 14, 21, 21, 15, 13, 21, 15, 21, 15, 15, 21, 21, 25]	innuuomuouoouuy
[9, 0, 0, 0, 0, 2, 2, 5, 15, 21, 21, 13, 13, 15, 8]	ibbeouummoh
[0, 0, 0, 0, 0, 2, 15, 13, 13, 13, 13, 13, 13, 15, 8]	bommmmmmoh
Epoch is 48
epoch 48	[ DISC	loss : 0.728616 ]	[ ADV	loss : 0.629864 ]
[9, 20, 20, 21, 20, 9, 15, 9, 20, 20, 21, 20, 20, 21, 25]	ittutioittuttuy
[0, 0, 0, 0, 0, 0, 0, 25, 25, 25, 25, 25, 25, 11, 15]	yyyyyyko
[0, 0, 0, 0, 0, 0, 0, 0, 0, 0, 0, 0, 0, 15, 25]	oy
[0, 0, 0, 19, 9, 9, 5, 15, 9, 5, 15, 15, 15, 9, 19]	siieoieooois
[0, 21, 20, 20, 20, 9, 21, 21, 9, 5, 5, 26, 15, 5, 19]	utttiuuieezoes
[0, 0, 0, 0, 0, 0, 0, 25, 25, 25, 25, 25, 11, 15, 8]	yyyyykoh
[0, 21, 14, 21, 9, 9, 9, 9, 9, 9, 15, 5, 9, 15, 19]	unuiiiiiioeios
[0, 0, 0, 0, 0, 0, 0, 25, 15, 25, 25, 15, 1, 8, 35]	yoyyoah8
[0, 0, 0, 0, 0, 0, 25, 25, 25, 25, 25, 11, 12, 8, 8]	yyyyyklhh
[0, 0, 0, 0, 0, 25, 25, 15, 11, 15, 15, 12, 8, 8, 35]	yyokoolhh8
[20, 20, 20, 20, 20, 20, 21, 20, 20, 20, 20, 20, 20, 20, 25]	ttttttuttttttty
[0, 0, 0, 0, 0, 0, 25, 25, 25, 25, 25, 11, 1, 15, 7]	yyyyykaog
[0, 0, 0, 0, 0, 0, 0, 25, 25, 25, 25, 11, 11, 15, 0]	yyyykko
[0, 0, 0, 0, 0, 0, 25, 25, 25, 11, 15, 25, 15, 3, 8]	yyykoyoch
[0, 21, 20, 20, 9, 15, 9, 15, 9, 5, 5, 9, 5, 5, 19]	uttioioieeiees
Epoch is 49
epoch 49	[ DISC	loss : 0.715979 ]	[ ADV	loss : 0.618339 ]
[0, 0, 0, 0, 0, 20, 12, 12, 12, 26, 12, 21, 21, 2, 1]	tlllzluuba
[0, 12, 9, 9, 15, 15, 15, 21, 5, 15, 9, 9, 15, 15, 19]	liioooueoiioos
[0, 7, 12, 4, 9, 9, 9, 15, 9, 9, 9, 9, 15, 9, 19]	gldiiioiiiiois
[0, 0, 0, 0, 0, 0, 20, 15, 12, 12, 12, 12, 5, 2, 1]	tolllleba
[26, 5, 12, 26, 15, 9, 26, 15, 9, 9, 15, 9, 26, 9, 19]	zelzoizoiioizis
[0, 0, 0, 0, 0, 0, 19, 15, 12, 12, 9, 2, 21, 2, 1]	sollibuba
[0, 0, 0, 0, 0, 5, 12, 12, 5, 26, 2, 5, 21, 2, 1]	ellezbeuba
[0, 0, 0, 0, 0, 0, 5, 12, 12, 12, 12, 12, 9, 12, 9]	elllllili
[0, 4, 4, 9, 26, 26, 15, 5, 15, 15, 15, 12, 15, 9, 5]	ddizzoeoooloie
[0, 0, 0, 0, 0, 0, 19, 5, 12, 12, 12, 12, 5, 5, 19]	sellllees
[0, 0, 0, 0, 0, 20, 12, 15, 12, 21, 12, 5, 5, 2, 1]	tloluleeba
[0, 0, 0, 0, 0, 0, 0, 20, 12, 12, 12, 21, 5, 2, 9]	tllluebi
[0, 0, 19, 0, 0, 0, 0, 26, 12, 9, 26, 26, 26, 26, 19]	szlizzzzs
[0, 0, 19, 9, 15, 15, 15, 9, 4, 26, 9, 9, 9, 9, 19]	sioooidziiiis
[15, 12, 12, 9, 15, 15, 15, 9, 15, 26, 15, 26, 9, 15, 19]	ollioooiozozios
Epoch is 50
epoch 50	[ DISC	loss : 0.727507 ]	[ ADV	loss : 0.587172 ]
[0, 0, 0, 0, 0, 0, 0, 8, 23, 8, 23, 6, 2, 9, 11]	hwhwfbik
[9, 7, 14, 5, 5, 5, 5, 5, 5, 15, 15, 5, 5, 5, 5]	igneeeeeeooeeee
[0, 0, 0, 0, 8, 8, 8, 6, 21, 14, 9, 3, 11, 28, 11]	hhhfunick1k
[15, 12, 15, 13, 15, 15, 5, 15, 5, 5, 5, 15, 21, 15, 5]	olomooeoeeeouoe
[0, 0, 0, 0, 0, 0, 15, 14, 14, 13, 13, 5, 5, 9, 5]	onnmmeeie
[0, 0, 0, 0, 0, 23, 23, 23, 9, 2, 9, 3, 28, 14, 17]	wwwibic1nq
[9, 14, 12, 15, 5, 5, 15, 5, 5, 5, 5, 21, 5, 5, 5]	inloeeoeeeeueee
[5, 15, 5, 15, 15, 5, 5, 5, 5, 5, 5, 5, 14, 5, 5]	eoeooeeeeeeenee
[0, 0, 0, 0, 23, 8, 8, 20, 23, 9, 0, 0, 19, 9, 9]	whhtwisii
[15, 12, 15, 15, 15, 15, 15, 15, 15, 15, 15, 15, 15, 15, 5]	olooooooooooooe
[0, 5, 14, 15, 9, 5, 5, 5, 5, 5, 5, 5, 5, 5, 25]	enoieeeeeeeeey
[0, 0, 0, 0, 0, 0, 8, 23, 23, 9, 21, 14, 14, 14, 11]	hwwiunnnk
[0, 0, 0, 0, 0, 8, 23, 8, 5, 5, 14, 9, 14, 14, 11]	hwheeninnk
[15, 5, 15, 15, 15, 15, 15, 5, 15, 15, 15, 5, 15, 5, 5]	oeoooooeoooeoee
[0, 0, 0, 0, 20, 23, 8, 21, 21, 12, 9, 3, 28, 14, 11]	twhuulic1nk
Epoch is 51
epoch 51	[ DISC	loss : 0.733707 ]	[ ADV	loss : 0.558966 ]
[0, 0, 0, 0, 0, 6, 6, 6, 9, 6, 6, 6, 6, 6, 9]	fffifffffi
[0, 1, 12, 9, 6, 6, 6, 9, 6, 9, 21, 6, 9, 6, 5]	alifffifiufife
[7, 1, 1, 9, 15, 15, 6, 7, 4, 1, 15, 9, 5, 9, 1]	gaaioofgdaoieia
[1, 1, 1, 1, 25, 25, 1, 25, 1, 1, 25, 1, 25, 1, 25]	aaaayyayaayayay
[0, 0, 0, 0, 0, 6, 6, 6, 6, 6, 6, 6, 6, 6, 15]	fffffffffo
[0, 0, 19, 9, 5, 9, 9, 15, 4, 15, 15, 15, 9, 15, 6]	sieiiodoooiof
[1, 1, 1, 1, 15, 1, 1, 4, 6, 6, 6, 6, 15, 6, 5]	aaaaoaadffffofe
[0, 0, 0, 0, 0, 6, 6, 9, 6, 6, 6, 6, 9, 9, 11]	ffiffffiik
[0, 0, 0, 0, 0, 0, 6, 9, 6, 6, 9, 9, 13, 5, 24]	fiffiimex
[0, 1, 12, 15, 5, 15, 15, 15, 15, 1, 6, 9, 6, 5, 25]	aloeooooafifey
[0, 0, 0, 0, 0, 6, 6, 6, 9, 6, 6, 9, 6, 6, 9]	fffiffiffi
[1, 1, 1, 15, 9, 4, 25, 15, 15, 21, 6, 15, 1, 25, 5]	aaaoidyooufoaye
[0, 0, 0, 0, 0, 0, 6, 6, 6, 9, 6, 6, 6, 9, 5]	fffifffie
[0, 0, 0, 0, 0, 0, 0, 6, 6, 9, 6, 6, 6, 6, 9]	ffiffffi
[0, 0, 0, 0, 0, 0, 6, 6, 6, 6, 6, 6, 9, 6, 11]	ffffffifk
Epoch is 52
epoch 52	[ DISC	loss : 0.772445 ]	[ ADV	loss : 0.551961 ]
[7, 0, 0, 7, 0, 0, 14, 5, 9, 14, 18, 6, 9, 18, 19]	ggneinrfirs
[0, 3, 6, 9, 6, 18, 21, 18, 18, 18, 18, 21, 6, 21, 6]	cfifrurrrrufuf
[0, 0, 7, 0, 0, 20, 5, 14, 14, 18, 5, 31, 9, 6, 31]	gtennre4if4
[0, 7, 7, 0, 0, 14, 5, 5, 14, 18, 18, 31, 9, 6, 31]	ggneenrr4if4
[0, 0, 7, 0, 0, 5, 14, 9, 14, 18, 18, 9, 6, 31, 31]	geninrrif44
[7, 1, 1, 12, 9, 18, 12, 18, 21, 3, 21, 18, 18, 14, 6]	gaalirlrucurrnf
[0, 1, 12, 15, 1, 18, 3, 31, 1, 18, 18, 21, 21, 18, 6]	aloarc4arruurf
[0, 19, 19, 21, 4, 6, 21, 21, 6, 21, 6, 18, 18, 6, 6]	ssudfuufufrrff
[0, 0, 7, 0, 0, 5, 9, 5, 14, 18, 18, 6, 9, 31, 26]	geienrrfi4z
[0, 0, 0, 0, 0, 0, 14, 5, 5, 14, 18, 18, 31, 31, 1]	neenrr44a
[7, 1, 3, 15, 1, 26, 18, 1, 18, 18, 21, 3, 18, 1, 6]	gacoazrarrucraf
[7, 1, 12, 18, 9, 3, 18, 18, 21, 18, 18, 18, 18, 21, 6]	galricrrurrrruf
[7, 0, 7, 0, 0, 19, 25, 9, 6, 18, 6, 9, 6, 31, 31]	ggsyifrfif44
[0, 0, 19, 9, 6, 20, 9, 21, 6, 18, 21, 18, 21, 18, 6]	siftiufrururf
[0, 0, 7, 0, 0, 5, 9, 5, 18, 18, 31, 9, 6, 31, 31]	geierr4if44
Epoch is 53
epoch 53	[ DISC	loss : 0.729930 ]	[ ADV	loss : 0.540356 ]
[7, 1, 1, 12, 15, 5, 14, 14, 5, 37, 14, 14, 21, 15, 19]	gaaloenne-nnuos
[0, 0, 0, 0, 5, 5, 5, 5, 15, 20, 20, 9, 18, 20, 5]	eeeeottirte
[12, 1, 14, 12, 5, 14, 21, 14, 14, 5, 5, 14, 15, 5, 19]	lanlenunneenoes
[0, 0, 0, 0, 0, 16, 15, 6, 15, 18, 15, 5, 20, 9, 19]	poforoetis
[7, 1, 1, 3, 5, 1, 5, 15, 15, 14, 15, 14, 1, 21, 19]	gaaceaeoononaus
[0, 19, 16, 5, 15, 15, 15, 21, 15, 15, 15, 15, 15, 15, 5]	speooouooooooe
[0, 1, 1, 1, 1, 5, 3, 15, 14, 12, 15, 5, 3, 1, 19]	aaaaeconloecas
[15, 1, 5, 12, 15, 14, 15, 15, 21, 5, 31, 14, 3, 14, 19]	oaelonooue4ncns
[15, 12, 1, 1, 1, 5, 1, 5, 5, 18, 15, 21, 15, 21, 14]	olaaaeaeerououn
[0, 0, 1, 5, 14, 12, 15, 14, 3, 14, 15, 15, 21, 11, 19]	aenloncnoouks
[0, 0, 0, 0, 0, 14, 9, 15, 5, 5, 20, 9, 1, 18, 19]	nioeetiars
[0, 0, 0, 0, 0, 0, 0, 16, 15, 15, 21, 15, 9, 5, 1]	poouoiea
[0, 0, 0, 0, 0, 16, 5, 15, 9, 20, 15, 9, 20, 20, 19]	peoitoitts
[0, 0, 0, 0, 3, 14, 14, 4, 5, 5, 14, 14, 14, 21, 19]	cnndeennnus
[0, 0, 0, 0, 0, 5, 16, 15, 15, 15, 15, 15, 15, 5, 19]	epooooooes
Epoch is 54
epoch 54	[ DISC	loss : 0.702969 ]	[ ADV	loss : 0.504466 ]
[0, 19, 14, 9, 37, 21, 21, 16, 11, 37, 5, 21, 21, 21, 1]	sni-uupk-euuua
[0, 0, 13, 0, 0, 0, 0, 2, 11, 11, 2, 7, 7, 5, 7]	mbkkbggeg
[0, 0, 19, 5, 5, 1, 20, 11, 11, 11, 11, 11, 11, 11, 1]	seeatkkkkkkka
[0, 1, 12, 9, 11, 11, 21, 11, 21, 11, 11, 5, 11, 11, 14]	alikkukukkekkn
[0, 16, 12, 9, 5, 14, 18, 37, 14, 10, 9, 5, 11, 21, 1]	plienr-njiekua
[0, 0, 0, 14, 37, 5, 21, 21, 21, 11, 14, 21, 9, 5, 19]	n-euuuknuies
[1, 5, 12, 16, 5, 21, 14, 11, 11, 11, 21, 11, 21, 18, 1]	aelpeunkkkukura
[0, 0, 13, 0, 5, 2, 21, 11, 21, 14, 21, 7, 5, 5, 1]	mebukunugeea
[0, 0, 1, 14, 9, 14, 11, 11, 9, 11, 21, 9, 9, 11, 1]	aninkkikuiika
[0, 0, 0, 0, 0, 0, 2, 11, 2, 7, 7, 7, 5, 7, 1]	bkbgggega
[0, 0, 13, 0, 0, 2, 11, 1, 2, 7, 14, 7, 7, 7, 1]	mbkabgnggga
[0, 0, 13, 9, 9, 11, 11, 11, 11, 11, 21, 11, 11, 11, 14]	miikkkkkukkkn
[0, 0, 0, 0, 0, 0, 0, 0, 0, 2, 11, 11, 2, 7, 5]	bkkbge
[0, 0, 0, 0, 0, 0, 10, 2, 7, 25, 7, 7, 7, 7, 1]	jbgygggga
[0, 0, 0, 0, 0, 0, 2, 2, 2, 1, 7, 7, 7, 5, 7]	bbbagggeg
Epoch is 55
epoch 55	[ DISC	loss : 0.665737 ]	[ ADV	loss : 0.534244 ]
[15, 1, 1, 1, 1, 19, 1, 1, 1, 1, 1, 1, 1, 1, 19]	oaaaasaaaaaaaas
[15, 1, 19, 19, 9, 1, 1, 1, 1, 1, 19, 1, 1, 1, 14]	oassiaaaaasaaan
[0, 0, 0, 0, 0, 0, 1, 28, 1, 15, 34, 34, 34, 28, 34]	a1ao77717
[0, 1, 1, 12, 1, 1, 1, 1, 1, 1, 1, 1, 1, 1, 1]	aalaaaaaaaaaaa
[0, 0, 0, 0, 0, 0, 0, 19, 11, 9, 3, 34, 15, 34, 34]	skic7o77
[15, 15, 14, 15, 1, 1, 1, 1, 1, 1, 19, 1, 1, 1, 14]	oonoaaaaaasaaan
[0, 1, 19, 5, 14, 14, 14, 11, 1, 11, 11, 1, 11, 11, 19]	asennnkakkakks
[0, 0, 0, 0, 0, 0, 0, 1, 18, 1, 9, 34, 34, 34, 34]	arai7777
[0, 0, 0, 0, 0, 0, 0, 25, 1, 34, 34, 15, 15, 15, 34]	ya77ooo7
[0, 0, 0, 0, 0, 0, 0, 0, 0, 29, 28, 34, 34, 34, 34]	217777
[15, 14, 9, 18, 1, 1, 1, 14, 14, 14, 1, 1, 1, 1, 19]	oniraaannnaaaas
[0, 0, 0, 0, 0, 0, 0, 14, 18, 11, 28, 34, 34, 28, 34]	nrk17717
[0, 0, 0, 0, 0, 0, 0, 14, 1, 1, 15, 34, 34, 34, 34]	naao7777
[0, 1, 19, 9, 1, 1, 11, 11, 1, 11, 11, 11, 11, 11, 1]	asiaakkakkkkka
[0, 0, 0, 0, 0, 0, 0, 0, 19, 28, 34, 34, 34, 34, 34]	s177777
Epoch is 56
epoch 56	[ DISC	loss : 0.632103 ]	[ ADV	loss : 0.526378 ]
[0, 0, 0, 8, 9, 9, 9, 21, 21, 21, 21, 21, 21, 21, 19]	hiiiuuuuuuus
[0, 0, 13, 9, 21, 21, 21, 21, 21, 18, 6, 8, 5, 13, 20]	miuuuuurfhemt
[0, 0, 0, 0, 0, 8, 21, 8, 8, 4, 9, 14, 18, 5, 13]	huhhdinrem
[0, 0, 0, 19, 20, 9, 21, 6, 18, 6, 21, 13, 13, 5, 13]	stiufrfummem
[0, 0, 0, 0, 0, 0, 8, 4, 21, 21, 18, 6, 14, 1, 5]	hduurfnae
[0, 0, 13, 13, 8, 21, 21, 5, 8, 5, 8, 9, 13, 9, 13]	mmhuuehehimim
[0, 0, 13, 0, 8, 21, 19, 9, 9, 5, 13, 5, 28, 9, 13]	mhusiieme1im
[15, 12, 5, 21, 21, 21, 21, 21, 21, 21, 21, 21, 21, 21, 14]	oleuuuuuuuuuuun
[15, 5, 21, 15, 37, 37, 37, 21, 21, 21, 11, 21, 18, 21, 14]	oeuo---uuukurun
[0, 0, 13, 0, 8, 8, 21, 21, 21, 12, 9, 13, 9, 8, 20]	mhhuuulimiht
[0, 3, 15, 5, 14, 21, 21, 21, 21, 21, 21, 21, 21, 21, 14]	coenuuuuuuuuun
[0, 0, 13, 0, 0, 8, 21, 8, 21, 21, 18, 6, 28, 15, 27]	mhuhuurf1o0
[0, 0, 0, 13, 8, 8, 8, 9, 6, 8, 5, 13, 8, 8, 20]	mhhhifhemhht
[3, 15, 12, 15, 21, 21, 21, 21, 21, 21, 21, 21, 21, 21, 14]	colouuuuuuuuuun
[0, 0, 13, 8, 8, 21, 21, 21, 21, 6, 12, 5, 13, 20, 20]	mhhuuuuflemtt
Epoch is 57
epoch 57	[ DISC	loss : 0.675688 ]	[ ADV	loss : 0.507526 ]
[0, 0, 0, 0, 0, 0, 0, 20, 20, 5, 1, 3, 3, 3, 0]	tteaccc
[0, 0, 0, 0, 5, 20, 5, 5, 1, 1, 3, 5, 3, 15, 13]	eteeaacecom
[0, 0, 0, 0, 0, 0, 0, 5, 14, 5, 14, 25, 12, 9, 14]	enenylin
[15, 15, 14, 9, 5, 21, 21, 21, 22, 21, 21, 22, 21, 22, 14]	oonieuuuvuuvuvn
[0, 0, 0, 0, 0, 0, 0, 20, 20, 5, 6, 1, 5, 15, 19]	ttefaeos
[0, 0, 0, 0, 0, 0, 0, 14, 25, 5, 1, 3, 5, 3, 13]	nyeacecm
[0, 0, 0, 0, 0, 0, 0, 0, 0, 0, 0, 0, 19, 5, 14]	sen
[0, 0, 0, 0, 0, 0, 0, 20, 25, 20, 1, 22, 12, 5, 13]	tytavlem
[0, 0, 0, 0, 0, 0, 0, 19, 20, 5, 18, 3, 5, 3, 1]	sterceca
[0, 0, 0, 0, 5, 1, 5, 1, 22, 1, 5, 3, 3, 3, 0]	eaeavaeccc
[14, 15, 5, 3, 9, 5, 22, 21, 22, 21, 22, 22, 22, 22, 14]	noecievuvuvvvvn
[0, 0, 0, 5, 1, 20, 5, 5, 21, 21, 27, 5, 3, 3, 20]	eateeuu0ecct
[0, 13, 5, 5, 21, 5, 5, 21, 21, 21, 15, 21, 5, 22, 14]	meeueeuuuouevn
[0, 0, 0, 0, 0, 0, 0, 0, 20, 20, 5, 1, 1, 1, 13]	tteaaam
[0, 0, 0, 0, 0, 0, 0, 0, 0, 0, 0, 0, 0, 0, 0]	
Epoch is 58
epoch 58	[ DISC	loss : 0.553709 ]	[ ADV	loss : 0.506057 ]
[0, 13, 20, 20, 5, 15, 15, 15, 15, 15, 19, 15, 21, 10, 19]	mtteooooosoujs
[0, 0, 13, 20, 15, 14, 15, 15, 15, 15, 15, 15, 15, 15, 19]	mtonoooooooos
[0, 0, 0, 0, 0, 0, 19, 20, 20, 12, 19, 22, 12, 5, 2]	sttlsvleb
[0, 13, 13, 15, 37, 15, 15, 15, 37, 5, 26, 9, 19, 15, 19]	mmo-ooo-ezisos
[15, 15, 13, 20, 20, 20, 15, 15, 15, 15, 15, 15, 15, 20, 19]	oomtttooooooots
[15, 15, 13, 9, 9, 10, 10, 10, 10, 10, 10, 10, 10, 15, 19]	oomiijjjjjjjjos
[0, 0, 0, 0, 0, 0, 0, 0, 0, 0, 0, 0, 0, 7, 15]	go
[15, 14, 19, 15, 15, 15, 15, 15, 31, 15, 15, 15, 15, 15, 19]	onsooooo4ooooos
[15, 14, 14, 9, 15, 15, 5, 15, 15, 15, 15, 15, 15, 15, 19]	onniooeooooooos
[0, 0, 0, 0, 0, 0, 0, 0, 0, 0, 0, 0, 0, 0, 0]	
[0, 0, 0, 0, 0, 0, 0, 0, 0, 0, 0, 15, 25, 15, 25]	oyoy
[0, 0, 0, 0, 0, 0, 0, 0, 0, 0, 7, 15, 25, 20, 19]	goyts
[0, 0, 0, 0, 0, 0, 0, 0, 12, 15, 1, 19, 1, 12, 0]	loasal
[0, 0, 0, 0, 0, 0, 0, 0, 0, 19, 15, 15, 19, 19, 25]	soossy
[0, 0, 0, 0, 0, 0, 0, 0, 0, 0, 25, 1, 1, 20, 0]	yaat
Epoch is 59
epoch 59	[ DISC	loss : 0.646795 ]	[ ADV	loss : 0.426161 ]
[15, 14, 18, 18, 18, 18, 18, 21, 18, 18, 18, 21, 18, 18, 14]	onrrrrrurrrurrn
[0, 0, 0, 0, 10, 10, 14, 18, 5, 18, 1, 1, 12, 33, 0]	jjnreraal6
[0, 13, 5, 18, 18, 18, 18, 18, 18, 18, 18, 18, 18, 18, 14]	merrrrrrrrrrrn
[13, 21, 21, 9, 18, 21, 18, 18, 18, 18, 18, 18, 18, 18, 14]	muuirurrrrrrrrn
[0, 0, 0, 0, 0, 10, 5, 14, 14, 5, 14, 18, 18, 18, 5]	jennenrrre
[0, 0, 0, 0, 0, 10, 10, 5, 22, 5, 5, 18, 5, 5, 1]	jjeveereea
[15, 14, 21, 18, 18, 18, 18, 18, 18, 18, 18, 21, 18, 18, 14]	onurrrrrrrrurrn
[0, 0, 0, 0, 10, 10, 14, 22, 5, 18, 18, 18, 14, 33, 0]	jjnverrrn6
[0, 0, 0, 0, 10, 18, 18, 20, 15, 0, 0, 33, 5, 14, 13]	jrrto6enm
[0, 0, 0, 0, 0, 10, 5, 14, 18, 5, 14, 14, 18, 18, 5]	jenrennrre
[0, 0, 0, 0, 0, 5, 5, 5, 5, 5, 5, 1, 18, 33, 0]	eeeeeear6
[0, 0, 0, 0, 0, 0, 10, 5, 18, 18, 5, 5, 14, 18, 14]	jerreenrn
[0, 0, 0, 0, 0, 10, 10, 10, 5, 5, 14, 5, 33, 5, 33]	jjjeene6e6
[0, 13, 5, 18, 18, 18, 18, 18, 18, 18, 18, 18, 18, 18, 19]	merrrrrrrrrrrs
[15, 21, 21, 21, 18, 18, 18, 18, 21, 18, 18, 18, 18, 18, 14]	ouuurrrrurrrrrn
Epoch is 60
epoch 60	[ DISC	loss : 0.624630 ]	[ ADV	loss : 0.426968 ]
[0, 0, 0, 0, 2, 4, 4, 4, 7, 7, 15, 5, 5, 5, 5]	bdddggoeeee
[0, 0, 0, 0, 2, 12, 4, 7, 4, 7, 7, 7, 7, 20, 5]	bldgdggggte
[0, 0, 0, 0, 0, 2, 2, 4, 20, 19, 9, 7, 7, 12, 5]	bbdtsiggle
[15, 12, 9, 8, 4, 4, 4, 4, 4, 4, 4, 4, 4, 4, 30]	olihdddddddddd3
[0, 0, 0, 0, 0, 0, 2, 12, 12, 9, 3, 7, 15, 13, 5]	bllicgome
[0, 0, 0, 0, 5, 4, 4, 4, 7, 7, 7, 15, 7, 4, 5]	edddgggogde
[15, 3, 4, 8, 8, 4, 9, 4, 4, 8, 9, 4, 4, 4, 5]	ocdhhdiddhiddde
[0, 0, 0, 0, 0, 2, 4, 4, 7, 20, 9, 7, 14, 14, 5]	bddgtignne
[0, 0, 0, 0, 0, 2, 12, 15, 15, 7, 14, 15, 13, 5, 14]	bloognomen
[15, 3, 9, 8, 8, 4, 4, 4, 4, 4, 4, 4, 4, 4, 30]	ocihhddddddddd3
[0, 0, 0, 0, 8, 2, 9, 5, 9, 7, 9, 5, 5, 15, 5]	hbieigieeoe
[0, 0, 10, 19, 4, 12, 19, 20, 9, 7, 2, 20, 9, 14, 13]	jsdlstigbtinm
[0, 15, 12, 9, 8, 15, 15, 15, 4, 15, 15, 4, 15, 9, 19]	olihooodoodois
[0, 0, 0, 0, 0, 1, 4, 7, 7, 7, 7, 7, 7, 15, 14]	adggggggon
[15, 12, 8, 4, 37, 8, 8, 15, 15, 8, 8, 8, 8, 4, 19]	olhd-hhoohhhhds
Epoch is 61
epoch 61	[ DISC	loss : 0.481525 ]	[ ADV	loss : 0.414177 ]
[15, 14, 15, 5, 14, 14, 4, 14, 14, 14, 14, 14, 14, 14, 14]	onoenndnnnnnnnn
[0, 0, 0, 0, 0, 5, 2, 1, 15, 1, 11, 11, 11, 11, 1]	ebaoakkkka
[15, 14, 19, 15, 15, 4, 15, 15, 15, 15, 4, 15, 1, 15, 14]	onsoodoooodoaon
[0, 0, 33, 0, 5, 1, 1, 11, 11, 11, 11, 11, 11, 11, 1]	6eaakkkkkkka
[0, 0, 0, 0, 23, 5, 1, 1, 1, 1, 11, 11, 11, 11, 1]	weaaaakkkka
[15, 14, 14, 14, 4, 15, 15, 15, 4, 15, 15, 11, 15, 15, 14]	onnndooodookoon
[0, 0, 0, 0, 0, 0, 15, 7, 11, 11, 11, 11, 11, 11, 1]	ogkkkkkka
[5, 14, 5, 15, 4, 15, 4, 15, 15, 15, 4, 1, 11, 15, 14]	eneododooodakon
[0, 0, 0, 0, 0, 23, 15, 1, 1, 11, 7, 1, 11, 15, 20]	woaakgakot
[0, 13, 5, 14, 5, 14, 14, 14, 3, 15, 15, 15, 1, 4, 14]	menennncoooadn
[0, 0, 0, 0, 23, 15, 1, 1, 19, 1, 1, 15, 11, 11, 20]	woaasaaokkt
[0, 0, 0, 0, 0, 5, 1, 1, 19, 1, 1, 1, 1, 1, 2]	eaasaaaaab
[0, 0, 33, 23, 5, 15, 1, 1, 1, 1, 1, 1, 4, 1, 4]	6weoaaaaaadad
[13, 17, 5, 19, 21, 14, 14, 14, 14, 14, 14, 14, 14, 14, 14]	mqesunnnnnnnnnn
[0, 0, 17, 15, 5, 14, 19, 19, 4, 4, 5, 19, 4, 4, 14]	qoenssddesddn
Epoch is 62
epoch 62	[ DISC	loss : 0.442254 ]	[ ADV	loss : 0.294156 ]
[0, 0, 10, 23, 8, 8, 21, 21, 21, 21, 21, 21, 21, 21, 15]	jwhhuuuuuuuuo
[0, 0, 2, 8, 8, 11, 11, 21, 3, 3, 3, 14, 3, 14, 2]	bhhkkucccncnb
[0, 8, 9, 3, 3, 3, 3, 3, 11, 3, 1, 1, 1, 3, 19]	hiccccckcaaacs
[0, 11, 21, 1, 14, 1, 3, 1, 1, 3, 19, 1, 3, 3, 19]	kuanacaacsaccs
[0, 19, 9, 11, 21, 3, 1, 3, 1, 3, 3, 19, 1, 21, 19]	sikucacaccsaus
[0, 0, 0, 0, 8, 21, 21, 21, 21, 21, 21, 21, 21, 21, 15]	huuuuuuuuuo
[0, 2, 11, 19, 1, 11, 11, 11, 11, 19, 1, 11, 11, 3, 19]	bksakkkksakkcs
[0, 0, 0, 0, 15, 21, 21, 21, 21, 21, 21, 21, 3, 3, 15]	ouuuuuuucco
[0, 0, 0, 21, 8, 11, 9, 3, 21, 21, 21, 21, 21, 21, 11]	uhkicuuuuuuk
[0, 0, 0, 8, 8, 8, 21, 21, 3, 14, 3, 14, 14, 15, 15]	hhhuucncnnoo
[0, 0, 0, 0, 11, 5, 21, 3, 21, 21, 21, 21, 21, 21, 15]	keucuuuuuuo
[9, 3, 14, 14, 19, 1, 6, 11, 11, 11, 3, 3, 11, 19, 14]	icnnsafkkkccksn
[0, 0, 0, 0, 8, 8, 21, 11, 2, 11, 15, 2, 2, 11, 15]	hhukbkobbko
[0, 8, 9, 14, 14, 14, 5, 14, 13, 13, 13, 13, 13, 5, 20]	hinnnenmmmmmet
[15, 11, 11, 19, 11, 11, 11, 11, 11, 11, 11, 11, 11, 11, 14]	okkskkkkkkkkkkn
Epoch is 63
epoch 63	[ DISC	loss : 0.806334 ]	[ ADV	loss : 0.443480 ]
[0, 0, 0, 0, 0, 0, 0, 0, 0, 0, 0, 0, 23, 0, 15]	wo
[0, 0, 0, 0, 0, 0, 0, 0, 0, 0, 0, 0, 0, 0, 13]	m
[15, 19, 20, 20, 20, 20, 20, 20, 20, 20, 20, 20, 20, 20, 5]	ostttttttttttte
[0, 0, 19, 20, 20, 20, 23, 23, 23, 23, 23, 23, 23, 23, 5]	stttwwwwwwwwe
[0, 0, 0, 0, 0, 0, 0, 0, 0, 0, 0, 5, 23, 27, 27]	ew00
[0, 0, 0, 0, 0, 0, 5, 14, 27, 0, 0, 0, 2, 13, 13]	en0bmm
[0, 0, 0, 0, 0, 0, 0, 0, 0, 0, 0, 0, 0, 0, 13]	m
[0, 0, 0, 0, 0, 0, 0, 21, 1, 5, 5, 14, 23, 23, 13]	uaeenwwm
[0, 0, 0, 0, 0, 0, 0, 21, 23, 23, 27, 23, 2, 2, 13]	uww0wbbm
[0, 0, 0, 0, 0, 0, 3, 23, 23, 23, 23, 2, 27, 27, 13]	cwwwwb00m
[0, 0, 0, 0, 0, 0, 0, 0, 0, 23, 23, 23, 0, 0, 13]	wwwm
[0, 0, 0, 0, 0, 0, 0, 0, 0, 0, 0, 0, 0, 0, 13]	m
[0, 2, 20, 5, 5, 5, 5, 5, 5, 5, 5, 23, 5, 5, 5]	bteeeeeeeeweee
[0, 0, 0, 0, 0, 0, 0, 0, 0, 0, 0, 0, 0, 0, 0]	
[0, 0, 12, 21, 20, 23, 5, 23, 23, 23, 1, 23, 23, 23, 5]	lutwewwwawwwe
Epoch is 64
epoch 64	[ DISC	loss : 0.697233 ]	[ ADV	loss : 0.245653 ]
[0, 0, 0, 0, 0, 0, 0, 0, 0, 0, 0, 24, 0, 0, 0]	x
[15, 15, 18, 17, 17, 18, 0, 17, 18, 17, 0, 18, 17, 18, 5]	oorqqrqrqrqre
[0, 0, 0, 0, 0, 0, 0, 24, 24, 24, 0, 0, 0, 0, 0]	xxx
[0, 0, 0, 0, 0, 0, 0, 29, 24, 24, 29, 24, 0, 0, 0]	2xx2x
[0, 0, 37, 0, 0, 0, 0, 0, 0, 0, 0, 0, 29, 0, 17]	-2q
[0, 0, 0, 17, 17, 17, 18, 17, 17, 17, 18, 17, 17, 17, 5]	qqqrqqqrqqqe
[0, 0, 0, 0, 0, 0, 0, 0, 0, 29, 0, 0, 0, 0, 0]	2
[0, 0, 17, 0, 0, 0, 0, 37, 29, 12, 12, 12, 29, 12, 0]	q-2lll2l
[0, 0, 0, 0, 0, 0, 0, 0, 0, 0, 0, 0, 0, 0, 24]	x
[0, 0, 0, 0, 0, 0, 0, 0, 24, 24, 24, 24, 24, 24, 24]	xxxxxxx
[0, 0, 0, 0, 0, 0, 0, 0, 0, 0, 0, 0, 0, 0, 0]	
[0, 13, 0, 17, 0, 0, 0, 0, 0, 0, 0, 0, 0, 0, 5]	mqe
[0, 0, 0, 0, 0, 0, 0, 0, 24, 0, 29, 24, 24, 0, 0]	x2xx
[0, 13, 9, 0, 0, 0, 12, 0, 12, 12, 17, 37, 37, 12, 5]	milllq--le
[0, 0, 0, 0, 0, 0, 0, 0, 0, 29, 13, 24, 24, 0, 0]	2mxx
Epoch is 65
epoch 65	[ DISC	loss : 0.475002 ]	[ ADV	loss : 0.414196 ]
[0, 0, 0, 0, 0, 18, 15, 18, 18, 18, 5, 15, 15, 18, 0]	rorrreoor
[0, 0, 0, 0, 0, 0, 0, 19, 20, 20, 0, 0, 0, 0, 0]	stt
[0, 0, 0, 18, 15, 18, 18, 18, 18, 18, 15, 18, 18, 18, 19]	rorrrrrorrrs
[0, 0, 0, 18, 15, 18, 15, 15, 15, 15, 15, 15, 15, 15, 19]	roroooooooos
[0, 0, 0, 18, 18, 18, 18, 15, 15, 15, 15, 18, 15, 18, 0]	rrrrooooror
[0, 0, 0, 15, 15, 18, 15, 18, 15, 15, 15, 15, 15, 15, 5]	oororooooooe
[0, 0, 0, 0, 0, 0, 13, 5, 0, 0, 0, 0, 0, 0, 0]	me
[0, 0, 0, 0, 0, 0, 0, 0, 0, 0, 0, 0, 0, 0, 0]	
[0, 0, 0, 0, 0, 0, 0, 0, 24, 27, 23, 0, 0, 0, 0]	x0w
[0, 0, 0, 0, 0, 0, 20, 5, 0, 0, 0, 0, 0, 0, 0]	te
[0, 12, 9, 18, 18, 18, 18, 18, 18, 18, 18, 15, 18, 15, 19]	lirrrrrrrroros
[0, 0, 0, 0, 0, 0, 0, 0, 19, 9, 0, 0, 0, 0, 0]	si
[0, 3, 18, 18, 9, 18, 18, 15, 9, 15, 15, 15, 15, 15, 5]	crrirroioooooe
[0, 0, 18, 15, 15, 0, 15, 5, 15, 15, 15, 15, 15, 18, 0]	roooeooooor
[0, 0, 18, 18, 15, 15, 15, 15, 15, 18, 15, 15, 18, 15, 19]	rrooooorooros
Epoch is 66
epoch 66	[ DISC	loss : 0.345924 ]	[ ADV	loss : 0.309424 ]
[0, 0, 0, 0, 0, 0, 1, 2, 9, 8, 2, 0, 0, 8, 0]	abihbh
[0, 0, 0, 0, 0, 0, 24, 2, 8, 8, 8, 8, 8, 8, 0]	xbhhhhhh
[0, 0, 0, 0, 0, 0, 0, 0, 1, 1, 1, 8, 2, 8, 0]	aaahbh
[0, 12, 9, 14, 14, 14, 14, 14, 14, 14, 14, 14, 14, 15, 14]	linnnnnnnnnnon
[0, 13, 15, 19, 15, 14, 14, 14, 15, 15, 15, 15, 15, 15, 25]	mosonnnooooooy
[0, 0, 0, 0, 5, 14, 14, 15, 14, 14, 15, 5, 15, 14, 14]	ennonnoeonn
[0, 0, 0, 0, 0, 0, 1, 19, 9, 8, 8, 1, 8, 8, 20]	asihhahht
[0, 0, 0, 0, 0, 0, 1, 2, 15, 8, 2, 9, 9, 2, 0]	abohbiib
[0, 0, 0, 0, 0, 0, 0, 0, 0, 0, 0, 0, 0, 0, 0]	
[0, 0, 0, 14, 15, 14, 15, 15, 15, 15, 15, 15, 15, 15, 5]	nonooooooooe
[0, 0, 0, 0, 0, 0, 0, 0, 1, 2, 9, 15, 2, 20, 0]	abiobt
[0, 0, 0, 0, 5, 15, 15, 15, 15, 15, 9, 15, 15, 15, 12]	eoooooioool
[0, 0, 0, 15, 15, 15, 15, 15, 15, 15, 9, 15, 15, 15, 5]	oooooooioooe
[0, 0, 0, 0, 0, 0, 2, 8, 15, 15, 2, 8, 20, 20, 0]	bhoobhtt
[0, 0, 0, 0, 0, 0, 0, 2, 14, 15, 9, 15, 9, 8, 0]	bnoioih
Epoch is 67
epoch 67	[ DISC	loss : 0.439394 ]	[ ADV	loss : 0.316316 ]
[0, 0, 0, 0, 0, 0, 0, 15, 15, 5, 10, 12, 12, 12, 0]	ooejlll
[0, 0, 0, 0, 0, 0, 15, 3, 15, 15, 9, 36, 36, 23, 0]	ocooi99w
[0, 0, 0, 0, 0, 0, 15, 15, 9, 10, 0, 0, 0, 0, 0]	ooij
[0, 0, 0, 0, 0, 0, 26, 9, 9, 10, 0, 0, 0, 0, 0]	ziij
[0, 7, 5, 18, 15, 15, 5, 15, 15, 15, 15, 15, 15, 15, 0]	gerooeooooooo
[0, 0, 0, 0, 0, 0, 0, 3, 15, 1, 9, 12, 12, 12, 0]	coailll
[0, 0, 0, 0, 0, 0, 0, 0, 10, 15, 15, 15, 0, 0, 0]	jooo
[0, 0, 0, 0, 0, 15, 5, 5, 12, 20, 0, 0, 0, 0, 0]	oeelt
[0, 0, 0, 0, 0, 0, 0, 0, 0, 0, 0, 5, 5, 5, 0]	eee
[0, 0, 0, 0, 0, 0, 0, 37, 15, 15, 26, 36, 36, 20, 0]	-ooz99t
[0, 0, 0, 0, 0, 0, 15, 14, 36, 36, 0, 0, 0, 0, 0]	on99
[0, 0, 0, 0, 0, 0, 13, 15, 36, 10, 36, 36, 36, 36, 0]	mo9j9999
[0, 0, 0, 0, 0, 0, 0, 0, 0, 0, 0, 0, 15, 15, 0]	oo
[0, 0, 0, 0, 0, 0, 26, 26, 15, 15, 15, 12, 15, 12, 0]	zzooolol
[0, 0, 3, 15, 3, 15, 15, 5, 5, 15, 5, 15, 5, 15, 0]	cocooeeoeoeo
Epoch is 68
epoch 68	[ DISC	loss : 0.549019 ]	[ ADV	loss : 0.268191 ]
[0, 0, 0, 0, 0, 0, 22, 22, 9, 22, 22, 22, 20, 20, 9]	vvivvvtti
[0, 0, 5, 18, 5, 22, 5, 22, 5, 22, 5, 18, 5, 5, 25]	erevevevereey
[0, 0, 0, 0, 0, 0, 0, 0, 15, 25, 15, 9, 9, 22, 9]	oyoiivi
[0, 0, 0, 0, 0, 5, 15, 1, 9, 22, 22, 9, 9, 20, 35]	eoaivviit8
[0, 0, 0, 0, 0, 0, 19, 25, 9, 12, 9, 12, 9, 22, 35]	syililiv8
[0, 0, 0, 0, 0, 0, 0, 0, 0, 0, 19, 9, 14, 14, 0]	sinn
[0, 0, 0, 0, 0, 0, 0, 15, 15, 9, 9, 22, 12, 20, 20]	ooiivltt
[0, 0, 0, 0, 0, 0, 0, 1, 9, 25, 9, 9, 22, 12, 35]	aiyiivl8
[0, 0, 0, 0, 0, 0, 0, 0, 19, 22, 9, 22, 22, 12, 35]	svivvl8
[0, 0, 0, 0, 0, 0, 0, 0, 0, 1, 25, 15, 15, 20, 9]	ayooti
[0, 0, 0, 0, 0, 0, 0, 0, 15, 1, 9, 9, 22, 20, 35]	oaiivt8
[0, 0, 0, 0, 19, 12, 20, 9, 22, 22, 9, 22, 9, 9, 20]	sltivviviit
[0, 0, 0, 0, 0, 1, 15, 9, 9, 9, 22, 9, 20, 20, 9]	aoiiivitti
[0, 0, 0, 0, 0, 0, 0, 15, 22, 9, 9, 9, 9, 20, 9]	oviiiiti
[0, 0, 19, 15, 22, 5, 5, 22, 22, 22, 18, 15, 22, 22, 25]	soveevvvrovvy
Epoch is 69
epoch 69	[ DISC	loss : 0.377638 ]	[ ADV	loss : 0.320132 ]
[0, 0, 0, 0, 20, 20, 20, 19, 19, 19, 14, 14, 14, 14, 5]	tttsssnnnne
[0, 0, 0, 0, 1, 1, 20, 19, 19, 28, 14, 25, 14, 14, 0]	aatss1nynn
[0, 0, 14, 9, 19, 15, 15, 18, 15, 15, 15, 15, 15, 19, 25]	nisoorooooosy
[0, 0, 19, 15, 19, 15, 15, 15, 15, 19, 20, 15, 15, 15, 19]	sosoooostooos
[0, 0, 19, 15, 20, 19, 19, 19, 15, 19, 19, 15, 19, 19, 19]	sotsssossosss
[0, 0, 0, 0, 20, 15, 20, 19, 28, 28, 14, 19, 19, 19, 9]	tots11nsssi
[0, 0, 0, 0, 20, 20, 20, 20, 20, 12, 12, 20, 20, 20, 20]	tttttlltttt
[0, 0, 0, 0, 20, 15, 19, 19, 20, 14, 20, 20, 20, 20, 9]	tosstntttti
[0, 0, 0, 0, 13, 20, 20, 20, 19, 9, 14, 14, 20, 20, 20]	mtttsinnttt
[0, 0, 0, 23, 15, 15, 15, 15, 15, 15, 15, 15, 20, 15, 19]	wooooooootos
[0, 19, 9, 19, 19, 20, 20, 15, 20, 19, 20, 15, 19, 20, 19]	sissttotstosts
[0, 0, 0, 0, 1, 26, 26, 9, 1, 14, 14, 14, 14, 14, 0]	azziannnnn
[0, 0, 0, 0, 0, 9, 19, 20, 1, 1, 14, 14, 14, 14, 0]	istaannnn
[0, 13, 9, 18, 18, 15, 15, 15, 18, 15, 15, 15, 15, 15, 19]	mirrooorooooos
[0, 0, 0, 0, 20, 20, 1, 1, 14, 14, 14, 20, 9, 20, 0]	ttaannntit
Epoch is 70
epoch 70	[ DISC	loss : 0.218566 ]	[ ADV	loss : 0.192654 ]
[0, 0, 0, 19, 15, 1, 1, 1, 1, 1, 1, 1, 1, 1, 0]	soaaaaaaaaa
[0, 0, 0, 0, 0, 1, 1, 14, 19, 19, 19, 19, 19, 19, 9]	aanssssssi
[0, 0, 0, 0, 0, 9, 19, 9, 5, 1, 9, 31, 13, 5, 13]	isieai4mem
[0, 0, 0, 0, 1, 1, 1, 1, 1, 1, 1, 1, 1, 1, 0]	aaaaaaaaaa
[0, 0, 0, 0, 0, 9, 19, 1, 23, 5, 23, 23, 5, 3, 13]	isawewwecm
[0, 0, 0, 0, 0, 1, 15, 1, 22, 1, 1, 1, 1, 0, 0]	aoavaaaa
[0, 0, 18, 18, 18, 18, 18, 18, 18, 18, 18, 18, 18, 18, 19]	rrrrrrrrrrrrs
[0, 0, 0, 0, 20, 1, 19, 1, 1, 19, 1, 1, 1, 19, 0]	tasaasaaas
[0, 13, 18, 18, 3, 18, 18, 18, 18, 18, 18, 18, 18, 18, 19]	mrrcrrrrrrrrrs
[0, 18, 15, 18, 18, 18, 18, 18, 18, 18, 18, 18, 18, 18, 19]	rorrrrrrrrrrrs
[0, 0, 0, 0, 0, 15, 19, 19, 19, 19, 19, 19, 19, 19, 31]	ossssssss4
[0, 0, 0, 0, 0, 22, 1, 1, 1, 1, 1, 1, 1, 1, 0]	vaaaaaaaa
[0, 0, 0, 8, 1, 1, 1, 1, 19, 1, 1, 1, 19, 1, 0]	haaaasaaasa
[0, 13, 15, 18, 18, 18, 18, 18, 18, 18, 18, 18, 18, 18, 19]	morrrrrrrrrrrs
[0, 0, 13, 19, 15, 3, 18, 18, 18, 18, 18, 18, 18, 18, 19]	msocrrrrrrrrs
Epoch is 71
epoch 71	[ DISC	loss : 0.213827 ]	[ ADV	loss : 0.156927 ]
[0, 0, 0, 0, 0, 20, 9, 1, 1, 22, 21, 9, 9, 9, 0]	tiaavuiii
[0, 0, 0, 0, 9, 11, 9, 5, 31, 11, 11, 20, 11, 11, 31]	ikie4kktkk4
[0, 0, 0, 0, 15, 1, 11, 1, 1, 1, 1, 1, 1, 1, 0]	oakaaaaaaa
[0, 0, 0, 0, 11, 15, 1, 1, 1, 1, 1, 1, 1, 20, 19]	koaaaaaaats
[0, 0, 0, 0, 0, 11, 11, 1, 1, 22, 1, 1, 1, 1, 0]	kkaavaaaa
[0, 0, 0, 0, 0, 0, 0, 1, 11, 1, 1, 1, 1, 9, 20]	akaaaait
[0, 0, 0, 0, 20, 11, 11, 11, 22, 22, 21, 5, 11, 1, 0]	tkkkvvueka
[0, 0, 0, 0, 9, 11, 9, 1, 11, 20, 20, 20, 20, 1, 0]	ikiaktttta
[0, 0, 18, 20, 1, 1, 1, 1, 1, 1, 1, 1, 1, 1, 19]	rtaaaaaaaaaas
[0, 0, 0, 0, 0, 11, 11, 1, 22, 1, 1, 0, 1, 1, 0]	kkavaaaa
[0, 0, 18, 9, 1, 1, 1, 1, 1, 1, 1, 1, 1, 1, 19]	riaaaaaaaaaas
[0, 0, 0, 0, 11, 11, 1, 11, 1, 1, 1, 1, 1, 1, 0]	kkakaaaaaa
[0, 0, 0, 0, 11, 11, 11, 11, 31, 31, 31, 28, 31, 28, 0]	kkkk444141
[0, 18, 20, 1, 1, 1, 1, 1, 1, 1, 1, 1, 1, 1, 25]	rtaaaaaaaaaaay
[0, 0, 0, 0, 20, 11, 11, 1, 11, 1, 11, 11, 1, 11, 5]	tkkakakkake
Epoch is 72
epoch 72	[ DISC	loss : 0.182966 ]	[ ADV	loss : 0.162059 ]
[0, 0, 0, 0, 0, 0, 26, 26, 21, 21, 21, 21, 21, 21, 0]	zzuuuuuu
[0, 0, 0, 15, 25, 11, 1, 21, 11, 15, 11, 15, 15, 21, 19]	oykaukokoous
[0, 0, 0, 0, 0, 9, 26, 5, 21, 21, 21, 21, 5, 5, 13]	izeuuuueem
[0, 0, 22, 15, 21, 15, 21, 15, 21, 21, 21, 21, 21, 21, 20]	vouououuuuuut
[0, 0, 0, 0, 12, 15, 15, 15, 15, 15, 15, 15, 15, 15, 13]	looooooooom
[0, 0, 0, 0, 0, 0, 11, 4, 21, 21, 21, 21, 21, 21, 5]	kduuuuuue
[0, 0, 0, 0, 0, 9, 26, 21, 21, 21, 21, 21, 21, 21, 0]	izuuuuuuu
[0, 0, 0, 0, 0, 0, 22, 26, 21, 21, 21, 21, 21, 21, 13]	vzuuuuuum
[0, 0, 0, 0, 0, 0, 0, 15, 5, 21, 21, 0, 0, 0, 0]	oeuu
[0, 0, 0, 0, 0, 26, 21, 21, 21, 21, 21, 21, 21, 21, 0]	zuuuuuuuu
[0, 0, 0, 0, 0, 0, 0, 0, 0, 26, 4, 4, 4, 21, 5]	zdddue
[0, 0, 0, 0, 9, 15, 25, 25, 12, 25, 12, 12, 12, 25, 5]	ioyylylllye
[0, 0, 0, 0, 0, 0, 0, 26, 26, 21, 21, 21, 21, 21, 0]	zzuuuuu
[0, 0, 0, 0, 0, 0, 0, 0, 5, 3, 21, 21, 0, 0, 0]	ecuu
[0, 0, 12, 20, 20, 11, 15, 11, 15, 15, 21, 21, 21, 21, 5]	lttkokoouuuue
Epoch is 73
epoch 73	[ DISC	loss : 0.277723 ]	[ ADV	loss : 0.204239 ]
[0, 0, 7, 9, 9, 21, 9, 9, 21, 21, 21, 21, 9, 21, 5]	giiuiiuuuuiue
[0, 0, 11, 9, 21, 9, 21, 9, 15, 21, 9, 9, 15, 9, 13]	kiuiuiouiioim
[0, 0, 0, 0, 0, 0, 21, 21, 5, 21, 21, 21, 21, 0, 0]	uueuuuu
[0, 0, 0, 0, 0, 0, 0, 0, 0, 7, 9, 5, 5, 3, 0]	gieec
[0, 0, 7, 9, 7, 5, 25, 5, 5, 5, 5, 15, 5, 5, 25]	gigeyeeeeoeey
[0, 0, 0, 5, 21, 9, 9, 9, 5, 5, 15, 9, 9, 15, 13]	euiiieeoiiom
[0, 0, 20, 20, 5, 25, 25, 25, 25, 25, 12, 25, 25, 25, 25]	tteyyyyylyyyy
[0, 0, 0, 0, 0, 0, 0, 0, 0, 0, 0, 0, 0, 0, 0]	
[0, 0, 0, 0, 0, 0, 0, 0, 14, 5, 14, 14, 14, 4, 0]	nennnd
[0, 0, 0, 0, 0, 0, 0, 21, 21, 5, 5, 5, 21, 21, 0]	uueeeuu
[0, 0, 0, 0, 0, 0, 0, 0, 0, 0, 0, 0, 0, 0, 0]	
[0, 0, 0, 0, 0, 9, 9, 9, 15, 4, 9, 21, 21, 21, 5]	iiiodiuuue
[0, 0, 0, 0, 0, 0, 4, 5, 5, 3, 21, 5, 15, 15, 13]	deecueoom
[0, 0, 0, 9, 0, 0, 21, 21, 21, 21, 21, 21, 9, 21, 13]	iuuuuuuium
[0, 0, 0, 0, 0, 0, 0, 0, 0, 0, 21, 0, 0, 0, 0]	u
Epoch is 74
epoch 74	[ DISC	loss : 0.215632 ]	[ ADV	loss : 0.147341 ]
[0, 12, 9, 5, 19, 12, 15, 19, 15, 4, 19, 4, 15, 19, 19]	lieslosodsdoss
[0, 0, 0, 0, 20, 5, 19, 4, 19, 15, 19, 4, 15, 19, 19]	tesdsosdoss
[0, 0, 0, 0, 0, 0, 0, 0, 4, 6, 6, 6, 6, 6, 9]	dfffffi
[0, 0, 0, 0, 0, 0, 0, 0, 4, 9, 6, 6, 6, 6, 0]	diffff
[0, 0, 20, 19, 12, 19, 19, 19, 19, 12, 19, 15, 19, 19, 19]	tslsssslsosss
[0, 0, 8, 5, 5, 9, 15, 9, 9, 9, 9, 9, 9, 9, 13]	heeioiiiiiiim
[0, 0, 0, 0, 0, 0, 0, 0, 6, 6, 6, 6, 6, 6, 9]	ffffffi
[0, 0, 0, 0, 0, 0, 0, 6, 0, 0, 0, 0, 0, 0, 0]	f
[0, 0, 7, 12, 19, 19, 12, 19, 19, 19, 14, 19, 19, 19, 19]	glsslsssnssss
[0, 0, 5, 19, 19, 19, 12, 19, 12, 12, 20, 12, 12, 19, 19]	essslslltllss
[0, 0, 0, 0, 0, 0, 0, 0, 0, 6, 6, 6, 6, 6, 0]	fffff
[0, 0, 12, 9, 12, 12, 19, 12, 19, 12, 19, 12, 19, 12, 19]	lillslslslsls
[0, 0, 0, 0, 0, 13, 4, 9, 6, 6, 6, 6, 6, 6, 0]	mdiffffff
[0, 0, 0, 0, 0, 0, 12, 6, 6, 6, 6, 6, 6, 6, 0]	lfffffff
[0, 0, 0, 0, 0, 0, 0, 0, 0, 6, 6, 6, 6, 6, 0]	fffff
Epoch is 75
epoch 75	[ DISC	loss : 0.170983 ]	[ ADV	loss : 0.149083 ]
[0, 0, 0, 0, 0, 0, 0, 0, 8, 0, 6, 7, 0, 0, 0]	hfg
[0, 0, 0, 0, 5, 5, 5, 5, 5, 5, 5, 21, 5, 15, 0]	eeeeeeeueo
[0, 0, 12, 5, 5, 5, 5, 5, 5, 5, 5, 5, 5, 15, 13]	leeeeeeeeeeom
[0, 0, 0, 8, 5, 5, 5, 15, 5, 5, 15, 5, 15, 5, 1]	heeeoeeoeoea
[0, 0, 8, 15, 15, 15, 15, 15, 15, 15, 15, 15, 15, 15, 20]	hooooooooooot
[0, 0, 0, 0, 0, 0, 0, 0, 0, 0, 0, 0, 0, 0, 0]	
[0, 0, 12, 20, 5, 15, 5, 15, 15, 15, 15, 15, 15, 15, 13]	lteoeooooooom
[0, 0, 0, 0, 0, 0, 0, 0, 0, 0, 0, 0, 0, 0, 0]	
[0, 0, 0, 0, 0, 0, 0, 0, 8, 9, 9, 18, 18, 7, 0]	hiirrg
[0, 0, 0, 0, 0, 0, 0, 8, 9, 18, 6, 18, 18, 7, 0]	hirfrrg
[0, 0, 0, 0, 0, 0, 0, 0, 0, 0, 0, 0, 0, 8, 0]	h
[0, 0, 0, 0, 0, 0, 0, 0, 8, 6, 9, 18, 18, 18, 0]	hfirrr
[0, 0, 0, 0, 0, 0, 0, 0, 0, 0, 8, 18, 18, 18, 0]	hrrr
[0, 0, 0, 0, 0, 0, 0, 8, 15, 15, 15, 15, 15, 15, 20]	hoooooot
[0, 0, 0, 0, 0, 8, 15, 8, 15, 15, 15, 15, 15, 15, 9]	hohooooooi
Epoch is 76
epoch 76	[ DISC	loss : 0.339062 ]	[ ADV	loss : 0.261746 ]
[0, 0, 0, 13, 16, 16, 16, 16, 16, 16, 16, 16, 16, 20, 16]	mppppppppptp
[0, 0, 13, 20, 9, 20, 20, 9, 16, 16, 16, 16, 16, 16, 16]	mtittippppppp
[0, 0, 0, 0, 0, 0, 0, 13, 16, 16, 16, 16, 16, 16, 16]	mppppppp
[0, 0, 0, 0, 0, 0, 0, 16, 16, 16, 16, 16, 16, 16, 16]	pppppppp
[0, 0, 0, 0, 0, 0, 0, 8, 16, 16, 16, 16, 16, 16, 16]	hppppppp
[0, 0, 0, 0, 0, 0, 0, 8, 18, 18, 16, 16, 16, 16, 16]	hrrppppp
[0, 13, 20, 20, 20, 20, 20, 20, 20, 20, 20, 20, 20, 20, 16]	mttttttttttttp
[0, 0, 0, 0, 16, 16, 16, 16, 16, 16, 16, 16, 16, 16, 16]	ppppppppppp
[0, 0, 0, 0, 0, 0, 16, 16, 16, 16, 16, 16, 16, 16, 16]	ppppppppp
[0, 0, 13, 9, 1, 20, 1, 20, 20, 20, 20, 20, 20, 20, 1]	miatattttttta
[0, 0, 0, 0, 0, 0, 0, 0, 16, 16, 16, 16, 16, 16, 16]	ppppppp
[0, 0, 0, 0, 13, 0, 13, 15, 14, 16, 16, 1, 16, 16, 16]	mmonppappp
[0, 0, 0, 0, 0, 16, 16, 16, 16, 16, 16, 16, 16, 16, 16]	pppppppppp
[0, 0, 0, 9, 16, 16, 16, 16, 16, 16, 16, 16, 16, 16, 16]	ippppppppppp
[0, 0, 0, 0, 0, 0, 0, 0, 16, 16, 16, 16, 16, 16, 16]	ppppppp
Epoch is 77
epoch 77	[ DISC	loss : 0.172502 ]	[ ADV	loss : 0.143762 ]
[0, 0, 16, 16, 16, 16, 16, 16, 16, 16, 16, 16, 16, 16, 16]	ppppppppppppp
[0, 0, 0, 0, 0, 0, 0, 0, 0, 16, 9, 9, 16, 7, 16]	piipgp
[0, 0, 0, 0, 16, 16, 16, 16, 16, 16, 16, 16, 16, 16, 16]	ppppppppppp
[0, 0, 0, 16, 16, 16, 16, 16, 16, 16, 16, 16, 16, 16, 16]	pppppppppppp
[0, 0, 0, 0, 0, 0, 0, 0, 0, 16, 7, 7, 7, 7, 16]	pggggp
[0, 0, 0, 0, 0, 0, 0, 0, 16, 16, 7, 7, 7, 7, 16]	ppggggp
[0, 0, 0, 0, 0, 0, 16, 16, 16, 16, 16, 20, 9, 16, 16]	ppppptipp
[0, 0, 0, 0, 0, 0, 0, 0, 16, 9, 16, 16, 16, 16, 16]	pippppp
[0, 0, 0, 0, 0, 0, 7, 7, 7, 7, 16, 16, 7, 7, 16]	ggggppggp
[0, 0, 18, 9, 16, 16, 16, 16, 16, 16, 16, 16, 16, 16, 16]	rippppppppppp
[0, 0, 0, 0, 0, 0, 0, 0, 16, 16, 16, 7, 7, 7, 16]	pppgggp
[0, 0, 18, 9, 16, 16, 16, 9, 9, 9, 9, 9, 9, 9, 16]	ripppiiiiiiip
[0, 0, 0, 0, 0, 0, 0, 0, 0, 0, 9, 16, 7, 7, 16]	ipggp
[0, 0, 0, 0, 0, 0, 0, 16, 16, 16, 7, 7, 7, 16, 16]	pppgggpp
[0, 0, 0, 16, 16, 16, 16, 16, 16, 16, 16, 16, 16, 16, 16]	pppppppppppp
Epoch is 78
epoch 78	[ DISC	loss : 0.143012 ]	[ ADV	loss : 0.101942 ]
[0, 0, 0, 0, 0, 0, 0, 13, 20, 14, 14, 14, 14, 14, 16]	mtnnnnnp
[0, 0, 0, 1, 5, 16, 16, 16, 16, 16, 16, 16, 16, 16, 16]	aepppppppppp
[0, 0, 0, 0, 0, 0, 9, 14, 20, 14, 14, 14, 14, 14, 16]	intnnnnnp
[0, 0, 0, 0, 0, 0, 0, 0, 20, 14, 14, 14, 14, 14, 16]	tnnnnnp
[0, 0, 0, 0, 0, 0, 0, 16, 16, 14, 14, 14, 14, 14, 16]	ppnnnnnp
[0, 0, 0, 0, 5, 5, 16, 16, 16, 16, 16, 16, 16, 16, 16]	eeppppppppp
[0, 0, 0, 0, 0, 0, 0, 20, 20, 14, 14, 14, 14, 14, 16]	ttnnnnnp
[0, 0, 0, 0, 0, 0, 0, 0, 0, 0, 0, 0, 0, 16, 16]	pp
[0, 0, 0, 0, 0, 0, 0, 0, 0, 0, 0, 0, 0, 0, 13]	m
[0, 0, 0, 5, 16, 16, 16, 16, 16, 16, 16, 16, 16, 16, 16]	eppppppppppp
[0, 0, 0, 18, 5, 0, 16, 16, 16, 16, 16, 16, 16, 16, 16]	reppppppppp
[0, 0, 0, 0, 16, 16, 16, 16, 16, 16, 16, 16, 16, 16, 16]	ppppppppppp
[0, 0, 0, 0, 0, 0, 0, 0, 0, 0, 16, 9, 9, 20, 16]	piitp
[0, 0, 0, 0, 0, 0, 0, 0, 0, 0, 16, 16, 16, 16, 16]	ppppp
[0, 0, 0, 0, 5, 16, 16, 16, 16, 16, 16, 16, 16, 16, 16]	epppppppppp
Epoch is 79
epoch 79	[ DISC	loss : 0.221575 ]	[ ADV	loss : 0.090227 ]
[0, 0, 0, 0, 0, 0, 1, 18, 1, 1, 1, 1, 1, 1, 16]	araaaaaap
[0, 0, 0, 0, 0, 0, 0, 0, 1, 1, 1, 1, 1, 1, 16]	aaaaaap
[0, 0, 13, 5, 0, 0, 0, 18, 9, 0, 0, 0, 18, 9, 16]	meririp
[0, 0, 0, 18, 9, 7, 7, 7, 16, 16, 16, 16, 0, 0, 16]	rigggppppp
[0, 0, 0, 0, 18, 18, 1, 18, 9, 18, 9, 18, 9, 18, 16]	rrariririrp
[0, 0, 0, 0, 1, 16, 18, 1, 1, 1, 1, 1, 1, 1, 16]	apraaaaaaap
[0, 0, 0, 1, 16, 18, 1, 1, 18, 18, 18, 18, 18, 18, 16]	apraarrrrrrp
[0, 0, 0, 0, 16, 16, 1, 16, 1, 1, 1, 16, 1, 1, 16]	ppapaaapaap
[0, 0, 18, 1, 1, 1, 1, 1, 1, 1, 1, 1, 1, 1, 16]	raaaaaaaaaaap
[0, 0, 0, 0, 0, 0, 0, 0, 0, 0, 16, 16, 1, 1, 16]	ppaap
[0, 0, 22, 1, 1, 1, 1, 1, 1, 1, 1, 16, 16, 16, 16]	vaaaaaaaapppp
[0, 0, 0, 1, 1, 1, 18, 1, 16, 1, 16, 1, 16, 16, 16]	aaarapapappp
[0, 0, 0, 0, 0, 0, 0, 0, 1, 1, 16, 1, 16, 1, 16]	aapapap
[0, 0, 0, 0, 16, 16, 16, 1, 1, 16, 1, 1, 1, 1, 16]	pppaapaaaap
[0, 0, 0, 1, 1, 1, 1, 1, 1, 1, 1, 1, 1, 1, 16]	aaaaaaaaaaap
Epoch is 80
epoch 80	[ DISC	loss : 0.142674 ]	[ ADV	loss : 0.134563 ]
[0, 0, 0, 0, 0, 0, 0, 0, 30, 0, 0, 0, 0, 0, 0]	3
[0, 0, 0, 0, 0, 0, 0, 0, 0, 30, 30, 30, 13, 13, 16]	333mmp
[0, 0, 0, 0, 0, 0, 0, 0, 30, 30, 30, 30, 30, 30, 16]	333333p
[0, 0, 0, 0, 5, 30, 30, 30, 30, 30, 30, 30, 30, 30, 16]	e333333333p
[0, 0, 0, 0, 0, 0, 30, 30, 30, 30, 30, 30, 30, 30, 16]	33333333p
[0, 0, 0, 0, 0, 0, 0, 0, 0, 0, 0, 13, 30, 30, 16]	m33p
[0, 0, 0, 0, 30, 30, 30, 30, 30, 30, 30, 30, 30, 30, 16]	3333333333p
[0, 0, 0, 0, 0, 0, 0, 0, 0, 0, 30, 30, 0, 30, 16]	333p
[0, 0, 0, 0, 0, 0, 0, 0, 0, 0, 0, 0, 0, 0, 16]	p
[0, 0, 0, 0, 0, 0, 0, 0, 30, 30, 0, 0, 0, 0, 16]	33p
[0, 0, 0, 5, 5, 5, 30, 30, 30, 5, 30, 30, 30, 16, 16]	eee333e333pp
[0, 0, 0, 0, 0, 0, 0, 0, 0, 0, 0, 0, 0, 0, 16]	p
[0, 0, 0, 0, 0, 0, 16, 30, 18, 18, 18, 18, 18, 18, 16]	p3rrrrrrp
[0, 0, 0, 0, 0, 0, 0, 0, 0, 0, 0, 0, 0, 0, 16]	p
[0, 0, 0, 0, 0, 30, 30, 30, 30, 30, 30, 30, 30, 30, 16]	333333333p
Epoch is 81
epoch 81	[ DISC	loss : 0.125655 ]	[ ADV	loss : 0.100782 ]
[0, 0, 0, 0, 5, 5, 1, 15, 1, 15, 15, 15, 15, 15, 16]	eeaoaooooop
[0, 0, 0, 0, 15, 18, 18, 18, 18, 18, 18, 18, 18, 18, 16]	orrrrrrrrrp
[0, 0, 0, 0, 0, 0, 0, 0, 9, 14, 9, 14, 9, 14, 16]	inininp
[0, 0, 18, 9, 14, 15, 14, 15, 1, 15, 15, 15, 15, 15, 16]	rinonoaooooop
[0, 0, 7, 9, 3, 14, 18, 15, 15, 15, 15, 15, 15, 15, 16]	gicnrooooooop
[0, 0, 0, 0, 0, 0, 0, 0, 15, 9, 9, 9, 14, 9, 16]	oiiinip
[0, 0, 0, 0, 0, 0, 0, 0, 0, 0, 34, 14, 9, 14, 9]	7nini
[0, 0, 0, 0, 0, 0, 0, 9, 9, 14, 14, 9, 14, 9, 9]	iinninii
[0, 0, 0, 0, 0, 5, 16, 15, 15, 15, 15, 15, 15, 15, 16]	epooooooop
[0, 0, 0, 0, 0, 0, 0, 0, 0, 34, 9, 9, 9, 14, 16]	7iiinp
[0, 0, 0, 0, 0, 0, 0, 0, 0, 34, 9, 9, 14, 9, 9]	7iinii
[0, 0, 0, 0, 0, 0, 0, 0, 0, 0, 13, 20, 20, 14, 14]	mttnn
[0, 0, 0, 0, 0, 0, 15, 9, 14, 9, 14, 9, 14, 9, 14]	oinininin
[0, 0, 0, 0, 0, 0, 15, 15, 15, 9, 9, 9, 9, 9, 9]	oooiiiiii
[0, 0, 0, 0, 0, 0, 0, 0, 0, 0, 0, 0, 0, 34, 16]	7p
Epoch is 82
epoch 82	[ DISC	loss : 0.076626 ]	[ ADV	loss : 0.092040 ]
[0, 0, 19, 9, 19, 1, 1, 15, 1, 15, 1, 15, 1, 1, 1]	sisaaoaoaoaaa
[0, 0, 0, 0, 0, 0, 0, 0, 19, 15, 15, 20, 19, 19, 20]	sootsst
[0, 0, 19, 1, 1, 1, 15, 1, 15, 9, 15, 15, 1, 1, 16]	saaaoaoiooaap
[0, 0, 0, 0, 0, 0, 0, 0, 19, 4, 4, 14, 20, 20, 20]	sddnttt
[0, 0, 0, 0, 0, 0, 0, 19, 9, 19, 19, 19, 19, 20, 14]	sisssstn
[0, 0, 0, 0, 0, 0, 0, 0, 0, 19, 20, 4, 4, 19, 20]	stddst
[0, 0, 1, 5, 19, 1, 19, 1, 19, 5, 19, 5, 19, 5, 19]	aesasaseseses
[0, 0, 0, 0, 0, 0, 0, 13, 20, 20, 19, 19, 19, 19, 20]	mttsssst
[0, 0, 0, 19, 15, 1, 1, 1, 9, 15, 15, 15, 9, 1, 16]	soaaaioooiap
[0, 0, 0, 0, 0, 0, 0, 0, 19, 19, 4, 9, 4, 9, 9]	ssdidii
[0, 0, 0, 0, 0, 0, 0, 0, 15, 9, 15, 15, 19, 20, 20]	oioostt
[0, 0, 9, 1, 9, 1, 1, 1, 1, 1, 1, 9, 1, 1, 16]	iaiaaaaaaiaap
[0, 0, 0, 0, 0, 0, 0, 15, 4, 4, 4, 4, 4, 4, 9]	oddddddi
[0, 0, 19, 15, 1, 15, 15, 15, 1, 15, 15, 15, 15, 15, 16]	soaoooaooooop
[0, 0, 0, 0, 0, 0, 0, 0, 19, 4, 4, 4, 4, 14, 9]	sddddni
D loss too low, failure state. terminating...
