experiments/20171219-162741
____________________________________________________________________________________________________
Layer (type)                     Output Shape          Param #     Connected to                     
====================================================================================================
Discriminator_Input (InputLayer) (None, 15, 38)        0                                            
____________________________________________________________________________________________________
discr_conv0 (Conv1D)             (None, 15, 20)        1540        Discriminator_Input[0][0]        
____________________________________________________________________________________________________
discr_conv1 (Conv1D)             (None, 15, 10)        1150        Discriminator_Input[0][0]        
____________________________________________________________________________________________________
batch_normalization_1 (BatchNorm (None, 15, 20)        80          discr_conv0[0][0]                
____________________________________________________________________________________________________
batch_normalization_2 (BatchNorm (None, 15, 10)        40          discr_conv1[0][0]                
____________________________________________________________________________________________________
leaky_re_lu_1 (LeakyReLU)        (None, 15, 20)        0           batch_normalization_1[0][0]      
____________________________________________________________________________________________________
leaky_re_lu_2 (LeakyReLU)        (None, 15, 10)        0           batch_normalization_2[0][0]      
____________________________________________________________________________________________________
discr_dropout0 (Dropout)         (None, 15, 20)        0           leaky_re_lu_1[0][0]              
____________________________________________________________________________________________________
discr_dropout1 (Dropout)         (None, 15, 10)        0           leaky_re_lu_2[0][0]              
____________________________________________________________________________________________________
average_pooling1d_1 (AveragePool (None, 7, 20)         0           discr_dropout0[0][0]             
____________________________________________________________________________________________________
average_pooling1d_2 (AveragePool (None, 7, 10)         0           discr_dropout1[0][0]             
____________________________________________________________________________________________________
concatenate_1 (Concatenate)      (None, 7, 30)         0           average_pooling1d_1[0][0]        
                                                                   average_pooling1d_2[0][0]        
____________________________________________________________________________________________________
lstm_1 (LSTM)                    (None, 20)            4080        concatenate_1[0][0]              
____________________________________________________________________________________________________
dense_1 (Dense)                  (None, 1)             21          lstm_1[0][0]                     
====================================================================================================
Total params: 6,911
Trainable params: 6,851
Non-trainable params: 60
____________________________________________________________________________________________________
____________________________________________________________________________________________________
Layer (type)                     Output Shape          Param #     Connected to                     
====================================================================================================
Generator_Input (InputLayer)     (None, 20)            0                                            
____________________________________________________________________________________________________
gen_repeate_vec (RepeatVector)   (None, 15, 20)        0           Generator_Input[0][0]            
____________________________________________________________________________________________________
gen_LSTM (LSTM)                  (None, 15, 38)        8968        gen_repeate_vec[0][0]            
____________________________________________________________________________________________________
dropout_1 (Dropout)              (None, 15, 38)        0           gen_LSTM[0][0]                   
____________________________________________________________________________________________________
gen_conv0 (Conv1D)               (None, 15, 20)        1540        dropout_1[0][0]                  
____________________________________________________________________________________________________
gen_conv1 (Conv1D)               (None, 15, 10)        1150        dropout_1[0][0]                  
____________________________________________________________________________________________________
leaky_re_lu_3 (LeakyReLU)        (None, 15, 20)        0           gen_conv0[0][0]                  
____________________________________________________________________________________________________
leaky_re_lu_4 (LeakyReLU)        (None, 15, 10)        0           gen_conv1[0][0]                  
____________________________________________________________________________________________________
gen_dropout0 (Dropout)           (None, 15, 20)        0           leaky_re_lu_3[0][0]              
____________________________________________________________________________________________________
gen_dropout1 (Dropout)           (None, 15, 10)        0           leaky_re_lu_4[0][0]              
____________________________________________________________________________________________________
concatenate_2 (Concatenate)      (None, 15, 30)        0           gen_dropout0[0][0]               
                                                                   gen_dropout1[0][0]               
____________________________________________________________________________________________________
decoder_end (TimeDistributed)    (None, 15, 38)        1178        concatenate_2[0][0]              
====================================================================================================
Total params: 12,836
Trainable params: 12,836
Non-trainable params: 0
____________________________________________________________________________________________________
_________________________________________________________________
Layer (type)                 Output Shape              Param #   
=================================================================
Generator (Model)            (None, 15, 38)            12836     
_________________________________________________________________
Discriminator (Model)        (None, 1)                 6911      
=================================================================
Total params: 19,747
Trainable params: 19,687
Non-trainable params: 60
_________________________________________________________________
Epoch is 0
Number of batches 174
Batch size: 128
domains_batch size:	(128, 15, 38)
generated domains shape:	(128, 15, 38)
training set shape	(128, 15, 38)
target shape (128, 1)
epoch 0	[ DISC	loss : 0.722686 ]	[ ADV	loss : 0.666230 ]
[36, 7, 7, 15, 37, 37, 15, 16, 16, 37, 16, 28, 5, 3, 5]	9ggo--opp-p1ece
[0, 7, 7, 15, 15, 6, 15, 16, 31, 16, 16, 28, 8, 5, 5]	ggoofop4pp1hee
[33, 7, 15, 37, 37, 28, 37, 16, 6, 16, 5, 5, 3, 5, 5]	6go--1-pfpeecee
[0, 36, 37, 37, 37, 31, 16, 16, 28, 5, 3, 3, 5, 5, 5]	9---4pp1ecceee
[0, 36, 7, 7, 15, 37, 15, 16, 15, 28, 5, 5, 5, 5, 5]	9ggo-opo1eeeee
[7, 7, 37, 15, 37, 16, 37, 6, 2, 9, 16, 16, 16, 3, 5]	gg-o-p-fbipppce
[7, 36, 7, 37, 28, 28, 16, 6, 16, 5, 5, 5, 5, 3, 5]	g9g-11pfpeeeece
[0, 36, 7, 7, 15, 6, 37, 16, 16, 28, 16, 16, 28, 3, 5]	9ggof-pp1pp1ce
[36, 15, 37, 16, 16, 16, 16, 28, 2, 5, 5, 3, 5, 5, 5]	9o-pppp1beeceee
[36, 7, 7, 15, 37, 37, 16, 16, 16, 16, 31, 15, 5, 5, 5]	9ggo--pppp4oeee
[36, 7, 7, 15, 37, 15, 37, 16, 6, 16, 16, 28, 5, 5, 5]	9ggo-o-pfpp1eee
[7, 7, 7, 15, 37, 6, 28, 6, 28, 5, 5, 5, 3, 3, 5]	gggo-f1f1eeecce
[36, 36, 7, 15, 37, 37, 37, 15, 28, 16, 5, 5, 3, 5, 5]	99go---o1peecee
[36, 7, 7, 7, 37, 15, 37, 16, 16, 16, 16, 5, 5, 3, 5]	9ggg-o-ppppeece
[36, 7, 7, 37, 37, 37, 6, 16, 37, 31, 28, 5, 28, 3, 5]	9gg---fp-41e1ce
Epoch is 1
epoch 1	[ DISC	loss : 0.718862 ]	[ ADV	loss : 0.668200 ]
[0, 0, 0, 0, 0, 3, 0, 15, 15, 15, 7, 25, 25, 25, 33]	cooogyyy6
[0, 0, 0, 0, 0, 0, 14, 15, 15, 15, 15, 25, 25, 25, 33]	nooooyyy6
[0, 0, 0, 0, 0, 0, 0, 32, 15, 15, 15, 15, 25, 25, 33]	5ooooyy6
[0, 0, 0, 0, 0, 0, 25, 14, 15, 15, 15, 25, 25, 25, 33]	ynoooyyy6
[0, 0, 0, 0, 0, 0, 0, 25, 15, 15, 25, 25, 25, 25, 33]	yooyyyy6
[0, 0, 0, 0, 0, 0, 0, 15, 15, 15, 15, 25, 25, 25, 33]	ooooyyy6
[0, 0, 0, 0, 0, 0, 0, 3, 15, 15, 15, 15, 25, 25, 33]	cooooyy6
[0, 0, 0, 0, 0, 0, 0, 14, 15, 15, 15, 25, 25, 25, 33]	noooyyy6
[0, 0, 0, 0, 0, 0, 0, 32, 15, 15, 15, 15, 25, 25, 33]	5ooooyy6
[0, 0, 0, 0, 0, 25, 3, 0, 15, 15, 15, 15, 25, 25, 33]	ycooooyy6
[0, 0, 0, 0, 0, 0, 0, 0, 15, 15, 15, 15, 25, 25, 33]	ooooyy6
[0, 0, 0, 0, 0, 0, 0, 15, 15, 15, 15, 25, 25, 25, 33]	ooooyyy6
[0, 0, 0, 0, 0, 0, 0, 15, 15, 15, 15, 15, 25, 25, 33]	oooooyy6
[0, 0, 0, 0, 0, 0, 32, 15, 15, 15, 15, 25, 25, 25, 33]	5ooooyyy6
[0, 0, 0, 0, 0, 0, 0, 15, 15, 15, 15, 25, 25, 25, 33]	ooooyyy6
Epoch is 2
epoch 2	[ DISC	loss : 0.711388 ]	[ ADV	loss : 0.676070 ]
[0, 0, 0, 0, 7, 0, 7, 22, 11, 37, 7, 9, 36, 36, 5]	ggvk-gi99e
[31, 3, 3, 3, 30, 16, 30, 16, 9, 9, 26, 14, 14, 14, 35]	4ccc3p3piiznnn8
[31, 3, 3, 30, 3, 3, 3, 16, 32, 9, 9, 14, 14, 14, 14]	4cc3cccp5iinnnn
[8, 3, 31, 3, 3, 16, 10, 9, 32, 9, 26, 26, 26, 26, 5]	hc4ccpji5izzzze
[0, 0, 0, 0, 0, 0, 22, 0, 37, 34, 37, 37, 36, 36, 36]	v-7--999
[31, 3, 3, 3, 16, 16, 10, 9, 32, 9, 9, 26, 14, 14, 5]	4cccppji5iiznne
[31, 3, 3, 16, 16, 32, 30, 32, 9, 9, 9, 26, 14, 14, 5]	4ccpp535iiiznne
[8, 31, 3, 3, 3, 30, 32, 30, 32, 32, 9, 9, 14, 14, 5]	h4ccc35355iinne
[0, 0, 0, 0, 22, 7, 7, 10, 37, 37, 37, 7, 36, 36, 36]	vggj---g999
[8, 3, 3, 3, 16, 32, 32, 9, 9, 10, 14, 26, 26, 26, 26]	hcccp55iijnzzzz
[0, 0, 0, 0, 7, 0, 0, 22, 37, 11, 37, 19, 36, 36, 36]	gv-k-s999
[0, 0, 0, 0, 0, 0, 7, 22, 7, 37, 37, 7, 36, 36, 15]	gvg--g99o
[0, 0, 0, 0, 0, 0, 22, 22, 22, 37, 34, 37, 36, 21, 36]	vvv-7-9u9
[31, 3, 3, 3, 30, 32, 16, 22, 9, 9, 9, 14, 9, 26, 5]	4ccc35pviiinize
[0, 0, 0, 0, 0, 7, 0, 0, 37, 19, 37, 37, 36, 36, 36]	g-s--999
Epoch is 3
epoch 3	[ DISC	loss : 0.706243 ]	[ ADV	loss : 0.680415 ]
[0, 0, 0, 0, 0, 0, 0, 6, 6, 1, 18, 18, 5, 18, 21]	ffarreru
[18, 18, 5, 5, 18, 5, 18, 5, 5, 5, 5, 18, 18, 5, 21]	rreerereeeerreu
[0, 0, 0, 0, 0, 6, 6, 6, 1, 18, 5, 5, 18, 18, 21]	fffareerru
[0, 0, 0, 0, 0, 0, 0, 0, 0, 0, 0, 6, 6, 6, 13]	fffm
[0, 0, 0, 0, 0, 0, 0, 0, 0, 6, 6, 6, 1, 18, 5]	fffare
[0, 0, 0, 0, 0, 6, 6, 1, 18, 18, 5, 18, 18, 18, 21]	ffarrerrru
[14, 18, 18, 5, 5, 5, 18, 5, 5, 5, 5, 5, 18, 5, 21]	nrreeereeeeereu
[0, 0, 0, 0, 0, 0, 0, 0, 0, 6, 6, 6, 1, 18, 21]	fffaru
[0, 0, 0, 0, 0, 6, 6, 1, 1, 18, 18, 18, 18, 18, 21]	ffaarrrrru
[0, 0, 0, 0, 0, 0, 6, 6, 6, 1, 18, 5, 5, 18, 21]	fffareeru
[0, 0, 0, 0, 0, 0, 0, 6, 6, 6, 1, 18, 5, 5, 21]	fffareeu
[6, 18, 18, 5, 5, 18, 18, 18, 18, 18, 18, 18, 5, 18, 21]	frreerrrrrrreru
[0, 0, 0, 0, 0, 6, 6, 6, 1, 18, 5, 5, 18, 18, 21]	fffareerru
[0, 0, 0, 0, 0, 0, 0, 6, 6, 1, 1, 18, 5, 18, 21]	ffaareru
[7, 0, 0, 0, 0, 0, 0, 0, 0, 0, 0, 6, 6, 1, 1]	gffaa
Epoch is 4
epoch 4	[ DISC	loss : 0.708645 ]	[ ADV	loss : 0.677822 ]
[0, 0, 0, 0, 0, 0, 0, 0, 0, 1, 11, 11, 11, 11, 6]	akkkkf
[0, 0, 0, 0, 0, 0, 0, 0, 0, 0, 0, 1, 1, 11, 6]	aakf
[0, 28, 26, 26, 26, 1, 1, 1, 1, 1, 11, 11, 11, 11, 6]	1zzzaaaaakkkkf
[0, 0, 28, 0, 0, 0, 0, 0, 0, 1, 1, 11, 11, 11, 6]	1aakkkf
[0, 26, 19, 26, 26, 26, 1, 1, 1, 1, 11, 11, 11, 11, 6]	zszzzaaaakkkkf
[2, 1, 19, 19, 20, 19, 20, 20, 9, 9, 18, 9, 9, 18, 9]	basststtiiriiri
[1, 26, 20, 26, 19, 1, 1, 11, 1, 1, 1, 11, 11, 11, 6]	aztzsaakaaakkkf
[0, 0, 0, 0, 0, 0, 0, 0, 0, 0, 1, 1, 11, 11, 6]	aakkf
[19, 19, 19, 19, 19, 19, 20, 20, 18, 18, 18, 18, 18, 18, 9]	ssssssttrrrrrri
[2, 2, 19, 19, 20, 20, 20, 9, 9, 20, 18, 9, 18, 23, 9]	bbsstttiitrirwi
[19, 19, 19, 19, 19, 20, 23, 18, 18, 9, 20, 18, 9, 18, 9]	ssssstwrritriri
[0, 0, 0, 0, 0, 0, 0, 0, 0, 0, 1, 11, 1, 11, 6]	akakf
[19, 19, 19, 19, 19, 20, 20, 20, 9, 18, 18, 18, 18, 18, 9]	ssssstttirrrrri
[2, 19, 19, 19, 19, 19, 20, 20, 18, 18, 18, 18, 18, 18, 36]	bsssssttrrrrrr9
[31, 26, 26, 26, 26, 1, 1, 1, 1, 11, 11, 11, 11, 11, 6]	4zzzzaaaakkkkkf
Epoch is 5
epoch 5	[ DISC	loss : 0.709780 ]	[ ADV	loss : 0.673180 ]
[13, 15, 15, 15, 15, 15, 3, 3, 3, 9, 9, 9, 9, 9, 19]	moooooccciiiiis
[1, 1, 11, 15, 15, 15, 15, 15, 3, 9, 3, 5, 9, 9, 36]	aakooooociceii9
[0, 0, 0, 0, 0, 0, 0, 27, 0, 2, 18, 18, 18, 2, 15]	0brrrbo
[0, 8, 0, 0, 8, 0, 0, 0, 0, 2, 18, 18, 2, 18, 15]	hhbrrbro
[0, 0, 0, 0, 0, 8, 0, 0, 0, 0, 2, 18, 18, 18, 15]	hbrrro
[0, 0, 0, 0, 0, 27, 27, 8, 0, 0, 18, 18, 18, 18, 15]	00hrrrro
[2, 15, 15, 15, 15, 15, 15, 15, 15, 3, 9, 5, 9, 9, 36]	boooooooocieii9
[0, 11, 11, 15, 15, 15, 15, 9, 9, 9, 9, 9, 9, 9, 31]	kkooooiiiiiii4
[0, 0, 8, 0, 0, 0, 0, 0, 2, 18, 18, 9, 18, 2, 15]	hbrrirbo
[0, 0, 8, 0, 8, 0, 0, 27, 0, 2, 9, 18, 18, 2, 15]	hh0birrbo
[0, 0, 0, 8, 8, 0, 27, 0, 2, 9, 18, 2, 2, 2, 15]	hh0birbbbo
[0, 0, 0, 0, 8, 0, 0, 0, 2, 18, 18, 9, 18, 18, 15]	hbrrirro
[0, 0, 0, 0, 0, 0, 0, 0, 9, 9, 2, 18, 2, 18, 15]	iibrbro
[18, 11, 15, 15, 15, 14, 3, 9, 9, 9, 3, 9, 9, 5, 36]	rkooonciiiciie9
[2, 20, 15, 15, 15, 15, 15, 9, 3, 9, 9, 9, 3, 9, 36]	btoooooiciiici9
Epoch is 6
epoch 6	[ DISC	loss : 0.698233 ]	[ ADV	loss : 0.662035 ]
[0, 0, 0, 0, 0, 0, 0, 0, 0, 0, 0, 0, 0, 0, 6]	f
[0, 0, 0, 0, 0, 0, 0, 0, 0, 0, 21, 5, 29, 15, 15]	ue2oo
[0, 0, 0, 0, 0, 0, 0, 0, 21, 29, 29, 29, 15, 15, 14]	u222oon
[0, 0, 0, 0, 0, 0, 0, 0, 0, 0, 0, 0, 0, 5, 1]	ea
[0, 0, 0, 0, 0, 0, 0, 0, 0, 21, 21, 29, 29, 15, 14]	uu22on
[0, 0, 21, 21, 21, 9, 29, 18, 15, 15, 15, 15, 15, 15, 18]	uuui2roooooor
[0, 0, 0, 0, 0, 0, 0, 0, 21, 21, 29, 15, 15, 15, 14]	uu2ooon
[2, 15, 15, 15, 14, 15, 5, 5, 5, 5, 5, 5, 5, 5, 10]	booonoeeeeeeeej
[0, 0, 0, 0, 0, 0, 0, 0, 0, 0, 21, 21, 5, 18, 14]	uuern
[0, 0, 0, 0, 0, 0, 0, 0, 0, 21, 21, 21, 5, 29, 18]	uuue2r
[0, 0, 0, 0, 21, 29, 15, 15, 15, 15, 15, 15, 15, 15, 14]	u2oooooooon
[0, 0, 0, 0, 0, 21, 5, 29, 15, 15, 15, 15, 15, 15, 14]	ue2oooooon
[0, 0, 0, 0, 0, 0, 0, 0, 21, 21, 9, 29, 15, 15, 14]	uui2oon
[0, 0, 0, 0, 0, 0, 21, 21, 5, 29, 15, 15, 15, 15, 14]	uue2oooon
[14, 15, 15, 15, 14, 15, 15, 14, 14, 14, 15, 14, 14, 15, 15]	nooonoonnnonnoo
Epoch is 7
epoch 7	[ DISC	loss : 0.744113 ]	[ ADV	loss : 0.633325 ]
[0, 0, 0, 0, 0, 1, 1, 20, 20, 20, 20, 20, 20, 20, 5]	aattttttte
[0, 0, 0, 0, 0, 0, 0, 0, 0, 0, 0, 0, 0, 0, 0]	
[4, 4, 4, 6, 25, 25, 25, 25, 25, 25, 25, 25, 25, 25, 25]	dddfyyyyyyyyyyy
[0, 0, 0, 0, 0, 0, 0, 0, 0, 0, 0, 0, 0, 0, 5]	e
[0, 0, 0, 0, 0, 0, 0, 0, 0, 0, 0, 0, 1, 1, 5]	aae
[20, 20, 20, 20, 20, 20, 20, 20, 20, 20, 20, 20, 20, 20, 20]	ttttttttttttttt
[0, 0, 0, 0, 0, 0, 0, 1, 20, 20, 20, 20, 20, 20, 5]	atttttte
[4, 4, 4, 4, 4, 25, 25, 25, 25, 25, 25, 25, 25, 25, 25]	dddddyyyyyyyyyy
[0, 0, 0, 20, 20, 20, 20, 20, 20, 20, 20, 20, 20, 20, 5]	ttttttttttte
[0, 0, 0, 0, 0, 0, 0, 0, 0, 20, 20, 20, 20, 20, 5]	ttttte
[0, 0, 0, 0, 0, 0, 0, 0, 0, 28, 20, 20, 20, 20, 5]	1tttte
[0, 0, 0, 0, 0, 0, 0, 0, 0, 1, 20, 20, 20, 20, 5]	atttte
[0, 0, 0, 0, 0, 0, 0, 0, 0, 0, 1, 28, 1, 1, 5]	a1aae
[4, 4, 6, 4, 25, 25, 25, 25, 25, 25, 25, 25, 25, 25, 25]	ddfdyyyyyyyyyyy
[0, 0, 0, 0, 0, 0, 0, 0, 1, 20, 20, 20, 20, 20, 5]	attttte
Epoch is 8
epoch 8	[ DISC	loss : 0.508114 ]	[ ADV	loss : 0.568002 ]
[0, 0, 0, 0, 0, 19, 1, 1, 1, 1, 1, 1, 1, 1, 15]	saaaaaaaao
[0, 0, 0, 18, 18, 9, 18, 9, 13, 9, 9, 9, 9, 9, 7]	rririmiiiiig
[0, 9, 9, 9, 9, 9, 9, 9, 9, 9, 9, 9, 9, 9, 7]	iiiiiiiiiiiiig
[0, 11, 37, 7, 7, 7, 9, 7, 9, 7, 7, 7, 9, 9, 7]	k-gggigigggiig
[0, 0, 0, 1, 1, 1, 1, 1, 1, 1, 1, 1, 1, 1, 15]	aaaaaaaaaaao
[0, 0, 0, 0, 0, 0, 1, 1, 1, 1, 1, 1, 1, 1, 15]	aaaaaaaao
[0, 0, 0, 0, 0, 5, 1, 1, 1, 1, 1, 1, 1, 1, 5]	eaaaaaaaae
[0, 0, 0, 0, 0, 19, 1, 1, 1, 1, 1, 1, 1, 1, 5]	saaaaaaaae
[15, 13, 7, 9, 9, 9, 9, 9, 9, 9, 7, 9, 9, 7, 7]	omgiiiiiiigiigg
[7, 13, 37, 9, 7, 7, 7, 9, 9, 9, 9, 7, 9, 9, 7]	gm-igggiiiigiig
[0, 0, 0, 0, 0, 0, 1, 1, 1, 1, 1, 1, 1, 1, 5]	aaaaaaaae
[11, 11, 37, 7, 7, 9, 9, 9, 7, 9, 7, 7, 7, 7, 7]	kk-ggiiigiggggg
[0, 0, 0, 0, 0, 1, 1, 1, 1, 1, 1, 1, 1, 1, 15]	aaaaaaaaao
[11, 6, 37, 37, 37, 7, 7, 7, 7, 7, 7, 7, 7, 7, 7]	kf---gggggggggg
[0, 0, 0, 0, 0, 0, 19, 1, 1, 1, 1, 1, 1, 1, 15]	saaaaaaao
Epoch is 9
epoch 9	[ DISC	loss : 0.467710 ]	[ ADV	loss : 0.497884 ]
[0, 14, 14, 14, 14, 12, 12, 12, 14, 12, 12, 12, 12, 12, 36]	nnnnlllnlllll9
[0, 0, 0, 0, 0, 0, 0, 21, 20, 20, 20, 20, 20, 20, 5]	utttttte
[11, 14, 14, 14, 14, 14, 14, 14, 14, 5, 5, 5, 12, 12, 36]	knnnnnnnneeell9
[14, 14, 14, 14, 14, 14, 14, 14, 14, 5, 14, 12, 12, 12, 36]	nnnnnnnnnenlll9
[0, 0, 0, 5, 14, 14, 14, 5, 5, 5, 12, 12, 12, 5, 36]	ennneeellle9
[0, 0, 0, 0, 0, 0, 21, 20, 20, 20, 20, 20, 20, 20, 20]	utttttttt
[14, 14, 14, 14, 14, 14, 14, 14, 14, 5, 5, 5, 5, 5, 36]	nnnnnnnnneeeee9
[0, 31, 14, 14, 12, 12, 12, 5, 12, 12, 5, 5, 5, 12, 36]	4nnlllelleeel9
[0, 0, 0, 0, 0, 0, 0, 0, 21, 21, 20, 20, 20, 20, 20]	uuttttt
[0, 2, 14, 37, 14, 14, 5, 5, 14, 2, 15, 15, 37, 2, 15]	bn-nneenboo-bo
[14, 14, 14, 14, 5, 5, 14, 14, 14, 5, 14, 14, 14, 5, 15]	nnnneennnennneo
[0, 0, 0, 0, 0, 0, 21, 20, 20, 20, 20, 20, 20, 20, 20]	utttttttt
[0, 0, 0, 0, 0, 0, 0, 21, 21, 20, 20, 20, 20, 20, 20]	uutttttt
[0, 0, 0, 0, 0, 0, 0, 0, 0, 0, 21, 21, 20, 20, 5]	uutte
[0, 0, 0, 0, 0, 0, 0, 21, 20, 21, 20, 20, 20, 20, 5]	ututttte
Epoch is 10
epoch 10	[ DISC	loss : 0.262016 ]	[ ADV	loss : 0.605532 ]
[20, 20, 11, 12, 1, 1, 1, 4, 1, 1, 9, 1, 9, 1, 1]	ttklaaadaaiaiaa
[0, 9, 14, 11, 9, 4, 4, 1, 1, 1, 1, 1, 1, 1, 1]	inkiddaaaaaaaa
[0, 0, 0, 0, 0, 0, 7, 7, 7, 7, 5, 5, 7, 5, 5]	ggggeegee
[4, 1, 11, 20, 9, 9, 1, 1, 1, 1, 1, 1, 1, 1, 1]	daktiiaaaaaaaaa
[4, 4, 1, 1, 9, 1, 1, 1, 1, 1, 1, 1, 1, 1, 1]	ddaaiaaaaaaaaaa
[0, 0, 0, 0, 0, 0, 7, 7, 7, 5, 5, 5, 5, 37, 15]	gggeeee-o
[0, 0, 0, 0, 0, 0, 0, 0, 0, 0, 7, 7, 7, 7, 7]	ggggg
[0, 0, 0, 0, 0, 7, 7, 7, 5, 5, 5, 5, 5, 5, 5]	gggeeeeeee
[0, 0, 0, 0, 0, 0, 7, 7, 7, 5, 5, 37, 37, 11, 15]	gggee--ko
[0, 0, 0, 0, 0, 0, 0, 0, 0, 0, 0, 0, 0, 7, 7]	gg
[0, 0, 0, 0, 0, 0, 0, 7, 7, 7, 7, 7, 7, 5, 5]	ggggggee
[0, 0, 0, 0, 0, 0, 7, 7, 7, 5, 5, 5, 5, 5, 5]	gggeeeeee
[0, 0, 0, 0, 0, 0, 0, 0, 0, 0, 0, 0, 0, 0, 0]	
[6, 11, 11, 1, 1, 1, 1, 1, 1, 1, 1, 1, 1, 1, 1]	fkkaaaaaaaaaaaa
[0, 0, 0, 0, 0, 7, 7, 7, 7, 5, 5, 5, 5, 5, 15]	ggggeeeeeo
Epoch is 11
epoch 11	[ DISC	loss : 0.352676 ]	[ ADV	loss : 0.462237 ]
[0, 0, 0, 0, 0, 25, 21, 21, 5, 5, 5, 5, 18, 29, 21]	yuueeeer2u
[0, 0, 17, 17, 17, 17, 28, 28, 28, 28, 28, 28, 5, 28, 28]	qqqq111111e11
[0, 17, 5, 5, 5, 5, 5, 5, 5, 5, 5, 5, 5, 5, 25]	qeeeeeeeeeeeey
[0, 17, 24, 15, 5, 5, 5, 5, 5, 21, 5, 5, 5, 5, 21]	qxoeeeeeueeeeu
[0, 0, 0, 0, 0, 0, 25, 21, 21, 5, 5, 18, 29, 29, 21]	yuueer22u
[0, 0, 0, 0, 0, 0, 0, 25, 21, 21, 21, 21, 5, 5, 15]	yuuuueeo
[0, 0, 0, 0, 0, 0, 0, 0, 17, 17, 28, 0, 16, 16, 25]	qq1ppy
[0, 0, 0, 0, 0, 0, 0, 0, 0, 25, 21, 21, 21, 21, 14]	yuuuun
[0, 0, 0, 0, 0, 0, 21, 5, 12, 14, 14, 24, 24, 28, 0]	uelnnxx1
[17, 17, 5, 5, 5, 5, 5, 5, 5, 5, 5, 5, 5, 5, 25]	qqeeeeeeeeeeeey
[5, 2, 24, 24, 29, 29, 24, 24, 29, 24, 24, 24, 24, 29, 19]	ebxx22xx2xxxx2s
[0, 17, 17, 0, 0, 28, 17, 0, 0, 0, 0, 0, 0, 0, 28]	qq1q1
[0, 0, 0, 0, 0, 25, 21, 21, 5, 5, 5, 5, 5, 5, 5]	yuueeeeeee
[0, 0, 0, 0, 0, 0, 0, 21, 21, 5, 5, 5, 5, 29, 21]	uueeee2u
[0, 0, 0, 0, 0, 0, 25, 25, 21, 5, 12, 14, 29, 29, 19]	yyueln22s
Epoch is 12
epoch 12	[ DISC	loss : 0.233574 ]	[ ADV	loss : 0.367524 ]
[0, 0, 0, 0, 0, 0, 0, 0, 0, 0, 0, 0, 0, 0, 0]	
[0, 0, 0, 0, 0, 8, 8, 8, 8, 8, 8, 21, 8, 21, 8]	hhhhhhuhuh
[0, 0, 0, 0, 0, 0, 0, 0, 0, 0, 0, 0, 0, 0, 19]	s
[0, 0, 0, 0, 0, 8, 8, 8, 8, 8, 8, 8, 8, 8, 8]	hhhhhhhhhh
[0, 0, 0, 0, 0, 0, 0, 16, 16, 22, 12, 5, 12, 12, 21]	ppvlellu
[0, 0, 0, 0, 0, 0, 8, 8, 8, 8, 8, 8, 8, 21, 15]	hhhhhhhuo
[0, 0, 0, 0, 0, 0, 0, 8, 8, 8, 8, 8, 8, 8, 8]	hhhhhhhh
[0, 0, 0, 6, 2, 2, 21, 20, 12, 5, 5, 21, 11, 18, 19]	fbbutleeukrs
[0, 0, 0, 0, 0, 0, 0, 0, 0, 8, 8, 8, 8, 8, 8]	hhhhhh
[0, 0, 0, 0, 0, 0, 0, 0, 8, 8, 8, 8, 8, 8, 15]	hhhhhho
[0, 0, 0, 0, 0, 0, 0, 0, 0, 2, 9, 9, 9, 19, 19]	biiiss
[0, 0, 0, 2, 9, 9, 5, 22, 12, 22, 12, 22, 5, 12, 21]	biievlvlvelu
[0, 0, 0, 0, 0, 0, 8, 8, 8, 8, 8, 8, 8, 8, 8]	hhhhhhhhh
[0, 0, 0, 0, 0, 0, 0, 0, 0, 8, 8, 8, 8, 8, 8]	hhhhhh
[0, 0, 0, 0, 0, 0, 0, 8, 8, 8, 8, 8, 8, 8, 8]	hhhhhhhh
Epoch is 13
epoch 13	[ DISC	loss : 0.135004 ]	[ ADV	loss : 0.291103 ]
[0, 0, 0, 0, 0, 0, 0, 0, 0, 16, 20, 20, 20, 20, 15]	ptttto
[0, 0, 2, 5, 20, 5, 5, 5, 20, 5, 20, 20, 20, 5, 1]	beteeetetttea
[0, 0, 0, 0, 19, 5, 5, 20, 20, 20, 20, 20, 20, 20, 15]	seettttttto
[0, 0, 0, 0, 0, 0, 13, 13, 15, 12, 12, 12, 12, 12, 5]	mmollllle
[0, 0, 0, 0, 0, 2, 15, 5, 20, 20, 5, 20, 5, 5, 15]	boetteteeo
[0, 0, 0, 0, 0, 0, 15, 15, 14, 5, 5, 20, 20, 20, 15]	ooneettto
[0, 0, 0, 0, 15, 15, 2, 12, 5, 20, 20, 20, 20, 20, 15]	ooblettttto
[0, 0, 0, 0, 0, 0, 0, 0, 15, 37, 2, 2, 21, 7, 15]	o-bbugo
[0, 0, 0, 0, 0, 0, 0, 13, 13, 12, 8, 7, 5, 7, 15]	mmlhgego
[0, 0, 0, 0, 0, 0, 20, 5, 20, 20, 20, 20, 20, 20, 15]	tetttttto
[0, 0, 0, 0, 3, 15, 15, 15, 12, 5, 15, 12, 12, 12, 21]	coooleolllu
[0, 2, 20, 20, 5, 20, 20, 20, 20, 5, 20, 20, 20, 20, 15]	bttettttetttto
[0, 0, 2, 20, 20, 20, 20, 20, 20, 20, 20, 20, 20, 20, 15]	bttttttttttto
[0, 0, 0, 0, 8, 15, 13, 5, 5, 5, 15, 15, 5, 15, 15]	homeeeooeoo
[0, 0, 0, 20, 20, 20, 20, 20, 20, 20, 20, 20, 20, 20, 1]	ttttttttttta
Epoch is 14
epoch 14	[ DISC	loss : 0.288732 ]	[ ADV	loss : 0.211144 ]
[0, 0, 0, 0, 1, 13, 13, 1, 3, 15, 3, 8, 8, 8, 8]	ammacochhhh
[0, 0, 0, 0, 0, 1, 13, 3, 3, 3, 3, 3, 3, 3, 5]	amccccccce
[0, 0, 0, 0, 0, 30, 20, 5, 20, 20, 20, 20, 5, 20, 1]	3tetttteta
[0, 0, 0, 0, 0, 1, 1, 12, 5, 8, 9, 3, 5, 5, 5]	aalehiceee
[0, 0, 0, 20, 20, 5, 20, 20, 20, 20, 20, 20, 20, 20, 1]	ttetttttttta
[0, 0, 0, 0, 0, 19, 21, 20, 1, 1, 20, 1, 1, 1, 1]	sutaataaaa
[0, 0, 0, 0, 0, 0, 3, 20, 5, 5, 16, 8, 5, 8, 8]	cteephehh
[6, 21, 5, 21, 20, 20, 8, 20, 20, 20, 20, 20, 20, 5, 1]	fueutthttttttea
[0, 19, 20, 5, 21, 8, 5, 8, 5, 21, 20, 21, 8, 20, 1]	steuheheutuhta
[0, 0, 0, 0, 0, 13, 1, 14, 14, 5, 1, 3, 19, 0, 0]	manneacs
[19, 9, 16, 8, 8, 1, 1, 19, 4, 20, 21, 21, 1, 1, 19]	siphhaasdtuuaas
[0, 0, 16, 16, 20, 20, 5, 5, 8, 20, 5, 8, 20, 21, 1]	pptteehtehtua
[0, 0, 30, 5, 16, 5, 20, 8, 5, 8, 5, 8, 5, 5, 1]	3epetheheheea
[0, 0, 0, 0, 0, 1, 1, 12, 14, 5, 9, 1, 9, 9, 5]	aalneiaiie
[0, 0, 0, 0, 1, 1, 1, 3, 3, 12, 9, 9, 9, 9, 9]	aaaccliiiii
Epoch is 15
epoch 15	[ DISC	loss : 0.647147 ]	[ ADV	loss : 0.234633 ]
[0, 0, 0, 0, 0, 0, 0, 4, 37, 37, 37, 15, 23, 23, 19]	d---owws
[0, 0, 0, 0, 4, 21, 14, 15, 23, 19, 15, 15, 15, 19, 13]	dunowsooosm
[0, 0, 0, 0, 0, 0, 0, 26, 6, 1, 23, 23, 37, 23, 14]	zfaww-wn
[0, 20, 5, 3, 12, 5, 5, 20, 5, 3, 5, 3, 21, 5, 5]	tecleetececuee
[0, 0, 0, 0, 0, 4, 23, 37, 23, 15, 37, 23, 6, 2, 15]	dw-wo-wfbo
[0, 0, 0, 26, 3, 12, 5, 7, 12, 7, 7, 21, 3, 21, 1]	zcleglggucua
[0, 0, 0, 0, 0, 0, 1, 23, 4, 15, 23, 23, 23, 37, 14]	awdowww-n
[0, 0, 0, 0, 0, 0, 1, 23, 14, 23, 23, 15, 37, 23, 15]	awnwwo-wo
[0, 0, 0, 0, 0, 0, 0, 0, 0, 0, 0, 0, 0, 0, 0]	
[0, 0, 0, 0, 0, 0, 12, 21, 12, 21, 20, 22, 5, 12, 5]	lulutvele
[0, 0, 0, 0, 0, 21, 20, 20, 20, 20, 5, 21, 20, 20, 5]	utttteutte
[0, 0, 0, 0, 0, 12, 20, 20, 5, 5, 20, 5, 5, 5, 5]	ltteeteeee
[0, 1, 1, 21, 3, 3, 5, 3, 20, 12, 3, 20, 5, 20, 5]	aauccectlctete
[0, 0, 0, 0, 0, 0, 0, 0, 21, 21, 12, 21, 21, 21, 5]	uuluuue
[0, 6, 18, 5, 12, 21, 21, 21, 21, 21, 21, 21, 21, 21, 5]	freluuuuuuuuue
Epoch is 16
epoch 16	[ DISC	loss : 0.131897 ]	[ ADV	loss : 0.180579 ]
[0, 0, 0, 0, 0, 1, 12, 15, 14, 15, 14, 27, 9, 27, 14]	alonon0i0n
[0, 0, 0, 0, 0, 0, 0, 0, 19, 27, 12, 12, 22, 27, 27]	s0llv00
[0, 0, 0, 0, 0, 12, 12, 14, 12, 15, 15, 27, 27, 27, 13]	llnloo000m
[0, 0, 7, 7, 7, 7, 19, 7, 7, 7, 7, 7, 7, 7, 5]	ggggsggggggge
[0, 0, 0, 0, 0, 0, 0, 0, 0, 26, 26, 1, 12, 12, 14]	zzalln
[19, 16, 9, 9, 20, 5, 5, 7, 7, 7, 7, 7, 7, 20, 5]	spiiteeggggggte
[0, 0, 0, 0, 0, 0, 13, 12, 15, 27, 12, 9, 27, 27, 0]	mlo0li00
[0, 0, 0, 0, 0, 0, 0, 12, 5, 27, 16, 18, 27, 27, 1]	le0pr00a
[26, 20, 5, 7, 7, 27, 7, 20, 27, 27, 20, 27, 22, 27, 19]	ztegg0gt00t0v0s
[0, 20, 20, 20, 20, 20, 7, 7, 7, 7, 7, 7, 7, 7, 5]	tttttgggggggge
[0, 0, 0, 0, 1, 12, 37, 37, 15, 15, 9, 9, 9, 9, 27]	al--ooiiii0
[0, 0, 0, 19, 19, 19, 9, 27, 27, 7, 1, 7, 19, 19, 27]	sssi00gagss0
[0, 19, 19, 18, 22, 7, 7, 7, 7, 7, 7, 7, 7, 7, 5]	ssrvggggggggge
[0, 0, 0, 0, 0, 0, 1, 12, 15, 12, 12, 12, 12, 27, 27]	alollll00
[0, 0, 0, 0, 0, 0, 37, 14, 15, 14, 27, 16, 27, 19, 19]	-non0p0ss
Epoch is 17
epoch 17	[ DISC	loss : 0.179538 ]	[ ADV	loss : 0.278459 ]
[0, 0, 0, 10, 10, 1, 9, 1, 9, 1, 1, 1, 9, 9, 25]	jjaiaiaaaiiy
[0, 0, 0, 0, 0, 0, 10, 3, 1, 1, 4, 4, 1, 4, 25]	jcaaddady
[0, 0, 0, 0, 0, 0, 0, 0, 29, 11, 11, 11, 11, 11, 11]	2kkkkkk
[0, 10, 10, 9, 9, 9, 1, 9, 1, 5, 5, 1, 1, 1, 25]	jjiiiaiaeeaaay
[0, 0, 0, 0, 0, 0, 0, 29, 2, 11, 11, 14, 1, 14, 9]	2bkknani
[0, 0, 0, 0, 0, 0, 0, 11, 14, 11, 11, 1, 11, 11, 9]	knkkakki
[0, 0, 0, 0, 0, 0, 0, 0, 11, 14, 11, 11, 11, 11, 25]	knkkkky
[0, 0, 0, 0, 0, 0, 36, 36, 18, 11, 9, 11, 11, 1, 25]	99rkikkay
[0, 0, 0, 0, 0, 0, 0, 0, 0, 36, 18, 1, 18, 11, 9]	9rarki
[0, 0, 0, 0, 0, 0, 0, 11, 11, 11, 1, 4, 4, 11, 25]	kkkaddky
[0, 0, 0, 0, 0, 0, 0, 0, 0, 0, 0, 10, 10, 1, 11]	jjak
[10, 10, 1, 9, 9, 9, 9, 9, 1, 9, 9, 9, 9, 9, 25]	jjaiiiiiaiiiiiy
[0, 0, 0, 0, 0, 0, 0, 0, 0, 11, 11, 11, 11, 11, 31]	kkkkk4
[0, 0, 0, 0, 0, 0, 0, 0, 36, 11, 11, 11, 11, 11, 14]	9kkkkkn
[10, 10, 1, 1, 1, 1, 20, 1, 7, 5, 1, 20, 20, 20, 5]	jjaaaatageattte
Epoch is 18
epoch 18	[ DISC	loss : 0.168109 ]	[ ADV	loss : 0.123577 ]
[0, 0, 0, 0, 0, 0, 0, 1, 8, 8, 8, 14, 14, 14, 5]	ahhhnnne
[0, 0, 0, 0, 0, 0, 19, 19, 8, 5, 16, 16, 0, 0, 0]	sshepp
[0, 0, 0, 0, 0, 0, 0, 8, 12, 5, 15, 6, 6, 6, 0]	hleofff
[0, 0, 0, 0, 0, 0, 1, 14, 5, 14, 23, 23, 23, 23, 13]	anenwwwwm
[0, 0, 0, 0, 0, 13, 8, 14, 14, 23, 6, 16, 16, 20, 0]	mhnnwfppt
[0, 0, 0, 0, 0, 13, 8, 12, 12, 12, 23, 15, 5, 0, 0]	mhlllwoe
[0, 0, 0, 19, 19, 16, 16, 20, 20, 20, 20, 5, 16, 16, 0]	ssppttttepp
[0, 0, 0, 0, 0, 0, 0, 0, 1, 15, 14, 15, 15, 15, 5]	aonoooe
[0, 0, 0, 0, 0, 0, 0, 8, 6, 6, 3, 0, 0, 0, 0]	hffc
[0, 0, 0, 0, 0, 0, 1, 6, 15, 15, 15, 16, 16, 12, 1]	afoooppla
[0, 0, 0, 0, 0, 0, 0, 0, 19, 8, 14, 14, 14, 23, 13]	shnnnwm
[6, 16, 15, 21, 16, 16, 16, 16, 12, 12, 16, 12, 12, 12, 5]	fpouppppllpllle
[0, 0, 0, 0, 0, 0, 0, 0, 0, 15, 14, 5, 14, 16, 0]	onenp
[0, 6, 6, 23, 23, 21, 21, 15, 21, 15, 21, 21, 21, 21, 5]	ffwwuuououuuue
[0, 0, 0, 0, 0, 19, 19, 15, 5, 16, 16, 16, 15, 15, 8]	ssoepppooh
Epoch is 19
epoch 19	[ DISC	loss : 0.111836 ]	[ ADV	loss : 0.203938 ]
[0, 0, 0, 0, 0, 0, 0, 0, 0, 0, 5, 5, 12, 1, 3]	eelac
[0, 0, 0, 0, 0, 0, 0, 5, 1, 6, 1, 18, 6, 0, 0]	eafarf
[0, 0, 0, 0, 0, 0, 5, 3, 12, 18, 22, 1, 0, 0, 0]	eclrva
[6, 19, 19, 19, 19, 19, 19, 19, 19, 19, 19, 19, 19, 19, 5]	fssssssssssssse
[6, 1, 19, 19, 19, 19, 19, 19, 19, 19, 19, 19, 19, 19, 5]	fasssssssssssse
[0, 0, 0, 0, 0, 0, 0, 0, 5, 1, 12, 1, 6, 1, 0]	ealafa
[0, 0, 0, 0, 0, 0, 0, 18, 18, 1, 1, 18, 1, 1, 9]	rraaraai
[0, 0, 0, 0, 0, 0, 0, 0, 0, 5, 5, 12, 22, 2, 0]	eelvb
[0, 0, 0, 0, 0, 0, 3, 1, 12, 5, 14, 16, 0, 0, 0]	calenp
[0, 0, 0, 0, 0, 0, 0, 0, 5, 12, 12, 18, 1, 18, 9]	ellrari
[19, 19, 19, 19, 19, 15, 19, 19, 19, 19, 19, 15, 22, 19, 5]	sssssosssssovse
[18, 19, 9, 16, 19, 19, 19, 19, 19, 19, 16, 19, 19, 19, 5]	rsipsssssspssse
[0, 0, 0, 0, 0, 0, 0, 5, 12, 12, 18, 1, 1, 1, 13]	ellraaam
[0, 0, 0, 0, 0, 0, 3, 1, 12, 1, 18, 6, 6, 19, 0]	calarffs
[0, 0, 0, 0, 0, 0, 0, 5, 12, 12, 5, 18, 4, 1, 13]	ellerdam
Epoch is 20
epoch 20	[ DISC	loss : 0.400965 ]	[ ADV	loss : 0.177797 ]
[0, 0, 0, 0, 0, 0, 19, 1, 18, 5, 12, 2, 15, 28, 9]	sarelbo1i
[0, 0, 0, 0, 0, 0, 1, 19, 12, 5, 20, 9, 2, 9, 13]	asletibim
[0, 1, 1, 14, 15, 18, 15, 18, 15, 18, 15, 18, 15, 15, 9]	aanororororooi
[1, 19, 7, 5, 4, 19, 20, 15, 7, 21, 20, 19, 19, 21, 9]	asgedstogutssui
[0, 25, 20, 20, 15, 15, 15, 3, 15, 3, 8, 3, 8, 20, 5]	yttooocochchte
[18, 4, 9, 12, 19, 15, 15, 15, 15, 15, 15, 15, 15, 15, 9]	rdilsoooooooooi
[0, 0, 0, 0, 0, 0, 0, 0, 0, 0, 19, 15, 5, 28, 9]	soe1i
[0, 0, 0, 0, 0, 0, 0, 0, 0, 19, 19, 15, 15, 14, 12]	ssoonl
[0, 0, 0, 0, 0, 19, 1, 12, 5, 12, 15, 16, 15, 16, 9]	salelopopi
[0, 18, 1, 18, 20, 20, 12, 15, 8, 3, 20, 20, 20, 3, 5]	rarttlohctttce
[18, 21, 19, 8, 8, 20, 3, 20, 15, 3, 15, 15, 8, 8, 5]	rushhtctocoohhe
[0, 0, 0, 0, 0, 19, 2, 2, 15, 5, 5, 5, 28, 13, 9]	sbboeee1mi
[0, 0, 0, 0, 0, 0, 19, 1, 12, 1, 14, 1, 14, 1, 13]	salananam
[0, 0, 0, 0, 1, 2, 5, 15, 14, 15, 2, 15, 2, 15, 9]	abeonoboboi
[0, 0, 0, 0, 0, 19, 1, 12, 1, 14, 1, 14, 15, 16, 9]	salananopi
Epoch is 21
epoch 21	[ DISC	loss : 0.191810 ]	[ ADV	loss : 0.244742 ]
[0, 0, 0, 0, 0, 0, 0, 0, 21, 12, 12, 5, 14, 5, 13]	ullenem
[0, 34, 21, 21, 20, 16, 12, 12, 3, 20, 3, 3, 3, 3, 5]	7uutpllctcccce
[0, 0, 0, 0, 0, 0, 0, 0, 0, 18, 20, 5, 12, 5, 9]	rtelei
[0, 0, 0, 0, 0, 0, 0, 0, 0, 0, 2, 21, 12, 12, 3]	bullc
[0, 0, 0, 0, 0, 0, 0, 0, 15, 12, 14, 5, 6, 5, 0]	olnefe
[0, 0, 0, 0, 0, 0, 0, 21, 12, 5, 7, 16, 5, 5, 0]	ulegpee
[0, 0, 0, 0, 0, 0, 0, 0, 0, 0, 21, 21, 21, 21, 13]	uuuum
[0, 0, 0, 0, 0, 0, 0, 0, 0, 21, 12, 12, 12, 5, 3]	ulllec
[0, 0, 0, 0, 0, 0, 0, 0, 21, 12, 5, 16, 6, 6, 0]	ulepff
[0, 0, 0, 0, 0, 0, 0, 2, 21, 12, 5, 14, 5, 5, 0]	bulenee
[6, 20, 20, 20, 12, 12, 20, 20, 20, 12, 12, 20, 20, 16, 9]	ftttlltttllttpi
[0, 0, 0, 0, 0, 0, 0, 0, 0, 0, 2, 9, 12, 5, 13]	bilem
[0, 0, 0, 0, 0, 0, 0, 15, 12, 16, 5, 5, 6, 1, 0]	olpeefa
[0, 0, 0, 0, 0, 0, 0, 3, 21, 12, 5, 14, 14, 5, 13]	culennem
[0, 0, 0, 0, 0, 0, 2, 21, 14, 5, 14, 5, 6, 5, 13]	bunenefem
Epoch is 22
epoch 22	[ DISC	loss : 0.131613 ]	[ ADV	loss : 0.165110 ]
[0, 0, 0, 0, 0, 0, 19, 1, 12, 9, 19, 19, 19, 19, 0]	salissss
[0, 0, 0, 0, 4, 15, 12, 9, 19, 19, 19, 19, 19, 19, 0]	dolissssss
[0, 0, 0, 0, 0, 0, 4, 1, 12, 9, 18, 19, 19, 19, 0]	dalirsss
[0, 0, 0, 0, 0, 19, 20, 21, 19, 19, 19, 19, 19, 19, 0]	stussssss
[0, 0, 0, 0, 0, 0, 19, 21, 12, 9, 18, 19, 17, 0, 0]	sulirsq
[0, 0, 0, 0, 0, 0, 0, 19, 1, 12, 9, 18, 19, 19, 0]	salirss
[0, 0, 0, 0, 4, 1, 12, 9, 4, 19, 19, 19, 19, 19, 0]	dalidsssss
[0, 0, 0, 0, 0, 0, 19, 21, 9, 19, 19, 19, 19, 19, 0]	suisssss
[23, 5, 13, 9, 19, 3, 19, 19, 9, 19, 19, 19, 19, 19, 0]	wemiscssisssss
[0, 0, 0, 4, 1, 12, 9, 18, 19, 19, 4, 19, 19, 19, 0]	dalirssdsss
[0, 0, 0, 19, 1, 12, 21, 19, 19, 19, 19, 19, 19, 19, 0]	salusssssss
[0, 0, 0, 0, 0, 0, 8, 1, 12, 5, 18, 19, 19, 19, 0]	halersss
[1, 20, 9, 19, 19, 19, 20, 37, 19, 19, 19, 19, 19, 9, 0]	atissst-sssssi
[0, 0, 0, 0, 0, 19, 1, 7, 1, 19, 11, 11, 11, 9, 0]	sagaskkki
[11, 19, 20, 9, 9, 19, 9, 19, 9, 20, 9, 12, 9, 12, 9]	kstiisisitilili
Epoch is 23
epoch 23	[ DISC	loss : 0.259203 ]	[ ADV	loss : 0.191631 ]
[0, 0, 0, 0, 0, 0, 32, 21, 12, 5, 13, 1, 20, 9, 3]	5ulematic
[18, 13, 25, 15, 20, 15, 15, 15, 15, 15, 15, 15, 15, 22, 0]	rmyotoooooooov
[0, 0, 0, 0, 0, 2, 21, 12, 5, 4, 1, 2, 1, 20, 9]	buledabati
[0, 0, 0, 0, 0, 0, 0, 19, 32, 12, 5, 18, 19, 18, 0]	s5lersr
[23, 11, 13, 25, 22, 22, 3, 3, 2, 2, 2, 2, 2, 22, 3]	wkmyvvccbbbbbvc
[25, 13, 13, 25, 25, 15, 25, 3, 3, 15, 15, 3, 3, 3, 5]	ymmyyoyccooccce
[0, 0, 0, 0, 13, 21, 12, 5, 22, 18, 15, 22, 18, 22, 0]	mulevrovrv
[0, 0, 0, 0, 0, 0, 21, 12, 14, 18, 2, 19, 15, 18, 3]	ulnrbsorc
[23, 25, 13, 25, 22, 3, 15, 15, 15, 15, 15, 15, 3, 3, 5]	wymyvcoooooocce
[18, 15, 25, 19, 2, 15, 2, 15, 13, 15, 2, 15, 2, 15, 3]	roysbobomoboboc
[0, 0, 0, 0, 0, 0, 0, 18, 21, 12, 5, 18, 18, 19, 0]	rulerrs
[18, 22, 12, 5, 3, 3, 2, 15, 2, 2, 2, 2, 15, 2, 3]	rvleccbobbbbobc
[0, 0, 0, 0, 13, 25, 13, 15, 3, 3, 3, 3, 3, 3, 5]	mymocccccce
[25, 25, 25, 13, 13, 13, 3, 3, 3, 3, 3, 3, 3, 3, 5]	yyymmmcccccccce
[0, 0, 0, 0, 0, 3, 1, 12, 16, 18, 4, 1, 4, 1, 0]	calprdada
Epoch is 24
epoch 24	[ DISC	loss : 0.178984 ]	[ ADV	loss : 0.169621 ]
[0, 0, 13, 1, 12, 5, 18, 6, 6, 6, 6, 11, 6, 6, 3]	malerffffkffc
[0, 0, 0, 0, 0, 0, 3, 1, 13, 5, 18, 6, 11, 6, 0]	camerfkf
[0, 0, 0, 13, 1, 12, 5, 18, 14, 6, 6, 11, 11, 6, 9]	malernffkkfi
[0, 0, 0, 0, 0, 6, 12, 15, 18, 4, 11, 4, 11, 11, 9]	flordkdkki
[0, 0, 0, 0, 0, 0, 0, 13, 1, 7, 11, 6, 6, 6, 9]	magkfffi
[0, 0, 0, 0, 0, 3, 21, 12, 18, 18, 6, 6, 6, 6, 0]	culrrffff
[0, 1, 6, 9, 20, 14, 9, 9, 37, 9, 37, 9, 37, 9, 3]	afitnii-i-i-ic
[0, 0, 0, 0, 0, 13, 1, 7, 7, 6, 7, 6, 6, 0, 0]	maggfgff
[0, 0, 0, 0, 19, 12, 7, 1, 18, 6, 6, 6, 6, 6, 3]	slgarfffffc
[0, 0, 0, 0, 13, 1, 12, 18, 4, 4, 4, 4, 23, 18, 9]	malrddddwri
[1, 20, 9, 18, 14, 9, 20, 9, 14, 9, 14, 9, 14, 9, 3]	atirnitinininic
[0, 0, 0, 0, 0, 0, 1, 12, 15, 18, 18, 6, 6, 6, 9]	alorrfffi
[0, 0, 8, 1, 13, 9, 14, 6, 6, 6, 6, 6, 6, 6, 0]	haminfffffff
[37, 13, 37, 13, 12, 19, 20, 13, 13, 13, 13, 3, 13, 3, 5]	-m-mlstmmmmcmce
[0, 0, 0, 0, 13, 1, 12, 7, 9, 18, 6, 6, 6, 6, 0]	malgirffff
Epoch is 25
epoch 25	[ DISC	loss : 0.093608 ]	[ ADV	loss : 0.106900 ]
[0, 0, 0, 6, 15, 13, 16, 14, 23, 23, 5, 14, 23, 23, 9]	fompnwwenwwi
[18, 37, 14, 8, 14, 8, 14, 14, 14, 14, 14, 14, 14, 14, 3]	r-nhnhnnnnnnnnc
[0, 0, 0, 0, 6, 15, 14, 5, 14, 14, 23, 14, 14, 14, 0]	fonennwnnn
[0, 23, 23, 14, 14, 14, 14, 23, 14, 14, 14, 14, 23, 14, 0]	wwnnnnwnnnnwn
[0, 6, 1, 14, 5, 14, 14, 23, 23, 14, 14, 14, 14, 14, 0]	fanennwwnnnnn
[0, 23, 23, 23, 23, 23, 23, 23, 23, 23, 14, 14, 23, 23, 0]	wwwwwwwwwnnww
[0, 0, 0, 0, 0, 0, 0, 6, 21, 21, 15, 15, 14, 14, 0]	fuuoonn
[0, 0, 0, 0, 6, 15, 5, 14, 23, 23, 23, 14, 23, 23, 0]	foenwwwnww
[0, 0, 6, 37, 13, 15, 19, 14, 14, 14, 14, 14, 14, 14, 9]	f-mosnnnnnnni
[0, 0, 37, 37, 13, 15, 11, 14, 15, 14, 14, 11, 9, 11, 9]	--moknonnkiki
[0, 37, 11, 8, 8, 8, 5, 14, 14, 14, 14, 14, 14, 14, 0]	-khhhennnnnnn
[0, 0, 0, 0, 11, 15, 13, 15, 15, 8, 14, 14, 9, 9, 9]	komoohnniii
[37, 37, 14, 8, 14, 8, 14, 5, 14, 15, 14, 1, 14, 1, 8]	--nhnhnenonanah
[0, 0, 0, 6, 5, 14, 11, 14, 9, 9, 15, 9, 9, 9, 9]	fenkniioiiii
[0, 0, 0, 6, 21, 14, 14, 14, 14, 9, 14, 14, 14, 23, 9]	funnnninnnwi
D loss too low, failure state. terminating...
