2017-09-21 08:39:11,195 INFO Epoch: 0, acc: 0.786964, loss: 0.468895, mean_absolute_error: 0.305641, val_mean_absolute_error: 0.511982, val_acc: 0.488024, val_loss: 8.162130
2017-09-21 08:40:18,079 INFO Epoch: 1, acc: 0.802403, loss: 0.452714, mean_absolute_error: 0.288937, val_mean_absolute_error: 0.511977, val_acc: 0.488024, val_loss: 8.162124
2017-09-21 08:41:25,487 INFO Epoch: 2, acc: 0.806331, loss: 0.446739, mean_absolute_error: 0.284006, val_mean_absolute_error: 0.511976, val_acc: 0.488024, val_loss: 8.162124
2017-09-21 08:42:32,256 INFO Epoch: 3, acc: 0.809394, loss: 0.444271, mean_absolute_error: 0.281677, val_mean_absolute_error: 0.511976, val_acc: 0.488024, val_loss: 8.162124
2017-09-21 08:43:38,014 INFO Epoch: 4, acc: 0.811670, loss: 0.441291, mean_absolute_error: 0.279029, val_mean_absolute_error: 0.511976, val_acc: 0.488024, val_loss: 8.162124
2017-09-21 08:44:44,423 INFO Epoch: 5, acc: 0.816288, loss: 0.433188, mean_absolute_error: 0.273195, val_mean_absolute_error: 0.511976, val_acc: 0.488024, val_loss: 8.162124
2017-09-21 08:45:50,897 INFO Epoch: 6, acc: 0.817618, loss: 0.434153, mean_absolute_error: 0.273057, val_mean_absolute_error: 0.511984, val_acc: 0.488024, val_loss: 8.162132
2017-09-21 08:46:57,245 INFO Epoch: 7, acc: 0.816624, loss: 0.435208, mean_absolute_error: 0.274075, val_mean_absolute_error: 0.511977, val_acc: 0.488024, val_loss: 8.162125
2017-09-21 08:48:03,746 INFO Epoch: 8, acc: 0.818548, loss: 0.434533, mean_absolute_error: 0.273215, val_mean_absolute_error: 0.511976, val_acc: 0.488024, val_loss: 8.162124
2017-09-21 08:48:03,748 INFO model saved to saved models/large BatchNormalized/model_architecture.json
2017-09-21 08:48:03,786 INFO model weights saved to saved models/large BatchNormalized/model_weights.h5
2017-09-21 08:48:04,063 INFO network diagram saved to saved models/large BatchNormalized/model.png 
2017-09-21 08:48:05,496 INFO 
             precision    recall  f1-score   support

        DGA       0.78      0.85      0.81     21289
      Legit       0.83      0.74      0.78     20293

avg / total       0.80      0.80      0.80     41582

2017-09-21 08:49:02,972 INFO Epoch: 0, acc: 0.779989, loss: 0.477814, mean_absolute_error: 0.313613, val_mean_absolute_error: 0.511956, val_acc: 0.488048, val_loss: 8.160186
2017-09-21 08:49:58,698 INFO Epoch: 1, acc: 0.785417, loss: 0.461626, mean_absolute_error: 0.301886, val_mean_absolute_error: 0.511977, val_acc: 0.488024, val_loss: 8.162125
2017-09-21 08:50:54,770 INFO Epoch: 2, acc: 0.785906, loss: 0.452751, mean_absolute_error: 0.296370, val_mean_absolute_error: 0.511974, val_acc: 0.488024, val_loss: 8.161458
2017-09-21 08:51:50,821 INFO Epoch: 3, acc: 0.787300, loss: 0.446340, mean_absolute_error: 0.292202, val_mean_absolute_error: 0.511998, val_acc: 0.488024, val_loss: 8.162149
2017-09-21 08:51:50,823 INFO model saved to saved models/reduced BatchNormalized/model_architecture.json
2017-09-21 08:51:50,863 INFO model weights saved to saved models/reduced BatchNormalized/model_weights.h5
2017-09-21 08:51:51,000 INFO network diagram saved to saved models/reduced BatchNormalized/model.png 
2017-09-21 08:51:51,943 INFO 
             precision    recall  f1-score   support

        DGA       0.84      0.87      0.86     21289
      Legit       0.86      0.83      0.85     20293

avg / total       0.85      0.85      0.85     41582

2017-09-21 11:59:04,244 INFO 
             precision    recall  f1-score   support

        DGA       0.78      0.86      0.81     21171
      Legit       0.83      0.74      0.79     20411

avg / total       0.80      0.80      0.80     41582

2017-09-21 11:59:07,372 INFO 
             precision    recall  f1-score   support

        DGA       0.84      0.87      0.86     21171
      Legit       0.86      0.83      0.85     20411

avg / total       0.85      0.85      0.85     41582

