experiments/20171219-162001
__________________________________________________________________________________________________
Layer (type)                    Output Shape         Param #     Connected to                     
==================================================================================================
Discriminator_Input (InputLayer (None, 15, 38)       0                                            
__________________________________________________________________________________________________
discr_conv0 (Conv1D)            (None, 15, 20)       1540        Discriminator_Input[0][0]        
__________________________________________________________________________________________________
discr_conv1 (Conv1D)            (None, 15, 10)       1150        Discriminator_Input[0][0]        
__________________________________________________________________________________________________
batch_normalization_1 (BatchNor (None, 15, 20)       80          discr_conv0[0][0]                
__________________________________________________________________________________________________
batch_normalization_2 (BatchNor (None, 15, 10)       40          discr_conv1[0][0]                
__________________________________________________________________________________________________
leaky_re_lu_1 (LeakyReLU)       (None, 15, 20)       0           batch_normalization_1[0][0]      
__________________________________________________________________________________________________
leaky_re_lu_2 (LeakyReLU)       (None, 15, 10)       0           batch_normalization_2[0][0]      
__________________________________________________________________________________________________
discr_dropout0 (Dropout)        (None, 15, 20)       0           leaky_re_lu_1[0][0]              
__________________________________________________________________________________________________
discr_dropout1 (Dropout)        (None, 15, 10)       0           leaky_re_lu_2[0][0]              
__________________________________________________________________________________________________
average_pooling1d_1 (AveragePoo (None, 7, 20)        0           discr_dropout0[0][0]             
__________________________________________________________________________________________________
average_pooling1d_2 (AveragePoo (None, 7, 10)        0           discr_dropout1[0][0]             
__________________________________________________________________________________________________
concatenate_1 (Concatenate)     (None, 7, 30)        0           average_pooling1d_1[0][0]        
                                                                 average_pooling1d_2[0][0]        
__________________________________________________________________________________________________
lstm_1 (LSTM)                   (None, 20)           4080        concatenate_1[0][0]              
__________________________________________________________________________________________________
dense_1 (Dense)                 (None, 1)            21          lstm_1[0][0]                     
==================================================================================================
Total params: 6,911
Trainable params: 6,851
Non-trainable params: 60
__________________________________________________________________________________________________
__________________________________________________________________________________________________
Layer (type)                    Output Shape         Param #     Connected to                     
==================================================================================================
Generator_Input (InputLayer)    (None, 20)           0                                            
__________________________________________________________________________________________________
gen_repeate_vec (RepeatVector)  (None, 15, 20)       0           Generator_Input[0][0]            
__________________________________________________________________________________________________
gen_LSTM (LSTM)                 (None, 15, 38)       8968        gen_repeate_vec[0][0]            
__________________________________________________________________________________________________
dropout_1 (Dropout)             (None, 15, 38)       0           gen_LSTM[0][0]                   
__________________________________________________________________________________________________
gen_conv0 (Conv1D)              (None, 15, 20)       1540        dropout_1[0][0]                  
__________________________________________________________________________________________________
gen_conv1 (Conv1D)              (None, 15, 10)       1150        dropout_1[0][0]                  
__________________________________________________________________________________________________
leaky_re_lu_3 (LeakyReLU)       (None, 15, 20)       0           gen_conv0[0][0]                  
__________________________________________________________________________________________________
leaky_re_lu_4 (LeakyReLU)       (None, 15, 10)       0           gen_conv1[0][0]                  
__________________________________________________________________________________________________
gen_dropout0 (Dropout)          (None, 15, 20)       0           leaky_re_lu_3[0][0]              
__________________________________________________________________________________________________
gen_dropout1 (Dropout)          (None, 15, 10)       0           leaky_re_lu_4[0][0]              
__________________________________________________________________________________________________
concatenate_2 (Concatenate)     (None, 15, 30)       0           gen_dropout0[0][0]               
                                                                 gen_dropout1[0][0]               
__________________________________________________________________________________________________
decoder_end (TimeDistributed)   (None, 15, 38)       1178        concatenate_2[0][0]              
==================================================================================================
Total params: 12,836
Trainable params: 12,836
Non-trainable params: 0
__________________________________________________________________________________________________
_________________________________________________________________
Layer (type)                 Output Shape              Param #   
=================================================================
Generator (Model)            (None, 15, 38)            12836     
_________________________________________________________________
Discriminator (Model)        (None, 1)                 6911      
=================================================================
Total params: 19,747
Trainable params: 19,687
Non-trainable params: 60
_________________________________________________________________
Epoch is 0
Number of batches 69
Batch size: 128
domains_batch size:	(128, 15, 38)
generated domains shape:	(128, 15, 38)
training set shape	(128, 15, 38)
target shape (128, 1)
epoch 0	[ DISC	loss : 0.459108 ]	[ ADV	loss : 0.556094 ]
[35, 4, 25, 18, 28, 22, 15, 15, 12, 24, 5, 5, 25, 5, 32]	8dyr1voolxeeye5
[15, 5, 31, 22, 33, 28, 25, 33, 25, 5, 15, 33, 5, 25, 18]	oe4v61y6yeo6eyr
[13, 11, 14, 6, 5, 11, 6, 6, 0, 13, 5, 6, 0, 6, 33]	mknfekffmeff6
[25, 24, 21, 33, 30, 18, 15, 15, 15, 8, 6, 15, 15, 6, 8]	yxu63rooohfoofh
[30, 26, 20, 19, 12, 31, 6, 5, 8, 6, 6, 0, 31, 33, 4]	3ztsl4fehff46d
[30, 34, 14, 29, 0, 36, 12, 8, 32, 4, 13, 37, 25, 24, 7]	37n29lh5dm-yxg
[6, 31, 12, 29, 8, 6, 16, 6, 3, 1, 0, 6, 6, 0, 5]	f4l2hfpfcaffe
[27, 31, 15, 15, 24, 15, 15, 15, 15, 0, 15, 15, 31, 15, 31]	04ooxoooooo4o4
[22, 28, 6, 21, 1, 8, 15, 16, 1, 15, 5, 35, 8, 6, 15]	v1fuahopaoe8hfo
[37, 32, 8, 28, 19, 6, 15, 15, 6, 3, 3, 37, 25, 33, 5]	-5h1sfoofcc-y6e
[35, 20, 8, 8, 12, 6, 4, 8, 8, 8, 5, 31, 22, 7, 31]	8thhlfdhhhe4vg4
[33, 6, 1, 22, 5, 17, 2, 12, 12, 6, 5, 6, 35, 24, 6]	6faveqbllfef8xf
[36, 0, 6, 8, 6, 7, 19, 15, 15, 15, 8, 8, 8, 8, 36]	9fhfgsooohhhh9
[36, 27, 7, 24, 34, 6, 4, 1, 6, 6, 1, 9, 9, 5, 34]	90gx7fdaffaiie7
[25, 35, 12, 11, 25, 25, 12, 19, 12, 11, 15, 29, 25, 5, 15]	y8lkyylslko2yeo
Epoch is 1
epoch 1	[ DISC	loss : 0.340795 ]	[ ADV	loss : 0.625878 ]
[5, 12, 9, 9, 9, 9, 9, 9, 9, 9, 9, 9, 9, 9, 34]	eliiiiiiiiiiii7
[5, 0, 0, 0, 0, 0, 0, 0, 0, 0, 0, 0, 0, 0, 0]	e
[22, 22, 0, 0, 0, 0, 0, 0, 0, 0, 0, 0, 0, 0, 0]	vv
[0, 0, 0, 0, 0, 0, 0, 0, 0, 0, 0, 0, 0, 0, 1]	a
[8, 33, 1, 1, 1, 1, 1, 1, 1, 1, 1, 1, 1, 1, 9]	h6aaaaaaaaaaaai
[0, 36, 0, 0, 0, 0, 0, 0, 0, 0, 0, 0, 0, 0, 0]	9
[12, 12, 13, 9, 1, 9, 9, 9, 9, 9, 9, 9, 9, 9, 9]	llmiaiiiiiiiiii
[0, 0, 0, 0, 13, 0, 0, 0, 24, 13, 13, 0, 0, 0, 24]	mxmmx
[0, 0, 0, 0, 0, 0, 0, 0, 0, 0, 0, 0, 0, 0, 0]	
[0, 15, 0, 12, 1, 0, 0, 1, 1, 0, 0, 1, 0, 1, 9]	olaaaaai
[0, 0, 0, 0, 0, 0, 0, 0, 0, 0, 0, 0, 0, 0, 0]	
[22, 0, 0, 0, 0, 0, 0, 0, 0, 0, 0, 0, 0, 0, 9]	vi
[25, 0, 0, 0, 0, 0, 0, 0, 0, 0, 0, 0, 0, 0, 0]	y
[19, 0, 0, 0, 0, 0, 0, 0, 0, 0, 0, 0, 0, 0, 8]	sh
[33, 0, 0, 0, 0, 0, 0, 9, 9, 0, 9, 9, 0, 9, 9]	6iiiiii
Epoch is 2
epoch 2	[ DISC	loss : 0.389452 ]	[ ADV	loss : 0.791884 ]
[0, 0, 0, 13, 13, 13, 13, 13, 13, 13, 13, 13, 13, 13, 13]	mmmmmmmmmmmm
[0, 0, 0, 13, 13, 13, 13, 13, 13, 13, 13, 13, 13, 13, 13]	mmmmmmmmmmmm
[0, 0, 0, 0, 13, 13, 13, 13, 13, 13, 13, 13, 13, 13, 13]	mmmmmmmmmmm
[0, 0, 0, 13, 13, 13, 13, 13, 13, 13, 13, 13, 13, 13, 13]	mmmmmmmmmmmm
[0, 0, 13, 13, 13, 13, 13, 13, 13, 13, 13, 13, 13, 13, 13]	mmmmmmmmmmmmm
[1, 1, 13, 13, 13, 13, 13, 13, 13, 13, 13, 13, 13, 13, 13]	aammmmmmmmmmmmm
[0, 0, 0, 0, 0, 0, 13, 13, 13, 13, 13, 13, 13, 13, 13]	mmmmmmmmm
[0, 0, 0, 0, 13, 13, 13, 13, 13, 13, 13, 13, 13, 13, 13]	mmmmmmmmmmm
[0, 0, 0, 0, 0, 13, 13, 13, 13, 13, 13, 13, 13, 13, 13]	mmmmmmmmmm
[0, 0, 0, 0, 0, 0, 1, 1, 1, 1, 13, 1, 1, 1, 12]	aaaamaaal
[0, 0, 0, 0, 13, 13, 13, 13, 13, 13, 13, 13, 13, 13, 13]	mmmmmmmmmmm
[0, 0, 0, 13, 13, 13, 13, 13, 13, 13, 13, 13, 13, 13, 13]	mmmmmmmmmmmm
[0, 0, 0, 13, 13, 1, 13, 13, 13, 13, 13, 13, 13, 13, 13]	mmammmmmmmmm
[0, 0, 0, 0, 13, 13, 13, 13, 13, 13, 13, 13, 13, 13, 13]	mmmmmmmmmmm
[0, 0, 0, 13, 13, 13, 13, 13, 13, 13, 13, 13, 13, 13, 13]	mmmmmmmmmmmm
Epoch is 3
epoch 3	[ DISC	loss : 0.515628 ]	[ ADV	loss : 0.983800 ]
[0, 0, 0, 0, 16, 16, 16, 16, 16, 16, 16, 16, 16, 16, 16]	ppppppppppp
[0, 0, 0, 16, 16, 16, 16, 16, 16, 16, 16, 16, 16, 16, 16]	pppppppppppp
[33, 0, 0, 16, 16, 16, 16, 16, 16, 16, 16, 16, 16, 16, 16]	6pppppppppppp
[0, 15, 15, 16, 16, 16, 16, 16, 16, 16, 16, 16, 16, 16, 16]	oopppppppppppp
[0, 0, 0, 0, 0, 0, 0, 0, 16, 16, 16, 16, 16, 16, 16]	ppppppp
[0, 0, 0, 16, 16, 16, 16, 16, 16, 16, 16, 16, 16, 16, 16]	pppppppppppp
[0, 0, 0, 16, 16, 16, 16, 16, 16, 16, 16, 16, 16, 16, 16]	pppppppppppp
[0, 0, 0, 0, 0, 0, 0, 16, 16, 16, 16, 16, 16, 16, 16]	pppppppp
[0, 0, 0, 16, 16, 16, 16, 16, 16, 16, 16, 16, 16, 16, 16]	pppppppppppp
[0, 0, 16, 16, 16, 16, 16, 16, 16, 16, 16, 16, 16, 16, 16]	ppppppppppppp
[0, 0, 15, 16, 16, 16, 16, 16, 16, 16, 16, 16, 16, 16, 16]	opppppppppppp
[15, 0, 0, 15, 16, 16, 16, 16, 16, 16, 16, 16, 16, 16, 16]	ooppppppppppp
[25, 0, 0, 16, 16, 16, 16, 16, 16, 16, 16, 16, 16, 16, 16]	ypppppppppppp
[0, 0, 0, 0, 16, 16, 16, 16, 16, 16, 16, 16, 16, 16, 16]	ppppppppppp
[0, 0, 0, 9, 16, 16, 16, 16, 16, 16, 16, 16, 16, 16, 16]	ippppppppppp
Epoch is 4
epoch 4	[ DISC	loss : 0.099306 ]	[ ADV	loss : 1.408012 ]
[0, 0, 0, 0, 0, 0, 0, 0, 0, 0, 0, 0, 0, 0, 9]	i
[0, 9, 0, 9, 9, 0, 9, 9, 9, 9, 9, 9, 9, 9, 9]	iiiiiiiiiiii
[0, 0, 9, 0, 0, 0, 0, 0, 0, 0, 0, 0, 0, 0, 0]	i
[0, 9, 0, 0, 0, 9, 9, 9, 9, 9, 0, 9, 0, 0, 9]	iiiiiiii
[0, 0, 0, 0, 0, 0, 0, 0, 0, 0, 0, 0, 0, 0, 0]	
[0, 0, 0, 0, 0, 0, 0, 0, 0, 0, 0, 0, 0, 0, 0]	
[0, 0, 0, 0, 0, 0, 0, 0, 0, 0, 0, 0, 0, 0, 0]	
[24, 0, 0, 0, 0, 0, 0, 0, 0, 0, 0, 0, 0, 0, 0]	x
[9, 9, 9, 9, 9, 9, 9, 9, 9, 9, 9, 9, 9, 9, 8]	iiiiiiiiiiiiiih
[8, 33, 0, 0, 0, 0, 0, 0, 0, 0, 0, 0, 0, 0, 0]	h6
[0, 0, 0, 0, 0, 0, 0, 0, 0, 0, 0, 0, 0, 0, 0]	
[0, 0, 0, 0, 0, 0, 0, 0, 0, 0, 0, 0, 0, 0, 0]	
[0, 0, 9, 9, 8, 8, 8, 9, 8, 8, 8, 8, 9, 8, 8]	iihhhihhhhihh
[8, 0, 13, 0, 0, 0, 0, 0, 0, 0, 0, 0, 0, 0, 15]	hmo
[26, 0, 0, 0, 0, 0, 0, 0, 0, 0, 0, 0, 0, 0, 0]	z
Epoch is 5
epoch 5	[ DISC	loss : 0.470038 ]	[ ADV	loss : 0.997878 ]
[0, 0, 0, 0, 0, 0, 0, 24, 24, 24, 24, 24, 0, 24, 0]	xxxxxx
[0, 0, 0, 0, 0, 0, 0, 24, 0, 0, 0, 0, 0, 0, 24]	xx
[0, 5, 18, 13, 18, 14, 20, 18, 20, 18, 20, 18, 18, 20, 18]	ermrntrtrtrrtr
[0, 0, 0, 0, 0, 24, 0, 7, 30, 18, 14, 18, 18, 20, 13]	xg3rnrrtm
[0, 0, 22, 18, 20, 18, 18, 20, 18, 18, 18, 20, 18, 20, 20]	vrtrrtrrrtrtt
[29, 24, 0, 0, 24, 0, 36, 18, 20, 20, 20, 20, 20, 14, 18]	2xx9rtttttnr
[24, 0, 18, 18, 18, 20, 18, 18, 18, 14, 18, 18, 20, 18, 18]	xrrrtrrrnrrtrr
[0, 0, 24, 0, 0, 0, 24, 0, 24, 18, 18, 20, 18, 18, 7]	xxxrrtrrg
[10, 5, 14, 20, 20, 20, 20, 18, 20, 18, 20, 18, 20, 20, 20]	jenttttrtrtrttt
[0, 0, 0, 0, 0, 0, 0, 0, 0, 0, 0, 0, 0, 0, 0]	
[18, 18, 18, 20, 18, 18, 20, 18, 20, 20, 20, 20, 20, 20, 7]	rrrtrrtrttttttg
[24, 14, 20, 18, 20, 20, 20, 18, 20, 18, 20, 18, 18, 20, 20]	xntrtttrtrtrrtt
[0, 24, 22, 14, 20, 20, 20, 20, 21, 20, 18, 20, 20, 20, 21]	xvnttttutrtttu
[0, 0, 22, 4, 18, 20, 18, 18, 14, 3, 20, 18, 18, 20, 14]	vdrtrrnctrrtn
[0, 24, 0, 0, 0, 24, 0, 0, 0, 24, 0, 24, 0, 0, 24]	xxxxx
Epoch is 6
epoch 6	[ DISC	loss : 0.264859 ]	[ ADV	loss : 1.487510 ]
[0, 0, 0, 0, 34, 14, 14, 20, 14, 14, 14, 14, 14, 20, 14]	7nntnnnnntn
[0, 0, 0, 0, 0, 34, 14, 20, 14, 14, 14, 14, 14, 14, 20]	7ntnnnnnnt
[0, 0, 0, 0, 0, 34, 34, 20, 14, 14, 14, 14, 14, 14, 14]	77tnnnnnnn
[0, 0, 0, 0, 37, 34, 14, 14, 14, 20, 14, 14, 14, 14, 14]	-7nnntnnnnn
[0, 0, 0, 0, 0, 34, 14, 14, 14, 14, 14, 14, 14, 14, 20]	7nnnnnnnnt
[0, 0, 0, 34, 34, 14, 14, 14, 14, 14, 14, 14, 14, 14, 14]	77nnnnnnnnnn
[0, 0, 0, 0, 34, 14, 14, 14, 14, 14, 14, 14, 14, 14, 4]	7nnnnnnnnnd
[0, 0, 0, 0, 34, 14, 14, 14, 14, 14, 14, 20, 18, 14, 4]	7nnnnnntrnd
[0, 0, 0, 0, 34, 14, 14, 14, 14, 14, 14, 14, 14, 14, 14]	7nnnnnnnnnn
[0, 0, 7, 20, 14, 14, 14, 20, 14, 14, 14, 14, 14, 14, 20]	gtnnntnnnnnnt
[0, 0, 0, 0, 34, 14, 14, 14, 14, 14, 14, 14, 20, 14, 14]	7nnnnnnntnn
[0, 0, 0, 0, 34, 14, 20, 14, 14, 14, 20, 14, 14, 14, 14]	7ntnnntnnnn
[32, 14, 14, 14, 14, 14, 14, 14, 14, 14, 14, 14, 14, 14, 14]	5nnnnnnnnnnnnnn
[0, 0, 0, 0, 0, 0, 34, 20, 14, 14, 14, 14, 20, 14, 14]	7tnnnntnn
[13, 0, 0, 34, 34, 14, 20, 14, 14, 14, 14, 14, 14, 20, 4]	m77ntnnnnnntd
Epoch is 7
epoch 7	[ DISC	loss : 0.048126 ]	[ ADV	loss : 1.045606 ]
[6, 4, 4, 4, 4, 4, 4, 4, 4, 4, 4, 4, 4, 4, 4]	fdddddddddddddd
[0, 0, 4, 4, 4, 4, 4, 4, 4, 4, 4, 4, 4, 4, 4]	ddddddddddddd
[0, 4, 4, 4, 3, 4, 4, 4, 4, 20, 4, 4, 4, 4, 3]	dddcddddtddddc
[12, 4, 4, 4, 4, 4, 4, 4, 4, 4, 4, 4, 4, 20, 4]	lddddddddddddtd
[20, 20, 20, 20, 4, 20, 4, 4, 20, 4, 4, 20, 4, 4, 4]	ttttdtddtddtddd
[4, 20, 4, 4, 20, 4, 4, 20, 4, 4, 4, 4, 4, 4, 4]	dtddtddtddddddd
[0, 3, 4, 4, 4, 4, 4, 4, 4, 4, 4, 4, 20, 4, 4]	cddddddddddtdd
[0, 0, 3, 4, 4, 4, 4, 4, 4, 20, 4, 20, 20, 4, 4]	cddddddtdttdd
[0, 0, 4, 4, 4, 4, 4, 4, 4, 4, 4, 20, 4, 4, 20]	dddddddddtddt
[9, 3, 4, 4, 4, 4, 4, 4, 4, 4, 4, 4, 4, 4, 20]	icddddddddddddt
[20, 20, 20, 20, 4, 20, 4, 20, 4, 4, 20, 20, 4, 20, 4]	ttttdtdtddttdtd
[3, 20, 20, 20, 20, 4, 4, 4, 20, 20, 4, 20, 20, 20, 4]	cttttdddttdtttd
[0, 3, 4, 20, 4, 4, 4, 4, 4, 4, 4, 4, 4, 4, 4]	cdtddddddddddd
[0, 0, 4, 4, 4, 4, 4, 4, 4, 4, 4, 4, 4, 4, 4]	ddddddddddddd
[0, 0, 3, 20, 20, 20, 4, 4, 4, 4, 20, 4, 4, 4, 4]	ctttddddtdddd
Epoch is 8
epoch 8	[ DISC	loss : 0.043146 ]	[ ADV	loss : 0.708047 ]
[0, 3, 4, 4, 4, 3, 4, 4, 4, 4, 4, 3, 4, 4, 34]	cdddcdddddcdd7
[0, 3, 4, 3, 4, 3, 4, 3, 3, 4, 4, 3, 3, 3, 3]	cdcdcdccddcccc
[4, 4, 4, 4, 4, 3, 3, 3, 3, 4, 3, 4, 3, 3, 3]	dddddccccdcdccc
[4, 4, 4, 3, 4, 3, 3, 4, 4, 4, 4, 3, 3, 3, 14]	dddcdccddddcccn
[20, 4, 4, 4, 3, 4, 4, 4, 4, 3, 4, 4, 3, 4, 4]	tdddcddddcddcdd
[3, 4, 4, 3, 4, 3, 4, 4, 3, 4, 3, 3, 3, 3, 14]	cddcdcddcdccccn
[3, 3, 4, 3, 3, 4, 4, 3, 4, 4, 3, 4, 3, 4, 4]	ccdccddcddcdcdd
[3, 4, 3, 4, 4, 4, 4, 3, 4, 3, 4, 4, 4, 3, 4]	cdcddddcdcdddcd
[3, 4, 4, 4, 4, 3, 4, 4, 3, 4, 4, 4, 3, 3, 4]	cddddcddcdddccd
[4, 4, 4, 4, 4, 3, 4, 4, 3, 4, 4, 4, 4, 4, 3]	dddddcddcdddddc
[3, 4, 4, 4, 4, 4, 4, 3, 4, 4, 4, 4, 3, 4, 4]	cddddddcddddcdd
[0, 0, 3, 3, 4, 4, 3, 3, 3, 3, 3, 4, 4, 4, 3]	ccddcccccdddc
[3, 4, 4, 4, 3, 3, 4, 3, 4, 4, 4, 4, 4, 3, 3]	cdddccdcdddddcc
[0, 4, 4, 4, 4, 4, 3, 4, 3, 4, 3, 4, 4, 4, 14]	dddddcdcdcdddn
[3, 3, 4, 3, 4, 3, 4, 3, 3, 3, 3, 4, 3, 4, 14]	ccdcdcdccccdcdn
Epoch is 9
epoch 9	[ DISC	loss : 0.047911 ]	[ ADV	loss : 0.607762 ]
[12, 4, 4, 4, 4, 4, 4, 4, 4, 4, 4, 4, 4, 4, 4]	ldddddddddddddd
[20, 20, 20, 4, 4, 4, 4, 4, 4, 4, 4, 4, 4, 4, 4]	tttdddddddddddd
[3, 4, 4, 4, 4, 4, 4, 4, 4, 4, 4, 4, 4, 4, 4]	cdddddddddddddd
[4, 4, 4, 4, 4, 20, 4, 4, 4, 4, 4, 4, 4, 4, 4]	dddddtddddddddd
[20, 4, 4, 4, 4, 4, 4, 4, 4, 4, 4, 4, 4, 4, 4]	tdddddddddddddd
[4, 4, 4, 4, 4, 4, 4, 4, 4, 4, 4, 20, 4, 4, 4]	dddddddddddtddd
[4, 4, 4, 20, 4, 4, 4, 20, 4, 4, 4, 4, 4, 4, 4]	dddtdddtddddddd
[34, 4, 4, 4, 4, 4, 4, 4, 4, 4, 4, 4, 4, 4, 4]	7dddddddddddddd
[3, 4, 4, 4, 4, 4, 4, 4, 4, 4, 4, 4, 4, 4, 4]	cdddddddddddddd
[7, 20, 20, 4, 4, 20, 4, 4, 4, 4, 4, 20, 4, 4, 4]	gttddtdddddtddd
[4, 4, 4, 4, 4, 4, 4, 4, 4, 4, 4, 4, 4, 4, 20]	ddddddddddddddt
[4, 4, 4, 4, 4, 4, 4, 4, 4, 4, 4, 4, 4, 4, 4]	ddddddddddddddd
[3, 4, 4, 4, 4, 4, 4, 4, 4, 4, 4, 4, 4, 20, 4]	cddddddddddddtd
[20, 20, 4, 4, 20, 20, 4, 4, 20, 4, 4, 4, 20, 4, 4]	ttddttddtdddtdd
[14, 4, 20, 4, 4, 20, 4, 4, 4, 4, 4, 4, 4, 4, 4]	ndtddtddddddddd
Epoch is 10
epoch 10	[ DISC	loss : 0.047019 ]	[ ADV	loss : 0.627138 ]
[4, 20, 20, 4, 4, 14, 20, 4, 20, 4, 20, 4, 4, 4, 4]	dttddntdtdtdddd
[14, 20, 20, 20, 4, 4, 4, 20, 4, 4, 20, 20, 4, 20, 4]	ntttdddtddttdtd
[20, 4, 14, 4, 4, 4, 20, 14, 4, 4, 20, 4, 20, 4, 4]	tdndddtnddtdtdd
[37, 4, 20, 4, 4, 4, 4, 20, 4, 4, 20, 4, 4, 4, 20]	-dtddddtddtdddt
[3, 4, 4, 4, 4, 4, 20, 4, 4, 4, 20, 20, 4, 20, 4]	cdddddtdddttdtd
[20, 4, 20, 4, 20, 4, 20, 4, 4, 4, 4, 4, 4, 4, 20]	tdtdtdtdddddddt
[4, 20, 4, 4, 4, 4, 4, 20, 4, 4, 4, 20, 4, 20, 4]	dtdddddtdddtdtd
[4, 20, 4, 4, 4, 4, 20, 4, 20, 4, 4, 4, 4, 4, 4]	dtddddtdtdddddd
[20, 4, 4, 4, 4, 4, 4, 4, 4, 4, 4, 4, 4, 4, 4]	tdddddddddddddd
[4, 14, 4, 4, 4, 4, 20, 20, 4, 20, 4, 4, 4, 20, 4]	dnddddttdtdddtd
[4, 4, 4, 4, 4, 20, 20, 4, 4, 4, 4, 4, 4, 4, 20]	dddddttdddddddt
[20, 20, 4, 4, 20, 20, 4, 4, 4, 14, 20, 20, 4, 14, 4]	ttddttdddnttdnd
[4, 4, 4, 4, 4, 14, 4, 4, 4, 4, 20, 4, 20, 20, 14]	dddddnddddtdttn
[14, 4, 14, 14, 4, 4, 4, 4, 20, 20, 4, 20, 4, 4, 14]	ndnnddddttdtddn
[20, 20, 4, 4, 4, 4, 4, 4, 20, 4, 4, 4, 4, 20, 4]	ttddddddtddddtd
Epoch is 11
epoch 11	[ DISC	loss : -0.030972 ]	[ ADV	loss : 1.158897 ]
[14, 20, 14, 20, 4, 14, 14, 14, 14, 20, 14, 4, 20, 20, 20]	ntntdnnnntndttt
[14, 4, 14, 20, 4, 20, 20, 20, 20, 20, 20, 20, 20, 20, 20]	ndntdtttttttttt
[3, 20, 20, 20, 20, 14, 4, 20, 20, 20, 20, 20, 20, 20, 14]	cttttndtttttttn
[14, 4, 20, 20, 20, 20, 14, 20, 20, 20, 14, 20, 20, 20, 20]	ndttttntttntttt
[4, 20, 20, 20, 20, 20, 20, 20, 20, 20, 4, 20, 20, 20, 4]	dtttttttttdtttd
[4, 20, 14, 20, 20, 20, 20, 20, 20, 20, 20, 20, 20, 4, 20]	dtnttttttttttdt
[20, 14, 4, 14, 20, 20, 20, 20, 20, 20, 20, 4, 20, 14, 20]	tndntttttttdtnt
[4, 20, 20, 20, 4, 14, 20, 4, 4, 20, 20, 20, 20, 20, 20]	dtttdntddtttttt
[20, 37, 4, 20, 20, 14, 4, 14, 20, 20, 20, 20, 20, 14, 20]	t-dttndntttttnt
[20, 20, 20, 14, 20, 20, 20, 20, 20, 20, 20, 4, 20, 4, 20]	tttntttttttdtdt
[20, 20, 14, 14, 14, 20, 14, 20, 20, 20, 20, 20, 20, 4, 20]	ttnnntnttttttdt
[20, 20, 20, 20, 20, 20, 20, 20, 20, 20, 20, 20, 4, 4, 20]	ttttttttttttddt
[20, 20, 20, 14, 20, 20, 20, 20, 20, 20, 20, 20, 20, 20, 20]	tttnttttttttttt
[4, 14, 4, 4, 20, 20, 20, 4, 4, 4, 20, 20, 20, 20, 20]	dnddtttdddttttt
[3, 20, 20, 20, 20, 4, 20, 20, 4, 20, 20, 20, 20, 20, 20]	cttttdttdtttttt
Epoch is 12
epoch 12	[ DISC	loss : 0.016188 ]	[ ADV	loss : 0.879876 ]
[37, 20, 4, 4, 4, 20, 4, 20, 4, 4, 4, 20, 20, 4, 4]	-tdddtdtdddttdd
[20, 3, 4, 20, 4, 4, 4, 4, 14, 4, 4, 4, 4, 14, 4]	tcdtddddnddddnd
[3, 20, 37, 4, 4, 20, 20, 4, 4, 20, 4, 20, 14, 4, 14]	ct-ddttddtdtndn
[4, 3, 4, 4, 4, 4, 20, 4, 4, 20, 4, 4, 4, 4, 4]	dcddddtddtddddd
[4, 20, 4, 4, 4, 4, 4, 4, 4, 4, 4, 4, 4, 4, 14]	dtddddddddddddn
[4, 4, 4, 4, 4, 20, 4, 4, 4, 4, 4, 4, 4, 4, 4]	dddddtddddddddd
[4, 20, 4, 4, 20, 4, 4, 4, 4, 4, 4, 4, 4, 4, 37]	dtddtddddddddd-
[37, 3, 20, 20, 4, 4, 4, 20, 20, 4, 4, 4, 4, 14, 4]	-cttdddttddddnd
[3, 20, 3, 4, 20, 4, 4, 20, 20, 4, 4, 4, 4, 4, 4]	ctcdtddttdddddd
[4, 4, 4, 4, 20, 4, 4, 4, 20, 4, 4, 4, 4, 20, 4]	ddddtdddtddddtd
[3, 20, 20, 20, 4, 20, 4, 4, 4, 4, 20, 4, 4, 4, 4]	ctttdtddddtdddd
[20, 14, 4, 4, 4, 4, 20, 4, 20, 20, 3, 4, 4, 4, 4]	tnddddtdttcdddd
[3, 20, 4, 4, 4, 4, 4, 4, 4, 20, 20, 4, 4, 20, 4]	ctdddddddttddtd
[3, 4, 20, 4, 4, 4, 4, 4, 4, 4, 20, 4, 4, 20, 14]	cdtdddddddtddtn
[3, 4, 20, 4, 4, 20, 20, 4, 4, 20, 4, 4, 4, 20, 4]	cdtddttddtdddtd
Epoch is 13
epoch 13	[ DISC	loss : 0.052270 ]	[ ADV	loss : 2.155447 ]
[37, 37, 37, 7, 37, 37, 7, 37, 7, 7, 7, 7, 7, 37, 7]	---g--g-ggggg-g
[7, 37, 37, 37, 7, 37, 7, 37, 37, 37, 37, 7, 37, 7, 7]	g---g-g----g-gg
[3, 37, 4, 37, 37, 37, 7, 7, 37, 37, 7, 37, 37, 37, 7]	c-d---gg--g---g
[37, 4, 7, 37, 7, 7, 7, 37, 7, 37, 7, 37, 37, 37, 7]	-dg-ggg-g-g---g
[37, 37, 37, 37, 37, 37, 7, 7, 7, 37, 37, 37, 37, 37, 4]	------ggg-----d
[4, 37, 37, 37, 37, 7, 37, 37, 37, 37, 7, 37, 37, 37, 37]	d----g----g----
[20, 37, 37, 37, 37, 37, 37, 37, 37, 37, 7, 7, 37, 37, 7]	t---------gg--g
[3, 37, 37, 37, 37, 37, 37, 7, 37, 37, 37, 7, 7, 37, 37]	c------g---gg--
[37, 37, 7, 37, 37, 37, 37, 37, 37, 37, 7, 37, 7, 4, 7]	--g-------g-gdg
[37, 7, 37, 7, 37, 7, 37, 4, 7, 37, 7, 37, 37, 37, 4]	-g-g-g-dg-g---d
[37, 20, 37, 37, 37, 37, 37, 37, 37, 37, 37, 37, 7, 37, 37]	-t----------g--
[3, 37, 37, 7, 37, 7, 37, 7, 37, 37, 37, 37, 37, 37, 7]	c--g-g-g------g
[37, 37, 37, 37, 37, 7, 37, 37, 7, 37, 37, 7, 37, 37, 37]	-----g--g--g---
[3, 37, 37, 37, 7, 37, 37, 37, 7, 7, 37, 37, 37, 37, 7]	c---g---gg----g
[37, 37, 37, 7, 7, 7, 37, 37, 37, 37, 37, 7, 37, 37, 7]	---ggg-----g--g
Epoch is 14
epoch 14	[ DISC	loss : -0.011890 ]	[ ADV	loss : 1.505482 ]
[37, 37, 37, 37, 37, 37, 37, 37, 37, 37, 37, 37, 37, 37, 37]	---------------
[37, 37, 37, 37, 37, 37, 37, 37, 37, 37, 37, 37, 37, 37, 37]	---------------
[37, 37, 37, 37, 37, 37, 37, 37, 37, 37, 37, 37, 37, 37, 4]	--------------d
[37, 37, 37, 37, 37, 37, 37, 37, 37, 37, 37, 37, 37, 37, 37]	---------------
[37, 20, 37, 37, 37, 37, 37, 37, 37, 37, 37, 37, 37, 37, 37]	-t-------------
[37, 37, 37, 37, 37, 37, 37, 37, 37, 37, 37, 37, 37, 37, 37]	---------------
[37, 37, 37, 37, 37, 37, 37, 37, 37, 37, 37, 37, 37, 37, 37]	---------------
[37, 37, 37, 37, 37, 37, 37, 37, 37, 37, 37, 37, 37, 37, 37]	---------------
[18, 37, 37, 7, 37, 37, 37, 37, 37, 37, 37, 37, 37, 37, 4]	r--g----------d
[37, 37, 37, 37, 37, 37, 37, 37, 37, 37, 37, 37, 37, 37, 37]	---------------
[37, 37, 37, 37, 37, 37, 37, 37, 37, 37, 37, 37, 37, 37, 37]	---------------
[37, 37, 37, 37, 37, 37, 37, 37, 37, 37, 37, 37, 37, 37, 4]	--------------d
[12, 37, 37, 37, 37, 37, 37, 37, 37, 37, 37, 37, 37, 37, 37]	l--------------
[37, 37, 37, 37, 37, 37, 37, 37, 37, 37, 37, 37, 37, 37, 37]	---------------
[37, 37, 37, 37, 37, 37, 37, 37, 37, 37, 37, 37, 37, 37, 37]	---------------
Epoch is 15
epoch 15	[ DISC	loss : 0.042937 ]	[ ADV	loss : 2.879862 ]
[10, 18, 18, 12, 18, 12, 18, 18, 12, 12, 12, 12, 12, 18, 37]	jrrlrlrrlllllr-
[37, 12, 12, 12, 12, 37, 37, 12, 12, 12, 12, 37, 18, 12, 4]	-llll--llll-rld
[12, 18, 12, 12, 12, 37, 12, 12, 12, 12, 12, 18, 12, 12, 4]	lrlll-lllllrlld
[18, 12, 37, 18, 18, 18, 12, 12, 12, 18, 12, 12, 18, 12, 4]	rl-rrrlllrllrld
[12, 12, 18, 37, 18, 12, 12, 37, 37, 12, 37, 18, 12, 18, 4]	llr-rll--l-rlrd
[12, 37, 18, 18, 12, 12, 12, 18, 12, 12, 12, 18, 12, 18, 4]	l-rrlllrlllrlrd
[18, 12, 18, 12, 12, 12, 12, 12, 12, 12, 12, 4, 12, 12, 4]	rlrlllllllldlld
[34, 12, 12, 12, 12, 18, 4, 4, 12, 12, 37, 37, 37, 37, 4]	7llllrddll----d
[12, 12, 12, 18, 37, 18, 18, 12, 12, 12, 18, 12, 12, 12, 37]	lllr-rrlllrlll-
[37, 12, 12, 12, 12, 18, 12, 12, 18, 18, 12, 12, 12, 18, 4]	-llllrllrrlllrd
[12, 12, 12, 12, 18, 18, 12, 37, 12, 37, 12, 37, 12, 12, 37]	llllrrl-l-l-ll-
[37, 12, 37, 12, 37, 12, 12, 12, 12, 12, 37, 37, 37, 12, 12]	-l-l-lllll---ll
[37, 12, 12, 12, 12, 18, 12, 18, 18, 18, 12, 12, 12, 12, 4]	-llllrlrrrlllld
[37, 12, 18, 12, 12, 12, 37, 12, 37, 12, 18, 37, 12, 18, 4]	-lrlll-l-lr-lrd
[20, 37, 18, 12, 12, 18, 37, 12, 37, 12, 12, 37, 37, 12, 12]	t-rllr-l-ll--ll
Epoch is 16
