experiments/20171219-153547
____________________________________________________________________________________________________
Layer (type)                     Output Shape          Param #     Connected to                     
====================================================================================================
Discriminator_Input (InputLayer) (None, 15, 38)        0                                            
____________________________________________________________________________________________________
discr_conv0 (Conv1D)             (None, 15, 20)        1540        Discriminator_Input[0][0]        
____________________________________________________________________________________________________
discr_conv1 (Conv1D)             (None, 15, 10)        1150        Discriminator_Input[0][0]        
____________________________________________________________________________________________________
batch_normalization_1 (BatchNorm (None, 15, 20)        80          discr_conv0[0][0]                
____________________________________________________________________________________________________
batch_normalization_2 (BatchNorm (None, 15, 10)        40          discr_conv1[0][0]                
____________________________________________________________________________________________________
leaky_re_lu_1 (LeakyReLU)        (None, 15, 20)        0           batch_normalization_1[0][0]      
____________________________________________________________________________________________________
leaky_re_lu_2 (LeakyReLU)        (None, 15, 10)        0           batch_normalization_2[0][0]      
____________________________________________________________________________________________________
discr_dropout0 (Dropout)         (None, 15, 20)        0           leaky_re_lu_1[0][0]              
____________________________________________________________________________________________________
discr_dropout1 (Dropout)         (None, 15, 10)        0           leaky_re_lu_2[0][0]              
____________________________________________________________________________________________________
average_pooling1d_1 (AveragePool (None, 7, 20)         0           discr_dropout0[0][0]             
____________________________________________________________________________________________________
average_pooling1d_2 (AveragePool (None, 7, 10)         0           discr_dropout1[0][0]             
____________________________________________________________________________________________________
concatenate_1 (Concatenate)      (None, 7, 30)         0           average_pooling1d_1[0][0]        
                                                                   average_pooling1d_2[0][0]        
____________________________________________________________________________________________________
lstm_1 (LSTM)                    (None, 20)            4080        concatenate_1[0][0]              
____________________________________________________________________________________________________
dense_1 (Dense)                  (None, 1)             21          lstm_1[0][0]                     
====================================================================================================
Total params: 6,911
Trainable params: 6,851
Non-trainable params: 60
____________________________________________________________________________________________________
____________________________________________________________________________________________________
Layer (type)                     Output Shape          Param #     Connected to                     
====================================================================================================
Generator_Input (InputLayer)     (None, 20)            0                                            
____________________________________________________________________________________________________
gen_repeate_vec (RepeatVector)   (None, 15, 20)        0           Generator_Input[0][0]            
____________________________________________________________________________________________________
gen_LSTM (LSTM)                  (None, 15, 38)        8968        gen_repeate_vec[0][0]            
____________________________________________________________________________________________________
dropout_1 (Dropout)              (None, 15, 38)        0           gen_LSTM[0][0]                   
____________________________________________________________________________________________________
gen_conv0 (Conv1D)               (None, 15, 20)        1540        dropout_1[0][0]                  
____________________________________________________________________________________________________
gen_conv1 (Conv1D)               (None, 15, 10)        1150        dropout_1[0][0]                  
____________________________________________________________________________________________________
leaky_re_lu_3 (LeakyReLU)        (None, 15, 20)        0           gen_conv0[0][0]                  
____________________________________________________________________________________________________
leaky_re_lu_4 (LeakyReLU)        (None, 15, 10)        0           gen_conv1[0][0]                  
____________________________________________________________________________________________________
gen_dropout0 (Dropout)           (None, 15, 20)        0           leaky_re_lu_3[0][0]              
____________________________________________________________________________________________________
gen_dropout1 (Dropout)           (None, 15, 10)        0           leaky_re_lu_4[0][0]              
____________________________________________________________________________________________________
concatenate_2 (Concatenate)      (None, 15, 30)        0           gen_dropout0[0][0]               
                                                                   gen_dropout1[0][0]               
____________________________________________________________________________________________________
decoder_end (TimeDistributed)    (None, 15, 38)        1178        concatenate_2[0][0]              
====================================================================================================
Total params: 12,836
Trainable params: 12,836
Non-trainable params: 0
____________________________________________________________________________________________________
_________________________________________________________________
Layer (type)                 Output Shape              Param #   
=================================================================
Generator (Model)            (None, 15, 38)            12836     
_________________________________________________________________
Discriminator (Model)        (None, 1)                 6911      
=================================================================
Total params: 19,747
Trainable params: 19,687
Non-trainable params: 60
_________________________________________________________________
Epoch is 0
Number of batches 174
Batch size: 128
domains_batch size:	(128, 15, 38)
generated domains shape:	(128, 15, 38)
training set shape	(128, 15, 38)
target shape (128, 1)
epoch 0	[ DISC	loss : 0.181892 ]	[ ADV	loss : 1.582833 ]
[0, 9, 16, 7, 36, 16, 5, 6, 30, 16, 9, 7, 23, 19, 24]	ipg9pef3pigwsx
[5, 23, 1, 14, 17, 11, 3, 31, 28, 11, 15, 4, 24, 17, 25]	ewanqkc41kodxqy
[4, 6, 25, 16, 23, 4, 6, 14, 16, 1, 28, 9, 23, 36, 25]	dfypwdfnpa1iw9y
[36, 33, 9, 15, 11, 37, 13, 0, 0, 0, 25, 18, 26, 4, 23]	96iok-myrzdw
[3, 32, 7, 7, 8, 34, 7, 4, 27, 15, 28, 28, 23, 8, 36]	c5ggh7gd0o11wh9
[17, 14, 16, 20, 25, 23, 9, 18, 6, 2, 9, 30, 16, 16, 9]	qnptywirfbi3ppi
[14, 7, 14, 14, 5, 6, 9, 6, 28, 26, 20, 30, 13, 20, 28]	ngnnefif1zt3mt1
[18, 8, 30, 2, 17, 19, 28, 6, 8, 15, 10, 19, 26, 24, 35]	rh3bqs1fhojszx8
[9, 12, 36, 17, 10, 0, 0, 13, 20, 7, 29, 16, 24, 5, 22]	il9qjmtg2pxev
[24, 6, 31, 32, 37, 12, 14, 9, 5, 14, 19, 8, 2, 5, 5]	xf45-lnienshbee
[29, 14, 7, 21, 34, 13, 3, 18, 33, 31, 0, 15, 28, 7, 16]	2ngu7mcr64o1gp
[20, 19, 13, 35, 19, 5, 12, 18, 15, 17, 23, 12, 25, 8, 29]	tsm8selroqwlyh2
[23, 13, 36, 28, 8, 32, 1, 19, 23, 6, 23, 8, 36, 24, 15]	wm91h5aswfwh9xo
[10, 15, 1, 15, 29, 3, 1, 1, 20, 10, 18, 11, 24, 36, 8]	joao2caatjrkx9h
[3, 14, 11, 32, 13, 9, 8, 1, 13, 4, 11, 9, 37, 1, 3]	cnk5mihamdki-ac
Epoch is 1
epoch 1	[ DISC	loss : 0.038364 ]	[ ADV	loss : 2.537025 ]
[14, 21, 37, 23, 22, 24, 6, 28, 18, 26, 13, 1, 0, 23, 23]	nu-wvxf1rzmaww
[27, 2, 31, 18, 28, 31, 2, 24, 17, 17, 12, 7, 6, 11, 0]	0b4r14bxqqlgfk
[19, 3, 32, 34, 11, 13, 14, 13, 27, 13, 9, 13, 13, 13, 13]	sc57kmnm0mimmmm
[15, 6, 36, 9, 25, 13, 28, 26, 24, 33, 24, 21, 36, 23, 17]	of9iym1zx6xu9wq
[7, 13, 17, 16, 16, 0, 32, 2, 0, 23, 0, 33, 0, 16, 0]	gmqpp5bw6p
[23, 5, 1, 0, 23, 13, 24, 14, 34, 7, 24, 34, 23, 14, 28]	weawmxn7gx7wn1
[0, 12, 0, 0, 16, 0, 23, 6, 0, 24, 5, 0, 25, 0, 19]	lpwfxeys
[36, 9, 14, 12, 34, 9, 24, 9, 5, 14, 5, 12, 2, 2, 14]	9inl7ixienelbbn
[28, 8, 19, 5, 13, 8, 13, 19, 8, 13, 24, 13, 8, 13, 1]	1hsemhmshmxmhma
[11, 22, 0, 6, 5, 31, 30, 33, 29, 0, 0, 5, 30, 16, 0]	kvfe4362e3p
[25, 1, 6, 8, 15, 13, 14, 13, 13, 4, 19, 8, 13, 13, 19]	yafhomnmmdshmms
[17, 8, 35, 34, 6, 23, 5, 7, 1, 23, 34, 0, 14, 0, 32]	qh87fwegaw7n5
[17, 18, 7, 36, 3, 0, 35, 0, 35, 1, 30, 16, 0, 16, 11]	qrg9c88a3ppk
[30, 24, 17, 5, 12, 13, 36, 21, 5, 1, 23, 4, 12, 13, 16]	3xqelm9ueawdlmp
[16, 34, 10, 12, 22, 9, 1, 0, 15, 0, 8, 7, 30, 36, 1]	p7jlviaohg39a
D loss too low, failure state. terminating...
