experiments/20171215-160721
____________________________________________________________________________________________________
Layer (type)                     Output Shape          Param #     Connected to                     
====================================================================================================
Discriminator_Input (InputLayer) (None, 15, 38)        0                                            
____________________________________________________________________________________________________
discr_conv0 (Conv1D)             (None, 15, 20)        1540        Discriminator_Input[0][0]        
____________________________________________________________________________________________________
discr_conv1 (Conv1D)             (None, 15, 10)        1150        Discriminator_Input[0][0]        
____________________________________________________________________________________________________
leaky_re_lu_1 (LeakyReLU)        (None, 15, 20)        0           discr_conv0[0][0]                
____________________________________________________________________________________________________
leaky_re_lu_2 (LeakyReLU)        (None, 15, 10)        0           discr_conv1[0][0]                
____________________________________________________________________________________________________
discr_dropout0 (Dropout)         (None, 15, 20)        0           leaky_re_lu_1[0][0]              
____________________________________________________________________________________________________
discr_dropout1 (Dropout)         (None, 15, 10)        0           leaky_re_lu_2[0][0]              
____________________________________________________________________________________________________
concatenate_1 (Concatenate)      (None, 15, 30)        0           discr_dropout0[0][0]             
                                                                   discr_dropout1[0][0]             
____________________________________________________________________________________________________
flatten_1 (Flatten)              (None, 450)           0           concatenate_1[0][0]              
____________________________________________________________________________________________________
dense_1 (Dense)                  (None, 1)             451         flatten_1[0][0]                  
====================================================================================================
Total params: 3,141
Trainable params: 3,141
Non-trainable params: 0
____________________________________________________________________________________________________
____________________________________________________________________________________________________
Layer (type)                     Output Shape          Param #     Connected to                     
====================================================================================================
Generator_Input (InputLayer)     (None, 38)            0                                            
____________________________________________________________________________________________________
gen_repeate_vec (RepeatVector)   (None, 15, 38)        0           Generator_Input[0][0]            
____________________________________________________________________________________________________
gen_LSTM (LSTM)                  (None, 15, 38)        11704       gen_repeate_vec[0][0]            
____________________________________________________________________________________________________
dropout_1 (Dropout)              (None, 15, 38)        0           gen_LSTM[0][0]                   
____________________________________________________________________________________________________
gen_conv0 (Conv1D)               (None, 15, 20)        1540        dropout_1[0][0]                  
____________________________________________________________________________________________________
gen_conv1 (Conv1D)               (None, 15, 10)        1150        dropout_1[0][0]                  
____________________________________________________________________________________________________
leaky_re_lu_3 (LeakyReLU)        (None, 15, 20)        0           gen_conv0[0][0]                  
____________________________________________________________________________________________________
leaky_re_lu_4 (LeakyReLU)        (None, 15, 10)        0           gen_conv1[0][0]                  
____________________________________________________________________________________________________
gen_dropout0 (Dropout)           (None, 15, 20)        0           leaky_re_lu_3[0][0]              
____________________________________________________________________________________________________
gen_dropout1 (Dropout)           (None, 15, 10)        0           leaky_re_lu_4[0][0]              
____________________________________________________________________________________________________
concatenate_2 (Concatenate)      (None, 15, 30)        0           gen_dropout0[0][0]               
                                                                   gen_dropout1[0][0]               
____________________________________________________________________________________________________
decoder_end (TimeDistributed)    (None, 15, 38)        1178        concatenate_2[0][0]              
====================================================================================================
Total params: 15,572
Trainable params: 15,572
Non-trainable params: 0
____________________________________________________________________________________________________
_________________________________________________________________
Layer (type)                 Output Shape              Param #   
=================================================================
Generator (Model)            (None, 15, 38)            15572     
_________________________________________________________________
Discriminator (Model)        (None, 1)                 3141      
=================================================================
Total params: 18,713
Trainable params: 18,713
Non-trainable params: 0
_________________________________________________________________
Epoch is 0
Number of batches 556
Batch size: 32
domains_batch size:	(32, 15, 38)
generated domains shape:	(32, 15, 38)
training set shape	(32, 15, 38)
target shape (32, 1)
epoch 0	mini-batch 549	[ DISC	loss : 0.696983 ]	[ ADV	loss : 1.307098 ]
[9, 9, 9, 9, 9, 9, 9, 9, 9, 9, 9, 9, 9, 9, 9]	iiiiiiiiiiiiiii
[7, 7, 9, 9, 9, 9, 9, 9, 9, 9, 9, 9, 9, 9, 9]	ggiiiiiiiiiiiii
[9, 9, 9, 9, 9, 9, 9, 9, 9, 9, 9, 9, 9, 9, 9]	iiiiiiiiiiiiiii
[2, 2, 2, 2, 2, 2, 2, 2, 2, 2, 2, 2, 2, 2, 2]	bbbbbbbbbbbbbbb
[7, 9, 9, 9, 9, 9, 9, 9, 9, 9, 9, 9, 9, 9, 9]	giiiiiiiiiiiiii
[2, 7, 7, 7, 7, 7, 7, 7, 7, 7, 7, 7, 7, 7, 7]	bgggggggggggggg
[9, 9, 9, 9, 9, 9, 9, 9, 9, 9, 9, 9, 9, 9, 9]	iiiiiiiiiiiiiii
[9, 9, 9, 9, 9, 9, 9, 9, 9, 9, 9, 9, 9, 9, 9]	iiiiiiiiiiiiiii
[9, 9, 9, 9, 9, 9, 9, 9, 9, 9, 9, 9, 9, 9, 9]	iiiiiiiiiiiiiii
[9, 9, 9, 9, 9, 9, 9, 9, 9, 9, 9, 9, 9, 9, 9]	iiiiiiiiiiiiiii
[9, 9, 9, 9, 9, 9, 9, 9, 9, 9, 9, 9, 9, 9, 9]	iiiiiiiiiiiiiii
[9, 9, 9, 9, 9, 9, 9, 9, 9, 9, 9, 9, 9, 9, 9]	iiiiiiiiiiiiiii
[19, 19, 19, 19, 19, 19, 19, 19, 19, 19, 19, 19, 19, 19, 19]	sssssssssssssss
[7, 7, 7, 7, 7, 7, 7, 7, 7, 7, 7, 7, 7, 7, 7]	ggggggggggggggg
[9, 9, 9, 9, 9, 9, 9, 9, 9, 9, 9, 9, 9, 9, 9]	iiiiiiiiiiiiiii
Epoch is 1
epoch 1	mini-batch 549	[ DISC	loss : 0.208537 ]	[ ADV	loss : 2.684291 ]
[25, 25, 25, 25, 25, 25, 25, 25, 25, 25, 19, 19, 25, 25, 25]	yyyyyyyyyyssyyy
[2, 2, 2, 2, 2, 2, 2, 2, 2, 2, 2, 2, 2, 2, 2]	bbbbbbbbbbbbbbb
[25, 18, 19, 19, 19, 19, 19, 19, 19, 19, 19, 19, 19, 19, 7]	yrssssssssssssg
[2, 2, 2, 2, 2, 2, 2, 2, 2, 2, 2, 2, 2, 2, 2]	bbbbbbbbbbbbbbb
[2, 2, 2, 2, 2, 2, 2, 2, 2, 2, 2, 2, 2, 2, 2]	bbbbbbbbbbbbbbb
[14, 2, 2, 2, 2, 2, 2, 2, 2, 2, 2, 2, 2, 2, 2]	nbbbbbbbbbbbbbb
[2, 2, 2, 2, 2, 2, 2, 2, 2, 2, 2, 2, 2, 2, 2]	bbbbbbbbbbbbbbb
[2, 2, 2, 2, 2, 2, 2, 25, 25, 25, 25, 25, 25, 25, 25]	bbbbbbbyyyyyyyy
[2, 2, 2, 2, 2, 2, 2, 2, 2, 2, 2, 2, 2, 2, 2]	bbbbbbbbbbbbbbb
[2, 2, 2, 2, 2, 2, 2, 2, 2, 2, 2, 2, 2, 2, 2]	bbbbbbbbbbbbbbb
[2, 2, 2, 2, 2, 2, 2, 2, 2, 2, 2, 2, 2, 2, 2]	bbbbbbbbbbbbbbb
[2, 2, 2, 2, 2, 2, 2, 2, 2, 2, 2, 2, 2, 2, 2]	bbbbbbbbbbbbbbb
[2, 2, 2, 2, 2, 2, 2, 2, 2, 2, 2, 2, 2, 2, 2]	bbbbbbbbbbbbbbb
[25, 25, 25, 8, 8, 8, 8, 25, 25, 25, 14, 14, 14, 14, 14]	yyyhhhhyyynnnnn
[2, 2, 2, 2, 2, 2, 2, 2, 2, 2, 2, 2, 2, 2, 2]	bbbbbbbbbbbbbbb
Epoch is 2
epoch 2	mini-batch 549	[ DISC	loss : 0.006129 ]	[ ADV	loss : 5.628139 ]
[3, 3, 3, 3, 3, 3, 3, 3, 3, 3, 3, 3, 3, 3, 3]	ccccccccccccccc
[3, 3, 3, 3, 3, 3, 3, 3, 3, 3, 3, 3, 3, 3, 3]	ccccccccccccccc
[3, 3, 3, 3, 3, 3, 3, 3, 3, 3, 3, 3, 3, 3, 3]	ccccccccccccccc
[3, 3, 3, 3, 3, 3, 3, 3, 3, 3, 3, 3, 3, 3, 3]	ccccccccccccccc
[3, 3, 3, 3, 3, 3, 3, 3, 3, 3, 3, 3, 3, 3, 3]	ccccccccccccccc
[3, 3, 3, 3, 3, 3, 3, 3, 3, 3, 3, 3, 3, 3, 3]	ccccccccccccccc
[3, 3, 3, 3, 3, 3, 3, 3, 3, 3, 3, 3, 3, 3, 3]	ccccccccccccccc
[3, 3, 3, 3, 3, 3, 3, 3, 3, 3, 3, 3, 3, 3, 3]	ccccccccccccccc
[3, 3, 3, 3, 3, 3, 3, 3, 3, 3, 3, 3, 3, 3, 3]	ccccccccccccccc
[3, 3, 3, 3, 3, 3, 3, 3, 3, 3, 3, 3, 3, 3, 3]	ccccccccccccccc
[3, 3, 3, 3, 3, 3, 3, 3, 3, 3, 3, 3, 3, 3, 3]	ccccccccccccccc
[3, 3, 3, 3, 3, 3, 3, 3, 3, 3, 3, 3, 3, 3, 3]	ccccccccccccccc
[3, 3, 3, 3, 3, 3, 3, 3, 3, 3, 3, 3, 3, 3, 3]	ccccccccccccccc
[3, 3, 3, 3, 3, 3, 3, 3, 3, 3, 3, 3, 3, 3, 3]	ccccccccccccccc
[3, 3, 3, 3, 3, 3, 3, 3, 3, 3, 3, 3, 3, 3, 3]	ccccccccccccccc
Epoch is 3
epoch 3	mini-batch 549	[ DISC	loss : 0.028975 ]	[ ADV	loss : 2.853491 ]
[1, 1, 1, 1, 1, 1, 1, 1, 1, 1, 1, 1, 1, 1, 1]	aaaaaaaaaaaaaaa
[1, 1, 1, 1, 1, 1, 1, 1, 1, 1, 1, 1, 1, 1, 1]	aaaaaaaaaaaaaaa
[1, 1, 1, 1, 1, 1, 8, 1, 1, 1, 1, 1, 1, 1, 8]	aaaaaahaaaaaaah
[1, 1, 1, 1, 1, 1, 1, 1, 1, 1, 1, 1, 1, 1, 1]	aaaaaaaaaaaaaaa
[1, 1, 1, 1, 1, 1, 1, 1, 1, 1, 1, 1, 1, 1, 1]	aaaaaaaaaaaaaaa
[1, 1, 1, 1, 1, 1, 1, 1, 1, 1, 1, 1, 1, 1, 1]	aaaaaaaaaaaaaaa
[1, 1, 1, 1, 8, 8, 8, 8, 8, 8, 8, 8, 8, 8, 8]	aaaahhhhhhhhhhh
[1, 1, 1, 1, 1, 1, 1, 1, 1, 1, 1, 1, 1, 1, 1]	aaaaaaaaaaaaaaa
[1, 1, 1, 1, 1, 1, 2, 2, 2, 2, 2, 2, 2, 2, 2]	aaaaaabbbbbbbbb
[1, 1, 1, 1, 1, 1, 1, 1, 1, 1, 1, 1, 1, 1, 1]	aaaaaaaaaaaaaaa
[1, 8, 8, 1, 8, 8, 8, 8, 8, 8, 8, 8, 8, 8, 8]	ahhahhhhhhhhhhh
[8, 8, 8, 8, 8, 8, 8, 8, 8, 8, 8, 8, 8, 8, 8]	hhhhhhhhhhhhhhh
[18, 8, 8, 19, 19, 8, 8, 8, 2, 2, 2, 2, 2, 2, 2]	rhhsshhhbbbbbbb
[1, 1, 1, 1, 1, 1, 1, 1, 1, 1, 1, 1, 1, 1, 1]	aaaaaaaaaaaaaaa
[1, 1, 1, 1, 1, 1, 1, 1, 1, 1, 1, 1, 1, 1, 1]	aaaaaaaaaaaaaaa
Epoch is 4
epoch 4	mini-batch 549	[ DISC	loss : 0.050673 ]	[ ADV	loss : 4.186868 ]
[19, 19, 19, 19, 19, 19, 19, 19, 19, 19, 19, 19, 19, 19, 19]	sssssssssssssss
[13, 25, 25, 25, 25, 25, 25, 25, 13, 13, 13, 25, 25, 25, 25]	myyyyyyymmmyyyy
[9, 9, 19, 19, 19, 19, 19, 19, 19, 19, 19, 19, 19, 19, 19]	iisssssssssssss
[19, 3, 5, 5, 5, 19, 19, 19, 19, 19, 19, 19, 19, 19, 19]	sceeessssssssss
[19, 19, 19, 19, 19, 19, 19, 19, 19, 19, 19, 19, 19, 19, 19]	sssssssssssssss
[19, 25, 25, 25, 25, 25, 25, 25, 25, 25, 25, 25, 25, 25, 25]	syyyyyyyyyyyyyy
[1, 25, 25, 25, 25, 19, 19, 19, 19, 19, 19, 19, 19, 19, 19]	ayyyyssssssssss
[14, 14, 14, 14, 14, 14, 14, 14, 14, 19, 19, 19, 19, 19, 19]	nnnnnnnnnssssss
[25, 25, 25, 19, 19, 19, 19, 19, 19, 19, 25, 25, 25, 25, 25]	yyysssssssyyyyy
[19, 19, 19, 19, 19, 19, 19, 19, 19, 19, 19, 19, 19, 19, 19]	sssssssssssssss
[1, 19, 19, 19, 19, 19, 19, 19, 19, 19, 19, 19, 19, 19, 19]	assssssssssssss
[18, 19, 19, 19, 19, 19, 19, 19, 19, 19, 19, 19, 19, 19, 19]	rssssssssssssss
[18, 19, 19, 19, 19, 19, 19, 19, 19, 19, 19, 19, 19, 19, 19]	rssssssssssssss
[25, 25, 19, 19, 25, 25, 25, 25, 25, 25, 25, 25, 25, 25, 25]	yyssyyyyyyyyyyy
[18, 18, 18, 18, 18, 18, 5, 5, 5, 18, 18, 18, 18, 18, 18]	rrrrrreeerrrrrr
Epoch is 5
epoch 5	mini-batch 549	[ DISC	loss : 0.015525 ]	[ ADV	loss : 3.775542 ]
[18, 5, 5, 5, 5, 5, 5, 5, 5, 5, 5, 5, 5, 5, 5]	reeeeeeeeeeeeee
[1, 1, 1, 1, 1, 1, 1, 1, 1, 1, 1, 1, 1, 1, 14]	aaaaaaaaaaaaaan
[14, 14, 14, 14, 14, 14, 14, 14, 14, 14, 14, 14, 14, 14, 19]	nnnnnnnnnnnnnns
[18, 9, 1, 14, 9, 9, 9, 9, 9, 9, 9, 9, 9, 9, 19]	rianiiiiiiiiiis
[5, 5, 5, 5, 5, 5, 5, 5, 5, 5, 5, 5, 5, 5, 19]	eeeeeeeeeeeeees
[5, 5, 5, 5, 5, 5, 5, 5, 5, 5, 5, 5, 5, 5, 37]	eeeeeeeeeeeeee-
[1, 14, 14, 14, 14, 14, 14, 14, 14, 14, 14, 14, 14, 14, 14]	annnnnnnnnnnnnn
[14, 14, 14, 14, 14, 14, 14, 14, 14, 14, 14, 14, 14, 14, 14]	nnnnnnnnnnnnnnn
[5, 5, 37, 5, 18, 18, 37, 37, 18, 18, 18, 5, 5, 18, 19]	ee-err--rrreers
[19, 19, 19, 19, 19, 19, 19, 19, 18, 18, 18, 18, 18, 18, 18]	ssssssssrrrrrrr
[3, 5, 5, 37, 37, 37, 37, 37, 37, 37, 37, 37, 37, 37, 13]	cee-----------m
[18, 18, 14, 14, 19, 19, 19, 19, 19, 19, 19, 19, 19, 19, 19]	rrnnsssssssssss
[19, 19, 19, 19, 19, 19, 19, 19, 19, 19, 19, 19, 19, 19, 19]	sssssssssssssss
[9, 9, 9, 1, 1, 1, 1, 1, 1, 1, 1, 1, 1, 1, 19]	iiiaaaaaaaaaaas
[9, 9, 9, 14, 14, 25, 25, 25, 25, 25, 25, 25, 25, 25, 25]	iiinnyyyyyyyyyy
Epoch is 6
epoch 6	mini-batch 549	[ DISC	loss : 0.003781 ]	[ ADV	loss : 5.524267 ]
[2, 2, 1, 1, 1, 1, 1, 1, 1, 1, 1, 1, 1, 1, 2]	bbaaaaaaaaaaaab
[1, 1, 1, 1, 1, 1, 1, 1, 1, 1, 1, 1, 1, 1, 1]	aaaaaaaaaaaaaaa
[1, 1, 1, 1, 1, 2, 2, 2, 2, 2, 2, 2, 2, 2, 2]	aaaaabbbbbbbbbb
[1, 1, 1, 1, 1, 1, 1, 1, 1, 1, 1, 1, 1, 1, 2]	aaaaaaaaaaaaaab
[1, 1, 1, 1, 1, 1, 1, 1, 1, 1, 1, 1, 1, 1, 2]	aaaaaaaaaaaaaab
[1, 1, 1, 1, 1, 1, 1, 1, 1, 1, 1, 1, 1, 1, 1]	aaaaaaaaaaaaaaa
[9, 9, 9, 13, 13, 9, 9, 9, 9, 9, 9, 9, 9, 9, 1]	iiimmiiiiiiiiia
[2, 13, 3, 3, 3, 3, 3, 3, 3, 3, 3, 3, 3, 3, 19]	bmccccccccccccs
[1, 1, 1, 1, 1, 1, 1, 1, 1, 1, 1, 1, 1, 1, 2]	aaaaaaaaaaaaaab
[37, 5, 5, 5, 5, 5, 5, 5, 5, 5, 5, 5, 5, 5, 19]	-eeeeeeeeeeeees
[1, 1, 1, 1, 1, 1, 1, 1, 1, 1, 1, 1, 1, 1, 2]	aaaaaaaaaaaaaab
[1, 1, 1, 1, 1, 1, 1, 1, 1, 1, 1, 1, 1, 1, 1]	aaaaaaaaaaaaaaa
[13, 13, 13, 18, 18, 13, 13, 13, 13, 13, 13, 13, 13, 13, 18]	mmmrrmmmmmmmmmr
[1, 2, 2, 2, 2, 2, 2, 2, 2, 2, 2, 2, 2, 2, 1]	abbbbbbbbbbbbba
[1, 1, 5, 5, 5, 5, 5, 5, 5, 5, 5, 5, 5, 5, 5]	aaeeeeeeeeeeeee
Epoch is 7
epoch 7	mini-batch 549	[ DISC	loss : 2.704347 ]	[ ADV	loss : 0.681456 ]
[6, 6, 6, 6, 6, 6, 6, 6, 6, 6, 6, 6, 6, 6, 6]	fffffffffffffff
[6, 6, 6, 6, 6, 6, 6, 6, 6, 6, 6, 6, 6, 6, 6]	fffffffffffffff
[9, 6, 6, 6, 6, 6, 6, 6, 6, 6, 6, 6, 6, 6, 6]	iffffffffffffff
[6, 6, 6, 6, 6, 6, 6, 6, 6, 6, 6, 6, 6, 6, 6]	fffffffffffffff
[6, 6, 6, 6, 6, 6, 6, 6, 6, 6, 6, 6, 6, 6, 6]	fffffffffffffff
[6, 6, 6, 6, 6, 6, 6, 6, 6, 6, 6, 6, 6, 6, 6]	fffffffffffffff
[9, 9, 6, 6, 6, 6, 6, 6, 6, 6, 6, 6, 6, 6, 6]	iifffffffffffff
[6, 6, 6, 6, 6, 6, 6, 6, 6, 6, 6, 6, 6, 6, 6]	fffffffffffffff
[6, 6, 6, 6, 6, 6, 6, 6, 6, 6, 6, 6, 6, 6, 6]	fffffffffffffff
[6, 6, 6, 6, 6, 6, 6, 6, 6, 6, 6, 6, 6, 6, 6]	fffffffffffffff
[6, 6, 6, 6, 6, 6, 6, 6, 6, 6, 6, 6, 6, 6, 6]	fffffffffffffff
[7, 2, 7, 7, 7, 7, 7, 7, 7, 7, 7, 7, 7, 7, 25]	gbggggggggggggy
[6, 6, 6, 6, 6, 6, 6, 6, 6, 6, 6, 6, 6, 6, 6]	fffffffffffffff
[6, 6, 6, 6, 6, 6, 6, 6, 6, 6, 6, 6, 6, 6, 6]	fffffffffffffff
[6, 6, 6, 6, 6, 6, 6, 6, 6, 6, 6, 6, 6, 6, 6]	fffffffffffffff
Epoch is 8
epoch 8	mini-batch 549	[ DISC	loss : 0.090665 ]	[ ADV	loss : 2.558354 ]
[9, 7, 7, 7, 7, 7, 7, 7, 7, 7, 7, 7, 7, 7, 7]	igggggggggggggg
[8, 8, 5, 5, 5, 5, 5, 18, 5, 5, 8, 18, 5, 5, 19]	hheeeeereehrees
[9, 1, 14, 14, 14, 14, 14, 14, 14, 14, 14, 14, 14, 14, 1]	iannnnnnnnnnnna
[8, 1, 8, 8, 8, 5, 5, 5, 8, 8, 8, 8, 8, 8, 25]	hahhheeehhhhhhy
[3, 9, 3, 3, 3, 3, 3, 3, 3, 3, 3, 3, 3, 3, 3]	ciccccccccccccc
[4, 18, 18, 18, 18, 18, 18, 18, 18, 18, 18, 18, 18, 18, 19]	drrrrrrrrrrrrrs
[4, 4, 4, 14, 14, 14, 14, 14, 14, 14, 14, 14, 14, 14, 1]	dddnnnnnnnnnnna
[9, 7, 7, 7, 7, 7, 7, 7, 7, 7, 7, 7, 7, 7, 7]	igggggggggggggg
[4, 4, 4, 4, 14, 14, 14, 4, 4, 4, 4, 4, 4, 4, 7]	ddddnnndddddddg
[8, 8, 9, 9, 9, 9, 9, 8, 9, 8, 9, 8, 9, 8, 7]	hhiiiiihihihihg
[19, 19, 4, 8, 8, 8, 8, 8, 8, 8, 25, 8, 8, 8, 8]	ssdhhhhhhhyhhhh
[9, 18, 18, 18, 18, 18, 18, 18, 18, 18, 18, 18, 18, 18, 18]	irrrrrrrrrrrrrr
[4, 4, 4, 4, 4, 4, 4, 4, 4, 4, 4, 4, 4, 4, 19]	dddddddddddddds
[4, 4, 4, 4, 4, 4, 4, 4, 4, 4, 4, 4, 4, 4, 4]	ddddddddddddddd
[4, 4, 4, 8, 8, 8, 8, 8, 8, 8, 8, 8, 8, 4, 4]	dddhhhhhhhhhhdd
Epoch is 9
epoch 9	mini-batch 549	[ DISC	loss : 0.907491 ]	[ ADV	loss : 3.216826 ]
[37, 9, 9, 18, 14, 9, 9, 18, 14, 9, 14, 14, 14, 9, 19]	-iirniirninnnis
[1, 5, 5, 14, 14, 1, 1, 1, 1, 14, 14, 14, 14, 14, 25]	aeennaaaannnnny
[9, 1, 25, 1, 1, 1, 1, 1, 1, 1, 1, 1, 1, 1, 25]	iayaaaaaaaaaaay
[1, 14, 1, 1, 1, 14, 14, 1, 14, 14, 14, 14, 14, 14, 1]	anaaannannnnnna
[4, 4, 4, 9, 9, 9, 5, 5, 5, 5, 5, 5, 5, 5, 19]	dddiiieeeeeeees
[5, 19, 19, 19, 19, 19, 19, 19, 19, 19, 19, 19, 19, 19, 19]	essssssssssssss
[4, 19, 4, 4, 20, 20, 20, 20, 20, 20, 20, 20, 20, 20, 25]	dsddtttttttttty
[9, 14, 7, 7, 7, 7, 7, 7, 7, 7, 7, 7, 7, 7, 7]	inggggggggggggg
[13, 4, 14, 1, 20, 14, 14, 14, 14, 1, 1, 1, 1, 1, 25]	mdnatnnnnaaaaay
[37, 37, 37, 14, 14, 14, 14, 14, 14, 14, 14, 14, 14, 14, 25]	---nnnnnnnnnnny
[13, 13, 19, 19, 19, 19, 19, 19, 19, 19, 19, 18, 19, 19, 19]	mmsssssssssrsss
[2, 20, 20, 20, 20, 20, 20, 20, 20, 20, 20, 20, 20, 20, 5]	bttttttttttttte
[9, 9, 9, 9, 9, 5, 5, 5, 5, 5, 5, 5, 5, 5, 19]	iiiiieeeeeeeees
[1, 1, 1, 1, 1, 5, 5, 20, 20, 20, 20, 20, 20, 20, 25]	aaaaaeettttttty
[13, 13, 8, 8, 8, 14, 8, 8, 14, 14, 14, 14, 14, 14, 1]	mmhhhnhhnnnnnna
Epoch is 10
epoch 10	mini-batch 549	[ DISC	loss : 0.030753 ]	[ ADV	loss : 2.803479 ]
[1, 1, 1, 1, 1, 1, 1, 1, 1, 1, 1, 1, 1, 1, 25]	aaaaaaaaaaaaaay
[18, 20, 20, 20, 1, 18, 1, 18, 8, 18, 18, 18, 18, 18, 18]	rtttararhrrrrrr
[3, 5, 5, 5, 5, 5, 1, 1, 1, 5, 5, 1, 5, 5, 19]	ceeeeeaaaeeaees
[20, 20, 20, 20, 20, 20, 20, 20, 20, 20, 20, 20, 20, 20, 20]	ttttttttttttttt
[1, 1, 1, 1, 1, 1, 1, 1, 1, 1, 1, 1, 1, 1, 19]	aaaaaaaaaaaaaas
[13, 13, 8, 1, 8, 1, 14, 1, 1, 1, 1, 1, 1, 1, 18]	mmhahanaaaaaaar
[20, 20, 20, 20, 20, 20, 20, 20, 20, 20, 20, 1, 20, 20, 18]	tttttttttttattr
[9, 1, 1, 1, 1, 1, 1, 1, 1, 1, 1, 1, 1, 1, 1]	iaaaaaaaaaaaaaa
[1, 14, 14, 9, 9, 9, 9, 7, 9, 7, 9, 7, 9, 9, 7]	anniiiigigigiig
[1, 5, 5, 1, 5, 5, 1, 5, 1, 1, 5, 1, 5, 1, 18]	aeeaeeaeaaeaear
[5, 1, 1, 1, 1, 1, 1, 1, 1, 1, 14, 1, 1, 1, 25]	eaaaaaaaaanaaay
[5, 5, 5, 5, 20, 5, 5, 5, 5, 5, 5, 5, 5, 5, 18]	eeeeteeeeeeeeer
[20, 20, 20, 20, 37, 37, 37, 37, 37, 37, 5, 37, 37, 14, 19]	tttt------e--ns
[3, 3, 18, 8, 8, 8, 8, 8, 8, 8, 8, 8, 8, 8, 8]	ccrhhhhhhhhhhhh
[1, 1, 1, 1, 1, 1, 1, 1, 1, 1, 1, 1, 1, 1, 1]	aaaaaaaaaaaaaaa
Epoch is 11
epoch 11	mini-batch 549	[ DISC	loss : 0.018047 ]	[ ADV	loss : 3.099943 ]
[5, 5, 18, 18, 18, 5, 5, 5, 5, 5, 2, 2, 2, 18, 5]	eerrreeeeebbbre
[25, 25, 8, 8, 9, 9, 9, 9, 9, 9, 9, 9, 9, 9, 9]	yyhhiiiiiiiiiii
[8, 5, 5, 20, 20, 20, 6, 6, 6, 6, 6, 6, 6, 6, 19]	heetttffffffffs
[6, 6, 9, 9, 6, 6, 6, 9, 6, 6, 6, 6, 6, 6, 18]	ffiifffiffffffr
[18, 37, 6, 6, 6, 6, 6, 6, 6, 6, 6, 6, 6, 6, 6]	r-fffffffffffff
[6, 6, 6, 6, 6, 6, 6, 6, 6, 6, 6, 6, 6, 6, 6]	fffffffffffffff
[6, 6, 6, 6, 6, 6, 6, 6, 6, 6, 6, 6, 6, 6, 18]	ffffffffffffffr
[19, 19, 14, 19, 19, 19, 19, 19, 6, 19, 6, 19, 6, 19, 6]	ssnsssssfsfsfsf
[6, 6, 6, 6, 9, 5, 5, 5, 5, 5, 5, 5, 5, 5, 19]	ffffieeeeeeeees
[3, 3, 3, 3, 3, 3, 3, 3, 5, 5, 5, 5, 5, 5, 5]	cccccccceeeeeee
[6, 6, 6, 6, 6, 6, 6, 5, 5, 5, 5, 5, 5, 5, 18]	fffffffeeeeeeer
[6, 9, 9, 6, 6, 6, 6, 6, 6, 6, 6, 6, 6, 6, 13]	fiifffffffffffm
[18, 18, 9, 9, 9, 18, 18, 18, 18, 18, 18, 18, 18, 18, 18]	rriiirrrrrrrrrr
[6, 6, 6, 6, 6, 6, 6, 6, 6, 6, 6, 6, 6, 6, 6]	fffffffffffffff
[6, 6, 6, 6, 6, 6, 6, 6, 6, 6, 6, 6, 6, 6, 6]	fffffffffffffff
Epoch is 12
epoch 12	mini-batch 549	[ DISC	loss : 0.045960 ]	[ ADV	loss : 2.959672 ]
[4, 9, 9, 8, 18, 3, 5, 5, 5, 5, 5, 5, 5, 5, 18]	diihrceeeeeeeer
[1, 13, 18, 18, 19, 18, 18, 1, 1, 1, 1, 1, 1, 1, 1]	amrrsrraaaaaaaa
[8, 8, 8, 19, 3, 19, 3, 19, 19, 19, 19, 19, 19, 19, 18]	hhhscscsssssssr
[1, 9, 9, 9, 9, 9, 9, 9, 9, 9, 9, 9, 9, 9, 18]	aiiiiiiiiiiiiir
[8, 8, 8, 8, 8, 8, 8, 2, 2, 2, 2, 2, 2, 2, 1]	hhhhhhhbbbbbbba
[1, 1, 1, 1, 1, 1, 1, 1, 1, 1, 1, 1, 1, 1, 2]	aaaaaaaaaaaaaab
[4, 4, 5, 5, 5, 5, 5, 5, 5, 5, 5, 5, 5, 5, 19]	ddeeeeeeeeeeees
[14, 14, 13, 14, 14, 14, 14, 14, 14, 14, 14, 13, 14, 14, 5]	nnmnnnnnnnnmnne
[14, 14, 4, 4, 4, 4, 5, 5, 5, 5, 5, 5, 5, 5, 5]	nnddddeeeeeeeee
[1, 8, 5, 5, 5, 5, 5, 5, 5, 5, 5, 5, 5, 5, 5]	aheeeeeeeeeeeee
[2, 18, 18, 2, 2, 2, 2, 2, 2, 2, 13, 13, 13, 13, 13]	brrbbbbbbbmmmmm
[9, 9, 7, 7, 7, 7, 7, 7, 7, 7, 7, 7, 7, 7, 19]	iiggggggggggggs
[2, 18, 1, 1, 1, 1, 1, 1, 1, 1, 1, 1, 1, 1, 1]	braaaaaaaaaaaaa
[5, 5, 5, 18, 18, 18, 18, 18, 18, 18, 18, 18, 18, 18, 4]	eeerrrrrrrrrrrd
[4, 4, 14, 14, 14, 14, 14, 14, 14, 14, 14, 14, 14, 14, 1]	ddnnnnnnnnnnnna
Epoch is 13
epoch 13	mini-batch 549	[ DISC	loss : 0.041243 ]	[ ADV	loss : 3.454754 ]
[22, 22, 22, 22, 22, 22, 22, 22, 22, 22, 22, 22, 22, 22, 22]	vvvvvvvvvvvvvvv
[22, 22, 22, 22, 22, 22, 22, 22, 22, 22, 22, 22, 22, 22, 22]	vvvvvvvvvvvvvvv
[1, 1, 13, 13, 13, 13, 13, 13, 13, 13, 13, 13, 13, 13, 13]	aammmmmmmmmmmmm
[13, 9, 14, 14, 14, 9, 9, 9, 14, 14, 9, 9, 9, 14, 1]	minnniiinniiina
[3, 3, 22, 22, 22, 22, 22, 22, 13, 13, 22, 22, 22, 22, 22]	ccvvvvvvmmvvvvv
[22, 22, 22, 22, 22, 22, 22, 22, 22, 22, 22, 22, 22, 22, 22]	vvvvvvvvvvvvvvv
[22, 22, 22, 22, 22, 22, 22, 22, 22, 22, 22, 22, 22, 22, 5]	vvvvvvvvvvvvvve
[22, 22, 22, 22, 22, 22, 22, 22, 22, 22, 22, 22, 22, 22, 22]	vvvvvvvvvvvvvvv
[22, 22, 22, 22, 22, 22, 22, 22, 22, 22, 22, 22, 22, 22, 22]	vvvvvvvvvvvvvvv
[22, 22, 22, 22, 22, 22, 22, 22, 22, 22, 22, 22, 22, 22, 22]	vvvvvvvvvvvvvvv
[22, 22, 22, 22, 13, 13, 22, 22, 22, 22, 22, 22, 22, 22, 19]	vvvvmmvvvvvvvvs
[22, 22, 22, 22, 22, 22, 22, 22, 22, 22, 22, 22, 22, 22, 22]	vvvvvvvvvvvvvvv
[22, 22, 22, 22, 22, 22, 22, 22, 22, 22, 22, 22, 22, 22, 22]	vvvvvvvvvvvvvvv
[22, 22, 22, 22, 22, 22, 22, 22, 22, 22, 22, 22, 22, 22, 22]	vvvvvvvvvvvvvvv
[22, 22, 22, 22, 22, 22, 22, 22, 22, 22, 22, 22, 22, 22, 22]	vvvvvvvvvvvvvvv
Epoch is 14
epoch 14	mini-batch 549	[ DISC	loss : 0.006956 ]	[ ADV	loss : 2.979445 ]
[20, 5, 20, 20, 20, 5, 5, 5, 5, 5, 5, 5, 5, 5, 19]	tettteeeeeeeees
[1, 20, 20, 20, 20, 20, 20, 20, 20, 20, 20, 6, 13, 6, 18]	attttttttttfmfr
[1, 5, 20, 20, 20, 5, 5, 5, 5, 5, 5, 5, 5, 5, 5]	aettteeeeeeeeee
[3, 3, 3, 3, 3, 3, 3, 3, 20, 20, 3, 3, 3, 3, 19]	ccccccccttccccs
[19, 9, 9, 7, 7, 7, 7, 7, 7, 5, 5, 5, 5, 5, 5]	siiggggggeeeeee
[25, 2, 1, 2, 25, 25, 25, 25, 13, 1, 14, 20, 20, 20, 20]	ybabyyyymantttt
[4, 3, 20, 3, 14, 4, 4, 4, 4, 37, 37, 37, 37, 37, 5]	dctcndddd-----e
[6, 8, 9, 8, 18, 18, 1, 2, 18, 37, 14, 2, 19, 18, 1]	fhihrrabr-nbsra
[25, 25, 25, 25, 3, 3, 3, 3, 3, 3, 3, 3, 3, 3, 19]	yyyyccccccccccs
[14, 5, 5, 5, 5, 18, 18, 18, 18, 18, 18, 18, 18, 18, 18]	neeeerrrrrrrrrr
[3, 5, 20, 20, 5, 20, 5, 37, 37, 37, 37, 37, 37, 37, 19]	cettete-------s
[20, 20, 7, 14, 14, 14, 14, 9, 9, 9, 9, 9, 14, 14, 1]	ttgnnnniiiiinna
[4, 4, 9, 9, 9, 18, 18, 9, 18, 18, 18, 9, 18, 18, 5]	ddiiirrirrrirre
[1, 9, 14, 5, 9, 5, 9, 18, 9, 9, 9, 9, 9, 9, 5]	aineieiriiiiiie
[6, 37, 9, 1, 1, 22, 1, 22, 22, 1, 2, 9, 2, 9, 18]	f-iaavavvabibir
Epoch is 15
epoch 15	mini-batch 549	[ DISC	loss : 0.011401 ]	[ ADV	loss : 2.792064 ]
[4, 13, 13, 4, 4, 4, 4, 4, 4, 4, 4, 4, 4, 4, 5]	dmmddddddddddde
[3, 19, 9, 9, 9, 9, 14, 14, 14, 9, 9, 9, 9, 9, 19]	csiiiinnniiiiis
[18, 18, 18, 18, 18, 18, 18, 18, 18, 18, 18, 18, 18, 18, 5]	rrrrrrrrrrrrrre
[18, 7, 7, 7, 7, 18, 18, 18, 18, 18, 18, 18, 18, 18, 19]	rggggrrrrrrrrrs
[9, 8, 8, 5, 9, 14, 5, 5, 14, 5, 14, 5, 14, 5, 19]	ihheineenenenes
[9, 1, 18, 18, 18, 1, 18, 9, 18, 9, 18, 1, 18, 9, 14]	iarrraririrarin
[20, 20, 20, 20, 20, 20, 20, 20, 20, 20, 20, 20, 20, 20, 3]	ttttttttttttttc
[20, 9, 9, 9, 9, 1, 1, 1, 9, 18, 18, 18, 9, 18, 5]	tiiiiaaairrrire
[1, 18, 1, 14, 1, 14, 1, 14, 1, 14, 1, 14, 1, 14, 1]	aranananananana
[1, 19, 9, 9, 9, 9, 9, 9, 9, 9, 9, 9, 5, 5, 5]	asiiiiiiiiiieee
[18, 1, 8, 8, 8, 8, 8, 8, 8, 8, 8, 8, 8, 8, 1]	rahhhhhhhhhhhha
[9, 14, 14, 14, 14, 14, 14, 14, 14, 14, 14, 14, 14, 14, 19]	innnnnnnnnnnnns
[4, 18, 18, 9, 1, 9, 1, 9, 9, 9, 9, 9, 9, 9, 18]	drriaiaiiiiiiir
[1, 9, 9, 9, 9, 9, 5, 5, 5, 5, 5, 5, 5, 5, 5]	aiiiiieeeeeeeee
[9, 9, 18, 18, 18, 9, 9, 9, 7, 7, 7, 7, 7, 7, 19]	iirrriiiggggggs
Epoch is 16
epoch 16	mini-batch 549	[ DISC	loss : 0.032932 ]	[ ADV	loss : 3.033511 ]
[1, 20, 19, 19, 19, 19, 19, 19, 19, 19, 19, 19, 19, 19, 20]	atsssssssssssst
[18, 18, 18, 18, 18, 18, 18, 18, 18, 18, 18, 18, 18, 18, 13]	rrrrrrrrrrrrrrm
[9, 9, 18, 9, 7, 9, 9, 9, 9, 9, 9, 9, 9, 9, 1]	iirigiiiiiiiiia
[25, 25, 22, 22, 22, 22, 22, 25, 18, 25, 18, 19, 18, 19, 18]	yyvvvvvyryrsrsr
[18, 18, 3, 18, 6, 6, 6, 9, 18, 18, 18, 18, 18, 18, 7]	rrcrfffirrrrrrg
[22, 22, 18, 18, 9, 9, 9, 9, 9, 18, 9, 9, 9, 9, 5]	vvrriiiiiriiiie
[19, 9, 9, 9, 9, 9, 9, 9, 9, 9, 9, 9, 9, 9, 9]	siiiiiiiiiiiiii
[5, 5, 5, 5, 5, 8, 9, 5, 9, 5, 9, 5, 14, 14, 8]	eeeeehieieiennh
[5, 5, 19, 19, 19, 19, 9, 9, 9, 9, 9, 9, 9, 9, 5]	eessssiiiiiiiie
[4, 18, 2, 19, 37, 37, 3, 3, 3, 3, 3, 3, 3, 3, 1]	drbs--cccccccca
[3, 3, 3, 3, 3, 3, 3, 3, 3, 3, 3, 3, 3, 3, 7]	ccccccccccccccg
[4, 4, 4, 4, 4, 5, 9, 4, 4, 9, 4, 4, 4, 9, 5]	dddddeiddidddie
[9, 9, 9, 9, 9, 9, 9, 9, 9, 9, 9, 9, 9, 9, 18]	iiiiiiiiiiiiiir
[37, 20, 20, 18, 18, 5, 5, 5, 5, 5, 5, 5, 5, 19, 5]	-ttrreeeeeeeese
[3, 3, 3, 3, 3, 3, 20, 3, 3, 3, 3, 3, 3, 3, 3]	cccccctcccccccc
Epoch is 17
epoch 17	mini-batch 549	[ DISC	loss : 0.007785 ]	[ ADV	loss : 3.202544 ]
[5, 18, 20, 18, 20, 20, 20, 20, 20, 5, 18, 20, 18, 20, 19]	ertrtttttertrts
[5, 5, 9, 9, 5, 5, 5, 5, 3, 5, 37, 37, 9, 9, 5]	eeiieeeece--iie
[20, 5, 8, 5, 8, 5, 5, 5, 8, 5, 5, 5, 5, 5, 5]	teheheeeheeeeee
[6, 6, 14, 14, 14, 14, 14, 14, 14, 14, 14, 14, 14, 14, 14]	ffnnnnnnnnnnnnn
[1, 1, 1, 1, 1, 1, 1, 1, 1, 1, 1, 1, 1, 1, 19]	aaaaaaaaaaaaaas
[20, 5, 5, 5, 5, 5, 5, 5, 5, 5, 5, 5, 5, 5, 5]	teeeeeeeeeeeeee
[19, 13, 18, 18, 1, 13, 18, 18, 1, 13, 18, 18, 1, 13, 18]	smrramrramrramr
[18, 5, 8, 8, 8, 5, 5, 5, 5, 5, 5, 3, 20, 9, 14]	rehhheeeeeectin
[5, 20, 20, 20, 20, 20, 20, 20, 20, 20, 20, 20, 20, 20, 19]	ettttttttttttts
[14, 9, 1, 9, 5, 5, 5, 5, 5, 5, 5, 5, 5, 5, 19]	niaieeeeeeeeees
[20, 20, 20, 5, 19, 7, 4, 4, 4, 5, 4, 4, 4, 4, 5]	tttesgdddedddde
[18, 5, 5, 5, 5, 5, 5, 5, 5, 5, 5, 5, 5, 5, 5]	reeeeeeeeeeeeee
[5, 5, 5, 20, 20, 18, 18, 9, 9, 9, 9, 9, 9, 9, 14]	eeettrriiiiiiin
[1, 1, 19, 19, 1, 1, 1, 22, 22, 19, 1, 19, 1, 19, 5]	aassaaavvsasase
[18, 2, 2, 2, 2, 2, 1, 14, 5, 5, 5, 5, 5, 14, 5]	rbbbbbaneeeeene
Epoch is 18
epoch 18	mini-batch 549	[ DISC	loss : 0.002770 ]	[ ADV	loss : 3.036463 ]
[4, 5, 5, 5, 5, 5, 5, 5, 5, 5, 5, 5, 5, 5, 5]	deeeeeeeeeeeeee
[1, 5, 5, 5, 5, 5, 5, 5, 5, 5, 5, 5, 5, 8, 5]	aeeeeeeeeeeeehe
[20, 19, 1, 1, 9, 9, 9, 14, 14, 14, 14, 14, 14, 14, 14]	tsaaiiinnnnnnnn
[4, 4, 4, 4, 4, 4, 4, 4, 4, 4, 4, 4, 4, 4, 18]	ddddddddddddddr
[3, 19, 3, 3, 3, 19, 3, 19, 3, 19, 3, 19, 3, 19, 14]	cscccscscscscsn
[5, 5, 5, 5, 5, 5, 5, 5, 5, 5, 5, 5, 5, 5, 7]	eeeeeeeeeeeeeeg
[20, 5, 5, 5, 5, 5, 5, 5, 5, 5, 5, 5, 5, 5, 5]	teeeeeeeeeeeeee
[1, 1, 1, 18, 1, 7, 1, 1, 1, 7, 1, 9, 1, 7, 1]	aaaragaaagaiaga
[9, 9, 5, 5, 5, 5, 5, 5, 5, 7, 5, 7, 5, 7, 19]	iieeeeeeegegegs
[20, 20, 20, 20, 5, 5, 5, 5, 20, 20, 20, 5, 5, 20, 18]	tttteeeettteetr
[18, 6, 6, 6, 6, 14, 5, 14, 5, 14, 5, 5, 5, 5, 5]	rffffneneneeeee
[14, 3, 4, 8, 8, 8, 8, 8, 8, 8, 8, 8, 8, 8, 4]	ncdhhhhhhhhhhhd
[8, 9, 5, 4, 4, 14, 4, 4, 4, 4, 4, 4, 25, 4, 25]	hieddnddddddydy
[18, 20, 7, 7, 7, 7, 7, 7, 7, 7, 7, 7, 7, 9, 19]	rtgggggggggggis
[18, 7, 18, 18, 7, 7, 7, 7, 7, 7, 7, 7, 7, 7, 1]	rgrrgggggggggga
Epoch is 19
epoch 19	mini-batch 549	[ DISC	loss : 0.004078 ]	[ ADV	loss : 3.817508 ]
[8, 5, 5, 5, 5, 5, 18, 5, 5, 5, 5, 5, 5, 5, 19]	heeeeereeeeeees
[25, 25, 25, 13, 13, 18, 18, 18, 18, 18, 18, 18, 18, 18, 13]	yyymmrrrrrrrrrm
[18, 13, 5, 5, 5, 5, 5, 5, 5, 5, 5, 5, 5, 5, 5]	rmeeeeeeeeeeeee
[19, 9, 9, 9, 9, 4, 7, 4, 9, 9, 9, 7, 4, 9, 19]	siiiidgdiiigdis
[19, 4, 19, 5, 19, 19, 19, 19, 20, 19, 19, 19, 19, 19, 3]	sdsesssstsssssc
[18, 18, 3, 3, 3, 3, 3, 3, 18, 18, 18, 18, 18, 3, 19]	rrccccccrrrrrcs
[4, 13, 8, 18, 18, 18, 18, 18, 18, 18, 18, 18, 18, 18, 5]	dmhrrrrrrrrrrre
[1, 13, 13, 18, 13, 13, 14, 5, 5, 5, 5, 5, 5, 5, 19]	ammrmmneeeeeees
[19, 5, 19, 18, 5, 18, 18, 5, 18, 18, 18, 18, 18, 18, 4]	sesrerrerrrrrrd
[4, 5, 5, 5, 5, 5, 5, 5, 5, 5, 5, 5, 5, 5, 5]	deeeeeeeeeeeeee
[1, 1, 18, 1, 18, 18, 18, 18, 18, 18, 18, 18, 18, 18, 13]	aararrrrrrrrrrm
[4, 4, 18, 18, 18, 18, 18, 18, 5, 5, 5, 5, 5, 5, 5]	ddrrrrrreeeeeee
[9, 5, 5, 5, 5, 5, 5, 5, 5, 5, 5, 5, 5, 5, 19]	ieeeeeeeeeeeees
[9, 9, 20, 20, 5, 5, 5, 5, 5, 19, 5, 5, 20, 20, 3]	iitteeeeeseettc
[3, 18, 18, 14, 14, 18, 18, 18, 14, 8, 8, 8, 1, 8, 19]	crrnnrrrnhhhahs
Epoch is 20
epoch 20	mini-batch 549	[ DISC	loss : 0.007164 ]	[ ADV	loss : 4.091477 ]
[9, 9, 8, 18, 18, 18, 18, 18, 18, 18, 18, 18, 18, 18, 1]	iihrrrrrrrrrrra
[14, 22, 18, 9, 1, 19, 1, 19, 5, 5, 5, 7, 5, 7, 9]	nvriasaseeegegi
[18, 18, 9, 9, 9, 18, 7, 9, 9, 18, 9, 9, 9, 9, 19]	rriiirgiiriiiis
[9, 9, 9, 9, 9, 9, 9, 9, 9, 9, 9, 9, 9, 9, 5]	iiiiiiiiiiiiiie
[4, 3, 20, 20, 5, 20, 20, 20, 20, 20, 20, 20, 20, 20, 19]	dcttettttttttts
[4, 18, 18, 7, 5, 5, 18, 7, 5, 5, 5, 18, 7, 5, 14]	drrgeergeeergen
[9, 9, 9, 9, 5, 5, 7, 5, 5, 5, 5, 5, 5, 5, 7]	iiiieegeeeeeeeg
[9, 18, 8, 8, 8, 8, 8, 8, 8, 8, 8, 8, 8, 8, 19]	irhhhhhhhhhhhhs
[3, 4, 3, 3, 3, 3, 3, 3, 3, 3, 3, 3, 3, 3, 1]	cdcccccccccccca
[20, 9, 9, 9, 19, 19, 19, 19, 19, 19, 19, 19, 19, 19, 5]	tiiisssssssssse
[20, 18, 9, 18, 7, 7, 7, 7, 7, 7, 7, 7, 7, 7, 19]	trirggggggggggs
[18, 5, 5, 18, 14, 3, 3, 9, 3, 3, 3, 3, 3, 3, 3]	reerncciccccccc
[13, 7, 9, 9, 9, 9, 9, 20, 9, 25, 25, 25, 25, 25, 25]	mgiiiiitiyyyyyy
[1, 1, 13, 13, 1, 13, 1, 13, 1, 13, 13, 13, 13, 1, 19]	aammamamammmmas
[6, 18, 14, 14, 9, 20, 18, 14, 18, 18, 18, 20, 18, 18, 14]	frnnitrnrrrtrrn
Epoch is 21
epoch 21	mini-batch 549	[ DISC	loss : 14.283367 ]	[ ADV	loss : 0.327181 ]
[21, 21, 21, 21, 21, 21, 21, 21, 21, 21, 21, 21, 21, 21, 21]	uuuuuuuuuuuuuuu
[21, 21, 21, 21, 21, 21, 21, 21, 21, 21, 21, 21, 21, 21, 25]	uuuuuuuuuuuuuuy
[4, 5, 18, 5, 9, 9, 9, 9, 9, 9, 9, 9, 9, 9, 18]	dereiiiiiiiiiir
[20, 2, 2, 18, 13, 21, 21, 21, 21, 21, 21, 21, 21, 21, 18]	tbbrmuuuuuuuuur
[21, 21, 21, 21, 21, 21, 21, 21, 21, 21, 21, 21, 21, 21, 21]	uuuuuuuuuuuuuuu
[21, 18, 25, 21, 25, 25, 25, 25, 25, 25, 25, 25, 25, 25, 25]	uryuyyyyyyyyyyy
[21, 1, 1, 1, 1, 2, 1, 1, 1, 1, 1, 1, 1, 1, 18]	uaaaabaaaaaaaar
[21, 21, 21, 21, 21, 21, 21, 21, 21, 21, 21, 21, 21, 21, 21]	uuuuuuuuuuuuuuu
[21, 21, 21, 21, 21, 21, 21, 21, 21, 21, 21, 21, 21, 21, 25]	uuuuuuuuuuuuuuy
[21, 21, 21, 21, 21, 21, 21, 21, 21, 21, 21, 21, 21, 21, 21]	uuuuuuuuuuuuuuu
[9, 20, 7, 20, 7, 14, 7, 14, 7, 14, 25, 25, 25, 25, 25]	itgtgngngnyyyyy
[21, 21, 21, 21, 21, 21, 21, 21, 21, 21, 21, 21, 21, 21, 21]	uuuuuuuuuuuuuuu
[21, 21, 21, 21, 21, 21, 21, 21, 21, 21, 21, 21, 21, 21, 21]	uuuuuuuuuuuuuuu
[21, 14, 18, 14, 18, 18, 9, 14, 21, 2, 21, 2, 21, 21, 4]	unrnrrinububuud
[21, 21, 21, 21, 21, 21, 21, 21, 21, 21, 21, 21, 21, 21, 21]	uuuuuuuuuuuuuuu
Epoch is 22
epoch 22	mini-batch 549	[ DISC	loss : 0.082218 ]	[ ADV	loss : 4.112131 ]
[21, 21, 21, 21, 21, 21, 21, 21, 21, 21, 21, 21, 21, 21, 21]	uuuuuuuuuuuuuuu
[21, 21, 21, 21, 21, 21, 21, 21, 21, 3, 3, 21, 21, 21, 21]	uuuuuuuuuccuuuu
[21, 21, 21, 21, 21, 21, 21, 21, 21, 21, 21, 21, 21, 21, 19]	uuuuuuuuuuuuuus
[2, 21, 21, 21, 21, 21, 21, 21, 21, 21, 21, 21, 21, 21, 21]	buuuuuuuuuuuuuu
[21, 21, 21, 21, 21, 21, 21, 21, 21, 21, 21, 21, 21, 21, 21]	uuuuuuuuuuuuuuu
[21, 19, 21, 19, 19, 19, 19, 19, 19, 19, 19, 19, 19, 19, 5]	usussssssssssse
[21, 21, 21, 21, 21, 21, 21, 21, 21, 21, 21, 21, 21, 21, 19]	uuuuuuuuuuuuuus
[21, 21, 21, 21, 21, 21, 21, 21, 21, 21, 21, 21, 21, 21, 19]	uuuuuuuuuuuuuus
[21, 21, 21, 21, 21, 21, 21, 21, 21, 21, 21, 21, 21, 21, 21]	uuuuuuuuuuuuuuu
[21, 21, 21, 21, 21, 21, 21, 21, 21, 21, 21, 21, 21, 21, 19]	uuuuuuuuuuuuuus
[21, 21, 21, 21, 21, 21, 21, 21, 21, 21, 21, 21, 21, 21, 21]	uuuuuuuuuuuuuuu
[21, 21, 19, 21, 21, 19, 21, 21, 21, 21, 21, 21, 21, 21, 3]	uusuusuuuuuuuuc
[19, 19, 21, 21, 21, 21, 21, 21, 21, 21, 21, 21, 21, 21, 21]	ssuuuuuuuuuuuuu
[9, 21, 21, 21, 21, 19, 19, 21, 21, 21, 21, 19, 19, 21, 5]	iuuuussuuuussue
[21, 21, 21, 21, 21, 21, 21, 21, 21, 21, 21, 21, 21, 21, 21]	uuuuuuuuuuuuuuu
Epoch is 23
epoch 23	mini-batch 549	[ DISC	loss : 0.046943 ]	[ ADV	loss : 3.516870 ]
[8, 8, 8, 13, 8, 8, 8, 8, 8, 8, 8, 8, 8, 8, 9]	hhhmhhhhhhhhhhi
[1, 5, 4, 4, 9, 4, 4, 4, 4, 4, 4, 9, 4, 20, 19]	aeddiddddddidts
[9, 9, 9, 9, 9, 1, 20, 20, 20, 20, 20, 20, 20, 20, 19]	iiiiiatttttttts
[21, 21, 3, 3, 4, 4, 4, 4, 4, 4, 4, 4, 4, 4, 5]	uuccdddddddddde
[5, 18, 4, 13, 13, 13, 1, 1, 1, 1, 1, 1, 1, 1, 25]	erdmmmaaaaaaaay
[9, 9, 3, 9, 20, 20, 20, 20, 20, 20, 20, 20, 20, 20, 19]	iicitttttttttts
[4, 21, 21, 5, 5, 5, 5, 5, 5, 5, 5, 5, 5, 5, 19]	duueeeeeeeeeees
[1, 8, 6, 6, 6, 6, 6, 6, 6, 6, 6, 6, 6, 6, 5]	ahffffffffffffe
[5, 4, 5, 4, 4, 5, 5, 14, 5, 5, 4, 5, 4, 5, 14]	ededdeeneededen
[4, 4, 4, 4, 4, 4, 4, 4, 4, 4, 4, 4, 4, 4, 5]	dddddddddddddde
[13, 18, 1, 18, 1, 18, 1, 13, 1, 13, 13, 13, 13, 13, 1]	mrararamammmmma
[4, 3, 4, 20, 4, 4, 4, 4, 4, 4, 4, 4, 4, 4, 25]	dcdtddddddddddy
[1, 21, 21, 21, 21, 21, 21, 21, 21, 21, 21, 21, 21, 21, 14]	auuuuuuuuuuuuun
[9, 8, 18, 20, 9, 13, 20, 20, 9, 9, 9, 9, 9, 9, 19]	ihrtimttiiiiiis
[9, 18, 4, 4, 4, 4, 4, 4, 4, 4, 4, 4, 4, 4, 20]	irddddddddddddt
Epoch is 24
epoch 24	mini-batch 549	[ DISC	loss : 0.080310 ]	[ ADV	loss : 2.681294 ]
[4, 5, 14, 14, 14, 14, 14, 14, 14, 14, 14, 14, 14, 14, 14]	dennnnnnnnnnnnn
[6, 18, 18, 18, 18, 9, 9, 18, 18, 18, 18, 18, 18, 18, 19]	frrrriirrrrrrrs
[14, 14, 14, 2, 14, 14, 14, 14, 14, 14, 14, 14, 14, 14, 5]	nnnbnnnnnnnnnne
[18, 12, 12, 12, 12, 12, 12, 12, 12, 12, 12, 12, 12, 12, 25]	rllllllllllllly
[14, 14, 14, 14, 14, 14, 14, 14, 14, 14, 14, 14, 14, 14, 12]	nnnnnnnnnnnnnnl
[4, 18, 18, 14, 18, 18, 18, 18, 18, 18, 18, 18, 18, 18, 19]	drrnrrrrrrrrrrs
[14, 14, 14, 14, 14, 14, 14, 14, 14, 14, 14, 14, 14, 14, 14]	nnnnnnnnnnnnnnn
[12, 9, 9, 9, 14, 14, 14, 14, 14, 14, 14, 14, 14, 14, 25]	liiinnnnnnnnnny
[9, 18, 9, 7, 7, 7, 7, 7, 7, 7, 7, 7, 7, 7, 19]	irigggggggggggs
[13, 9, 18, 18, 18, 18, 18, 18, 18, 18, 18, 18, 18, 18, 25]	mirrrrrrrrrrrry
[2, 2, 2, 2, 13, 2, 2, 2, 1, 2, 1, 2, 13, 2, 9]	bbbbmbbbababmbi
[12, 14, 14, 14, 14, 14, 14, 14, 14, 14, 14, 14, 14, 14, 5]	lnnnnnnnnnnnnne
[18, 18, 18, 18, 18, 18, 18, 18, 18, 18, 18, 18, 18, 18, 1]	rrrrrrrrrrrrrra
[12, 14, 14, 14, 14, 14, 14, 14, 14, 14, 12, 12, 12, 12, 25]	lnnnnnnnnnlllly
[14, 2, 18, 14, 18, 14, 18, 18, 18, 9, 18, 9, 18, 9, 25]	nbrnrnrrriririy
Epoch is 25
epoch 25	mini-batch 549	[ DISC	loss : 0.027508 ]	[ ADV	loss : 2.317920 ]
[7, 1, 13, 1, 9, 1, 9, 9, 1, 1, 1, 9, 9, 1, 25]	gamaiaiiaaaiiay
[12, 1, 8, 5, 20, 20, 20, 20, 20, 20, 20, 20, 20, 20, 5]	lahetttttttttte
[19, 19, 19, 1, 19, 1, 19, 1, 19, 1, 19, 1, 1, 1, 1]	sssasasasasaaaa
[1, 20, 20, 20, 20, 20, 20, 20, 20, 20, 20, 20, 20, 20, 9]	attttttttttttti
[1, 8, 20, 20, 5, 12, 12, 12, 12, 12, 12, 12, 12, 1, 19]	ahttellllllllas
[1, 1, 1, 1, 1, 1, 1, 1, 1, 1, 1, 1, 1, 1, 13]	aaaaaaaaaaaaaam
[4, 4, 20, 20, 20, 20, 20, 20, 20, 20, 20, 20, 20, 20, 19]	ddtttttttttttts
[14, 1, 18, 19, 19, 18, 19, 18, 19, 18, 19, 18, 18, 18, 5]	narssrsrsrsrrre
[9, 12, 9, 9, 9, 9, 9, 9, 1, 1, 1, 1, 1, 1, 18]	iliiiiiiaaaaaar
[1, 7, 2, 1, 2, 9, 2, 9, 19, 2, 2, 9, 19, 9, 7]	agbabibisbbisig
[5, 1, 1, 4, 4, 4, 5, 9, 4, 4, 4, 5, 1, 4, 5]	eaadddeidddeade
[1, 18, 3, 1, 20, 5, 20, 20, 20, 20, 20, 20, 20, 20, 18]	arcatettttttttr
[1, 1, 1, 20, 20, 20, 20, 4, 4, 4, 4, 4, 1, 1, 25]	aaattttdddddaay
[5, 20, 20, 20, 20, 20, 20, 20, 20, 20, 20, 5, 20, 5, 5]	ettttttttttetee
[5, 12, 12, 3, 3, 3, 3, 3, 3, 3, 3, 3, 3, 3, 1]	ellccccccccccca
Epoch is 26
epoch 26	mini-batch 549	[ DISC	loss : 0.013393 ]	[ ADV	loss : 2.620999 ]
[37, 37, 3, 5, 20, 3, 3, 3, 20, 3, 3, 3, 3, 3, 25]	--cetccctcccccy
[9, 5, 5, 5, 5, 5, 5, 5, 5, 5, 5, 5, 5, 5, 5]	ieeeeeeeeeeeeee
[1, 1, 1, 1, 1, 1, 1, 1, 1, 1, 1, 1, 1, 1, 25]	aaaaaaaaaaaaaay
[19, 1, 1, 19, 1, 19, 1, 19, 1, 19, 1, 19, 1, 19, 19]	saasasasasasass
[13, 13, 3, 20, 20, 20, 20, 18, 18, 18, 18, 18, 20, 20, 25]	mmcttttrrrrrtty
[12, 2, 2, 5, 2, 2, 2, 2, 2, 2, 2, 2, 2, 2, 1]	lbbebbbbbbbbbba
[8, 8, 5, 9, 6, 5, 5, 5, 5, 5, 5, 5, 5, 5, 25]	hheifeeeeeeeeey
[1, 18, 12, 9, 13, 5, 13, 12, 8, 12, 12, 9, 12, 9, 14]	arlimemlhllilin
[9, 18, 9, 12, 19, 1, 1, 1, 5, 18, 18, 18, 18, 18, 19]	irilsaaaerrrrrs
[1, 4, 22, 22, 22, 22, 2, 8, 8, 8, 4, 18, 18, 4, 1]	advvvvbhhhdrrda
[12, 5, 1, 5, 5, 5, 5, 5, 5, 5, 5, 5, 5, 5, 5]	leaeeeeeeeeeeee
[19, 18, 19, 19, 18, 18, 18, 19, 19, 18, 18, 18, 19, 19, 8]	srssrrrssrrrssh
[1, 13, 13, 8, 8, 8, 8, 8, 8, 8, 8, 8, 8, 8, 18]	ammhhhhhhhhhhhr
[1, 13, 19, 12, 12, 12, 12, 12, 12, 12, 12, 12, 12, 12, 8]	amslllllllllllh
[13, 3, 18, 18, 18, 18, 3, 3, 3, 18, 3, 18, 3, 18, 5]	mcrrrrcccrcrcre
Epoch is 27
epoch 27	mini-batch 549	[ DISC	loss : 0.025549 ]	[ ADV	loss : 2.844521 ]
[20, 5, 5, 5, 14, 12, 12, 5, 12, 18, 12, 5, 14, 18, 3]	teeenllelrlenrc
[1, 19, 1, 1, 1, 19, 1, 19, 1, 19, 1, 19, 1, 19, 1]	asaaasasasasasa
[18, 7, 2, 7, 2, 9, 2, 7, 7, 2, 9, 2, 7, 7, 9]	rgbgbibggbibggi
[5, 5, 18, 5, 18, 19, 3, 1, 1, 18, 3, 3, 3, 1, 19]	eererscaarcccas
[1, 19, 1, 19, 1, 1, 1, 19, 1, 1, 1, 1, 1, 1, 1]	asasaaasaaaaaaa
[14, 5, 5, 5, 5, 5, 5, 5, 5, 5, 5, 5, 5, 5, 19]	neeeeeeeeeeeees
[1, 20, 20, 12, 21, 21, 9, 9, 9, 20, 20, 20, 9, 20, 19]	attluuiiitttits
[8, 20, 5, 5, 5, 5, 5, 5, 5, 5, 5, 5, 5, 5, 19]	hteeeeeeeeeeees
[9, 1, 1, 1, 1, 1, 18, 18, 18, 18, 1, 1, 1, 18, 14]	iaaaaarrrraaarn
[1, 1, 9, 1, 1, 20, 20, 5, 19, 1, 19, 9, 19, 9, 19]	aaiaattesasisis
[19, 1, 1, 8, 5, 18, 5, 18, 21, 5, 14, 5, 21, 5, 7]	saahererueneueg
[18, 1, 2, 2, 1, 19, 1, 1, 1, 2, 1, 1, 2, 2, 9]	rabbasaaabaabbi
[25, 1, 19, 19, 19, 1, 1, 1, 1, 1, 1, 1, 1, 1, 20]	yasssaaaaaaaaat
[4, 4, 21, 21, 21, 21, 21, 21, 21, 21, 21, 21, 21, 21, 19]	dduuuuuuuuuuuus
[9, 5, 5, 5, 5, 5, 5, 5, 5, 5, 5, 5, 5, 5, 5]	ieeeeeeeeeeeeee
Epoch is 28
epoch 28	mini-batch 549	[ DISC	loss : 9.976740 ]	[ ADV	loss : 1.081997 ]
[11, 11, 11, 7, 7, 7, 7, 7, 7, 7, 7, 7, 7, 7, 7]	kkkgggggggggggg
[11, 11, 11, 11, 11, 11, 11, 11, 11, 11, 11, 11, 11, 11, 4]	kkkkkkkkkkkkkkd
[11, 11, 11, 11, 11, 11, 11, 11, 11, 11, 11, 11, 11, 11, 11]	kkkkkkkkkkkkkkk
[11, 11, 11, 11, 11, 11, 11, 11, 11, 11, 11, 11, 11, 11, 25]	kkkkkkkkkkkkkky
[11, 11, 5, 5, 5, 5, 5, 5, 5, 5, 5, 5, 5, 5, 19]	kkeeeeeeeeeeees
[11, 11, 11, 11, 11, 11, 11, 11, 11, 11, 11, 11, 11, 11, 11]	kkkkkkkkkkkkkkk
[11, 11, 11, 11, 11, 11, 11, 11, 11, 11, 11, 11, 11, 11, 19]	kkkkkkkkkkkkkks
[11, 11, 11, 11, 11, 11, 11, 11, 11, 11, 11, 11, 11, 11, 11]	kkkkkkkkkkkkkkk
[11, 11, 11, 11, 11, 11, 11, 11, 11, 11, 11, 11, 11, 11, 11]	kkkkkkkkkkkkkkk
[5, 9, 11, 11, 5, 11, 9, 11, 5, 5, 9, 11, 5, 5, 19]	eikkekikeeikees
[11, 11, 3, 14, 12, 12, 12, 9, 12, 9, 12, 12, 11, 11, 20]	kkcnlllilillkkt
[11, 11, 11, 11, 11, 11, 11, 11, 11, 11, 11, 11, 11, 11, 11]	kkkkkkkkkkkkkkk
[11, 11, 11, 11, 11, 11, 11, 11, 11, 11, 11, 11, 11, 11, 11]	kkkkkkkkkkkkkkk
[11, 11, 11, 11, 11, 11, 11, 11, 11, 11, 11, 11, 11, 11, 11]	kkkkkkkkkkkkkkk
[11, 11, 11, 11, 11, 11, 2, 2, 2, 2, 2, 2, 2, 2, 2]	kkkkkkbbbbbbbbb
Epoch is 29
epoch 29	mini-batch 549	[ DISC	loss : 0.069076 ]	[ ADV	loss : 2.482220 ]
[11, 11, 11, 11, 11, 11, 11, 11, 11, 11, 11, 11, 11, 11, 11]	kkkkkkkkkkkkkkk
[14, 9, 1, 7, 1, 4, 9, 7, 1, 1, 1, 13, 7, 1, 7]	niagadigaaamgag
[4, 4, 5, 5, 5, 5, 5, 5, 5, 5, 5, 5, 5, 5, 19]	ddeeeeeeeeeeees
[1, 19, 5, 19, 1, 19, 1, 19, 1, 19, 1, 19, 1, 19, 1]	asesasasasasasa
[6, 6, 6, 6, 6, 6, 6, 6, 6, 6, 6, 1, 1, 1, 19]	fffffffffffaaas
[5, 3, 3, 3, 3, 5, 5, 5, 5, 5, 5, 5, 5, 5, 7]	ecccceeeeeeeeeg
[1, 37, 5, 18, 7, 1, 18, 9, 5, 5, 5, 5, 18, 18, 20]	a-ergarieeeerrt
[4, 9, 4, 9, 4, 9, 4, 9, 4, 9, 4, 9, 4, 9, 1]	dididididididia
[11, 8, 8, 8, 8, 8, 8, 8, 8, 8, 8, 8, 8, 8, 1]	khhhhhhhhhhhhha
[9, 5, 20, 5, 5, 5, 5, 5, 5, 5, 5, 5, 5, 5, 14]	ieteeeeeeeeeeen
[11, 11, 11, 11, 11, 11, 11, 11, 11, 11, 11, 11, 11, 11, 18]	kkkkkkkkkkkkkkr
[18, 11, 11, 5, 11, 11, 37, 37, 37, 37, 5, 11, 5, 11, 2]	rkkekk----ekekb
[9, 25, 11, 11, 9, 11, 5, 11, 5, 11, 11, 11, 5, 11, 5]	iykkikekekkkeke
[1, 25, 25, 25, 25, 25, 25, 25, 25, 25, 25, 25, 25, 25, 25]	ayyyyyyyyyyyyyy
[4, 11, 11, 11, 11, 4, 9, 4, 5, 18, 5, 9, 5, 9, 5]	dkkkkdidereieie
Epoch is 30
epoch 30	mini-batch 549	[ DISC	loss : 0.114183 ]	[ ADV	loss : 2.793911 ]
[21, 5, 14, 9, 9, 14, 14, 14, 14, 14, 14, 14, 14, 14, 2]	ueniinnnnnnnnnb
[8, 5, 37, 37, 37, 37, 37, 37, 37, 37, 37, 37, 37, 37, 14]	he------------n
[1, 20, 19, 5, 1, 9, 9, 9, 9, 19, 9, 19, 19, 19, 19]	atseaiiiisissss
[19, 7, 20, 9, 20, 9, 9, 9, 9, 9, 9, 9, 1, 11, 19]	sgtitiiiiiiiaks
[5, 18, 6, 1, 6, 11, 1, 6, 1, 11, 1, 11, 1, 11, 1]	erfafkafakakaka
[11, 5, 5, 9, 9, 9, 5, 5, 5, 9, 18, 18, 18, 18, 19]	keeiiieeeirrrrs
[21, 9, 11, 11, 11, 5, 5, 1, 9, 1, 1, 9, 1, 9, 19]	uikkkeeaiaaiais
[6, 6, 6, 6, 6, 6, 6, 6, 6, 6, 6, 18, 18, 18, 14]	fffffffffffrrrn
[14, 11, 14, 14, 14, 14, 14, 14, 14, 14, 14, 14, 14, 14, 7]	nknnnnnnnnnnnng
[5, 20, 1, 20, 1, 5, 1, 1, 20, 1, 20, 1, 14, 1, 2]	etataeaatatanab
[1, 18, 9, 5, 5, 5, 5, 5, 5, 5, 5, 5, 5, 5, 19]	arieeeeeeeeeees
[19, 1, 19, 19, 19, 19, 19, 19, 19, 19, 19, 19, 19, 19, 20]	sasssssssssssst
[13, 14, 1, 14, 19, 20, 1, 14, 14, 14, 14, 14, 14, 14, 20]	mnanstannnnnnnt
[7, 20, 11, 20, 19, 5, 25, 37, 19, 37, 19, 20, 19, 20, 3]	gtktsey-s-ststc
[11, 4, 11, 9, 1, 18, 11, 21, 5, 21, 5, 5, 21, 5, 19]	kdkiarkueueeues
Epoch is 31
epoch 31	mini-batch 549	[ DISC	loss : 0.025541 ]	[ ADV	loss : 3.238599 ]
[5, 8, 8, 8, 8, 8, 8, 12, 5, 12, 12, 5, 12, 12, 5]	ehhhhhhlellelle
[4, 9, 5, 20, 9, 5, 9, 5, 9, 5, 9, 5, 9, 5, 5]	dietieieieieiee
[18, 1, 18, 18, 5, 5, 3, 3, 3, 3, 3, 3, 3, 3, 18]	rarreeccccccccr
[9, 1, 3, 9, 9, 21, 9, 9, 9, 9, 9, 9, 9, 9, 19]	iaciiuiiiiiiiis
[1, 1, 5, 9, 1, 9, 6, 1, 4, 1, 5, 9, 6, 1, 8]	aaeiaifadaeifah
[18, 9, 4, 4, 4, 4, 9, 9, 9, 9, 9, 9, 9, 9, 19]	riddddiiiiiiiis
[1, 18, 1, 21, 21, 21, 21, 21, 21, 21, 21, 21, 21, 21, 9]	arauuuuuuuuuuui
[1, 13, 1, 12, 12, 12, 8, 12, 8, 12, 1, 18, 1, 12, 12]	amalllhlhlarall
[20, 19, 14, 14, 14, 14, 14, 14, 14, 14, 14, 14, 14, 14, 5]	tsnnnnnnnnnnnne
[4, 4, 4, 5, 5, 5, 5, 5, 5, 5, 5, 5, 5, 5, 5]	dddeeeeeeeeeeee
[18, 1, 4, 1, 1, 1, 4, 1, 4, 1, 1, 1, 1, 1, 12]	radaaadadaaaaal
[4, 4, 4, 4, 4, 4, 4, 4, 4, 4, 4, 4, 4, 4, 1]	dddddddddddddda
[8, 14, 14, 1, 14, 14, 14, 14, 14, 14, 14, 14, 14, 14, 19]	hnnannnnnnnnnns
[9, 6, 4, 4, 4, 4, 4, 4, 4, 4, 4, 9, 4, 4, 1]	ifdddddddddidda
[14, 5, 5, 20, 7, 5, 20, 5, 14, 3, 5, 7, 5, 14, 5]	neetgetencegene
Epoch is 32
epoch 32	mini-batch 549	[ DISC	loss : 0.047864 ]	[ ADV	loss : 2.963551 ]
[3, 1, 14, 13, 13, 13, 12, 5, 20, 20, 5, 5, 20, 5, 5]	canmmmletteetee
[9, 5, 5, 5, 5, 5, 5, 5, 5, 5, 5, 5, 5, 5, 19]	ieeeeeeeeeeeees
[18, 5, 19, 5, 19, 25, 19, 25, 18, 25, 18, 25, 3, 25, 18]	resesysyryrycyr
[18, 9, 6, 13, 5, 8, 5, 5, 8, 8, 8, 8, 8, 8, 5]	rifmeheehhhhhhe
[12, 18, 22, 8, 18, 18, 18, 18, 18, 22, 22, 22, 22, 22, 5]	lrvhrrrrrvvvvve
[8, 1, 18, 5, 9, 5, 9, 9, 5, 5, 9, 5, 5, 5, 8]	hareieiieeieeeh
[14, 1, 1, 1, 1, 1, 1, 1, 1, 1, 1, 1, 1, 1, 4]	naaaaaaaaaaaaad
[20, 5, 18, 9, 9, 18, 18, 18, 8, 8, 8, 8, 8, 8, 5]	teriirrrhhhhhhe
[12, 21, 20, 20, 20, 20, 20, 9, 3, 9, 12, 5, 20, 20, 19]	luttttticiletts
[14, 20, 20, 20, 20, 20, 20, 20, 20, 20, 20, 20, 20, 20, 18]	ntttttttttttttr
[20, 18, 18, 18, 18, 18, 9, 18, 9, 18, 18, 18, 18, 18, 19]	trrrrririrrrrrs
[1, 21, 9, 9, 21, 18, 21, 18, 18, 9, 9, 21, 14, 21, 19]	auiiururriiunus
[1, 8, 1, 1, 19, 5, 1, 19, 1, 19, 19, 1, 19, 1, 19]	ahaaseasassasas
[8, 5, 20, 18, 18, 20, 14, 20, 20, 14, 5, 14, 5, 14, 20]	hetrrtnttnenent
[13, 4, 6, 22, 22, 5, 18, 5, 18, 5, 18, 5, 19, 5, 5]	mdfvverereresee
Epoch is 33
epoch 33	mini-batch 549	[ DISC	loss : 0.456787 ]	[ ADV	loss : 2.174638 ]
[16, 5, 5, 5, 5, 5, 5, 5, 9, 9, 16, 5, 16, 16, 9]	peeeeeeeiipeppi
[16, 16, 5, 16, 7, 3, 3, 3, 3, 3, 2, 2, 2, 2, 1]	ppepgcccccbbbba
[18, 37, 16, 16, 16, 16, 16, 16, 16, 16, 16, 16, 16, 16, 19]	r-pppppppppppps
[16, 16, 16, 16, 16, 16, 16, 16, 16, 16, 16, 16, 16, 16, 19]	pppppppppppppps
[16, 13, 16, 3, 16, 19, 16, 19, 16, 19, 16, 19, 16, 19, 5]	pmpcpspspspspse
[16, 16, 9, 16, 16, 16, 16, 16, 16, 16, 16, 16, 16, 16, 19]	ppippppppppppps
[16, 25, 37, 37, 25, 25, 18, 18, 18, 18, 18, 18, 18, 18, 37]	py--yyrrrrrrrr-
[9, 19, 25, 25, 25, 25, 25, 25, 25, 25, 25, 25, 25, 25, 9]	isyyyyyyyyyyyyi
[16, 16, 16, 16, 16, 16, 16, 16, 3, 3, 3, 3, 3, 3, 5]	ppppppppcccccce
[9, 16, 9, 19, 9, 19, 9, 9, 16, 18, 18, 9, 18, 9, 16]	ipisisiiprririp
[16, 18, 18, 37, 37, 16, 16, 16, 16, 16, 16, 16, 16, 16, 16]	prr--pppppppppp
[14, 14, 14, 14, 14, 14, 14, 14, 14, 14, 14, 14, 14, 14, 18]	nnnnnnnnnnnnnnr
[5, 16, 16, 16, 16, 16, 16, 16, 16, 16, 16, 16, 16, 16, 16]	epppppppppppppp
[16, 16, 16, 16, 16, 16, 16, 16, 16, 16, 16, 16, 16, 16, 16]	ppppppppppppppp
[3, 3, 3, 16, 16, 16, 14, 16, 9, 16, 16, 16, 16, 9, 5]	cccpppnpippppie
Epoch is 34
epoch 34	mini-batch 549	[ DISC	loss : 0.047338 ]	[ ADV	loss : 2.121520 ]
[37, 9, 9, 9, 9, 9, 9, 9, 9, 9, 9, 9, 9, 9, 16]	-iiiiiiiiiiiiip
[1, 5, 20, 20, 20, 20, 20, 20, 20, 20, 20, 20, 20, 20, 16]	aettttttttttttp
[18, 25, 19, 25, 25, 25, 25, 25, 25, 25, 25, 25, 25, 25, 20]	rysyyyyyyyyyyyt
[25, 25, 20, 14, 14, 14, 14, 14, 14, 14, 14, 14, 14, 14, 20]	yytnnnnnnnnnnnt
[20, 3, 1, 4, 3, 3, 3, 3, 3, 3, 3, 3, 3, 3, 5]	tcadcccccccccce
[4, 4, 19, 5, 18, 18, 18, 18, 18, 18, 18, 18, 18, 18, 1]	ddserrrrrrrrrra
[1, 18, 1, 18, 9, 18, 9, 19, 5, 18, 5, 18, 20, 5, 8]	araririsererteh
[5, 5, 9, 18, 18, 18, 18, 18, 18, 18, 18, 18, 18, 18, 5]	eeirrrrrrrrrrre
[16, 1, 9, 20, 9, 9, 9, 9, 9, 9, 9, 9, 9, 9, 7]	paitiiiiiiiiiig
[4, 9, 20, 5, 20, 5, 5, 5, 5, 20, 20, 20, 20, 20, 7]	diteteeeetttttg
[4, 6, 4, 4, 4, 20, 20, 20, 20, 20, 20, 20, 20, 20, 8]	dfdddttttttttth
[5, 5, 14, 20, 5, 5, 19, 19, 18, 18, 13, 20, 5, 19, 19]	eenteessrrmtess
[9, 4, 4, 4, 4, 4, 4, 4, 4, 4, 4, 4, 4, 4, 20]	idddddddddddddt
[16, 1, 20, 5, 20, 20, 20, 20, 20, 20, 20, 20, 20, 20, 5]	patetttttttttte
[1, 4, 4, 1, 4, 4, 4, 4, 4, 4, 4, 4, 4, 4, 19]	addadddddddddds
Epoch is 35
epoch 35	mini-batch 549	[ DISC	loss : 0.051102 ]	[ ADV	loss : 2.554979 ]
[22, 11, 22, 21, 13, 13, 21, 11, 21, 21, 21, 21, 21, 21, 5]	vkvummukuuuuuue
[21, 21, 9, 1, 21, 21, 9, 21, 21, 7, 7, 7, 21, 21, 18]	uuiauuiuuggguur
[11, 1, 13, 13, 3, 5, 13, 11, 3, 5, 13, 5, 13, 5, 18]	kammcemkcememer
[21, 5, 21, 21, 1, 19, 21, 1, 4, 21, 9, 21, 21, 1, 4]	ueuuasuaduiuuad
[4, 8, 21, 5, 21, 8, 21, 5, 21, 21, 21, 5, 21, 5, 5]	dhueuhueuuueuee
[18, 20, 5, 21, 19, 20, 1, 19, 18, 1, 21, 5, 13, 1, 14]	rteustasraueman
[12, 12, 12, 12, 12, 12, 12, 12, 12, 12, 12, 12, 12, 12, 5]	lllllllllllllle
[11, 1, 1, 1, 11, 11, 11, 11, 11, 11, 11, 11, 11, 11, 18]	kaaakkkkkkkkkkr
[21, 12, 12, 5, 12, 13, 21, 21, 11, 11, 5, 11, 5, 12, 5]	ullelmuukkekele
[5, 18, 5, 7, 5, 21, 19, 7, 20, 21, 5, 18, 5, 20, 19]	eregeusgtuerets
[21, 21, 21, 21, 21, 21, 21, 21, 21, 21, 21, 21, 21, 21, 19]	uuuuuuuuuuuuuus
[12, 5, 3, 5, 18, 12, 12, 3, 5, 3, 11, 12, 12, 5, 5]	lecerllceckllee
[1, 1, 5, 1, 4, 1, 4, 1, 4, 1, 4, 1, 4, 1, 7]	aaeadadadadadag
[3, 3, 19, 1, 1, 13, 5, 14, 4, 1, 14, 14, 1, 1, 14]	ccsaamendannaan
[1, 19, 9, 1, 14, 9, 21, 21, 21, 14, 21, 19, 21, 21, 19]	asianiuuunusuus
Epoch is 36
epoch 36	mini-batch 549	[ DISC	loss : 0.021427 ]	[ ADV	loss : 2.270864 ]
[4, 19, 1, 19, 4, 14, 1, 14, 1, 14, 14, 6, 14, 1, 18]	dsasdnanannfnar
[19, 20, 11, 9, 20, 37, 9, 37, 20, 19, 20, 5, 1, 20, 19]	stkit-i-tsteats
[22, 22, 22, 22, 22, 18, 18, 18, 18, 18, 18, 18, 18, 18, 5]	vvvvvrrrrrrrrre
[1, 18, 13, 1, 13, 13, 20, 20, 13, 20, 20, 20, 13, 20, 19]	armammttmtttmts
[20, 9, 20, 9, 9, 20, 20, 20, 20, 20, 20, 20, 20, 20, 8]	titiittttttttth
[1, 9, 20, 20, 14, 14, 14, 14, 14, 14, 14, 14, 14, 14, 18]	aittnnnnnnnnnnr
[14, 7, 5, 14, 2, 12, 5, 14, 5, 14, 12, 12, 12, 12, 9]	ngenblenenlllli
[18, 8, 20, 20, 20, 18, 18, 8, 18, 8, 18, 8, 18, 8, 13]	rhtttrrhrhrhrhm
[1, 1, 9, 1, 4, 9, 5, 1, 4, 1, 4, 4, 1, 13, 5]	aaiadieadaddame
[5, 12, 12, 5, 5, 5, 5, 5, 5, 5, 5, 5, 5, 5, 19]	elleeeeeeeeeees
[1, 1, 20, 18, 20, 19, 5, 14, 5, 14, 5, 14, 5, 14, 5]	aatrtsenenenene
[4, 20, 20, 20, 20, 20, 20, 20, 20, 20, 20, 20, 1, 20, 20]	dtttttttttttatt
[1, 9, 1, 37, 9, 37, 9, 1, 37, 1, 1, 1, 9, 9, 7]	aia-i-ia-aaaiig
[1, 1, 2, 1, 1, 1, 1, 1, 1, 1, 1, 1, 1, 1, 20]	aabaaaaaaaaaaat
[5, 1, 14, 12, 5, 18, 1, 18, 1, 18, 1, 1, 1, 18, 9]	eanlerararaaari
Epoch is 37
epoch 37	mini-batch 549	[ DISC	loss : 0.076134 ]	[ ADV	loss : 2.846488 ]
[3, 20, 5, 20, 3, 9, 37, 3, 5, 3, 37, 3, 5, 3, 5]	ctetci-cec-cece
[12, 12, 37, 12, 37, 1, 37, 1, 1, 12, 37, 5, 1, 12, 4]	ll-l-a-aal-eald
[5, 13, 9, 1, 9, 9, 9, 9, 9, 9, 9, 9, 9, 9, 18]	emiaiiiiiiiiiir
[21, 5, 21, 5, 1, 6, 21, 21, 21, 21, 21, 21, 21, 21, 3]	ueueafuuuuuuuuc
[8, 20, 11, 5, 4, 20, 20, 20, 20, 20, 20, 20, 20, 20, 19]	htkedttttttttts
[18, 12, 18, 18, 18, 18, 18, 18, 21, 7, 7, 7, 7, 7, 7]	rlrrrrrrugggggg
[8, 9, 9, 9, 14, 14, 14, 14, 14, 14, 14, 14, 14, 14, 5]	hiiinnnnnnnnnne
[12, 9, 14, 1, 21, 1, 14, 19, 21, 14, 5, 14, 21, 13, 1]	linauansunenuma
[21, 9, 7, 7, 21, 21, 21, 21, 21, 3, 21, 9, 21, 21, 7]	uigguuuuucuiuug
[5, 18, 14, 7, 19, 7, 19, 5, 14, 19, 14, 5, 14, 5, 14]	erngsgsensnenen
[1, 4, 4, 1, 1, 1, 1, 1, 1, 1, 1, 1, 1, 1, 19]	addaaaaaaaaaaas
[5, 5, 5, 9, 5, 14, 9, 12, 12, 18, 9, 18, 18, 18, 18]	eeeienillrirrrr
[12, 5, 20, 19, 19, 19, 19, 20, 20, 20, 20, 20, 20, 20, 5]	letssssttttttte
[1, 9, 9, 9, 9, 9, 13, 9, 13, 9, 9, 9, 13, 9, 13]	aiiiiimimiiimim
[11, 5, 18, 18, 18, 18, 18, 8, 8, 18, 18, 18, 18, 14, 9]	kerrrrrhhrrrrni
Epoch is 38
epoch 38	mini-batch 549	[ DISC	loss : 0.014358 ]	[ ADV	loss : 2.405908 ]
[16, 14, 7, 14, 14, 14, 14, 14, 16, 16, 16, 16, 16, 16, 12]	pngnnnnnppppppl
[9, 16, 6, 3, 12, 3, 3, 3, 3, 3, 3, 20, 20, 20, 25]	ipfclccccccttty
[37, 9, 5, 5, 5, 5, 5, 5, 5, 5, 5, 5, 5, 5, 19]	-ieeeeeeeeeeees
[18, 1, 19, 19, 19, 19, 19, 19, 19, 19, 7, 19, 19, 2, 20]	rassssssssgssbt
[9, 6, 21, 21, 21, 21, 21, 21, 21, 21, 21, 21, 5, 5, 25]	ifuuuuuuuuuueey
[12, 12, 12, 12, 12, 12, 12, 12, 12, 12, 12, 12, 12, 12, 1]	lllllllllllllla
[12, 9, 22, 1, 22, 5, 5, 1, 5, 5, 5, 5, 5, 5, 5]	livaveeaeeeeeee
[16, 16, 16, 16, 16, 16, 16, 16, 16, 16, 16, 16, 16, 16, 12]	ppppppppppppppl
[4, 3, 9, 20, 9, 9, 9, 9, 9, 21, 9, 9, 21, 9, 16]	dcitiiiiiuiiuip
[12, 1, 1, 19, 1, 19, 19, 19, 19, 19, 19, 2, 12, 12, 1]	laasassssssblla
[8, 25, 7, 25, 25, 25, 2, 25, 19, 25, 7, 5, 2, 5, 18]	hygyyybysygeber
[9, 5, 20, 20, 20, 20, 20, 3, 20, 3, 20, 20, 3, 20, 12]	ietttttctcttctl
[14, 9, 9, 9, 9, 9, 9, 9, 9, 9, 9, 9, 9, 9, 5]	niiiiiiiiiiiiie
[6, 3, 21, 3, 3, 3, 3, 3, 3, 3, 3, 3, 3, 3, 19]	fcucccccccccccs
[18, 12, 12, 5, 20, 5, 20, 1, 20, 1, 20, 1, 20, 1, 3]	rlletetatatatac
Epoch is 39
epoch 39	mini-batch 549	[ DISC	loss : 0.052038 ]	[ ADV	loss : 2.597942 ]
[1, 21, 21, 21, 21, 21, 21, 21, 5, 21, 5, 21, 5, 21, 19]	auuuuuuueueueus
[13, 19, 14, 20, 4, 13, 4, 1, 13, 13, 14, 20, 4, 9, 16]	msntdmdammntdip
[9, 6, 18, 13, 19, 18, 25, 25, 13, 25, 9, 18, 12, 25, 9]	ifrmsryymyirlyi
[18, 12, 1, 1, 19, 9, 20, 19, 5, 12, 5, 20, 5, 5, 14]	rlaasitseleteen
[18, 14, 7, 14, 14, 7, 7, 14, 14, 7, 14, 7, 14, 7, 7]	rngnnggnngngngg
[13, 1, 9, 16, 5, 9, 5, 5, 9, 5, 5, 9, 5, 5, 7]	maipeieeieeieeg
[14, 5, 21, 21, 21, 21, 21, 21, 21, 21, 21, 21, 21, 21, 19]	neuuuuuuuuuuuus
[5, 20, 9, 20, 20, 20, 20, 20, 20, 20, 20, 19, 11, 19, 19]	etittttttttskss
[21, 19, 19, 19, 19, 20, 16, 19, 5, 19, 14, 14, 14, 20, 19]	usssstpsesnnnts
[5, 6, 6, 6, 16, 16, 16, 6, 6, 6, 6, 6, 6, 6, 4]	efffpppfffffffd
[20, 20, 20, 20, 20, 20, 20, 20, 20, 20, 20, 20, 20, 20, 9]	tttttttttttttti
[2, 9, 8, 12, 25, 3, 25, 22, 5, 5, 5, 5, 5, 5, 9]	bihlycyveeeeeei
[12, 12, 18, 12, 1, 1, 5, 5, 5, 18, 18, 18, 22, 22, 5]	llrlaaeeerrrvve
[1, 14, 18, 9, 18, 9, 18, 14, 14, 14, 14, 14, 14, 14, 4]	anririrnnnnnnnd
[5, 14, 12, 1, 14, 14, 14, 14, 14, 14, 14, 14, 14, 14, 12]	enlannnnnnnnnnl
Epoch is 40
epoch 40	mini-batch 549	[ DISC	loss : 0.067789 ]	[ ADV	loss : 3.089443 ]
[11, 1, 1, 1, 1, 1, 1, 1, 1, 1, 1, 1, 1, 1, 9]	kaaaaaaaaaaaaai
[5, 9, 18, 9, 9, 9, 9, 9, 9, 9, 9, 9, 9, 9, 19]	eiriiiiiiiiiiis
[20, 5, 20, 12, 12, 1, 20, 1, 12, 1, 12, 1, 1, 1, 12]	tetllatalalaaal
[5, 14, 5, 5, 14, 12, 1, 5, 5, 5, 5, 5, 5, 5, 18]	eneenlaeeeeeeer
[5, 1, 9, 3, 5, 20, 5, 3, 3, 3, 3, 3, 3, 3, 5]	eaiceteccccccce
[12, 8, 8, 8, 8, 8, 8, 8, 8, 8, 8, 8, 8, 8, 1]	lhhhhhhhhhhhhha
[4, 5, 14, 21, 14, 12, 7, 12, 6, 6, 6, 6, 6, 6, 1]	denunlglffffffa
[13, 1, 18, 5, 14, 37, 11, 21, 14, 18, 19, 1, 37, 13, 20]	maren-kunrsa-mt
[18, 5, 9, 14, 14, 5, 5, 4, 4, 14, 21, 21, 14, 14, 19]	reinneeddnuunns
[14, 9, 18, 9, 9, 9, 9, 9, 9, 9, 9, 9, 9, 9, 3]	niriiiiiiiiiiic
[9, 1, 4, 1, 1, 5, 1, 14, 1, 1, 1, 1, 1, 1, 19]	iadaaeanaaaaaas
[9, 6, 18, 9, 5, 18, 5, 18, 6, 5, 18, 5, 18, 5, 18]	ifriererfererer
[18, 19, 19, 19, 19, 19, 19, 19, 19, 19, 19, 19, 19, 19, 4]	rsssssssssssssd
[21, 5, 14, 9, 3, 20, 20, 9, 20, 9, 9, 9, 9, 9, 19]	uenicttitiiiiis
[14, 19, 19, 19, 14, 21, 1, 14, 21, 19, 19, 19, 19, 19, 20]	nsssnuanussssst
Epoch is 41
epoch 41	mini-batch 549	[ DISC	loss : 0.046535 ]	[ ADV	loss : 2.618511 ]
[1, 18, 18, 18, 18, 7, 7, 7, 25, 25, 25, 25, 25, 25, 25]	arrrrgggyyyyyyy
[5, 3, 3, 3, 3, 3, 12, 12, 12, 12, 12, 12, 12, 12, 5]	eccccclllllllle
[16, 7, 1, 5, 20, 20, 9, 1, 5, 20, 20, 20, 1, 25, 20]	pgaettiaetttayt
[18, 9, 12, 8, 12, 8, 8, 25, 8, 8, 8, 8, 25, 8, 25]	rilhlhhyhhhhyhy
[1, 9, 21, 14, 19, 1, 19, 1, 19, 1, 19, 1, 19, 1, 19]	aiunsasasasasas
[18, 3, 3, 3, 3, 3, 3, 3, 3, 3, 3, 3, 3, 12, 12]	rccccccccccccll
[1, 6, 16, 5, 20, 20, 5, 20, 20, 5, 20, 5, 5, 5, 20]	afpettetteteeet
[14, 12, 12, 12, 12, 12, 20, 12, 5, 20, 12, 12, 12, 1, 1]	nllllltletlllaa
[14, 21, 21, 21, 5, 21, 21, 19, 21, 21, 21, 21, 21, 21, 5]	nuuueuusuuuuuue
[5, 14, 5, 14, 5, 14, 11, 14, 11, 14, 11, 14, 11, 14, 18]	enenenknknknknr
[3, 19, 19, 19, 20, 5, 1, 1, 1, 25, 1, 1, 1, 1, 1]	csssteaaayaaaaa
[6, 20, 12, 20, 12, 20, 12, 20, 12, 20, 12, 20, 12, 20, 12]	ftltltltltltltl
[14, 16, 16, 1, 4, 9, 4, 4, 1, 4, 14, 4, 4, 4, 7]	nppadiddadndddg
[4, 6, 37, 6, 6, 6, 6, 4, 6, 6, 6, 6, 4, 21, 19]	df-ffffdffffdus
[18, 9, 4, 12, 5, 18, 18, 18, 9, 18, 9, 13, 1, 9, 7]	ridlerrririmaig
Epoch is 42
epoch 42	mini-batch 549	[ DISC	loss : 0.064489 ]	[ ADV	loss : 2.741668 ]
[3, 1, 14, 1, 14, 19, 19, 19, 19, 19, 19, 19, 19, 19, 1]	canansssssssssa
[3, 1, 19, 3, 25, 3, 21, 25, 25, 25, 25, 25, 25, 25, 25]	cascycuyyyyyyyy
[5, 5, 18, 5, 3, 21, 5, 3, 5, 5, 5, 3, 3, 9, 19]	eerecueceeeccis
[9, 1, 1, 18, 1, 12, 1, 1, 1, 1, 1, 1, 1, 1, 5]	iaaralaaaaaaaae
[21, 5, 18, 20, 20, 20, 19, 20, 18, 5, 20, 19, 5, 20, 18]	uertttstretsetr
[8, 8, 8, 8, 18, 8, 8, 8, 18, 8, 8, 8, 1, 8, 5]	hhhhrhhhrhhhahe
[5, 18, 19, 5, 19, 14, 5, 14, 37, 5, 14, 5, 14, 5, 19]	ersesnen-enenes
[3, 6, 6, 5, 5, 18, 5, 20, 3, 3, 5, 3, 5, 3, 19]	cffeeretccececs
[20, 20, 16, 9, 9, 9, 9, 9, 9, 9, 9, 9, 9, 9, 19]	ttpiiiiiiiiiiis
[14, 19, 20, 1, 20, 20, 20, 19, 5, 19, 5, 14, 14, 14, 19]	nstatttsesennns
[14, 21, 21, 21, 21, 21, 21, 21, 21, 21, 21, 21, 21, 21, 20]	nuuuuuuuuuuuuut
[7, 20, 19, 5, 14, 14, 14, 18, 18, 18, 18, 18, 18, 18, 18]	gtsennnrrrrrrrr
[11, 19, 11, 19, 16, 19, 1, 19, 1, 19, 1, 7, 5, 19, 9]	kskspsasasagesi
[1, 5, 5, 5, 1, 1, 1, 1, 1, 1, 1, 1, 1, 1, 19]	aeeeaaaaaaaaaas
[1, 21, 5, 5, 5, 5, 5, 5, 5, 5, 5, 5, 5, 5, 19]	aueeeeeeeeeeees
Epoch is 43
epoch 43	mini-batch 549	[ DISC	loss : 0.044602 ]	[ ADV	loss : 2.944696 ]
[1, 1, 20, 18, 20, 18, 20, 18, 20, 18, 20, 18, 20, 18, 8]	aatrtrtrtrtrtrh
[16, 5, 18, 1, 16, 18, 1, 14, 18, 18, 14, 14, 14, 18, 19]	perapranrrnnnrs
[14, 14, 1, 14, 14, 14, 14, 14, 14, 14, 14, 14, 14, 14, 19]	nnannnnnnnnnnns
[37, 14, 7, 7, 7, 7, 7, 7, 7, 7, 7, 7, 7, 7, 19]	-nggggggggggggs
[1, 20, 20, 20, 1, 1, 20, 1, 20, 20, 1, 20, 20, 1, 1]	atttaatattattaa
[8, 1, 18, 18, 5, 5, 5, 5, 5, 5, 5, 5, 5, 5, 20]	harreeeeeeeeeet
[20, 5, 5, 5, 9, 3, 1, 8, 5, 5, 5, 9, 9, 1, 19]	teeeicaheeeiias
[20, 3, 18, 18, 18, 18, 18, 18, 18, 18, 18, 18, 18, 18, 1]	tcrrrrrrrrrrrra
[20, 20, 12, 12, 1, 1, 1, 12, 20, 1, 20, 12, 1, 12, 20]	ttllaaaltatlalt
[11, 5, 1, 5, 5, 5, 5, 5, 5, 5, 5, 5, 5, 5, 18]	keaeeeeeeeeeeer
[8, 8, 8, 25, 1, 18, 1, 18, 8, 9, 8, 1, 1, 8, 12]	hhhyararhihaahl
[14, 18, 3, 14, 14, 14, 14, 14, 14, 14, 14, 14, 20, 20, 18]	nrcnnnnnnnnnttr
[12, 12, 18, 12, 18, 12, 18, 12, 18, 14, 18, 14, 18, 14, 5]	llrlrlrlrnrnrne
[12, 2, 14, 14, 14, 14, 14, 14, 14, 14, 14, 14, 14, 14, 1]	lbnnnnnnnnnnnna
[1, 1, 20, 25, 20, 25, 25, 25, 25, 25, 25, 25, 25, 25, 20]	aatytyyyyyyyyyt
Epoch is 44
epoch 44	mini-batch 549	[ DISC	loss : 0.024870 ]	[ ADV	loss : 2.591338 ]
[13, 1, 14, 14, 14, 14, 14, 14, 14, 14, 14, 14, 1, 14, 7]	mannnnnnnnnnang
[18, 5, 4, 5, 14, 14, 14, 14, 14, 14, 14, 14, 14, 14, 19]	redennnnnnnnnns
[20, 5, 5, 5, 5, 5, 5, 5, 5, 5, 5, 5, 5, 5, 19]	teeeeeeeeeeeees
[9, 2, 1, 14, 14, 12, 2, 14, 2, 12, 2, 14, 2, 2, 5]	ibannlbnblbnbbe
[14, 19, 21, 5, 19, 5, 9, 5, 9, 21, 21, 9, 21, 9, 19]	nsueseieiuuiuis
[5, 19, 20, 21, 21, 19, 21, 5, 19, 21, 19, 21, 5, 19, 19]	estuusuesusuess
[6, 6, 12, 22, 1, 5, 11, 1, 5, 11, 5, 5, 5, 9, 1]	fflvaekaekeeeia
[14, 37, 37, 37, 7, 37, 37, 1, 7, 37, 37, 7, 37, 7, 2]	n---g--ag--g-gb
[21, 11, 7, 3, 5, 14, 19, 3, 19, 14, 14, 14, 19, 3, 1]	ukgcenscsnnnsca
[1, 18, 14, 9, 20, 5, 14, 20, 21, 14, 12, 21, 21, 21, 7]	arnitentunluuug
[12, 5, 18, 18, 18, 18, 20, 18, 20, 18, 20, 20, 20, 20, 5]	lerrrrtrtrtttte
[1, 20, 21, 20, 21, 20, 21, 21, 21, 21, 21, 21, 21, 21, 19]	atututuuuuuuuus
[14, 5, 19, 5, 5, 5, 5, 5, 5, 5, 5, 5, 5, 5, 19]	neseeeeeeeeeees
[22, 9, 5, 5, 5, 5, 5, 5, 5, 5, 18, 5, 1, 5, 5]	vieeeeeeeereaee
[20, 5, 5, 18, 3, 3, 3, 3, 3, 3, 3, 3, 3, 3, 19]	teerccccccccccs
Epoch is 45
epoch 45	mini-batch 549	[ DISC	loss : 0.008711 ]	[ ADV	loss : 2.739295 ]
[4, 8, 1, 1, 14, 14, 13, 11, 13, 1, 1, 14, 1, 4, 1]	dhaannmkmaanada
[5, 13, 5, 14, 6, 2, 1, 4, 1, 4, 1, 4, 1, 4, 5]	emenfbadadadade
[5, 18, 3, 3, 3, 3, 3, 3, 3, 3, 3, 3, 3, 3, 19]	erccccccccccccs
[5, 14, 7, 12, 12, 12, 12, 12, 12, 12, 12, 12, 12, 12, 9]	engllllllllllli
[20, 3, 3, 3, 3, 3, 3, 3, 3, 3, 3, 3, 3, 3, 12]	tcccccccccccccl
[8, 13, 9, 9, 9, 9, 9, 9, 9, 9, 9, 9, 9, 9, 25]	hmiiiiiiiiiiiiy
[9, 9, 9, 9, 9, 9, 9, 9, 9, 9, 9, 9, 9, 9, 19]	iiiiiiiiiiiiiis
[5, 9, 4, 1, 1, 1, 14, 14, 1, 4, 5, 14, 1, 1, 1]	eidaaannadenaaa
[1, 9, 16, 16, 9, 9, 9, 9, 9, 14, 7, 1, 19, 9, 20]	aippiiiiingasit
[5, 18, 18, 19, 9, 9, 9, 9, 18, 18, 9, 9, 9, 18, 5]	errsiiiirriiire
[14, 21, 14, 14, 21, 14, 21, 19, 21, 19, 21, 19, 21, 19, 7]	nunnunususususg
[14, 4, 19, 12, 12, 12, 4, 12, 4, 12, 3, 12, 3, 3, 20]	ndsllldldlclcct
[1, 14, 20, 14, 20, 14, 20, 14, 20, 20, 20, 20, 20, 20, 19]	antntntntttttts
[1, 16, 1, 1, 1, 1, 1, 1, 1, 1, 1, 1, 1, 1, 4]	apaaaaaaaaaaaad
[20, 12, 12, 12, 12, 12, 12, 12, 12, 12, 12, 12, 12, 12, 5]	tllllllllllllle
Epoch is 46
epoch 46	mini-batch 549	[ DISC	loss : 0.033789 ]	[ ADV	loss : 3.316279 ]
[12, 2, 12, 21, 21, 21, 21, 21, 21, 21, 21, 21, 21, 21, 20]	lbluuuuuuuuuuut
[25, 2, 9, 2, 25, 25, 25, 25, 25, 25, 25, 25, 25, 25, 25]	ybibyyyyyyyyyyy
[5, 16, 20, 22, 22, 14, 14, 14, 14, 14, 14, 14, 14, 14, 5]	eptvvnnnnnnnnne
[9, 14, 18, 7, 9, 9, 37, 16, 19, 9, 20, 37, 19, 20, 25]	inrgii-psit-sty
[9, 13, 9, 20, 20, 20, 20, 9, 9, 20, 20, 20, 20, 20, 5]	imittttiittttte
[14, 9, 21, 1, 21, 9, 21, 9, 21, 9, 9, 9, 9, 9, 7]	niuauiuiuiiiiig
[5, 14, 9, 20, 5, 5, 14, 20, 9, 5, 14, 3, 16, 5, 14]	eniteentiencpen
[20, 5, 20, 20, 20, 20, 20, 20, 3, 20, 3, 20, 5, 3, 5]	tettttttctctece
[18, 18, 18, 1, 1, 12, 22, 1, 22, 18, 1, 22, 8, 8, 1]	rrraalvavravhha
[13, 12, 12, 12, 1, 1, 2, 1, 2, 2, 2, 2, 2, 2, 2]	mlllaababbbbbbb
[2, 5, 14, 14, 14, 14, 14, 14, 14, 14, 14, 14, 14, 14, 5]	bennnnnnnnnnnne
[14, 9, 5, 5, 5, 5, 1, 1, 37, 1, 37, 5, 5, 5, 13]	nieeeeaa-a-eeem
[2, 5, 1, 5, 1, 5, 1, 5, 1, 5, 1, 5, 1, 5, 1]	beaeaeaeaeaeaea
[14, 21, 21, 21, 21, 21, 21, 21, 21, 21, 21, 21, 21, 21, 19]	nuuuuuuuuuuuuus
[19, 19, 7, 1, 4, 1, 4, 1, 4, 1, 19, 19, 19, 19, 20]	ssgadadadasssst
Epoch is 47
epoch 47	mini-batch 549	[ DISC	loss : 0.044452 ]	[ ADV	loss : 3.023117 ]
[18, 7, 7, 7, 7, 7, 9, 5, 18, 18, 5, 5, 5, 5, 1]	rgggggierreeeea
[18, 19, 19, 19, 19, 19, 19, 19, 19, 19, 19, 19, 19, 19, 8]	rsssssssssssssh
[8, 3, 5, 13, 13, 9, 9, 9, 9, 13, 21, 12, 9, 9, 20]	hcemmiiiimuliit
[14, 14, 6, 6, 4, 13, 4, 14, 4, 14, 4, 14, 4, 37, 19]	nnffdmdndndnd-s
[20, 20, 20, 8, 8, 12, 12, 12, 12, 12, 12, 12, 12, 9, 12]	ttthhllllllllil
[9, 9, 9, 13, 9, 9, 9, 9, 9, 9, 9, 9, 9, 9, 1]	iiimiiiiiiiiiia
[7, 12, 12, 5, 1, 12, 18, 18, 12, 12, 1, 1, 20, 12, 5]	gllealrrllaatle
[9, 5, 8, 9, 12, 5, 8, 9, 12, 5, 8, 9, 12, 5, 20]	iehilehilehilet
[9, 1, 12, 9, 9, 9, 22, 9, 22, 9, 22, 9, 22, 9, 14]	ialiiivivivivin
[20, 9, 19, 9, 9, 12, 12, 12, 9, 9, 9, 9, 9, 9, 5]	tisiillliiiiiie
[5, 18, 9, 18, 20, 12, 9, 5, 18, 20, 9, 5, 18, 9, 12]	erirtliertieril
[14, 16, 5, 16, 5, 19, 11, 19, 14, 19, 14, 1, 14, 19, 19]	npepesksnsnanss
[5, 18, 18, 18, 18, 5, 18, 18, 5, 18, 18, 18, 18, 18, 5]	errrrerrerrrrre
[12, 5, 1, 1, 21, 21, 21, 21, 21, 21, 21, 21, 21, 21, 9]	leaauuuuuuuuuui
[20, 14, 14, 19, 12, 9, 14, 19, 9, 14, 19, 1, 19, 1, 19]	tnnslinsinsasas
Epoch is 48
epoch 48	mini-batch 549	[ DISC	loss : 7.315438 ]	[ ADV	loss : 1.250231 ]
[19, 23, 23, 23, 23, 1, 19, 8, 19, 19, 1, 19, 1, 19, 1]	swwwwashssasasa
[1, 12, 1, 1, 23, 1, 23, 23, 23, 1, 1, 1, 1, 1, 21]	alaawawwwaaaaau
[23, 23, 23, 23, 23, 23, 23, 23, 23, 23, 23, 23, 23, 23, 1]	wwwwwwwwwwwwwwa
[14, 19, 21, 21, 13, 1, 4, 1, 4, 1, 4, 5, 4, 5, 20]	nsuumadadadedet
[12, 5, 23, 5, 23, 23, 23, 23, 23, 23, 23, 23, 23, 23, 23]	lewewwwwwwwwwww
[1, 19, 12, 19, 19, 19, 1, 19, 19, 19, 8, 19, 8, 10, 3]	aslsssassshshjc
[19, 13, 1, 19, 19, 19, 19, 19, 19, 19, 19, 19, 19, 19, 8]	smasssssssssssh
[12, 5, 18, 1, 1, 19, 1, 1, 1, 16, 16, 1, 18, 1, 11]	leraasaaapparak
[5, 14, 18, 10, 10, 23, 10, 10, 23, 23, 23, 23, 23, 23, 7]	enrjjwjjwwwwwwg
[23, 23, 23, 3, 9, 9, 9, 5, 19, 12, 12, 9, 12, 12, 25]	wwwciiiesllilly
[23, 23, 23, 23, 23, 23, 23, 23, 23, 23, 23, 23, 23, 23, 7]	wwwwwwwwwwwwwwg
[7, 19, 1, 19, 19, 25, 19, 25, 19, 25, 19, 25, 19, 25, 9]	gsassysysysysyi
[23, 23, 14, 1, 1, 14, 23, 1, 14, 23, 1, 23, 1, 14, 5]	wwnaanwanwawane
[19, 9, 14, 1, 13, 10, 12, 3, 1, 3, 1, 3, 1, 3, 12]	sinamjlcacacacl
[13, 12, 13, 12, 12, 12, 12, 12, 12, 12, 12, 12, 12, 12, 1]	mlmllllllllllla
Epoch is 49
epoch 49	mini-batch 549	[ DISC	loss : 0.084529 ]	[ ADV	loss : 3.002672 ]
[23, 23, 23, 23, 23, 23, 23, 23, 23, 23, 23, 23, 23, 23, 5]	wwwwwwwwwwwwwwe
[23, 23, 23, 23, 23, 23, 23, 23, 23, 23, 23, 23, 23, 23, 14]	wwwwwwwwwwwwwwn
[11, 10, 14, 10, 10, 10, 10, 10, 10, 10, 10, 10, 10, 10, 23]	kjnjjjjjjjjjjjw
[23, 23, 23, 23, 23, 23, 23, 23, 23, 23, 23, 23, 23, 23, 14]	wwwwwwwwwwwwwwn
[23, 23, 19, 9, 14, 23, 23, 23, 23, 23, 23, 23, 23, 23, 9]	wwsinwwwwwwwwwi
[9, 20, 20, 20, 9, 20, 14, 20, 20, 20, 20, 20, 20, 20, 1]	itttitnttttttta
[23, 23, 23, 23, 23, 23, 23, 23, 23, 23, 23, 23, 23, 23, 19]	wwwwwwwwwwwwwws
[10, 20, 18, 18, 18, 18, 18, 18, 18, 18, 18, 18, 18, 18, 23]	jtrrrrrrrrrrrrw
[9, 14, 18, 10, 18, 10, 18, 1, 18, 10, 18, 1, 18, 10, 13]	inrjrjrarjrarjm
[23, 23, 23, 23, 23, 23, 23, 23, 23, 23, 23, 23, 23, 23, 19]	wwwwwwwwwwwwwws
[23, 23, 23, 23, 23, 23, 23, 23, 23, 23, 23, 23, 23, 23, 14]	wwwwwwwwwwwwwwn
[23, 23, 23, 23, 23, 23, 23, 23, 23, 23, 23, 23, 23, 23, 10]	wwwwwwwwwwwwwwj
[23, 23, 23, 23, 23, 23, 23, 23, 23, 23, 23, 23, 23, 23, 7]	wwwwwwwwwwwwwwg
[23, 23, 23, 23, 23, 23, 23, 23, 23, 23, 23, 23, 23, 23, 1]	wwwwwwwwwwwwwwa
[23, 23, 23, 23, 23, 23, 23, 23, 23, 23, 23, 23, 23, 23, 23]	wwwwwwwwwwwwwww
Epoch is 50
epoch 50	mini-batch 549	[ DISC	loss : 0.036761 ]	[ ADV	loss : 3.241172 ]
[5, 20, 5, 5, 19, 19, 19, 7, 5, 4, 5, 4, 23, 5, 7]	eteesssgededweg
[3, 3, 3, 3, 3, 9, 3, 3, 3, 3, 3, 3, 3, 3, 8]	cccccicccccccch
[9, 37, 37, 19, 19, 19, 19, 19, 19, 19, 19, 19, 19, 19, 7]	i--sssssssssssg
[20, 20, 5, 4, 8, 4, 8, 8, 8, 8, 8, 8, 8, 8, 5]	ttedhdhhhhhhhhe
[7, 19, 19, 19, 19, 19, 2, 2, 2, 2, 2, 2, 2, 2, 9]	gsssssbbbbbbbbi
[8, 20, 8, 20, 5, 20, 8, 1, 20, 8, 1, 20, 8, 9, 1]	hthtethathathia
[9, 20, 20, 21, 21, 21, 21, 21, 21, 21, 21, 21, 21, 21, 19]	ittuuuuuuuuuuus
[8, 5, 18, 18, 22, 18, 9, 19, 20, 8, 1, 23, 22, 23, 1]	herrvristhawvwa
[19, 5, 5, 1, 2, 1, 20, 1, 5, 1, 1, 1, 1, 1, 9]	seeabataeaaaaai
[7, 19, 19, 19, 19, 19, 19, 19, 19, 3, 19, 19, 19, 19, 18]	gsssssssscssssr
[23, 4, 1, 9, 8, 1, 3, 8, 4, 3, 4, 1, 3, 8, 1]	wdaihachdcdacha
[22, 4, 4, 9, 4, 5, 14, 20, 20, 20, 20, 20, 20, 20, 14]	vddidentttttttn
[20, 3, 19, 3, 3, 19, 3, 3, 3, 3, 3, 3, 3, 3, 5]	tcsccscccccccce
[2, 1, 14, 1, 1, 1, 1, 1, 1, 1, 1, 1, 1, 1, 5]	banaaaaaaaaaaae
[20, 5, 4, 5, 20, 3, 20, 3, 20, 3, 20, 3, 20, 3, 1]	tedetctctctctca
Epoch is 51
epoch 51	mini-batch 549	[ DISC	loss : 0.048201 ]	[ ADV	loss : 2.349370 ]
[5, 14, 11, 11, 11, 11, 11, 11, 11, 11, 11, 11, 11, 11, 1]	enkkkkkkkkkkkka
[9, 8, 21, 21, 14, 19, 21, 21, 21, 21, 21, 21, 21, 21, 8]	ihuunsuuuuuuuuh
[3, 12, 12, 12, 12, 12, 12, 12, 12, 12, 12, 12, 12, 12, 4]	cllllllllllllld
[23, 13, 23, 23, 23, 12, 12, 12, 12, 12, 12, 12, 12, 12, 5]	wmwwwllllllllle
[25, 11, 18, 18, 18, 18, 5, 2, 5, 18, 18, 18, 18, 18, 5]	ykrrrreberrrrre
[21, 21, 21, 21, 21, 21, 21, 21, 21, 21, 21, 21, 21, 21, 21]	uuuuuuuuuuuuuuu
[1, 20, 1, 20, 20, 19, 1, 20, 12, 1, 20, 12, 2, 1, 20]	atattsatlatlbat
[18, 20, 12, 12, 5, 5, 5, 5, 5, 20, 5, 5, 5, 5, 12]	rtlleeeeeteeeel
[12, 12, 18, 5, 18, 5, 18, 5, 18, 5, 18, 5, 18, 5, 18]	llrerererererer
[12, 14, 14, 14, 14, 14, 14, 14, 19, 7, 14, 14, 19, 14, 19]	lnnnnnnnsgnnsns
[12, 12, 22, 1, 1, 1, 2, 2, 2, 2, 2, 2, 2, 2, 9]	llvaaabbbbbbbbi
[12, 12, 5, 8, 18, 4, 6, 4, 8, 1, 1, 4, 22, 4, 5]	llehrdfdhaadvde
[3, 14, 1, 1, 6, 14, 14, 1, 20, 1, 18, 1, 20, 21, 25]	cnaafnnataratuy
[20, 12, 12, 12, 20, 9, 8, 20, 12, 12, 12, 12, 12, 12, 5]	tllltihtlllllle
[23, 18, 18, 18, 18, 18, 18, 18, 18, 18, 18, 18, 18, 18, 5]	wrrrrrrrrrrrrre
Epoch is 52
epoch 52	mini-batch 549	[ DISC	loss : 0.017744 ]	[ ADV	loss : 2.635514 ]
[1, 19, 7, 25, 7, 25, 7, 7, 7, 12, 25, 25, 12, 12, 1]	asgygyggglyylla
[5, 18, 18, 18, 18, 5, 18, 5, 5, 18, 5, 18, 5, 18, 5]	errrrereererere
[13, 19, 7, 1, 14, 7, 1, 19, 7, 1, 19, 21, 1, 19, 20]	msgangasgasuast
[1, 19, 21, 21, 21, 21, 21, 21, 21, 21, 21, 21, 21, 21, 5]	asuuuuuuuuuuuue
[9, 18, 12, 18, 1, 14, 6, 6, 6, 6, 6, 18, 5, 14, 19]	irlranfffffrens
[14, 25, 25, 25, 2, 12, 2, 9, 1, 1, 4, 25, 25, 12, 4]	nyyyblbiaadyyld
[20, 8, 8, 8, 8, 8, 12, 8, 8, 8, 8, 8, 8, 8, 12]	thhhhhlhhhhhhhl
[11, 21, 21, 21, 11, 3, 3, 18, 3, 3, 3, 3, 3, 3, 5]	kuuukccrcccccce
[9, 1, 18, 21, 13, 13, 13, 13, 13, 13, 13, 13, 13, 13, 12]	iarummmmmmmmmml
[18, 10, 19, 37, 14, 37, 14, 37, 14, 10, 14, 10, 14, 9, 7]	rjs-n-n-njnjnig
[8, 9, 11, 1, 4, 13, 3, 4, 21, 20, 20, 4, 11, 4, 25]	hikadmcduttdkdy
[9, 5, 9, 9, 9, 9, 9, 9, 9, 9, 9, 9, 9, 9, 19]	ieiiiiiiiiiiiis
[7, 14, 21, 21, 25, 7, 7, 7, 7, 7, 7, 7, 7, 7, 20]	gnuuygggggggggt
[13, 9, 9, 9, 9, 9, 9, 9, 9, 9, 9, 9, 9, 9, 20]	miiiiiiiiiiiiit
[5, 18, 18, 18, 18, 18, 18, 18, 18, 18, 18, 18, 18, 18, 5]	errrrrrrrrrrrre
Epoch is 53
epoch 53	mini-batch 549	[ DISC	loss : 0.011786 ]	[ ADV	loss : 2.432860 ]
[9, 9, 18, 18, 9, 9, 9, 9, 9, 9, 9, 9, 9, 9, 19]	iirriiiiiiiiiis
[16, 9, 1, 1, 16, 16, 16, 16, 20, 1, 20, 20, 20, 20, 5]	piaapppptatttte
[16, 5, 25, 25, 25, 25, 25, 25, 25, 25, 25, 25, 25, 25, 25]	peyyyyyyyyyyyyy
[5, 5, 5, 9, 9, 9, 9, 9, 9, 9, 9, 9, 9, 9, 20]	eeeiiiiiiiiiiit
[5, 5, 19, 14, 18, 19, 19, 19, 19, 19, 19, 19, 19, 19, 18]	eesnrsssssssssr
[2, 2, 6, 5, 14, 5, 19, 25, 5, 19, 19, 1, 18, 9, 1]	bbfenesyessaria
[20, 25, 6, 9, 9, 23, 6, 9, 9, 6, 6, 9, 25, 6, 7]	tyfiiwfiiffiyfg
[9, 16, 16, 20, 19, 14, 14, 14, 14, 16, 14, 16, 14, 16, 19]	ipptsnnnnpnpnps
[1, 18, 5, 18, 9, 18, 37, 18, 37, 18, 37, 37, 37, 37, 19]	arerir-r-r----s
[20, 20, 21, 21, 21, 21, 21, 21, 21, 21, 16, 21, 18, 21, 25]	ttuuuuuuuupuruy
[8, 8, 8, 8, 8, 8, 8, 8, 8, 8, 8, 8, 8, 8, 25]	hhhhhhhhhhhhhhy
[14, 9, 14, 14, 25, 14, 25, 14, 25, 14, 25, 14, 14, 14, 19]	ninnynynynynnns
[13, 19, 21, 21, 19, 7, 37, 37, 19, 19, 19, 19, 19, 7, 7]	msuusg--sssssgg
[1, 13, 13, 19, 13, 2, 18, 22, 13, 22, 13, 16, 18, 16, 9]	ammsmbrvmvmprpi
[19, 5, 19, 5, 5, 5, 5, 5, 5, 5, 5, 5, 5, 5, 9]	seseeeeeeeeeeei
Epoch is 54
epoch 54	mini-batch 549	[ DISC	loss : 0.016536 ]	[ ADV	loss : 2.413078 ]
[18, 9, 9, 1, 1, 1, 1, 1, 1, 1, 1, 1, 1, 1, 12]	riiaaaaaaaaaaal
[9, 4, 5, 4, 22, 5, 4, 5, 22, 5, 18, 12, 18, 8, 1]	idedvedeverlrha
[5, 5, 3, 19, 5, 19, 9, 18, 5, 18, 5, 5, 5, 18, 3]	eecsesirereeerc
[21, 11, 21, 21, 21, 21, 21, 21, 21, 21, 21, 21, 21, 21, 5]	ukuuuuuuuuuuuue
[1, 1, 9, 1, 1, 1, 9, 1, 9, 1, 9, 1, 9, 1, 20]	aaiaaaiaiaiaiat
[12, 9, 18, 18, 18, 3, 3, 3, 3, 3, 3, 3, 3, 3, 5]	lirrrccccccccce
[11, 5, 20, 5, 21, 11, 5, 20, 5, 21, 11, 5, 20, 5, 12]	keteuketeuketel
[14, 5, 20, 5, 20, 5, 20, 5, 20, 19, 20, 19, 5, 20, 19]	netetetetstsets
[14, 9, 18, 18, 19, 5, 18, 18, 1, 1, 18, 18, 1, 18, 3]	nirrserraarrarc
[21, 9, 6, 5, 9, 1, 5, 4, 5, 20, 5, 4, 9, 9, 19]	uifeiaedetediis
[1, 3, 5, 14, 1, 1, 13, 9, 14, 14, 14, 14, 14, 7, 7]	acenaaminnnnngg
[1, 1, 1, 1, 1, 1, 9, 9, 9, 9, 9, 1, 9, 9, 20]	aaaaaaiiiiiaiit
[6, 25, 6, 6, 6, 6, 6, 6, 6, 6, 6, 6, 25, 25, 1]	fyffffffffffyya
[5, 13, 8, 8, 8, 8, 8, 8, 8, 8, 8, 8, 8, 8, 5]	emhhhhhhhhhhhhe
[18, 12, 5, 9, 12, 5, 12, 12, 12, 12, 12, 12, 12, 12, 12]	rleilelllllllll
Epoch is 55
epoch 55	mini-batch 549	[ DISC	loss : 0.026339 ]	[ ADV	loss : 2.411379 ]
[21, 16, 21, 21, 21, 21, 21, 21, 16, 21, 21, 21, 21, 21, 21]	upuuuuuupuuuuuu
[1, 4, 20, 20, 5, 8, 3, 8, 3, 8, 3, 8, 9, 8, 1]	adttehchchchiha
[5, 20, 5, 18, 5, 18, 5, 18, 11, 11, 11, 11, 3, 18, 1]	eterererkkkkcra
[12, 12, 12, 12, 1, 2, 12, 2, 12, 2, 12, 2, 12, 2, 20]	llllablblblblbt
[18, 1, 9, 21, 9, 21, 9, 21, 9, 21, 9, 21, 21, 21, 20]	raiuiuiuiuiuuut
[20, 20, 20, 20, 8, 8, 8, 8, 8, 8, 8, 8, 8, 8, 19]	tttthhhhhhhhhhs
[21, 21, 21, 21, 21, 21, 21, 21, 21, 21, 21, 21, 21, 21, 19]	uuuuuuuuuuuuuus
[19, 4, 10, 25, 25, 25, 25, 25, 25, 25, 25, 25, 25, 25, 9]	sdjyyyyyyyyyyyi
[19, 5, 19, 19, 19, 19, 19, 19, 19, 19, 19, 19, 19, 19, 9]	sessssssssssssi
[9, 1, 9, 9, 9, 9, 9, 9, 9, 9, 9, 9, 9, 9, 9]	iaiiiiiiiiiiiii
[9, 5, 14, 12, 12, 12, 12, 12, 12, 12, 12, 12, 12, 12, 19]	ienllllllllllls
[18, 1, 4, 5, 3, 5, 22, 9, 9, 9, 9, 9, 9, 9, 1]	radeceviiiiiiia
[1, 19, 19, 12, 19, 19, 1, 1, 19, 19, 19, 19, 19, 19, 19]	asslssaasssssss
[14, 37, 9, 5, 20, 5, 20, 5, 20, 5, 20, 5, 20, 5, 19]	n-ietetetetetes
[18, 5, 5, 19, 19, 19, 19, 19, 19, 19, 19, 19, 19, 19, 19]	reessssssssssss
Epoch is 56
epoch 56	mini-batch 549	[ DISC	loss : 0.062969 ]	[ ADV	loss : 2.833010 ]
[9, 23, 2, 23, 3, 3, 3, 3, 3, 3, 3, 3, 3, 3, 9]	iwbwcccccccccci
[1, 14, 14, 14, 14, 7, 20, 19, 20, 19, 20, 19, 20, 19, 20]	annnngtstststst
[13, 7, 21, 21, 14, 7, 21, 21, 14, 7, 12, 7, 21, 14, 7]	mguunguunglgung
[25, 12, 1, 12, 1, 1, 1, 1, 1, 1, 12, 1, 12, 1, 1]	ylalaaaaaalalaa
[1, 20, 16, 16, 16, 16, 16, 16, 16, 16, 16, 16, 16, 16, 11]	atppppppppppppk
[21, 21, 21, 21, 21, 21, 21, 21, 9, 7, 21, 21, 21, 1, 19]	uuuuuuuuiguuuas
[1, 19, 20, 5, 4, 5, 4, 4, 37, 4, 37, 37, 37, 4, 19]	astededd-d---ds
[5, 8, 5, 8, 5, 25, 5, 25, 1, 25, 1, 1, 1, 1, 21]	eheheyeyayaaaau
[8, 1, 9, 20, 19, 4, 5, 3, 1, 19, 4, 3, 1, 19, 5]	haitsdecasdcase
[3, 1, 14, 21, 1, 1, 12, 21, 14, 21, 21, 21, 21, 21, 4]	canuaalunuuuuud
[14, 19, 13, 19, 18, 1, 18, 1, 18, 19, 19, 19, 19, 19, 18]	nsmsrararsssssr
[3, 8, 16, 16, 18, 5, 5, 1, 1, 1, 1, 1, 1, 1, 9]	chppreeaaaaaaai
[18, 5, 14, 7, 25, 7, 22, 1, 18, 1, 19, 7, 9, 14, 3]	rengygvarasginc
[21, 1, 12, 21, 1, 19, 1, 1, 1, 1, 1, 1, 1, 1, 5]	ualuasaaaaaaaae
[14, 1, 20, 1, 20, 20, 20, 20, 20, 20, 20, 20, 20, 20, 7]	natattttttttttg
Epoch is 57
epoch 57	mini-batch 549	[ DISC	loss : 0.076296 ]	[ ADV	loss : 2.959012 ]
[5, 5, 5, 11, 11, 11, 11, 9, 9, 9, 5, 5, 5, 5, 19]	eeekkkkiiieeees
[37, 20, 9, 9, 9, 20, 25, 37, 37, 37, 37, 37, 37, 37, 1]	-tiiity-------a
[20, 20, 20, 8, 3, 3, 3, 3, 3, 3, 3, 3, 3, 3, 12]	ttthccccccccccl
[1, 14, 12, 1, 14, 1, 14, 1, 14, 1, 14, 1, 14, 1, 20]	anlanananananat
[14, 21, 21, 37, 20, 12, 20, 5, 20, 20, 20, 5, 3, 9, 5]	nuu-tltetttecie
[13, 5, 18, 20, 20, 20, 20, 20, 20, 20, 20, 20, 20, 20, 19]	merttttttttttts
[3, 1, 16, 23, 23, 23, 23, 16, 23, 19, 23, 19, 23, 19, 19]	capwwwwpwswswss
[18, 7, 25, 1, 1, 7, 25, 9, 1, 7, 1, 7, 1, 9, 2]	rgyaagyiagagaib
[20, 5, 37, 20, 20, 20, 20, 37, 37, 37, 37, 37, 37, 37, 19]	te-tttt-------s
[16, 20, 21, 20, 21, 21, 21, 21, 21, 21, 21, 21, 21, 21, 19]	ptutuuuuuuuuuus
[9, 16, 18, 20, 9, 20, 9, 20, 9, 21, 9, 21, 9, 21, 19]	iprtititiuiuius
[4, 20, 12, 5, 4, 5, 4, 9, 4, 9, 4, 9, 4, 5, 4]	dtlededididided
[9, 4, 1, 18, 1, 37, 18, 1, 1, 16, 1, 1, 20, 16, 9]	idara-raapaatpi
[19, 20, 9, 3, 8, 20, 20, 20, 20, 20, 20, 20, 20, 20, 5]	stichttttttttte
[20, 16, 16, 16, 16, 16, 16, 16, 16, 16, 16, 16, 16, 16, 1]	tpppppppppppppa
Epoch is 58
epoch 58	mini-batch 549	[ DISC	loss : 0.044225 ]	[ ADV	loss : 3.111789 ]
[5, 20, 9, 20, 19, 20, 19, 20, 19, 20, 19, 20, 19, 20, 19]	etitstststststs
[5, 13, 7, 19, 23, 23, 11, 11, 11, 11, 11, 11, 11, 11, 1]	emgswwkkkkkkkka
[20, 1, 18, 21, 21, 21, 21, 21, 21, 21, 21, 21, 21, 21, 7]	taruuuuuuuuuuug
[16, 8, 18, 18, 18, 18, 18, 18, 18, 18, 18, 18, 18, 18, 9]	phrrrrrrrrrrrri
[18, 5, 6, 12, 12, 25, 12, 12, 7, 12, 7, 12, 12, 12, 12]	refllyllglgllll
[12, 5, 19, 5, 12, 9, 8, 9, 8, 9, 8, 9, 8, 9, 5]	leselihihihihie
[14, 19, 37, 14, 19, 37, 14, 37, 37, 1, 37, 37, 37, 37, 37]	ns-ns-n--a-----
[5, 4, 5, 8, 5, 8, 5, 8, 5, 8, 5, 4, 5, 8, 5]	edehehehehedehe
[13, 21, 1, 21, 21, 21, 21, 21, 21, 21, 21, 21, 21, 21, 19]	muauuuuuuuuuuus
[9, 5, 5, 5, 5, 5, 5, 5, 5, 5, 5, 5, 5, 5, 19]	ieeeeeeeeeeeees
[19, 18, 19, 19, 19, 19, 19, 19, 19, 19, 19, 19, 19, 19, 18]	srssssssssssssr
[9, 20, 21, 21, 21, 21, 21, 21, 21, 21, 21, 21, 21, 21, 7]	ituuuuuuuuuuuug
[18, 12, 9, 20, 20, 20, 20, 20, 20, 20, 20, 20, 20, 20, 19]	rlittttttttttts
[18, 1, 12, 1, 12, 9, 13, 7, 7, 9, 12, 7, 13, 7, 20]	ralalimggilgmgt
[9, 13, 13, 12, 16, 16, 19, 5, 1, 5, 19, 8, 8, 12, 19]	immlppseaeshhls
Epoch is 59
