experiments/20171219-153748
____________________________________________________________________________________________________
Layer (type)                     Output Shape          Param #     Connected to                     
====================================================================================================
Discriminator_Input (InputLayer) (None, 15, 38)        0                                            
____________________________________________________________________________________________________
discr_conv0 (Conv1D)             (None, 15, 20)        1540        Discriminator_Input[0][0]        
____________________________________________________________________________________________________
discr_conv1 (Conv1D)             (None, 15, 10)        1150        Discriminator_Input[0][0]        
____________________________________________________________________________________________________
batch_normalization_1 (BatchNorm (None, 15, 20)        80          discr_conv0[0][0]                
____________________________________________________________________________________________________
batch_normalization_2 (BatchNorm (None, 15, 10)        40          discr_conv1[0][0]                
____________________________________________________________________________________________________
leaky_re_lu_1 (LeakyReLU)        (None, 15, 20)        0           batch_normalization_1[0][0]      
____________________________________________________________________________________________________
leaky_re_lu_2 (LeakyReLU)        (None, 15, 10)        0           batch_normalization_2[0][0]      
____________________________________________________________________________________________________
discr_dropout0 (Dropout)         (None, 15, 20)        0           leaky_re_lu_1[0][0]              
____________________________________________________________________________________________________
discr_dropout1 (Dropout)         (None, 15, 10)        0           leaky_re_lu_2[0][0]              
____________________________________________________________________________________________________
average_pooling1d_1 (AveragePool (None, 7, 20)         0           discr_dropout0[0][0]             
____________________________________________________________________________________________________
average_pooling1d_2 (AveragePool (None, 7, 10)         0           discr_dropout1[0][0]             
____________________________________________________________________________________________________
concatenate_1 (Concatenate)      (None, 7, 30)         0           average_pooling1d_1[0][0]        
                                                                   average_pooling1d_2[0][0]        
____________________________________________________________________________________________________
lstm_1 (LSTM)                    (None, 20)            4080        concatenate_1[0][0]              
____________________________________________________________________________________________________
dense_1 (Dense)                  (None, 1)             21          lstm_1[0][0]                     
====================================================================================================
Total params: 6,911
Trainable params: 6,851
Non-trainable params: 60
____________________________________________________________________________________________________
____________________________________________________________________________________________________
Layer (type)                     Output Shape          Param #     Connected to                     
====================================================================================================
Generator_Input (InputLayer)     (None, 20)            0                                            
____________________________________________________________________________________________________
gen_repeate_vec (RepeatVector)   (None, 15, 20)        0           Generator_Input[0][0]            
____________________________________________________________________________________________________
gen_LSTM (LSTM)                  (None, 15, 38)        8968        gen_repeate_vec[0][0]            
____________________________________________________________________________________________________
dropout_1 (Dropout)              (None, 15, 38)        0           gen_LSTM[0][0]                   
____________________________________________________________________________________________________
gen_conv0 (Conv1D)               (None, 15, 20)        1540        dropout_1[0][0]                  
____________________________________________________________________________________________________
gen_conv1 (Conv1D)               (None, 15, 10)        1150        dropout_1[0][0]                  
____________________________________________________________________________________________________
leaky_re_lu_3 (LeakyReLU)        (None, 15, 20)        0           gen_conv0[0][0]                  
____________________________________________________________________________________________________
leaky_re_lu_4 (LeakyReLU)        (None, 15, 10)        0           gen_conv1[0][0]                  
____________________________________________________________________________________________________
gen_dropout0 (Dropout)           (None, 15, 20)        0           leaky_re_lu_3[0][0]              
____________________________________________________________________________________________________
gen_dropout1 (Dropout)           (None, 15, 10)        0           leaky_re_lu_4[0][0]              
____________________________________________________________________________________________________
concatenate_2 (Concatenate)      (None, 15, 30)        0           gen_dropout0[0][0]               
                                                                   gen_dropout1[0][0]               
____________________________________________________________________________________________________
decoder_end (TimeDistributed)    (None, 15, 38)        1178        concatenate_2[0][0]              
====================================================================================================
Total params: 12,836
Trainable params: 12,836
Non-trainable params: 0
____________________________________________________________________________________________________
_________________________________________________________________
Layer (type)                 Output Shape              Param #   
=================================================================
Generator (Model)            (None, 15, 38)            12836     
_________________________________________________________________
Discriminator (Model)        (None, 1)                 6911      
=================================================================
Total params: 19,747
Trainable params: 19,687
Non-trainable params: 60
_________________________________________________________________
Epoch is 0
Number of batches 174
Batch size: 128
domains_batch size:	(128, 15, 38)
generated domains shape:	(128, 15, 38)
training set shape	(128, 15, 38)
target shape (128, 1)
epoch 0	[ DISC	loss : 0.159465 ]	[ ADV	loss : 1.718990 ]
[26, 3, 32, 15, 24, 7, 22, 32, 9, 7, 0, 24, 7, 34, 36]	zc5oxgv5igxg79
[4, 1, 20, 6, 37, 32, 34, 32, 34, 16, 33, 9, 35, 24, 19]	datf-5757p6i8xs
[31, 13, 12, 29, 11, 11, 32, 23, 10, 24, 32, 21, 30, 35, 24]	4ml2kk5wjx5u38x
[37, 21, 37, 23, 8, 25, 8, 12, 8, 22, 17, 23, 37, 2, 21]	-u-whyhlhvqw-bu
[17, 7, 24, 20, 36, 37, 20, 12, 20, 34, 11, 0, 1, 6, 8]	qgxt9-tlt7kafh
[29, 14, 16, 22, 23, 1, 13, 34, 13, 21, 31, 12, 34, 5, 29]	2npvwam7mu4l7e2
[1, 10, 26, 17, 0, 4, 1, 29, 24, 9, 20, 1, 11, 21, 13]	ajzqda2xitakum
[1, 14, 6, 1, 12, 28, 1, 17, 15, 1, 26, 1, 14, 31, 9]	anfal1aqoazan4i
[17, 9, 8, 8, 7, 20, 31, 12, 33, 13, 1, 26, 37, 9, 3]	qihhgt4l6maz-ic
[24, 34, 36, 6, 1, 17, 19, 29, 28, 7, 37, 26, 1, 20, 30]	x79faqs21g-zat3
[36, 37, 34, 37, 27, 28, 18, 20, 11, 29, 8, 25, 36, 20, 31]	9-7-01rtk2hy9t4
[33, 27, 7, 17, 2, 20, 1, 36, 0, 4, 6, 22, 34, 32, 7]	60gqbta9dfv75g
[19, 12, 22, 36, 8, 26, 8, 26, 12, 14, 13, 12, 3, 18, 6]	slv9hzhzlnmlcrf
[11, 24, 13, 33, 3, 29, 32, 24, 28, 6, 37, 19, 11, 9, 14]	kxm6c25x1f-skin
[7, 3, 10, 2, 7, 6, 22, 5, 6, 1, 13, 25, 35, 13, 6]	gcjbgfvefamy8mf
Epoch is 1
epoch 1	[ DISC	loss : 0.029127 ]	[ ADV	loss : 2.263950 ]
[17, 5, 5, 2, 6, 32, 36, 4, 20, 20, 28, 26, 3, 3, 0]	qeebf59dtt1zcc
[32, 13, 1, 7, 13, 7, 7, 10, 6, 19, 15, 19, 1, 19, 3]	5magmggjfsosasc
[26, 11, 15, 1, 1, 14, 28, 15, 1, 17, 29, 1, 1, 36, 27]	zkoaan1oaq2aa90
[37, 25, 13, 33, 1, 16, 32, 1, 15, 3, 13, 28, 28, 27, 11]	-ym6ap5aocm110k
[2, 26, 30, 7, 1, 30, 1, 14, 13, 1, 1, 1, 1, 37, 12]	bz3ga3anmaaaa-l
[26, 1, 3, 7, 11, 15, 27, 29, 29, 9, 26, 1, 26, 15, 15]	zacgko022izazoo
[31, 26, 14, 15, 33, 15, 12, 34, 12, 15, 12, 12, 7, 14, 1]	4zno6ol7lollgna
[19, 1, 22, 13, 29, 23, 22, 5, 16, 9, 14, 18, 12, 18, 17]	savm2wvepinrlrq
[4, 12, 1, 0, 28, 1, 1, 1, 1, 1, 1, 1, 1, 1, 1]	dla1aaaaaaaaaa
[33, 29, 30, 7, 34, 26, 12, 26, 31, 34, 15, 20, 12, 26, 5]	623g7zlz47otlze
[7, 27, 1, 32, 0, 22, 7, 10, 36, 28, 12, 21, 30, 4, 19]	g0a5vgj91lu3ds
[26, 2, 23, 14, 12, 14, 20, 26, 12, 15, 12, 1, 26, 1, 1]	zbwnlntzlolazaa
[14, 36, 31, 1, 18, 19, 1, 5, 16, 10, 5, 6, 33, 4, 34]	n94arsaepjef6d7
[14, 11, 13, 13, 3, 9, 15, 1, 1, 20, 1, 24, 1, 17, 11]	nkmmcioaataxaqk
[31, 8, 15, 34, 34, 33, 29, 15, 15, 15, 15, 15, 15, 24, 15]	4ho7762ooooooxo
D loss too low, failure state. terminating...
