experiments/20171219-153903
____________________________________________________________________________________________________
Layer (type)                     Output Shape          Param #     Connected to                     
====================================================================================================
Discriminator_Input (InputLayer) (None, 15, 38)        0                                            
____________________________________________________________________________________________________
discr_conv0 (Conv1D)             (None, 15, 20)        1540        Discriminator_Input[0][0]        
____________________________________________________________________________________________________
discr_conv1 (Conv1D)             (None, 15, 10)        1150        Discriminator_Input[0][0]        
____________________________________________________________________________________________________
batch_normalization_1 (BatchNorm (None, 15, 20)        80          discr_conv0[0][0]                
____________________________________________________________________________________________________
batch_normalization_2 (BatchNorm (None, 15, 10)        40          discr_conv1[0][0]                
____________________________________________________________________________________________________
leaky_re_lu_1 (LeakyReLU)        (None, 15, 20)        0           batch_normalization_1[0][0]      
____________________________________________________________________________________________________
leaky_re_lu_2 (LeakyReLU)        (None, 15, 10)        0           batch_normalization_2[0][0]      
____________________________________________________________________________________________________
discr_dropout0 (Dropout)         (None, 15, 20)        0           leaky_re_lu_1[0][0]              
____________________________________________________________________________________________________
discr_dropout1 (Dropout)         (None, 15, 10)        0           leaky_re_lu_2[0][0]              
____________________________________________________________________________________________________
average_pooling1d_1 (AveragePool (None, 7, 20)         0           discr_dropout0[0][0]             
____________________________________________________________________________________________________
average_pooling1d_2 (AveragePool (None, 7, 10)         0           discr_dropout1[0][0]             
____________________________________________________________________________________________________
concatenate_1 (Concatenate)      (None, 7, 30)         0           average_pooling1d_1[0][0]        
                                                                   average_pooling1d_2[0][0]        
____________________________________________________________________________________________________
lstm_1 (LSTM)                    (None, 20)            4080        concatenate_1[0][0]              
____________________________________________________________________________________________________
dense_1 (Dense)                  (None, 1)             21          lstm_1[0][0]                     
====================================================================================================
Total params: 6,911
Trainable params: 6,851
Non-trainable params: 60
____________________________________________________________________________________________________
____________________________________________________________________________________________________
Layer (type)                     Output Shape          Param #     Connected to                     
====================================================================================================
Generator_Input (InputLayer)     (None, 20)            0                                            
____________________________________________________________________________________________________
gen_repeate_vec (RepeatVector)   (None, 15, 20)        0           Generator_Input[0][0]            
____________________________________________________________________________________________________
gen_LSTM (LSTM)                  (None, 15, 38)        8968        gen_repeate_vec[0][0]            
____________________________________________________________________________________________________
dropout_1 (Dropout)              (None, 15, 38)        0           gen_LSTM[0][0]                   
____________________________________________________________________________________________________
gen_conv0 (Conv1D)               (None, 15, 20)        1540        dropout_1[0][0]                  
____________________________________________________________________________________________________
gen_conv1 (Conv1D)               (None, 15, 10)        1150        dropout_1[0][0]                  
____________________________________________________________________________________________________
leaky_re_lu_3 (LeakyReLU)        (None, 15, 20)        0           gen_conv0[0][0]                  
____________________________________________________________________________________________________
leaky_re_lu_4 (LeakyReLU)        (None, 15, 10)        0           gen_conv1[0][0]                  
____________________________________________________________________________________________________
gen_dropout0 (Dropout)           (None, 15, 20)        0           leaky_re_lu_3[0][0]              
____________________________________________________________________________________________________
gen_dropout1 (Dropout)           (None, 15, 10)        0           leaky_re_lu_4[0][0]              
____________________________________________________________________________________________________
concatenate_2 (Concatenate)      (None, 15, 30)        0           gen_dropout0[0][0]               
                                                                   gen_dropout1[0][0]               
____________________________________________________________________________________________________
decoder_end (TimeDistributed)    (None, 15, 38)        1178        concatenate_2[0][0]              
====================================================================================================
Total params: 12,836
Trainable params: 12,836
Non-trainable params: 0
____________________________________________________________________________________________________
_________________________________________________________________
Layer (type)                 Output Shape              Param #   
=================================================================
Generator (Model)            (None, 15, 38)            12836     
_________________________________________________________________
Discriminator (Model)        (None, 1)                 6911      
=================================================================
Total params: 19,747
Trainable params: 19,687
Non-trainable params: 60
_________________________________________________________________
Epoch is 0
Number of batches 696
Batch size: 32
domains_batch size:	(32, 15, 38)
generated domains shape:	(32, 15, 38)
training set shape	(32, 15, 38)
target shape (32, 1)
epoch 0	[ DISC	loss : 0.008408 ]	[ ADV	loss : 3.882339 ]
[4, 29, 26, 22, 11, 28, 11, 2, 11, 9, 11, 11, 9, 11, 21]	d2zvk1kbkikkiku
[26, 14, 17, 20, 10, 7, 6, 20, 8, 5, 11, 20, 27, 3, 22]	znqtjgfthekt0cv
[8, 9, 1, 0, 21, 9, 27, 9, 27, 14, 1, 17, 2, 2, 29]	hiaui0i0naqbb2
[10, 33, 12, 11, 29, 33, 29, 29, 5, 11, 11, 29, 5, 5, 9]	j6lk2622ekk2eei
[27, 11, 9, 33, 29, 21, 4, 29, 3, 11, 9, 9, 9, 29, 2]	0ki62ud2ckiii2b
[26, 32, 1, 21, 33, 22, 10, 8, 31, 36, 22, 9, 6, 5, 5]	z5au6vjh49vifee
[12, 29, 11, 11, 25, 29, 11, 11, 11, 9, 29, 5, 11, 5, 11]	l2kky2kkki2ekek
[1, 9, 11, 11, 35, 11, 9, 5, 11, 11, 11, 11, 11, 11, 9]	aikk8kiekkkkkki
[14, 9, 14, 0, 3, 14, 4, 16, 9, 9, 12, 3, 14, 9, 9]	nincndpiilcnii
[33, 30, 11, 6, 30, 11, 9, 36, 29, 9, 11, 15, 34, 21, 3]	63kf3ki92iko7uc
[28, 22, 23, 24, 30, 11, 0, 0, 12, 9, 1, 14, 30, 31, 28]	1vwx3klian341
[11, 29, 20, 11, 11, 36, 11, 9, 9, 11, 11, 11, 11, 14, 9]	k2tkk9kiikkkkni
[14, 32, 11, 21, 17, 5, 9, 5, 5, 11, 11, 11, 5, 9, 15]	n5kuqeieekkkeio
[12, 5, 5, 9, 5, 9, 2, 5, 9, 11, 9, 11, 9, 29, 9]	leeieibeikiki2i
[28, 18, 9, 3, 4, 0, 27, 9, 12, 12, 9, 30, 12, 22, 27]	1ricd0illi3lv0
D loss too low, failure state. terminating...
