experiments/20171219-155510
____________________________________________________________________________________________________
Layer (type)                     Output Shape          Param #     Connected to                     
====================================================================================================
Discriminator_Input (InputLayer) (None, 15, 38)        0                                            
____________________________________________________________________________________________________
discr_conv0 (Conv1D)             (None, 15, 20)        1540        Discriminator_Input[0][0]        
____________________________________________________________________________________________________
discr_conv1 (Conv1D)             (None, 15, 10)        1150        Discriminator_Input[0][0]        
____________________________________________________________________________________________________
batch_normalization_1 (BatchNorm (None, 15, 20)        80          discr_conv0[0][0]                
____________________________________________________________________________________________________
batch_normalization_2 (BatchNorm (None, 15, 10)        40          discr_conv1[0][0]                
____________________________________________________________________________________________________
leaky_re_lu_1 (LeakyReLU)        (None, 15, 20)        0           batch_normalization_1[0][0]      
____________________________________________________________________________________________________
leaky_re_lu_2 (LeakyReLU)        (None, 15, 10)        0           batch_normalization_2[0][0]      
____________________________________________________________________________________________________
discr_dropout0 (Dropout)         (None, 15, 20)        0           leaky_re_lu_1[0][0]              
____________________________________________________________________________________________________
discr_dropout1 (Dropout)         (None, 15, 10)        0           leaky_re_lu_2[0][0]              
____________________________________________________________________________________________________
average_pooling1d_1 (AveragePool (None, 7, 20)         0           discr_dropout0[0][0]             
____________________________________________________________________________________________________
average_pooling1d_2 (AveragePool (None, 7, 10)         0           discr_dropout1[0][0]             
____________________________________________________________________________________________________
concatenate_1 (Concatenate)      (None, 7, 30)         0           average_pooling1d_1[0][0]        
                                                                   average_pooling1d_2[0][0]        
____________________________________________________________________________________________________
lstm_1 (LSTM)                    (None, 20)            4080        concatenate_1[0][0]              
____________________________________________________________________________________________________
dense_1 (Dense)                  (None, 1)             21          lstm_1[0][0]                     
====================================================================================================
Total params: 6,911
Trainable params: 6,851
Non-trainable params: 60
____________________________________________________________________________________________________
____________________________________________________________________________________________________
Layer (type)                     Output Shape          Param #     Connected to                     
====================================================================================================
Generator_Input (InputLayer)     (None, 20)            0                                            
____________________________________________________________________________________________________
gen_repeate_vec (RepeatVector)   (None, 15, 20)        0           Generator_Input[0][0]            
____________________________________________________________________________________________________
gen_LSTM (LSTM)                  (None, 15, 38)        8968        gen_repeate_vec[0][0]            
____________________________________________________________________________________________________
dropout_1 (Dropout)              (None, 15, 38)        0           gen_LSTM[0][0]                   
____________________________________________________________________________________________________
gen_conv0 (Conv1D)               (None, 15, 20)        1540        dropout_1[0][0]                  
____________________________________________________________________________________________________
gen_conv1 (Conv1D)               (None, 15, 10)        1150        dropout_1[0][0]                  
____________________________________________________________________________________________________
leaky_re_lu_3 (LeakyReLU)        (None, 15, 20)        0           gen_conv0[0][0]                  
____________________________________________________________________________________________________
leaky_re_lu_4 (LeakyReLU)        (None, 15, 10)        0           gen_conv1[0][0]                  
____________________________________________________________________________________________________
gen_dropout0 (Dropout)           (None, 15, 20)        0           leaky_re_lu_3[0][0]              
____________________________________________________________________________________________________
gen_dropout1 (Dropout)           (None, 15, 10)        0           leaky_re_lu_4[0][0]              
____________________________________________________________________________________________________
concatenate_2 (Concatenate)      (None, 15, 30)        0           gen_dropout0[0][0]               
                                                                   gen_dropout1[0][0]               
____________________________________________________________________________________________________
decoder_end (TimeDistributed)    (None, 15, 38)        1178        concatenate_2[0][0]              
====================================================================================================
Total params: 12,836
Trainable params: 12,836
Non-trainable params: 0
____________________________________________________________________________________________________
_________________________________________________________________
Layer (type)                 Output Shape              Param #   
=================================================================
Generator (Model)            (None, 15, 38)            12836     
_________________________________________________________________
Discriminator (Model)        (None, 1)                 6911      
=================================================================
Total params: 19,747
Trainable params: 19,687
Non-trainable params: 60
_________________________________________________________________
Epoch is 0
Number of batches 174
Batch size: 128
domains_batch size:	(128, 15, 38)
generated domains shape:	(128, 15, 38)
training set shape	(128, 15, 38)
target shape (128, 1)
epoch 0	[ DISC	loss : 0.728185 ]	[ ADV	loss : 0.664754 ]
[21, 32, 17, 21, 3, 17, 10, 24, 17, 17, 17, 6, 21, 24, 23]	u5qucqjxqqqfuxw
[34, 30, 36, 28, 8, 25, 30, 6, 6, 1, 23, 28, 22, 36, 24]	7391hy3ffaw1v9x
[22, 26, 34, 17, 36, 37, 5, 17, 17, 17, 17, 36, 36, 24, 22]	vz7q9-eqqqq99xv
[23, 21, 17, 24, 7, 17, 1, 36, 28, 22, 24, 17, 24, 17, 36]	wuqxgqa91vxqxq9
[24, 4, 21, 21, 0, 21, 7, 21, 24, 17, 21, 24, 1, 36, 4]	xduuuguxquxa9d
[20, 0, 23, 24, 36, 2, 17, 17, 26, 17, 36, 36, 17, 17, 28]	twx9bqqzq99qq1
[25, 21, 15, 37, 36, 22, 23, 1, 1, 28, 1, 1, 36, 31, 16]	yuo-9vwaa1aa94p
[24, 23, 34, 27, 6, 16, 12, 28, 15, 1, 28, 13, 6, 25, 28]	xw70fpl1oa1mfy1
[34, 10, 17, 1, 28, 13, 36, 21, 24, 24, 17, 24, 36, 17, 24]	7jqa1m9uxxqx9qx
[17, 3, 36, 28, 24, 10, 29, 3, 36, 1, 36, 17, 6, 18, 15]	qc91xj2c9a9qfro
[20, 7, 14, 18, 32, 20, 21, 32, 3, 20, 31, 35, 13, 30, 31]	tgnr5tu5ct48m34
[18, 37, 27, 22, 5, 6, 9, 16, 28, 1, 1, 7, 17, 1, 31]	r-0vefip1aagqa4
[35, 1, 37, 30, 14, 0, 15, 18, 11, 12, 25, 14, 6, 1, 14]	8a-3norklynfan
[26, 23, 36, 6, 16, 1, 33, 20, 16, 14, 9, 9, 35, 18, 6]	zw9fpa6tpnii8rf
[17, 37, 17, 22, 7, 24, 28, 24, 17, 36, 17, 21, 17, 10, 24]	q-qvgx1xq9quqjx
Epoch is 1
epoch 1	[ DISC	loss : 0.737637 ]	[ ADV	loss : 0.656234 ]
[19, 28, 0, 7, 36, 1, 28, 26, 29, 1, 29, 34, 17, 34, 18]	s1g9a1z2a27q7r
[3, 17, 26, 0, 28, 28, 28, 28, 36, 26, 1, 29, 20, 26, 18]	cqz11119za2tzr
[36, 16, 16, 35, 9, 6, 35, 35, 13, 30, 12, 9, 16, 35, 35]	9pp8if88m3lip88
[0, 7, 2, 0, 7, 0, 36, 7, 36, 29, 29, 24, 20, 18, 18]	gbg9g922xtrr
[25, 21, 17, 12, 35, 13, 10, 10, 16, 9, 9, 31, 6, 16, 33]	yuql8mjjpii4fp6
[19, 7, 10, 3, 36, 7, 36, 21, 28, 1, 0, 26, 36, 28, 18]	sgjc9g9u1az91r
[24, 28, 0, 26, 28, 0, 26, 28, 36, 36, 36, 20, 17, 20, 18]	x1z1z1999tqtr
[7, 36, 0, 28, 28, 7, 36, 2, 36, 24, 1, 29, 29, 14, 18]	g911g9b9xa22nr
[28, 2, 4, 34, 31, 33, 37, 0, 33, 35, 12, 14, 13, 22, 10]	1bd746-68lnmvj
[14, 4, 18, 31, 22, 7, 13, 13, 18, 9, 13, 10, 16, 35, 12]	ndr4vgmmrimjp8l
[7, 26, 26, 7, 2, 36, 36, 1, 17, 1, 24, 1, 29, 29, 18]	gzzgb99aqaxa22r
[19, 35, 16, 14, 31, 15, 16, 9, 35, 13, 10, 35, 35, 9, 22]	s8pn4opi8mj88iv
[22, 31, 9, 10, 16, 13, 10, 13, 13, 35, 22, 16, 33, 13, 11]	v4ijpmjmm8vp6mk
[35, 4, 6, 13, 13, 25, 24, 4, 21, 21, 13, 16, 35, 14, 6]	8dfmmyxduump8nf
[1, 12, 9, 25, 9, 35, 16, 11, 9, 13, 13, 35, 10, 16, 25]	aliyi8pkimm8jpy
Epoch is 2
epoch 2	[ DISC	loss : 0.742878 ]	[ ADV	loss : 0.649179 ]
[0, 0, 0, 0, 0, 28, 7, 17, 28, 30, 1, 30, 23, 30, 15]	1gq13a3w3o
[0, 7, 0, 0, 0, 36, 17, 17, 36, 3, 25, 27, 30, 5, 30]	g9qq9cy03e3
[35, 0, 0, 0, 0, 17, 7, 12, 7, 1, 23, 17, 30, 24, 15]	8qglgawq3xo
[17, 15, 5, 6, 33, 20, 30, 30, 34, 30, 30, 30, 30, 30, 23]	qoef6t33733333w
[33, 0, 0, 0, 7, 0, 0, 18, 36, 27, 27, 23, 30, 27, 24]	6gr900w30x
[0, 7, 0, 0, 0, 7, 0, 2, 7, 1, 30, 30, 6, 30, 8]	ggbga33f3h
[14, 17, 7, 15, 5, 4, 10, 13, 21, 34, 22, 22, 30, 6, 29]	nqgoedjmu7vv3f2
[28, 0, 0, 0, 0, 0, 7, 28, 27, 17, 12, 30, 18, 19, 18]	1g10ql3rsr
[12, 11, 27, 37, 8, 32, 37, 30, 33, 12, 31, 6, 33, 8, 12]	lk0-h5-36l4f6hl
[4, 2, 19, 8, 29, 14, 30, 35, 30, 5, 31, 30, 30, 30, 30]	dbsh2n383e43333
[33, 19, 25, 0, 14, 33, 15, 2, 6, 21, 30, 35, 30, 9, 34]	6syn6obfu383i7
[7, 18, 31, 24, 19, 15, 2, 33, 25, 15, 9, 21, 21, 21, 12]	gr4xsob6yoiuuul
[7, 18, 0, 28, 0, 7, 7, 17, 28, 17, 22, 30, 27, 23, 30]	gr1ggq1qv30w3
[23, 6, 20, 13, 14, 1, 30, 35, 30, 34, 30, 30, 30, 30, 6]	wftmna38373333f
[7, 28, 0, 0, 7, 0, 28, 17, 6, 27, 18, 23, 23, 35, 15]	g1g1qf0rww8o
Epoch is 3
epoch 3	[ DISC	loss : 0.735553 ]	[ ADV	loss : 0.654796 ]
[0, 0, 0, 0, 7, 17, 0, 17, 17, 18, 21, 21, 9, 21, 15]	gqqqruuiuo
[0, 0, 0, 0, 0, 17, 17, 17, 17, 17, 18, 18, 21, 15, 15]	qqqqqrruoo
[0, 7, 0, 0, 0, 0, 17, 17, 28, 17, 17, 21, 29, 21, 25]	gqq1qqu2uy
[0, 0, 0, 0, 0, 17, 17, 17, 17, 18, 15, 21, 15, 21, 23]	qqqqrououw
[7, 0, 0, 0, 0, 17, 17, 17, 17, 17, 18, 18, 21, 15, 15]	gqqqqqrruoo
[0, 7, 0, 7, 0, 17, 17, 7, 17, 17, 18, 17, 21, 21, 15]	ggqqgqqrquuo
[0, 7, 0, 7, 17, 17, 17, 17, 17, 17, 21, 15, 9, 21, 15]	ggqqqqqquoiuo
[0, 0, 0, 0, 17, 0, 17, 17, 7, 18, 15, 21, 9, 18, 15]	qqqgrouiro
[0, 0, 0, 0, 7, 0, 17, 17, 18, 18, 21, 17, 11, 34, 25]	gqqrruqk7y
[0, 0, 7, 7, 0, 0, 17, 17, 17, 35, 33, 21, 21, 21, 15]	ggqqq86uuuo
[0, 0, 0, 0, 17, 7, 17, 17, 17, 18, 17, 15, 21, 15, 15]	qgqqqrqouoo
[0, 0, 0, 0, 0, 0, 17, 28, 17, 17, 21, 18, 21, 21, 15]	q1qquruuo
[28, 0, 0, 0, 17, 7, 17, 18, 17, 18, 18, 15, 21, 21, 15]	1qgqrqrrouuo
[0, 36, 0, 0, 0, 0, 0, 17, 17, 17, 21, 18, 18, 21, 15]	9qqqurruo
[0, 0, 0, 7, 17, 17, 17, 17, 17, 18, 18, 35, 21, 21, 15]	gqqqqqrr8uuo
Epoch is 4
epoch 4	[ DISC	loss : 0.730481 ]	[ ADV	loss : 0.660807 ]
[1, 0, 0, 1, 0, 1, 1, 29, 1, 29, 29, 26, 15, 9, 8]	aaaa2a22zoih
[0, 0, 7, 0, 1, 1, 1, 1, 1, 1, 29, 29, 29, 15, 8]	gaaaaaa222oh
[13, 36, 0, 0, 1, 1, 1, 1, 1, 1, 18, 29, 15, 8, 8]	m9aaaaaar2ohh
[0, 0, 0, 1, 1, 1, 1, 1, 12, 29, 29, 29, 15, 15, 16]	aaaaal222oop
[7, 0, 7, 23, 1, 1, 1, 1, 1, 29, 18, 15, 15, 15, 8]	ggwaaaaa2roooh
[0, 0, 1, 22, 1, 1, 1, 1, 1, 18, 29, 29, 8, 15, 19]	avaaaaar22hos
[0, 0, 1, 0, 1, 1, 1, 1, 1, 18, 29, 18, 8, 15, 15]	aaaaaar2rhoo
[7, 0, 1, 7, 1, 1, 1, 12, 18, 15, 18, 15, 9, 15, 8]	gagaaalroroioh
[0, 1, 1, 22, 1, 1, 1, 1, 1, 1, 29, 29, 8, 8, 8]	aavaaaaaa22hhh
[0, 0, 1, 1, 1, 1, 1, 1, 1, 12, 18, 29, 15, 15, 8]	aaaaaaalr2ooh
[0, 1, 1, 22, 1, 1, 1, 1, 18, 29, 29, 29, 15, 15, 14]	aavaaaar222oon
[0, 0, 22, 1, 1, 1, 1, 1, 1, 1, 29, 29, 15, 29, 8]	vaaaaaaa22o2h
[0, 0, 1, 1, 1, 1, 1, 1, 12, 1, 18, 18, 26, 15, 8]	aaaaaalarrzoh
[0, 1, 0, 0, 1, 1, 1, 1, 1, 18, 29, 8, 15, 15, 8]	aaaaaar2hooh
[0, 1, 0, 1, 1, 1, 1, 1, 1, 18, 29, 8, 8, 18, 15]	aaaaaaar2hhro
Epoch is 5
epoch 5	[ DISC	loss : 0.721610 ]	[ ADV	loss : 0.665147 ]
[0, 0, 0, 0, 0, 0, 23, 18, 8, 14, 14, 14, 34, 31, 3]	wrhnnn74c
[0, 0, 0, 0, 0, 0, 18, 37, 8, 14, 34, 34, 31, 34, 14]	r-hn7747n
[0, 0, 0, 0, 0, 0, 23, 18, 8, 14, 14, 34, 34, 14, 14]	wrhnn77nn
[0, 0, 0, 0, 0, 0, 18, 18, 8, 34, 34, 34, 34, 34, 34]	rrh777777
[0, 0, 0, 0, 0, 0, 18, 37, 14, 14, 34, 34, 34, 31, 14]	r-nn7774n
[0, 0, 0, 0, 0, 0, 37, 1, 18, 14, 34, 9, 34, 34, 14]	-arn7i77n
[0, 0, 0, 0, 0, 18, 23, 8, 37, 14, 14, 34, 34, 34, 14]	rwh-nn777n
[0, 0, 0, 0, 0, 18, 37, 14, 14, 34, 8, 34, 34, 34, 14]	r-nn7h777n
[0, 0, 0, 0, 0, 37, 18, 8, 8, 14, 34, 34, 34, 34, 14]	-rhhn7777n
[0, 0, 0, 0, 0, 0, 1, 18, 37, 8, 34, 34, 14, 34, 14]	ar-h77n7n
[0, 0, 0, 0, 0, 0, 0, 37, 14, 14, 8, 34, 34, 34, 14]	-nnh777n
[0, 0, 0, 0, 0, 37, 37, 29, 14, 14, 3, 31, 31, 3, 14]	--2nnc44cn
[0, 0, 0, 0, 0, 0, 23, 18, 18, 14, 34, 34, 34, 34, 14]	wrrn7777n
[0, 0, 0, 0, 0, 0, 0, 1, 37, 9, 8, 34, 34, 34, 14]	a-ih777n
[0, 0, 0, 0, 0, 0, 18, 37, 8, 14, 14, 34, 34, 34, 14]	r-hnn777n
Epoch is 6
epoch 6	[ DISC	loss : 0.730722 ]	[ ADV	loss : 0.660487 ]
[0, 24, 30, 30, 8, 8, 8, 8, 13, 13, 13, 13, 13, 13, 19]	x33hhhhmmmmmms
[0, 30, 30, 30, 8, 8, 8, 8, 18, 13, 13, 13, 13, 13, 13]	333hhhhrmmmmmm
[0, 0, 30, 30, 8, 8, 8, 16, 8, 13, 13, 13, 13, 13, 7]	33hhhphmmmmmg
[30, 18, 30, 30, 8, 8, 8, 8, 13, 13, 13, 13, 13, 13, 3]	3r33hhhhmmmmmmc
[0, 0, 30, 30, 30, 30, 8, 8, 8, 13, 13, 13, 13, 13, 28]	3333hhhmmmmm1
[0, 22, 30, 30, 8, 8, 8, 8, 8, 13, 13, 13, 13, 13, 3]	v33hhhhhmmmmmc
[30, 0, 30, 30, 8, 8, 8, 8, 13, 11, 13, 13, 13, 13, 5]	333hhhhmkmmmme
[0, 0, 30, 30, 8, 8, 8, 8, 8, 13, 13, 13, 13, 13, 3]	33hhhhhmmmmmc
[0, 0, 30, 30, 8, 8, 8, 8, 13, 13, 13, 13, 13, 13, 7]	33hhhhmmmmmmg
[0, 0, 30, 8, 30, 8, 8, 8, 8, 13, 13, 13, 13, 13, 5]	3h3hhhhmmmmme
[6, 0, 30, 30, 30, 8, 8, 8, 8, 13, 13, 13, 13, 13, 34]	f333hhhhmmmmm7
[0, 30, 30, 30, 30, 8, 8, 8, 13, 13, 13, 13, 13, 13, 3]	3333hhhmmmmmmc
[0, 30, 30, 30, 30, 8, 8, 8, 13, 13, 13, 13, 13, 13, 11]	3333hhhmmmmmmk
[0, 0, 30, 30, 8, 8, 8, 16, 13, 13, 13, 13, 13, 13, 3]	33hhhpmmmmmmc
[0, 0, 30, 30, 30, 8, 8, 8, 8, 13, 13, 13, 13, 13, 28]	333hhhhmmmmm1
Epoch is 7
epoch 7	[ DISC	loss : 0.725847 ]	[ ADV	loss : 0.665774 ]
[0, 10, 0, 32, 9, 9, 9, 16, 33, 16, 16, 3, 28, 28, 19]	j5iiip6ppc11s
[24, 0, 6, 18, 33, 9, 20, 20, 8, 3, 16, 28, 28, 19, 28]	xfr6itthcp11s1
[0, 0, 6, 20, 30, 9, 33, 16, 16, 16, 16, 13, 28, 28, 19]	ft3i6ppppm11s
[0, 0, 30, 33, 30, 8, 26, 16, 3, 16, 8, 16, 13, 28, 19]	363hzpcphpm1s
[0, 0, 12, 33, 9, 16, 20, 33, 16, 3, 8, 13, 19, 28, 19]	l6ipt6pchms1s
[0, 0, 24, 10, 9, 9, 16, 9, 8, 8, 16, 16, 13, 28, 19]	xjiipihhppm1s
[0, 0, 0, 35, 20, 33, 9, 16, 16, 16, 16, 13, 28, 28, 19]	8t6ippppm11s
[6, 0, 30, 30, 35, 8, 16, 16, 16, 8, 16, 8, 28, 28, 19]	f338hppphph11s
[0, 0, 30, 9, 20, 33, 8, 16, 16, 16, 16, 28, 28, 31, 19]	3it6hpppp114s
[32, 0, 0, 6, 10, 8, 26, 33, 16, 16, 16, 28, 28, 31, 19]	5fjhz6ppp114s
[0, 0, 30, 20, 33, 26, 20, 9, 16, 16, 16, 14, 28, 28, 19]	3t6ztipppn11s
[0, 32, 0, 26, 9, 16, 8, 16, 8, 33, 16, 14, 28, 28, 19]	5ziphph6pn11s
[0, 0, 0, 9, 10, 35, 33, 8, 16, 16, 16, 14, 28, 28, 19]	ij86hpppn11s
[0, 30, 32, 16, 9, 9, 9, 16, 16, 16, 16, 13, 28, 28, 19]	35piiippppm11s
[0, 24, 6, 33, 30, 26, 16, 16, 8, 16, 8, 8, 28, 28, 19]	xf63zpphphh11s
Epoch is 8
epoch 8	[ DISC	loss : 0.714601 ]	[ ADV	loss : 0.666021 ]
[12, 0, 0, 0, 6, 0, 0, 0, 6, 6, 0, 0, 6, 20, 15]	lffffto
[0, 6, 6, 0, 0, 0, 0, 0, 0, 0, 0, 6, 20, 20, 7]	fffttg
[12, 0, 0, 32, 6, 0, 0, 0, 0, 0, 0, 6, 9, 20, 28]	l5ffit1
[0, 0, 0, 0, 6, 0, 6, 0, 6, 0, 0, 20, 20, 20, 7]	ffftttg
[0, 6, 0, 0, 0, 0, 0, 0, 0, 0, 0, 32, 0, 9, 31]	f5i4
[12, 0, 0, 0, 32, 0, 0, 0, 0, 0, 0, 9, 9, 31, 7]	l5ii4g
[0, 6, 32, 0, 0, 32, 0, 0, 0, 0, 0, 0, 22, 20, 7]	f55vtg
[0, 0, 0, 0, 0, 6, 0, 0, 0, 0, 0, 0, 20, 20, 31]	ftt4
[0, 0, 6, 0, 0, 0, 0, 0, 0, 0, 0, 6, 20, 20, 34]	fftt7
[6, 0, 6, 0, 0, 0, 0, 0, 0, 0, 0, 0, 9, 9, 7]	ffiig
[18, 6, 12, 0, 0, 0, 0, 0, 0, 6, 0, 0, 20, 20, 10]	rflfttj
[30, 6, 0, 6, 6, 0, 0, 0, 6, 0, 0, 9, 20, 31, 7]	3ffffit4g
[0, 32, 0, 0, 0, 0, 0, 0, 0, 6, 6, 0, 20, 9, 28]	5ffti1
[6, 0, 0, 6, 0, 0, 0, 0, 6, 0, 0, 6, 9, 20, 7]	ffffitg
[0, 0, 0, 0, 6, 0, 0, 0, 0, 0, 6, 0, 9, 20, 10]	ffitj
Epoch is 9
epoch 9	[ DISC	loss : 0.725920 ]	[ ADV	loss : 0.662949 ]
[6, 0, 26, 0, 18, 35, 6, 35, 18, 35, 6, 12, 12, 12, 12]	fzr8f8r8fllll
[0, 18, 18, 0, 18, 35, 18, 6, 18, 35, 12, 18, 6, 12, 12]	rrr8rfr8lrfll
[35, 0, 0, 0, 0, 18, 0, 35, 6, 6, 12, 12, 12, 12, 12]	8r8fflllll
[35, 6, 0, 0, 0, 35, 35, 35, 6, 12, 12, 12, 12, 12, 18]	8f888flllllr
[0, 0, 0, 0, 18, 35, 35, 12, 6, 6, 12, 12, 6, 12, 12]	r88lffllfll
[30, 0, 0, 0, 35, 0, 35, 18, 6, 12, 6, 12, 12, 12, 12]	388rflfllll
[0, 12, 0, 35, 18, 30, 18, 35, 6, 35, 6, 6, 12, 12, 12]	l8r3r8f8fflll
[5, 0, 18, 30, 0, 18, 18, 35, 35, 18, 35, 6, 12, 12, 6]	er3rr88r8fllf
[22, 12, 0, 0, 35, 35, 18, 35, 35, 6, 12, 12, 12, 12, 12]	vl88r88flllll
[0, 0, 35, 0, 0, 0, 18, 0, 35, 35, 12, 12, 12, 12, 12]	8r88lllll
[35, 26, 35, 0, 18, 18, 35, 35, 18, 12, 6, 6, 6, 12, 12]	8z8rr88rlfffll
[0, 0, 0, 0, 35, 35, 18, 0, 6, 12, 12, 12, 12, 12, 12]	88rfllllll
[0, 22, 0, 0, 6, 35, 35, 18, 18, 12, 12, 12, 12, 12, 12]	vf88rrllllll
[18, 18, 0, 6, 35, 35, 35, 12, 6, 35, 6, 12, 12, 12, 12]	rrf888lf8fllll
[0, 0, 0, 6, 0, 35, 0, 18, 0, 12, 12, 12, 12, 12, 12]	f8rllllll
Epoch is 10
epoch 10	[ DISC	loss : 0.703860 ]	[ ADV	loss : 0.658558 ]
[0, 0, 0, 18, 12, 12, 18, 26, 18, 18, 18, 12, 18, 12, 18]	rllrzrrrlrlr
[0, 18, 18, 12, 12, 12, 18, 6, 18, 12, 18, 26, 12, 26, 18]	rrlllrfrlrzlzr
[0, 26, 18, 18, 12, 18, 18, 26, 12, 18, 26, 12, 12, 18, 18]	zrrlrrzlrzllrr
[0, 0, 0, 26, 26, 26, 26, 26, 12, 18, 26, 18, 26, 12, 18]	zzzzzlrzrzlr
[12, 0, 0, 26, 18, 26, 18, 18, 18, 26, 26, 18, 26, 18, 18]	lzrzrrrzzrzrr
[18, 0, 18, 26, 12, 26, 18, 18, 26, 18, 26, 18, 18, 26, 12]	rrzlzrrzrzrrzl
[0, 26, 26, 26, 18, 12, 18, 12, 26, 12, 26, 12, 26, 12, 18]	zzzrlrlzlzlzlr
[0, 0, 0, 12, 26, 26, 18, 18, 12, 12, 26, 18, 18, 12, 12]	lzzrrllzrrll
[0, 0, 0, 12, 18, 18, 12, 18, 26, 18, 26, 18, 18, 18, 18]	lrrlrzrzrrrr
[0, 0, 12, 12, 26, 12, 26, 26, 12, 12, 26, 26, 18, 18, 18]	llzlzzllzzrrr
[0, 26, 26, 12, 26, 12, 26, 12, 18, 26, 12, 12, 18, 18, 18]	zzlzlzlrzllrrr
[0, 18, 26, 18, 26, 26, 18, 12, 12, 12, 12, 18, 12, 12, 18]	rzrzzrllllrllr
[0, 0, 0, 18, 26, 26, 18, 18, 12, 26, 26, 26, 26, 12, 18]	rzzrrlzzzzlr
[18, 0, 0, 0, 6, 18, 18, 18, 18, 26, 12, 26, 26, 26, 18]	rfrrrrzlzzzr
[0, 0, 0, 12, 18, 26, 26, 26, 18, 18, 12, 18, 12, 18, 18]	lrzzzrrlrlrr
Epoch is 11
epoch 11	[ DISC	loss : 0.745567 ]	[ ADV	loss : 0.639387 ]
[12, 18, 18, 18, 18, 26, 18, 18, 26, 12, 12, 12, 10, 10, 19]	lrrrrzrrzllljjs
[12, 18, 18, 26, 18, 6, 12, 18, 12, 12, 12, 10, 10, 10, 7]	lrrzrflrllljjjg
[18, 18, 18, 18, 18, 26, 26, 18, 12, 12, 12, 12, 10, 10, 7]	rrrrrzzrlllljjg
[12, 12, 12, 12, 26, 18, 12, 12, 12, 12, 10, 10, 7, 10, 12]	llllzrlllljjgjl
[12, 26, 18, 18, 18, 12, 12, 12, 12, 12, 12, 10, 10, 10, 7]	lzrrrlllllljjjg
[0, 26, 18, 18, 18, 18, 18, 26, 18, 18, 12, 12, 12, 10, 12]	zrrrrrzrrllljl
[26, 26, 26, 26, 26, 18, 18, 26, 12, 6, 12, 12, 12, 10, 12]	zzzzzrrzlfllljl
[12, 18, 26, 26, 18, 18, 18, 18, 12, 12, 12, 12, 12, 10, 12]	lrzzrrrrllllljl
[18, 18, 18, 18, 26, 18, 33, 12, 12, 12, 12, 6, 12, 10, 12]	rrrrzr6llllfljl
[18, 18, 18, 18, 18, 26, 18, 12, 12, 12, 12, 6, 10, 10, 34]	rrrrrzrllllfjj7
[0, 18, 18, 18, 18, 26, 18, 12, 12, 12, 12, 12, 12, 10, 12]	rrrrzrlllllljl
[12, 18, 26, 26, 18, 26, 18, 12, 12, 12, 12, 12, 10, 10, 10]	lrzzrzrllllljjj
[26, 18, 26, 18, 26, 18, 18, 18, 18, 12, 12, 12, 12, 10, 12]	zrzrzrrrrlllljl
[12, 18, 18, 26, 18, 18, 26, 12, 18, 18, 12, 12, 12, 10, 12]	lrrzrrzlrrllljl
[12, 18, 26, 26, 18, 12, 12, 6, 12, 12, 12, 10, 10, 10, 10]	lrzzrllfllljjjj
Epoch is 12
epoch 12	[ DISC	loss : 0.724818 ]	[ ADV	loss : 0.645228 ]
[12, 12, 18, 33, 33, 20, 20, 20, 33, 12, 12, 20, 6, 20, 25]	llr66ttt6lltfty
[18, 26, 26, 20, 33, 33, 20, 9, 9, 9, 12, 3, 6, 12, 3]	rzzt66tiiilcflc
[18, 3, 33, 26, 20, 20, 33, 12, 20, 9, 3, 3, 9, 33, 3]	rc6ztt6lticci6c
[18, 26, 26, 26, 12, 33, 33, 20, 6, 20, 20, 9, 20, 12, 12]	rzzzl66tfttitll
[30, 12, 33, 33, 20, 3, 20, 33, 20, 20, 9, 9, 6, 3, 3]	3l66tct6ttiifcc
[12, 26, 18, 18, 33, 12, 20, 3, 33, 9, 9, 3, 12, 3, 3]	lzrr6ltc6iiclcc
[0, 18, 33, 33, 8, 33, 9, 33, 9, 20, 9, 9, 12, 12, 3]	r66h6i6itiillc
[26, 6, 9, 33, 33, 20, 33, 20, 9, 20, 9, 9, 3, 12, 3]	zfi66t6titiiclc
[18, 18, 3, 26, 33, 12, 20, 20, 20, 3, 9, 12, 3, 12, 3]	rrcz6ltttcilclc
[0, 26, 12, 12, 3, 33, 33, 33, 33, 20, 12, 6, 16, 12, 3]	zllc6666tlfplc
[12, 26, 26, 26, 33, 33, 33, 20, 20, 20, 12, 6, 20, 12, 3]	lzzz666tttlftlc
[18, 18, 18, 33, 33, 20, 33, 20, 12, 20, 9, 12, 9, 12, 3]	rrr66t6tltililc
[12, 33, 18, 3, 6, 33, 33, 20, 3, 20, 3, 33, 20, 9, 3]	l6rcf66tctc6tic
[12, 16, 18, 12, 33, 20, 33, 20, 6, 20, 20, 9, 3, 20, 3]	lprl6t6tfttictc
[12, 26, 12, 26, 3, 3, 33, 33, 33, 3, 12, 33, 12, 9, 3]	lzlzcc666cl6lic
Epoch is 13
epoch 13	[ DISC	loss : 0.755857 ]	[ ADV	loss : 0.633451 ]
[0, 0, 0, 0, 0, 0, 0, 15, 19, 19, 19, 19, 1, 36, 36]	ossssa99
[0, 0, 0, 0, 0, 0, 0, 0, 0, 19, 19, 19, 1, 5, 5]	sssaee
[0, 0, 0, 0, 0, 0, 0, 15, 19, 19, 19, 1, 1, 36, 5]	osssaa9e
[0, 0, 0, 0, 0, 0, 0, 19, 19, 19, 36, 5, 1, 5, 36]	sss9eae9
[0, 0, 0, 0, 0, 0, 9, 19, 19, 19, 24, 1, 1, 1, 1]	isssxaaaa
[0, 0, 0, 0, 0, 0, 0, 15, 15, 19, 19, 36, 36, 36, 5]	ooss999e
[0, 0, 0, 0, 0, 0, 0, 19, 19, 19, 1, 19, 36, 5, 5]	sssas9ee
[0, 0, 0, 0, 0, 0, 0, 0, 15, 19, 19, 19, 1, 5, 5]	osssaee
[0, 0, 0, 0, 0, 0, 0, 15, 19, 19, 19, 19, 37, 5, 5]	ossss-ee
[0, 0, 0, 0, 0, 0, 0, 15, 19, 19, 19, 19, 5, 24, 5]	ossssexe
[0, 0, 0, 0, 0, 0, 0, 0, 15, 19, 19, 19, 5, 36, 5]	ossse9e
[0, 0, 0, 0, 0, 0, 0, 0, 19, 19, 19, 19, 5, 5, 5]	sssseee
[0, 0, 0, 0, 0, 0, 0, 9, 15, 19, 19, 19, 36, 5, 5]	iosss9ee
[0, 0, 0, 0, 0, 0, 0, 19, 19, 19, 19, 1, 36, 36, 5]	ssssa99e
[0, 0, 0, 0, 0, 0, 0, 15, 19, 19, 19, 1, 36, 5, 1]	osssa9ea
Epoch is 14
epoch 14	[ DISC	loss : 0.731886 ]	[ ADV	loss : 0.656879 ]
[0, 0, 0, 0, 0, 0, 0, 0, 31, 31, 37, 19, 1, 1, 6]	44-saaf
[18, 0, 0, 0, 31, 31, 15, 19, 1, 1, 1, 20, 20, 20, 6]	r44osaaatttf
[34, 0, 0, 0, 0, 0, 0, 0, 0, 0, 31, 31, 19, 19, 19]	744sss
[0, 0, 0, 0, 31, 19, 1, 1, 23, 20, 20, 20, 20, 20, 6]	4saawtttttf
[0, 0, 0, 0, 0, 34, 31, 31, 31, 27, 19, 1, 23, 20, 26]	74440sawtz
[0, 0, 7, 31, 15, 19, 27, 1, 1, 20, 20, 20, 20, 20, 6]	g4os0aatttttf
[0, 0, 0, 0, 7, 31, 15, 19, 1, 1, 20, 17, 20, 20, 6]	g4osaatqttf
[0, 0, 0, 0, 0, 0, 31, 31, 15, 19, 32, 1, 1, 20, 6]	44os5aatf
[0, 0, 0, 3, 31, 15, 15, 19, 1, 24, 20, 20, 20, 20, 6]	c4oosaxttttf
[0, 0, 0, 0, 7, 31, 32, 32, 1, 1, 24, 20, 20, 20, 6]	g455aaxtttf
[0, 0, 0, 0, 0, 0, 31, 31, 27, 1, 19, 5, 20, 20, 6]	440asettf
[0, 0, 7, 31, 15, 27, 1, 1, 1, 20, 20, 20, 20, 20, 6]	g4o0aaatttttf
[0, 31, 34, 9, 15, 19, 1, 1, 23, 20, 20, 20, 20, 20, 6]	47iosaawtttttf
[0, 0, 0, 0, 7, 7, 19, 19, 1, 1, 20, 20, 20, 20, 6]	ggssaattttf
[0, 0, 0, 0, 0, 0, 0, 0, 0, 0, 7, 31, 31, 15, 25]	g44oy
Epoch is 15
epoch 15	[ DISC	loss : 0.722933 ]	[ ADV	loss : 0.658702 ]
[0, 0, 0, 34, 7, 7, 13, 14, 14, 23, 5, 5, 1, 5, 6]	7ggmnnweeaef
[0, 31, 13, 13, 14, 14, 1, 1, 5, 5, 5, 5, 5, 5, 6]	4mmnnaaeeeeeef
[3, 0, 0, 37, 13, 13, 14, 14, 1, 5, 5, 5, 5, 5, 6]	c-mmnnaeeeeef
[0, 0, 0, 0, 0, 7, 0, 7, 7, 14, 14, 14, 5, 5, 6]	gggnnneef
[0, 3, 7, 16, 14, 14, 14, 5, 5, 5, 5, 5, 5, 1, 6]	cgpnnneeeeeeaf
[0, 0, 0, 0, 0, 7, 7, 7, 7, 7, 14, 14, 14, 5, 1]	gggggnnnea
[0, 0, 0, 0, 0, 7, 0, 13, 14, 14, 14, 1, 1, 5, 18]	gmnnnaaer
[0, 33, 14, 14, 14, 23, 5, 5, 5, 5, 5, 1, 5, 5, 6]	6nnnweeeeeaeef
[6, 18, 14, 14, 14, 5, 5, 5, 5, 5, 5, 5, 5, 5, 6]	frnnneeeeeeeeef
[0, 0, 18, 0, 0, 13, 13, 14, 14, 1, 23, 5, 5, 5, 6]	rmmnnaweeef
[26, 0, 16, 30, 14, 14, 5, 5, 5, 23, 5, 5, 5, 5, 20]	zp3nneeeweeeet
[0, 0, 0, 0, 7, 13, 13, 14, 1, 5, 5, 5, 5, 5, 20]	gmmnaeeeeet
[0, 0, 7, 16, 7, 7, 14, 14, 14, 5, 5, 5, 5, 1, 6]	gpggnnneeeeaf
[31, 16, 14, 14, 14, 5, 5, 5, 5, 5, 5, 1, 5, 5, 6]	4pnnneeeeeeaeef
[0, 7, 0, 0, 3, 0, 7, 13, 14, 14, 5, 5, 1, 5, 20]	gcgmnneeaet
Epoch is 16
epoch 16	[ DISC	loss : 0.741456 ]	[ ADV	loss : 0.648279 ]
[34, 0, 0, 0, 0, 0, 0, 0, 13, 13, 13, 2, 27, 23, 23]	7mmmb0ww
[11, 10, 14, 35, 5, 5, 5, 35, 35, 35, 35, 35, 35, 35, 20]	kjn8eee8888888t
[34, 0, 0, 0, 0, 0, 0, 34, 13, 2, 32, 27, 5, 5, 20]	77mb50eet
[3, 0, 0, 0, 0, 0, 7, 2, 13, 2, 32, 27, 21, 5, 9]	cgbmb50uei
[0, 35, 14, 35, 5, 5, 5, 5, 35, 35, 35, 35, 35, 35, 9]	8n8eeee888888i
[20, 4, 35, 14, 5, 5, 5, 5, 35, 35, 35, 35, 35, 35, 9]	td8neeee888888i
[34, 0, 0, 0, 0, 0, 0, 0, 0, 13, 2, 2, 35, 27, 35]	7mbb808
[0, 0, 4, 2, 35, 35, 5, 5, 35, 35, 35, 35, 35, 35, 12]	db88ee888888l
[0, 11, 0, 0, 25, 13, 35, 35, 5, 5, 35, 20, 35, 35, 9]	kym88ee8t88i
[16, 16, 14, 32, 35, 5, 5, 5, 35, 35, 35, 35, 35, 35, 9]	ppn58eee888888i
[0, 0, 0, 34, 0, 0, 0, 0, 0, 2, 14, 2, 32, 21, 23]	7bnb5uw
[10, 13, 15, 35, 5, 5, 5, 5, 20, 35, 35, 35, 35, 35, 9]	jmo8eeeet88888i
[0, 0, 0, 0, 34, 0, 34, 0, 0, 0, 13, 13, 13, 35, 7]	77mmm8g
[24, 13, 13, 35, 35, 5, 5, 5, 5, 35, 35, 35, 32, 35, 9]	xmm88eeee88858i
[11, 34, 13, 14, 5, 5, 35, 35, 21, 35, 35, 35, 35, 35, 9]	k7mnee88u88888i
Epoch is 17
epoch 17	[ DISC	loss : 0.746216 ]	[ ADV	loss : 0.649360 ]
[0, 11, 0, 0, 0, 0, 13, 13, 4, 4, 4, 4, 2, 17, 1]	kmmddddbqa
[0, 30, 31, 30, 10, 36, 31, 2, 13, 2, 4, 4, 2, 17, 17]	343j94bmbddbqq
[31, 0, 0, 31, 34, 0, 13, 2, 4, 2, 2, 4, 2, 2, 36]	447mbdbbdbb9
[30, 20, 29, 6, 0, 13, 2, 4, 4, 2, 4, 2, 4, 2, 1]	3t2fmbddbdbdba
[31, 11, 0, 31, 13, 14, 4, 4, 4, 2, 4, 2, 2, 21, 17]	4k4mndddbdbbuq
[34, 6, 31, 0, 36, 36, 27, 2, 2, 4, 4, 4, 4, 5, 17]	7f4990bbddddeq
[31, 0, 0, 0, 0, 0, 6, 13, 2, 4, 4, 4, 2, 2, 7]	4fmbdddbbg
[0, 31, 10, 4, 4, 4, 4, 35, 5, 5, 5, 37, 37, 19, 6]	4jdddd8eee--sf
[24, 5, 13, 7, 0, 4, 4, 4, 4, 4, 2, 4, 7, 17, 19]	xemgdddddbdgqs
[6, 16, 2, 21, 4, 4, 4, 5, 5, 5, 37, 37, 37, 19, 20]	fpbudddeee---st
[11, 0, 31, 0, 0, 34, 13, 2, 2, 2, 4, 4, 4, 2, 17]	k47mbbbdddbq
[0, 30, 36, 2, 4, 2, 2, 4, 4, 2, 4, 2, 4, 17, 1]	39bdbbddbdbdqa
[34, 6, 30, 0, 0, 36, 2, 2, 4, 2, 2, 2, 2, 7, 29]	7f39bbdbbbbg2
[12, 6, 6, 0, 0, 34, 30, 0, 13, 4, 4, 2, 4, 2, 1]	lff73mddbdba
[0, 0, 0, 0, 0, 34, 31, 13, 2, 4, 4, 4, 4, 17, 24]	74mbddddqx
Epoch is 18
epoch 18	[ DISC	loss : 0.734925 ]	[ ADV	loss : 0.653658 ]
[4, 0, 32, 4, 5, 5, 19, 19, 19, 19, 16, 33, 20, 12, 6]	d5deessssp6tlf
[0, 27, 4, 20, 35, 35, 19, 19, 19, 19, 20, 20, 9, 20, 11]	0dt88ssssttitk
[11, 4, 4, 5, 5, 5, 19, 19, 9, 19, 19, 9, 12, 12, 11]	kddeeessissillk
[19, 0, 0, 29, 0, 0, 0, 0, 2, 21, 21, 21, 21, 1, 17]	s2buuuuaq
[0, 0, 0, 36, 0, 0, 0, 4, 4, 21, 21, 17, 21, 21, 1]	9dduuquua
[0, 29, 0, 0, 0, 0, 4, 21, 21, 17, 17, 17, 1, 7, 1]	2duuqqqaga
[16, 30, 31, 29, 35, 5, 5, 5, 19, 19, 33, 20, 20, 9, 16]	p3428eeess6ttip
[30, 0, 0, 0, 0, 22, 4, 21, 21, 17, 1, 17, 17, 1, 11]	3vduuqaqqak
[16, 4, 35, 35, 35, 5, 19, 19, 25, 32, 19, 33, 12, 20, 11]	pd888essy5s6ltk
[0, 0, 0, 0, 0, 0, 0, 0, 4, 21, 21, 17, 17, 17, 1]	duuqqqa
[11, 34, 31, 4, 4, 5, 5, 19, 19, 19, 19, 9, 12, 9, 20]	k74ddeessssilit
[19, 31, 19, 6, 4, 5, 5, 19, 19, 19, 19, 33, 12, 20, 9]	s4sfdeessss6lti
[0, 11, 4, 35, 35, 5, 19, 19, 19, 19, 19, 19, 16, 12, 12]	kd88esssssspll
[6, 0, 0, 0, 0, 0, 0, 0, 0, 4, 21, 21, 21, 17, 1]	fduuuqa
[25, 4, 20, 35, 5, 5, 19, 19, 32, 19, 19, 19, 37, 9, 11]	ydt8eess5sss-ik
Epoch is 19
epoch 19	[ DISC	loss : 0.726099 ]	[ ADV	loss : 0.654152 ]
[0, 0, 4, 4, 20, 5, 25, 18, 3, 18, 32, 18, 32, 24, 33]	ddteyrcr5r5x6
[12, 0, 12, 4, 20, 18, 5, 18, 18, 18, 18, 32, 32, 3, 26]	lldtrerrrr55cz
[4, 20, 20, 35, 25, 25, 5, 18, 25, 18, 18, 18, 3, 18, 32]	dtt8yyeryrrrcr5
[0, 4, 35, 20, 25, 25, 25, 18, 18, 18, 18, 3, 3, 33, 26]	d8tyyyrrrrcc6z
[0, 0, 0, 10, 0, 10, 0, 35, 5, 1, 18, 1, 1, 18, 33]	jj8earaar6
[33, 20, 35, 20, 16, 5, 18, 25, 18, 18, 18, 18, 18, 33, 26]	6t8tperyrrrrr6z
[6, 11, 4, 35, 18, 25, 25, 18, 18, 18, 18, 32, 32, 33, 26]	fkd8ryyrrrr556z
[12, 20, 20, 20, 18, 25, 25, 19, 18, 18, 18, 18, 18, 18, 6]	ltttryysrrrrrrf
[0, 31, 20, 20, 35, 25, 5, 1, 18, 18, 18, 18, 33, 3, 26]	4tt8yearrrr6cz
[36, 29, 0, 0, 0, 0, 0, 5, 5, 1, 1, 1, 18, 3, 24]	92eeaaarcx
[0, 20, 4, 20, 14, 25, 18, 18, 18, 18, 18, 25, 18, 32, 26]	tdtnyrrrrryr5z
[34, 11, 11, 20, 35, 25, 3, 18, 32, 18, 18, 18, 32, 32, 26]	7kkt8ycr5rrr55z
[0, 0, 36, 0, 0, 0, 31, 5, 5, 1, 1, 32, 18, 18, 33]	94eeaa5rr6
[0, 31, 0, 0, 0, 0, 0, 5, 1, 1, 1, 25, 20, 32, 26]	4eaaayt5z
[6, 0, 0, 0, 0, 4, 5, 5, 18, 32, 18, 3, 18, 3, 26]	fdeer5rcrcz
Epoch is 20
epoch 20	[ DISC	loss : 0.728652 ]	[ ADV	loss : 0.649712 ]
[0, 0, 10, 0, 0, 5, 5, 1, 15, 8, 8, 30, 6, 30, 30]	jeeaohh3f33
[28, 0, 36, 36, 5, 5, 1, 1, 15, 8, 34, 6, 9, 34, 6]	199eeaaoh7fi7f
[0, 29, 0, 36, 10, 5, 23, 1, 1, 8, 34, 9, 33, 34, 28]	29jewaah7i671
[11, 11, 19, 19, 19, 15, 15, 15, 15, 15, 15, 8, 15, 9, 9]	kksssoooooohoii
[28, 0, 0, 0, 0, 0, 23, 1, 1, 15, 34, 34, 6, 6, 30]	1waao77ff3
[10, 0, 0, 0, 10, 21, 5, 1, 25, 8, 8, 34, 9, 9, 6]	jjueayhh7iif
[12, 0, 0, 1, 18, 19, 19, 15, 15, 15, 15, 34, 34, 9, 11]	larssoooo77ik
[31, 33, 20, 19, 19, 5, 25, 15, 15, 15, 34, 34, 9, 9, 30]	46tsseyooo77ii3
[31, 16, 14, 19, 15, 15, 15, 15, 15, 15, 8, 34, 6, 34, 30]	4pnsooooooh7f73
[6, 36, 12, 0, 31, 5, 23, 3, 15, 25, 34, 34, 34, 6, 34]	f9l4ewcoy777f7
[10, 0, 0, 10, 0, 17, 5, 5, 25, 15, 34, 34, 34, 30, 9]	jjqeeyo7773i
[10, 31, 0, 4, 25, 15, 15, 15, 15, 34, 9, 34, 30, 34, 6]	j4dyoooo7i737f
[10, 28, 0, 0, 0, 5, 5, 1, 15, 34, 8, 34, 30, 9, 30]	j1eeao7h73i3
[12, 35, 4, 20, 5, 15, 15, 15, 15, 15, 34, 34, 9, 6, 34]	l8dteooooo77if7
[0, 0, 0, 0, 0, 5, 5, 15, 1, 34, 34, 6, 30, 8, 9]	eeoa77f3hi
Epoch is 21
epoch 21	[ DISC	loss : 0.730095 ]	[ ADV	loss : 0.656036 ]
[0, 0, 29, 31, 10, 27, 5, 15, 15, 3, 1, 15, 20, 12, 12]	24j0eoocaotll
[12, 0, 0, 7, 5, 5, 3, 1, 1, 16, 22, 22, 12, 12, 26]	lgeecaapvvllz
[0, 37, 19, 19, 19, 3, 15, 1, 15, 16, 22, 12, 12, 12, 12]	-ssscoaopvllll
[31, 19, 37, 18, 16, 5, 16, 1, 15, 15, 3, 24, 22, 12, 20]	4s-rpepaoocxvlt
[0, 37, 19, 19, 5, 15, 1, 15, 16, 16, 22, 22, 12, 26, 12]	-sseoaoppvvlzl
[0, 12, 19, 19, 5, 16, 16, 15, 15, 16, 22, 12, 12, 12, 26]	lsseppoopvlllz
[9, 20, 19, 15, 16, 15, 15, 15, 15, 16, 22, 10, 12, 12, 12]	itsopoooopvjlll
[12, 0, 12, 0, 7, 5, 15, 15, 16, 16, 22, 22, 10, 10, 12]	llgeooppvvjjl
[0, 12, 12, 0, 0, 0, 0, 5, 15, 1, 1, 8, 22, 22, 10]	lleoaahvvj
[34, 9, 19, 19, 16, 3, 3, 15, 16, 16, 22, 22, 22, 22, 10]	7isspccoppvvvvj
[0, 37, 20, 5, 3, 15, 16, 1, 1, 20, 22, 12, 12, 12, 12]	-tecopaatvllll
[28, 0, 0, 11, 37, 5, 16, 16, 1, 16, 16, 22, 10, 28, 12]	1k-eppappvj1l
[0, 0, 0, 0, 31, 15, 15, 15, 1, 1, 15, 22, 22, 22, 6]	4oooaaovvvf
[29, 12, 36, 5, 5, 15, 15, 1, 15, 16, 15, 24, 22, 12, 10]	2l9eeooaopoxvlj
[29, 11, 0, 0, 29, 0, 27, 15, 15, 15, 16, 22, 22, 12, 20]	2k20ooopvvlt
Epoch is 22
epoch 22	[ DISC	loss : 0.744151 ]	[ ADV	loss : 0.644581 ]
[0, 0, 6, 0, 37, 0, 0, 4, 3, 3, 15, 14, 14, 14, 16]	f-dcconnnp
[0, 20, 7, 3, 1, 1, 14, 14, 14, 14, 14, 14, 14, 14, 29]	tgcaannnnnnnn2
[0, 0, 37, 30, 0, 0, 0, 4, 3, 1, 1, 1, 14, 14, 16]	-3dcaaannp
[0, 12, 0, 0, 0, 0, 0, 37, 20, 15, 3, 1, 14, 14, 16]	l-tocannp
[0, 28, 0, 0, 0, 0, 0, 10, 0, 20, 15, 3, 1, 14, 16]	1jtocanp
[32, 0, 0, 30, 0, 0, 0, 0, 20, 19, 3, 1, 1, 14, 16]	53tscaanp
[0, 0, 0, 0, 0, 0, 0, 0, 0, 4, 3, 1, 14, 14, 16]	dcannp
[19, 19, 20, 3, 15, 1, 14, 1, 15, 14, 14, 14, 29, 14, 16]	sstcoanaonnn2np
[0, 20, 20, 19, 3, 1, 15, 14, 14, 14, 14, 14, 14, 14, 14]	ttscaonnnnnnnn
[37, 20, 19, 15, 1, 15, 15, 14, 14, 14, 14, 14, 24, 14, 14]	-tsoaoonnnnnxnn
[0, 10, 0, 0, 0, 0, 0, 0, 0, 0, 19, 15, 3, 1, 16]	jsocap
[10, 31, 37, 0, 0, 0, 37, 19, 3, 3, 1, 14, 14, 14, 16]	j4--sccannnp
[0, 0, 20, 19, 15, 1, 1, 14, 14, 14, 14, 14, 14, 14, 16]	tsoaannnnnnnp
[5, 0, 12, 0, 0, 0, 0, 0, 0, 9, 3, 3, 1, 14, 16]	eliccanp
[0, 35, 4, 19, 19, 15, 1, 14, 14, 14, 14, 14, 14, 14, 16]	8dssoannnnnnnp
Epoch is 23
epoch 23	[ DISC	loss : 0.720751 ]	[ ADV	loss : 0.660882 ]
[9, 20, 19, 19, 5, 1, 1, 1, 14, 1, 15, 20, 20, 15, 14]	itsseaaanaotton
[0, 32, 9, 0, 0, 32, 12, 37, 19, 15, 1, 1, 1, 1, 25]	5i5l-soaaaay
[0, 5, 10, 9, 19, 15, 1, 1, 1, 1, 7, 1, 15, 14, 25]	ejisoaaaagaony
[10, 33, 19, 19, 5, 1, 1, 1, 15, 25, 15, 15, 29, 15, 20]	j6sseaaaoyoo2ot
[7, 19, 19, 19, 1, 1, 1, 1, 1, 15, 1, 25, 15, 15, 14]	gsssaaaaaoayoon
[10, 0, 0, 0, 0, 0, 6, 0, 27, 27, 19, 19, 15, 1, 25]	jf00ssoay
[0, 0, 0, 0, 0, 33, 0, 27, 32, 32, 0, 0, 9, 19, 25]	6055isy
[12, 0, 0, 0, 32, 0, 0, 11, 27, 9, 19, 1, 1, 1, 25]	l5k0isaaay
[12, 6, 6, 0, 0, 0, 32, 29, 27, 9, 19, 1, 1, 15, 25]	lff520isaaoy
[34, 30, 19, 5, 5, 1, 1, 14, 14, 25, 25, 15, 15, 15, 14]	73seeaannyyooon
[0, 2, 20, 19, 5, 1, 1, 1, 14, 1, 14, 14, 15, 15, 14]	btseaaanannoon
[12, 30, 12, 0, 0, 0, 0, 0, 10, 9, 19, 15, 1, 1, 25]	l3ljisoaay
[9, 20, 19, 19, 1, 1, 1, 1, 1, 25, 15, 15, 7, 15, 14]	itssaaaaayoogon
[28, 29, 12, 32, 0, 33, 30, 0, 6, 6, 9, 19, 15, 3, 25]	12l563ffisocy
[9, 20, 19, 19, 5, 1, 1, 1, 14, 25, 1, 25, 15, 7, 14]	itsseaaanyayogn
Epoch is 24
epoch 24	[ DISC	loss : 0.730914 ]	[ ADV	loss : 0.655869 ]
[0, 0, 17, 17, 0, 32, 27, 11, 6, 6, 11, 11, 11, 37, 11]	qq50kffkkk-k
[0, 0, 0, 0, 0, 27, 11, 11, 11, 11, 11, 11, 11, 37, 3]	0kkkkkkk-c
[16, 37, 9, 21, 21, 7, 7, 7, 7, 7, 7, 18, 20, 20, 34]	p-iuuggggggrtt7
[11, 37, 9, 21, 21, 21, 7, 7, 7, 7, 7, 7, 18, 18, 14]	k-iuuuggggggrrn
[0, 0, 0, 0, 0, 0, 0, 6, 11, 11, 11, 9, 11, 5, 3]	fkkkikec
[28, 0, 11, 33, 11, 11, 11, 6, 11, 9, 5, 5, 7, 7, 25]	1k6kkkfkieeggy
[0, 0, 0, 0, 6, 11, 11, 11, 11, 9, 5, 5, 5, 7, 1]	fkkkkieeega
[31, 37, 9, 21, 7, 5, 7, 7, 7, 7, 7, 18, 18, 18, 20]	4-iugegggggrrrt
[12, 0, 31, 0, 32, 0, 0, 11, 11, 11, 11, 11, 11, 37, 3]	l45kkkkkk-c
[0, 31, 0, 33, 0, 6, 11, 11, 9, 11, 9, 5, 5, 3, 1]	46fkkikieeca
[31, 0, 6, 0, 0, 0, 37, 6, 11, 11, 9, 5, 5, 5, 1]	4f-fkkieeea
[34, 33, 0, 0, 0, 31, 0, 6, 11, 11, 11, 11, 11, 11, 6]	764fkkkkkkf
[0, 0, 0, 0, 0, 29, 0, 6, 6, 11, 11, 11, 11, 11, 5]	2ffkkkkke
[9, 9, 21, 21, 21, 7, 7, 7, 7, 7, 7, 20, 18, 20, 20]	iiuuuggggggtrtt
[6, 0, 0, 0, 0, 6, 6, 11, 11, 11, 11, 11, 37, 5, 3]	fffkkkkk-ec
Epoch is 25
epoch 25	[ DISC	loss : 0.718576 ]	[ ADV	loss : 0.656902 ]
[0, 37, 37, 0, 0, 37, 37, 37, 37, 9, 2, 21, 5, 1, 1]	------ibueaa
[0, 0, 0, 0, 0, 37, 37, 9, 37, 9, 9, 37, 21, 21, 3]	--i-ii-uuc
[0, 0, 37, 0, 37, 37, 37, 37, 37, 9, 9, 9, 21, 5, 1]	------iiiuea
[0, 0, 37, 37, 9, 9, 9, 9, 21, 5, 14, 14, 15, 18, 18]	--iiiiuennorr
[10, 20, 9, 21, 21, 21, 14, 15, 7, 1, 15, 18, 18, 15, 18]	jtiuuunogaorror
[33, 0, 37, 7, 37, 21, 21, 21, 14, 15, 15, 15, 1, 18, 1]	6-g-uuunoooara
[9, 9, 9, 21, 21, 21, 21, 14, 7, 15, 15, 18, 18, 18, 18]	iiiuuuungoorrrr
[9, 37, 9, 21, 21, 21, 21, 14, 1, 1, 18, 18, 15, 18, 1]	i-iuuuunaarrora
[0, 0, 11, 9, 21, 21, 21, 18, 1, 18, 18, 18, 18, 18, 18]	kiuuurarrrrrr
[37, 0, 11, 9, 37, 21, 21, 21, 14, 14, 14, 18, 15, 18, 1]	-ki-uuunnnrora
[0, 0, 0, 0, 6, 37, 37, 37, 37, 9, 9, 9, 5, 5, 1]	f----iiieea
[29, 0, 0, 29, 0, 37, 37, 37, 37, 37, 9, 37, 21, 5, 1]	22-----i-uea
[6, 37, 2, 21, 21, 21, 14, 1, 1, 18, 15, 18, 18, 15, 1]	f-buuunaarorroa
[0, 0, 0, 0, 0, 37, 37, 9, 9, 9, 9, 21, 21, 21, 1]	--iiiiuuua
[6, 9, 9, 21, 21, 21, 21, 14, 18, 18, 18, 18, 15, 18, 18]	fiiuuuunrrrrorr
Epoch is 26
epoch 26	[ DISC	loss : 0.735356 ]	[ ADV	loss : 0.652915 ]
[0, 12, 37, 37, 19, 5, 5, 19, 19, 7, 7, 7, 35, 15, 19]	l--seessggg8os
[7, 37, 37, 37, 14, 5, 14, 14, 19, 19, 15, 35, 15, 15, 19]	g---nennsso8oos
[0, 0, 0, 7, 0, 7, 7, 37, 37, 4, 2, 14, 5, 5, 19]	ggg--dbnees
[35, 19, 37, 19, 5, 5, 5, 7, 35, 7, 7, 35, 7, 35, 19]	8s-seeeg8gg8g8s
[7, 10, 37, 37, 4, 37, 14, 5, 14, 7, 14, 7, 35, 19, 19]	gj--d-nengng8ss
[0, 0, 0, 0, 0, 32, 7, 7, 7, 37, 4, 2, 2, 21, 19]	5ggg-dbbus
[0, 7, 12, 7, 37, 14, 5, 5, 7, 7, 7, 7, 35, 15, 19]	glg-neegggg8os
[0, 0, 0, 0, 0, 0, 37, 7, 4, 37, 2, 14, 5, 5, 19]	-gd-bnees
[7, 17, 0, 0, 32, 37, 7, 7, 37, 4, 4, 4, 37, 14, 3]	gq5-gg-ddd-nc
[0, 0, 0, 29, 0, 27, 7, 37, 37, 4, 4, 2, 14, 5, 19]	20g--ddbnes
[0, 0, 0, 0, 0, 37, 9, 7, 4, 4, 37, 21, 5, 5, 19]	-igdd-uees
[0, 0, 8, 7, 7, 4, 37, 20, 5, 5, 14, 14, 7, 15, 19]	hggd-teenngos
[0, 33, 29, 0, 0, 7, 7, 7, 9, 4, 4, 37, 5, 5, 19]	62gggidd-ees
[37, 37, 19, 37, 37, 5, 5, 19, 35, 14, 14, 7, 15, 19, 20]	--s--ees8nngost
[12, 0, 0, 0, 0, 24, 7, 7, 7, 4, 4, 4, 21, 5, 19]	lxgggdddues
Epoch is 27
epoch 27	[ DISC	loss : 0.718651 ]	[ ADV	loss : 0.656433 ]
[33, 0, 33, 0, 0, 7, 4, 14, 3, 3, 3, 15, 19, 15, 19]	66gdncccosos
[0, 29, 0, 0, 0, 27, 27, 7, 37, 2, 14, 14, 3, 5, 19]	200g-bnnces
[0, 0, 0, 0, 0, 27, 0, 7, 37, 4, 14, 14, 3, 3, 19]	0g-dnnccs
[0, 0, 0, 0, 0, 0, 0, 27, 7, 4, 14, 14, 3, 3, 19]	0gdnnccs
[7, 0, 4, 9, 7, 3, 3, 5, 7, 20, 20, 15, 31, 26, 30]	gdigccegtto4z3
[0, 33, 0, 0, 0, 0, 37, 9, 4, 14, 14, 3, 3, 5, 19]	6-idnncces
[0, 7, 32, 4, 2, 14, 3, 5, 7, 19, 20, 31, 31, 31, 19]	g5dbncegst444s
[0, 0, 0, 0, 0, 0, 0, 7, 7, 4, 2, 14, 14, 5, 19]	ggdbnnes
[8, 0, 0, 0, 0, 0, 0, 7, 7, 7, 4, 4, 20, 14, 3]	hgggddtnc
[22, 0, 24, 0, 0, 7, 37, 4, 4, 2, 14, 3, 3, 5, 19]	vxg-ddbncces
[0, 0, 8, 0, 32, 0, 0, 0, 7, 7, 4, 4, 20, 14, 3]	h5ggddtnc
[0, 29, 0, 0, 0, 0, 37, 4, 2, 14, 14, 3, 3, 15, 19]	2-dbnnccos
[8, 4, 9, 19, 3, 3, 3, 7, 20, 20, 26, 31, 26, 30, 19]	hdiscccgttz4z3s
[37, 0, 27, 0, 32, 4, 2, 14, 3, 3, 3, 7, 36, 15, 19]	-05dbncccg9os
[37, 7, 7, 3, 3, 3, 19, 20, 20, 31, 31, 31, 31, 31, 19]	-ggcccstt44444s
Epoch is 28
epoch 28	[ DISC	loss : 0.723895 ]	[ ADV	loss : 0.648341 ]
[0, 33, 27, 27, 0, 7, 7, 9, 21, 12, 13, 13, 5, 5, 6]	600ggiulmmeef
[22, 0, 0, 0, 7, 0, 11, 20, 13, 13, 13, 13, 5, 5, 6]	vgktmmmmeef
[0, 0, 0, 0, 0, 0, 27, 9, 9, 14, 13, 13, 13, 5, 10]	0iinmmmej
[9, 9, 12, 14, 13, 5, 5, 6, 6, 6, 6, 6, 6, 6, 9]	iilnmeefffffffi
[4, 9, 12, 13, 13, 5, 5, 6, 6, 6, 6, 6, 29, 6, 29]	dilmmeefffff2f2
[7, 0, 8, 0, 0, 0, 0, 7, 0, 0, 12, 14, 13, 13, 5]	ghglnmme
[0, 0, 0, 0, 0, 0, 7, 12, 13, 14, 13, 13, 5, 5, 29]	glmnmmee2
[0, 28, 8, 0, 22, 20, 14, 13, 13, 13, 5, 15, 6, 6, 6]	1hvtnmmmeofff
[9, 12, 12, 13, 13, 5, 5, 6, 6, 6, 6, 6, 29, 6, 9]	illmmeefffff2fi
[0, 0, 0, 0, 0, 7, 7, 9, 9, 13, 13, 13, 15, 5, 6]	ggiimmmoef
[0, 0, 0, 32, 0, 0, 32, 0, 7, 9, 13, 14, 13, 13, 5]	55gimnmme
[0, 20, 12, 12, 5, 5, 5, 6, 6, 6, 6, 6, 6, 6, 29]	tlleeefffffff2
[9, 9, 12, 13, 13, 5, 6, 6, 6, 6, 29, 29, 29, 6, 9]	iilmmeffff222fi
[0, 12, 20, 12, 13, 5, 5, 6, 6, 6, 6, 6, 29, 29, 9]	ltlmeefffff22i
[0, 4, 9, 12, 5, 5, 5, 6, 6, 6, 6, 6, 6, 6, 29]	dileeefffffff2
Epoch is 29
epoch 29	[ DISC	loss : 0.695052 ]	[ ADV	loss : 0.640134 ]
[9, 0, 11, 20, 20, 13, 5, 5, 5, 20, 20, 12, 12, 20, 9]	ikttmeeettllti
[32, 20, 12, 13, 13, 13, 15, 20, 12, 12, 20, 20, 20, 5, 19]	5tlmmmotlltttes
[0, 11, 20, 13, 13, 20, 12, 12, 5, 12, 12, 12, 12, 12, 19]	ktmmtllellllls
[7, 0, 0, 0, 7, 0, 0, 0, 22, 11, 20, 20, 15, 15, 5]	ggvkttooe
[37, 20, 21, 13, 13, 12, 20, 12, 12, 20, 5, 20, 20, 20, 12]	-tummltlltetttl
[22, 0, 0, 27, 0, 0, 0, 20, 21, 15, 15, 15, 15, 15, 5]	v0tuoooooe
[0, 0, 0, 0, 0, 0, 0, 0, 32, 21, 20, 20, 15, 13, 5]	5uttome
[1, 0, 0, 7, 7, 0, 0, 0, 21, 21, 20, 15, 15, 15, 5]	agguutoooe
[7, 0, 0, 0, 20, 20, 13, 13, 13, 15, 12, 20, 20, 20, 12]	gttmmmoltttl
[31, 0, 0, 7, 22, 20, 21, 13, 14, 15, 15, 20, 5, 13, 19]	4gvtumnootems
[0, 0, 0, 9, 20, 13, 13, 12, 12, 20, 20, 20, 15, 20, 19]	itmmlltttots
[7, 10, 0, 0, 7, 0, 0, 22, 21, 20, 20, 20, 15, 14, 5]	gjgvutttone
[22, 0, 0, 22, 0, 0, 0, 7, 11, 20, 20, 15, 20, 15, 5]	vvgkttotoe
[22, 20, 20, 13, 13, 13, 13, 5, 12, 12, 12, 20, 20, 20, 6]	vttmmmmellltttf
[0, 0, 0, 0, 20, 12, 20, 20, 20, 5, 12, 20, 20, 20, 12]	tlttteltttl
Epoch is 30
epoch 30	[ DISC	loss : 0.746920 ]	[ ADV	loss : 0.600453 ]
[0, 11, 13, 13, 9, 24, 18, 18, 24, 24, 18, 24, 24, 24, 24]	kmmixrrxxrxxxx
[0, 9, 13, 13, 18, 9, 9, 9, 9, 9, 36, 24, 24, 24, 24]	immriiiii9xxxx
[7, 11, 11, 13, 13, 9, 9, 24, 24, 24, 24, 24, 24, 24, 24]	gkkmmiixxxxxxxx
[0, 0, 0, 0, 0, 37, 22, 21, 14, 14, 9, 9, 9, 18, 32]	-vunniiir5
[0, 31, 0, 0, 7, 0, 0, 0, 0, 11, 14, 9, 18, 9, 32]	4gkniri5
[0, 7, 9, 13, 18, 9, 9, 24, 24, 24, 24, 24, 24, 24, 24]	gimriixxxxxxxx
[29, 0, 29, 22, 0, 0, 22, 21, 14, 14, 18, 18, 18, 9, 32]	22vvunnrrri5
[11, 11, 14, 13, 18, 9, 9, 9, 24, 24, 24, 9, 24, 24, 24]	kknmriiixxxixxx
[0, 11, 13, 13, 9, 24, 9, 24, 24, 24, 24, 24, 24, 24, 24]	kmmixixxxxxxxx
[34, 0, 0, 0, 0, 0, 0, 7, 11, 14, 14, 18, 9, 9, 7]	7gknnriig
[0, 11, 11, 13, 13, 9, 9, 18, 24, 24, 24, 24, 24, 24, 9]	kkmmiirxxxxxxi
[0, 0, 0, 21, 13, 9, 9, 9, 18, 18, 9, 24, 24, 24, 24]	umiiirrixxxx
[0, 0, 2, 13, 13, 9, 9, 9, 9, 24, 24, 24, 24, 24, 24]	bmmiiiixxxxxx
[0, 30, 0, 34, 0, 0, 0, 14, 14, 18, 9, 9, 9, 9, 24]	37nnriiiix
[22, 0, 0, 11, 2, 14, 18, 9, 9, 9, 18, 9, 24, 9, 24]	vkbnriiirixix
Epoch is 31
epoch 31	[ DISC	loss : 0.749861 ]	[ ADV	loss : 0.597800 ]
[0, 0, 0, 0, 0, 30, 0, 1, 18, 1, 1, 1, 1, 1, 1]	3araaaaaa
[7, 0, 2, 0, 1, 24, 1, 1, 1, 18, 18, 17, 24, 17, 27]	gbaxaaarrqxq0
[1, 11, 19, 5, 5, 25, 19, 17, 17, 17, 17, 17, 17, 17, 27]	akseeysqqqqqqq0
[12, 0, 0, 0, 0, 0, 0, 1, 1, 1, 1, 1, 1, 1, 1]	laaaaaaaa
[0, 0, 0, 0, 0, 0, 1, 1, 1, 1, 1, 1, 1, 1, 1]	aaaaaaaaa
[0, 2, 9, 5, 25, 25, 5, 25, 18, 17, 17, 17, 17, 33, 27]	bieyyeyrqqqq60
[0, 7, 0, 31, 0, 0, 0, 0, 2, 1, 1, 1, 1, 1, 27]	g4baaaaa0
[0, 2, 12, 5, 5, 19, 25, 25, 5, 17, 17, 17, 17, 9, 27]	bleesyyeqqqqi0
[0, 0, 31, 0, 31, 1, 1, 1, 1, 1, 1, 1, 1, 1, 1]	44aaaaaaaaaa
[7, 30, 0, 34, 0, 1, 1, 1, 1, 1, 1, 1, 1, 1, 1]	g37aaaaaaaaaa
[31, 1, 0, 3, 1, 18, 1, 1, 1, 25, 17, 17, 17, 17, 33]	4acaraaayqqqq6
[0, 0, 27, 0, 18, 5, 5, 5, 5, 17, 9, 17, 17, 9, 17]	0reeeeqiqqiq
[0, 25, 12, 18, 5, 19, 19, 5, 17, 17, 17, 17, 33, 9, 9]	ylresseqqqq6ii
[37, 0, 0, 0, 0, 0, 0, 0, 1, 1, 1, 1, 1, 1, 1]	-aaaaaaa
[0, 0, 0, 34, 0, 0, 0, 0, 1, 1, 1, 1, 1, 1, 1]	7aaaaaaa
Epoch is 32
epoch 32	[ DISC	loss : 0.668104 ]	[ ADV	loss : 0.587562 ]
[0, 11, 5, 8, 8, 37, 37, 37, 8, 8, 8, 26, 26, 26, 25]	kehh---hhhzzzy
[0, 19, 19, 8, 5, 19, 37, 19, 8, 8, 8, 8, 26, 26, 25]	sshes-shhhhzzy
[0, 0, 20, 8, 8, 19, 37, 37, 8, 8, 8, 26, 8, 26, 26]	thhs--hhhzhzz
[34, 0, 0, 0, 0, 0, 8, 8, 8, 8, 8, 26, 26, 26, 8]	7hhhhhzzzh
[0, 27, 0, 0, 0, 7, 1, 1, 19, 8, 26, 8, 26, 26, 26]	0gaashzhzzz
[8, 0, 0, 0, 0, 21, 7, 19, 25, 8, 8, 8, 26, 8, 26]	hugsyhhhzhz
[0, 2, 7, 19, 8, 37, 37, 8, 37, 8, 26, 26, 26, 26, 37]	bgsh--h-hzzzz-
[0, 35, 19, 5, 8, 37, 37, 8, 8, 8, 8, 26, 26, 26, 9]	8seh--hhhhzzzi
[11, 2, 25, 8, 37, 37, 8, 37, 37, 8, 8, 26, 26, 26, 25]	kbyh--h--hhzzzy
[0, 0, 0, 0, 0, 22, 7, 19, 8, 8, 8, 8, 26, 26, 8]	vgshhhhzzh
[0, 0, 0, 8, 8, 8, 37, 8, 8, 8, 8, 8, 9, 26, 8]	hhh-hhhhhizh
[7, 7, 5, 8, 37, 37, 37, 37, 1, 8, 8, 26, 8, 26, 25]	ggeh----ahhzhzy
[0, 0, 0, 0, 7, 19, 25, 1, 8, 8, 8, 8, 26, 26, 9]	gsyahhhhzzi
[37, 0, 0, 29, 0, 7, 25, 1, 1, 1, 8, 8, 26, 26, 9]	-2gyaaahhzzi
[0, 0, 0, 0, 27, 0, 7, 1, 1, 8, 8, 8, 26, 26, 26]	0gaahhhzzz
Epoch is 33
epoch 33	[ DISC	loss : 0.641753 ]	[ ADV	loss : 0.579301 ]
[0, 0, 0, 7, 0, 0, 7, 0, 0, 15, 25, 8, 26, 26, 11]	ggoyhzzk
[0, 2, 14, 14, 5, 7, 5, 12, 5, 12, 6, 26, 26, 26, 9]	bnnegelelfzzzi
[0, 0, 0, 15, 14, 5, 7, 7, 7, 5, 5, 26, 26, 26, 29]	onegggeezzz2
[0, 0, 5, 14, 14, 5, 12, 7, 5, 12, 26, 26, 26, 26, 11]	ennelgelzzzzk
[22, 14, 14, 5, 7, 12, 7, 1, 8, 8, 1, 12, 9, 26, 22]	vnneglgahhalizv
[0, 2, 14, 5, 7, 7, 7, 7, 25, 7, 12, 26, 31, 12, 29]	bneggggyglz4l2
[0, 1, 0, 0, 37, 30, 24, 0, 14, 5, 8, 8, 26, 26, 6]	a-3xnehhzzf
[0, 0, 8, 14, 14, 7, 7, 8, 5, 26, 26, 31, 12, 9, 6]	hnngghezz4lif
[8, 0, 0, 0, 0, 0, 29, 0, 7, 14, 8, 8, 8, 26, 26]	h2gnhhhzz
[37, 37, 0, 0, 37, 0, 0, 0, 14, 14, 8, 8, 8, 26, 31]	---nnhhhz4
[0, 21, 5, 5, 5, 7, 7, 12, 7, 7, 26, 8, 26, 26, 6]	ueeegglggzhzzf
[0, 3, 32, 0, 13, 5, 5, 5, 1, 26, 12, 26, 26, 26, 26]	c5meeeazlzzzz
[0, 0, 32, 14, 1, 5, 12, 7, 7, 12, 26, 8, 26, 26, 11]	5naelgglzhzzk
[0, 0, 11, 32, 32, 0, 0, 25, 14, 8, 8, 26, 26, 9, 26]	k55ynhhzziz
[2, 37, 5, 14, 5, 19, 5, 12, 5, 5, 26, 8, 26, 26, 6]	b-eneseleezhzzf
Epoch is 34
epoch 34	[ DISC	loss : 0.798280 ]	[ ADV	loss : 0.567913 ]
[12, 0, 0, 6, 0, 7, 3, 15, 15, 23, 23, 23, 23, 23, 4]	lfgcoowwwwwd
[13, 0, 36, 0, 7, 0, 0, 15, 15, 23, 23, 23, 23, 23, 4]	m9goowwwwwd
[0, 36, 8, 0, 6, 0, 0, 0, 24, 12, 15, 15, 23, 30, 4]	9hfxloow3d
[0, 7, 11, 0, 36, 0, 24, 0, 7, 3, 15, 15, 23, 23, 4]	gk9xgcoowwd
[0, 0, 0, 15, 23, 27, 23, 23, 23, 23, 23, 4, 23, 23, 4]	ow0wwwwwdwwd
[24, 0, 0, 12, 0, 6, 0, 37, 15, 15, 23, 23, 23, 23, 4]	xlf-oowwwwd
[8, 0, 7, 0, 0, 0, 0, 0, 15, 15, 15, 23, 23, 23, 4]	hgooowwwd
[6, 30, 3, 3, 3, 27, 27, 23, 23, 23, 23, 23, 23, 4, 4]	f3ccc00wwwwwwdd
[0, 0, 0, 24, 0, 0, 0, 6, 0, 3, 15, 15, 15, 23, 18]	xfcooowr
[37, 0, 0, 0, 0, 0, 37, 1, 15, 15, 15, 23, 23, 30, 4]	--aoooww3d
[0, 5, 3, 3, 27, 27, 23, 23, 23, 27, 23, 23, 23, 23, 4]	ecc00www0wwwwd
[28, 0, 0, 0, 24, 0, 3, 3, 15, 23, 23, 23, 23, 23, 20]	1xccowwwwwt
[0, 27, 15, 3, 15, 27, 27, 23, 23, 23, 23, 23, 23, 23, 4]	0oco00wwwwwwwd
[0, 0, 0, 0, 0, 8, 0, 8, 15, 15, 15, 23, 23, 30, 4]	hhoooww3d
[0, 0, 0, 0, 1, 0, 0, 0, 15, 15, 15, 23, 23, 23, 4]	aooowwwd
Epoch is 35
epoch 35	[ DISC	loss : 0.698787 ]	[ ADV	loss : 0.504895 ]
[37, 0, 10, 1, 0, 18, 1, 22, 18, 18, 12, 18, 18, 15, 35]	-jaravrrlrro8
[11, 11, 22, 23, 23, 34, 23, 18, 18, 34, 20, 34, 15, 30, 18]	kkvww7wrr7t7o3r
[7, 25, 0, 0, 20, 1, 6, 24, 1, 18, 18, 18, 15, 15, 18]	gytafxarrroor
[0, 1, 22, 1, 23, 22, 23, 23, 34, 15, 12, 15, 15, 15, 18]	avawvww7olooor
[11, 0, 0, 19, 0, 0, 6, 1, 11, 12, 3, 15, 15, 15, 18]	ksfaklcooor
[0, 12, 22, 23, 22, 18, 12, 20, 18, 18, 5, 15, 30, 15, 18]	lvwvrltrreo3or
[8, 0, 0, 0, 0, 0, 11, 11, 15, 1, 5, 15, 15, 15, 18]	hkkoaeooor
[6, 25, 0, 26, 1, 11, 22, 23, 23, 34, 18, 15, 18, 15, 20]	fyzakvww7rorot
[0, 0, 0, 0, 0, 0, 0, 0, 7, 9, 18, 3, 15, 15, 18]	gircoor
[25, 14, 0, 9, 0, 11, 22, 18, 18, 34, 15, 12, 15, 15, 18]	ynikvrr7oloor
[0, 0, 0, 0, 24, 0, 0, 0, 0, 11, 5, 18, 18, 15, 18]	xkerror
[9, 0, 0, 11, 0, 6, 0, 11, 22, 20, 3, 18, 18, 18, 18]	ikfkvtcrrrr
[22, 22, 22, 22, 23, 23, 18, 15, 20, 12, 34, 15, 18, 12, 18]	vvvvwwrotl7orlr
[0, 0, 25, 0, 11, 0, 11, 6, 11, 15, 3, 18, 15, 15, 18]	ykkfkocroor
[0, 11, 5, 22, 22, 23, 20, 34, 20, 18, 12, 15, 15, 15, 4]	kevvwt7trloood
Epoch is 36
epoch 36	[ DISC	loss : 0.724651 ]	[ ADV	loss : 0.526179 ]
[3, 25, 26, 0, 13, 13, 13, 24, 29, 24, 14, 3, 19, 15, 19]	cyzmmmx2xncsos
[0, 0, 0, 0, 13, 37, 15, 11, 24, 10, 24, 19, 33, 19, 4]	m-okxjxs6sd
[9, 13, 21, 20, 20, 35, 1, 1, 29, 37, 7, 10, 10, 12, 19]	imutt8aa2-gjjls
[0, 12, 3, 11, 9, 1, 22, 24, 30, 10, 19, 19, 37, 19, 19]	lckiavx3jss-ss
[13, 0, 7, 0, 0, 31, 13, 13, 24, 24, 37, 33, 12, 3, 19]	mg4mmxx-6lcs
[1, 9, 21, 1, 1, 14, 35, 1, 14, 3, 19, 14, 8, 19, 19]	aiuaan8ancsnhss
[11, 9, 24, 1, 1, 1, 14, 14, 37, 19, 19, 8, 19, 19, 19]	kixaaann-sshsss
[29, 9, 21, 24, 1, 24, 10, 10, 19, 19, 8, 8, 19, 37, 19]	2iuxaxjjsshhs-s
[0, 0, 0, 0, 0, 0, 13, 13, 15, 1, 14, 29, 19, 19, 18]	mmoan2ssr
[1, 1, 1, 1, 20, 29, 7, 37, 10, 10, 3, 8, 8, 33, 19]	aaaat2g-jjchh6s
[7, 23, 13, 24, 24, 20, 37, 37, 37, 19, 19, 19, 19, 19, 19]	gwmxxt---ssssss
[0, 9, 21, 1, 24, 10, 1, 14, 37, 19, 33, 19, 19, 19, 19]	iuaxjan-s6ssss
[37, 13, 24, 1, 20, 20, 32, 14, 19, 37, 19, 19, 19, 8, 19]	-mxatt5ns-ssshs
[7, 12, 1, 15, 1, 20, 20, 37, 19, 19, 19, 10, 19, 19, 14]	glaoatt-sssjssn
[25, 0, 0, 31, 0, 13, 13, 24, 24, 10, 10, 30, 30, 8, 19]	y4mmxxjj33hs
Epoch is 37
epoch 37	[ DISC	loss : 0.677108 ]	[ ADV	loss : 0.518873 ]
[5, 13, 5, 5, 14, 21, 14, 14, 32, 5, 7, 7, 21, 21, 8]	emeenunn5egguuh
[0, 0, 3, 26, 0, 0, 0, 19, 0, 11, 25, 13, 5, 5, 1]	czskymeea
[0, 17, 0, 0, 26, 0, 6, 5, 17, 28, 5, 28, 21, 8, 18]	qzfeq1e1uhr
[5, 0, 0, 0, 0, 26, 26, 5, 25, 13, 14, 21, 21, 21, 18]	ezzeymnuuur
[0, 9, 13, 5, 1, 7, 7, 21, 21, 7, 7, 7, 21, 7, 18]	imeagguugggugr
[11, 22, 0, 0, 0, 25, 13, 25, 9, 15, 21, 21, 14, 7, 5]	kvymyiouunge
[0, 7, 8, 1, 0, 0, 26, 0, 25, 9, 9, 15, 5, 21, 18]	ghazyiioeur
[9, 13, 13, 21, 1, 21, 21, 21, 7, 21, 7, 7, 7, 21, 31]	immuauuugugggu4
[0, 0, 37, 5, 5, 5, 1, 1, 1, 5, 21, 21, 12, 21, 1]	-eeeaaaeuulua
[11, 13, 5, 5, 7, 7, 21, 21, 7, 21, 7, 7, 21, 21, 31]	kmeegguugugguu4
[0, 9, 9, 13, 5, 7, 1, 21, 21, 21, 21, 7, 7, 7, 1]	iimegauuuuggga
[0, 0, 37, 0, 0, 0, 3, 26, 5, 13, 5, 28, 21, 8, 18]	-czeme1uhr
[37, 2, 21, 7, 5, 21, 7, 21, 21, 21, 21, 7, 21, 8, 18]	-bugeuguuuuguhr
[22, 9, 13, 5, 21, 21, 14, 21, 21, 7, 30, 7, 21, 7, 7]	vimeuunuug3gugg
[3, 0, 0, 0, 0, 37, 13, 13, 13, 18, 5, 21, 21, 5, 18]	c-mmmreuuer
Epoch is 38
epoch 38	[ DISC	loss : 0.656762 ]	[ ADV	loss : 0.452884 ]
[0, 6, 0, 0, 0, 5, 5, 1, 1, 2, 9, 9, 9, 2, 7]	feeaabiiibg
[5, 1, 0, 13, 5, 0, 5, 15, 1, 18, 12, 9, 9, 32, 7]	eameeoarlii5g
[0, 0, 0, 0, 0, 1, 1, 1, 18, 32, 28, 2, 9, 9, 7]	aaar51biig
[3, 5, 5, 1, 1, 1, 9, 9, 9, 9, 34, 9, 9, 1, 5]	ceeaaaiiii7iiae
[0, 1, 5, 11, 5, 28, 18, 1, 1, 9, 9, 9, 9, 9, 5]	aeke1raaiiiiie
[0, 0, 0, 0, 0, 1, 5, 9, 1, 1, 1, 1, 2, 9, 17]	aeiaaaabiq
[12, 0, 0, 0, 0, 7, 37, 15, 1, 1, 18, 9, 32, 30, 5]	lg-oaari53e
[1, 0, 0, 0, 0, 1, 25, 5, 12, 1, 14, 2, 2, 9, 5]	aayelanbbie
[5, 5, 15, 1, 1, 1, 9, 9, 9, 2, 2, 9, 9, 9, 12]	eeoaaaiiibbiiil
[0, 5, 0, 0, 0, 18, 22, 25, 1, 1, 21, 5, 32, 9, 5]	ervyaaue5ie
[12, 5, 1, 1, 1, 1, 2, 9, 32, 9, 21, 32, 9, 32, 5]	leaaaabi5iu5i5e
[0, 26, 0, 1, 0, 5, 5, 12, 14, 1, 2, 9, 2, 9, 5]	zaeelnabibie
[4, 5, 2, 1, 1, 2, 1, 14, 12, 30, 30, 9, 9, 32, 34]	debaabanl33ii57
[0, 0, 19, 0, 0, 0, 0, 5, 25, 15, 1, 21, 1, 21, 7]	seyoauaug
[0, 9, 1, 12, 18, 14, 9, 1, 9, 9, 7, 12, 30, 9, 12]	ialrniaiigl3il
Epoch is 39
epoch 39	[ DISC	loss : 0.643714 ]	[ ADV	loss : 0.531285 ]
[0, 0, 0, 14, 0, 0, 26, 6, 12, 19, 19, 2, 21, 9, 9]	nzflssbuii
[3, 5, 0, 1, 0, 0, 15, 12, 19, 19, 37, 21, 8, 5, 18]	ceaolss-uher
[0, 0, 28, 0, 6, 15, 20, 19, 19, 21, 19, 21, 9, 21, 5]	1fotssusuiue
[22, 6, 19, 19, 19, 19, 19, 19, 19, 19, 9, 20, 9, 8, 18]	vfssssssssitihr
[31, 2, 5, 0, 29, 9, 6, 12, 19, 19, 19, 19, 2, 5, 18]	4be2iflssssber
[5, 0, 5, 27, 0, 5, 6, 31, 12, 19, 19, 21, 9, 9, 9]	ee0ef4lssuiii
[15, 0, 5, 37, 19, 19, 19, 19, 19, 19, 19, 9, 21, 20, 9]	oe-sssssssiuti
[22, 22, 12, 19, 19, 19, 19, 19, 19, 19, 19, 9, 19, 9, 19]	vvlssssssssisis
[14, 11, 0, 5, 37, 19, 19, 19, 19, 19, 19, 19, 19, 9, 9]	nke-ssssssssii
[0, 6, 37, 37, 19, 19, 19, 19, 19, 19, 19, 19, 2, 2, 20]	f--ssssssssbbt
[5, 25, 3, 19, 19, 19, 19, 19, 19, 19, 19, 21, 9, 2, 19]	eycssssssssuibs
[0, 0, 5, 18, 19, 19, 19, 19, 19, 19, 19, 2, 9, 9, 17]	ersssssssbiiq
[0, 0, 8, 0, 0, 6, 6, 3, 3, 19, 19, 21, 5, 21, 9]	hffccssueui
[0, 27, 29, 0, 0, 0, 6, 15, 3, 19, 19, 21, 9, 5, 9]	02focssuiei
[6, 5, 12, 19, 19, 19, 19, 19, 19, 18, 19, 19, 9, 2, 2]	felssssssrssibb
Epoch is 40
epoch 40	[ DISC	loss : 0.503235 ]	[ ADV	loss : 0.397654 ]
[0, 1, 5, 13, 5, 7, 5, 4, 8, 1, 33, 5, 33, 5, 1]	aemegedha6e6ea
[1, 22, 18, 8, 1, 7, 7, 33, 1, 14, 1, 8, 5, 5, 1]	avrhagg6anaheea
[0, 5, 5, 5, 1, 7, 14, 8, 1, 7, 3, 8, 5, 14, 14]	eeeagnhagchenn
[0, 0, 12, 0, 0, 5, 0, 0, 6, 15, 20, 12, 1, 8, 18]	lefotlahr
[6, 6, 16, 16, 12, 4, 7, 20, 16, 14, 1, 7, 5, 14, 7]	ffppldgtpnageng
[12, 22, 5, 16, 1, 7, 7, 20, 7, 1, 5, 33, 8, 24, 14]	lvepaggtgae6hxn
[0, 0, 0, 1, 5, 0, 16, 7, 18, 35, 1, 3, 3, 24, 14]	aepgr8accxn
[5, 13, 18, 4, 5, 5, 7, 3, 8, 1, 33, 5, 5, 8, 24]	emrdeegcha6eehx
[0, 0, 15, 16, 7, 4, 7, 1, 7, 14, 1, 1, 5, 8, 24]	opgdgagnaaehx
[35, 16, 1, 0, 13, 16, 7, 4, 4, 4, 14, 3, 5, 8, 7]	8pampgdddncehg
[5, 32, 12, 0, 0, 5, 0, 9, 4, 6, 20, 8, 7, 7, 1]	e5leidfthgga
[22, 25, 7, 12, 7, 20, 1, 1, 7, 1, 8, 1, 7, 5, 4]	vyglgtaagahaged
[5, 0, 18, 19, 0, 0, 5, 6, 7, 16, 1, 3, 1, 5, 14]	ersefgpacaen
[10, 5, 6, 5, 5, 7, 4, 3, 14, 1, 5, 1, 7, 7, 18]	jefeegdcnaeaggr
[3, 0, 0, 0, 0, 6, 0, 18, 10, 16, 12, 7, 33, 5, 1]	cfrjplg6ea
Epoch is 41
epoch 41	[ DISC	loss : 0.433939 ]	[ ADV	loss : 0.354895 ]
[1, 3, 0, 18, 37, 0, 0, 0, 0, 13, 20, 20, 20, 20, 24]	acr-mttttx
[4, 5, 0, 0, 12, 13, 23, 20, 20, 19, 20, 15, 15, 3, 25]	delmwttstoocy
[6, 5, 5, 20, 1, 19, 20, 19, 20, 15, 3, 5, 15, 29, 19]	feetaststoceo2s
[5, 5, 24, 31, 19, 5, 23, 12, 20, 20, 12, 15, 12, 3, 3]	eex4sewlttlolcc
[31, 0, 0, 6, 0, 0, 21, 4, 23, 18, 20, 20, 3, 12, 25]	4fudwrttcly
[0, 0, 0, 0, 14, 0, 17, 0, 23, 20, 20, 20, 20, 19, 25]	nqwttttsy
[5, 23, 18, 5, 19, 19, 15, 19, 15, 15, 15, 15, 3, 29, 11]	ewressosooooc2k
[10, 0, 0, 0, 1, 5, 23, 20, 20, 20, 20, 15, 15, 29, 22]	jaewttttoo2v
[0, 0, 1, 24, 12, 19, 19, 30, 23, 18, 1, 20, 1, 3, 25]	axlss3wratacy
[0, 5, 5, 20, 20, 20, 18, 19, 15, 3, 26, 3, 3, 5, 34]	eetttrsoczcce7
[0, 0, 5, 18, 1, 15, 19, 4, 15, 12, 15, 3, 15, 12, 16]	eraosdolocolp
[0, 31, 23, 15, 37, 1, 20, 4, 19, 15, 15, 15, 15, 15, 19]	4wo-atdsooooos
[0, 1, 23, 18, 1, 20, 37, 15, 20, 3, 15, 5, 3, 3, 28]	awrat-otcoecc1
[0, 0, 0, 19, 7, 14, 5, 7, 23, 20, 20, 12, 1, 12, 3]	sgnegwttlalc
[0, 17, 17, 0, 0, 31, 5, 23, 1, 20, 12, 20, 15, 29, 0]	qq4ewatlto2
Epoch is 42
epoch 42	[ DISC	loss : 0.435038 ]	[ ADV	loss : 0.343459 ]
[8, 19, 0, 4, 0, 12, 4, 5, 21, 1, 7, 3, 17, 11, 11]	hsdldeuagcqkk
[0, 18, 9, 14, 5, 4, 5, 0, 5, 20, 21, 3, 7, 7, 18]	rinedeetucggr
[9, 5, 7, 7, 1, 37, 12, 3, 11, 1, 22, 26, 5, 2, 12]	iegga-lckavzebl
[0, 0, 9, 7, 37, 4, 3, 5, 5, 5, 5, 31, 5, 31, 22]	ig-dceeee4e4v
[8, 14, 0, 19, 0, 26, 7, 7, 18, 1, 2, 3, 17, 11, 18]	hnszggrabcqkr
[13, 0, 0, 0, 0, 19, 2, 4, 4, 24, 1, 1, 2, 2, 5]	msbddxaabbe
[29, 7, 5, 1, 20, 19, 3, 12, 3, 1, 5, 21, 3, 30, 22]	2geatsclcaeuc3v
[0, 0, 0, 5, 31, 19, 4, 24, 1, 3, 3, 30, 21, 11, 22]	e4sdxacc3ukv
[0, 12, 36, 18, 0, 0, 0, 5, 0, 4, 7, 21, 3, 21, 22]	l9redgucuv
[0, 0, 5, 12, 7, 0, 0, 9, 7, 1, 1, 7, 5, 5, 22]	elgigaageev
[0, 0, 9, 0, 0, 0, 4, 4, 7, 1, 18, 18, 12, 5, 5]	iddgarrlee
[3, 12, 0, 0, 0, 0, 19, 9, 21, 1, 20, 2, 1, 21, 18]	clsiuatbaur
[22, 5, 5, 7, 7, 18, 3, 3, 12, 3, 30, 12, 5, 31, 9]	veeggrcclc3le4i
[20, 12, 8, 1, 1, 0, 21, 1, 1, 7, 12, 3, 3, 5, 22]	tlhaauaaglccev
[12, 9, 37, 1, 4, 1, 7, 3, 5, 12, 3, 5, 9, 22, 2]	li-adagcelceivb
Epoch is 43
epoch 43	[ DISC	loss : 0.396963 ]	[ ADV	loss : 0.306028 ]
[6, 9, 17, 19, 1, 2, 19, 25, 15, 17, 1, 2, 27, 27, 9]	fiqsabsyoqab00i
[1, 9, 31, 19, 19, 2, 19, 14, 15, 5, 1, 2, 1, 27, 9]	ai4ssbsnoeaba0i
[0, 18, 9, 1, 25, 3, 1, 5, 1, 1, 4, 1, 32, 24, 9]	riaycaeaada5xi
[31, 10, 1, 5, 24, 20, 0, 14, 19, 14, 1, 10, 15, 1, 0]	4jaextnsnajoa
[22, 9, 8, 19, 25, 19, 19, 15, 5, 1, 1, 17, 36, 1, 25]	vihsyssoeaaq9ay
[0, 5, 15, 19, 19, 19, 1, 15, 1, 1, 1, 1, 11, 26, 9]	eosssaoaaaakzi
[0, 0, 9, 14, 19, 17, 17, 14, 2, 1, 15, 27, 17, 5, 9]	insqqnbao0qei
[3, 5, 0, 5, 36, 0, 0, 13, 14, 1, 2, 1, 24, 36, 18]	cee9mnabax9r
[9, 9, 18, 18, 19, 4, 14, 1, 15, 1, 1, 1, 1, 15, 25]	iirrsdnaoaaaaoy
[7, 5, 2, 0, 5, 9, 0, 13, 32, 1, 3, 1, 5, 5, 25]	gebeim5acaeey
[12, 9, 15, 19, 19, 4, 1, 12, 1, 1, 1, 1, 2, 27, 31]	liossdalaaaab04
[0, 9, 14, 19, 19, 25, 19, 2, 1, 1, 1, 5, 1, 1, 24]	inssysbaaaeaax
[0, 15, 9, 2, 1, 0, 2, 21, 8, 14, 1, 15, 1, 24, 24]	oibabuhnaoaxx
[5, 0, 16, 18, 0, 5, 24, 15, 12, 1, 1, 2, 5, 1, 9]	eprexolaabeai
[9, 24, 10, 19, 19, 25, 14, 14, 1, 5, 32, 1, 0, 21, 9]	ixjssynnae5aui
Epoch is 44
epoch 44	[ DISC	loss : 0.293315 ]	[ ADV	loss : 0.206605 ]
[9, 18, 15, 33, 20, 20, 20, 12, 33, 20, 12, 12, 12, 2, 12]	iro6tttl6tlllbl
[33, 2, 15, 0, 15, 4, 21, 17, 21, 26, 20, 12, 20, 26, 22]	6booduquztltzv
[22, 7, 18, 3, 20, 20, 20, 20, 20, 20, 12, 12, 12, 0, 18]	vgrcttttttlllr
[36, 0, 10, 7, 0, 0, 13, 14, 20, 3, 20, 20, 1, 2, 24]	9jgmntcttabx
[36, 20, 4, 19, 12, 19, 1, 2, 36, 3, 20, 20, 20, 24, 9]	9tdslsab9ctttxi
[22, 5, 8, 20, 3, 20, 20, 20, 5, 12, 12, 24, 24, 18, 5]	vehtctttellxxre
[0, 15, 1, 20, 20, 20, 20, 20, 3, 20, 20, 12, 21, 12, 12]	oatttttcttlull
[14, 0, 2, 19, 1, 4, 1, 23, 30, 14, 20, 20, 20, 20, 4]	nbsadaw3nttttd
[0, 9, 15, 3, 20, 20, 20, 20, 3, 12, 12, 5, 12, 24, 24]	iocttttcllelxx
[24, 15, 17, 0, 14, 5, 36, 20, 20, 20, 20, 24, 5, 24, 15]	xoqne9ttttxexo
[6, 21, 20, 20, 20, 20, 20, 20, 20, 18, 12, 15, 20, 2, 11]	futttttttrlotbk
[0, 0, 2, 0, 0, 0, 5, 21, 3, 20, 20, 12, 2, 5, 18]	beucttlber
[0, 0, 14, 12, 0, 18, 11, 0, 36, 3, 20, 20, 20, 20, 20]	nlrk9cttttt
[0, 3, 9, 1, 2, 0, 24, 3, 20, 20, 20, 20, 12, 12, 18]	ciabxcttttllr
[0, 0, 7, 0, 1, 20, 3, 20, 20, 26, 20, 12, 20, 20, 18]	gatcttztlttr
Epoch is 45
epoch 45	[ DISC	loss : 0.311000 ]	[ ADV	loss : 0.224296 ]
[20, 16, 16, 1, 16, 18, 19, 16, 23, 18, 23, 15, 9, 11, 4]	tppaprspwrwoikd
[9, 0, 26, 7, 0, 0, 0, 14, 1, 1, 32, 5, 2, 29, 5]	izgnaa5eb2e
[0, 17, 13, 1, 5, 5, 16, 15, 23, 11, 29, 18, 18, 12, 18]	qmaeepowk2rrlr
[5, 0, 0, 5, 0, 25, 27, 16, 29, 14, 23, 15, 12, 15, 18]	eey0p2nwolor
[22, 10, 15, 35, 19, 0, 1, 24, 16, 15, 16, 20, 15, 15, 30]	vjo8saxpoptoo3
[18, 20, 15, 15, 35, 0, 0, 14, 1, 19, 18, 15, 15, 15, 24]	rtoo8nasrooox
[18, 21, 18, 1, 18, 15, 19, 19, 23, 1, 23, 15, 11, 18, 22]	rurarosswawokrv
[15, 0, 35, 0, 0, 21, 0, 15, 1, 18, 15, 9, 15, 23, 18]	o8uoaroiowr
[33, 0, 16, 18, 19, 4, 18, 23, 1, 23, 12, 1, 29, 23, 11]	6prsdrwawla2wk
[31, 0, 19, 1, 0, 0, 0, 30, 14, 20, 34, 23, 23, 20, 5]	4sa3nt7wwte
[22, 13, 16, 33, 19, 18, 16, 15, 23, 11, 23, 5, 27, 9, 18]	vmp6srpowkwe0ir
[0, 0, 0, 0, 4, 0, 14, 1, 1, 23, 15, 23, 9, 8, 18]	dnaawowihr
[34, 0, 0, 21, 0, 0, 20, 14, 34, 20, 12, 15, 2, 15, 22]	7utn7tlobov
[0, 5, 13, 1, 16, 19, 18, 5, 11, 9, 15, 9, 9, 23, 23]	emapsrekioiiww
[22, 13, 16, 18, 16, 18, 18, 11, 23, 5, 27, 3, 18, 5, 18]	vmprprrkwe0crer
Epoch is 46
epoch 46	[ DISC	loss : 0.462176 ]	[ ADV	loss : 0.263515 ]
[9, 0, 0, 1, 1, 37, 0, 5, 8, 2, 15, 15, 5, 14, 18]	iaa-ehbooenr
[1, 33, 0, 4, 0, 1, 21, 15, 4, 2, 27, 18, 25, 15, 5]	a6dauodb0ryoe
[22, 4, 15, 4, 4, 2, 36, 37, 7, 25, 13, 36, 8, 36, 13]	vdoddb9-gym9h9m
[0, 5, 13, 31, 5, 10, 21, 2, 2, 12, 2, 1, 5, 15, 5]	em4ejubblbaeoe
[0, 0, 1, 0, 14, 0, 30, 36, 5, 2, 14, 5, 8, 15, 7]	an39ebnehog
[0, 33, 4, 20, 12, 36, 0, 2, 12, 2, 4, 5, 2, 13, 23]	6dtl9blbdebmw
[0, 5, 5, 5, 5, 2, 5, 25, 5, 25, 1, 5, 1, 1, 36]	eeeebeyeyaeaa9
[22, 5, 12, 5, 5, 2, 15, 2, 15, 5, 25, 36, 15, 15, 13]	veleeboboey9oom
[0, 31, 12, 5, 4, 5, 25, 4, 2, 4, 1, 13, 15, 1, 25]	4ledeydbdamoay
[24, 31, 0, 7, 9, 0, 32, 12, 12, 5, 2, 2, 36, 5, 19]	x4gi5llebb9es
[20, 25, 5, 0, 25, 0, 2, 5, 5, 2, 15, 25, 36, 15, 7]	tyeybeeboy9og
[22, 12, 5, 18, 5, 4, 5, 15, 2, 1, 1, 5, 15, 26, 19]	vleredeobaaeozs
[19, 0, 0, 5, 5, 0, 5, 21, 5, 2, 2, 1, 5, 1, 19]	seeeuebbaeas
[18, 0, 5, 25, 1, 18, 4, 2, 25, 15, 25, 1, 7, 15, 5]	reyardbyoyagoe
[7, 0, 0, 9, 19, 0, 14, 12, 5, 2, 25, 1, 15, 15, 5]	gisnlebyaooe
Epoch is 47
epoch 47	[ DISC	loss : 0.442869 ]	[ ADV	loss : 0.172555 ]
[0, 5, 0, 0, 18, 0, 15, 1, 11, 20, 20, 9, 14, 9, 9]	eroakttinii
[20, 0, 0, 5, 1, 18, 15, 5, 9, 11, 11, 11, 9, 14, 18]	tearoeikkkinr
[0, 0, 1, 0, 12, 3, 14, 14, 11, 20, 12, 11, 1, 11, 11]	alcnnktlkakk
[0, 0, 0, 2, 15, 0, 1, 12, 11, 11, 9, 5, 2, 32, 9]	boalkkieb5i
[21, 1, 0, 0, 1, 5, 1, 14, 11, 11, 9, 9, 20, 2, 24]	uaaeankkiitbx
[5, 15, 15, 11, 11, 11, 9, 20, 7, 14, 28, 9, 9, 5, 18]	eookkkitgn1iier
[15, 5, 0, 5, 1, 0, 5, 15, 20, 11, 18, 11, 9, 9, 9]	oeeaeotkrkiii
[0, 14, 18, 18, 11, 20, 15, 20, 18, 11, 20, 6, 9, 9, 22]	nrrktotrktfiiv
[15, 1, 0, 2, 5, 0, 14, 12, 11, 20, 5, 20, 14, 20, 3]	oabenlktetntc
[0, 0, 0, 5, 0, 15, 1, 1, 37, 20, 20, 5, 1, 14, 5]	eoaa-tteane
[0, 15, 18, 20, 11, 18, 18, 1, 20, 9, 11, 9, 22, 9, 9]	ortkrratikivii
[0, 10, 11, 0, 0, 0, 15, 2, 11, 11, 11, 18, 18, 9, 14]	jkobkkkrrin
[22, 0, 0, 0, 0, 0, 1, 15, 12, 20, 20, 9, 20, 9, 34]	vaolttiti7
[0, 7, 4, 0, 0, 0, 14, 20, 11, 11, 11, 9, 31, 9, 5]	gdntkkki4ie
[0, 0, 5, 0, 0, 0, 0, 2, 15, 11, 11, 11, 9, 11, 5]	ebokkkike
Epoch is 48
epoch 48	[ DISC	loss : 0.254605 ]	[ ADV	loss : 0.160867 ]
[22, 0, 0, 37, 11, 1, 1, 19, 17, 37, 12, 15, 15, 2, 3]	v-kaasq-loobc
[0, 18, 0, 15, 0, 5, 10, 3, 26, 3, 14, 15, 15, 3, 19]	roejczcnoocs
[0, 0, 18, 0, 1, 0, 18, 36, 21, 3, 3, 14, 15, 15, 19]	rar9uccnoos
[0, 6, 1, 15, 3, 18, 15, 19, 12, 1, 27, 3, 15, 12, 19]	faocrosla0cols
[6, 31, 1, 15, 3, 3, 5, 19, 15, 25, 14, 32, 15, 15, 26]	f4aoccesoyn5ooz
[0, 18, 0, 0, 0, 0, 1, 10, 20, 12, 12, 12, 20, 25, 19]	rajtllltys
[0, 2, 0, 10, 3, 0, 1, 1, 1, 21, 2, 15, 3, 14, 5]	bjcaaaubocne
[0, 2, 2, 0, 0, 1, 1, 19, 20, 20, 2, 15, 0, 14, 15]	bbaasttbono
[0, 15, 18, 19, 15, 15, 15, 15, 2, 14, 14, 14, 14, 2, 13]	orsoooobnnnnbm
[18, 6, 0, 0, 16, 0, 1, 15, 5, 21, 12, 3, 19, 3, 12]	rfpaoeulcscl
[15, 3, 12, 18, 0, 0, 1, 14, 5, 3, 12, 21, 5, 19, 35]	oclraneclues8
[18, 0, 25, 15, 18, 19, 5, 19, 3, 2, 14, 5, 1, 15, 0]	ryorsescbneao
[20, 12, 0, 5, 1, 0, 19, 26, 12, 20, 5, 12, 14, 17, 13]	tleaszltelnqm
[34, 5, 15, 19, 19, 35, 5, 2, 14, 17, 3, 15, 17, 22, 25]	7eoss8ebnqcoqvy
[18, 4, 1, 12, 0, 7, 30, 1, 3, 3, 15, 15, 15, 5, 7]	rdalg3accoooeg
Epoch is 49
epoch 49	[ DISC	loss : 0.323845 ]	[ ADV	loss : 0.152405 ]
[29, 15, 6, 14, 0, 0, 36, 5, 5, 12, 19, 15, 15, 15, 5]	2ofn9eelsoooe
[6, 21, 18, 18, 18, 5, 15, 5, 2, 2, 14, 15, 7, 1, 18]	furrreoebbnogar
[18, 0, 0, 0, 1, 0, 1, 19, 5, 22, 20, 7, 9, 5, 19]	raasevtgies
[34, 0, 1, 0, 12, 0, 1, 19, 21, 37, 18, 15, 15, 15, 19]	7alasu-rooos
[9, 1, 1, 4, 0, 5, 27, 36, 5, 22, 3, 5, 9, 9, 19]	iaade09evceiis
[34, 12, 0, 1, 0, 32, 0, 5, 3, 18, 7, 1, 14, 1, 13]	7la5ecrganam
[24, 0, 11, 33, 37, 0, 1, 14, 19, 5, 35, 1, 37, 19, 15]	xk6-anse8a-so
[18, 15, 5, 18, 15, 14, 2, 1, 19, 9, 3, 9, 9, 18, 3]	roeronbasiciirc
[0, 12, 21, 15, 1, 5, 21, 17, 7, 9, 7, 7, 1, 9, 7]	luoaeuqgiggaig
[0, 11, 0, 0, 0, 1, 27, 14, 1, 5, 5, 9, 15, 10, 19]	ka0naeeiojs
[34, 5, 5, 37, 18, 12, 5, 12, 1, 25, 14, 7, 15, 13, 5]	7ee-rlelayngome
[15, 1, 0, 29, 0, 10, 0, 19, 3, 18, 5, 5, 1, 15, 25]	oa2jscreeaoy
[0, 0, 0, 0, 25, 13, 1, 14, 5, 33, 12, 7, 1, 15, 3]	ymane6lgaoc
[18, 0, 1, 5, 0, 14, 21, 5, 28, 12, 12, 30, 12, 1, 15]	raenue1ll3lao
[20, 9, 1, 1, 1, 21, 18, 18, 25, 5, 1, 9, 15, 1, 15]	tiaaaurryeaioao
Epoch is 50
epoch 50	[ DISC	loss : 0.419563 ]	[ ADV	loss : 0.167782 ]
[0, 15, 2, 0, 7, 5, 0, 10, 13, 8, 24, 8, 8, 1, 5]	obgejmhxhhae
[20, 15, 1, 31, 4, 12, 5, 15, 5, 1, 5, 29, 34, 31, 29]	toa4dleoeae2742
[0, 13, 1, 5, 5, 4, 25, 5, 25, 20, 24, 29, 29, 18, 12]	maeedyeytx22rl
[20, 0, 7, 0, 18, 1, 31, 19, 1, 2, 31, 8, 29, 34, 5]	tgra4sab4h27e
[0, 0, 19, 0, 0, 1, 19, 13, 1, 11, 24, 9, 7, 22, 15]	sasmakxigvo
[1, 0, 4, 2, 1, 1, 5, 4, 5, 12, 1, 31, 24, 22, 14]	adbaaedela4xvn
[1, 5, 12, 1, 8, 5, 0, 24, 8, 7, 7, 31, 29, 8, 3]	aelahexhgg42hc
[0, 0, 2, 2, 1, 1, 3, 1, 19, 11, 9, 9, 8, 29, 18]	bbaacaskiih2r
[34, 24, 5, 11, 4, 5, 5, 1, 37, 1, 34, 29, 29, 7, 29]	7xekdeea-a722g2
[26, 0, 0, 5, 0, 0, 0, 5, 12, 15, 19, 8, 22, 22, 4]	zeeloshvvd
[19, 15, 0, 0, 0, 0, 15, 1, 1, 8, 8, 9, 5, 24, 5]	sooaahhiexe
[0, 0, 0, 0, 5, 1, 10, 13, 7, 8, 5, 8, 1, 1, 4]	eajmghehaad
[11, 0, 0, 1, 0, 0, 1, 7, 8, 8, 12, 5, 8, 24, 19]	kaaghhlehxs
[22, 5, 26, 4, 5, 4, 2, 5, 5, 22, 29, 29, 29, 31, 4]	vezdedbeev2224d
[0, 32, 0, 0, 1, 26, 12, 8, 24, 5, 8, 29, 9, 31, 4]	5azlhxeh2i4d
Epoch is 51
epoch 51	[ DISC	loss : 0.185685 ]	[ ADV	loss : 0.122997 ]
[22, 11, 24, 2, 1, 3, 18, 14, 20, 2, 2, 20, 1, 2, 3]	vkxbacrntbbtabc
[11, 1, 12, 0, 0, 1, 1, 12, 12, 2, 12, 16, 3, 1, 12]	kalaallblpcal
[9, 11, 20, 1, 3, 1, 1, 15, 2, 15, 1, 16, 1, 16, 5]	iktacaaoboapape
[4, 1, 0, 31, 9, 5, 2, 20, 12, 2, 20, 3, 1, 1, 19]	da4iebtlbtcaas
[24, 15, 20, 20, 20, 15, 2, 20, 20, 20, 14, 2, 1, 5, 3]	xotttobtttnbaec
[9, 12, 1, 0, 0, 13, 7, 12, 20, 16, 16, 15, 20, 2, 19]	ilamgltppotbs
[11, 0, 0, 0, 7, 0, 8, 1, 20, 2, 16, 2, 1, 25, 3]	kghatbpbayc
[36, 0, 5, 0, 0, 0, 1, 1, 2, 20, 20, 3, 30, 1, 3]	9eaabttc3ac
[1, 15, 1, 20, 5, 15, 14, 20, 15, 1, 2, 14, 1, 1, 19]	aoateontoabnaas
[0, 18, 0, 12, 1, 1, 3, 3, 14, 15, 20, 1, 1, 1, 14]	rlaaccnotaaan
[1, 15, 18, 1, 1, 0, 1, 7, 1, 12, 2, 14, 3, 7, 3]	aoraaagalbncgc
[11, 15, 0, 21, 4, 21, 15, 1, 12, 5, 2, 12, 1, 3, 19]	kouduoaleblacs
[4, 13, 1, 20, 2, 15, 3, 14, 14, 15, 2, 1, 14, 1, 3]	dmatbocnnobanac
[0, 12, 12, 15, 0, 0, 13, 1, 3, 14, 1, 3, 20, 16, 3]	llomacnactpc
[29, 0, 20, 14, 5, 0, 0, 14, 5, 20, 2, 25, 1, 1, 15]	2tnenetbyaao
Epoch is 52
epoch 52	[ DISC	loss : 0.219256 ]	[ ADV	loss : 0.178240 ]
[7, 15, 18, 0, 0, 1, 5, 19, 21, 21, 21, 5, 20, 9, 5]	goraesuuuetie
[9, 7, 15, 21, 21, 21, 21, 18, 21, 21, 14, 21, 21, 1, 19]	igouuuuruunuuas
[0, 30, 1, 31, 0, 7, 3, 12, 21, 21, 21, 15, 7, 13, 5]	3a4gcluuuogme
[9, 15, 1, 1, 21, 21, 21, 21, 21, 17, 1, 11, 9, 9, 18]	ioaauuuuuqakiir
[4, 7, 1, 21, 21, 20, 21, 21, 21, 1, 13, 13, 1, 20, 13]	dgauutuuuammatm
[29, 14, 12, 1, 21, 21, 21, 21, 21, 1, 21, 1, 14, 13, 19]	2nlauuuuuauanms
[1, 21, 1, 21, 21, 21, 21, 21, 21, 23, 20, 18, 7, 17, 4]	auauuuuuuwtrgqd
[11, 0, 24, 5, 0, 5, 7, 1, 21, 11, 21, 21, 21, 21, 15]	kxeegaukuuuuo
[1, 15, 1, 1, 21, 21, 21, 21, 15, 21, 1, 21, 9, 17, 19]	aoaauuuuouauiqs
[0, 0, 18, 0, 0, 14, 0, 7, 21, 21, 21, 12, 9, 1, 5]	rnguuuliae
[11, 0, 1, 13, 7, 0, 32, 37, 21, 21, 21, 21, 5, 1, 5]	kamg5-uuuueae
[1, 24, 1, 21, 1, 21, 21, 21, 21, 2, 21, 1, 32, 11, 13]	axauauuuubua5km
[20, 7, 15, 1, 21, 21, 21, 21, 21, 21, 21, 24, 21, 14, 19]	tgoauuuuuuuxuns
[0, 11, 0, 1, 22, 7, 32, 21, 21, 21, 21, 21, 15, 21, 19]	kavg5uuuuuous
[22, 0, 0, 0, 0, 0, 0, 1, 5, 21, 11, 21, 21, 21, 19]	vaeukuuus
Epoch is 53
epoch 53	[ DISC	loss : 0.137967 ]	[ ADV	loss : 0.137839 ]
[29, 15, 1, 1, 3, 5, 1, 1, 1, 1, 1, 14, 1, 21, 19]	2oaaceaaaaanaus
[20, 19, 0, 5, 29, 1, 0, 5, 37, 5, 31, 12, 12, 31, 28]	tse2ae-e4ll41
[12, 20, 0, 18, 0, 0, 2, 1, 31, 31, 4, 31, 15, 31, 12]	ltrba44d4o4l
[9, 0, 3, 31, 31, 4, 31, 1, 12, 1, 14, 1, 1, 1, 4]	ic44d4alanaaad
[18, 0, 0, 0, 7, 30, 2, 0, 16, 31, 12, 9, 1, 1, 4]	rg3bp4liaad
[5, 5, 15, 31, 2, 31, 2, 5, 1, 1, 1, 1, 24, 1, 29]	eeo4b4beaaaaxa2
[20, 15, 4, 1, 1, 1, 1, 1, 1, 5, 1, 1, 1, 1, 36]	todaaaaaaeaaaa9
[1, 15, 12, 31, 19, 1, 14, 2, 1, 1, 9, 1, 1, 36, 36]	aol4sanbaaiaa99
[26, 1, 0, 0, 0, 14, 1, 25, 7, 31, 31, 31, 31, 31, 19]	zanayg44444s
[0, 18, 1, 15, 2, 0, 0, 12, 19, 2, 5, 2, 2, 12, 12]	raoblsbebbll
[1, 5, 0, 3, 0, 12, 0, 0, 19, 1, 31, 9, 3, 13, 19]	aeclsa4icms
[0, 2, 0, 0, 1, 5, 15, 16, 4, 24, 31, 12, 1, 7, 4]	baeopdx4lagd
[9, 0, 24, 1, 18, 9, 19, 24, 2, 5, 31, 3, 1, 31, 9]	ixarisxbe4ca4i
[18, 15, 1, 31, 25, 1, 15, 1, 15, 2, 1, 1, 1, 1, 5]	roa4yaoaobaaaae
[7, 0, 22, 4, 30, 0, 21, 15, 18, 31, 31, 31, 3, 3, 5]	gvd3uor444cce
Epoch is 54
epoch 54	[ DISC	loss : 0.193416 ]	[ ADV	loss : 0.088640 ]
[29, 18, 15, 18, 26, 26, 20, 15, 15, 1, 13, 25, 5, 22, 12]	2rorzztooamyevl
[17, 15, 26, 26, 15, 15, 23, 15, 26, 18, 18, 18, 3, 15, 5]	qozzoowozrrrcoe
[32, 5, 15, 18, 26, 18, 18, 22, 18, 9, 1, 14, 26, 26, 24]	5eorzrrvrianzzx
[0, 0, 0, 3, 2, 0, 37, 19, 26, 26, 8, 8, 22, 23, 12]	cb-szzhhvwl
[28, 11, 5, 12, 0, 12, 0, 12, 0, 0, 4, 25, 20, 26, 5]	1kellldytze
[20, 0, 5, 31, 0, 0, 24, 18, 26, 26, 7, 7, 15, 7, 5]	te4xrzzggoge
[11, 0, 30, 13, 0, 0, 0, 31, 15, 26, 26, 22, 23, 35, 5]	k3m4ozzvw8e
[1, 0, 0, 0, 0, 0, 4, 18, 26, 23, 15, 8, 26, 7, 8]	adrzwohzgh
[22, 15, 3, 26, 26, 8, 15, 14, 15, 14, 14, 26, 14, 15, 12]	voczzhononnznol
[33, 19, 13, 1, 0, 0, 14, 8, 26, 20, 7, 15, 9, 7, 5]	6smanhztgoige
[0, 15, 15, 26, 26, 26, 15, 18, 1, 26, 1, 23, 34, 26, 5]	oozzzorazaw7ze
[0, 0, 12, 0, 0, 21, 0, 15, 9, 26, 26, 14, 14, 14, 0]	luoizznnn
[11, 12, 21, 12, 15, 0, 12, 15, 19, 26, 26, 7, 8, 15, 29]	kluloloszzgho2
[1, 12, 1, 0, 0, 0, 4, 3, 26, 8, 8, 8, 8, 7, 5]	aladczhhhhge
[1, 2, 12, 18, 0, 15, 13, 15, 5, 7, 1, 7, 9, 14, 5]	ablromoegagine
Epoch is 55
epoch 55	[ DISC	loss : 0.091628 ]	[ ADV	loss : 0.079180 ]
[20, 4, 0, 14, 1, 0, 12, 18, 19, 18, 12, 9, 11, 9, 19]	tdnalrsrlikis
[1, 1, 12, 18, 16, 1, 12, 20, 9, 9, 1, 1, 29, 11, 9]	aalrpaltiiaa2ki
[7, 0, 0, 0, 15, 14, 0, 15, 18, 8, 9, 10, 12, 10, 19]	gonorhijljs
[1, 15, 12, 1, 20, 20, 5, 1, 1, 12, 34, 1, 1, 11, 19]	aolatteaal7aaks
[18, 15, 25, 9, 18, 18, 12, 37, 1, 5, 20, 20, 1, 24, 3]	royirrl-aettaxc
[28, 0, 0, 1, 0, 0, 18, 19, 5, 20, 12, 19, 17, 18, 19]	1arsetlsqrs
[1, 0, 13, 14, 0, 5, 5, 18, 35, 5, 12, 12, 9, 24, 19]	amneer8ellixs
[1, 0, 1, 0, 20, 5, 0, 0, 15, 18, 9, 9, 9, 12, 12]	aateoriiill
[36, 15, 18, 20, 25, 15, 1, 1, 1, 13, 1, 24, 9, 29, 29]	9ortyoaaamaxi22
[0, 12, 0, 2, 25, 1, 5, 9, 12, 11, 16, 9, 19, 16, 12]	lbyaeilkpispl
[5, 0, 0, 0, 12, 5, 0, 5, 19, 5, 11, 9, 12, 16, 12]	eleesekilpl
[4, 25, 4, 20, 18, 34, 20, 9, 12, 1, 1, 11, 11, 9, 12]	dydtr7tilaakkil
[31, 1, 22, 0, 12, 0, 14, 18, 12, 25, 18, 14, 9, 16, 12]	4avlnrlyrnipl
[0, 12, 0, 24, 0, 0, 12, 0, 16, 25, 11, 5, 11, 5, 4]	lxlpykeked
[11, 15, 20, 20, 12, 18, 5, 1, 1, 1, 1, 9, 12, 9, 36]	kottlreaaaaili9
D loss too low, failure state. terminating...
