experiments/20171219-154518
____________________________________________________________________________________________________
Layer (type)                     Output Shape          Param #     Connected to                     
====================================================================================================
Discriminator_Input (InputLayer) (None, 15, 38)        0                                            
____________________________________________________________________________________________________
discr_conv0 (Conv1D)             (None, 15, 20)        1540        Discriminator_Input[0][0]        
____________________________________________________________________________________________________
discr_conv1 (Conv1D)             (None, 15, 10)        1150        Discriminator_Input[0][0]        
____________________________________________________________________________________________________
batch_normalization_1 (BatchNorm (None, 15, 20)        80          discr_conv0[0][0]                
____________________________________________________________________________________________________
batch_normalization_2 (BatchNorm (None, 15, 10)        40          discr_conv1[0][0]                
____________________________________________________________________________________________________
leaky_re_lu_1 (LeakyReLU)        (None, 15, 20)        0           batch_normalization_1[0][0]      
____________________________________________________________________________________________________
leaky_re_lu_2 (LeakyReLU)        (None, 15, 10)        0           batch_normalization_2[0][0]      
____________________________________________________________________________________________________
discr_dropout0 (Dropout)         (None, 15, 20)        0           leaky_re_lu_1[0][0]              
____________________________________________________________________________________________________
discr_dropout1 (Dropout)         (None, 15, 10)        0           leaky_re_lu_2[0][0]              
____________________________________________________________________________________________________
average_pooling1d_1 (AveragePool (None, 7, 20)         0           discr_dropout0[0][0]             
____________________________________________________________________________________________________
average_pooling1d_2 (AveragePool (None, 7, 10)         0           discr_dropout1[0][0]             
____________________________________________________________________________________________________
concatenate_1 (Concatenate)      (None, 7, 30)         0           average_pooling1d_1[0][0]        
                                                                   average_pooling1d_2[0][0]        
____________________________________________________________________________________________________
lstm_1 (LSTM)                    (None, 20)            4080        concatenate_1[0][0]              
____________________________________________________________________________________________________
dense_1 (Dense)                  (None, 1)             21          lstm_1[0][0]                     
====================================================================================================
Total params: 6,911
Trainable params: 6,851
Non-trainable params: 60
____________________________________________________________________________________________________
____________________________________________________________________________________________________
Layer (type)                     Output Shape          Param #     Connected to                     
====================================================================================================
Generator_Input (InputLayer)     (None, 20)            0                                            
____________________________________________________________________________________________________
gen_repeate_vec (RepeatVector)   (None, 15, 20)        0           Generator_Input[0][0]            
____________________________________________________________________________________________________
gen_LSTM (LSTM)                  (None, 15, 38)        8968        gen_repeate_vec[0][0]            
____________________________________________________________________________________________________
dropout_1 (Dropout)              (None, 15, 38)        0           gen_LSTM[0][0]                   
____________________________________________________________________________________________________
gen_conv0 (Conv1D)               (None, 15, 20)        1540        dropout_1[0][0]                  
____________________________________________________________________________________________________
gen_conv1 (Conv1D)               (None, 15, 10)        1150        dropout_1[0][0]                  
____________________________________________________________________________________________________
leaky_re_lu_3 (LeakyReLU)        (None, 15, 20)        0           gen_conv0[0][0]                  
____________________________________________________________________________________________________
leaky_re_lu_4 (LeakyReLU)        (None, 15, 10)        0           gen_conv1[0][0]                  
____________________________________________________________________________________________________
gen_dropout0 (Dropout)           (None, 15, 20)        0           leaky_re_lu_3[0][0]              
____________________________________________________________________________________________________
gen_dropout1 (Dropout)           (None, 15, 10)        0           leaky_re_lu_4[0][0]              
____________________________________________________________________________________________________
concatenate_2 (Concatenate)      (None, 15, 30)        0           gen_dropout0[0][0]               
                                                                   gen_dropout1[0][0]               
____________________________________________________________________________________________________
decoder_end (TimeDistributed)    (None, 15, 38)        1178        concatenate_2[0][0]              
====================================================================================================
Total params: 12,836
Trainable params: 12,836
Non-trainable params: 0
____________________________________________________________________________________________________
_________________________________________________________________
Layer (type)                 Output Shape              Param #   
=================================================================
Generator (Model)            (None, 15, 38)            12836     
_________________________________________________________________
Discriminator (Model)        (None, 1)                 6911      
=================================================================
Total params: 19,747
Trainable params: 19,687
Non-trainable params: 60
_________________________________________________________________
Epoch is 0
Number of batches 174
Batch size: 128
domains_batch size:	(128, 15, 38)
generated domains shape:	(128, 15, 38)
training set shape	(128, 15, 38)
target shape (128, 1)
epoch 0	[ DISC	loss : 0.750373 ]	[ ADV	loss : 0.637942 ]
[8, 6, 8, 8, 35, 18, 24, 20, 31, 21, 31, 21, 36, 36, 2]	hfhh8rxt4u4u99b
[18, 18, 35, 35, 18, 18, 18, 29, 15, 21, 19, 0, 21, 20, 37]	rr88rrr2ousut-
[35, 35, 30, 28, 35, 6, 35, 6, 1, 26, 15, 20, 21, 21, 32]	88318f8fazotuu5
[28, 18, 30, 18, 28, 28, 28, 24, 20, 19, 11, 1, 15, 21, 26]	1r3r111xtskaouz
[30, 18, 30, 28, 28, 24, 28, 24, 21, 1, 31, 21, 20, 21, 37]	3r311x1xua4utu-
[18, 35, 18, 18, 13, 6, 28, 24, 1, 9, 33, 21, 0, 0, 2]	r8rrmf1xai6ub
[8, 16, 18, 18, 13, 18, 28, 18, 21, 0, 0, 19, 15, 15, 34]	hprrmr1rusoo7
[35, 18, 35, 30, 28, 35, 30, 19, 21, 33, 31, 21, 11, 20, 37]	8r83183su64ukt-
[35, 35, 35, 18, 18, 13, 28, 31, 21, 0, 15, 21, 15, 15, 36]	888rrm14uouoo9
[28, 30, 18, 18, 13, 18, 28, 11, 1, 11, 11, 21, 11, 11, 17]	13rrmr1kakkukkq
[30, 30, 18, 18, 35, 35, 28, 28, 21, 21, 1, 15, 21, 20, 25]	33rr8811uuaouty
[35, 28, 35, 18, 18, 28, 30, 35, 24, 21, 15, 0, 15, 21, 37]	818rr138xuoou-
[30, 18, 16, 18, 13, 13, 18, 8, 11, 20, 20, 21, 21, 36, 36]	3rprmmrhkttuu99
[18, 30, 30, 18, 18, 8, 13, 24, 31, 20, 20, 11, 20, 37, 36]	r33rrhmx4ttkt-9
[30, 16, 35, 18, 18, 30, 18, 30, 31, 20, 21, 11, 31, 21, 37]	3p8rr3r34tuk4u-
Epoch is 1
epoch 1	[ DISC	loss : 0.732886 ]	[ ADV	loss : 0.655818 ]
[30, 18, 30, 30, 8, 15, 15, 15, 9, 7, 7, 31, 20, 9, 21]	3r33hoooigg4tiu
[16, 30, 18, 18, 34, 8, 34, 34, 20, 7, 7, 7, 20, 20, 11]	p3rr7h77tgggttk
[35, 18, 18, 8, 30, 33, 8, 15, 9, 31, 9, 31, 31, 4, 17]	8rrh36hoi4i44dq
[18, 18, 18, 33, 8, 6, 9, 15, 31, 7, 7, 4, 4, 9, 17]	rrr6hfio4ggddiq
[16, 18, 30, 18, 15, 18, 15, 8, 15, 20, 9, 9, 7, 4, 21]	pr3rorohotiigdu
[30, 18, 18, 18, 8, 30, 15, 34, 15, 28, 31, 9, 9, 20, 31]	3rrrh3o7o14iit4
[18, 18, 30, 33, 8, 15, 15, 34, 31, 20, 31, 9, 9, 7, 20]	rr36hoo74t4iigt
[18, 30, 33, 18, 15, 34, 6, 28, 7, 31, 31, 7, 7, 7, 17]	r36ro7f1g44gggq
[18, 18, 18, 18, 18, 6, 15, 31, 12, 9, 31, 7, 4, 4, 25]	rrrrrfo4li4gddy
[30, 30, 18, 30, 30, 8, 28, 31, 31, 31, 9, 4, 4, 20, 17]	33r33h1444iddtq
[18, 30, 18, 18, 18, 8, 15, 9, 15, 9, 9, 9, 4, 4, 17]	r3rrrhoioiiiddq
[35, 18, 18, 18, 30, 6, 10, 15, 34, 7, 4, 9, 4, 31, 17]	8rrr3fjo7gdid4q
[30, 18, 18, 18, 18, 8, 15, 15, 12, 34, 9, 9, 9, 9, 9]	3rrrrhool7iiiii
[18, 30, 18, 18, 30, 10, 15, 15, 31, 7, 9, 7, 4, 20, 20]	r3rr3joo4gigdtt
[18, 18, 30, 30, 8, 18, 8, 28, 15, 9, 9, 4, 4, 20, 37]	rr33hrh1oiiddt-
Epoch is 2
epoch 2	[ DISC	loss : 0.730449 ]	[ ADV	loss : 0.660002 ]
[0, 1, 0, 0, 15, 0, 34, 21, 21, 24, 0, 36, 37, 26, 10]	ao7uux9-zj
[35, 0, 0, 1, 0, 1, 34, 34, 32, 34, 24, 11, 6, 27, 29]	8aa7757xkf02
[35, 12, 0, 0, 0, 1, 31, 13, 32, 24, 34, 8, 29, 37, 10]	8la4m5x7h2-j
[0, 1, 0, 15, 0, 0, 0, 34, 21, 34, 24, 11, 26, 6, 37]	ao7u7xkzf-
[0, 0, 12, 0, 12, 15, 0, 32, 13, 34, 34, 26, 36, 27, 28]	llo5m77z901
[16, 0, 12, 15, 0, 1, 0, 21, 24, 15, 7, 31, 6, 36, 10]	ploauxog4f9j
[0, 12, 0, 0, 0, 0, 32, 13, 24, 32, 24, 6, 10, 37, 5]	l5mx5xfj-e
[16, 15, 0, 12, 0, 1, 1, 34, 21, 31, 13, 6, 36, 11, 10]	polaa7u4mf9kj
[16, 15, 0, 0, 15, 12, 0, 24, 32, 24, 7, 26, 29, 27, 37]	poolx5xgz20-
[16, 12, 15, 0, 0, 12, 32, 32, 0, 32, 24, 36, 27, 26, 28]	plol555x90z1
[20, 12, 15, 12, 0, 0, 15, 13, 21, 26, 37, 36, 27, 26, 11]	tlolomuz-90zk
[0, 15, 0, 12, 15, 12, 34, 34, 34, 21, 24, 29, 27, 10, 37]	olol777ux20j-
[0, 0, 0, 15, 15, 0, 13, 21, 21, 7, 7, 6, 27, 6, 8]	oomuuggf0fh
[35, 15, 12, 0, 12, 15, 21, 32, 34, 13, 36, 10, 37, 10, 37]	8ollou57m9j-j-
[35, 12, 1, 12, 12, 0, 21, 32, 13, 21, 36, 36, 33, 36, 37]	8lallu5mu9969-
Epoch is 3
epoch 3	[ DISC	loss : 0.724598 ]	[ ADV	loss : 0.665871 ]
[32, 8, 27, 33, 5, 21, 21, 21, 4, 20, 6, 13, 18, 5, 5]	5h06euuudtfmree
[32, 8, 9, 32, 8, 9, 21, 34, 34, 21, 6, 11, 11, 5, 36]	5hi5hiu77ufkke9
[36, 10, 32, 28, 10, 35, 21, 21, 34, 7, 7, 13, 5, 18, 36]	9j51j8uu7ggmer9
[32, 32, 28, 31, 31, 10, 4, 14, 21, 7, 11, 11, 5, 18, 29]	55144jdnugkker2
[28, 28, 32, 8, 8, 21, 34, 21, 21, 19, 11, 11, 18, 5, 37]	115hhu7uuskkre-
[27, 8, 36, 8, 27, 36, 21, 4, 14, 34, 20, 25, 11, 18, 37]	0h9h09udn7tykr-
[32, 8, 31, 23, 28, 34, 14, 14, 4, 19, 7, 11, 18, 5, 36]	5h4w17nndsgkre9
[8, 16, 28, 10, 33, 31, 14, 14, 21, 21, 13, 18, 18, 5, 37]	hp1j64nnuumrre-
[32, 36, 32, 23, 28, 21, 10, 34, 21, 35, 13, 11, 18, 5, 5]	595w1uj7u8mkree
[36, 31, 8, 9, 8, 21, 14, 35, 21, 13, 20, 11, 11, 5, 18]	94hihun8umtkker
[9, 28, 8, 9, 27, 10, 21, 21, 21, 14, 11, 7, 11, 5, 36]	i1hi0juuunkgke9
[37, 28, 28, 31, 33, 33, 14, 35, 34, 35, 20, 11, 25, 5, 37]	-11466n878tkye-
[8, 8, 32, 31, 32, 21, 34, 21, 34, 21, 13, 11, 11, 5, 18]	hh545u7u7umkker
[32, 9, 27, 31, 8, 24, 21, 4, 14, 34, 6, 11, 11, 18, 18]	5i04hxudn7fkkrr
[36, 33, 28, 36, 8, 21, 14, 21, 21, 25, 11, 25, 5, 18, 17]	9619hunuuykyerq
Epoch is 4
epoch 4	[ DISC	loss : 0.723103 ]	[ ADV	loss : 0.666769 ]
[18, 18, 0, 0, 0, 0, 0, 32, 32, 36, 31, 11, 15, 15, 10]	rr5594kooj
[0, 18, 0, 0, 0, 0, 3, 0, 32, 11, 17, 11, 15, 9, 30]	rc5kqkoi3
[0, 0, 0, 0, 0, 0, 0, 0, 27, 11, 27, 34, 15, 9, 35]	0k07oi8
[18, 0, 0, 0, 0, 0, 0, 32, 31, 32, 31, 31, 36, 15, 26]	r545449oz
[18, 0, 0, 0, 0, 0, 0, 3, 32, 31, 11, 31, 9, 15, 10]	rc54k4ioj
[25, 0, 18, 0, 0, 0, 0, 32, 18, 11, 11, 36, 9, 9, 10]	yr5rkk9iij
[18, 0, 0, 0, 0, 0, 0, 0, 6, 31, 11, 31, 15, 15, 37]	rf4k4oo-
[18, 32, 0, 0, 0, 0, 32, 0, 32, 31, 11, 15, 9, 15, 8]	r5554koioh
[18, 0, 0, 0, 0, 18, 0, 0, 17, 27, 36, 11, 15, 9, 10]	rrq09koij
[0, 0, 0, 0, 0, 0, 0, 32, 27, 27, 31, 14, 15, 9, 37]	5004noi-
[0, 0, 0, 0, 0, 0, 0, 6, 32, 31, 33, 31, 15, 9, 15]	f5464oio
[18, 0, 0, 0, 0, 0, 0, 0, 17, 33, 17, 5, 9, 35, 10]	rq6qei8j
[0, 0, 0, 18, 0, 0, 0, 32, 27, 31, 32, 14, 15, 9, 30]	r5045noi3
[25, 18, 0, 0, 0, 0, 32, 0, 27, 32, 31, 14, 15, 9, 35]	yr5054noi8
[25, 0, 0, 0, 0, 0, 0, 32, 0, 36, 31, 31, 9, 9, 37]	y5944ii-
Epoch is 5
epoch 5	[ DISC	loss : 0.721009 ]	[ ADV	loss : 0.668538 ]
[18, 0, 21, 16, 25, 0, 8, 17, 31, 1, 12, 3, 3, 3, 7]	rupyhq4alcccg
[18, 0, 30, 30, 0, 35, 37, 17, 11, 1, 12, 12, 27, 3, 15]	r338-qkall0co
[18, 35, 0, 35, 35, 25, 37, 11, 11, 12, 12, 12, 3, 3, 3]	r888y-kklllccc
[35, 0, 0, 23, 30, 35, 35, 37, 11, 12, 12, 12, 27, 19, 8]	8w388-klll0sh
[18, 18, 35, 30, 0, 35, 31, 17, 20, 11, 12, 12, 3, 3, 32]	rr8384qtkllcc5
[18, 16, 30, 35, 30, 17, 25, 29, 17, 12, 12, 12, 3, 3, 32]	rp383qy2qlllcc5
[18, 0, 35, 0, 18, 0, 25, 37, 20, 12, 12, 27, 27, 3, 4]	r8ry-tll00cd
[18, 25, 35, 35, 35, 31, 17, 37, 11, 11, 1, 12, 12, 3, 32]	ry8884q-kkallc5
[35, 18, 0, 35, 35, 35, 11, 31, 31, 12, 12, 26, 3, 3, 3]	8r888k44llzccc
[25, 16, 30, 35, 30, 17, 37, 17, 1, 1, 1, 3, 3, 3, 18]	yp383q-qaaacccr
[0, 25, 21, 35, 16, 23, 31, 37, 22, 11, 12, 12, 3, 3, 32]	yu8pw4-vkllcc5
[18, 30, 16, 35, 35, 0, 25, 37, 22, 1, 12, 12, 3, 27, 4]	r3p88y-vallc0d
[18, 35, 25, 30, 0, 35, 25, 20, 17, 1, 1, 28, 3, 3, 32]	r8y38ytqaa1cc5
[18, 30, 21, 21, 0, 32, 6, 17, 11, 12, 12, 12, 3, 3, 32]	r3uu5fqklllcc5
[18, 21, 0, 18, 35, 25, 17, 37, 11, 12, 12, 12, 3, 3, 4]	rur8yq-klllccd
Epoch is 6
epoch 6	[ DISC	loss : 0.716736 ]	[ ADV	loss : 0.672037 ]
[13, 30, 13, 30, 35, 13, 35, 25, 15, 14, 14, 14, 37, 33, 33]	m3m38m8yonnn-66
[13, 18, 26, 13, 32, 4, 30, 35, 15, 7, 10, 7, 14, 24, 13]	mrzm5d38ogjgnxm
[13, 0, 13, 35, 4, 35, 35, 17, 15, 36, 5, 7, 6, 33, 31]	mm8d88qo9egf64
[13, 35, 0, 13, 35, 35, 25, 35, 36, 7, 11, 37, 31, 31, 3]	m8m88y89gk-44c
[0, 18, 30, 35, 35, 4, 32, 4, 15, 15, 7, 14, 24, 33, 27]	r388d5doognx60
[0, 35, 0, 4, 0, 0, 25, 32, 29, 7, 14, 17, 3, 24, 3]	8dy52gnqcxc
[0, 4, 0, 35, 4, 0, 35, 2, 36, 10, 7, 37, 14, 33, 31]	d8d8b9jg-n64
[35, 13, 0, 0, 35, 4, 35, 25, 15, 36, 7, 14, 31, 24, 24]	8m8d8yo9gn4xx
[16, 32, 13, 0, 4, 35, 35, 25, 36, 29, 15, 37, 31, 33, 24]	p5md88y92o-46x
[18, 35, 13, 35, 18, 35, 0, 4, 8, 11, 7, 7, 9, 3, 31]	r8m8r8dhkggic4
[13, 13, 13, 4, 26, 0, 35, 32, 15, 36, 11, 14, 33, 37, 33]	mmmdz85o9kn6-6
[13, 0, 30, 0, 4, 30, 13, 8, 15, 17, 15, 15, 14, 33, 31]	m3d3mhoqoon64
[16, 30, 35, 35, 30, 35, 32, 26, 15, 29, 36, 10, 37, 33, 33]	p388385zo29j-66
[16, 0, 19, 13, 35, 35, 4, 4, 15, 29, 11, 14, 33, 24, 3]	psm88ddo2kn6xc
[13, 35, 35, 30, 35, 35, 25, 25, 15, 11, 10, 14, 31, 33, 24]	m88388yyokjn46x
Epoch is 7
epoch 7	[ DISC	loss : 0.716250 ]	[ ADV	loss : 0.671670 ]
[25, 22, 21, 27, 0, 0, 0, 15, 15, 10, 10, 18, 18, 18, 4]	yvu0oojjrrrd
[25, 18, 0, 22, 0, 3, 0, 35, 2, 36, 11, 6, 18, 25, 4]	yrvc8b9kfryd
[23, 28, 12, 12, 13, 0, 21, 36, 15, 14, 10, 6, 18, 4, 25]	w1llmu9onjfrdy
[35, 31, 22, 12, 0, 3, 0, 25, 15, 10, 5, 6, 18, 25, 8]	84vlcyojefryh
[25, 27, 24, 12, 13, 0, 0, 0, 15, 36, 14, 15, 18, 4, 25]	y0xlmo9nordy
[35, 27, 22, 0, 3, 0, 0, 15, 36, 2, 11, 18, 18, 18, 25]	80vco9bkrrry
[25, 27, 3, 34, 13, 3, 13, 3, 8, 5, 14, 6, 18, 4, 18]	y0c7mcmchenfrdr
[0, 0, 34, 34, 27, 12, 0, 25, 15, 10, 5, 15, 18, 4, 23]	770lyojeordw
[35, 27, 27, 27, 3, 3, 13, 32, 15, 5, 5, 6, 18, 4, 35]	8000ccm5oeefrd8
[25, 27, 0, 1, 3, 3, 0, 32, 36, 2, 5, 15, 18, 4, 7]	y0acc59beordg
[25, 35, 27, 12, 3, 0, 13, 0, 36, 14, 5, 6, 18, 4, 4]	y80lcm9nefrdd
[23, 27, 27, 27, 0, 3, 0, 13, 36, 17, 14, 18, 18, 4, 25]	w000cm9qnrrdy
[25, 12, 27, 0, 21, 0, 13, 13, 15, 17, 14, 6, 18, 4, 25]	yl0ummoqnfrdy
[25, 27, 1, 0, 0, 0, 13, 35, 29, 33, 17, 6, 4, 25, 18]	y0am826qfdyr
[25, 27, 27, 27, 12, 0, 0, 30, 15, 15, 14, 15, 18, 4, 4]	y000l3oonordd
Epoch is 8
epoch 8	[ DISC	loss : 0.716521 ]	[ ADV	loss : 0.673185 ]
[12, 12, 12, 12, 12, 12, 12, 20, 20, 6, 6, 26, 7, 7, 4]	lllllllttffzggd
[0, 12, 0, 12, 12, 0, 0, 12, 24, 23, 23, 24, 9, 7, 15]	llllxwwxigo
[12, 12, 12, 12, 12, 12, 12, 20, 37, 35, 30, 26, 8, 7, 17]	lllllllt-83zhgq
[4, 12, 0, 12, 12, 0, 12, 12, 13, 21, 35, 31, 29, 7, 4]	dlllllmu842gd
[0, 12, 12, 0, 12, 0, 0, 12, 0, 23, 24, 26, 25, 7, 15]	llllwxzygo
[12, 3, 12, 12, 12, 12, 12, 0, 32, 26, 19, 26, 25, 7, 15]	lclllll5zszygo
[12, 12, 12, 0, 0, 0, 12, 0, 22, 24, 19, 23, 25, 17, 15]	llllvxswyqo
[3, 0, 0, 12, 12, 12, 12, 20, 37, 24, 23, 25, 25, 7, 15]	cllllt-xwyygo
[0, 0, 12, 12, 12, 0, 12, 22, 37, 34, 26, 35, 35, 7, 7]	llllv-7z88gg
[12, 12, 12, 12, 12, 12, 12, 12, 22, 24, 6, 26, 7, 17, 15]	llllllllvxfzgqo
[12, 12, 12, 12, 12, 12, 12, 0, 22, 24, 24, 19, 35, 7, 15]	lllllllvxxs8go
[0, 12, 12, 12, 12, 12, 12, 22, 34, 19, 31, 23, 8, 2, 4]	llllllv7s4whbd
[12, 0, 0, 12, 12, 12, 37, 12, 26, 26, 6, 3, 21, 17, 2]	llll-lzzfcuqb
[12, 12, 0, 12, 12, 0, 0, 12, 13, 26, 35, 26, 25, 2, 15]	lllllmz8zybo
[0, 12, 12, 12, 12, 12, 0, 37, 37, 6, 8, 6, 32, 5, 15]	lllll--fhf5eo
Epoch is 9
epoch 9	[ DISC	loss : 0.711008 ]	[ ADV	loss : 0.676766 ]
[16, 34, 0, 0, 34, 0, 20, 19, 26, 26, 6, 19, 18, 10, 14]	p77tszzfsrjn
[28, 0, 1, 1, 1, 20, 34, 19, 19, 26, 19, 6, 9, 10, 14]	1aaat7sszsfijn
[28, 0, 34, 1, 1, 1, 1, 20, 19, 19, 19, 19, 18, 37, 14]	17aaaatssssr-n
[0, 13, 1, 1, 20, 34, 1, 19, 19, 19, 19, 6, 15, 5, 14]	maat7assssfoen
[1, 0, 0, 34, 1, 1, 0, 34, 19, 19, 19, 26, 25, 10, 5]	a7aa7ssszyje
[13, 13, 34, 1, 13, 13, 1, 1, 19, 19, 19, 6, 19, 10, 37]	mm7ammaasssfsj-
[0, 1, 1, 0, 34, 34, 1, 1, 19, 6, 19, 25, 18, 10, 14]	aa77aasfsyrjn
[0, 0, 1, 1, 30, 1, 1, 1, 19, 19, 19, 26, 26, 10, 37]	aa3aaassszzj-
[28, 0, 1, 1, 1, 1, 1, 13, 19, 26, 19, 6, 18, 37, 37]	1aaaaamszsfr--
[30, 34, 1, 20, 34, 1, 34, 20, 19, 19, 19, 6, 18, 10, 14]	37at7a7tsssfrjn
[13, 13, 1, 1, 34, 1, 34, 34, 19, 26, 19, 6, 18, 14, 37]	mmaa7a77szsfrn-
[28, 0, 13, 1, 0, 13, 34, 34, 19, 19, 19, 19, 18, 10, 10]	1mam77ssssrjj
[13, 13, 1, 1, 1, 1, 34, 26, 7, 25, 26, 26, 26, 14, 37]	mmaaaa7zgyzzzn-
[34, 30, 13, 1, 13, 1, 34, 7, 19, 19, 19, 6, 9, 14, 10]	73mama7gsssfinj
[0, 0, 34, 34, 1, 13, 1, 1, 26, 19, 19, 19, 29, 10, 14]	77amaazsss2jn
Epoch is 10
epoch 10	[ DISC	loss : 0.713715 ]	[ ADV	loss : 0.674415 ]
[0, 0, 0, 0, 0, 31, 5, 10, 5, 14, 37, 20, 23, 8, 0]	4ejen-twh
[0, 3, 0, 6, 0, 5, 7, 5, 14, 2, 30, 37, 8, 8, 12]	cfegenb3-hhl
[3, 0, 0, 0, 3, 33, 33, 33, 14, 1, 35, 15, 15, 8, 19]	cc666na8oohs
[0, 0, 28, 0, 0, 5, 0, 33, 2, 5, 30, 1, 25, 8, 26]	1e6be3ayhz
[0, 0, 0, 0, 26, 5, 5, 5, 33, 2, 30, 19, 8, 6, 25]	zeee6b3shfy
[0, 0, 0, 3, 18, 5, 33, 5, 10, 33, 15, 19, 19, 2, 25]	cre6ej6ossby
[0, 27, 0, 0, 0, 0, 33, 33, 14, 14, 1, 35, 23, 8, 8]	066nna8whh
[0, 26, 3, 0, 0, 26, 5, 33, 11, 30, 30, 1, 23, 25, 28]	zcze6k33awy1
[0, 0, 0, 0, 3, 10, 5, 10, 14, 30, 1, 1, 37, 26, 12]	cjejn3aa-zl
[27, 27, 0, 0, 11, 5, 10, 10, 14, 30, 31, 15, 25, 4, 3]	00kejjn34oydc
[0, 0, 0, 0, 0, 11, 5, 5, 11, 20, 1, 37, 6, 8, 27]	keekta-fh0
[12, 4, 0, 18, 0, 5, 5, 33, 5, 30, 20, 37, 6, 25, 26]	ldree6e3t-fyz
[12, 0, 0, 3, 0, 33, 5, 5, 14, 2, 30, 15, 6, 8, 26]	lc6eenb3ofhz
[0, 0, 0, 3, 11, 5, 5, 10, 2, 20, 1, 15, 6, 8, 26]	ckeejbtaofhz
[0, 0, 3, 0, 33, 5, 5, 33, 30, 1, 19, 37, 23, 6, 8]	c6ee63as-wfh
Epoch is 11
epoch 11	[ DISC	loss : 0.710700 ]	[ ADV	loss : 0.676489 ]
[0, 0, 6, 6, 25, 0, 33, 14, 14, 30, 18, 12, 12, 12, 35]	ffy6nn3rlll8
[6, 6, 6, 26, 0, 26, 33, 14, 5, 14, 18, 12, 18, 18, 9]	fffzz6nenrlrri
[34, 6, 6, 0, 26, 25, 6, 5, 14, 1, 31, 18, 12, 12, 35]	7ffzyfena4rll8
[6, 6, 6, 25, 26, 33, 0, 22, 2, 14, 18, 12, 12, 12, 4]	fffyz6vbnrllld
[6, 25, 0, 0, 6, 26, 0, 33, 14, 1, 12, 18, 12, 12, 15]	fyfz6nalrllo
[4, 26, 0, 0, 26, 6, 6, 5, 14, 2, 31, 18, 12, 12, 9]	dzzffenb4rlli
[34, 6, 0, 6, 0, 33, 6, 14, 14, 5, 5, 20, 18, 20, 9]	7ff6fnneetrti
[6, 26, 25, 6, 26, 6, 25, 5, 5, 20, 31, 18, 12, 12, 15]	fzyfzfyeet4rllo
[34, 6, 0, 6, 6, 25, 25, 33, 7, 14, 31, 31, 12, 12, 15]	7fffyy6gn44llo
[15, 26, 0, 6, 0, 6, 6, 14, 14, 14, 18, 13, 12, 12, 15]	ozfffnnnrmllo
[34, 0, 0, 6, 25, 6, 6, 37, 14, 14, 20, 13, 12, 18, 4]	7fyff-nntmlrd
[6, 26, 0, 6, 6, 25, 33, 5, 37, 1, 20, 18, 12, 12, 35]	fzffy6e-atrll8
[34, 0, 6, 0, 0, 0, 33, 33, 14, 1, 18, 12, 12, 18, 9]	7f66narllri
[26, 0, 25, 0, 0, 6, 17, 14, 14, 14, 20, 18, 12, 18, 9]	zyfqnnntrlri
[34, 0, 0, 25, 6, 0, 33, 33, 14, 14, 12, 12, 13, 12, 4]	7yf66nnllmld
Epoch is 12
epoch 12	[ DISC	loss : 0.710102 ]	[ ADV	loss : 0.676984 ]
[0, 0, 0, 0, 0, 4, 4, 4, 17, 25, 35, 35, 23, 9, 14]	dddqy88win
[0, 0, 0, 0, 0, 4, 4, 4, 25, 25, 31, 27, 9, 14, 37]	dddyy40in-
[0, 0, 0, 0, 0, 4, 4, 4, 25, 25, 35, 31, 14, 14, 14]	dddyy84nnn
[0, 0, 0, 0, 0, 4, 4, 4, 25, 25, 35, 35, 23, 3, 14]	dddyy88wcn
[0, 0, 0, 0, 0, 4, 4, 4, 17, 3, 27, 35, 3, 14, 14]	dddqc08cnn
[0, 0, 0, 0, 0, 4, 4, 4, 25, 25, 35, 9, 14, 14, 14]	dddyy8innn
[0, 0, 0, 0, 0, 4, 4, 4, 25, 25, 12, 15, 9, 14, 37]	dddyyloin-
[0, 0, 0, 0, 0, 4, 4, 4, 25, 25, 31, 27, 9, 25, 14]	dddyy40iyn
[0, 0, 0, 0, 0, 4, 4, 4, 25, 25, 27, 27, 15, 3, 14]	dddyy00ocn
[0, 0, 0, 0, 0, 0, 4, 4, 25, 25, 15, 27, 9, 12, 30]	ddyyo0il3
[0, 0, 0, 0, 0, 4, 4, 4, 25, 25, 27, 12, 9, 14, 14]	dddyy0linn
[0, 0, 0, 0, 0, 4, 4, 4, 7, 25, 31, 35, 23, 14, 14]	dddgy48wnn
[0, 0, 0, 0, 0, 4, 4, 4, 25, 25, 12, 27, 34, 14, 14]	dddyyl07nn
[0, 0, 0, 0, 0, 4, 4, 4, 25, 31, 35, 3, 14, 14, 14]	dddy48cnnn
[0, 0, 0, 0, 0, 4, 4, 4, 25, 25, 12, 12, 3, 14, 37]	dddyyllcn-
Epoch is 13
epoch 13	[ DISC	loss : 0.704386 ]	[ ADV	loss : 0.682427 ]
[12, 12, 8, 8, 0, 0, 0, 0, 7, 7, 3, 34, 34, 34, 10]	llhhggc777j
[12, 6, 8, 8, 8, 0, 0, 0, 7, 7, 3, 34, 34, 34, 29]	lfhhhggc7772
[12, 6, 8, 8, 0, 0, 0, 0, 7, 7, 34, 34, 34, 3, 10]	lfhhgg777cj
[12, 31, 8, 8, 8, 0, 0, 0, 7, 7, 3, 34, 34, 34, 10]	l4hhhggc777j
[12, 6, 8, 8, 8, 0, 8, 0, 7, 7, 3, 34, 34, 3, 29]	lfhhhhggc77c2
[12, 26, 8, 8, 8, 0, 0, 0, 0, 7, 3, 34, 34, 3, 5]	lzhhhgc77ce
[12, 23, 8, 8, 8, 0, 0, 7, 7, 7, 3, 34, 34, 10, 5]	lwhhhgggc77je
[12, 6, 8, 8, 0, 0, 0, 0, 7, 7, 34, 3, 34, 3, 10]	lfhhgg7c7cj
[12, 8, 8, 8, 8, 8, 0, 0, 7, 7, 34, 3, 34, 10, 10]	lhhhhhgg7c7jj
[12, 6, 8, 8, 0, 0, 0, 7, 7, 34, 3, 34, 34, 10, 10]	lfhhgg7c77jj
[12, 8, 8, 8, 8, 0, 0, 0, 7, 7, 3, 34, 34, 34, 10]	lhhhhggc777j
[12, 6, 8, 8, 0, 0, 0, 0, 7, 7, 34, 3, 34, 10, 29]	lfhhgg7c7j2
[12, 0, 8, 8, 0, 0, 0, 7, 7, 29, 3, 34, 3, 10, 29]	lhhgg2c7cj2
[12, 8, 8, 8, 8, 0, 0, 23, 7, 7, 34, 34, 34, 3, 10]	lhhhhwgg777cj
[12, 6, 8, 8, 8, 0, 0, 0, 7, 7, 34, 34, 34, 10, 10]	lfhhhgg777jj
Epoch is 14
epoch 14	[ DISC	loss : 0.706517 ]	[ ADV	loss : 0.680051 ]
[12, 0, 0, 0, 0, 0, 11, 3, 9, 2, 18, 18, 27, 8, 18]	lkcibrr0hr
[12, 0, 0, 0, 0, 0, 11, 3, 9, 2, 1, 37, 18, 25, 25]	lkciba-ryy
[12, 0, 0, 0, 0, 0, 4, 3, 9, 2, 1, 1, 8, 0, 8]	ldcibaahh
[12, 0, 0, 0, 0, 0, 11, 3, 9, 2, 1, 18, 18, 18, 18]	lkcibarrrr
[12, 0, 0, 0, 0, 0, 4, 3, 9, 2, 1, 27, 18, 27, 18]	ldciba0r0r
[12, 0, 0, 0, 0, 0, 26, 3, 9, 2, 1, 27, 18, 1, 18]	lzciba0rar
[12, 0, 0, 0, 0, 0, 4, 3, 9, 2, 2, 27, 8, 8, 8]	ldcibb0hhh
[12, 0, 0, 0, 0, 0, 4, 3, 9, 2, 1, 13, 18, 27, 18]	ldcibamr0r
[12, 0, 0, 0, 0, 0, 4, 3, 9, 2, 1, 18, 8, 8, 18]	ldcibarhhr
[12, 0, 0, 0, 0, 0, 26, 3, 9, 2, 1, 18, 27, 27, 18]	lzcibar00r
[12, 0, 0, 0, 0, 0, 11, 3, 9, 2, 13, 28, 1, 18, 18]	lkcibm1arr
[12, 0, 0, 0, 0, 0, 26, 3, 9, 1, 1, 27, 18, 28, 18]	lzciaa0r1r
[12, 0, 0, 0, 0, 0, 19, 3, 9, 2, 1, 18, 25, 18, 18]	lscibaryrr
[12, 0, 0, 0, 0, 4, 3, 9, 2, 1, 27, 27, 18, 18, 18]	ldciba00rrr
[12, 0, 0, 0, 0, 0, 4, 3, 9, 2, 1, 18, 35, 27, 20]	ldcibar80t
Epoch is 15
epoch 15	[ DISC	loss : 0.706258 ]	[ ADV	loss : 0.680741 ]
[15, 31, 31, 8, 0, 0, 15, 15, 15, 37, 5, 37, 14, 14, 7]	o44hooo-e-nng
[15, 0, 0, 0, 0, 0, 15, 15, 15, 18, 18, 37, 14, 14, 7]	oooorr-nng
[15, 0, 0, 0, 0, 21, 15, 15, 15, 37, 37, 37, 37, 9, 7]	ouooo----ig
[15, 8, 0, 0, 0, 21, 15, 15, 15, 18, 5, 37, 14, 14, 9]	ohuooore-nni
[15, 0, 0, 0, 0, 31, 15, 15, 15, 18, 5, 37, 14, 9, 7]	o4ooore-nig
[15, 0, 0, 0, 0, 0, 15, 15, 15, 15, 14, 37, 14, 14, 6]	ooooon-nnf
[15, 0, 0, 0, 0, 26, 15, 15, 15, 18, 5, 37, 14, 14, 7]	ozooore-nng
[15, 0, 8, 31, 0, 0, 15, 15, 15, 18, 37, 37, 14, 33, 7]	oh4ooor--n6g
[15, 0, 0, 0, 0, 0, 15, 15, 15, 15, 37, 37, 14, 14, 25]	ooooo--nny
[15, 0, 0, 0, 0, 0, 15, 15, 15, 15, 37, 37, 14, 14, 9]	ooooo--nni
[15, 0, 8, 0, 0, 0, 15, 15, 15, 15, 37, 37, 9, 14, 7]	ohoooo--ing
[15, 0, 0, 31, 0, 0, 15, 15, 15, 15, 18, 37, 37, 14, 9]	o4oooor--ni
[15, 0, 0, 23, 0, 0, 15, 15, 15, 18, 5, 37, 14, 9, 7]	owooore-nig
[15, 0, 0, 0, 0, 0, 0, 15, 15, 15, 14, 37, 14, 14, 7]	oooon-nng
[15, 0, 0, 0, 0, 0, 15, 15, 15, 18, 37, 37, 14, 9, 9]	oooor--nii
Epoch is 16
epoch 16	[ DISC	loss : 0.703955 ]	[ ADV	loss : 0.683060 ]
[15, 0, 0, 31, 0, 0, 23, 23, 15, 15, 2, 2, 5, 5, 19]	o4wwoobbees
[15, 0, 0, 31, 0, 0, 23, 23, 15, 15, 1, 2, 5, 5, 30]	o4wwooabee3
[15, 31, 0, 0, 0, 0, 0, 23, 15, 15, 2, 2, 5, 30, 19]	o4woobbe3s
[15, 0, 0, 0, 0, 0, 23, 23, 15, 15, 2, 1, 5, 5, 30]	owwoobaee3
[15, 0, 0, 0, 31, 0, 23, 23, 15, 15, 1, 2, 5, 5, 30]	o4wwooabee3
[15, 0, 0, 0, 0, 0, 23, 23, 15, 15, 2, 1, 5, 5, 30]	owwoobaee3
[15, 0, 0, 0, 0, 0, 23, 23, 15, 15, 2, 2, 5, 5, 30]	owwoobbee3
[15, 0, 0, 31, 31, 0, 23, 23, 15, 15, 2, 1, 5, 5, 30]	o44wwoobaee3
[15, 0, 0, 0, 0, 0, 23, 23, 15, 15, 2, 2, 5, 5, 19]	owwoobbees
[15, 0, 0, 0, 0, 0, 23, 23, 15, 15, 2, 2, 5, 5, 30]	owwoobbee3
[15, 36, 1, 2, 5, 5, 5, 5, 5, 5, 5, 5, 5, 5, 19]	o9abeeeeeeeeees
[15, 0, 0, 0, 0, 0, 23, 23, 15, 15, 2, 1, 5, 5, 19]	owwoobaees
[15, 0, 0, 31, 0, 0, 23, 23, 15, 15, 2, 2, 5, 5, 30]	o4wwoobbee3
[15, 0, 0, 0, 0, 0, 23, 23, 15, 15, 2, 2, 5, 5, 4]	owwoobbeed
[15, 0, 0, 0, 0, 0, 23, 8, 15, 15, 2, 2, 5, 5, 19]	owhoobbees
Epoch is 17
epoch 17	[ DISC	loss : 0.703073 ]	[ ADV	loss : 0.683430 ]
[8, 8, 0, 0, 8, 0, 0, 0, 0, 15, 16, 16, 12, 12, 12]	hhhopplll
[0, 0, 0, 0, 0, 0, 8, 0, 8, 15, 16, 16, 12, 12, 12]	hhopplll
[0, 0, 0, 8, 0, 8, 0, 0, 8, 15, 16, 16, 12, 12, 12]	hhhopplll
[0, 0, 8, 0, 0, 0, 0, 8, 8, 15, 16, 16, 12, 12, 12]	hhhopplll
[0, 0, 0, 0, 0, 0, 8, 8, 8, 15, 16, 16, 12, 12, 12]	hhhopplll
[36, 37, 18, 5, 37, 37, 5, 27, 27, 37, 37, 37, 5, 5, 5]	9-re--e00---eee
[37, 27, 37, 37, 37, 27, 37, 37, 37, 24, 27, 37, 27, 37, 5]	-0---0---x0-0-e
[0, 8, 0, 0, 0, 0, 8, 0, 8, 15, 16, 16, 12, 12, 12]	hhhopplll
[0, 8, 0, 0, 0, 0, 0, 0, 8, 15, 16, 16, 12, 12, 9]	hhopplli
[31, 0, 0, 0, 0, 8, 8, 0, 8, 15, 16, 16, 12, 12, 12]	4hhhopplll
[31, 0, 0, 0, 0, 8, 8, 31, 8, 15, 16, 16, 12, 12, 12]	4hh4hopplll
[0, 8, 0, 0, 8, 0, 8, 0, 8, 15, 16, 16, 12, 12, 12]	hhhhopplll
[0, 0, 0, 0, 0, 0, 8, 0, 8, 15, 16, 16, 12, 12, 12]	hhopplll
[0, 0, 0, 0, 0, 8, 0, 8, 8, 15, 16, 16, 12, 12, 12]	hhhopplll
[8, 8, 0, 0, 0, 8, 8, 8, 0, 15, 16, 16, 12, 12, 12]	hhhhhopplll
Epoch is 18
epoch 18	[ DISC	loss : 0.703714 ]	[ ADV	loss : 0.682597 ]
[31, 0, 0, 0, 0, 0, 0, 0, 3, 3, 3, 3, 8, 0, 8]	4cccchh
[37, 18, 12, 12, 12, 12, 12, 24, 9, 12, 12, 12, 9, 9, 5]	-rlllllxillliie
[9, 9, 12, 9, 12, 12, 9, 18, 9, 9, 9, 9, 12, 24, 5]	iililliriiiilxe
[0, 0, 0, 0, 0, 0, 0, 0, 3, 3, 3, 3, 8, 8, 8]	cccchhh
[0, 0, 0, 0, 0, 0, 0, 0, 3, 3, 3, 3, 8, 0, 8]	cccchh
[0, 0, 0, 0, 0, 0, 0, 3, 3, 3, 3, 8, 8, 0, 8]	cccchhh
[0, 0, 0, 0, 0, 0, 0, 0, 3, 3, 3, 3, 0, 0, 8]	cccch
[9, 9, 9, 12, 9, 18, 12, 12, 9, 12, 9, 12, 12, 12, 5]	iiilirllilillle
[0, 0, 0, 0, 0, 0, 0, 0, 3, 3, 3, 3, 0, 0, 8]	cccch
[18, 9, 12, 9, 12, 12, 12, 12, 12, 18, 9, 12, 18, 12, 5]	rililllllrilrle
[0, 0, 0, 0, 0, 0, 0, 0, 3, 3, 3, 3, 0, 8, 8]	cccchh
[0, 0, 0, 0, 0, 0, 0, 0, 3, 3, 3, 3, 0, 0, 8]	cccch
[0, 0, 0, 0, 0, 0, 0, 0, 3, 3, 3, 3, 0, 0, 8]	cccch
[18, 12, 12, 9, 9, 12, 12, 12, 12, 12, 9, 12, 18, 12, 5]	rlliilllllilrle
[31, 0, 0, 0, 0, 0, 0, 0, 3, 3, 3, 3, 8, 8, 8]	4cccchhh
Epoch is 19
epoch 19	[ DISC	loss : 0.704274 ]	[ ADV	loss : 0.680821 ]
[0, 0, 31, 0, 0, 0, 0, 0, 18, 9, 9, 9, 9, 9, 25]	4riiiiiy
[37, 0, 0, 0, 0, 0, 0, 18, 18, 9, 9, 9, 9, 12, 25]	-rriiiily
[37, 18, 18, 12, 12, 12, 12, 12, 12, 12, 12, 12, 12, 12, 25]	-rrllllllllllly
[0, 0, 0, 0, 0, 0, 0, 18, 18, 9, 9, 25, 4, 35, 25]	rriiyd8y
[0, 0, 0, 0, 0, 0, 0, 18, 18, 9, 9, 9, 4, 9, 25]	rriiidiy
[37, 0, 0, 0, 0, 0, 0, 18, 18, 9, 9, 9, 9, 9, 25]	-rriiiiiy
[37, 0, 18, 18, 12, 12, 12, 12, 12, 9, 12, 12, 9, 12, 25]	-rrlllllillily
[18, 18, 18, 18, 18, 18, 18, 18, 18, 18, 18, 18, 18, 18, 18]	rrrrrrrrrrrrrrr
[18, 18, 18, 18, 12, 9, 12, 12, 12, 12, 9, 12, 12, 18, 25]	rrrrlillllillry
[37, 18, 18, 18, 18, 9, 12, 12, 12, 12, 12, 9, 12, 12, 25]	-rrrrilllllilly
[37, 18, 18, 18, 12, 9, 12, 12, 12, 12, 12, 9, 12, 12, 25]	-rrrlilllllilly
[0, 0, 0, 0, 0, 0, 0, 0, 18, 4, 9, 9, 9, 9, 35]	rdiiii8
[37, 18, 12, 12, 36, 12, 18, 18, 12, 9, 12, 12, 12, 12, 25]	-rll9lrrlilllly
[36, 0, 0, 25, 9, 0, 25, 18, 18, 12, 9, 12, 12, 12, 25]	9yiyrrlillly
[0, 0, 0, 0, 0, 0, 0, 0, 27, 4, 9, 9, 9, 9, 25]	0diiiiy
Epoch is 20
epoch 20	[ DISC	loss : 0.705077 ]	[ ADV	loss : 0.680696 ]
[0, 0, 0, 0, 0, 0, 0, 0, 0, 11, 20, 20, 20, 20, 20]	kttttt
[0, 0, 0, 0, 0, 0, 0, 0, 11, 20, 20, 20, 20, 20, 20]	ktttttt
[0, 0, 0, 0, 0, 0, 0, 0, 11, 20, 20, 20, 20, 20, 20]	ktttttt
[0, 0, 0, 0, 0, 0, 0, 0, 0, 11, 20, 20, 20, 20, 20]	kttttt
[23, 23, 23, 23, 9, 9, 23, 23, 23, 9, 9, 9, 9, 9, 28]	wwwwiiwwwiiiii1
[0, 0, 0, 0, 0, 0, 0, 0, 11, 20, 20, 20, 20, 20, 20]	ktttttt
[34, 0, 0, 0, 0, 0, 0, 0, 0, 11, 20, 20, 20, 20, 34]	7ktttt7
[9, 23, 23, 9, 9, 9, 9, 9, 23, 23, 9, 9, 9, 9, 28]	iwwiiiiiwwiiii1
[0, 0, 0, 0, 0, 0, 0, 0, 0, 11, 20, 20, 20, 20, 20]	kttttt
[37, 37, 9, 9, 9, 23, 9, 23, 23, 23, 9, 9, 9, 9, 28]	--iiiwiwwwiiii1
[37, 0, 0, 0, 0, 0, 0, 0, 0, 11, 20, 20, 20, 20, 12]	-kttttl
[37, 23, 23, 23, 9, 9, 9, 23, 23, 9, 9, 23, 9, 23, 28]	-wwwiiiwwiiwiw1
[0, 0, 0, 0, 0, 0, 0, 0, 11, 20, 20, 20, 20, 20, 37]	kttttt-
[37, 23, 9, 9, 9, 9, 9, 9, 9, 9, 9, 23, 9, 9, 28]	-wiiiiiiiiiwii1
[0, 0, 0, 0, 0, 0, 0, 0, 0, 11, 20, 20, 20, 20, 34]	ktttt7
Epoch is 21
epoch 21	[ DISC	loss : 0.705927 ]	[ ADV	loss : 0.679272 ]
[0, 0, 0, 0, 11, 11, 11, 20, 15, 15, 15, 15, 15, 15, 15]	kkktooooooo
[31, 0, 0, 0, 0, 11, 11, 11, 11, 11, 11, 11, 11, 11, 37]	4kkkkkkkkk-
[0, 0, 0, 0, 11, 11, 11, 20, 15, 15, 15, 15, 15, 15, 15]	kkktooooooo
[0, 0, 0, 31, 11, 11, 11, 20, 15, 15, 15, 15, 15, 15, 15]	4kkktooooooo
[0, 31, 0, 0, 11, 11, 11, 20, 15, 15, 15, 15, 15, 15, 15]	4kkktooooooo
[0, 0, 0, 0, 11, 11, 11, 20, 15, 15, 15, 15, 15, 15, 15]	kkktooooooo
[0, 0, 0, 0, 11, 11, 11, 20, 15, 15, 15, 15, 15, 15, 15]	kkktooooooo
[31, 0, 11, 11, 11, 7, 11, 7, 11, 7, 7, 7, 7, 11, 37]	4kkkgkgkggggk-
[0, 0, 0, 0, 11, 11, 11, 20, 15, 15, 15, 15, 15, 15, 15]	kkktooooooo
[31, 0, 0, 11, 11, 11, 11, 7, 7, 11, 7, 7, 7, 11, 37]	4kkkkggkgggk-
[0, 0, 11, 11, 7, 11, 7, 11, 11, 11, 11, 7, 11, 11, 25]	kkgkgkkkkgkky
[0, 0, 11, 11, 11, 11, 11, 11, 11, 11, 11, 11, 7, 11, 28]	kkkkkkkkkkgk1
[0, 0, 0, 11, 11, 11, 11, 11, 11, 11, 11, 7, 7, 7, 25]	kkkkkkkkgggy
[0, 0, 31, 11, 11, 11, 11, 11, 11, 11, 7, 11, 7, 11, 25]	4kkkkkkkgkgky
[0, 0, 0, 0, 11, 11, 11, 20, 15, 15, 15, 15, 15, 15, 15]	kkktooooooo
Epoch is 22
epoch 22	[ DISC	loss : 0.707461 ]	[ ADV	loss : 0.679194 ]
[0, 0, 0, 0, 0, 29, 20, 15, 15, 1, 14, 14, 14, 1, 15]	2tooannnao
[0, 0, 31, 0, 0, 29, 29, 20, 15, 15, 1, 15, 14, 14, 15]	422tooaonno
[0, 0, 0, 0, 0, 29, 20, 15, 15, 14, 14, 14, 14, 14, 15]	2toonnnnno
[0, 0, 31, 0, 0, 29, 20, 15, 15, 1, 14, 14, 14, 14, 15]	42tooannnno
[31, 0, 0, 0, 31, 0, 0, 0, 1, 8, 2, 2, 21, 21, 26]	44ahbbuuz
[0, 0, 0, 0, 0, 29, 20, 15, 15, 1, 14, 14, 14, 14, 15]	2tooannnno
[0, 0, 0, 0, 0, 29, 29, 20, 15, 15, 14, 14, 14, 14, 15]	22toonnnno
[0, 0, 0, 0, 0, 29, 29, 20, 15, 15, 1, 14, 14, 14, 15]	22tooannno
[0, 0, 0, 0, 0, 29, 20, 15, 15, 1, 14, 14, 14, 15, 15]	2tooannnoo
[31, 31, 0, 0, 0, 29, 20, 15, 15, 1, 14, 14, 14, 14, 15]	442tooannnno
[0, 0, 0, 0, 0, 29, 20, 15, 15, 15, 1, 14, 14, 7, 26]	2toooanngz
[0, 0, 0, 0, 0, 29, 29, 20, 15, 15, 1, 14, 14, 14, 15]	22tooannno
[0, 31, 0, 0, 0, 29, 29, 15, 15, 15, 14, 14, 14, 14, 15]	422ooonnnno
[31, 0, 31, 0, 0, 29, 20, 15, 15, 1, 14, 14, 14, 14, 15]	442tooannnno
[0, 0, 0, 31, 0, 29, 20, 15, 15, 1, 14, 14, 14, 14, 15]	42tooannnno
Epoch is 23
epoch 23	[ DISC	loss : 0.704636 ]	[ ADV	loss : 0.678788 ]
[34, 0, 0, 0, 0, 1, 14, 14, 1, 1, 14, 1, 1, 14, 12]	7annaanaanl
[34, 0, 7, 7, 7, 22, 22, 22, 2, 22, 5, 22, 22, 22, 5]	7gggvvvbvevvve
[34, 0, 0, 0, 31, 1, 14, 14, 14, 1, 14, 14, 14, 14, 28]	74annnannnn1
[34, 31, 0, 0, 0, 1, 1, 14, 14, 1, 1, 14, 14, 14, 12]	74aannaannnl
[34, 0, 31, 0, 0, 1, 14, 14, 1, 1, 14, 14, 14, 14, 12]	74annaannnnl
[34, 0, 31, 0, 0, 1, 14, 14, 14, 1, 14, 14, 14, 14, 12]	74annnannnnl
[34, 0, 21, 7, 22, 7, 22, 22, 22, 21, 22, 22, 22, 22, 5]	7ugvgvvvuvvvve
[21, 7, 21, 22, 22, 22, 5, 22, 22, 22, 22, 22, 22, 22, 5]	uguvvvevvvvvvve
[34, 0, 0, 0, 0, 0, 1, 14, 14, 1, 1, 1, 1, 14, 28]	7annaaaan1
[0, 34, 7, 7, 7, 5, 5, 5, 22, 22, 22, 22, 22, 22, 5]	7gggeeevvvvvve
[8, 7, 14, 5, 5, 5, 22, 5, 5, 5, 22, 22, 22, 22, 5]	hgneeeveeevvvve
[34, 0, 0, 0, 0, 1, 1, 14, 14, 1, 14, 14, 14, 14, 12]	7aannannnnl
[21, 7, 7, 21, 22, 22, 22, 22, 22, 22, 22, 22, 22, 22, 5]	ugguvvvvvvvvvve
[31, 0, 7, 1, 14, 5, 1, 14, 14, 14, 1, 1, 14, 14, 28]	4ganeannnaann1
[21, 22, 7, 22, 22, 22, 22, 22, 22, 22, 22, 22, 22, 22, 5]	uvgvvvvvvvvvvve
Epoch is 24
epoch 24	[ DISC	loss : 0.708899 ]	[ ADV	loss : 0.676390 ]
[34, 25, 0, 0, 8, 0, 0, 11, 27, 14, 1, 1, 4, 4, 4]	7yhk0naaddd
[34, 0, 0, 8, 7, 7, 5, 12, 12, 12, 5, 5, 5, 5, 12]	7hggellleeeel
[34, 25, 0, 0, 0, 0, 0, 27, 14, 14, 1, 18, 18, 18, 4]	7y0nnarrrd
[34, 0, 0, 0, 29, 7, 7, 12, 12, 12, 5, 7, 7, 12, 12]	72ggllleggll
[34, 0, 8, 8, 0, 7, 5, 5, 12, 12, 12, 12, 12, 5, 12]	7hhgeelllllel
[34, 25, 29, 0, 0, 0, 0, 27, 14, 14, 1, 1, 4, 1, 4]	7y20nnaadad
[34, 0, 0, 29, 12, 12, 12, 12, 12, 5, 5, 5, 5, 5, 25]	72llllleeeeey
[34, 25, 0, 0, 0, 0, 0, 0, 27, 27, 1, 1, 1, 4, 4]	7y00aaadd
[34, 0, 0, 8, 0, 0, 0, 11, 27, 14, 1, 1, 1, 4, 4]	7hk0naaadd
[34, 0, 0, 0, 29, 7, 7, 5, 12, 5, 12, 12, 5, 5, 12]	72ggelelleel
[34, 0, 29, 29, 5, 5, 22, 5, 5, 5, 12, 5, 12, 12, 12]	722eeveeelelll
[8, 0, 0, 0, 29, 7, 5, 12, 5, 7, 37, 12, 7, 12, 12]	h2geleg-lgll
[34, 0, 0, 0, 0, 0, 0, 27, 14, 1, 1, 4, 4, 4, 4]	70naadddd
[34, 25, 0, 0, 0, 0, 8, 8, 0, 25, 7, 5, 12, 5, 25]	7yhhygeley
[34, 0, 0, 0, 7, 7, 5, 5, 7, 12, 12, 5, 7, 12, 12]	7ggeegllegll
Epoch is 25
epoch 25	[ DISC	loss : 0.709225 ]	[ ADV	loss : 0.673369 ]
[36, 0, 0, 0, 0, 0, 21, 31, 21, 31, 7, 21, 21, 21, 4]	9u4u4guuud
[36, 0, 0, 8, 0, 8, 0, 8, 21, 21, 21, 22, 8, 7, 4]	9hhhuuuvhgd
[36, 0, 0, 8, 8, 21, 31, 7, 7, 7, 7, 21, 7, 7, 4]	9hhu4gggguggd
[36, 0, 0, 0, 0, 0, 0, 27, 5, 4, 11, 4, 5, 11, 4]	90edkdekd
[36, 36, 0, 0, 0, 0, 0, 27, 5, 4, 11, 4, 4, 5, 4]	990edkdded
[36, 0, 0, 0, 0, 0, 21, 21, 21, 0, 31, 31, 21, 7, 4]	9uuu44ugd
[36, 0, 8, 0, 8, 8, 21, 21, 0, 31, 31, 31, 31, 8, 4]	9hhhuu4444hd
[25, 0, 8, 0, 31, 21, 22, 0, 31, 22, 21, 21, 21, 21, 4]	yh4uv4vuuuud
[36, 0, 0, 0, 8, 21, 21, 21, 8, 21, 31, 7, 21, 21, 4]	9huuuhu4guud
[36, 0, 0, 0, 0, 0, 0, 27, 5, 34, 1, 5, 5, 11, 4]	90e7aeekd
[36, 0, 0, 8, 0, 22, 21, 21, 21, 31, 21, 7, 22, 22, 4]	9hvuuu4ugvvd
[36, 36, 0, 0, 0, 0, 0, 27, 5, 4, 1, 4, 4, 5, 4]	990edadded
[36, 0, 0, 0, 0, 0, 22, 31, 0, 21, 21, 31, 0, 31, 4]	9v4uu44d
[36, 0, 0, 0, 0, 0, 0, 27, 5, 4, 11, 4, 11, 4, 4]	90edkdkdd
[36, 0, 0, 0, 0, 0, 0, 0, 27, 5, 4, 11, 4, 11, 4]	90edkdkd
Epoch is 26
epoch 26	[ DISC	loss : 0.710741 ]	[ ADV	loss : 0.671149 ]
[0, 24, 12, 19, 7, 19, 19, 19, 21, 19, 19, 19, 19, 19, 19]	xlsgsssussssss
[23, 0, 0, 0, 0, 0, 0, 6, 5, 34, 34, 21, 21, 21, 36]	wfe77uuu9
[23, 0, 0, 0, 0, 0, 0, 6, 5, 34, 34, 21, 21, 21, 36]	wfe77uuu9
[23, 0, 0, 0, 0, 0, 0, 6, 5, 34, 34, 34, 21, 17, 36]	wfe777uq9
[23, 24, 8, 12, 21, 19, 19, 19, 19, 21, 19, 19, 21, 19, 19]	wxhlussssussuss
[23, 0, 0, 0, 0, 0, 0, 6, 5, 34, 34, 34, 34, 34, 36]	wfe777779
[23, 0, 0, 0, 0, 0, 0, 6, 5, 34, 34, 21, 21, 21, 36]	wfe77uuu9
[23, 0, 0, 0, 8, 0, 0, 0, 5, 34, 34, 21, 21, 21, 36]	whe77uuu9
[23, 24, 25, 15, 19, 19, 19, 19, 19, 7, 19, 19, 19, 21, 19]	wxyosssssgsssus
[23, 0, 24, 5, 19, 19, 19, 19, 19, 19, 19, 19, 21, 19, 19]	wxessssssssuss
[23, 35, 24, 19, 19, 7, 19, 19, 19, 19, 21, 19, 22, 19, 15]	w8xssgssssusvso
[23, 0, 0, 0, 0, 0, 0, 0, 6, 5, 34, 34, 21, 21, 36]	wfe77uu9
[23, 0, 0, 0, 0, 0, 0, 6, 5, 34, 34, 21, 21, 21, 36]	wfe77uuu9
[23, 23, 23, 25, 12, 19, 19, 19, 21, 19, 19, 19, 19, 19, 19]	wwwylsssussssss
[23, 0, 0, 35, 0, 0, 0, 6, 5, 34, 34, 21, 21, 21, 36]	w8fe77uuu9
Epoch is 27
epoch 27	[ DISC	loss : 0.717004 ]	[ ADV	loss : 0.669996 ]
[23, 0, 0, 0, 0, 0, 0, 0, 0, 0, 6, 4, 9, 7, 19]	wfdigs
[23, 0, 0, 20, 20, 20, 20, 20, 20, 20, 20, 20, 20, 20, 19]	wttttttttttts
[34, 0, 20, 20, 20, 20, 20, 20, 20, 20, 20, 20, 20, 20, 19]	7tttttttttttts
[23, 0, 0, 0, 0, 0, 0, 0, 6, 4, 9, 19, 7, 19, 19]	wfdisgss
[23, 0, 0, 0, 0, 0, 0, 0, 0, 6, 4, 9, 19, 19, 19]	wfdisss
[23, 24, 0, 20, 20, 20, 20, 20, 20, 20, 20, 20, 20, 20, 19]	wxttttttttttts
[23, 0, 0, 0, 0, 0, 0, 0, 6, 4, 19, 9, 7, 7, 19]	wfdsiggs
[23, 0, 0, 0, 0, 0, 0, 0, 0, 6, 4, 9, 19, 7, 19]	wfdisgs
[23, 0, 20, 20, 20, 20, 20, 20, 20, 20, 20, 20, 20, 20, 19]	wtttttttttttts
[23, 24, 24, 4, 4, 20, 20, 20, 20, 20, 20, 20, 20, 20, 19]	wxxddttttttttts
[23, 0, 0, 0, 0, 0, 0, 0, 0, 6, 4, 9, 19, 9, 19]	wfdisis
[23, 0, 0, 0, 0, 0, 0, 0, 6, 4, 9, 19, 19, 19, 19]	wfdissss
[23, 0, 0, 0, 0, 0, 0, 0, 6, 4, 9, 19, 5, 19, 19]	wfdisess
[23, 18, 25, 24, 4, 4, 20, 20, 20, 20, 20, 20, 20, 20, 19]	wryxddtttttttts
[23, 0, 0, 0, 0, 0, 0, 0, 6, 4, 9, 7, 9, 19, 19]	wfdigiss
Epoch is 28
epoch 28	[ DISC	loss : 0.712431 ]	[ ADV	loss : 0.668645 ]
[0, 0, 9, 8, 9, 8, 8, 8, 8, 8, 12, 8, 8, 8, 5]	ihihhhhhlhhhe
[0, 0, 0, 0, 19, 19, 8, 8, 8, 8, 8, 8, 8, 8, 12]	sshhhhhhhhl
[0, 0, 0, 19, 19, 19, 8, 8, 9, 9, 8, 9, 8, 8, 5]	ssshhiihihhe
[0, 0, 0, 19, 19, 9, 14, 8, 8, 8, 8, 8, 8, 8, 5]	ssinhhhhhhhe
[0, 0, 0, 19, 19, 9, 8, 8, 8, 8, 8, 8, 8, 8, 5]	ssihhhhhhhhe
[0, 0, 0, 0, 0, 0, 0, 0, 0, 19, 9, 8, 8, 8, 12]	sihhhl
[0, 0, 0, 0, 19, 9, 9, 9, 8, 9, 8, 8, 9, 8, 12]	siiihihhihl
[0, 0, 9, 9, 9, 8, 8, 8, 8, 8, 9, 12, 9, 9, 5]	iiihhhhhiliie
[0, 0, 0, 0, 0, 0, 0, 0, 0, 19, 9, 14, 9, 9, 12]	siniil
[0, 0, 0, 0, 0, 0, 0, 0, 0, 19, 19, 9, 8, 8, 12]	ssihhl
[0, 0, 0, 0, 0, 0, 0, 0, 19, 19, 9, 8, 8, 8, 12]	ssihhhl
[0, 0, 0, 0, 19, 9, 8, 9, 8, 9, 9, 12, 8, 8, 5]	sihihiilhhe
[0, 0, 0, 19, 8, 8, 8, 8, 8, 8, 8, 9, 8, 8, 5]	shhhhhhhihhe
[0, 0, 0, 0, 0, 0, 0, 0, 0, 0, 19, 9, 8, 8, 12]	sihhl
[0, 0, 0, 19, 8, 8, 8, 8, 14, 12, 8, 9, 8, 8, 12]	shhhhnlhihhl
Epoch is 29
epoch 29	[ DISC	loss : 0.705496 ]	[ ADV	loss : 0.668390 ]
[0, 0, 0, 9, 12, 19, 12, 5, 12, 5, 12, 5, 12, 12, 5]	ilslelelelle
[0, 0, 0, 0, 0, 33, 33, 0, 6, 19, 19, 9, 14, 14, 14]	66fssinnn
[0, 0, 0, 0, 0, 33, 27, 35, 19, 19, 19, 9, 14, 14, 14]	608sssinnn
[0, 0, 0, 0, 0, 0, 33, 0, 19, 19, 19, 9, 14, 14, 14]	6sssinnn
[0, 0, 4, 19, 19, 19, 12, 19, 19, 19, 19, 19, 19, 19, 5]	dssslssssssse
[0, 0, 19, 19, 19, 5, 19, 19, 12, 19, 19, 19, 19, 19, 5]	sssesslssssse
[0, 0, 0, 0, 0, 33, 33, 0, 6, 19, 19, 9, 14, 14, 14]	66fssinnn
[0, 0, 0, 0, 0, 0, 33, 33, 33, 0, 4, 19, 19, 9, 14]	666dssin
[0, 0, 0, 0, 0, 19, 19, 19, 19, 19, 5, 19, 19, 19, 5]	sssssessse
[8, 0, 9, 9, 19, 19, 19, 19, 12, 12, 12, 19, 5, 19, 5]	hiisssslllsese
[0, 0, 0, 33, 0, 33, 33, 0, 6, 19, 19, 9, 14, 14, 14]	666fssinnn
[0, 0, 0, 0, 0, 19, 19, 19, 5, 5, 19, 19, 5, 19, 5]	ssseessese
[0, 0, 0, 0, 0, 0, 33, 0, 19, 19, 19, 9, 14, 14, 14]	6sssinnn
[0, 0, 4, 4, 19, 19, 19, 19, 12, 19, 19, 12, 19, 12, 5]	ddsssslsslsle
[0, 0, 0, 0, 0, 0, 33, 33, 33, 33, 0, 6, 19, 19, 9]	6666fssi
Epoch is 30
epoch 30	[ DISC	loss : 0.707988 ]	[ ADV	loss : 0.658488 ]
[34, 0, 0, 0, 0, 35, 6, 9, 6, 6, 19, 19, 14, 14, 14]	78fiffssnnn
[34, 0, 0, 0, 4, 9, 14, 5, 19, 19, 9, 6, 19, 9, 8]	7dinessifsih
[0, 9, 12, 12, 8, 8, 5, 8, 8, 8, 8, 8, 8, 12, 14]	illhhehhhhhhln
[34, 0, 0, 0, 0, 19, 19, 4, 19, 19, 19, 19, 19, 5, 8]	7ssdssssseh
[0, 9, 19, 8, 5, 8, 8, 12, 12, 8, 5, 12, 8, 5, 8]	ishehhllhelheh
[0, 0, 9, 19, 14, 14, 14, 14, 14, 14, 14, 14, 14, 14, 14]	isnnnnnnnnnnn
[34, 0, 0, 0, 0, 9, 19, 19, 9, 6, 6, 6, 19, 9, 14]	7issifffsin
[34, 0, 28, 19, 9, 5, 12, 12, 5, 5, 5, 5, 5, 8, 8]	71sielleeeeehh
[34, 24, 0, 4, 19, 9, 5, 5, 5, 14, 12, 5, 19, 5, 8]	7xdsieeenleseh
[34, 0, 0, 0, 0, 0, 8, 9, 9, 9, 6, 6, 6, 4, 19]	7hiiifffds
[34, 0, 6, 19, 9, 5, 12, 12, 8, 14, 5, 8, 8, 5, 8]	7fsiellhnehheh
[34, 0, 0, 9, 19, 12, 12, 12, 8, 12, 12, 8, 14, 8, 8]	7islllhllhnhh
[34, 0, 0, 0, 0, 19, 19, 19, 19, 19, 19, 8, 12, 8, 8]	7sssssshlhh
[34, 0, 0, 0, 0, 0, 6, 9, 27, 9, 6, 6, 6, 19, 8]	7fi0ifffsh
[34, 0, 0, 0, 4, 4, 0, 0, 8, 14, 9, 9, 9, 6, 19]	7ddhniiifs
Epoch is 31
epoch 31	[ DISC	loss : 0.708634 ]	[ ADV	loss : 0.641330 ]
[31, 0, 12, 9, 9, 12, 9, 14, 9, 9, 8, 14, 19, 12, 19]	4liiliniihnsls
[31, 0, 12, 12, 9, 19, 19, 8, 9, 19, 9, 19, 14, 14, 19]	4llisshisisnns
[31, 12, 12, 19, 12, 19, 12, 14, 14, 19, 12, 14, 14, 14, 19]	4llslslnnslnnns
[31, 0, 0, 19, 9, 14, 9, 9, 9, 14, 9, 19, 9, 9, 19]	4siniiinisiis
[19, 33, 12, 14, 9, 14, 12, 9, 9, 9, 14, 9, 9, 14, 19]	s6lninliiiniins
[31, 0, 12, 9, 8, 9, 9, 19, 14, 9, 14, 19, 9, 14, 19]	4lihiisninsins
[31, 9, 19, 19, 14, 9, 19, 9, 8, 9, 9, 9, 9, 9, 19]	4issnisihiiiiis
[31, 0, 12, 19, 19, 9, 9, 9, 14, 14, 12, 14, 19, 14, 19]	4lssiiinnlnsns
[31, 8, 12, 12, 8, 9, 8, 9, 9, 9, 9, 0, 8, 9, 19]	4hllhihiiiihis
[31, 12, 19, 14, 8, 8, 9, 14, 14, 9, 14, 12, 9, 9, 19]	4lsnhhinninliis
[31, 12, 19, 12, 14, 12, 12, 12, 12, 12, 14, 12, 12, 12, 19]	4lslnlllllnllls
[0, 0, 19, 14, 12, 9, 9, 14, 14, 9, 9, 9, 9, 9, 19]	snliinniiiiis
[31, 0, 0, 0, 0, 0, 0, 0, 0, 8, 0, 0, 8, 0, 19]	4hhs
[31, 0, 0, 19, 9, 14, 9, 19, 9, 19, 14, 9, 12, 8, 19]	4sinisisnilhs
[31, 0, 0, 0, 0, 9, 9, 9, 9, 9, 9, 9, 8, 9, 19]	4iiiiiiihis
Epoch is 32
epoch 32	[ DISC	loss : 0.788475 ]	[ ADV	loss : 0.604016 ]
[0, 0, 0, 0, 0, 1, 2, 1, 1, 18, 18, 18, 18, 1, 12]	abaarrrral
[0, 0, 0, 0, 0, 1, 1, 18, 18, 18, 1, 18, 1, 0, 12]	aarrraral
[0, 0, 0, 0, 0, 0, 0, 18, 18, 18, 1, 18, 1, 18, 12]	rrrararl
[0, 0, 0, 0, 0, 0, 0, 0, 0, 0, 0, 0, 0, 0, 25]	y
[0, 0, 0, 0, 0, 0, 1, 18, 1, 1, 1, 1, 0, 1, 25]	araaaaay
[0, 0, 0, 0, 0, 0, 0, 18, 18, 1, 18, 1, 1, 18, 12]	rraraarl
[0, 0, 0, 0, 0, 0, 0, 0, 0, 1, 1, 1, 0, 1, 25]	aaaay
[0, 0, 0, 0, 0, 0, 0, 0, 0, 0, 0, 0, 0, 0, 12]	l
[0, 0, 0, 0, 0, 0, 0, 0, 0, 0, 0, 0, 0, 0, 12]	l
[0, 0, 0, 0, 0, 0, 0, 0, 1, 18, 1, 18, 18, 18, 25]	ararrry
[0, 0, 0, 0, 0, 18, 18, 1, 1, 1, 18, 0, 18, 18, 25]	rraaarrry
[0, 0, 0, 0, 0, 0, 0, 1, 1, 1, 18, 0, 18, 1, 25]	aaarray
[0, 0, 0, 0, 0, 0, 0, 0, 0, 0, 0, 0, 0, 0, 25]	y
[0, 0, 0, 0, 0, 0, 0, 1, 1, 18, 18, 0, 18, 0, 12]	aarrrl
[0, 0, 0, 0, 0, 0, 0, 0, 0, 2, 18, 1, 2, 1, 12]	brabal
Epoch is 33
epoch 33	[ DISC	loss : 0.724840 ]	[ ADV	loss : 0.608783 ]
[0, 0, 0, 0, 0, 0, 0, 0, 0, 0, 0, 2, 0, 7, 7]	bgg
[0, 0, 0, 0, 0, 0, 12, 0, 0, 0, 0, 0, 0, 0, 7]	lg
[0, 0, 0, 0, 0, 7, 2, 0, 2, 12, 0, 0, 0, 0, 7]	gbblg
[0, 0, 0, 0, 0, 2, 18, 0, 0, 0, 0, 0, 0, 0, 7]	brg
[0, 0, 0, 0, 0, 0, 0, 0, 0, 0, 7, 0, 12, 0, 7]	glg
[0, 0, 0, 0, 0, 0, 0, 0, 2, 0, 0, 0, 0, 0, 7]	bg
[0, 0, 0, 0, 0, 0, 0, 0, 0, 0, 0, 0, 0, 0, 7]	g
[0, 0, 0, 0, 0, 0, 0, 0, 0, 18, 0, 0, 0, 0, 7]	rg
[0, 0, 0, 0, 0, 0, 12, 0, 7, 7, 7, 0, 0, 0, 7]	lgggg
[0, 0, 0, 0, 0, 0, 0, 0, 7, 0, 0, 0, 2, 2, 7]	gbbg
[0, 0, 0, 0, 0, 0, 0, 0, 0, 0, 0, 0, 0, 0, 7]	g
[0, 0, 0, 0, 0, 12, 0, 7, 2, 7, 7, 2, 7, 7, 7]	lgbggbggg
[0, 0, 0, 0, 0, 0, 0, 0, 0, 0, 0, 0, 0, 0, 7]	g
[0, 0, 0, 0, 0, 0, 7, 7, 2, 7, 12, 0, 2, 7, 7]	ggbglbgg
[0, 0, 0, 0, 0, 0, 0, 2, 0, 0, 0, 0, 7, 2, 7]	bgbg
Epoch is 34
epoch 34	[ DISC	loss : 0.739726 ]	[ ADV	loss : 0.596369 ]
[0, 2, 0, 0, 0, 0, 24, 0, 0, 0, 0, 0, 0, 0, 34]	bx7
[0, 0, 24, 0, 0, 0, 0, 0, 0, 0, 0, 0, 0, 0, 34]	x7
[0, 2, 0, 0, 0, 0, 0, 0, 0, 0, 0, 0, 24, 0, 34]	bx7
[0, 1, 0, 0, 0, 0, 0, 0, 0, 0, 0, 0, 0, 0, 34]	a7
[0, 2, 0, 0, 24, 0, 0, 0, 0, 0, 0, 0, 0, 0, 34]	bx7
[0, 0, 0, 0, 0, 0, 0, 0, 0, 0, 0, 0, 0, 0, 5]	e
[0, 0, 0, 0, 0, 0, 0, 0, 0, 0, 24, 0, 0, 0, 5]	xe
[0, 36, 0, 0, 0, 0, 0, 0, 0, 0, 0, 0, 0, 0, 34]	97
[0, 2, 0, 0, 24, 0, 0, 0, 0, 0, 0, 0, 0, 0, 5]	bxe
[0, 2, 0, 0, 0, 0, 0, 0, 0, 0, 0, 0, 0, 0, 34]	b7
[0, 0, 0, 0, 0, 0, 24, 0, 0, 0, 0, 0, 0, 0, 5]	xe
[0, 0, 0, 0, 0, 0, 0, 0, 0, 0, 0, 0, 0, 0, 34]	7
[0, 0, 0, 0, 0, 0, 0, 0, 0, 0, 0, 0, 0, 0, 34]	7
[0, 2, 2, 12, 0, 12, 0, 0, 0, 0, 0, 0, 0, 0, 34]	bbll7
[0, 2, 0, 0, 0, 0, 0, 0, 0, 0, 0, 0, 0, 0, 34]	b7
Epoch is 35
epoch 35	[ DISC	loss : 0.768666 ]	[ ADV	loss : 0.566589 ]
[0, 0, 0, 18, 18, 15, 15, 15, 15, 15, 15, 15, 15, 15, 5]	rroooooooooe
[0, 0, 0, 18, 18, 13, 15, 15, 15, 15, 15, 15, 15, 15, 5]	rrmooooooooe
[0, 0, 0, 0, 0, 18, 15, 15, 15, 15, 15, 15, 15, 15, 5]	rooooooooe
[0, 0, 18, 1, 15, 15, 15, 15, 15, 15, 15, 15, 15, 15, 5]	raooooooooooe
[0, 0, 0, 0, 18, 15, 15, 15, 15, 15, 15, 15, 15, 15, 5]	roooooooooe
[0, 0, 0, 0, 18, 18, 15, 15, 15, 15, 15, 15, 15, 15, 5]	rrooooooooe
[0, 0, 0, 0, 18, 15, 15, 15, 15, 15, 15, 15, 15, 15, 5]	roooooooooe
[0, 0, 0, 0, 0, 18, 15, 15, 15, 15, 15, 15, 15, 15, 5]	rooooooooe
[0, 1, 13, 15, 15, 15, 15, 15, 15, 15, 15, 15, 15, 15, 5]	amoooooooooooe
[0, 1, 18, 13, 15, 15, 15, 15, 15, 15, 15, 15, 15, 15, 5]	armooooooooooe
[0, 0, 18, 13, 13, 15, 15, 15, 15, 15, 15, 15, 15, 15, 5]	rmmoooooooooe
[0, 0, 0, 0, 18, 18, 15, 15, 15, 15, 15, 15, 15, 15, 5]	rrooooooooe
[0, 0, 0, 0, 0, 0, 18, 15, 15, 15, 15, 15, 15, 15, 5]	roooooooe
[0, 0, 0, 0, 18, 15, 15, 15, 15, 15, 15, 15, 15, 15, 5]	roooooooooe
[0, 0, 13, 18, 15, 15, 15, 15, 15, 15, 15, 15, 15, 15, 5]	mrooooooooooe
Epoch is 36
epoch 36	[ DISC	loss : 0.696390 ]	[ ADV	loss : 0.573803 ]
[0, 0, 0, 0, 1, 13, 13, 9, 12, 9, 9, 9, 9, 9, 15]	ammiliiiiio
[0, 1, 5, 5, 9, 5, 9, 9, 9, 9, 9, 9, 9, 9, 15]	aeeieiiiiiiiio
[1, 13, 5, 5, 1, 9, 9, 9, 1, 9, 9, 9, 9, 9, 15]	ameeaiiiaiiiiio
[0, 0, 1, 1, 5, 1, 1, 1, 9, 1, 9, 9, 1, 9, 15]	aaeaaaiaiiaio
[0, 24, 13, 1, 1, 9, 1, 9, 9, 9, 9, 1, 9, 9, 15]	xmaaiaiiiiaiio
[24, 0, 5, 5, 9, 9, 9, 9, 9, 1, 9, 9, 1, 9, 15]	xeeiiiiiaiiaio
[0, 0, 18, 5, 5, 5, 12, 12, 9, 9, 9, 9, 9, 9, 15]	reeelliiiiiio
[24, 0, 0, 0, 0, 18, 5, 12, 1, 1, 1, 1, 1, 1, 15]	xrelaaaaaao
[12, 1, 1, 5, 5, 9, 1, 9, 9, 9, 9, 9, 1, 9, 15]	laaeeiaiiiiiaio
[0, 0, 0, 0, 0, 5, 5, 9, 9, 9, 9, 9, 9, 9, 15]	eeiiiiiiio
[24, 0, 0, 0, 5, 12, 5, 1, 9, 9, 9, 9, 9, 9, 15]	xeleaiiiiiio
[0, 24, 0, 0, 24, 5, 5, 1, 1, 9, 9, 1, 9, 9, 15]	xxeeaaiiaiio
[0, 0, 0, 0, 0, 12, 5, 9, 9, 9, 9, 9, 1, 1, 15]	leiiiiiaao
[0, 1, 5, 5, 9, 9, 9, 9, 9, 9, 9, 9, 9, 9, 15]	aeeiiiiiiiiiio
[24, 0, 0, 0, 5, 5, 1, 5, 9, 9, 9, 1, 9, 12, 15]	xeeaeiiiailo
Epoch is 37
epoch 37	[ DISC	loss : 0.669814 ]	[ ADV	loss : 0.551317 ]
[24, 0, 0, 18, 5, 5, 16, 9, 9, 16, 9, 9, 16, 9, 9]	xreepiipiipii
[24, 0, 0, 0, 0, 0, 0, 5, 5, 9, 9, 9, 9, 9, 9]	xeeiiiiii
[24, 0, 0, 0, 0, 0, 5, 5, 9, 9, 9, 16, 9, 9, 9]	xeeiiipiii
[0, 0, 0, 0, 0, 0, 5, 9, 9, 9, 9, 9, 9, 9, 9]	eiiiiiiii
[0, 0, 0, 0, 5, 5, 9, 9, 9, 16, 16, 9, 9, 9, 9]	eeiiippiiii
[0, 0, 0, 0, 5, 5, 16, 9, 9, 9, 9, 9, 16, 9, 9]	eepiiiiipii
[0, 0, 0, 0, 0, 0, 5, 5, 9, 9, 9, 9, 9, 9, 9]	eeiiiiiii
[24, 0, 0, 0, 0, 5, 5, 9, 16, 9, 9, 9, 9, 9, 9]	xeeipiiiiii
[0, 0, 0, 0, 0, 24, 0, 5, 5, 9, 9, 9, 9, 9, 9]	xeeiiiiii
[24, 0, 24, 0, 0, 0, 5, 9, 9, 16, 16, 9, 16, 9, 9]	xxeiippipii
[0, 0, 0, 0, 5, 5, 9, 13, 1, 1, 1, 1, 1, 1, 9]	eeimaaaaaai
[0, 1, 5, 5, 5, 5, 9, 9, 9, 9, 9, 9, 16, 9, 9]	aeeeeiiiiiipii
[24, 0, 24, 0, 0, 0, 5, 9, 9, 9, 9, 9, 9, 9, 9]	xxeiiiiiiii
[0, 0, 0, 24, 0, 0, 0, 0, 5, 5, 9, 9, 9, 9, 9]	xeeiiiii
[0, 0, 0, 0, 5, 5, 16, 9, 9, 9, 16, 1, 9, 9, 9]	eepiiipaiii
Epoch is 38
epoch 38	[ DISC	loss : 0.744143 ]	[ ADV	loss : 0.544688 ]
[1, 5, 4, 4, 4, 4, 4, 4, 4, 4, 4, 4, 4, 4, 10]	aeddddddddddddj
[0, 0, 0, 0, 0, 0, 0, 36, 4, 4, 4, 4, 4, 4, 10]	9ddddddj
[0, 0, 0, 0, 0, 0, 0, 0, 36, 36, 4, 4, 4, 4, 10]	99ddddj
[0, 0, 0, 0, 0, 0, 4, 4, 4, 4, 4, 4, 4, 4, 10]	ddddddddj
[37, 1, 13, 5, 4, 4, 4, 4, 4, 4, 4, 4, 4, 4, 10]	-ameddddddddddj
[0, 2, 31, 4, 4, 4, 4, 4, 4, 4, 4, 4, 4, 4, 10]	b4dddddddddddj
[0, 0, 0, 0, 0, 0, 0, 4, 4, 4, 4, 4, 4, 4, 10]	dddddddj
[0, 0, 0, 0, 0, 0, 4, 4, 4, 4, 4, 4, 4, 4, 10]	ddddddddj
[0, 0, 0, 0, 0, 0, 0, 4, 4, 4, 4, 4, 4, 4, 10]	dddddddj
[0, 0, 0, 0, 0, 0, 4, 4, 4, 4, 4, 4, 4, 4, 10]	ddddddddj
[31, 1, 5, 4, 4, 4, 4, 4, 4, 4, 4, 4, 4, 4, 10]	4aedddddddddddj
[0, 0, 24, 0, 0, 0, 36, 4, 4, 4, 4, 4, 4, 4, 10]	x9dddddddj
[0, 0, 0, 4, 4, 4, 4, 4, 4, 4, 4, 4, 4, 4, 10]	dddddddddddj
[37, 5, 13, 13, 4, 4, 4, 4, 4, 4, 4, 4, 4, 4, 10]	-emmddddddddddj
[0, 0, 0, 0, 0, 0, 0, 4, 4, 4, 4, 4, 4, 4, 10]	dddddddj
Epoch is 39
epoch 39	[ DISC	loss : 0.731243 ]	[ ADV	loss : 0.552562 ]
[0, 0, 13, 13, 5, 14, 14, 14, 11, 11, 11, 11, 14, 11, 1]	mmennnkkkknka
[0, 0, 0, 0, 0, 0, 11, 11, 11, 11, 11, 11, 11, 11, 1]	kkkkkkkka
[0, 0, 0, 0, 0, 0, 11, 11, 11, 11, 11, 11, 14, 11, 1]	kkkkkknka
[0, 0, 0, 0, 0, 0, 9, 11, 11, 11, 11, 11, 11, 11, 1]	ikkkkkkka
[0, 0, 0, 0, 0, 9, 11, 11, 11, 14, 14, 11, 11, 11, 1]	ikkknnkkka
[0, 0, 13, 5, 14, 4, 11, 11, 14, 14, 11, 11, 11, 11, 1]	mendkknnkkkka
[0, 0, 8, 0, 0, 0, 33, 11, 11, 11, 11, 11, 14, 14, 1]	h6kkkkknna
[0, 0, 0, 0, 0, 0, 9, 9, 11, 11, 11, 11, 11, 14, 1]	iikkkkkna
[37, 13, 5, 5, 4, 4, 14, 14, 14, 14, 11, 14, 14, 14, 1]	-meeddnnnnknnna
[0, 0, 0, 8, 0, 0, 11, 11, 11, 11, 11, 11, 11, 11, 1]	hkkkkkkkka
[0, 0, 0, 0, 0, 11, 11, 14, 14, 4, 11, 14, 14, 14, 1]	kknndknnna
[0, 0, 0, 0, 0, 0, 0, 0, 11, 11, 11, 14, 11, 11, 1]	kkknkka
[8, 2, 13, 13, 6, 4, 14, 14, 11, 11, 14, 14, 14, 11, 1]	hbmmfdnnkknnnka
[0, 0, 0, 0, 0, 0, 11, 11, 11, 14, 11, 11, 11, 14, 1]	kkknkkkna
[13, 5, 5, 5, 4, 14, 11, 14, 14, 14, 14, 11, 14, 14, 1]	meeednknnnnknna
Epoch is 40
epoch 40	[ DISC	loss : 0.637345 ]	[ ADV	loss : 0.563581 ]
[37, 0, 0, 27, 6, 6, 19, 21, 21, 21, 19, 6, 21, 19, 19]	-0ffsuuusfuss
[37, 1, 5, 5, 6, 6, 21, 19, 6, 19, 19, 19, 19, 19, 19]	-aeeffusfssssss
[0, 0, 27, 0, 0, 0, 6, 6, 6, 6, 6, 6, 6, 21, 19]	0fffffffus
[37, 2, 13, 5, 6, 6, 6, 21, 21, 19, 21, 21, 19, 21, 19]	-bmefffuusuusus
[0, 0, 0, 0, 0, 0, 6, 6, 6, 21, 6, 21, 21, 21, 19]	fffufuuus
[0, 0, 0, 0, 0, 6, 6, 6, 19, 19, 19, 19, 19, 19, 19]	fffsssssss
[6, 6, 6, 19, 19, 19, 21, 19, 21, 19, 21, 21, 21, 19, 19]	fffsssususuuuss
[0, 0, 0, 27, 0, 6, 6, 6, 21, 21, 19, 19, 21, 21, 19]	0fffuussuus
[1, 1, 5, 5, 6, 6, 19, 19, 21, 19, 19, 19, 21, 19, 19]	aaeeffssusssuss
[37, 0, 0, 0, 0, 0, 6, 6, 19, 21, 21, 21, 6, 21, 19]	-ffsuuufus
[0, 0, 0, 0, 0, 0, 6, 21, 21, 21, 19, 21, 19, 21, 19]	fuuususus
[34, 6, 6, 6, 19, 21, 21, 21, 19, 6, 21, 21, 19, 21, 19]	7fffsuuusfuusus
[0, 0, 0, 0, 0, 6, 6, 6, 19, 19, 21, 21, 21, 19, 19]	fffssuuuss
[37, 6, 6, 21, 21, 6, 19, 19, 19, 21, 19, 19, 19, 6, 19]	-ffuufsssusssfs
[37, 1, 1, 5, 6, 6, 19, 19, 19, 19, 19, 6, 21, 19, 19]	-aaeffsssssfuss
Epoch is 41
epoch 41	[ DISC	loss : 0.635933 ]	[ ADV	loss : 0.546625 ]
[0, 0, 34, 34, 0, 19, 20, 20, 5, 4, 5, 4, 4, 4, 12]	77sttededddl
[37, 1, 1, 1, 5, 5, 5, 5, 5, 5, 5, 5, 5, 4, 12]	-aaaeeeeeeeeedl
[0, 0, 5, 5, 5, 5, 5, 5, 5, 5, 5, 5, 5, 5, 12]	eeeeeeeeeeeel
[0, 0, 0, 0, 0, 0, 6, 5, 5, 5, 5, 5, 5, 5, 21]	feeeeeeeu
[0, 0, 0, 0, 0, 0, 19, 20, 5, 5, 4, 5, 5, 5, 12]	steedeeel
[0, 1, 1, 13, 5, 5, 5, 4, 5, 5, 4, 5, 5, 5, 12]	aameeedeedeeel
[0, 34, 34, 0, 0, 0, 6, 5, 4, 5, 5, 5, 4, 5, 12]	77fedeeedel
[0, 0, 34, 0, 34, 19, 20, 20, 20, 20, 20, 20, 5, 5, 12]	77stttttteel
[37, 1, 5, 5, 5, 5, 5, 5, 4, 5, 5, 5, 5, 5, 12]	-aeeeeeedeeeeel
[13, 1, 5, 5, 5, 5, 5, 5, 5, 5, 5, 5, 5, 5, 12]	maeeeeeeeeeeeel
[18, 1, 5, 5, 5, 5, 5, 5, 5, 5, 5, 4, 5, 5, 12]	raeeeeeeeeedeel
[0, 0, 0, 0, 0, 6, 19, 20, 20, 5, 5, 5, 5, 5, 12]	fstteeeeel
[37, 18, 2, 5, 5, 5, 5, 5, 5, 5, 5, 5, 5, 4, 12]	-rbeeeeeeeeeedl
[0, 0, 34, 0, 6, 5, 5, 5, 4, 5, 5, 4, 4, 5, 12]	7feeedeeddel
[34, 1, 5, 5, 5, 5, 4, 5, 4, 5, 5, 5, 5, 5, 21]	7aeeeededeeeeeu
Epoch is 42
epoch 42	[ DISC	loss : 0.592067 ]	[ ADV	loss : 0.459244 ]
[37, 0, 0, 0, 0, 0, 8, 25, 1, 9, 12, 9, 12, 12, 4]	-hyaililld
[0, 0, 0, 0, 0, 0, 19, 1, 25, 9, 18, 18, 12, 12, 4]	sayirrlld
[0, 0, 0, 0, 2, 1, 1, 12, 18, 18, 18, 12, 18, 12, 12]	baalrrrlrll
[0, 1, 18, 9, 18, 25, 9, 9, 9, 18, 12, 18, 9, 9, 4]	ariryiiirlriid
[0, 0, 0, 37, 1, 9, 12, 1, 9, 12, 1, 9, 12, 12, 4]	-ailailailld
[4, 1, 1, 12, 9, 18, 12, 5, 18, 5, 12, 9, 9, 9, 15]	daalirlereliiio
[0, 0, 0, 0, 0, 25, 1, 1, 9, 21, 12, 1, 12, 12, 4]	yaaiulalld
[0, 0, 0, 0, 0, 2, 1, 1, 9, 9, 9, 1, 12, 12, 12]	baaiiialll
[0, 0, 0, 0, 0, 1, 1, 21, 9, 9, 4, 1, 9, 9, 4]	aauiidaiid
[0, 1, 1, 18, 1, 9, 9, 12, 12, 12, 9, 12, 18, 1, 4]	aaraiilllilrad
[0, 2, 14, 18, 1, 12, 12, 1, 25, 18, 1, 1, 12, 5, 12]	bnrallayraalel
[1, 1, 14, 9, 1, 1, 1, 1, 1, 1, 1, 1, 1, 1, 4]	aaniaaaaaaaaaad
[0, 37, 0, 0, 0, 0, 1, 9, 25, 9, 12, 1, 9, 9, 4]	-aiyilaiid
[0, 0, 0, 0, 0, 0, 0, 1, 1, 1, 9, 18, 18, 12, 12]	aaairrll
[37, 0, 0, 0, 0, 2, 1, 1, 12, 1, 12, 12, 12, 12, 12]	-baalalllll
Epoch is 43
epoch 43	[ DISC	loss : 0.798190 ]	[ ADV	loss : 0.414791 ]
[0, 0, 0, 27, 0, 0, 0, 8, 8, 8, 8, 8, 8, 8, 15]	0hhhhhhho
[8, 1, 8, 8, 8, 8, 14, 8, 8, 8, 8, 8, 8, 3, 15]	hahhhhnhhhhhhco
[0, 0, 0, 0, 0, 8, 8, 8, 8, 8, 8, 8, 8, 8, 15]	hhhhhhhhho
[0, 0, 0, 0, 0, 0, 27, 8, 8, 8, 8, 4, 8, 0, 25]	0hhhhdhy
[37, 0, 0, 0, 0, 0, 8, 8, 8, 8, 33, 8, 8, 8, 15]	-hhhh6hhho
[0, 0, 0, 1, 4, 1, 14, 11, 8, 8, 8, 8, 8, 8, 15]	adankhhhhhho
[0, 0, 0, 0, 0, 0, 8, 11, 8, 8, 8, 8, 14, 8, 15]	hkhhhhnho
[4, 1, 2, 8, 8, 8, 8, 8, 8, 14, 8, 8, 8, 8, 15]	dabhhhhhhnhhhho
[34, 2, 2, 2, 8, 8, 5, 8, 8, 8, 14, 8, 8, 8, 15]	7bbbhhehhhnhhho
[0, 0, 0, 0, 0, 0, 0, 0, 0, 0, 11, 11, 9, 15, 15]	kkioo
[37, 0, 28, 0, 0, 8, 8, 14, 14, 8, 8, 8, 8, 15, 15]	-1hhnnhhhhoo
[0, 0, 0, 0, 0, 0, 0, 8, 8, 8, 8, 8, 8, 8, 15]	hhhhhhho
[0, 0, 0, 0, 0, 8, 8, 8, 8, 8, 8, 8, 8, 8, 15]	hhhhhhhhho
[0, 0, 0, 0, 0, 8, 8, 8, 8, 8, 8, 8, 14, 8, 20]	hhhhhhhnht
[0, 0, 0, 0, 28, 0, 0, 8, 11, 8, 8, 15, 8, 8, 15]	1hkhhohho
Epoch is 44
epoch 44	[ DISC	loss : 0.541167 ]	[ ADV	loss : 0.396589 ]
[0, 0, 0, 4, 4, 0, 0, 8, 8, 3, 8, 8, 8, 8, 3]	ddhhchhhhc
[4, 0, 0, 0, 0, 8, 8, 8, 8, 8, 8, 8, 8, 8, 3]	dhhhhhhhhhc
[4, 4, 34, 0, 0, 8, 8, 8, 8, 3, 8, 3, 3, 8, 3]	dd7hhhhchcchc
[0, 0, 0, 0, 0, 0, 8, 8, 8, 8, 8, 8, 8, 8, 3]	hhhhhhhhc
[4, 2, 8, 9, 8, 8, 8, 3, 8, 8, 8, 8, 8, 8, 3]	dbhihhhchhhhhhc
[0, 0, 0, 4, 0, 0, 8, 8, 8, 8, 8, 3, 3, 3, 3]	dhhhhhcccc
[18, 8, 8, 8, 3, 3, 3, 8, 3, 3, 3, 3, 3, 8, 3]	rhhhccchccccchc
[0, 0, 34, 8, 8, 8, 3, 8, 3, 8, 3, 3, 8, 8, 3]	7hhhchchcchhc
[4, 0, 8, 8, 8, 8, 8, 8, 8, 3, 8, 8, 8, 8, 3]	dhhhhhhhchhhhc
[4, 8, 8, 8, 8, 8, 8, 3, 8, 3, 3, 3, 8, 3, 3]	dhhhhhhchccchcc
[28, 0, 0, 4, 0, 25, 8, 8, 8, 8, 8, 3, 8, 8, 3]	1dyhhhhhchhc
[4, 0, 0, 4, 0, 25, 8, 8, 3, 3, 8, 3, 8, 3, 3]	ddyhhcchchcc
[8, 8, 9, 8, 8, 8, 8, 8, 8, 3, 8, 3, 3, 3, 3]	hhihhhhhhchcccc
[4, 0, 0, 0, 26, 8, 8, 8, 3, 8, 3, 3, 8, 8, 3]	dzhhhchcchhc
[4, 0, 0, 0, 0, 9, 8, 8, 8, 8, 3, 8, 8, 8, 3]	dihhhhchhhc
Epoch is 45
epoch 45	[ DISC	loss : 0.970617 ]	[ ADV	loss : 0.399552 ]
[0, 26, 8, 22, 22, 22, 22, 22, 22, 22, 22, 22, 22, 22, 20]	zhvvvvvvvvvvvt
[0, 4, 0, 0, 25, 22, 22, 22, 22, 22, 22, 22, 22, 22, 20]	dyvvvvvvvvvt
[0, 4, 0, 4, 0, 26, 22, 22, 22, 22, 22, 22, 22, 22, 20]	ddzvvvvvvvvt
[14, 9, 18, 18, 22, 22, 22, 22, 22, 22, 22, 22, 22, 22, 20]	nirrvvvvvvvvvvt
[4, 4, 0, 4, 4, 8, 22, 22, 22, 22, 22, 22, 22, 22, 20]	ddddhvvvvvvvvt
[0, 9, 18, 8, 22, 22, 22, 22, 22, 22, 22, 22, 22, 22, 20]	irhvvvvvvvvvvt
[0, 0, 4, 0, 0, 4, 22, 22, 22, 22, 22, 22, 22, 22, 20]	ddvvvvvvvvt
[0, 2, 18, 18, 22, 22, 22, 22, 22, 22, 22, 22, 22, 22, 20]	brrvvvvvvvvvvt
[4, 2, 18, 22, 22, 22, 22, 22, 22, 22, 22, 22, 22, 22, 20]	dbrvvvvvvvvvvvt
[4, 0, 0, 0, 4, 11, 8, 22, 22, 22, 22, 22, 22, 22, 20]	ddkhvvvvvvvt
[8, 8, 8, 9, 8, 22, 22, 22, 22, 22, 22, 22, 22, 22, 20]	hhhihvvvvvvvvvt
[4, 8, 22, 22, 22, 22, 22, 22, 22, 22, 22, 22, 22, 22, 20]	dhvvvvvvvvvvvvt
[4, 0, 0, 4, 4, 25, 26, 22, 22, 22, 22, 22, 22, 22, 20]	dddyzvvvvvvvt
[0, 0, 0, 0, 4, 0, 22, 22, 22, 22, 22, 22, 22, 22, 20]	dvvvvvvvvt
[0, 9, 8, 22, 22, 22, 22, 22, 22, 22, 22, 22, 22, 22, 20]	ihvvvvvvvvvvvt
Epoch is 46
epoch 46	[ DISC	loss : 0.533992 ]	[ ADV	loss : 0.450582 ]
[0, 0, 0, 4, 0, 0, 26, 22, 7, 22, 22, 22, 22, 22, 29]	dzvgvvvvv2
[0, 0, 0, 0, 0, 0, 3, 3, 22, 22, 22, 22, 22, 22, 29]	ccvvvvvv2
[0, 0, 0, 0, 0, 0, 4, 22, 22, 18, 18, 18, 18, 18, 29]	dvvrrrrr2
[4, 4, 18, 3, 3, 3, 18, 18, 18, 18, 18, 18, 18, 18, 29]	ddrcccrrrrrrrr2
[0, 0, 0, 0, 0, 4, 0, 3, 22, 7, 18, 18, 18, 22, 29]	dcvgrrrv2
[4, 0, 0, 0, 0, 0, 3, 22, 22, 18, 18, 18, 18, 18, 29]	dcvvrrrrr2
[0, 4, 0, 0, 0, 0, 26, 22, 22, 7, 22, 22, 22, 22, 29]	dzvvgvvvv2
[4, 5, 18, 18, 18, 18, 18, 18, 18, 18, 18, 18, 18, 18, 29]	derrrrrrrrrrrr2
[34, 9, 18, 18, 18, 18, 18, 18, 18, 18, 18, 18, 18, 18, 29]	7irrrrrrrrrrrr2
[4, 4, 0, 0, 4, 0, 4, 22, 22, 18, 18, 18, 18, 18, 29]	ddddvvrrrrr2
[4, 0, 0, 36, 18, 3, 22, 7, 18, 22, 18, 22, 22, 3, 29]	d9rcvgrvrvvc2
[4, 0, 0, 4, 0, 0, 9, 3, 7, 7, 18, 18, 18, 22, 29]	ddicggrrrv2
[4, 9, 18, 18, 18, 18, 18, 18, 18, 18, 18, 18, 18, 18, 29]	dirrrrrrrrrrrr2
[4, 0, 0, 0, 0, 0, 26, 3, 7, 22, 22, 18, 18, 18, 29]	dzcgvvrrr2
[4, 4, 0, 4, 0, 0, 26, 3, 22, 18, 18, 18, 18, 18, 29]	dddzcvrrrrr2
Epoch is 47
