experiments\20200104-173923
MORE TRAINING on the model 20171219-235309_BEST
Model: "sequential_1"
_________________________________________________________________
Layer (type)                 Output Shape              Param #   
=================================================================
Generator (Model)            (None, 15, 38)            12836     
_________________________________________________________________
Discriminator (Model)        (None, 1)                 6911      
=================================================================
Total params: 12,896
Trainable params: 12,836
Non-trainable params: 60
_________________________________________________________________
Epoch is 0
Number of batches 696
Batch size: 32
domains_batch size:	(32, 15, 38)
generated domains shape:	(32, 15, 38)
training set shape	(32, 15, 38)
target shape (32, 1)
epoch 0	[ DISC	loss : 0.321040 ]	[ ADV	loss : 0.762028 ]
[0, 0, 0, 0, 0, 0, 0, 1, 3, 25, 25, 25, 25, 25, 13]	acyyyyym
[0, 0, 0, 0, 0, 19, 13, 25, 13, 15, 13, 15, 13, 8, 15]	smymomomho
[0, 0, 13, 1, 13, 15, 20, 5, 15, 20, 8, 15, 20, 8, 25]	mamoteothothy
[0, 0, 0, 0, 0, 0, 0, 0, 0, 0, 13, 6, 15, 13, 15]	mfomo
[0, 0, 0, 15, 12, 15, 14, 15, 14, 25, 25, 15, 25, 15, 2]	olononyyoyob
[5, 21, 21, 14, 6, 6, 6, 6, 6, 15, 13, 23, 15, 13, 13]	euunfffffomwomm
[0, 0, 1, 6, 1, 21, 6, 1, 1, 1, 21, 1, 1, 1, 1]	afaufaaauaaaa
[25, 8, 15, 13, 1, 13, 4, 8, 9, 13, 6, 21, 13, 13, 15]	yhomamdhimfummo
[0, 0, 0, 0, 1, 12, 15, 13, 13, 6, 13, 13, 13, 13, 13]	alommfmmmmm
[0, 0, 0, 0, 0, 0, 0, 37, 8, 15, 13, 4, 15, 13, 25]	-homdomy
[0, 0, 0, 0, 15, 13, 6, 6, 15, 2, 23, 6, 6, 6, 13]	omffobwfffm
[0, 0, 0, 0, 0, 0, 13, 20, 8, 15, 18, 18, 18, 18, 15]	mthorrrro
[0, 0, 0, 0, 0, 0, 0, 13, 4, 37, 4, 4, 13, 13, 19]	md-ddmms
[18, 14, 15, 4, 15, 30, 30, 30, 30, 30, 30, 30, 30, 30, 5]	rnodo333333333e
[0, 0, 0, 0, 0, 0, 0, 0, 0, 13, 9, 4, 15, 4, 11]	midodk
Epoch is 1
epoch 1	[ DISC	loss : 0.354507 ]	[ ADV	loss : 0.601074 ]
[0, 0, 0, 0, 4, 12, 9, 14, 9, 12, 9, 12, 5, 9, 12]	dlinilileil
[0, 5, 21, 18, 20, 1, 1, 1, 1, 18, 18, 18, 18, 1, 1]	eurtaaaarrrraa
[0, 0, 5, 12, 9, 12, 9, 14, 12, 9, 12, 5, 12, 1, 1]	elilinlilelaa
[0, 0, 0, 0, 12, 9, 21, 20, 1, 9, 12, 9, 21, 4, 11]	liutailiudk
[0, 0, 0, 0, 7, 18, 1, 14, 25, 1, 14, 1, 1, 1, 7]	granyanaaag
[0, 0, 0, 0, 0, 0, 0, 1, 19, 18, 15, 18, 5, 18, 19]	asrorers
[0, 0, 0, 0, 0, 0, 12, 9, 14, 12, 5, 14, 12, 5, 12]	linlenlel
[0, 0, 0, 12, 12, 15, 18, 21, 23, 21, 23, 21, 23, 21, 18]	lloruwuwuwur
[9, 14, 14, 15, 14, 14, 14, 14, 14, 14, 14, 14, 14, 14, 7]	innonnnnnnnnnng
[0, 0, 0, 0, 1, 18, 15, 15, 15, 15, 21, 21, 21, 23, 19]	aroooouuuws
[0, 0, 0, 0, 0, 0, 0, 0, 0, 0, 0, 0, 0, 0, 0]	
[0, 9, 37, 12, 9, 9, 9, 9, 9, 9, 9, 9, 9, 9, 12]	i-liiiiiiiiiil
[0, 0, 0, 0, 0, 18, 15, 18, 18, 15, 18, 18, 1, 18, 18]	rorrorrarr
[0, 0, 0, 0, 0, 0, 1, 1, 20, 20, 5, 18, 21, 18, 19]	aatterurs
[0, 0, 0, 0, 0, 0, 21, 14, 26, 12, 5, 1, 26, 12, 20]	unzleazlt
Epoch is 2
epoch 2	[ DISC	loss : 0.598074 ]	[ ADV	loss : 0.471607 ]
[0, 14, 9, 2, 3, 1, 1, 1, 9, 1, 1, 1, 1, 1, 25]	nibcaaaiaaaaay
[0, 0, 0, 0, 4, 5, 8, 9, 14, 9, 14, 9, 14, 9, 16]	dehinininip
[0, 0, 0, 0, 0, 2, 20, 9, 37, 20, 9, 14, 3, 9, 19]	bti-tincis
[0, 0, 0, 16, 18, 18, 16, 5, 15, 19, 20, 5, 19, 1, 19]	prrpeostesas
[0, 0, 0, 0, 0, 0, 2, 5, 12, 15, 12, 15, 12, 5, 18]	belololer
[0, 0, 15, 2, 4, 5, 5, 9, 14, 14, 15, 15, 15, 15, 20]	obdeeinnoooot
[0, 0, 0, 0, 0, 4, 10, 5, 8, 14, 14, 8, 9, 14, 25]	djehnnhiny
[0, 25, 9, 4, 10, 15, 14, 20, 15, 15, 12, 5, 18, 1, 12]	yidjontooleral
[0, 1, 1, 5, 16, 16, 19, 1, 19, 1, 1, 1, 1, 1, 12]	aaeppsasaaaaal
[0, 0, 0, 0, 0, 2, 12, 9, 14, 4, 9, 14, 4, 9, 19]	blindindis
[0, 0, 0, 0, 0, 15, 15, 0, 0, 0, 0, 0, 0, 9, 19]	oois
[0, 0, 0, 0, 3, 3, 25, 25, 24, 19, 15, 0, 0, 8, 15]	ccyyxsoho
[0, 0, 9, 9, 10, 9, 9, 9, 9, 9, 9, 9, 9, 9, 25]	iijiiiiiiiiiy
[0, 0, 0, 0, 0, 0, 2, 15, 2, 18, 15, 2, 2, 15, 19]	bobrobbos
[7, 15, 15, 2, 15, 18, 18, 18, 18, 18, 18, 18, 18, 18, 5]	gooborrrrrrrrre
Epoch is 3
epoch 3	[ DISC	loss : 0.542428 ]	[ ADV	loss : 0.651339 ]
[13, 15, 7, 5, 7, 4, 4, 10, 5, 10, 10, 10, 10, 4, 11]	mogegddjejjjjdk
[15, 0, 0, 0, 0, 0, 0, 1, 4, 1, 4, 5, 5, 4, 15]	oadadeedo
[0, 0, 0, 12, 18, 21, 18, 21, 18, 1, 16, 18, 0, 0, 0]	lrururapr
[0, 0, 0, 16, 16, 19, 12, 1, 12, 12, 1, 12, 1, 12, 13]	ppslallalalm
[0, 0, 0, 0, 0, 0, 0, 13, 13, 13, 4, 25, 13, 23, 23]	mmmdymww
[0, 0, 0, 0, 0, 0, 1, 19, 0, 0, 0, 0, 0, 0, 19]	ass
[0, 0, 0, 0, 0, 0, 7, 13, 13, 19, 4, 19, 23, 23, 7]	gmmsdswwg
[13, 20, 8, 1, 22, 9, 4, 9, 20, 8, 20, 8, 13, 13, 25]	mthavidiththmmy
[0, 18, 3, 1, 12, 3, 12, 3, 3, 13, 3, 12, 12, 12, 13]	rcalclccmclllm
[0, 0, 0, 0, 0, 7, 5, 5, 23, 5, 5, 5, 4, 4, 11]	geeweeeddk
[0, 0, 4, 23, 10, 5, 3, 23, 9, 13, 5, 18, 1, 12, 5]	dwjecwimerale
[0, 5, 0, 23, 13, 29, 31, 4, 23, 4, 1, 4, 5, 4, 5]	ewm24dwdadede
[0, 0, 0, 0, 0, 0, 0, 13, 13, 5, 1, 8, 5, 13, 19]	mmeahems
[0, 0, 0, 0, 0, 0, 0, 0, 0, 0, 0, 0, 0, 0, 0]	
[0, 0, 8, 1, 13, 7, 7, 13, 1, 4, 5, 8, 5, 4, 25]	hamggmadehedy
Epoch is 4
epoch 4	[ DISC	loss : 0.322600 ]	[ ADV	loss : 0.438485 ]
[0, 0, 13, 1, 3, 19, 27, 6, 27, 6, 9, 6, 6, 9, 13]	macs0f0fiffim
[0, 0, 0, 0, 0, 19, 9, 14, 5, 14, 14, 14, 12, 12, 5]	sinennnlle
[0, 0, 0, 0, 0, 0, 19, 9, 6, 5, 14, 7, 23, 15, 19]	sifengwos
[0, 0, 0, 0, 0, 0, 0, 15, 14, 15, 15, 23, 15, 13, 5]	onoowome
[14, 15, 7, 5, 5, 14, 7, 5, 14, 14, 15, 7, 5, 5, 6]	nogeengennogeef
[0, 0, 0, 0, 0, 0, 0, 37, 14, 12, 15, 3, 9, 15, 12]	-nlociol
[0, 0, 0, 0, 0, 0, 0, 0, 0, 0, 0, 0, 0, 0, 0]	
[0, 0, 0, 0, 0, 13, 37, 3, 5, 12, 5, 12, 5, 12, 11]	m-celelelk
[0, 0, 0, 9, 3, 15, 15, 12, 15, 12, 12, 12, 15, 12, 11]	icoololllolk
[0, 0, 0, 0, 0, 0, 0, 14, 7, 6, 5, 14, 12, 15, 12]	ngfenlol
[0, 0, 0, 0, 0, 0, 0, 19, 7, 5, 7, 7, 5, 7, 19]	sgeggegs
[14, 0, 0, 13, 13, 37, 12, 5, 12, 12, 12, 3, 12, 12, 5]	nmm-lelllclle
[0, 0, 0, 0, 0, 0, 23, 6, 9, 14, 5, 5, 4, 5, 5]	wfineedee
[14, 7, 37, 3, 15, 3, 15, 12, 15, 12, 12, 12, 12, 12, 5]	ng-cocolollllle
[13, 6, 15, 19, 19, 19, 19, 19, 19, 19, 19, 19, 19, 19, 13]	mfosssssssssssm
Epoch is 5
epoch 5	[ DISC	loss : 0.750505 ]	[ ADV	loss : 0.711158 ]
[0, 0, 0, 0, 0, 0, 0, 0, 0, 0, 0, 0, 0, 0, 0]	
[0, 0, 16, 15, 20, 11, 1, 19, 11, 1, 19, 1, 18, 6, 15]	potkaskasarfo
[0, 0, 0, 0, 13, 9, 14, 15, 15, 4, 15, 14, 4, 15, 16]	minoodondop
[0, 0, 0, 0, 0, 21, 4, 12, 15, 21, 4, 18, 15, 14, 7]	udloudrong
[14, 7, 1, 18, 12, 5, 18, 11, 5, 18, 20, 5, 18, 20, 15]	ngarlerkerterto
[0, 0, 0, 0, 0, 0, 0, 0, 0, 0, 0, 0, 0, 0, 0]	
[0, 0, 0, 0, 0, 0, 0, 7, 5, 19, 5, 5, 24, 0, 0]	geseex
[7, 6, 5, 5, 9, 9, 14, 7, 9, 7, 5, 5, 2, 5, 24]	gfeeiingigeebex
[0, 0, 0, 15, 26, 14, 7, 5, 4, 9, 14, 9, 14, 9, 14]	ozngedininin
[0, 0, 0, 0, 0, 0, 2, 5, 14, 9, 14, 14, 5, 4, 19]	beninneds
[0, 0, 0, 2, 1, 14, 14, 7, 9, 9, 9, 9, 9, 9, 20]	banngiiiiiit
[0, 0, 0, 0, 0, 0, 0, 8, 13, 5, 1, 20, 25, 0, 13]	hmeatym
[0, 0, 0, 0, 8, 1, 20, 15, 20, 5, 20, 15, 20, 15, 19]	hatotetotos
[0, 0, 0, 0, 0, 0, 0, 0, 0, 0, 0, 0, 0, 16, 13]	pm
[0, 0, 5, 16, 12, 1, 18, 20, 1, 18, 20, 1, 18, 6, 18]	eplartartarfr
Epoch is 6
epoch 6	[ DISC	loss : 0.116875 ]	[ ADV	loss : 0.541241 ]
[0, 0, 0, 0, 0, 0, 0, 0, 0, 0, 0, 0, 0, 0, 0]	
[18, 5, 5, 12, 1, 12, 1, 2, 5, 2, 5, 5, 5, 5, 20]	reelalabebeeeet
[0, 0, 3, 3, 5, 3, 20, 20, 18, 20, 5, 18, 16, 18, 18]	ccecttrterprr
[0, 0, 0, 0, 0, 0, 23, 5, 1, 14, 20, 11, 5, 2, 11]	weantkebk
[0, 0, 0, 0, 1, 15, 25, 25, 3, 3, 1, 12, 1, 12, 9]	aoyyccalali
[11, 1, 1, 20, 11, 20, 11, 20, 20, 20, 20, 20, 20, 11, 1]	kaatktkttttttka
[0, 0, 0, 0, 0, 0, 0, 0, 0, 0, 23, 5, 2, 2, 19]	webbs
[0, 12, 1, 16, 20, 1, 20, 1, 20, 1, 20, 1, 20, 1, 18]	laptatatatatar
[0, 0, 12, 5, 1, 19, 20, 5, 18, 5, 16, 16, 18, 5, 18]	leasterepprer
[0, 0, 0, 0, 0, 0, 0, 7, 5, 7, 7, 5, 0, 0, 7]	geggeg
[0, 0, 0, 0, 0, 0, 0, 0, 0, 0, 0, 0, 1, 14, 5]	ane
[0, 0, 0, 0, 23, 9, 4, 5, 4, 5, 4, 5, 4, 5, 20]	widedededet
[2, 1, 20, 20, 9, 9, 1, 1, 9, 1, 1, 9, 9, 9, 9]	battiiaaiaaiiii
[0, 0, 0, 0, 3, 1, 13, 13, 15, 25, 2, 1, 13, 5, 19]	cammoybames
[0, 0, 0, 0, 0, 0, 0, 1, 20, 1, 11, 1, 1, 1, 5]	atakaaae
Epoch is 7
epoch 7	[ DISC	loss : 0.333763 ]	[ ADV	loss : 0.865440 ]
[21, 12, 18, 15, 16, 18, 18, 20, 20, 20, 20, 30, 30, 30, 9]	ulroprrtttt333i
[0, 0, 0, 15, 12, 15, 12, 15, 9, 12, 12, 9, 13, 12, 9]	ololoillimli
[0, 0, 0, 0, 0, 0, 0, 0, 0, 0, 0, 0, 0, 0, 0]	
[0, 0, 0, 0, 0, 0, 0, 23, 23, 5, 3, 5, 15, 0, 19]	wweceos
[0, 0, 0, 0, 0, 5, 19, 5, 15, 19, 20, 3, 3, 3, 15]	eseostccco
[15, 19, 15, 12, 5, 15, 15, 15, 15, 12, 15, 12, 15, 12, 15]	osoleoooolololo
[0, 0, 0, 0, 0, 0, 5, 5, 5, 19, 5, 0, 0, 0, 20]	eeeset
[18, 15, 14, 15, 15, 15, 15, 15, 15, 15, 15, 15, 15, 15, 12]	ronoooooooooool
[0, 0, 0, 0, 23, 5, 3, 3, 15, 3, 3, 3, 3, 3, 15]	weccoccccco
[0, 0, 0, 0, 0, 0, 0, 5, 3, 3, 15, 16, 5, 15, 19]	eccopeos
[13, 9, 20, 5, 19, 19, 19, 19, 19, 19, 19, 19, 19, 19, 19]	mitesssssssssss
[0, 0, 0, 0, 0, 0, 0, 0, 0, 2, 15, 21, 20, 15, 20]	boutot
[0, 0, 0, 0, 0, 0, 0, 0, 0, 0, 0, 0, 0, 0, 0]	
[0, 0, 0, 0, 0, 0, 0, 0, 0, 0, 0, 0, 0, 23, 5]	we
[14, 15, 23, 15, 2, 15, 14, 14, 23, 23, 21, 2, 15, 14, 7]	nowobonnwwubong
Epoch is 8
epoch 8	[ DISC	loss : 0.492905 ]	[ ADV	loss : 0.692226 ]
[0, 19, 13, 1, 19, 4, 1, 12, 5, 18, 12, 5, 1, 22, 5]	smasdalerleave
[14, 21, 4, 4, 15, 19, 12, 1, 14, 37, 37, 21, 37, 21, 12]	nuddoslan--u-ul
[0, 0, 2, 14, 14, 18, 0, 0, 0, 0, 0, 0, 0, 0, 15]	bnnro
[0, 12, 20, 18, 20, 1, 18, 1, 18, 1, 18, 1, 1, 12, 9]	ltrtarararaali
[7, 15, 0, 0, 5, 0, 18, 15, 13, 5, 21, 19, 5, 21, 19]	goeromeuseus
[0, 0, 0, 0, 0, 0, 0, 0, 0, 0, 0, 5, 9, 14, 4]	eind
[0, 0, 0, 0, 0, 0, 1, 13, 5, 12, 5, 12, 12, 5, 14]	amelellen
[0, 0, 0, 0, 19, 19, 5, 7, 19, 7, 7, 7, 7, 7, 19]	ssegsgggggs
[0, 0, 0, 16, 18, 18, 18, 18, 18, 18, 18, 18, 16, 18, 18]	prrrrrrrrprr
[16, 16, 12, 5, 12, 1, 12, 1, 19, 1, 19, 1, 19, 1, 18]	pplelalasasasar
[0, 0, 0, 0, 0, 0, 5, 18, 16, 18, 21, 20, 20, 18, 18]	erpruttrr
[3, 21, 18, 16, 18, 16, 20, 5, 20, 1, 16, 20, 1, 16, 14]	curprptetaptapn
[0, 0, 0, 0, 0, 0, 0, 0, 0, 0, 0, 0, 0, 0, 0]	
[0, 0, 13, 1, 12, 12, 5, 12, 15, 12, 1, 12, 1, 12, 5]	mallelolalale
[0, 0, 0, 0, 0, 0, 0, 0, 0, 0, 0, 0, 0, 0, 0]	
Epoch is 9
epoch 9	[ DISC	loss : 0.190156 ]	[ ADV	loss : 0.710910 ]
[0, 0, 0, 0, 0, 0, 0, 7, 9, 6, 11, 19, 6, 19, 18]	gifksfsr
[0, 0, 0, 0, 0, 0, 0, 0, 0, 0, 0, 0, 0, 0, 0]	
[0, 0, 0, 0, 0, 0, 0, 0, 19, 6, 15, 13, 15, 14, 19]	sfomons
[0, 0, 0, 0, 0, 0, 0, 0, 19, 5, 13, 13, 13, 13, 19]	semmmms
[0, 0, 3, 25, 19, 13, 13, 13, 15, 13, 13, 13, 19, 15, 19]	cysmmmommmsos
[0, 0, 0, 0, 0, 0, 19, 11, 5, 15, 19, 13, 5, 13, 19]	skeosmems
[15, 21, 14, 14, 14, 14, 15, 4, 9, 14, 9, 14, 37, 14, 3]	ounnnnodinin-nc
[5, 16, 12, 1, 16, 20, 20, 1, 6, 1, 6, 20, 1, 6, 9]	eplapttafaftafi
[0, 0, 0, 0, 0, 0, 0, 0, 0, 0, 0, 0, 0, 0, 0]	
[0, 8, 0, 18, 16, 3, 6, 5, 15, 19, 11, 15, 6, 15, 19]	hrpcfeoskofos
[0, 0, 19, 1, 13, 13, 15, 19, 13, 13, 13, 13, 13, 13, 1]	sammosmmmmmma
[0, 0, 0, 0, 0, 0, 0, 3, 15, 21, 3, 15, 21, 14, 20]	coucount
[0, 0, 0, 0, 0, 19, 15, 14, 13, 15, 13, 13, 36, 32, 19]	sonmomm95s
[0, 0, 3, 1, 19, 15, 6, 15, 3, 15, 3, 15, 3, 15, 16]	casofocococop
[0, 0, 0, 0, 0, 0, 0, 0, 0, 0, 0, 0, 0, 0, 0]	
Epoch is 10
epoch 10	[ DISC	loss : 0.407705 ]	[ ADV	loss : 0.920410 ]
[0, 0, 0, 0, 0, 0, 0, 0, 0, 0, 0, 0, 0, 0, 0]	
[0, 0, 0, 0, 0, 23, 9, 3, 5, 18, 11, 18, 11, 15, 6]	wicerkrkof
[0, 0, 0, 0, 15, 13, 5, 7, 11, 5, 13, 1, 13, 5, 19]	omegkemames
[0, 0, 0, 1, 3, 1, 25, 25, 25, 3, 1, 25, 3, 1, 12]	acayyycaycal
[0, 0, 20, 20, 5, 24, 5, 16, 5, 20, 5, 24, 5, 16, 15]	ttexepetexepo
[37, 20, 8, 9, 2, 5, 14, 2, 2, 2, 2, 2, 2, 2, 18]	-thibenbbbbbbbr
[0, 0, 0, 0, 14, 14, 19, 9, 14, 7, 5, 14, 7, 5, 19]	nnsingenges
[9, 14, 14, 14, 14, 26, 26, 21, 26, 21, 21, 21, 37, 9, 20]	innnnzzuzuuu-it
[0, 0, 5, 18, 24, 18, 26, 18, 24, 18, 24, 18, 24, 18, 18]	erxrzrxrxrxrr
[14, 5, 1, 18, 9, 21, 4, 9, 14, 9, 9, 21, 9, 9, 7]	neariudiniiuiig
[24, 22, 15, 14, 1, 14, 15, 7, 15, 0, 0, 0, 0, 0, 0]	xvonanogo
[0, 0, 0, 6, 1, 3, 15, 3, 11, 1, 3, 11, 15, 3, 5]	facockackoce
[0, 0, 0, 0, 0, 0, 9, 15, 12, 1, 3, 12, 15, 1, 19]	iolacloas
[16, 21, 2, 20, 1, 8, 1, 21, 1, 5, 1, 1, 21, 1, 18]	pubtahauaeaauar
[15, 14, 5, 0, 0, 0, 0, 3, 19, 15, 19, 15, 13, 15, 19]	onecsosomos
Epoch is 11
epoch 11	[ DISC	loss : 0.266989 ]	[ ADV	loss : 1.041006 ]
[0, 0, 0, 0, 0, 9, 14, 7, 9, 14, 1, 13, 1, 7, 7]	inginamagg
[1, 1, 4, 1, 14, 4, 9, 1, 1, 1, 1, 1, 1, 1, 7]	aadandiaaaaaaag
[0, 0, 0, 0, 5, 3, 2, 3, 5, 5, 5, 19, 21, 18, 15]	ecbceeesuro
[21, 4, 12, 1, 21, 21, 21, 21, 21, 21, 9, 21, 21, 21, 12]	udlauuuuuuiuuul
[0, 15, 20, 1, 1, 1, 9, 1, 21, 1, 9, 21, 1, 9, 9]	otaaaiauaiuaii
[0, 0, 0, 0, 0, 0, 21, 13, 23, 21, 21, 18, 9, 2, 15]	umwuuribo
[0, 8, 15, 22, 9, 20, 8, 5, 13, 5, 13, 5, 12, 9, 19]	hovithememelis
[7, 7, 7, 1, 1, 1, 1, 1, 1, 1, 1, 1, 1, 1, 5]	gggaaaaaaaaaaae
[0, 0, 11, 9, 14, 7, 9, 7, 9, 1, 7, 1, 14, 9, 7]	kingigiaganig
[0, 0, 11, 9, 7, 23, 1, 8, 15, 8, 9, 14, 5, 14, 7]	kigwahohineng
[0, 0, 0, 23, 11, 9, 19, 12, 12, 1, 12, 12, 12, 12, 1]	wkisllalllla
[0, 0, 0, 0, 0, 0, 0, 0, 0, 0, 0, 0, 0, 0, 0]	
[0, 0, 0, 0, 14, 14, 14, 14, 14, 9, 14, 7, 0, 0, 0]	nnnnning
[4, 1, 4, 1, 4, 1, 8, 1, 1, 4, 1, 21, 4, 9, 18]	dadadahaadaudir
[0, 0, 8, 20, 21, 12, 5, 18, 1, 1, 7, 1, 1, 1, 18]	htuleraagaaar
Epoch is 12
epoch 12	[ DISC	loss : 0.306917 ]	[ ADV	loss : 0.471373 ]
[20, 15, 4, 15, 4, 4, 4, 4, 12, 4, 4, 1, 4, 12, 18]	tododdddlddadlr
[15, 4, 15, 25, 25, 15, 4, 25, 15, 4, 25, 25, 12, 15, 20]	odoyyodyodyylot
[0, 12, 11, 15, 14, 4, 15, 15, 4, 15, 4, 4, 4, 4, 20]	lkondoododdddt
[0, 9, 18, 9, 21, 2, 21, 21, 37, 21, 37, 9, 37, 15, 20]	iriubuu-u-i-ot
[3, 21, 13, 14, 8, 14, 14, 14, 14, 14, 14, 14, 14, 14, 19]	cumnhnnnnnnnnns
[0, 0, 0, 0, 0, 0, 0, 0, 0, 0, 16, 20, 5, 16, 5]	ptepe
[9, 14, 14, 21, 14, 21, 9, 14, 9, 14, 14, 9, 14, 14, 20]	innunuininninnt
[0, 0, 0, 0, 0, 19, 19, 16, 21, 14, 14, 14, 14, 14, 19]	sspunnnnns
[0, 1, 13, 15, 19, 5, 14, 20, 15, 1, 13, 10, 10, 5, 20]	amosentoamjjet
[14, 9, 9, 14, 15, 5, 6, 5, 20, 5, 14, 9, 12, 8, 18]	niinoefetenilhr
[9, 9, 2, 9, 0, 0, 0, 2, 21, 0, 0, 0, 0, 0, 22]	iibibuv
[16, 20, 0, 5, 2, 20, 20, 21, 20, 8, 15, 20, 8, 15, 19]	ptebttuthothos
[0, 0, 0, 15, 0, 0, 0, 15, 14, 15, 13, 15, 13, 15, 19]	oonomomos
[0, 0, 12, 12, 12, 12, 12, 12, 12, 12, 12, 12, 12, 12, 20]	llllllllllllt
[15, 20, 6, 15, 16, 15, 37, 20, 8, 1, 13, 15, 16, 15, 20]	otfopo-thamopot
Epoch is 13
epoch 13	[ DISC	loss : 0.289681 ]	[ ADV	loss : 0.610898 ]
[14, 25, 25, 13, 25, 7, 1, 13, 5, 7, 11, 3, 5, 19, 7]	nyymygamegkcesg
[0, 0, 0, 0, 19, 5, 19, 5, 3, 1, 3, 1, 3, 3, 5]	sesecacacce
[0, 9, 15, 15, 4, 15, 7, 15, 1, 7, 15, 7, 15, 7, 7]	ioodogoagogogg
[0, 1, 9, 3, 9, 14, 3, 15, 1, 3, 9, 13, 37, 3, 1]	aicincoacim-ca
[15, 18, 5, 9, 14, 5, 9, 14, 5, 9, 14, 5, 9, 14, 9]	oreineineineini
[8, 9, 16, 7, 15, 11, 5, 3, 15, 19, 5, 13, 1, 13, 5]	hipgokecosemame
[15, 0, 0, 0, 8, 15, 15, 3, 19, 19, 19, 23, 8, 22, 5]	ohoocssswhve
[0, 0, 0, 0, 0, 0, 0, 19, 5, 19, 19, 19, 15, 13, 19]	sesssoms
[6, 9, 13, 15, 3, 5, 18, 5, 18, 18, 18, 18, 18, 19, 5]	fimocererrrrrse
[0, 0, 0, 0, 0, 0, 24, 24, 24, 0, 0, 0, 19, 1, 18]	xxxsar
[13, 0, 0, 0, 0, 0, 0, 0, 0, 9, 24, 8, 0, 5, 14]	mixhen
[0, 6, 1, 9, 19, 20, 9, 19, 37, 9, 20, 9, 14, 20, 3]	faistis-itintc
[8, 1, 9, 14, 14, 1, 4, 4, 4, 9, 4, 9, 14, 9, 7]	hainnadddidinig
[18, 15, 19, 19, 5, 19, 19, 19, 19, 19, 19, 19, 19, 19, 19]	rossessssssssss
[0, 0, 3, 15, 13, 10, 1, 13, 19, 19, 19, 19, 19, 19, 1]	comjamssssssa
Epoch is 14
epoch 14	[ DISC	loss : 0.235105 ]	[ ADV	loss : 0.928592 ]
[9, 21, 21, 7, 5, 12, 5, 21, 22, 5, 21, 22, 5, 21, 14]	iuugeleuveuveun
[0, 0, 0, 0, 0, 0, 21, 0, 0, 0, 0, 0, 0, 0, 19]	us
[0, 0, 0, 0, 0, 0, 0, 0, 22, 9, 14, 9, 19, 9, 20]	vinisit
[0, 0, 0, 0, 0, 0, 0, 0, 0, 0, 0, 0, 0, 0, 0]	
[0, 11, 5, 18, 9, 14, 9, 14, 1, 4, 21, 14, 14, 14, 14]	kerininadunnnn
[20, 20, 20, 20, 20, 20, 20, 20, 16, 20, 20, 20, 20, 20, 15]	ttttttttpttttto
[20, 9, 14, 14, 14, 4, 21, 21, 14, 9, 9, 9, 37, 9, 18]	tinnnduuniii-ir
[18, 10, 15, 20, 18, 15, 18, 15, 10, 15, 16, 6, 6, 15, 16]	rjotrorojopffop
[16, 15, 3, 26, 7, 7, 7, 5, 5, 16, 5, 16, 16, 16, 8]	poczgggeepeppph
[0, 0, 0, 0, 0, 0, 0, 0, 11, 11, 19, 19, 19, 19, 19]	kksssss
[0, 0, 0, 0, 0, 16, 16, 11, 16, 16, 16, 16, 16, 16, 19]	ppkpppppps
[0, 19, 9, 19, 21, 19, 19, 19, 19, 19, 19, 19, 19, 19, 20]	sisussssssssst
[25, 16, 12, 0, 0, 0, 0, 0, 0, 0, 0, 0, 0, 0, 0]	ypl
[0, 0, 0, 0, 0, 0, 0, 0, 0, 0, 0, 0, 8, 24, 18]	hxr
[0, 0, 0, 0, 0, 0, 0, 0, 0, 0, 0, 0, 0, 0, 0]	
Epoch is 15
epoch 15	[ DISC	loss : 0.200143 ]	[ ADV	loss : 0.968080 ]
[0, 0, 0, 0, 0, 0, 0, 0, 0, 0, 0, 0, 0, 0, 0]	
[0, 0, 0, 0, 0, 0, 0, 0, 0, 0, 0, 0, 0, 0, 16]	p
[0, 12, 1, 18, 37, 37, 37, 37, 37, 37, 37, 37, 37, 37, 18]	lar----------r
[8, 0, 20, 15, 0, 0, 3, 0, 0, 18, 5, 0, 0, 0, 0]	htocre
[0, 0, 0, 12, 9, 12, 12, 15, 20, 12, 12, 5, 20, 12, 5]	lillotlletle
[0, 0, 0, 0, 0, 0, 6, 9, 2, 2, 2, 2, 2, 2, 21]	fibbbbbbu
[13, 11, 5, 15, 20, 20, 15, 37, 12, 1, 2, 12, 1, 37, 20]	mkeotto-labla-t
[0, 0, 13, 5, 12, 5, 14, 14, 14, 5, 14, 14, 14, 14, 14]	melennnennnnn
[0, 0, 0, 0, 0, 0, 12, 15, 12, 15, 12, 0, 0, 0, 0]	lolol
[0, 16, 16, 0, 24, 0, 24, 0, 24, 0, 8, 0, 24, 0, 22]	ppxxxhxv
[12, 15, 21, 20, 25, 7, 25, 25, 12, 15, 25, 25, 7, 25, 16]	loutygyyloyygyp
[0, 0, 0, 0, 0, 0, 0, 13, 13, 2, 2, 2, 2, 2, 19]	mmbbbbbs
[0, 0, 12, 9, 6, 9, 13, 19, 19, 5, 19, 19, 19, 19, 5]	lifimssesssse
[0, 0, 0, 16, 15, 18, 5, 18, 8, 18, 16, 15, 18, 18, 15]	porerhrporro
[0, 0, 0, 0, 0, 0, 6, 9, 19, 19, 6, 12, 13, 13, 2]	fissflmmb
Epoch is 16
epoch 16	[ DISC	loss : 0.457200 ]	[ ADV	loss : 0.989702 ]
[18, 1, 3, 1, 14, 9, 9, 1, 37, 23, 1, 37, 20, 1, 15]	racaniia-wa-tao
[1, 20, 15, 22, 15, 22, 9, 22, 15, 22, 9, 20, 1, 20, 15]	atovovivovitato
[0, 12, 9, 19, 37, 37, 18, 9, 2, 1, 18, 37, 21, 37, 21]	lis--ribar-u-u
[0, 0, 0, 37, 1, 37, 37, 19, 21, 19, 21, 19, 19, 19, 1]	-a--sususssa
[5, 19, 0, 0, 0, 0, 0, 0, 0, 0, 0, 0, 0, 0, 0]	es
[0, 0, 0, 0, 0, 0, 0, 0, 0, 0, 0, 0, 0, 0, 0]	
[16, 8, 1, 14, 5, 0, 0, 0, 0, 0, 0, 0, 0, 0, 8]	phaneh
[0, 3, 1, 37, 25, 37, 37, 1, 1, 1, 12, 1, 12, 21, 15]	ca-y--aaalaluo
[3, 21, 18, 21, 3, 21, 2, 14, 14, 14, 21, 18, 21, 2, 21]	curucubnnnurubu
[3, 2, 1, 15, 3, 8, 9, 2, 18, 1, 15, 3, 2, 15, 12]	cbaochibraocbol
[1, 14, 0, 0, 1, 18, 9, 3, 9, 21, 4, 21, 4, 9, 3]	anariciududic
[0, 0, 0, 0, 0, 37, 19, 3, 1, 1, 3, 1, 3, 37, 15]	-scaacac-o
[0, 19, 20, 1, 8, 20, 29, 20, 8, 20, 21, 20, 37, 20, 8]	staht2thtut-th
[0, 0, 0, 0, 0, 2, 15, 9, 16, 8, 1, 20, 9, 13, 1]	boiphatima
[4, 4, 4, 9, 4, 9, 4, 9, 4, 4, 9, 4, 9, 4, 12]	dddidididdididl
Epoch is 17
epoch 17	[ DISC	loss : 0.288225 ]	[ ADV	loss : 0.935556 ]
[0, 0, 4, 15, 14, 15, 14, 15, 15, 4, 4, 4, 15, 4, 23]	dononoodddodw
[0, 0, 0, 3, 18, 15, 20, 5, 20, 31, 18, 31, 13, 3, 5]	crotet4r4mce
[0, 0, 0, 0, 0, 0, 0, 0, 0, 0, 0, 0, 0, 0, 0]	
[0, 0, 0, 0, 0, 0, 0, 0, 0, 0, 0, 0, 0, 0, 0]	
[15, 22, 15, 24, 24, 3, 22, 9, 20, 14, 1, 20, 9, 20, 5]	ovoxxcvitnatite
[3, 12, 15, 20, 20, 20, 20, 14, 14, 14, 14, 14, 14, 14, 14]	clottttnnnnnnnn
[0, 0, 0, 0, 0, 0, 0, 0, 0, 0, 7, 0, 0, 7, 20]	ggt
[0, 0, 0, 11, 5, 13, 20, 37, 13, 37, 37, 20, 31, 20, 5]	kemt-m--t4te
[0, 0, 0, 0, 0, 0, 3, 11, 19, 19, 19, 19, 19, 19, 5]	cksssssse
[19, 19, 8, 4, 1, 8, 1, 14, 1, 14, 4, 14, 14, 14, 20]	sshdahanandnnnt
[0, 0, 3, 3, 3, 3, 18, 7, 7, 7, 7, 7, 37, 7, 23]	ccccrggggg-gw
[0, 0, 13, 37, 13, 5, 13, 37, 37, 37, 37, 37, 37, 37, 20]	m-mem-------t
[9, 14, 7, 15, 14, 14, 14, 14, 7, 15, 14, 14, 15, 6, 1]	ingonnnngonnofa
[9, 13, 12, 5, 37, 37, 37, 37, 18, 18, 18, 18, 18, 18, 25]	imle----rrrrrry
[1, 2, 23, 8, 23, 15, 23, 15, 23, 23, 15, 23, 15, 23, 5]	abwhwowowwowowe
Epoch is 18
epoch 18	[ DISC	loss : 0.121017 ]	[ ADV	loss : 0.879023 ]
[0, 3, 15, 18, 14, 20, 20, 1, 31, 18, 18, 18, 18, 14, 14]	corntta4rrrrnn
[9, 20, 18, 18, 1, 18, 1, 18, 1, 18, 18, 1, 18, 1, 1]	itrrarararraraa
[0, 0, 3, 18, 1, 14, 14, 14, 5, 14, 5, 14, 5, 14, 9]	crannneneneni
[0, 0, 0, 0, 0, 1, 1, 1, 1, 1, 1, 1, 1, 1, 19]	aaaaaaaaas
[3, 1, 20, 1, 20, 12, 1, 18, 20, 12, 12, 1, 18, 1, 12]	catatlartllaral
[19, 5, 1, 12, 1, 12, 1, 20, 20, 20, 1, 20, 20, 1, 1]	sealalatttattaa
[0, 20, 3, 1, 20, 1, 20, 1, 20, 1, 20, 1, 20, 1, 18]	tcatatatatatar
[0, 0, 0, 0, 0, 0, 0, 0, 0, 0, 0, 0, 0, 0, 0]	
[0, 0, 0, 0, 1, 1, 1, 31, 31, 20, 20, 20, 5, 31, 24]	aaa44ttte4x
[0, 0, 0, 0, 0, 5, 20, 20, 5, 20, 5, 16, 5, 20, 5]	ettetepete
[14, 20, 5, 20, 1, 20, 1, 20, 1, 20, 20, 1, 20, 1, 18]	ntetatatattatar
[0, 0, 3, 8, 20, 27, 20, 20, 27, 20, 27, 20, 18, 20, 14]	cht0tt0t0trtn
[0, 0, 0, 0, 0, 0, 0, 0, 0, 0, 0, 0, 0, 0, 0]	
[0, 9, 7, 7, 7, 7, 7, 7, 7, 19, 20, 20, 20, 20, 21]	igggggggsttttu
[0, 9, 18, 9, 14, 20, 30, 9, 20, 1, 30, 20, 1, 18, 5]	irint3ita3tare
Epoch is 19
epoch 19	[ DISC	loss : 0.203961 ]	[ ADV	loss : 0.825014 ]
[0, 0, 0, 0, 0, 0, 0, 0, 0, 0, 0, 0, 0, 0, 0]	
[0, 0, 12, 5, 0, 9, 4, 9, 4, 5, 11, 5, 13, 13, 1]	leididekemma
[0, 0, 0, 0, 1, 16, 15, 16, 15, 16, 15, 16, 15, 16, 1]	apopopopopa
[0, 0, 0, 0, 0, 0, 0, 15, 18, 1, 4, 15, 11, 11, 5]	oradokke
[0, 0, 0, 0, 0, 0, 0, 0, 0, 0, 0, 0, 0, 0, 0]	
[0, 0, 0, 13, 1, 18, 11, 13, 25, 25, 25, 1, 19, 13, 5]	markmyyyasme
[0, 0, 0, 0, 1, 19, 25, 5, 19, 21, 5, 19, 19, 19, 25]	asyesuesssy
[0, 0, 0, 0, 0, 0, 0, 0, 7, 11, 11, 11, 11, 11, 1]	gkkkkka
[0, 0, 0, 11, 13, 1, 13, 21, 13, 21, 13, 16, 21, 13, 25]	kmamumumpumy
[0, 0, 0, 0, 0, 37, 13, 7, 13, 25, 11, 25, 11, 11, 5]	-mgmykykke
[0, 13, 11, 4, 9, 4, 9, 4, 9, 4, 11, 4, 9, 4, 19]	mkdidididkdids
[12, 15, 4, 4, 4, 4, 4, 4, 4, 4, 4, 4, 4, 4, 18]	loddddddddddddr
[0, 0, 0, 0, 0, 22, 9, 9, 13, 8, 28, 28, 28, 28, 1]	viimh1111a
[7, 11, 5, 15, 5, 5, 5, 5, 5, 5, 5, 5, 5, 5, 13]	gkeoeeeeeeeeeem
[0, 0, 0, 0, 0, 0, 0, 0, 0, 0, 0, 0, 0, 0, 0]	
Epoch is 20
epoch 20	[ DISC	loss : 0.493020 ]	[ ADV	loss : 0.738762 ]
[18, 1, 18, 37, 18, 18, 18, 18, 18, 18, 18, 25, 18, 18, 1]	rar-rrrrrrryrra
[0, 0, 0, 0, 0, 0, 1, 3, 1, 19, 14, 14, 14, 14, 19]	acasnnnns
[0, 0, 0, 0, 0, 0, 0, 0, 0, 0, 0, 0, 0, 0, 0]	
[18, 0, 3, 8, 12, 1, 3, 8, 12, 9, 3, 8, 25, 15, 20]	rchlachlichyot
[0, 0, 0, 0, 0, 0, 21, 2, 8, 15, 14, 37, 2, 2, 15]	ubhon-bbo
[0, 0, 0, 0, 0, 0, 0, 0, 0, 3, 9, 19, 19, 19, 19]	cissss
[0, 0, 0, 13, 13, 19, 13, 5, 13, 5, 25, 5, 25, 5, 25]	mmsmemeyeyey
[0, 0, 0, 0, 0, 0, 0, 0, 10, 15, 20, 8, 20, 8, 1]	joththa
[0, 0, 0, 0, 0, 0, 0, 0, 0, 0, 0, 4, 5, 0, 0]	de
[0, 0, 0, 0, 0, 0, 0, 0, 1, 4, 1, 1, 3, 15, 19]	adaacos
[0, 0, 0, 0, 0, 0, 0, 0, 0, 0, 0, 0, 0, 0, 0]	
[0, 0, 0, 0, 15, 18, 1, 14, 14, 5, 14, 12, 5, 3, 8]	orannenlech
[0, 1, 1, 6, 5, 12, 5, 12, 5, 18, 1, 18, 5, 12, 9]	aafelelerareli
[0, 0, 0, 0, 0, 0, 0, 0, 0, 0, 0, 0, 0, 0, 8]	h
[5, 0, 0, 0, 0, 0, 5, 16, 18, 16, 5, 15, 16, 1, 15]	eeprpeopao
Epoch is 21
