experiments/20171213-133116
Epoch is 0
Number of batches 216
Batch size: 32
domains_batch size:	(32, 15, 38)
generated domains shape:	(32, 15, 38)
training set shape	(32, 15, 38)
target shape (32, 1)
epoch 0	mini-batch 9	[ DISC	loss : 0.701710 ]	[ ADV	loss : 0.643913 ]
Generated sample: ['uuuuuuuuuuuuuut', 'b5555555555555i', 'pddddddddddddd5', 'yyyt', 'iiiiiiiiiiiiiix'] 
epoch 0	mini-batch 19	[ DISC	loss : 0.714898 ]	[ ADV	loss : 0.575348 ]
Generated sample: ['i555yyyyyyyyyyf', 'nnnnnnnnnnnnnnt', 'rrrtttttttttttt', 'iiiiiiiiiiiiiii', 'ttttttttttttttt'] 
epoch 0	mini-batch 29	[ DISC	loss : 0.723643 ]	[ ADV	loss : 0.582418 ]
Generated sample: ['nnnnnnnnnnnnnnn', 'iiiiiiiiiiiiiii', '0tttttttuuuuuu9', 'yykkkkkkkkkkkkn', 'nnnnnnnnnnnnnn'] 
epoch 0	mini-batch 39	[ DISC	loss : 0.730589 ]	[ ADV	loss : 0.472806 ]
Generated sample: ['ttttttttttttttt', 'cccccccccccccc5', 'yyyyyyyyyyyyyyn', '', 'ooooooocccccccj'] 
epoch 0	mini-batch 49	[ DISC	loss : 0.724150 ]	[ ADV	loss : 0.447761 ]
Generated sample: ['ttttttttttttttt', 'tiiiiiiiiiiiiii', 'tttttttttttttts', 'eeeeeeeeeeeeeer', 'hhttthhhhhhhhht'] 
epoch 0	mini-batch 59	[ DISC	loss : 0.730170 ]	[ ADV	loss : 0.394542 ]
Generated sample: ['nnnnnnnnnnnnnnn', 'ttttttttttttttu', 'iii55555555555i', 'ppttttttttttttt', 'n'] 
epoch 0	mini-batch 69	[ DISC	loss : 0.689774 ]	[ ADV	loss : 0.332137 ]
Generated sample: ['tttyyyyyyyyyyy', 'tjjjjuuuuuuuuui', 'iiiiiiiiiiiiiin', 'iiiiiiiiiiiiiii', 'ccccccccccccccw'] 
epoch 0	mini-batch 79	[ DISC	loss : 0.657898 ]	[ ADV	loss : 0.371332 ]
Generated sample: ['tpppppppppppppw', 'nnnnnnnnnnnnnnn', 'hiiiiiiiiiiiiii', '0tttttttttttttt', 'ppppppppppppppp'] 
epoch 0	mini-batch 89	[ DISC	loss : 0.603594 ]	[ ADV	loss : 0.288528 ]
Generated sample: ['iiiiiiiiiinnnnf', 'tttttttttttttti', 'nnnnnnnnnnnnnnh', '6uuuuuuuuuuuuu', 'dddooooooooooot'] 
epoch 0	mini-batch 99	[ DISC	loss : 0.527058 ]	[ ADV	loss : 0.210430 ]
Generated sample: ['ttrrrr77777777r', 'tttttttttnnnnnh', '99999999999977t', 'd---oooooooddd', 'iiiiiiiiiiiiiii'] 
epoch 0	mini-batch 109	[ DISC	loss : 0.453126 ]	[ ADV	loss : 0.108691 ]
Generated sample: ['t', 'innnnnnnnnnnnnn', 'ttttttttttttttt', 'iiiiiiiiiiiiiii', 'iiiiiiiiiiiiiii'] 
epoch 0	mini-batch 119	[ DISC	loss : 0.366886 ]	[ ADV	loss : 0.104276 ]
Generated sample: ['pnnnnnnnnnnnnnn', 't', 'inn555555555555', 'nnnnnnnnnnnnnnr', 'ppppppppppppppi'] 
epoch 0	mini-batch 129	[ DISC	loss : 0.341217 ]	[ ADV	loss : 0.170253 ]
Generated sample: ['iiiiiiiiiiiiiii', '7777ppppppppppt', '55555555555555', '99999999995', 'ttttttttttttta'] 
epoch 0	mini-batch 139	[ DISC	loss : 0.247321 ]	[ ADV	loss : 0.041949 ]
Generated sample: ['i', 'n-------------t', 'iiiiiiiiiiiiiii', '--------------y', '99999999999999t'] 
epoch 0	mini-batch 149	[ DISC	loss : 0.198211 ]	[ ADV	loss : 0.133105 ]
Generated sample: ['ihhhhhhhhhhhhhb', '5', '555555555555550', 'iiiiiiiiiiiii', 'iiiiiiiiiiiiii'] 
epoch 0	mini-batch 159	[ DISC	loss : 0.199813 ]	[ ADV	loss : 0.025820 ]
Generated sample: ['nnnnnnnnnnnnnn5', 'nhhhhhhhhhhhhh1', '55555555555555i', '555555555555555', 'ttttttttttt'] 
epoch 0	mini-batch 169	[ DISC	loss : 0.135591 ]	[ ADV	loss : 0.029866 ]
Generated sample: ['iiiiiiiiiiiiiii', 'eeeeeeeeeeeeeei', 'fffffffffffffft', '0ttttttttttttti', 'tttttttttttttth'] 
epoch 0	mini-batch 179	[ DISC	loss : 0.118226 ]	[ ADV	loss : 0.019408 ]
Generated sample: ['t', 'pppppppppppppp-', 'iiiiiiiiiiiiii', '555555555555555', 'nnnnnnnnnnnnnni'] 
epoch 0	mini-batch 189	[ DISC	loss : 0.099734 ]	[ ADV	loss : 0.025830 ]
Generated sample: ['iiiiiiiiiiiiiii', 'yyyyyyrrrrrrrrr', 'iiiiiiiiiiiiii5', 'nnnnnnnnnnnnnni', 'iiiiiiiiiiiiiie'] 
epoch 0	mini-batch 199	[ DISC	loss : 0.151914 ]	[ ADV	loss : 0.028448 ]
Generated sample: ['iiiiiiiiiiiiii7', 'tttttttttttthht', 'ttttttttttttttt', 'iiiiiiiiiiiiiii', 'iiiiiiiiiiiiiii'] 
epoch 0	mini-batch 209	[ DISC	loss : 0.058972 ]	[ ADV	loss : 0.009850 ]
Generated sample: ['ttttttttttttttc', 'ttttttttttttttt', '', 'ooooooooooooooi', ''] 
Epoch is 1
Number of batches 216
epoch 1	mini-batch 9	[ DISC	loss : 0.051392 ]	[ ADV	loss : 0.005407 ]
Generated sample: ['iinnnnnnnnnnnnh', 'ttttttttttttt', 'iiiiinnnnnnnnn5', 'ttttttttttttttt', 'llllllllllllln'] 
epoch 1	mini-batch 19	[ DISC	loss : 0.044648 ]	[ ADV	loss : 0.003886 ]
Generated sample: ['nnnnnnnnnnnnnnb', 'tttttttttttttth', '', '5', 'ddddnnnnnnnnnn5'] 
epoch 1	mini-batch 29	[ DISC	loss : 0.035712 ]	[ ADV	loss : 0.006194 ]
Generated sample: ['11111111111111i', 'ttttttttttttt', 'xsssssssssssssn', '000000000000005', 'ttttttttttttttp'] 
epoch 1	mini-batch 39	[ DISC	loss : 0.026248 ]	[ ADV	loss : 0.007276 ]
Generated sample: ['555nnnnnnnnnnnh', 'ttdddddddddddd', 'iiiinnnnnnnnnnh', 'iiiii', 'iiiiiiiiiiiiiii'] 
epoch 1	mini-batch 49	[ DISC	loss : 0.024998 ]	[ ADV	loss : 0.013936 ]
Generated sample: ['', 'tttttttttttttti', 'iiiiiiiiiiii5', 'ppppppppppppppp', 'nnnnnnnnnnnnnnt'] 
epoch 1	mini-batch 59	[ DISC	loss : 0.017317 ]	[ ADV	loss : 0.002032 ]
Generated sample: ['i55555555555555', 'oooooooooooo', '1rrrrrrrrrrrrrt', 'tttttttttttttt', 'rrtttttttttttti'] 
epoch 1	mini-batch 69	[ DISC	loss : 0.013681 ]	[ ADV	loss : 0.006032 ]
Generated sample: ['tttttttttttttt', 'iiiiiiiiiiiiiib', 'iiiiiiiiiiiiiii', 'iiiiiiipppppppn', 'apppppppppppppn'] 
epoch 1	mini-batch 79	[ DISC	loss : 0.011634 ]	[ ADV	loss : 0.005507 ]
Generated sample: ['iiiiiiiiiiiiiii', 'tttttttttttttt9', 'ttttttttttttttt', '0000hhhhhhhhhhi', 'iiiiiiiiiiiiii'] 
epoch 1	mini-batch 89	[ DISC	loss : 0.010254 ]	[ ADV	loss : 0.010203 ]
Generated sample: ['ii', 'ddddddddddddi', 'ttttttttttttt', '-5555555555555', 'dddddddd'] 
epoch 1	mini-batch 99	[ DISC	loss : 0.010917 ]	[ ADV	loss : 0.001419 ]
Generated sample: ['w000pppppppppp', '11111111111111i', '00000000000000n', 'iiiiiiiiiiiiiii', 'tttttttttttttti'] 
epoch 1	mini-batch 109	[ DISC	loss : 0.007210 ]	[ ADV	loss : 0.004617 ]
Generated sample: ['tttttnnnnnnnnnh', 'iiiiiiiiiiiiiii', '', 'ddd', 'nnthhhhhtttttt'] 
epoch 1	mini-batch 119	[ DISC	loss : 0.006722 ]	[ ADV	loss : 0.002652 ]
Generated sample: ['f', 'tttttttttttttth', 'xxccccccccccccn', 'ooooooooooooon', 'p'] 
epoch 1	mini-batch 129	[ DISC	loss : 0.006678 ]	[ ADV	loss : 0.002396 ]
Generated sample: ['nnnnnnnnnnnnnn5', 'iinnnnnnnnnnnnw', 'nnnnnnnnnnnnnnt', 'iiiiiiiiiiiiiii', 'bbbbbbbbbbbbbbi'] 
epoch 1	mini-batch 139	[ DISC	loss : 0.011099 ]	[ ADV	loss : 0.002367 ]
Generated sample: ['iiiiiiiiiiiiiib', '00000000000000n', 'ppppppppppppppt', '', ''] 
epoch 1	mini-batch 149	[ DISC	loss : 0.005193 ]	[ ADV	loss : 0.001730 ]
Generated sample: ['', 'iiiiiiiiiiiiiii', 'iiiiiiiiiiiiiin', 'itttvvvvvvvvvv', 'dnnnnnnnnnnnnni'] 
epoch 1	mini-batch 159	[ DISC	loss : 0.008587 ]	[ ADV	loss : 0.001372 ]
Generated sample: ['iiiiiiiiiiiiiii', 'iiiiiiiinnnnnnd', 'dddddddddddddd', 'ttttttttttttttt', 'dttttttttttttti'] 
epoch 1	mini-batch 169	[ DISC	loss : 0.003902 ]	[ ADV	loss : 0.001615 ]
Generated sample: ['eeddddddddddddi', 'iiiiiiiiiiiiiii', 'nnnnnnnnnnnnnnn', 'tttttttttttttt', 'tttttp'] 
epoch 1	mini-batch 179	[ DISC	loss : 0.004473 ]	[ ADV	loss : 0.001358 ]
Generated sample: ['9f999999999999n', 'iiiiiiiiiiiiiin', 'iiiiiiiiiiiiii', 'nnnnnnnnnnnnnnn', 'iiiiiiiiiiiiiih'] 
epoch 1	mini-batch 189	[ DISC	loss : 0.010172 ]	[ ADV	loss : 0.001492 ]
Generated sample: ['nnnn11111ppppp', 'rrrrrrrrrrrrrr5', 'iiiiiiiiiiiiiit', '', 'iiiiiiiiiiiiiii'] 
epoch 1	mini-batch 199	[ DISC	loss : 0.003903 ]	[ ADV	loss : 0.002152 ]
Generated sample: ['iiiiiiiiiiiiiii', 'iiiiiiiiiiiiiii', 'tttttttttttttti', 'iniiiiiiiiiiiii', 'nnnnnnnnnnnnnn'] 
epoch 1	mini-batch 209	[ DISC	loss : 0.004472 ]	[ ADV	loss : 0.002286 ]
Generated sample: ['tttttttttttttti', 'iiiiiiiiiiiiiii', 'iiiiiiiiiiiiiii', 'iiiiiiiiiiiiiit', 'thhhhhhhhhhfff9'] 
Epoch is 2
Number of batches 216
epoch 2	mini-batch 9	[ DISC	loss : 0.003893 ]	[ ADV	loss : 0.004407 ]
Generated sample: ['5555555555555p', 't', 'iiiiiiiiiiiiii', 'iiiiii00000000n', 'iiiiiiiiiiiiiit'] 
epoch 2	mini-batch 19	[ DISC	loss : 0.003484 ]	[ ADV	loss : 0.003407 ]
Generated sample: ['tttttttt', 'ii555555555555', 'nnnnnnnnnnnnnnh', 'iii', 'tiiitt'] 
epoch 2	mini-batch 29	[ DISC	loss : 0.002524 ]	[ ADV	loss : 0.005970 ]
Generated sample: ['iiiiiiiiiiiiiii', '55ii', '550000000ttr', 'iiiiiiiiiiiiiii', 'twwwwwwwwwwwwwd'] 
epoch 2	mini-batch 39	[ DISC	loss : 0.002561 ]	[ ADV	loss : 0.002590 ]
Generated sample: ['00bbbbbbbbbbbbw', 'thhhhhhhhhhhhhn', '', 'nnnnffffffffnnt', 'iiiiiiiiiiiiiii'] 
epoch 2	mini-batch 49	[ DISC	loss : 0.002720 ]	[ ADV	loss : 0.001764 ]
Generated sample: ['iiiiiiiiiiiiiii', 'ttttttttttttttt', '99999999999999i', 'i9999999999999', '11eeeeeeeeeeeei'] 
epoch 2	mini-batch 59	[ DISC	loss : 0.002154 ]	[ ADV	loss : 0.000552 ]
Generated sample: ['ttttttttttttttt', 'ttttttttttttttt', 'tttttttttttttti', 'r1111111111111w', ''] 
epoch 2	mini-batch 69	[ DISC	loss : 0.001871 ]	[ ADV	loss : 0.002406 ]
Generated sample: ['iiiiiiiiiiiiii5', 'oooooooooooo', 'ttttttttttttttt', 'iiiiiiiiiiiiii', 'ppppppppi'] 
epoch 2	mini-batch 79	[ DISC	loss : 0.001263 ]	[ ADV	loss : 0.002924 ]
Generated sample: ['ttttttttttttttt', 'h00000000000000', 'iiiiiiiiiiiiii', 'iieeeeeeeeeeee5', '5o555555555555t'] 
epoch 2	mini-batch 89	[ DISC	loss : 0.002142 ]	[ ADV	loss : 0.001799 ]
Generated sample: ['----tttttttttth', 'is55555sssssss5', 'nnnnnnnnnnnnnnn', 'ddddddddt', 'nnnnnnnnn99999'] 
epoch 2	mini-batch 99	[ DISC	loss : 0.001996 ]	[ ADV	loss : 0.002690 ]
Generated sample: ['nnnnnnnnnnnnnnn', 'ttdddddddddddd-', '0pppppppppppppt', 'iiiiiiiiiiiiiih', ''] 
epoch 2	mini-batch 109	[ DISC	loss : 0.004339 ]	[ ADV	loss : 0.004901 ]
Generated sample: ['iiiiiiiiiiiiii5', 'w', '99yyyyyyyyyyyyt', 'iiiiiiiiiiiiiii', 'ttttttttttttttn'] 
epoch 2	mini-batch 119	[ DISC	loss : 0.001435 ]	[ ADV	loss : 0.003424 ]
Generated sample: ['ttttttttttttttt', 'p', 'oooooooooooo', '1wsssssssssssst', 'innnnnnnnnnnnnn'] 
epoch 2	mini-batch 129	[ DISC	loss : 0.002374 ]	[ ADV	loss : 0.001708 ]
Generated sample: ['bbbbbbbbbbbbbb', 'iiiiiiiiiiiiiin', 'tttiiiiiiiiiiib', '555555555555555', '999999999999995'] 
epoch 2	mini-batch 139	[ DISC	loss : 0.001968 ]	[ ADV	loss : 0.001874 ]
Generated sample: ['nnnnnnnnnnnnnnn', 'iittttttttttttt', 'ttttttttttttttt', 'iiiiiiiiiit', 'iiiiiiiiiiiiiii'] 
epoch 2	mini-batch 149	[ DISC	loss : 0.001790 ]	[ ADV	loss : 0.009259 ]
Generated sample: ['teeehhhhhhhhhhi', 'tttttttttttttti', 'nnnnnnnnnnnnnnn', 'tttttttttttttti', 'iiiiiiiiiiiiiii'] 
epoch 2	mini-batch 159	[ DISC	loss : 0.001729 ]	[ ADV	loss : 0.000489 ]
Generated sample: ['tttt', 'ttttttttttttttt', 'ctttttttttttttt', 'ttttttttttttttt', 'tttttttttttttti'] 
epoch 2	mini-batch 169	[ DISC	loss : 0.001978 ]	[ ADV	loss : 0.001631 ]
Generated sample: ['iiiiiiiiiiiiii', '555555555555555', 'ttyvvtttttttttn', 'iiiiiiib', 'hhhhhnnnnnnh'] 
epoch 2	mini-batch 179	[ DISC	loss : 0.001500 ]	[ ADV	loss : 0.001783 ]
Generated sample: ['tttttttti', '99999999999999p', 't-------------f', 'nnnnnnnnnnnnnn5', '555'] 
epoch 2	mini-batch 189	[ DISC	loss : 0.000928 ]	[ ADV	loss : 0.005909 ]
Generated sample: ['iiiiiiiiiiiiiii', 'ttttttttrrrrrrt', '00000000000000', 'iiiiiiiiiiiiiii', 'ttttcccccccccct'] 
epoch 2	mini-batch 199	[ DISC	loss : 0.001799 ]	[ ADV	loss : 0.000767 ]
Generated sample: ['tttttttt', 'iiiiiiiiiiiiiii', 'tttttttttttttti', 'f9999999999999n', '00000dddddddddt'] 
epoch 2	mini-batch 209	[ DISC	loss : 0.000989 ]	[ ADV	loss : 0.000303 ]
Generated sample: ['ppppppppppppppt', 'tttttttttttttth', 'ttttttttttttttt', '5', 'drrrrrrrjjjjjjn'] 
Epoch is 3
Number of batches 216
epoch 3	mini-batch 9	[ DISC	loss : 0.001041 ]	[ ADV	loss : 0.000673 ]
Generated sample: ['ddddddddddddddt', 'tttttttttttttti', 'tttttttttttttth', 'tttttttttttttti', ''] 
epoch 3	mini-batch 19	[ DISC	loss : 0.001040 ]	[ ADV	loss : 0.003619 ]
Generated sample: ['doooooooooooooi', 'innnnnnnnnnnnnn', 'ddddd555555555i', '-000tttttttttt1', 'yyyyyyyyyyyyyyp'] 
epoch 3	mini-batch 29	[ DISC	loss : 0.000804 ]	[ ADV	loss : 1.066610 ]
Generated sample: ['ttttttiiiiiiiii', 'iiittttttttttt', 'nnnnnnnnnnnnnnn', 'iiiiiiiiiiiiiib', 'nnnnnnnnnnnnnnn'] 
epoch 3	mini-batch 39	[ DISC	loss : 0.001128 ]	[ ADV	loss : 0.001058 ]
Generated sample: ['hhhhhhhhhhhhn', 'iiiilllllllllln', '00pppppppppppp', 'iiiiiiiiiiiiii', ''] 
epoch 3	mini-batch 49	[ DISC	loss : 0.000833 ]	[ ADV	loss : 0.002216 ]
Generated sample: ['bbbbbbbbbbbbbbf', 'nnnnnnnnnnnnnnn', 'ttttttttttttttt', 'v-------vvvv0', 'iiddddddnnnnnnd'] 
epoch 3	mini-batch 59	[ DISC	loss : 0.001020 ]	[ ADV	loss : 0.001591 ]
Generated sample: ['ttttttttttttttt', 'iiiiiiiiiiiiiip', 'innnnnnnnnnnnn', 'nnnnnnnnnnnnnni', 'ttttttttttttttt'] 
epoch 3	mini-batch 69	[ DISC	loss : 0.000587 ]	[ ADV	loss : 0.000510 ]
Generated sample: ['tttttttttttttt', '', 'iiiiiiiii55555h', 'yyynnnnnnnnnnnn', 'iiiiiiiiiiiiiii'] 
epoch 3	mini-batch 79	[ DISC	loss : 0.000801 ]	[ ADV	loss : 0.000648 ]
Generated sample: ['tttttttttttttt5', 'iiiiiiiiiiiiiif', 'nhhhhyyyyyyyyyy', 'tt55iiiiiiiiiii', 'tttttttttttttti'] 
epoch 3	mini-batch 89	[ DISC	loss : 0.003684 ]	[ ADV	loss : 0.000260 ]
Generated sample: ['hhhhhhhhhhhhhht', 'tttqqqtttttttti', 'hnnnnnnnnnnnnnp', 'b5555555555555r', 'tttttttttttttth'] 
epoch 3	mini-batch 99	[ DISC	loss : 0.000529 ]	[ ADV	loss : 0.000298 ]
Generated sample: ['99999999999999t', 'iiiiiiiiiiiiiiw', '', 'hhhhhhhhhhhhhhh', 'iiinnnnnnnnnnnb'] 
epoch 3	mini-batch 109	[ DISC	loss : 0.001023 ]	[ ADV	loss : 0.000502 ]
Generated sample: ['y3333333333333n', 'ccccccccccccccg', 'tttttttttttttti', '1', '55555000000000h'] 
epoch 3	mini-batch 119	[ DISC	loss : 0.000462 ]	[ ADV	loss : 0.000794 ]
Generated sample: ['ttttttttttttttt', 't', 'tttttttttttttti', 'tttttttttttttn', 'tttttttttttttt'] 
epoch 3	mini-batch 129	[ DISC	loss : 0.000929 ]	[ ADV	loss : 0.001304 ]
Generated sample: ['nnnnnnnnnnnnnnn', 'i9999999999999f', 'tttttttttttttt', 'ffffffffffffffn', 'ttttttttttttttt'] 
epoch 3	mini-batch 139	[ DISC	loss : 0.000755 ]	[ ADV	loss : 0.000588 ]
Generated sample: ['777----------', 'tttttttttttttti', 'ttnnnnnnnnnnntt', 'bbbbbbbbbffff', '5555555555i'] 
epoch 3	mini-batch 149	[ DISC	loss : 0.000675 ]	[ ADV	loss : 0.000661 ]
Generated sample: ['n5555', '11111111111111y', 'iiiiiiiiiiiiii', 'nnnnnnnnnnnnnz', 'ttttttttt'] 
epoch 3	mini-batch 159	[ DISC	loss : 0.000592 ]	[ ADV	loss : 0.000227 ]
Generated sample: ['innn99999999nni', 'i', 'tttttttttttttti', 'innnnnnnnnnnnn', 'iiiiiiiiiiiiii5'] 
epoch 3	mini-batch 169	[ DISC	loss : 0.000537 ]	[ ADV	loss : 0.001278 ]
Generated sample: ['i', 'ffffffffffffffi', 'nnnnhhhhhhhhhhr', 'tt5555tttttttti', 'tteeeeeeeeeeeeb'] 
epoch 3	mini-batch 179	[ DISC	loss : 0.000899 ]	[ ADV	loss : 0.000341 ]
Generated sample: ['tttttttttttttti', 'sssssss', 'tttttttttttttt', 'tttttttttt', '-oooooooooo'] 
epoch 3	mini-batch 189	[ DISC	loss : 0.000544 ]	[ ADV	loss : 0.000351 ]
Generated sample: ['', 'nnnnnnnnnnnnnnn', 'i', 'iiiinnnnnnnnnnn', 'bbbbbbbbbbbl'] 
epoch 3	mini-batch 199	[ DISC	loss : 0.000570 ]	[ ADV	loss : 0.000120 ]
Generated sample: ['ttttttttttttttt', 'nnnnnnnnnnnnnni', 'tt5555555555555', 'tttttt', '5'] 
epoch 3	mini-batch 209	[ DISC	loss : 0.003096 ]	[ ADV	loss : 0.000376 ]
Generated sample: ['5', 'iiiiiiiiiiiiii', 'nn5555555533335', 'tttttttttttttt', 'iiii'] 
Epoch is 4
Number of batches 216
epoch 4	mini-batch 9	[ DISC	loss : 0.000405 ]	[ ADV	loss : 0.000449 ]
Generated sample: ['ittttttttttttt', '-----------', 'fnnnnnnnnnnnnnt', '555555555555555', 'nnnnnnnnnnnnnnh'] 
epoch 4	mini-batch 19	[ DISC	loss : 0.001589 ]	[ ADV	loss : 0.000337 ]
Generated sample: ['tttttttttttttti', '', 'nnnnnnnnnnnnnn', 'iiiiiiiiiiiiii', 'aaaai'] 
epoch 4	mini-batch 29	[ DISC	loss : 0.000711 ]	[ ADV	loss : 0.000209 ]
Generated sample: ['nnnnnnnnnnnnnn', 'ttttttttttttttt', 'i', 't', 'etttttttttttttt'] 
epoch 4	mini-batch 39	[ DISC	loss : 0.000444 ]	[ ADV	loss : 0.000527 ]
Generated sample: ['dddddddddddddd5', 'b', '555555555555555', '9ffffffffffft', 'dccccccccccccci'] 
epoch 4	mini-batch 49	[ DISC	loss : 0.000657 ]	[ ADV	loss : 0.000928 ]
Generated sample: ['iiiiiiiiiiiiii', 'iiiiiiiiiiiiiii', 'p', 'innnnnnnnnnnnnn', 'tttttttttttttti'] 
epoch 4	mini-batch 59	[ DISC	loss : 0.000425 ]	[ ADV	loss : 0.000294 ]
Generated sample: ['iiiiiiiiiiiiii5', 'innnnnnnnnnnnn5', '55555555555i', '-------------', 'iiiihhhhhhhhhii'] 
epoch 4	mini-batch 69	[ DISC	loss : 0.000796 ]	[ ADV	loss : 0.000567 ]
Generated sample: ['', '', '11111111111111y', '', '99999999999999t'] 
epoch 4	mini-batch 79	[ DISC	loss : 0.000497 ]	[ ADV	loss : 0.000459 ]
Generated sample: ['', 'ddddd9999999995', '555tttttttttti', 'nnnnnnnnnnnnnnn', '5555555555555i'] 
epoch 4	mini-batch 89	[ DISC	loss : 0.000499 ]	[ ADV	loss : 0.000117 ]
Generated sample: ['55pppppppp5555t', 'nnrrrrrrrrrrrry', 'nnnnnnnnnnnnnnt', 'tttttttttttttti', 'teeeeeeeeeeeee'] 
epoch 4	mini-batch 99	[ DISC	loss : 0.000553 ]	[ ADV	loss : 0.000109 ]
Generated sample: ['ilbffffffffffff', 'ttiiiiiiiiiiiii', '00ffffffnnnnnnn', '', 'sssssssssssn'] 
epoch 4	mini-batch 109	[ DISC	loss : 0.000412 ]	[ ADV	loss : 0.000165 ]
Generated sample: ['nnnnnnnnn', 'tttttttttttttt', 'nnnnnnnnnnnnnni', 'iiiiiiiiiiiiiii', '55555555555555i'] 
epoch 4	mini-batch 119	[ DISC	loss : 0.000697 ]	[ ADV	loss : 0.000108 ]
Generated sample: ['ttttttttttttttt', 'ttttttttttttttr', 'iiiiiiiiiiiiiii', 'tttttttttttttti', 'ttttttttttttttt'] 
epoch 4	mini-batch 129	[ DISC	loss : 0.000659 ]	[ ADV	loss : 0.000668 ]
Generated sample: ['ttttttttttttttt', 'tiittttttttttt1', 'ttttttttttttttt', 'iiiiiiiiiii5555', 'nnnnnnnnnnnnnnn'] 
epoch 4	mini-batch 139	[ DISC	loss : 0.000398 ]	[ ADV	loss : 0.000841 ]
Generated sample: ['tttttttttttttth', 'r1111111111111i', 't', 'i', 'iiiiiiiiiiiiiit'] 
epoch 4	mini-batch 149	[ DISC	loss : 0.000397 ]	[ ADV	loss : 0.000294 ]
Generated sample: ['t22222222222221', 'h44', 'iiiiiiiiiiiiiii', 'tttttttttttti', '11111111111111'] 
epoch 4	mini-batch 159	[ DISC	loss : 0.000502 ]	[ ADV	loss : 0.000439 ]
Generated sample: ['iiittttttttttt', 'teeeetttttttttt', 'tttttttttttttti', 'tttttttttttttth', '5'] 
epoch 4	mini-batch 169	[ DISC	loss : 0.000464 ]	[ ADV	loss : 0.000188 ]
Generated sample: ['nnnnniihhhhhhhh', 'ihhhhhhhhhhhhhh', 'ii', 'tttttttttttttth', 'pppppppppppd'] 
epoch 4	mini-batch 179	[ DISC	loss : 0.000619 ]	[ ADV	loss : 0.000285 ]
Generated sample: ['itttttttttttttt', 't5555555iiiiiii', 'xcccccnnnnnnnnd', 'i', '355555555555555'] 
epoch 4	mini-batch 189	[ DISC	loss : 0.000541 ]	[ ADV	loss : 0.000476 ]
Generated sample: ['idddddddddddddi', 'tttttttttttttth', 'tt55555ddddddd', 'ttiiiiiiiiiiiii', 'tttttttttttttti'] 
epoch 4	mini-batch 199	[ DISC	loss : 0.000519 ]	[ ADV	loss : 0.000922 ]
Generated sample: ['iiiiiiiiiiiiii', 'iiiiiiiiiiiiiii', '55ttttttttttttt', 'nnnnggggggggggi', 'tttttttttttttt'] 
epoch 4	mini-batch 209	[ DISC	loss : 0.000503 ]	[ ADV	loss : 0.000461 ]
Generated sample: ['', 'ddddddddddddddi', '', 'nnnnnnnnnnnnn5', 'iiiiiiiiiiiiii5'] 
Epoch is 5
Number of batches 216
epoch 5	mini-batch 9	[ DISC	loss : 0.000216 ]	[ ADV	loss : 0.001060 ]
Generated sample: ['iiiiiiiiiiiiiii', 'tttttttttttttti', 'ttttttttttttttt', 'ttttttttttttttt', 't'] 
epoch 5	mini-batch 19	[ DISC	loss : 0.000537 ]	[ ADV	loss : 0.000393 ]
Generated sample: ['9p', 'eeeeeeeeeeeeer', 'tttttttti', 'n', 'tttttttttttttth'] 
epoch 5	mini-batch 29	[ DISC	loss : 0.000315 ]	[ ADV	loss : 0.001005 ]
Generated sample: ['nnnnnnnnnnnnnnt', 'nnnbbbbbbbbbbbi', 'ttiiiiiiiiddddi', 'iiiiiiiiiiiiiii', 'nnrrrrrrrrrrrrt'] 
epoch 5	mini-batch 39	[ DISC	loss : 0.000405 ]	[ ADV	loss : 0.000561 ]
Generated sample: ['------11111111h', 'hhhhhhhhhhhhhhn', 'tccnnnnnnnnnnni', 'btttttttttttttt', 'iiiiiiiiiiiiiin'] 
epoch 5	mini-batch 49	[ DISC	loss : 0.000372 ]	[ ADV	loss : 0.000452 ]
Generated sample: ['5ndddddddddddd', 'tttttttttttttti', '', '', 'tttttttttttttth'] 
epoch 5	mini-batch 59	[ DISC	loss : 0.000306 ]	[ ADV	loss : 0.001527 ]
Generated sample: ['ihhhhhhhhhhhhhi', 'tttttttttttttth', 'innnnnnnnnnnnn5', 'ddnnnnnnnnnnnnt', 'iiiiiiiiiiiiii'] 
epoch 5	mini-batch 69	[ DISC	loss : 0.000379 ]	[ ADV	loss : 0.000319 ]
Generated sample: ['ieeeeeeeeeeeeeb', 'ffffffffffffff', '', 'nnnnnnnnnnnnnn5', 'iiiiiiiiiiiiiic'] 
epoch 5	mini-batch 79	[ DISC	loss : 0.000287 ]	[ ADV	loss : 0.000751 ]
Generated sample: ['t1', 'iiiiiiib', 'iiiiiiii', 'ii', ''] 
epoch 5	mini-batch 89	[ DISC	loss : 0.000355 ]	[ ADV	loss : 0.000210 ]
Generated sample: ['tttttttttttttt', 'iiiiiiiiiiiiii5', 'hnnnnnnnnnnnnnf', 'iiiiiiiiiiiiii5', 'tpppppppppppppi'] 
epoch 5	mini-batch 99	[ DISC	loss : 0.000627 ]	[ ADV	loss : 0.003781 ]
Generated sample: ['iiiiiiiiiiiiiii', 'iiiiiiiiiiiiiii', 'tttttttttttttti', 'ttttttttttttttt', '55ttttttttt'] 
epoch 5	mini-batch 109	[ DISC	loss : 0.000470 ]	[ ADV	loss : 0.000150 ]
Generated sample: ['tttttttt555555i', '5', 'yyffffffffffffw', 'iiiiiiiiiiiiii', 'tttttttttttttti'] 
epoch 5	mini-batch 119	[ DISC	loss : 0.000459 ]	[ ADV	loss : 0.000719 ]
Generated sample: ['fnnnnnnnnnnnnnn', 'ffffnnnnnnnnnnn', 'ttiiiiiiiiiiiii', 'tttttttttttttti', '555555555ppppp'] 
epoch 5	mini-batch 129	[ DISC	loss : 0.000252 ]	[ ADV	loss : 0.000095 ]
Generated sample: ['000000', 'bbbbbbbbbbbbbi', '1', 'ttpppppppppppp5', 'tiiiiiiiiiiiiii'] 
epoch 5	mini-batch 139	[ DISC	loss : 0.000433 ]	[ ADV	loss : 0.000124 ]
Generated sample: ['nnnnnnnnnnnnnnn', 'tttttttttttttth', 'tttttttttttttti', 'f', ''] 
epoch 5	mini-batch 149	[ DISC	loss : 0.000351 ]	[ ADV	loss : 0.000198 ]
Generated sample: ['innnnnnnnnnnnnn', 'bbbbbbbbbbbbbbi', 'tttttttttttttti', 'e0tttttttttttti', 'innniiiiiiiiii5'] 
epoch 5	mini-batch 159	[ DISC	loss : 0.000564 ]	[ ADV	loss : 0.000043 ]
Generated sample: ['iiiiiiiiiiiiii5', '', 'hhhhhhhhhhnnnnf', 'e55tttttttttttn', 'hhhhhhhhhhhhhhh'] 
epoch 5	mini-batch 169	[ DISC	loss : 0.000373 ]	[ ADV	loss : 0.000197 ]
Generated sample: ['pppppppppppppph', 'ttttttttttttt', 'iiiiiiiiiiiiiin', 'nnnnnnnnnnnnnnn', 'sssnnnnnnnnnnnn'] 
epoch 5	mini-batch 179	[ DISC	loss : 0.000445 ]	[ ADV	loss : 0.000098 ]
Generated sample: ['ib', '11111111111111', 'ppppppppppppppn', 'nnnnnnnnnnnnnnt', 'tttttttttttttt'] 
epoch 5	mini-batch 189	[ DISC	loss : 0.000888 ]	[ ADV	loss : 0.000189 ]
Generated sample: ['t', 'nnnnnnnnnnnnnnn', 'ttttttttthhhhh', 'ttttttttttttttt', 't'] 
epoch 5	mini-batch 199	[ DISC	loss : 0.000957 ]	[ ADV	loss : 0.000618 ]
Generated sample: ['tttttttttttt', 'ttttttttttttttt', 'ttttttttttt', 'n', 'itttttttttttttt'] 
epoch 5	mini-batch 209	[ DISC	loss : 0.000301 ]	[ ADV	loss : 0.000215 ]
Generated sample: ['tttttttttttttth', 'hhhhhhhhhhhhhht', 'q1111111111111t', 'ipppppppppppppi', 'ffffffnnnnnnnnr'] 
Epoch is 6
Number of batches 216
epoch 6	mini-batch 9	[ DISC	loss : 0.000334 ]	[ ADV	loss : 0.000219 ]
Generated sample: ['', '99rrrrrrrrrrrrt', 'tttttttttttttth', 'iiiiiiiiiiiiii', 'uhnnnnnnnnnnnnn'] 
epoch 6	mini-batch 19	[ DISC	loss : 0.000224 ]	[ ADV	loss : 0.000724 ]
Generated sample: ['', 'iiiiiiiiiiiiiih', 'b', '555555555555555', ''] 
epoch 6	mini-batch 29	[ DISC	loss : 0.000307 ]	[ ADV	loss : 0.000211 ]
Generated sample: ['iiiiiiiiiiiiii', 'ttttttttttttttt', '5ttttttttttttti', 'bnnnnnnnnnnnnni', 'nnnnnnnnnnnnnnn'] 
epoch 6	mini-batch 39	[ DISC	loss : 0.000364 ]	[ ADV	loss : 0.000272 ]
Generated sample: ['tttttttttttttt', 'bbbbbbbbbbbbbbn', 'i55tttttttttttt', 'i', 'nddddddddddddd'] 
epoch 6	mini-batch 49	[ DISC	loss : 0.000420 ]	[ ADV	loss : 0.000016 ]
Generated sample: ['eeeeeeeeeeeeeer', 'iiiiiiiiiiiiiii', 'iiiiiiiiiiiiiit', 'tvvvvvvvvvvvvh', 'ttttttttttttttt'] 
epoch 6	mini-batch 59	[ DISC	loss : 0.000330 ]	[ ADV	loss : 0.000147 ]
Generated sample: ['cccccnnnnnnnni', 'innnnnnnnnnni', 'hhffffffffffffh', 'nnnnnnnnnnnnnnn', 'tttttttttttttti'] 
epoch 6	mini-batch 69	[ DISC	loss : 0.000248 ]	[ ADV	loss : 0.000137 ]
Generated sample: ['1mmttttuuuuuuut', '5twwwwwwwwwwwww', 'nnnnnnnnnnnnnn', 'eeeeeeeeeeeeee5', 'iinnnnnnnnnnnnf'] 
epoch 6	mini-batch 79	[ DISC	loss : 0.000258 ]	[ ADV	loss : 0.000188 ]
Generated sample: ['ttttttttttttttt', 'iiiiiiiiiiiiiii', 'aaaaaaaaap', 'iiiiiiiiiiiiiii', 'nnnnnnnnnnnnnnn'] 
epoch 6	mini-batch 89	[ DISC	loss : 0.000258 ]	[ ADV	loss : 0.000270 ]
Generated sample: ['9e777777777777t', 'i1nnnnnnnnnnnnn', 'ccccpppppppppp5', 'tttttttttttttt', 'tttttttttttttti'] 
epoch 6	mini-batch 99	[ DISC	loss : 0.000203 ]	[ ADV	loss : 0.000084 ]
Generated sample: ['rtttt', 'ttttttttttttttt', 't5555555555555', '5', 'iiiiiiiiiiiiiii'] 
epoch 6	mini-batch 109	[ DISC	loss : 0.000967 ]	[ ADV	loss : 0.000060 ]
Generated sample: ['nnnhhhhhhhhhhhh', '', 'tttttttttttttti', 'iiiiiiiiiiiiiii', 'iitt'] 
epoch 6	mini-batch 119	[ DISC	loss : 0.000333 ]	[ ADV	loss : 0.000132 ]
Generated sample: ['1nnnnnnnnnnnnnn', 'ppppppppppppppt', 'hhhhhhhhhhhhhh', '55555555555555', 'ib'] 
epoch 6	mini-batch 129	[ DISC	loss : 0.000421 ]	[ ADV	loss : 0.000327 ]
Generated sample: ['ttttttttttttttt', 'ttttttttttttttt', 'fftttttttttt', 'ffffn', '55555555555555v'] 
epoch 6	mini-batch 139	[ DISC	loss : 0.119110 ]	[ ADV	loss : 0.000995 ]
Generated sample: ['tttttttttttttti', 'hhhhhhhhhhhhhh', 'tttttttttttttti', 'tttttttttttt', 't'] 
epoch 6	mini-batch 149	[ DISC	loss : 0.086175 ]	[ ADV	loss : 0.000633 ]
Generated sample: ['tttttttttttttt', '5', 'ttttttttttttttt', 'tttttttttttttti', '----ddddddddddf'] 
epoch 6	mini-batch 159	[ DISC	loss : 0.000353 ]	[ ADV	loss : 0.001079 ]
Generated sample: ['iiiiiiiiiiiiiit', '5', 'tttthhhhhhhhhhn', 'ttttttttttttttt', 'ttttttttttttt'] 
epoch 6	mini-batch 169	[ DISC	loss : 0.000519 ]	[ ADV	loss : 0.000054 ]
Generated sample: ['iiiiiiiiiiiiiii', 'ttyyyyyyyyyyyyh', 't', 'i', 'ynnnnnhhhhhhhhi'] 
epoch 6	mini-batch 179	[ DISC	loss : 0.000242 ]	[ ADV	loss : 0.000882 ]
Generated sample: ['fffffffffffffff', '', 'ttttttttttttttt', 'tddnnnnnnnddddv', 'ttttttiiiiiiiit'] 
epoch 6	mini-batch 189	[ DISC	loss : 0.000241 ]	[ ADV	loss : 0.000681 ]
Generated sample: ['5tynnnnnnnnnnn', '', 'tttttttttttttth', 'rrrttttttttttt', 'tttttttttttttti'] 
epoch 6	mini-batch 199	[ DISC	loss : 0.000370 ]	[ ADV	loss : 0.000771 ]
Generated sample: ['ddddddddddddddt', 'ttttttttttttttt', 'ihhhnnnfffffff', 'ttttttttttttttt', 'efffffffffffffy'] 
epoch 6	mini-batch 209	[ DISC	loss : 0.000396 ]	[ ADV	loss : 0.000061 ]
Generated sample: ['ihhhhhhhhhhhhhn', 'tttttttttttttt', 'iiiiiiiiiiittti', 'iiiiiiiiiiiiiii', 'ttttttttttttttt'] 
Epoch is 7
Number of batches 216
epoch 7	mini-batch 9	[ DISC	loss : 0.000414 ]	[ ADV	loss : 0.000029 ]
Generated sample: ['', 'whhiiiiiiiiiiii', 'ttttttttttttttt', 't', ''] 
epoch 7	mini-batch 19	[ DISC	loss : 0.000540 ]	[ ADV	loss : 0.000078 ]
Generated sample: ['nnnnnnnnnnnnnn5', '11111111111111h', 'tttttttttttttti', 'tttttttttttttti', 'n55555555555555'] 
epoch 7	mini-batch 29	[ DISC	loss : 0.000636 ]	[ ADV	loss : 0.000157 ]
Generated sample: ['', '99999999999995', '55555555555', 'iiiiiiiiiiiiiii', ''] 
epoch 7	mini-batch 39	[ DISC	loss : 0.000334 ]	[ ADV	loss : 0.000043 ]
Generated sample: ['iiiiiiiiiiiiii', 'ttttttttttttttt', 'ttti', 'iiiiiiiiiiiiii', 'iiiiiiiiiiiiiin'] 
epoch 7	mini-batch 49	[ DISC	loss : 0.000727 ]	[ ADV	loss : 0.000198 ]
Generated sample: ['iii', '9999f', 'tttttttttttttti', '', 'iiiiiiiiiiiiiit'] 
epoch 7	mini-batch 59	[ DISC	loss : 0.000367 ]	[ ADV	loss : 0.000296 ]
Generated sample: ['ttttttttttttttt', 'innnnnnnniiiiin', '55555555', 't', 'pppppppppppdddd'] 
epoch 7	mini-batch 69	[ DISC	loss : 0.000256 ]	[ ADV	loss : 0.002675 ]
Generated sample: ['ttttttttttt', 'iiiiiiiiiiiiiii', 'f5', 'ttttttttttttttt', '7nnppppppppppp'] 
epoch 7	mini-batch 79	[ DISC	loss : 0.000251 ]	[ ADV	loss : 0.000219 ]
Generated sample: ['i5', 'tttttttttttttt', '', '', 'i'] 
epoch 7	mini-batch 89	[ DISC	loss : 0.000370 ]	[ ADV	loss : 0.000154 ]
Generated sample: ['thhhhhtttttttti', 'tttttttttttttth', 'ssssssssssssssi', 'ttttttttttttttt', '55555555555555i'] 
epoch 7	mini-batch 99	[ DISC	loss : 0.000485 ]	[ ADV	loss : 0.000255 ]
Generated sample: ['', 't', 'ifffffffffff', 'ttttttttttttttt', 'ggggggggggggggt'] 
epoch 7	mini-batch 109	[ DISC	loss : 0.000595 ]	[ ADV	loss : 0.000128 ]
Generated sample: ['ti', 'ttttttttttttttt', 'ibbbbbbbbbbbbb5', 'ttttttttttttttt', 'iiiiiiiiiiiiiii'] 
epoch 7	mini-batch 119	[ DISC	loss : 0.000224 ]	[ ADV	loss : 0.000600 ]
Generated sample: ['tttttttttttttt', 'tttttttttttttti', 'tttttttttttttti', 'tppppppppppppp5', 'eeeeeeedddddddd'] 
epoch 7	mini-batch 129	[ DISC	loss : 0.000450 ]	[ ADV	loss : 0.000213 ]
Generated sample: ['ennnnnnnnnnnnn5', 'a', 'q', '55555555555555n', 'ffffffffffffft'] 
epoch 7	mini-batch 139	[ DISC	loss : 0.000299 ]	[ ADV	loss : 0.000083 ]
Generated sample: ['iiiiiiiiiiiiiii', 'tttttttttttttti', 't', 'nnnnnnnnnnnnnnt', 'iiiiiiiiiiiiiii'] 
epoch 7	mini-batch 149	[ DISC	loss : 0.000459 ]	[ ADV	loss : 0.000036 ]
Generated sample: ['iiiiiiiiiiiiii', '', '55555555555555', 'ttttttttttttttt', '5'] 
epoch 7	mini-batch 159	[ DISC	loss : 0.000245 ]	[ ADV	loss : 0.000095 ]
Generated sample: ['ttttttvvvvvvvvt', 'f', 'ssssssssssssssi', 'tteeeeeeeeeeeed', 'tttttffffffff-'] 
epoch 7	mini-batch 169	[ DISC	loss : 0.000230 ]	[ ADV	loss : 0.000062 ]
Generated sample: ['ttttnnnnnnnnnnn', 'ii', 'iii999999999995', 'ddddddddddddddd', 'iiiiiiiiiiiiin'] 
epoch 7	mini-batch 179	[ DISC	loss : 0.000604 ]	[ ADV	loss : 0.000140 ]
Generated sample: ['', 'iiiiiiiiiiiiiii', 'ihhhhhhhhhhhhhh', 'ttttttttttttttt', 'nnnnnnnnnnnnnnt'] 
epoch 7	mini-batch 189	[ DISC	loss : 0.000233 ]	[ ADV	loss : 0.000150 ]
Generated sample: ['5555iiiiiiiiii5', 'tttttttttttttti', 'iibnnnnnnnnnnnn', '55555555555555', 'iiiiiiiiiiiiii'] 
epoch 7	mini-batch 199	[ DISC	loss : 0.000348 ]	[ ADV	loss : 0.000046 ]
Generated sample: ['ppppppppppppppp', 'iiiiiiiiiiiiii', '555555555555555', 'tttttttttttttti', 'iiiiiiiiiiiiiii'] 
epoch 7	mini-batch 209	[ DISC	loss : 0.000547 ]	[ ADV	loss : 0.000379 ]
Generated sample: ['', 'tttttttttttttti', 'iiiilllllllllb', 'iiiiitttttttttt', '5555555555555w'] 
Epoch is 8
Number of batches 216
epoch 8	mini-batch 9	[ DISC	loss : 0.000257 ]	[ ADV	loss : 0.000126 ]
Generated sample: ['ttttttttttttttt', 'ttttttttttttttp', 'iiiiiiiiil', 'hhhhhhhhhhhhhf', 'i5'] 
epoch 8	mini-batch 19	[ DISC	loss : 0.000291 ]	[ ADV	loss : 0.000226 ]
Generated sample: ['i', 'pppp5555555555p', 'ttttthhhhhhhhht', 'nnnnnnnnnnnnnnn', 'iiiiiiiiiiiiiii'] 
epoch 8	mini-batch 29	[ DISC	loss : 0.000542 ]	[ ADV	loss : 0.000197 ]
Generated sample: ['llllllllllllf', 'tt', 'b9999999999999t', 'tttttttttttttt', 'ttttttttttttttw'] 
epoch 8	mini-batch 39	[ DISC	loss : 0.000328 ]	[ ADV	loss : 0.000048 ]
Generated sample: ['fhhtttttttttttt', '55555555555555t', 'iiiiiiiiiiiiiii', 'tthhhhhhhhhhhht', 'tttttttttttttth'] 
epoch 8	mini-batch 49	[ DISC	loss : 0.000166 ]	[ ADV	loss : 0.000118 ]
Generated sample: ['itttttttttttttt', 'nnnnnnnnnnnnn5', 'nnnnnnnnnnnnnn', '--------------n', 'tttttttttttttti'] 
epoch 8	mini-batch 59	[ DISC	loss : 0.000241 ]	[ ADV	loss : 0.001006 ]
Generated sample: ['tttttttttttttti', 'innnnnnnnnnnnnn', 'yyyytttttttttb', '', 'cchhhhhhhhhhhhh'] 
epoch 8	mini-batch 69	[ DISC	loss : 0.000263 ]	[ ADV	loss : 0.000174 ]
Generated sample: ['', '', 'ppppppppppppppt', 'ttttttttt', 'iiiiiiiiiiiiiii'] 
epoch 8	mini-batch 79	[ DISC	loss : 0.000231 ]	[ ADV	loss : 0.000311 ]
Generated sample: ['0000t', '00ppppppppppppi', 'iiiiiiiiiiiiii5', 'ttttttttttttttt', ''] 
epoch 8	mini-batch 89	[ DISC	loss : 0.000342 ]	[ ADV	loss : 0.000137 ]
Generated sample: ['iiiiiiiiiiiiiih', '99999999999999t', 't', 't', ''] 
epoch 8	mini-batch 99	[ DISC	loss : 0.000304 ]	[ ADV	loss : 0.000242 ]
Generated sample: ['1qppssssssssssp', 'tttttttttttttti', 'i', '', ''] 
epoch 8	mini-batch 109	[ DISC	loss : 0.000618 ]	[ ADV	loss : 0.000129 ]
Generated sample: ['tttttttttttttth', '', '', 'nnnnnnnnnnnnnn', ''] 
epoch 8	mini-batch 119	[ DISC	loss : 0.000252 ]	[ ADV	loss : 0.000163 ]
Generated sample: ['tttttttttttttth', 'ttttttttttttttt', 'ttttttttttttttt', 'ttttttttttttttt', 'nnnnnnnnnnnnnn5'] 
epoch 8	mini-batch 129	[ DISC	loss : 0.000238 ]	[ ADV	loss : 0.000067 ]
Generated sample: ['ffff', '', 'eiiiiiiiiiiiii5', 'innnnnnnnnnnnnb', 'tttttttttttttti'] 
epoch 8	mini-batch 139	[ DISC	loss : 0.000222 ]	[ ADV	loss : 0.000158 ]
Generated sample: ['n', '', 'iiiiiiiiiiiiiih', 'tttttttttttttti', 'nnnnnnnnnnnnnnn'] 
epoch 8	mini-batch 149	[ DISC	loss : 0.000373 ]	[ ADV	loss : 0.000233 ]
Generated sample: ['tnnnnnnnnnnnnn5', 'tttttttttttttti', 'ppppppppppppppt', '5tttt555555555i', 'ttttttttttttttt'] 
epoch 8	mini-batch 159	[ DISC	loss : 0.000158 ]	[ ADV	loss : 0.000141 ]
Generated sample: ['1111hhhhhhhhhhi', 't', 'l', 'tttttttttttttt', 'nnnnnnnnnnnnnn'] 
epoch 8	mini-batch 169	[ DISC	loss : 0.000202 ]	[ ADV	loss : 0.000062 ]
Generated sample: ['5555', 'bbbbbb', 'iiiiiiiiiiiiiii', 'll5ttttttttttt5', '0000ppppppppppi'] 
epoch 8	mini-batch 179	[ DISC	loss : 0.000143 ]	[ ADV	loss : 0.000067 ]
Generated sample: ['ttttttttttttttt', 'iiiiiiiiiiiiii', '', '', 'byffffffffffffn'] 
epoch 8	mini-batch 189	[ DISC	loss : 0.000303 ]	[ ADV	loss : 0.000107 ]
Generated sample: ['iiiiiiiiiiiiiih', 'dddppppppppppp', 'ii5555555555555', 'i5555555555555i', 'iiiiiiiiiiiiiii'] 
epoch 8	mini-batch 199	[ DISC	loss : 0.000217 ]	[ ADV	loss : 0.000022 ]
Generated sample: ['iiiiiiiiiiiiiii', '', '5t', '', 't'] 
epoch 8	mini-batch 209	[ DISC	loss : 0.000276 ]	[ ADV	loss : 0.000096 ]
Generated sample: ['', 'iiiiiiiiiinnnnr', '9cp', '99999999999999e', 'pdddddddddddddt'] 
Epoch is 9
Number of batches 216
epoch 9	mini-batch 9	[ DISC	loss : 0.000330 ]	[ ADV	loss : 0.000071 ]
Generated sample: ['ttttttttttttttt', '', 'tttttttttttttti', 'ttttttttttt', ''] 
epoch 9	mini-batch 19	[ DISC	loss : 0.000614 ]	[ ADV	loss : 0.000147 ]
Generated sample: ['55555555555555', 'tnnnnnnnnnnnnnh', 'tttttttttttttti', '55555555555555l', 'iiiiiiiiiiiiiii'] 
epoch 9	mini-batch 29	[ DISC	loss : 0.000167 ]	[ ADV	loss : 0.000078 ]
Generated sample: ['ttttttttttttttt', 'tttttttttttttti', 'pppppttttttttt5', 'ttttttttttttttt', 'hnnnnnnnnnnnnnn'] 
epoch 9	mini-batch 39	[ DISC	loss : 0.000252 ]	[ ADV	loss : 0.000077 ]
Generated sample: ['tt9999tttttttth', 'innn55555555555', '', 'b', 'hhhhhhhhhhhhhy'] 
epoch 9	mini-batch 49	[ DISC	loss : 0.000114 ]	[ ADV	loss : 0.000145 ]
Generated sample: ['222ff11111i', 'hhttttthhhhhhht', '11111111111111i', 'ttttttttttttttt', 'tttttttttttttth'] 
epoch 9	mini-batch 59	[ DISC	loss : 0.000136 ]	[ ADV	loss : 0.000261 ]
Generated sample: ['nnnnnnnnnnnnnnn', 'tttttttttttttti', 'r', 'hhhffffffffffff', 'yyyyyyyyyyyy'] 
epoch 9	mini-batch 69	[ DISC	loss : 0.000335 ]	[ ADV	loss : 0.001066 ]
Generated sample: ['ttttttttttttttt', 'tiiiiiiiiitttt', 'iiiiiiiiiiiiiii', 'tttttttttttttth', 'pttttttttttttt'] 
epoch 9	mini-batch 79	[ DISC	loss : 0.000240 ]	[ ADV	loss : 0.001258 ]
Generated sample: ['ttttttttttttttt', 'hhhhhhhhhhhhhh', 'nnnnnnnnnnnnnni', 'iiiiiiiiiiiiiib', 'innnnnnnnnnnnnn'] 
epoch 9	mini-batch 89	[ DISC	loss : 0.000206 ]	[ ADV	loss : 0.000049 ]
Generated sample: ['ttttttttttttttt', 'iiiiiiiiiiiiiih', 'hhhhhhhhhhhhhhn', '99999999999999h', 'oooooooooon'] 
epoch 9	mini-batch 99	[ DISC	loss : 0.062689 ]	[ ADV	loss : 0.001380 ]
Generated sample: ['tttttttttttttt', 'iiiiiiiiiiiiii', '5ttttttttttttt', 'ffffffffffffn', 'ttttttttttttttt'] 
epoch 9	mini-batch 109	[ DISC	loss : 0.000123 ]	[ ADV	loss : 0.000329 ]
Generated sample: ['ttttttttttttttt', 'nnnnnnnhhhhhhh', 'nffffffffffffff', '55555555555555t', 'tttttttttttttti'] 
epoch 9	mini-batch 119	[ DISC	loss : 0.000137 ]	[ ADV	loss : 0.000359 ]
Generated sample: ['55555555555555', '', '55555555555555', 'iiiiiiiiiiiiii', 'fffttttttttttty'] 
epoch 9	mini-batch 129	[ DISC	loss : 0.000225 ]	[ ADV	loss : 0.000290 ]
Generated sample: ['nnnnnnnnnnnnnnn', '5', 'i', '55555555555555i', 'y'] 
epoch 9	mini-batch 139	[ DISC	loss : 0.000243 ]	[ ADV	loss : 0.000344 ]
Generated sample: ['ttttttttttttttt', 't55555555555555', 'biiiiiiiiiiiiii', 'ttttttt', ''] 
epoch 9	mini-batch 149	[ DISC	loss : 0.000136 ]	[ ADV	loss : 0.000345 ]
Generated sample: ['tttttttttttttti', 'hhhhhhhhhhhhhhh', 'ttcccccccccccct', '', 'yyyyyyyyyyyyyt'] 
epoch 9	mini-batch 159	[ DISC	loss : 0.000142 ]	[ ADV	loss : 0.000155 ]
Generated sample: ['9999999999995', 't------hhhhhhhh', 'tttttttttttttth', 'ttttttttttttttt', ''] 
epoch 9	mini-batch 169	[ DISC	loss : 0.006936 ]	[ ADV	loss : 0.000086 ]
Generated sample: ['ttthhhhhhhhhhhh', 'iiiiiiiiiiiiii-', 'hooooooooooooo', 'tttttttttttttti', 'eiiiiiiiiiiiiii'] 
epoch 9	mini-batch 179	[ DISC	loss : 0.000276 ]	[ ADV	loss : 0.000159 ]
Generated sample: ['pppppppppppppi', '', 'iiiiiiiiiiiiiii', '', 'iiiiiiiiiiiiiii'] 
epoch 9	mini-batch 189	[ DISC	loss : 0.000234 ]	[ ADV	loss : 0.000077 ]
Generated sample: ['coooooooonnnnnt', 'hhhhhhhhhhhhhhn', 'nnnnnnnnnnnnnnt', 'iii555555555555', 'diiiiiiiiiiiii'] 
epoch 9	mini-batch 199	[ DISC	loss : 0.000259 ]	[ ADV	loss : 0.000055 ]
Generated sample: ['biiiiiiiiiiiiii', '55555555555555i', '555f555555ffffb', 't', 'tttttttttttttth'] 
epoch 9	mini-batch 209	[ DISC	loss : 0.000110 ]	[ ADV	loss : 0.000160 ]
Generated sample: ['ttttttttttttttt', 'tttttttttttttt5', 'o-----ooooooooi', 'h', 'ttttttttttttttt'] 
Epoch is 10
Number of batches 216
epoch 10	mini-batch 9	[ DISC	loss : 0.000213 ]	[ ADV	loss : 0.000181 ]
Generated sample: ['55555555555555', 'iiiiiiiiiiiiiii', 'ttttttttttttttt', '55555555555555', 't'] 
epoch 10	mini-batch 19	[ DISC	loss : 0.000182 ]	[ ADV	loss : 0.000050 ]
Generated sample: ['tbbbbbbbbbbbbb', 'dttttttttttttth', '', '-------eeeeeeei', 'nnnnnnnnnnnnnnn'] 
epoch 10	mini-batch 29	[ DISC	loss : 0.019120 ]	[ ADV	loss : 0.001484 ]
Generated sample: ['thiiiiiiiiiiiii', '', 'nnnnnnnnnnnnnnn', '', 'llllllllllll5'] 
epoch 10	mini-batch 39	[ DISC	loss : 0.000222 ]	[ ADV	loss : 0.001865 ]
Generated sample: ['iihhhhhhhhhhhhh', 'ttttttttttttttt', 'ttthiiiiiiiiiih', 'eiiiiiiiiiiiiii', 'tteeeeeeeeeeeet'] 
epoch 10	mini-batch 49	[ DISC	loss : 0.000558 ]	[ ADV	loss : 0.000040 ]
Generated sample: ['eooooottttttttt', '55555555555555', 'hhhhhhhhhhhhhhi', 'iiiiiiiiiiiiii', 'iii5'] 
epoch 10	mini-batch 59	[ DISC	loss : 0.000411 ]	[ ADV	loss : 0.000185 ]
Generated sample: ['iiiiiiiiiiiiiib', 'iiiiiiiiiiiiii', '', 'ibbbbbbbbbb999', 'ffffffn'] 
epoch 10	mini-batch 69	[ DISC	loss : 0.000423 ]	[ ADV	loss : 0.000076 ]
Generated sample: ['5', 'ddddddddddddded', '5nnnnnnnnnnn5', 'ttttttttt', 'iiiiiiiiiiiiiif'] 
epoch 10	mini-batch 79	[ DISC	loss : 0.000241 ]	[ ADV	loss : 0.000309 ]
Generated sample: ['5', 'iiiiiiiihhhhhhh', '', 'i', 'tttthhhhhhh'] 
epoch 10	mini-batch 89	[ DISC	loss : 0.000117 ]	[ ADV	loss : 0.000199 ]
Generated sample: ['ttttttttttttttt', 'iiii55555555555', 'iiiiiiibbbbbbb', 'i', 'innnnnnnnnnnnn'] 
epoch 10	mini-batch 99	[ DISC	loss : 0.000118 ]	[ ADV	loss : 0.001000 ]
Generated sample: ['ieeiiiiiiiiiii', 'i', '', 'hfffffffffffffi', ''] 
epoch 10	mini-batch 109	[ DISC	loss : 0.000160 ]	[ ADV	loss : 0.002766 ]
Generated sample: ['ttttttttttiiiih', '', 'iii5', 'tttttttttttttt', 'ttttttttttttttt'] 
epoch 10	mini-batch 119	[ DISC	loss : 0.000122 ]	[ ADV	loss : 0.002569 ]
Generated sample: ['di', 'b', 'hhhhhhhhhhhhhhh', 'iiiiiiiiiiiiiii', 'nnnnnnnnnnnnnnh'] 
epoch 10	mini-batch 129	[ DISC	loss : 0.000104 ]	[ ADV	loss : 0.001220 ]
Generated sample: ['', '', 'hhhhhhhhhhhhhh', 'ttttttttttttttt', '5'] 
epoch 10	mini-batch 139	[ DISC	loss : 0.000114 ]	[ ADV	loss : 0.002090 ]
Generated sample: ['ttttttttttttttt', '', 'tttttttttttttth', '', 'iiiiiiiiiiiiiii'] 
epoch 10	mini-batch 149	[ DISC	loss : 0.000297 ]	[ ADV	loss : 0.000428 ]
Generated sample: ['bbbffffffffffff', 'hhhhhhhhhhhhhhb', 'tetttttttttttti', 'ihhhhhhhhhhhhhh', 'iiiiiiiiiiiiiib'] 
epoch 10	mini-batch 159	[ DISC	loss : 0.000113 ]	[ ADV	loss : 0.000103 ]
Generated sample: ['', 'iiiiiiiiiiiiiii', 'tttttttttt', 'tttttttttttttt', 'ttttttttttttttt'] 
epoch 10	mini-batch 169	[ DISC	loss : 0.000956 ]	[ ADV	loss : 0.000322 ]
Generated sample: ['tttttttttttttt', 'dnnnnnnnnnnnnnn', '5', 'innnnnnnnnnnnn', 'innnnnnnnnnnnn'] 
epoch 10	mini-batch 179	[ DISC	loss : 0.000169 ]	[ ADV	loss : 0.000384 ]
Generated sample: ['nnnnnnnnnnnnnnn', '55nnnnnniiiiiit', '', 'ttttttttttttttt', 'tttttttttttttti'] 
epoch 10	mini-batch 189	[ DISC	loss : 0.000191 ]	[ ADV	loss : 0.006158 ]
Generated sample: ['55555555555555', 'iiiiiiiiiiiiiii', '', '', '55555555555555i'] 
epoch 10	mini-batch 199	[ DISC	loss : 0.000271 ]	[ ADV	loss : 0.000261 ]
Generated sample: ['ihhhhhhhhhhhhhi', 'iiiiiiiiiiiiiii', 'iiiiiiiiiiiiiii', '5', 'ttttttttttttttd'] 
epoch 10	mini-batch 209	[ DISC	loss : 0.036929 ]	[ ADV	loss : 0.000291 ]
Generated sample: ['999t5', 'ib', 'innn', 'beeeeeeeeeeeeee', 'iiiiiiiiiiiiiii'] 
Epoch is 11
Number of batches 216
epoch 11	mini-batch 9	[ DISC	loss : 0.000285 ]	[ ADV	loss : 0.000983 ]
Generated sample: ['nnnnnnnnnnnnnnh', 'ttttttttttttttt', '', 'tttttttttttttti', ''] 
epoch 11	mini-batch 19	[ DISC	loss : 0.000178 ]	[ ADV	loss : 0.000224 ]
Generated sample: ['ddttttttttttttp', 'iiiinnnnnnnnnnn', 'bbbbbbbbbbbbiib', 'eeeeeeeeeeeeeed', 'ttttttttttttttt'] 
epoch 11	mini-batch 29	[ DISC	loss : 0.001475 ]	[ ADV	loss : 0.000072 ]
Generated sample: ['ttttttttttttttt', 'ttnnnnnnnnnnnni', 'itttttttttttttt', 'iiittttttttttti', 'innnnnnnnnnnnnh'] 
epoch 11	mini-batch 39	[ DISC	loss : 0.000065 ]	[ ADV	loss : 0.000185 ]
Generated sample: ['tttttttttttttti', 'ddddddddddddddi', '', '', ''] 
epoch 11	mini-batch 49	[ DISC	loss : 0.000108 ]	[ ADV	loss : 0.005155 ]
Generated sample: ['', 'tttttttttttttti', 'iiiiiiiiiiiiiii', 'ttttttttttttttt', 'iiiiinnnnnnnnn'] 
epoch 11	mini-batch 59	[ DISC	loss : 0.000588 ]	[ ADV	loss : 0.002032 ]
Generated sample: ['', 'f', 'innnnnnnnnnnnnn', 'tttttttttttttt1', 'iiiiiiiiiiiiiit'] 
epoch 11	mini-batch 69	[ DISC	loss : 0.000151 ]	[ ADV	loss : 0.000383 ]
Generated sample: ['iiiiiiiiiiiiiii', 'ddd5', 'hhhhhhhhhhhhhht', 'iiittttttttttti', 'itttttttttttttt'] 
epoch 11	mini-batch 79	[ DISC	loss : 0.000188 ]	[ ADV	loss : 0.002052 ]
Generated sample: ['5', 'ttttttttttttttt', 'ttttttttttttttt', 'ttttttttttttttt', 'tttttttttttttt'] 
epoch 11	mini-batch 89	[ DISC	loss : 0.016472 ]	[ ADV	loss : 0.018254 ]
Generated sample: ['ttttttttttttttt', 'i', 'hhhhhhhhhhhhhhi', '-i', 'iiiiiiiiiiiiii'] 
epoch 11	mini-batch 99	[ DISC	loss : 0.000275 ]	[ ADV	loss : 0.000540 ]
Generated sample: ['tttttttttttttti', 'cccccccc5', 'nnnniiiiiiiiiii', 'eeeeeeeeeeeeeeh', 'nnnnnnnnnnnnnn'] 
epoch 11	mini-batch 109	[ DISC	loss : 0.000185 ]	[ ADV	loss : 0.000365 ]
Generated sample: ['thhhhhhhhhhhhhh', 't55eeeeeeee555e', 'ibbbbbbbbbbbbb', 'iiiiiiinnnnnnnn', 'nnnnnnnnnnnnnnh'] 
epoch 11	mini-batch 119	[ DISC	loss : 0.000432 ]	[ ADV	loss : 0.001223 ]
Generated sample: ['h', 'iiiiiiiiiiiiii', '', 'iiiiiiiii', 't'] 
epoch 11	mini-batch 129	[ DISC	loss : 0.000250 ]	[ ADV	loss : 0.000975 ]
Generated sample: ['iiiiiiiiiiiiii', 'tttttttttttttt', 'hh', 'innnnnnnnnnnnnn', 'nnnnnnnnnnnnnnn'] 
epoch 11	mini-batch 139	[ DISC	loss : 0.000160 ]	[ ADV	loss : 0.000550 ]
Generated sample: ['', 'nnnnbbbbbbbbbb', 'iiibbbbbbbbbbbb', 'etttttttttttttt', ''] 
epoch 11	mini-batch 149	[ DISC	loss : 0.000305 ]	[ ADV	loss : 0.000487 ]
Generated sample: ['iiiiiiiiiiiiiit', '55555555555555', 'tttttttttttttti', 'innnnnnnnnnnnnh', 'iiiiiiiiiiiiiii'] 
epoch 11	mini-batch 159	[ DISC	loss : 0.000355 ]	[ ADV	loss : 0.000058 ]
Generated sample: ['ttttttttttttttt', '55555555555555i', 'iiiiiiiiiiiiii', 'eetttttttttttet', '5nnnnnnin'] 
epoch 11	mini-batch 169	[ DISC	loss : 0.000147 ]	[ ADV	loss : 0.001124 ]
Generated sample: ['', 'iiiiiiiiiiiiiit', 'ddddddddddddddh', '5eeeeeeennnnnni', 'ttttttttttttttt'] 
epoch 11	mini-batch 179	[ DISC	loss : 0.000121 ]	[ ADV	loss : 0.000999 ]
Generated sample: ['itttttthhhhhhhh', 'hiiiiiiiiiiiiii', 'hhhhhhhhhhhhhhn', 'tttttttttttttt9', 'nnnnnnnnnnnnnnt'] 
epoch 11	mini-batch 189	[ DISC	loss : 0.000111 ]	[ ADV	loss : 0.001650 ]
Generated sample: ['iiiiiiiiiiiiii', '', 'iiiiiiiiiiiiiin', 'iiiiiiiiiiiiiii', ''] 
epoch 11	mini-batch 199	[ DISC	loss : 0.000220 ]	[ ADV	loss : 0.002070 ]
Generated sample: ['tttttttttt', 'tttttttttttttth', 'nnnnnnnnnnnnnnn', '', '77nnn777777777n'] 
epoch 11	mini-batch 209	[ DISC	loss : 0.000250 ]	[ ADV	loss : 0.000367 ]
Generated sample: ['ddddddddddddddd', 'bbbbbbbbbbbbbbb', '', 'nnnnnnnnnnnnnn', 'ffffffffffffffn'] 
Epoch is 12
Number of batches 216
epoch 12	mini-batch 9	[ DISC	loss : 0.000111 ]	[ ADV	loss : 0.000080 ]
Generated sample: ['i', 'iiiiiiiiiiiii', 'beeeeeeeeeeeeeh', '55555555555555i', 'fffffffffffffff'] 
epoch 12	mini-batch 19	[ DISC	loss : 0.000253 ]	[ ADV	loss : 0.003347 ]
Generated sample: ['5555555555555', 'iiiiiiiiiiiiiii', '9ssshhhhhhhhhh', 'nnnnnnnnnnnnnnn', 'whiiiiiiiiiiiii'] 
epoch 12	mini-batch 29	[ DISC	loss : 0.000219 ]	[ ADV	loss : 0.013718 ]
Generated sample: ['iiiiiiiiiiiiiii', 'iiiiiiiiiiiiiii', 'h11wwwwwwwwwwwi', 'ibbbbbbbbbbbbbf', 'nnnnnnnnnnnnnnn'] 
epoch 12	mini-batch 39	[ DISC	loss : 0.000157 ]	[ ADV	loss : 0.003215 ]
Generated sample: ['', '', '5eeeeeeeeeeeeei', 'tthhhhhhhhhhhhh', 'n'] 
epoch 12	mini-batch 49	[ DISC	loss : 0.000222 ]	[ ADV	loss : 0.002590 ]
Generated sample: ['tttttttttttttt', 'iiiiiiiiiiiiiii', 'tttttttttttttti', '5', 'biiiiiiiiiiiiii'] 
epoch 12	mini-batch 59	[ DISC	loss : 0.000884 ]	[ ADV	loss : 0.003535 ]
Generated sample: ['t', 'iiiiiiiiiiiiii', '', 'iiiiiiiiii', 'pppppppppppt'] 
epoch 12	mini-batch 69	[ DISC	loss : 0.000196 ]	[ ADV	loss : 0.011777 ]
Generated sample: ['5555555555nnnnn', '', 'f', 'tttt5555555555i', 'ttttttttttttttt'] 
epoch 12	mini-batch 79	[ DISC	loss : 0.000359 ]	[ ADV	loss : 0.004492 ]
Generated sample: ['iihhhhhhhhhhhhw', 'iiiiiiiiiiifffb', 'r', '', 'hhhhhhhhhhhhhhh'] 
epoch 12	mini-batch 89	[ DISC	loss : 0.000247 ]	[ ADV	loss : 0.005778 ]
Generated sample: ['', '', 'iiiiiiiiiiiiiii', '55555555555555', 'ttttttddddddddt'] 
epoch 12	mini-batch 99	[ DISC	loss : 0.000819 ]	[ ADV	loss : 0.000157 ]
Generated sample: ['i', 'iiiiiiiiiiiiiii', 'iiiiiiiiiiiiiii', 'ttttttttttttttt', 'ppppppppppppppi'] 
epoch 12	mini-batch 109	[ DISC	loss : 0.000317 ]	[ ADV	loss : 0.000450 ]
Generated sample: ['iiiiiiiiiiiiiid', 'ffffffffffffff', 'iiiiiihhnnnnnnn', 'iiiiiiiiiiiiiii', 'tttttttttttttti'] 
epoch 12	mini-batch 119	[ DISC	loss : 0.000834 ]	[ ADV	loss : 0.002822 ]
Generated sample: ['', 'httttiiiiiiiii', '55', 'tttttttttttttt', ''] 
epoch 12	mini-batch 129	[ DISC	loss : 0.000147 ]	[ ADV	loss : 0.054804 ]
Generated sample: ['dddddddddddddd', '', '', '55555555555b', 'iinnnnnnnnnnnnn'] 
epoch 12	mini-batch 139	[ DISC	loss : 0.000259 ]	[ ADV	loss : 0.003570 ]
Generated sample: ['iihhhhhhhhhhhh', '5', 'ttttttttttttttt', 'nnnnnnnnnnnnnnn', 'eetttttttttttth'] 
epoch 12	mini-batch 149	[ DISC	loss : 0.000490 ]	[ ADV	loss : 0.002066 ]
Generated sample: ['', '', 'i55555555555555', 'f', 'iiiiiiiiiiiiiii'] 
epoch 12	mini-batch 159	[ DISC	loss : 0.013214 ]	[ ADV	loss : 0.002735 ]
Generated sample: ['nnnnn5555555555', '0hhhhhhhhhhhhh', 'iiiiiiiiiiiiiih', 'i', 'ddddddddddtttt'] 
epoch 12	mini-batch 169	[ DISC	loss : 0.000827 ]	[ ADV	loss : 0.001272 ]
Generated sample: ['', 'iiiiiiiiiiiiiii', '', 'tttttttttttttt', '5ttttttttttttti'] 
epoch 12	mini-batch 179	[ DISC	loss : 0.010478 ]	[ ADV	loss : 0.001862 ]
Generated sample: ['i', '555555555555555', 'ttttttttttttttt', 'tiiiiiiiiiiiiii', 'tttttttttttttti'] 
epoch 12	mini-batch 189	[ DISC	loss : 0.000143 ]	[ ADV	loss : 0.000026 ]
Generated sample: ['n', '', '555555555555', '5ttttttttttttti', ''] 
epoch 12	mini-batch 199	[ DISC	loss : 0.000323 ]	[ ADV	loss : 0.000194 ]
Generated sample: ['nnnnnn', '', '555555555555', 'ttttttttttttttt', '555555555555555'] 
epoch 12	mini-batch 209	[ DISC	loss : 0.000510 ]	[ ADV	loss : 0.002757 ]
Generated sample: ['hhhhhhhhhhhhhhh', 'ttttttttttttttt', 'iiiiiiiiiiiiiih', 'nnnnnnnnnnnnnni', '55555555555555i'] 
Epoch is 13
Number of batches 216
epoch 13	mini-batch 9	[ DISC	loss : 0.000243 ]	[ ADV	loss : 0.000065 ]
Generated sample: ['iiiiittttttttt', 'iiiiiiiiiiiiiih', 'w', 'ihhhhhhhhhhhhhb', 'pppiiiiiiiiiii'] 
epoch 13	mini-batch 19	[ DISC	loss : 0.000748 ]	[ ADV	loss : 0.000541 ]
Generated sample: ['hhhhhhhhhhhhhhh', 'nnnnnnnnnnnn', '', '', ''] 
epoch 13	mini-batch 29	[ DISC	loss : 0.000222 ]	[ ADV	loss : 0.000177 ]
Generated sample: ['nnnnnnnnnnnnn', '', 'iiiiiiiiiiiiiii', '', 'tttttttttttttt'] 
epoch 13	mini-batch 39	[ DISC	loss : 0.001962 ]	[ ADV	loss : 0.000387 ]
Generated sample: ['ttttteeeeeeeeeh', 't', 'iiiiiiiiiiiiiii', 'hhhhhhhhhhhhhh', 'innnnnnnnnnnnnn'] 
epoch 13	mini-batch 49	[ DISC	loss : 0.000104 ]	[ ADV	loss : 0.000568 ]
Generated sample: ['', 'iiiiiiiiiiiiiii', 'hhhhhhhhhhhhhhi', '5555ttttttttttt', 'fffffffffffff'] 
epoch 13	mini-batch 59	[ DISC	loss : 0.000109 ]	[ ADV	loss : 0.016413 ]
Generated sample: ['', 'iiiiiiiiii', 'tppppppppppppp5', 'tvvvvvvvvvvvvvh', 'tttttttttttttti'] 
epoch 13	mini-batch 69	[ DISC	loss : 0.000272 ]	[ ADV	loss : 0.000628 ]
Generated sample: ['', '', 'ttiiiiiiiiiiiii', '', 'ttttttttttttt'] 
epoch 13	mini-batch 79	[ DISC	loss : 0.000129 ]	[ ADV	loss : 0.000509 ]
Generated sample: ['btttttttttttttn', 'nnnnnnnnnnnnnn5', 'innnnnnnnnnnnnt', 'nnnnnnnnnnnnnnn', 'ttt'] 
epoch 13	mini-batch 89	[ DISC	loss : 0.000581 ]	[ ADV	loss : 0.000263 ]
Generated sample: ['tttttttttttttti', 'ddddddddddddddd', 'ffffffffffffffn', 'ssssssssssssssi', 'vvvvvvvvvvvvv'] 
epoch 13	mini-batch 99	[ DISC	loss : 0.000210 ]	[ ADV	loss : 0.000304 ]
Generated sample: ['iiiiiiiiiiiiiii', '', '', 'ddddddddddddddh', '55555555555'] 
epoch 13	mini-batch 109	[ DISC	loss : 0.000863 ]	[ ADV	loss : 0.000113 ]
Generated sample: ['ttt', 'nnnnnnnnnnnnn', 'w-----------ddd', 'bbb', '555555555555it'] 
epoch 13	mini-batch 119	[ DISC	loss : 0.000138 ]	[ ADV	loss : 0.000103 ]
Generated sample: ['eeeeeeeeeeeeeet', '533nnnnnnnnnnnn', 'iiinnnnnnnnnnnv', '', '5'] 
epoch 13	mini-batch 129	[ DISC	loss : 0.000144 ]	[ ADV	loss : 0.008491 ]
Generated sample: ['iiiiiiiiiiiiii', '55555t', 'n', 'iiiiiiiiiiiiiii', ''] 
epoch 13	mini-batch 139	[ DISC	loss : 0.000580 ]	[ ADV	loss : 0.000055 ]
Generated sample: ['iiiiiiiiiiiiiii', '5', '5', 'iiiiiiiiiiiiii', 'lnnnnnnnnnnnnni'] 
epoch 13	mini-batch 149	[ DISC	loss : 0.000130 ]	[ ADV	loss : 0.000629 ]
Generated sample: ['iiiiiiiiiiiiiit', '5', 'iiiiiiiii55555o', 'tiiiiihhhhhhhhi', 'tthhhhhhhhhhhhh'] 
epoch 13	mini-batch 159	[ DISC	loss : 0.000189 ]	[ ADV	loss : 0.000695 ]
Generated sample: ['ttttttttttttttt', 'tiiiiiiiiiiiiii', 'nnnnnnnnnnnnnnn', 'tttttttttttttt', ''] 
epoch 13	mini-batch 169	[ DISC	loss : 0.000290 ]	[ ADV	loss : 0.018847 ]
Generated sample: ['tttttttttttttti', 'rrhhhhhhhhhhhht', '', 'nhhhhhnnnnnnnn', ''] 
epoch 13	mini-batch 179	[ DISC	loss : 0.000282 ]	[ ADV	loss : 0.000110 ]
Generated sample: ['nnnnnnnnnnnnnni', 'iibbbbbbbbbbbbb', '', 'nnnnnnnnnnnnnnn', 'tttttttttttttti'] 
epoch 13	mini-batch 189	[ DISC	loss : 0.000185 ]	[ ADV	loss : 0.000137 ]
Generated sample: ['ttttttttttttttt', 'tttttttttttttth', 'iiiiiiiiiiiiiit', '', 'iiiiiiiiiiiiiib'] 
epoch 13	mini-batch 199	[ DISC	loss : 0.000613 ]	[ ADV	loss : 0.000840 ]
Generated sample: ['nnnnnnnnnnnnnnn', 'nnnnnnnnvvvvv', 'tttttttttttttti', 't', 'tttttttttttttth'] 
epoch 13	mini-batch 209	[ DISC	loss : 0.000377 ]	[ ADV	loss : 0.000186 ]
Generated sample: ['', '', 'itttttttttttttt', '5555555555555', 'edddddddddddddd'] 
Epoch is 14
Number of batches 216
epoch 14	mini-batch 9	[ DISC	loss : 0.000354 ]	[ ADV	loss : 0.000266 ]
Generated sample: ['ttttttttttttttt', 'ttttttttttttttt', 'iiiiiiiiiiiiiif', 'h', ''] 
epoch 14	mini-batch 19	[ DISC	loss : 0.000239 ]	[ ADV	loss : 0.000467 ]
Generated sample: ['', 'tttttttttttttti', 't', 'idddddddddddddd', 'iiiiiiiiiiiiiin'] 
epoch 14	mini-batch 29	[ DISC	loss : 0.164012 ]	[ ADV	loss : 0.000493 ]
Generated sample: ['ddddddddddddddh', 'iiiiii55555555h', 'ihhhhhhhhhhhhh', 'iiiiiiiiiiiiii', 'hhhhhhhhhhhhhhy'] 
epoch 14	mini-batch 39	[ DISC	loss : 0.000359 ]	[ ADV	loss : 0.000989 ]
Generated sample: ['t', 'hnnnnnnnnnnnnnh', 'i5555555555555n', '', 'iiiiiiiiiiiiiii'] 
epoch 14	mini-batch 49	[ DISC	loss : 0.000181 ]	[ ADV	loss : 0.000262 ]
Generated sample: ['555555555555555', 'tttttttttttttti', 'bbbbbbbbbbbbb9', '', 'i'] 
epoch 14	mini-batch 59	[ DISC	loss : 0.000852 ]	[ ADV	loss : 0.002663 ]
Generated sample: ['iiiiiiiiiiiiiii', '555555555555', 'tttttttttttttti', 'iiiiiiiiiiiiiii', 'nnnnniiiiiiiin5'] 
epoch 14	mini-batch 69	[ DISC	loss : 0.000188 ]	[ ADV	loss : 0.002830 ]
Generated sample: ['', 'tttttttttttttt', 'tttttttttttttt5', 'teethhhhhhhhhhh', 'fffffffff'] 
epoch 14	mini-batch 79	[ DISC	loss : 0.000285 ]	[ ADV	loss : 0.016219 ]
Generated sample: ['5', 'ihhhhhhhhhhhhh', 'tttttttttttttti', 'i', 'hhhhhhhhhhhhhhi'] 
epoch 14	mini-batch 89	[ DISC	loss : 0.000377 ]	[ ADV	loss : 0.000547 ]
Generated sample: ['iiiiiiiiiiiiiii', 't', 'iiiiiii', 'iiiiiiiiiiiiii', 'heeeeeeettttttt'] 
epoch 14	mini-batch 99	[ DISC	loss : 0.000302 ]	[ ADV	loss : 0.009269 ]
Generated sample: ['i', '', 'tttttttttttttth', '', ''] 
epoch 14	mini-batch 109	[ DISC	loss : 0.002659 ]	[ ADV	loss : 0.001850 ]
Generated sample: ['tttttttttttttth', 'i', 'eeeeeeeeeeeeeei', 'iiiiiiiiiiiiiii', ''] 
epoch 14	mini-batch 119	[ DISC	loss : 0.000311 ]	[ ADV	loss : 0.000880 ]
Generated sample: ['iiiiii', 'hhhhhhhhh', '', 'nnnnnnnnnnnnnni', 'hhhffffffffffff'] 
epoch 14	mini-batch 129	[ DISC	loss : 0.003127 ]	[ ADV	loss : 0.003425 ]
Generated sample: ['hhhhhhhhhhhhhhh', '', 'hhhhhhhhhhhhhh', 'nnnnnnnnnn', ''] 
epoch 14	mini-batch 139	[ DISC	loss : 0.000297 ]	[ ADV	loss : 0.001788 ]
Generated sample: ['hhhhhhhhhhhhhhh', '', '', '000000000000000', 'ttttttttttttttt'] 
epoch 14	mini-batch 149	[ DISC	loss : 0.000370 ]	[ ADV	loss : 0.001086 ]
Generated sample: ['iiiiiiiiiiiiiii', 'h', 'iiiiii', 'iiiiiiiiiiiiiib', 'sssssssssssssi'] 
epoch 14	mini-batch 159	[ DISC	loss : 0.000308 ]	[ ADV	loss : 0.000124 ]
Generated sample: ['iiiiiiiiiiiiiit', '5iiiiiiiiiiiiii', 'ddddhhhhhhhhhhh', 'eeeeeeeeeeeeeet', 'ttttttttttttttt'] 
epoch 14	mini-batch 169	[ DISC	loss : 0.003533 ]	[ ADV	loss : 0.000195 ]
Generated sample: ['tttttttttttttte', 'iiiiiiiiiiiiiid', 'dddeeeeeeeeeeei', 'tttttttttttttti', 'fffffffffnnnnn'] 
epoch 14	mini-batch 179	[ DISC	loss : 0.000229 ]	[ ADV	loss : 0.003160 ]
Generated sample: ['', 'tttttttttttttt5', '5555555', 'ttttttttttttttt', ''] 
epoch 14	mini-batch 189	[ DISC	loss : 0.000238 ]	[ ADV	loss : 0.000095 ]
Generated sample: ['evvvvvvvvvvvvt', 'nnnnnvvvvvvvvv', 'ihhhhhhhhhhhhh', 'iiiiiiiiiiiiiii', 'tttttttttttttti'] 
epoch 14	mini-batch 199	[ DISC	loss : 0.000149 ]	[ ADV	loss : 0.000180 ]
Generated sample: ['', 'iiiiiiiiiiiiiid', 'nnnnnnnnnnnnnnn', 'shhhhhhhhhhhhh', 'iiiinnnnnnnnnn'] 
epoch 14	mini-batch 209	[ DISC	loss : 0.000197 ]	[ ADV	loss : 0.001091 ]
Generated sample: ['', 'ttttttttttttttt', 'tttttttttttttti', 'bbbbbbbbn', 'hhhnnnnnnnnnnnn'] 
Epoch is 15
Number of batches 216
epoch 15	mini-batch 9	[ DISC	loss : 0.008614 ]	[ ADV	loss : 0.000080 ]
Generated sample: ['', '555555555555553', 'tttttttttttttt', '', ''] 
epoch 15	mini-batch 19	[ DISC	loss : 0.000238 ]	[ ADV	loss : 0.000410 ]
Generated sample: ['hhhhhhhhhhhhhhh', '', '5', 'tttttttttttttt', 'hhhhhhhhhhhhnnn'] 
epoch 15	mini-batch 29	[ DISC	loss : 0.000267 ]	[ ADV	loss : 0.000412 ]
Generated sample: ['5', 'nnnnnnnnnnnnnnh', '', 'iiihhhhhhhhhhhh', 'iiiiiiiiiiiiii'] 
epoch 15	mini-batch 39	[ DISC	loss : 0.000177 ]	[ ADV	loss : 0.000066 ]
Generated sample: ['', '', 'tttttttttttttth', 'ffh', 'iihhhhhhhhhhhhh'] 
epoch 15	mini-batch 49	[ DISC	loss : 0.000254 ]	[ ADV	loss : 0.000421 ]
Generated sample: ['', '', '', '', 'iibbbbbbbbbbbbn'] 
epoch 15	mini-batch 59	[ DISC	loss : 0.000215 ]	[ ADV	loss : 0.000317 ]
Generated sample: ['i', '', '', '', 'i'] 
epoch 15	mini-batch 69	[ DISC	loss : 0.000085 ]	[ ADV	loss : 0.000089 ]
Generated sample: ['iiiiiiiiiiiiiih', 'l', '', 'tt555555555555', 'biiiiiiiiiiiiih'] 
epoch 15	mini-batch 79	[ DISC	loss : 0.000084 ]	[ ADV	loss : 0.000107 ]
Generated sample: ['iiiiiiiiiiiiiib', 'nooooooooooooo', 'iiiiiiiiiiiiii', '', ''] 
epoch 15	mini-batch 89	[ DISC	loss : 0.000196 ]	[ ADV	loss : 0.000067 ]
Generated sample: ['hhhhhhhhhhhhhhi', 'ieiiiiiiiiiiiii', 'ivvvvvvvvvvvvv', 'n', 'nnnnnl'] 
epoch 15	mini-batch 99	[ DISC	loss : 0.000094 ]	[ ADV	loss : 0.000342 ]
Generated sample: ['tttttttttttttti', 'nnnnnnnnnnnnnnh', 'tttteeeeeeeeeee', 'f', 'iiiiiiiiiiiiii'] 
epoch 15	mini-batch 109	[ DISC	loss : 0.000213 ]	[ ADV	loss : 0.000017 ]
Generated sample: ['tttttttttttttth', '5', 'dddddddddddddd', '', 'hhhhhhhhhhhhhhi'] 
epoch 15	mini-batch 119	[ DISC	loss : 0.000259 ]	[ ADV	loss : 0.000050 ]
Generated sample: ['ddddddddddddddn', '', 'vvvvvvvvvvvvvh', 'edddddddddddddi', 'i'] 
epoch 15	mini-batch 129	[ DISC	loss : 0.000768 ]	[ ADV	loss : 0.000032 ]
Generated sample: ['iiiiiiiiiiiiin', 'edddddddddddddh', '', 'ttttttttttti', ''] 
epoch 15	mini-batch 139	[ DISC	loss : 0.000193 ]	[ ADV	loss : 0.000014 ]
Generated sample: ['5555555555555i', 'iiiiiiiiiiiiiih', 'eeeeeeeeeeeeeet', 'hhhhhhhhhhhh', '55555555555555t'] 
epoch 15	mini-batch 149	[ DISC	loss : 0.002887 ]	[ ADV	loss : 0.000208 ]
Generated sample: ['iiiiiiiiiiiiib', 'innnn', 'iihhffffffffffh', '', 'iiiiiiiiiiiiiii'] 
epoch 15	mini-batch 159	[ DISC	loss : 0.000356 ]	[ ADV	loss : 0.000070 ]
Generated sample: ['f', '', 'iiiiiiiiiiiiii5', 'hiiiiiiiiiiiii', 'eeeeeettttttttt'] 
epoch 15	mini-batch 169	[ DISC	loss : 0.001147 ]	[ ADV	loss : 0.000268 ]
Generated sample: ['nnnnnnnnnnnnnnh', 'hhhhhhhhhhhhhhh', 'ttddddddddddddt', 'ii', '55iiiiiiiiiiiii'] 
epoch 15	mini-batch 179	[ DISC	loss : 0.000432 ]	[ ADV	loss : 0.000002 ]
Generated sample: ['iihhhhhhhhhhhh', 'tttttttttttttti', 'tttttttttttttti', 'iii555555555555', 'dddddttttttttth'] 
epoch 15	mini-batch 189	[ DISC	loss : 0.000092 ]	[ ADV	loss : 0.000564 ]
Generated sample: ['pppppppptttttt', '', 'nnnnnnnnnnnnnnn', 'hhhhhhhh555555i', 'ihhiiiiiiiiiiii'] 
epoch 15	mini-batch 199	[ DISC	loss : 0.000150 ]	[ ADV	loss : 0.000189 ]
Generated sample: ['iiiiiiiiiiiiiii', '', 't', 'nnhhhhhhhhhhhh', 'tttttttttttttt'] 
epoch 15	mini-batch 209	[ DISC	loss : 0.000297 ]	[ ADV	loss : 0.000314 ]
Generated sample: ['', 'eetttttttttttti', '', 'hhhhhhhhhhhhhh', 'ddddddddddddddh'] 
Epoch is 16
Number of batches 216
epoch 16	mini-batch 9	[ DISC	loss : 0.000376 ]	[ ADV	loss : 0.000165 ]
Generated sample: ['', '', '5ttttttttttttti', '', 'iiiiiiiiiiiiii'] 
epoch 16	mini-batch 19	[ DISC	loss : 0.000277 ]	[ ADV	loss : 0.000412 ]
Generated sample: ['eeettttttttttti', 'dttttttttttttth', 'ihhhhhhhhhhhhhh', '', 'hhhhhhhhhhhhhhh'] 
epoch 16	mini-batch 29	[ DISC	loss : 0.000102 ]	[ ADV	loss : 0.000045 ]
Generated sample: ['tttttttttttttt', '', '00pttttttttttt', '', 'b'] 
epoch 16	mini-batch 39	[ DISC	loss : 0.000204 ]	[ ADV	loss : 0.000146 ]
Generated sample: ['', '', '', 'ppttttttttttti', ''] 
epoch 16	mini-batch 49	[ DISC	loss : 0.000121 ]	[ ADV	loss : 0.000011 ]
Generated sample: ['', 'tttttttttttttti', '', 'iihhhhhhhhhhhhh', 'i'] 
epoch 16	mini-batch 59	[ DISC	loss : 0.000236 ]	[ ADV	loss : 0.000363 ]
Generated sample: ['oooooolllllllli', 'ttttttttssssssi', 'ihhhhhhhhhhhhhn', '5', 'iiiiiiiiiiiiiib'] 
epoch 16	mini-batch 69	[ DISC	loss : 0.000157 ]	[ ADV	loss : 0.000131 ]
Generated sample: ['n', 'iiiiiiiiiiiiiii', 'hhhhhhhhhhhhhhb', '', 'iitttttttttttti'] 
epoch 16	mini-batch 79	[ DISC	loss : 0.000159 ]	[ ADV	loss : 0.000064 ]
Generated sample: ['', '', 'iiiiiiiiiiiiiii', 'tttttttttttttti', 'iiiiiiiih'] 
epoch 16	mini-batch 89	[ DISC	loss : 0.000162 ]	[ ADV	loss : 0.007091 ]
Generated sample: ['555555555555555', 'ttpppppppppppp', 'tt555555555555', 'n', 'ttttttttttttttt'] 
epoch 16	mini-batch 99	[ DISC	loss : 0.216083 ]	[ ADV	loss : 0.000763 ]
Generated sample: ['', 'ffffffffffffff', 'ttttttttttti', '5555ttttttttttv', 'n'] 
epoch 16	mini-batch 109	[ DISC	loss : 0.000057 ]	[ ADV	loss : 0.000133 ]
Generated sample: ['iiiihnnnnnnnnnn', 't', '5dddddddddddddi', 'i', '5'] 
epoch 16	mini-batch 119	[ DISC	loss : 0.003740 ]	[ ADV	loss : 0.000023 ]
Generated sample: ['eeeeeeeeeeeeeed', 'tttttttttttttt5', 'oddddddddddd', 'ttttttttttttttm', 'i'] 
epoch 16	mini-batch 129	[ DISC	loss : 0.000297 ]	[ ADV	loss : 0.000385 ]
Generated sample: ['iiiiiiiiiiiiiih', 'innnnnnnnnnnnn', '', 'ddddddddddddddt', 'lllllllllllllll'] 
epoch 16	mini-batch 139	[ DISC	loss : 0.000247 ]	[ ADV	loss : 0.001203 ]
Generated sample: ['', 'tttttttttttttti', 'iiiiiiiiiiiiiit', '', 'ppppppppppppp'] 
epoch 16	mini-batch 149	[ DISC	loss : 0.000821 ]	[ ADV	loss : 0.000048 ]
Generated sample: ['', 'nnnnnnnnnnnnnnn', 'nnnniiiiiiiiiii', '', '5'] 
epoch 16	mini-batch 159	[ DISC	loss : 0.030422 ]	[ ADV	loss : 0.000289 ]
Generated sample: ['i', 'iiiiiiiiiiiiii', 'ttttttttttttttt', 'eeeeeeeeeeeeeei', 'i'] 
epoch 16	mini-batch 169	[ DISC	loss : 0.000057 ]	[ ADV	loss : 0.000525 ]
Generated sample: ['iiiiiiiiiiiiiii', 'n11', 'hhhhhhhhhhhhhh', 'iiiiiiiiiiiiiii', 'bbbbbbbbbbbbbb5'] 
epoch 16	mini-batch 179	[ DISC	loss : 0.000119 ]	[ ADV	loss : 0.000229 ]
Generated sample: ['eddiiiiiiiiiii', 'tttttttttttttt', 'iiiiiiiiiiiiiii', '', ''] 
epoch 16	mini-batch 189	[ DISC	loss : 0.001371 ]	[ ADV	loss : 0.000152 ]
Generated sample: ['', '5555555555555', 'nnnnnnnnnnnnnnt', 'iiiiiiiiiiiiiih', ''] 
epoch 16	mini-batch 199	[ DISC	loss : 0.000249 ]	[ ADV	loss : 0.002497 ]
Generated sample: ['t', '', 'f', '', 'nnnnnniiiiiiiii'] 
epoch 16	mini-batch 209	[ DISC	loss : 0.000136 ]	[ ADV	loss : 0.000043 ]
Generated sample: ['ttttttttttttttt', '', 'nnnnnnnnnnnnnnh', 'iiiiiiiiiiiiiii', 'iiiiiiiiiiiiii'] 
Epoch is 17
Number of batches 216
epoch 17	mini-batch 9	[ DISC	loss : 0.000267 ]	[ ADV	loss : 0.000056 ]
Generated sample: ['h', 'tttttttttttttt', 'iiiiiiiiiiiiii', 'iiiiiiiiiiiiii', 'ttttttttttttttt'] 
epoch 17	mini-batch 19	[ DISC	loss : 0.000286 ]	[ ADV	loss : 0.000173 ]
Generated sample: ['ttddddddddddddh', 'iiiiiiiiiiiiiih', 'ttttttttttttttt', 'iiiiiiiiiiiiii', ''] 
epoch 17	mini-batch 29	[ DISC	loss : 0.000138 ]	[ ADV	loss : 0.002333 ]
Generated sample: ['', 'innnnnnnnnnnnnh', 'nnnnnnnnnn', 'ddddddddvvvvvvn', ''] 
epoch 17	mini-batch 39	[ DISC	loss : 0.000298 ]	[ ADV	loss : 0.000264 ]
Generated sample: ['', '', 'bbbbbbbbbbbbbbh', 'iiiiiiiiiiiiiii', 'iiiiiidddddddd'] 
epoch 17	mini-batch 49	[ DISC	loss : 0.000203 ]	[ ADV	loss : 0.000418 ]
Generated sample: ['iiiiiiiiiiiiiih', '', '', '', '5'] 
epoch 17	mini-batch 59	[ DISC	loss : 0.000247 ]	[ ADV	loss : 0.000257 ]
Generated sample: ['dddddddddddddd', 'iiiiiiiiiiii', 'fnnn9999999999n', 'tttttttttttttt', ''] 
epoch 17	mini-batch 69	[ DISC	loss : 0.000180 ]	[ ADV	loss : 0.001856 ]
Generated sample: ['iiiiiiiiiiiiiii', 't', 'iiiiiiiiiiii', '', 'itiiiiiiiiiiiii'] 
epoch 17	mini-batch 79	[ DISC	loss : 0.000593 ]	[ ADV	loss : 0.000076 ]
Generated sample: ['', '', 'nnnnnnnnnnnnnnd', 'hhhhhhhhhnnnnn', 'ttttttttttttttt'] 
epoch 17	mini-batch 89	[ DISC	loss : 0.000113 ]	[ ADV	loss : 0.000193 ]
Generated sample: ['5', 'i', '', 'i', 'iiiiiiiiiiiiii'] 
