experiments/20171219-154022
____________________________________________________________________________________________________
Layer (type)                     Output Shape          Param #     Connected to                     
====================================================================================================
Discriminator_Input (InputLayer) (None, 15, 38)        0                                            
____________________________________________________________________________________________________
discr_conv0 (Conv1D)             (None, 15, 20)        1540        Discriminator_Input[0][0]        
____________________________________________________________________________________________________
discr_conv1 (Conv1D)             (None, 15, 10)        1150        Discriminator_Input[0][0]        
____________________________________________________________________________________________________
batch_normalization_1 (BatchNorm (None, 15, 20)        80          discr_conv0[0][0]                
____________________________________________________________________________________________________
batch_normalization_2 (BatchNorm (None, 15, 10)        40          discr_conv1[0][0]                
____________________________________________________________________________________________________
leaky_re_lu_1 (LeakyReLU)        (None, 15, 20)        0           batch_normalization_1[0][0]      
____________________________________________________________________________________________________
leaky_re_lu_2 (LeakyReLU)        (None, 15, 10)        0           batch_normalization_2[0][0]      
____________________________________________________________________________________________________
discr_dropout0 (Dropout)         (None, 15, 20)        0           leaky_re_lu_1[0][0]              
____________________________________________________________________________________________________
discr_dropout1 (Dropout)         (None, 15, 10)        0           leaky_re_lu_2[0][0]              
____________________________________________________________________________________________________
average_pooling1d_1 (AveragePool (None, 7, 20)         0           discr_dropout0[0][0]             
____________________________________________________________________________________________________
average_pooling1d_2 (AveragePool (None, 7, 10)         0           discr_dropout1[0][0]             
____________________________________________________________________________________________________
concatenate_1 (Concatenate)      (None, 7, 30)         0           average_pooling1d_1[0][0]        
                                                                   average_pooling1d_2[0][0]        
____________________________________________________________________________________________________
lstm_1 (LSTM)                    (None, 20)            4080        concatenate_1[0][0]              
____________________________________________________________________________________________________
dense_1 (Dense)                  (None, 1)             21          lstm_1[0][0]                     
====================================================================================================
Total params: 6,911
Trainable params: 6,851
Non-trainable params: 60
____________________________________________________________________________________________________
____________________________________________________________________________________________________
Layer (type)                     Output Shape          Param #     Connected to                     
====================================================================================================
Generator_Input (InputLayer)     (None, 20)            0                                            
____________________________________________________________________________________________________
gen_repeate_vec (RepeatVector)   (None, 15, 20)        0           Generator_Input[0][0]            
____________________________________________________________________________________________________
gen_LSTM (LSTM)                  (None, 15, 38)        8968        gen_repeate_vec[0][0]            
____________________________________________________________________________________________________
dropout_1 (Dropout)              (None, 15, 38)        0           gen_LSTM[0][0]                   
____________________________________________________________________________________________________
gen_conv0 (Conv1D)               (None, 15, 20)        1540        dropout_1[0][0]                  
____________________________________________________________________________________________________
gen_conv1 (Conv1D)               (None, 15, 10)        1150        dropout_1[0][0]                  
____________________________________________________________________________________________________
leaky_re_lu_3 (LeakyReLU)        (None, 15, 20)        0           gen_conv0[0][0]                  
____________________________________________________________________________________________________
leaky_re_lu_4 (LeakyReLU)        (None, 15, 10)        0           gen_conv1[0][0]                  
____________________________________________________________________________________________________
gen_dropout0 (Dropout)           (None, 15, 20)        0           leaky_re_lu_3[0][0]              
____________________________________________________________________________________________________
gen_dropout1 (Dropout)           (None, 15, 10)        0           leaky_re_lu_4[0][0]              
____________________________________________________________________________________________________
concatenate_2 (Concatenate)      (None, 15, 30)        0           gen_dropout0[0][0]               
                                                                   gen_dropout1[0][0]               
____________________________________________________________________________________________________
decoder_end (TimeDistributed)    (None, 15, 38)        1178        concatenate_2[0][0]              
====================================================================================================
Total params: 12,836
Trainable params: 12,836
Non-trainable params: 0
____________________________________________________________________________________________________
_________________________________________________________________
Layer (type)                 Output Shape              Param #   
=================================================================
Generator (Model)            (None, 15, 38)            12836     
_________________________________________________________________
Discriminator (Model)        (None, 1)                 6911      
=================================================================
Total params: 19,747
Trainable params: 19,687
Non-trainable params: 60
_________________________________________________________________
Epoch is 0
Number of batches 696
Batch size: 32
domains_batch size:	(32, 15, 38)
generated domains shape:	(32, 15, 38)
training set shape	(32, 15, 38)
target shape (32, 1)
epoch 0	[ DISC	loss : 0.060795 ]	[ ADV	loss : 0.815130 ]
[6, 26, 13, 13, 13, 13, 13, 18, 21, 18, 18, 21, 20, 13, 11]	fzmmmmmrurrutmk
[0, 0, 30, 0, 0, 0, 21, 13, 25, 2, 21, 13, 15, 11, 11]	3umybumokk
[0, 0, 0, 15, 2, 28, 8, 19, 19, 0, 19, 0, 9, 19, 21]	ob1hsssisu
[30, 29, 13, 21, 15, 18, 18, 11, 13, 18, 20, 5, 25, 15, 20]	32muorrkmrteyot
[0, 0, 18, 13, 21, 11, 21, 20, 25, 18, 20, 20, 20, 18, 20]	rmukutyrtttrt
[0, 0, 0, 0, 28, 0, 5, 30, 0, 14, 19, 13, 19, 8, 3]	1e3nsmshc
[30, 25, 15, 13, 18, 1, 18, 13, 13, 20, 20, 21, 15, 20, 20]	3yomrarmmttuott
[26, 26, 13, 18, 13, 13, 15, 11, 15, 20, 11, 13, 20, 18, 2]	zzmrmmokotkmtrb
[26, 26, 26, 25, 11, 18, 18, 14, 18, 16, 13, 21, 18, 11, 11]	zzzykrrnrpmurkk
[17, 13, 11, 13, 13, 11, 13, 25, 20, 20, 11, 18, 20, 18, 11]	qmkmmkmyttkrtrk
[0, 0, 0, 25, 25, 26, 13, 21, 15, 21, 14, 21, 2, 13, 1]	yyzmuounubma
[0, 13, 13, 20, 25, 11, 20, 18, 11, 13, 21, 13, 20, 18, 20]	mmtyktrkmumtrt
[28, 0, 26, 0, 0, 25, 25, 13, 25, 21, 21, 13, 13, 13, 18]	1zyymyuummmr
[0, 0, 35, 25, 15, 25, 25, 2, 20, 11, 11, 15, 15, 20, 11]	8yoyybtkkootk
[0, 0, 0, 21, 0, 13, 18, 11, 21, 13, 20, 11, 18, 11, 2]	umrkumtkrkb
D loss too low, failure state. terminating...
