experiments/20171213-133858
Epoch is 0
Number of batches 216
Batch size: 32
domains_batch size:	(32, 15, 38)
generated domains shape:	(32, 15, 38)
training set shape	(32, 15, 38)
target shape (32, 1)
epoch 0	mini-batch 9	[ DISC	loss : 0.690425 ]	[ ADV	loss : 0.672324 ]
Generated sample: ['4cccccccccccccv', 'zzzzzzzzzzzzzzg', 'v4444eeeeeeeeec', 'ghhhhhhhhhhhhh', 'mfffffffffffffn'] 
epoch 0	mini-batch 19	[ DISC	loss : 0.689411 ]	[ ADV	loss : 0.687376 ]
Generated sample: ['z--------jjjjjj', 'vvvvvvvvvvvvvvv', 'jjjjjjjjjjjjjj-', 'uuuuuuuuuuuuuuu', '33llllllllllllg'] 
epoch 0	mini-batch 29	[ DISC	loss : 0.688011 ]	[ ADV	loss : 0.681307 ]
Generated sample: ['jjjzzzzzzzssssz', 'oooooooooooooog', 'gggggggggggggg-', 'eevvvvvvvvvvvvv', '7gggggggggggggg'] 
epoch 0	mini-batch 39	[ DISC	loss : 0.683865 ]	[ ADV	loss : 0.671573 ]
Generated sample: ['vvvvvvvvvvvvvvo', 'ggggggggggggggg', 'ggooooooooooooo', 'jjjjjjjjjjjjjj-', 'gzzzzzzzzzzzzzv'] 
epoch 0	mini-batch 49	[ DISC	loss : 0.680395 ]	[ ADV	loss : 0.674984 ]
Generated sample: ['ttttttlllllllll', 'j33333333333333', '4aaaaaaaaaaaaav', 'vgggggggggggggj', 'vvvvvvvvvvvvvvv'] 
epoch 0	mini-batch 59	[ DISC	loss : 0.680389 ]	[ ADV	loss : 0.682016 ]
Generated sample: ['jjeeeeeeeeeeeev', 'jgggggvvvvvvvvv', 'mmm666666666666', 'jjjjtttttt-----', '6zzzzzzzzzxxxxd'] 
epoch 0	mini-batch 69	[ DISC	loss : 0.678667 ]	[ ADV	loss : 0.660192 ]
Generated sample: ['vvvvvvvvvvvvvvv', 'vvjjjvzzzzzzzz3', 'ggggggggggggggg', 'aabbbbbbbbbbbbb', 'ttttppppppppppx'] 
epoch 0	mini-batch 79	[ DISC	loss : 0.677546 ]	[ ADV	loss : 0.683017 ]
Generated sample: ['aeeeeeeeeeeeeem', 'ttgggggggggggg3', 'vxxxxxxxxxxxxxs', 'vvqqhhhhhhhhhhv', 'ppppjjjjjjjjjjj'] 
epoch 0	mini-batch 89	[ DISC	loss : 0.675484 ]	[ ADV	loss : 0.637895 ]
Generated sample: ['gggg-----------', '11yyyyyyyyyyyyy', 'ggggggggggggggw', 'jjjjjjjjjjjjjjj', 'jjjjjjjjjjjjjjq'] 
epoch 0	mini-batch 99	[ DISC	loss : 0.668125 ]	[ ADV	loss : 0.663605 ]
Generated sample: ['vvvvvvvvvvvvvvv', 'eeeeeeeeeeeeeev', 'ggggggggggggggg', 'aaaaaaaaaaaaaav', 'vvvvvvvvvvvvvvp'] 
epoch 0	mini-batch 109	[ DISC	loss : 0.666211 ]	[ ADV	loss : 0.654481 ]
Generated sample: ['vvvvvvvvvvvvvvv', 'vvvvvvaaaaav', 'i3', 'ee444444444444v', 'ggggggggggggggg'] 
epoch 0	mini-batch 119	[ DISC	loss : 0.655597 ]	[ ADV	loss : 0.668989 ]
Generated sample: ['ggggggggggggggw', 'vvvvvvvvv------', 'gggggggvvvvvvvg', 'gggggvvvvvvvvvv', 'vvvvvvgggggvvvv'] 
epoch 0	mini-batch 129	[ DISC	loss : 0.654940 ]	[ ADV	loss : 0.647137 ]
Generated sample: ['vvvvvvvvvvvvvvv', 'ooooooooooooooo', 'gvvvvvvvvvvvvvv', 'vvvvvvvvvvvvvvg', 'vvvvvvvvvvvvvvv'] 
epoch 0	mini-batch 139	[ DISC	loss : 0.653457 ]	[ ADV	loss : 0.649996 ]
Generated sample: ['iiiiiiiiiiiiiiz', 'vvvvvvvvvvvvvvv', 'ggiiiiiiiiiiiig', 'vvvvvvvvvvvvvvv', 'vvvvvgggggggggg'] 
epoch 0	mini-batch 149	[ DISC	loss : 0.642703 ]	[ ADV	loss : 0.670004 ]
Generated sample: ['ajjjjjjjjjjjjjz', 'vvaaaaaahhhhhha', 'aaaaaaaaaaaaaav', 'vvvvvvvvvvvvvvv', 'vvbbbbbbbbbbbbg'] 
epoch 0	mini-batch 159	[ DISC	loss : 0.636319 ]	[ ADV	loss : 0.671945 ]
Generated sample: ['ibbbbbbbbbbbbbv', 'gjjjjjjjjjjjjjo', 'eejjjeeeeeeeeee', 'iwwwwwwwwwwwwwv', 'vvvvvvvvvvvvvvv'] 
epoch 0	mini-batch 169	[ DISC	loss : 0.621906 ]	[ ADV	loss : 0.665576 ]
Generated sample: ['v', 'zzgggggggeeeeej', 'aavvvvvvvvvvvvv', 'k33gggggggggggg', 'aaaaaaaaaaaaaav'] 
epoch 0	mini-batch 179	[ DISC	loss : 0.614522 ]	[ ADV	loss : 0.423551 ]
Generated sample: ['tttjjjjjjjjjjjj', 'ffffffffffffffc', 'hhhhaaaaaaaaaaa', 'baaaaaaaaaaaaaq', 'vvvvvvvvvvvvvvv'] 
epoch 0	mini-batch 189	[ DISC	loss : 0.655683 ]	[ ADV	loss : 0.507988 ]
Generated sample: ['jjjjjjjjjjjjjjj', 'iiiiiiiiiiiiii', 'aaaaaaaaaaaaaas', 'aiiiiiiiiiiiiil', 'vvvvvvvvvvvvvvv'] 
epoch 0	mini-batch 199	[ DISC	loss : 0.628676 ]	[ ADV	loss : 0.428515 ]
Generated sample: ['aaaaaaaaaaaaaaa', 'vvvvvvvvvvvvvvv', 'ugggggggggggggg', 'gggggggggggg', 'aaaaaaaaaaaaaaa'] 
epoch 0	mini-batch 209	[ DISC	loss : 0.576051 ]	[ ADV	loss : 0.400744 ]
Generated sample: ['333333333338', 'ggggggggggggggj', 'vvvvvvvvvvvvvva', 'jjjjjjjjjjjjjjg', 'ggggggggggggggr'] 
Epoch is 1
Number of batches 216
epoch 1	mini-batch 9	[ DISC	loss : 0.621916 ]	[ ADV	loss : 0.345217 ]
Generated sample: ['vvvvvvvvvvvvvvc', 'kkfffffffffffff', 'aaaaaaaaaaaaaaa', 'aaaaaaaaaaaaaaa', 'aaaaaaaaaaaaaaa'] 
epoch 1	mini-batch 19	[ DISC	loss : 0.611714 ]	[ ADV	loss : 0.376317 ]
Generated sample: ['aaaaaaaaaaaaaaa', 'ggggggggggggggg', 'ggggggggggggggg', 'ggggggggggggggg', 'aaaaaaaaaaaaaaa'] 
epoch 1	mini-batch 29	[ DISC	loss : 0.575353 ]	[ ADV	loss : 0.382420 ]
Generated sample: ['vvvvvvvvvvvvvvv', 'vvvvvvvvvvvvvvv', '-uuuuuuuuuuuuuu', 'ggggggggggggggg', 'eeeeaaaaaaaaaae'] 
epoch 1	mini-batch 39	[ DISC	loss : 0.609155 ]	[ ADV	loss : 0.403604 ]
Generated sample: ['aaaaaaaaaaaaaaa', 'ggvvvvvvvvvvvvr', 'vvvvvvvvvvvvvvs', 'eeeeeeeeeeeeeee', 'gguuuuuuuuuuuuv'] 
epoch 1	mini-batch 49	[ DISC	loss : 0.548419 ]	[ ADV	loss : 0.448332 ]
Generated sample: ['eeeeeeeeeeeeeee', 'aaaaaaaaaaaaaaa', 'ggggggggggggggg', 'gggggggggggggf', 'affffffffffffft'] 
epoch 1	mini-batch 59	[ DISC	loss : 0.582523 ]	[ ADV	loss : 0.442635 ]
Generated sample: ['aaaaaaaaaaaaaaa', 'ggggggggggggggg', 'ggggggggggggggg', 'ggggggggggggggg', 'vvvvvvvvvvvvvvv'] 
epoch 1	mini-batch 69	[ DISC	loss : 0.615379 ]	[ ADV	loss : 0.438064 ]
Generated sample: ['aaaaaaaaaaaaaaa', 'vvvvvvvvvvvvvv', 'ggggggggggggggg', 'eeeeaaaaaaaaaaa', 'aaaaaaaaaaaaaaa'] 
epoch 1	mini-batch 79	[ DISC	loss : 0.562327 ]	[ ADV	loss : 0.449494 ]
Generated sample: ['jjjjjjjjjjjjjj-', 'aaaaaaaaaaaaaaa', 'vvvvvvvvvvvvvvv', 'aaaaaaaaaaaaaaa', 'aaaaaaaaaaaaaaa'] 
epoch 1	mini-batch 89	[ DISC	loss : 0.533398 ]	[ ADV	loss : 0.458874 ]
Generated sample: ['aaaaaaaaaaaaaae', 'aaaaaaaaaaaaaaa', 'aaaaaaaaaaaaaaa', 'ajjjjjjjjjjjjj', 'vvvvvvvvvvvvvvv'] 
epoch 1	mini-batch 99	[ DISC	loss : 0.552677 ]	[ ADV	loss : 0.506081 ]
Generated sample: ['ggggggggggggggg', 'eaaaaaaaaaaaaaa', 'eeeeeeeeeeeeees', 'aaaaaaaaaaaaaaa', 'eeeeeeeeeeeevve'] 
epoch 1	mini-batch 109	[ DISC	loss : 0.481704 ]	[ ADV	loss : 0.482162 ]
Generated sample: ['eeeeeeeeeeeeeee', 'aaaaaaaaaaaaaaa', 'ojjjjjjjjjjjjjj', 'vgggggggggggggv', 'ggggggggggggggg'] 
epoch 1	mini-batch 119	[ DISC	loss : 0.434402 ]	[ ADV	loss : 0.455695 ]
Generated sample: ['aaaaaaaaaaaaaaa', 'eeee444444444c', 'eeeeeeeeeeeeeee', '13333333333333f', 'vvvvvvvvvvvvvv'] 
epoch 1	mini-batch 129	[ DISC	loss : 0.491878 ]	[ ADV	loss : 0.325473 ]
Generated sample: ['eeeeeeeeeeeeeee', 'eeeeeeeeeeeeeee', 'eeeeaaaaaaaaaae', 'vvvvvvvvvvvvv', 'ggggggggggggggu'] 
epoch 1	mini-batch 139	[ DISC	loss : 0.418982 ]	[ ADV	loss : 0.199079 ]
Generated sample: ['aiiiiiiiiiiiiil', 'occwwwwwwgggggj', 'ggggggggggggggg', 'aaaaaaaaaaaaaa', 'ee'] 
epoch 1	mini-batch 149	[ DISC	loss : 0.573869 ]	[ ADV	loss : 0.217023 ]
Generated sample: ['', 'uuccccccccccccc', 'aaa', 'ggggggggggggggg', ''] 
epoch 1	mini-batch 159	[ DISC	loss : 0.594367 ]	[ ADV	loss : 0.130999 ]
Generated sample: ['vvvvvvvvvvvvvv', 'vgggggggggggggc', 'eeeeeeeeeee', 'iuuuuuuuuuuuuu', 'aaaaaaaaaaaaaaa'] 
epoch 1	mini-batch 169	[ DISC	loss : 0.391320 ]	[ ADV	loss : 0.079605 ]
Generated sample: ['avvvvvvvvvvvvv', 'ggggggggggggggu', 'aaaaa', 'vvvvvccccccccc-', ''] 
epoch 1	mini-batch 179	[ DISC	loss : 0.577101 ]	[ ADV	loss : 0.111923 ]
Generated sample: ['', 'vvvvvvvvvvvvvv', '', 'jjjjjjjjjjjjjjl', 'eellllllllllll-'] 
epoch 1	mini-batch 189	[ DISC	loss : 0.371547 ]	[ ADV	loss : 0.094160 ]
Generated sample: ['', 'occcccccccccccy', 'aaaaaaa', '', 'svvvvvvvvvvvvv'] 
epoch 1	mini-batch 199	[ DISC	loss : 0.286279 ]	[ ADV	loss : 0.165992 ]
Generated sample: ['', '', 'oj1111111111111', '', ''] 
epoch 1	mini-batch 209	[ DISC	loss : 0.619966 ]	[ ADV	loss : 0.149606 ]
Generated sample: ['vvvkkkkkkkkkkkc', 'ojjjjjjjjjjjjjj', '', 'aaaaaaaaaaaaaa', ''] 
Epoch is 2
Number of batches 216
epoch 2	mini-batch 9	[ DISC	loss : 0.728320 ]	[ ADV	loss : 0.152228 ]
Generated sample: ['', '', 'zgggggg', 'ooojjjjjjjjjjjo', 'vvvvvvvvvvvvvvc'] 
epoch 2	mini-batch 19	[ DISC	loss : 0.580286 ]	[ ADV	loss : 0.141574 ]
Generated sample: ['fvvfffffffffffk', '', '', 'i333ccccccccccj', 'ojj11111111111j'] 
epoch 2	mini-batch 29	[ DISC	loss : 0.500586 ]	[ ADV	loss : 0.154751 ]
Generated sample: ['gvvvvvvvvvvvvvv', 'uuuuuuu00000001', 'ggggggggggggggg', 'rjjjjjjjjjjjjjj', 'gjjj11111111111'] 
epoch 2	mini-batch 39	[ DISC	loss : 0.389938 ]	[ ADV	loss : 0.172352 ]
Generated sample: ['vvvvvvvvvvvvvvv', '', '', 'vvllllllllllllg', ''] 
epoch 2	mini-batch 49	[ DISC	loss : 0.442602 ]	[ ADV	loss : 0.221104 ]
Generated sample: ['', 'vvvvvvvvvvvvvvy', '', 'jjjvvvvvvvvvvvv', ''] 
epoch 2	mini-batch 59	[ DISC	loss : 0.550341 ]	[ ADV	loss : 0.276272 ]
Generated sample: ['vvvvvvvvvvvvv', 'vvvvvvvvvvv', '', 'lllllllllpppjjj', ''] 
epoch 2	mini-batch 69	[ DISC	loss : 0.418997 ]	[ ADV	loss : 0.220852 ]
Generated sample: ['ooooooooooooooo', '', 'guuuvvvvvvvvvv1', '', '99ppppppppppppb'] 
epoch 2	mini-batch 79	[ DISC	loss : 0.357431 ]	[ ADV	loss : 0.373901 ]
Generated sample: ['aaaaaaaaaaaa', 'gwwwwwwwwwuuuuv', 'jjjjjjjjjjjjjjj', 'jjjjjjjjjjjjjjo', 'kkkkkkkkkkkkkkk'] 
epoch 2	mini-batch 89	[ DISC	loss : 0.422112 ]	[ ADV	loss : 0.341344 ]
Generated sample: ['', 'aaaaaaaaaaaaaa', 'bbbbbbbbb', 'elllllllllllll-', 'jjjjjjjjjjjjjjg'] 
epoch 2	mini-batch 99	[ DISC	loss : 0.366766 ]	[ ADV	loss : 0.308728 ]
Generated sample: ['aaaaaaaaaaaaaan', 'kkkkkkkkkkkkkkc', '', '', 'aooooooooooooa'] 
epoch 2	mini-batch 109	[ DISC	loss : 0.423768 ]	[ ADV	loss : 0.285648 ]
Generated sample: ['', '', 'jjjjjjjjjjjjjjj', '', ''] 
epoch 2	mini-batch 119	[ DISC	loss : 0.455077 ]	[ ADV	loss : 0.336879 ]
Generated sample: ['', '', '', '', ''] 
epoch 2	mini-batch 129	[ DISC	loss : 0.287845 ]	[ ADV	loss : 0.343372 ]
Generated sample: ['', '', 'bbuccccccccccc-', 'nn-llllllllll-', 'aaaaaaaaaaa'] 
epoch 2	mini-batch 139	[ DISC	loss : 0.428067 ]	[ ADV	loss : 0.395745 ]
Generated sample: ['', '', 'fllllllllllllly', '', ''] 
epoch 2	mini-batch 149	[ DISC	loss : 0.434342 ]	[ ADV	loss : 0.393328 ]
Generated sample: ['oojjjjjjjjjjjj-', 'aaalllllllllll-', '', 'vvvvlllllllllli', 'bbbbbbbbbbbb'] 
epoch 2	mini-batch 159	[ DISC	loss : 0.444714 ]	[ ADV	loss : 0.468529 ]
Generated sample: ['', 'ggggggggggg', 'kvvvvvvvvvvvvv', '', 'aaallllllll'] 
epoch 2	mini-batch 169	[ DISC	loss : 0.350957 ]	[ ADV	loss : 0.494470 ]
Generated sample: ['', 'rroooo', 'ojjjjjjjjjjjjjj', 'vvvvvvvvvvvvv', 'mjlllljjjjjjjjj'] 
epoch 2	mini-batch 179	[ DISC	loss : 0.255384 ]	[ ADV	loss : 0.502982 ]
Generated sample: ['iiiiiiiiii', '', 'jjppppppppppppl', 'vjjjjjjjjjjjjjj', ''] 
epoch 2	mini-batch 189	[ DISC	loss : 0.322831 ]	[ ADV	loss : 0.434239 ]
Generated sample: ['oojjjjjjjjjjjj-', '', 'buccccccccccccc', 'eevvvvvvvvvvvva', 'aaaaabbkkkkk'] 
epoch 2	mini-batch 199	[ DISC	loss : 0.278460 ]	[ ADV	loss : 0.505885 ]
Generated sample: ['eeejjjjjjjjjjje', 'uuuuuuuv', 'vvvvvvvvvvvvv', 'ggjjjjjjjjjjjjg', 'dddddddaaaaa'] 
epoch 2	mini-batch 209	[ DISC	loss : 0.282983 ]	[ ADV	loss : 0.670060 ]
Generated sample: ['vvvv', 'akkkkkkkkkkk', '', 'eiiiccccccccc', ''] 
Epoch is 3
Number of batches 216
epoch 3	mini-batch 9	[ DISC	loss : 0.306755 ]	[ ADV	loss : 0.616238 ]
Generated sample: ['', '', '', 'a', ''] 
epoch 3	mini-batch 19	[ DISC	loss : 0.158945 ]	[ ADV	loss : 0.710361 ]
Generated sample: ['', '', 'aaaaaa', '', 'a11gggllllll'] 
epoch 3	mini-batch 29	[ DISC	loss : 0.226618 ]	[ ADV	loss : 0.714698 ]
Generated sample: ['', '', '', '11jjjjjjjjjjjjj', ''] 
epoch 3	mini-batch 39	[ DISC	loss : 0.259220 ]	[ ADV	loss : 0.797490 ]
Generated sample: ['a4444444444444g', 'ooojjjj111111r', 'ggggggggggggg', '', 'jjjjjjjjjjjjjjj'] 
epoch 3	mini-batch 49	[ DISC	loss : 0.224519 ]	[ ADV	loss : 0.652822 ]
Generated sample: ['pjjjjjjjjjjjjjj', 'lllllllllllllo', 'ljjjjjjjjjjjjjj', 'vfffffffffffffv', ''] 
epoch 3	mini-batch 59	[ DISC	loss : 0.297248 ]	[ ADV	loss : 0.809158 ]
Generated sample: ['illllllllllllll', '', 'ssssssssssss', 'tjjjjjjjjjjjjjj', 'vvvvvvvvvvvvvv'] 
epoch 3	mini-batch 69	[ DISC	loss : 0.362842 ]	[ ADV	loss : 0.299647 ]
Generated sample: ['gggggvvvvvvvvvr', 'i', 'nnnnnnnnnnnnnni', '', ''] 
epoch 3	mini-batch 79	[ DISC	loss : 0.362864 ]	[ ADV	loss : 0.343255 ]
Generated sample: ['', 'iiiiiii', 'noooooooooooo', '', 'oo11111111111'] 
epoch 3	mini-batch 89	[ DISC	loss : 0.428513 ]	[ ADV	loss : 0.103751 ]
Generated sample: ['noojjjjjjjjjjjo', '', 'jjjjjjjjjj', 'jjjjjjjjjjjjjjr', 'djjjjjjjjjjjjj'] 
epoch 3	mini-batch 99	[ DISC	loss : 0.509411 ]	[ ADV	loss : 0.035524 ]
Generated sample: ['issskkkkkkkkkks', '', 'n', '', 'ssskkkkkkkkkkk'] 
epoch 3	mini-batch 109	[ DISC	loss : 0.379171 ]	[ ADV	loss : 0.088048 ]
Generated sample: ['99999999999999v', 'vvvvvvvvvv', 'noooooooooooooo', 'd999999999999', ''] 
epoch 3	mini-batch 119	[ DISC	loss : 0.355843 ]	[ ADV	loss : 0.012569 ]
Generated sample: ['oo999999999999o', '', 'rgg11111111111', '', ''] 
epoch 3	mini-batch 129	[ DISC	loss : 0.238412 ]	[ ADV	loss : 0.069114 ]
Generated sample: ['nnnnnnnn', '', '', 'v1111111111111c', ''] 
epoch 3	mini-batch 139	[ DISC	loss : 0.659726 ]	[ ADV	loss : 0.220987 ]
Generated sample: ['nnnnnnnnnnnnnnn', 'eeeeeee', 'nnnnoooooooooon', '', 'jjjjjjjjjjjjjj'] 
epoch 3	mini-batch 149	[ DISC	loss : 1.070635 ]	[ ADV	loss : 0.129067 ]
Generated sample: ['nnnnnnnnnnnnnnn', 'nnnnnnnnnnnnnnn', 'nnnnnnnnnnnnnnn', 'nnnnnnnnnnnn', ''] 
epoch 3	mini-batch 159	[ DISC	loss : 0.397836 ]	[ ADV	loss : 0.041553 ]
